[2025-08-22 16:57:40] New Training (k3a2): Snapshot-Selfplay DQN
[2025-08-22 16:57:40] Deck_Size: 64
[2025-08-22 16:57:40] Episodes: 10000
[2025-08-22 16:57:40] Path: /home/wasterix/OpenSpiel/open_spiel/President/models/k3a2/model_10
[2025-08-22 16:58:51] 
[2025-08-22 16:58:52] Benchmark @train_ep     500 (bench_eps: 2000)
[2025-08-22 16:58:52] Macro Winrate          :   5.0%
[2025-08-22 16:58:52] Macro Ø-Reward         :  0.729
[2025-08-22 16:58:52] Winrate vs max_combo   :   1.0% | Σ-Reward:  782.0 | Ø-Reward:  0.391 | Places: [20 (0.01), 113 (0.06), 496 (0.25), 1371 (0.69)]
[2025-08-22 16:58:52] Winrate vs random2     :   9.3% | Σ-Reward:  2077.0 | Ø-Reward:  1.038 | Places: [187 (0.09), 449 (0.22), 618 (0.31), 746 (0.37)]
[2025-08-22 16:58:52] Winrate vs single_only :   4.7% | Σ-Reward:  1515.0 | Ø-Reward:  0.757 | Places: [93 (0.05), 261 (0.13), 714 (0.36), 932 (0.47)]
[2025-08-22 16:58:53] Timing @ep 500: episode 39.1s | train 0.000s | eval 37.3s | plot 1.7s | save 0.005s | cum 0.02h
[2025-08-22 17:00:05] 
[2025-08-22 17:00:05] Benchmark @train_ep    1000 (bench_eps: 2000)
[2025-08-22 17:00:05] Macro Winrate          :  26.7%
[2025-08-22 17:00:05] Macro Ø-Reward         :  1.341
[2025-08-22 17:00:05] Winrate vs max_combo   :   8.1% | Σ-Reward:  1354.0 | Ø-Reward:  0.677 | Places: [162 (0.08), 214 (0.11), 440 (0.22), 1184 (0.59)]
[2025-08-22 17:00:05] Winrate vs random2     :  27.1% | Σ-Reward:  3059.0 | Ø-Reward:  1.530 | Places: [543 (0.27), 490 (0.24), 450 (0.23), 517 (0.26)]
[2025-08-22 17:00:05] Winrate vs single_only :  45.0% | Σ-Reward:  3634.0 | Ø-Reward:  1.817 | Places: [899 (0.45), 265 (0.13), 407 (0.20), 429 (0.21)]
[2025-08-22 17:00:06] Timing @ep 1000: episode 31.9s | train 0.000s | eval 30.1s | plot 1.7s | save 0.001s | cum 0.04h
[2025-08-22 17:01:11] 
[2025-08-22 17:01:11] Benchmark @train_ep    1500 (bench_eps: 2000)
[2025-08-22 17:01:11] Macro Winrate          :  36.7%
[2025-08-22 17:01:11] Macro Ø-Reward         :  1.799
[2025-08-22 17:01:11] Winrate vs max_combo   :  18.8% | Σ-Reward:  2354.0 | Ø-Reward:  1.177 | Places: [376 (0.19), 380 (0.19), 466 (0.23), 778 (0.39)]
[2025-08-22 17:01:11] Winrate vs random2     :  49.2% | Σ-Reward:  4301.0 | Ø-Reward:  2.151 | Places: [985 (0.49), 527 (0.26), 292 (0.15), 196 (0.10)]
[2025-08-22 17:01:11] Winrate vs single_only :  42.1% | Σ-Reward:  4141.0 | Ø-Reward:  2.071 | Places: [843 (0.42), 628 (0.31), 356 (0.18), 173 (0.09)]
[2025-08-22 17:01:13] Timing @ep 1500: episode 29.6s | train 0.000s | eval 27.9s | plot 1.6s | save 0.002s | cum 0.06h
[2025-08-22 17:02:17] 
[2025-08-22 17:02:17] Benchmark @train_ep    2000 (bench_eps: 2000)
[2025-08-22 17:02:17] Macro Winrate          :  42.4%
[2025-08-22 17:02:17] Macro Ø-Reward         :  1.901
[2025-08-22 17:02:17] Winrate vs max_combo   :  21.9% | Σ-Reward:  2559.0 | Ø-Reward:  1.280 | Places: [439 (0.22), 395 (0.20), 452 (0.23), 714 (0.36)]
[2025-08-22 17:02:17] Winrate vs random2     :  55.3% | Σ-Reward:  4550.0 | Ø-Reward:  2.275 | Places: [1106 (0.55), 501 (0.25), 230 (0.12), 163 (0.08)]
[2025-08-22 17:02:17] Winrate vs single_only :  50.0% | Σ-Reward:  4295.0 | Ø-Reward:  2.147 | Places: [1001 (0.50), 502 (0.25), 288 (0.14), 209 (0.10)]
[2025-08-22 17:02:19] Timing @ep 2000: episode 29.4s | train 0.000s | eval 27.6s | plot 1.8s | save 0.001s | cum 0.08h
[2025-08-22 17:03:23] 
[2025-08-22 17:03:23] Benchmark @train_ep    2500 (bench_eps: 2000)
[2025-08-22 17:03:23] Macro Winrate          :  43.2%
[2025-08-22 17:03:23] Macro Ø-Reward         :  1.953
[2025-08-22 17:03:23] Winrate vs max_combo   :  25.1% | Σ-Reward:  2909.0 | Ø-Reward:  1.454 | Places: [501 (0.25), 460 (0.23), 486 (0.24), 553 (0.28)]
[2025-08-22 17:03:23] Winrate vs random2     :  57.9% | Σ-Reward:  4616.0 | Ø-Reward:  2.308 | Places: [1158 (0.58), 455 (0.23), 232 (0.12), 155 (0.08)]
[2025-08-22 17:03:23] Winrate vs single_only :  46.8% | Σ-Reward:  4193.0 | Ø-Reward:  2.096 | Places: [936 (0.47), 522 (0.26), 341 (0.17), 201 (0.10)]
[2025-08-22 17:03:25] Timing @ep 2500: episode 28.8s | train 0.000s | eval 26.9s | plot 1.8s | save 0.002s | cum 0.10h
[2025-08-22 17:04:30] 
[2025-08-22 17:04:30] Benchmark @train_ep    3000 (bench_eps: 2000)
[2025-08-22 17:04:30] Macro Winrate          :  44.7%
[2025-08-22 17:04:30] Macro Ø-Reward         :  2.019
[2025-08-22 17:04:30] Winrate vs max_combo   :  25.8% | Σ-Reward:  3117.0 | Ø-Reward:  1.558 | Places: [515 (0.26), 534 (0.27), 504 (0.25), 447 (0.22)]
[2025-08-22 17:04:30] Winrate vs random2     :  61.8% | Σ-Reward:  4836.0 | Ø-Reward:  2.418 | Places: [1235 (0.62), 469 (0.23), 193 (0.10), 103 (0.05)]
[2025-08-22 17:04:30] Winrate vs single_only :  46.5% | Σ-Reward:  4161.0 | Ø-Reward:  2.080 | Places: [931 (0.47), 522 (0.26), 324 (0.16), 223 (0.11)]
[2025-08-22 17:04:32] Timing @ep 3000: episode 28.6s | train 0.000s | eval 26.8s | plot 1.7s | save 0.001s | cum 0.11h
[2025-08-22 17:05:37] 
[2025-08-22 17:05:37] Benchmark @train_ep    3500 (bench_eps: 2000)
[2025-08-22 17:05:37] Macro Winrate          :  49.8%
[2025-08-22 17:05:37] Macro Ø-Reward         :  2.115
[2025-08-22 17:05:37] Winrate vs max_combo   :  28.3% | Σ-Reward:  3095.0 | Ø-Reward:  1.548 | Places: [566 (0.28), 461 (0.23), 475 (0.24), 498 (0.25)]
[2025-08-22 17:05:37] Winrate vs random2     :  67.7% | Σ-Reward:  5100.0 | Ø-Reward:  2.550 | Places: [1353 (0.68), 459 (0.23), 123 (0.06), 65 (0.03)]
[2025-08-22 17:05:37] Winrate vs single_only :  53.3% | Σ-Reward:  4494.0 | Ø-Reward:  2.247 | Places: [1066 (0.53), 501 (0.25), 294 (0.15), 139 (0.07)]
[2025-08-22 17:05:39] Timing @ep 3500: episode 27.5s | train 0.000s | eval 25.7s | plot 1.7s | save 0.002s | cum 0.13h
[2025-08-22 17:06:50] 
[2025-08-22 17:06:50] Benchmark @train_ep    4000 (bench_eps: 2000)
[2025-08-22 17:06:50] Macro Winrate          :  46.7%
[2025-08-22 17:06:50] Macro Ø-Reward         :  2.062
[2025-08-22 17:06:50] Winrate vs max_combo   :  26.8% | Σ-Reward:  3116.0 | Ø-Reward:  1.558 | Places: [535 (0.27), 527 (0.26), 457 (0.23), 481 (0.24)]
[2025-08-22 17:06:50] Winrate vs random2     :  65.7% | Σ-Reward:  5006.0 | Ø-Reward:  2.503 | Places: [1314 (0.66), 447 (0.22), 170 (0.09), 69 (0.03)]
[2025-08-22 17:06:50] Winrate vs single_only :  47.5% | Σ-Reward:  4247.0 | Ø-Reward:  2.123 | Places: [951 (0.48), 536 (0.27), 322 (0.16), 191 (0.10)]
[2025-08-22 17:06:52] Timing @ep 4000: episode 29.7s | train 0.000s | eval 27.8s | plot 1.8s | save 0.001s | cum 0.15h
[2025-08-22 17:08:02] 
[2025-08-22 17:08:02] Benchmark @train_ep    4500 (bench_eps: 2000)
[2025-08-22 17:08:02] Macro Winrate          :  57.5%
[2025-08-22 17:08:02] Macro Ø-Reward         :  2.268
[2025-08-22 17:08:02] Winrate vs max_combo   :  27.8% | Σ-Reward:  3200.0 | Ø-Reward:  1.600 | Places: [556 (0.28), 530 (0.27), 472 (0.24), 442 (0.22)]
[2025-08-22 17:08:02] Winrate vs random2     :  70.2% | Σ-Reward:  5170.0 | Ø-Reward:  2.585 | Places: [1404 (0.70), 408 (0.20), 142 (0.07), 46 (0.02)]
[2025-08-22 17:08:02] Winrate vs single_only :  74.5% | Σ-Reward:  5235.0 | Ø-Reward:  2.618 | Places: [1490 (0.74), 311 (0.16), 143 (0.07), 56 (0.03)]
[2025-08-22 17:08:04] Timing @ep 4500: episode 28.7s | train 0.000s | eval 26.6s | plot 2.0s | save 0.001s | cum 0.17h
[2025-08-22 17:09:13] 
[2025-08-22 17:09:13] Benchmark @train_ep    5000 (bench_eps: 2000)
[2025-08-22 17:09:13] Macro Winrate          :  61.6%
[2025-08-22 17:09:13] Macro Ø-Reward         :  2.331
[2025-08-22 17:09:13] Winrate vs max_combo   :  30.4% | Σ-Reward:  3278.0 | Ø-Reward:  1.639 | Places: [607 (0.30), 507 (0.25), 443 (0.22), 443 (0.22)]
[2025-08-22 17:09:13] Winrate vs random2     :  75.2% | Σ-Reward:  5348.0 | Ø-Reward:  2.674 | Places: [1504 (0.75), 370 (0.18), 96 (0.05), 30 (0.01)]
[2025-08-22 17:09:13] Winrate vs single_only :  79.2% | Σ-Reward:  5362.0 | Ø-Reward:  2.681 | Places: [1584 (0.79), 251 (0.13), 108 (0.05), 57 (0.03)]
[2025-08-22 17:09:14] Timing @ep 5000: episode 28.2s | train 0.000s | eval 26.2s | plot 1.9s | save 0.001s | cum 0.19h
[2025-08-22 17:10:25] 
[2025-08-22 17:10:25] Benchmark @train_ep    5500 (bench_eps: 2000)
[2025-08-22 17:10:25] Macro Winrate          :  53.7%
[2025-08-22 17:10:25] Macro Ø-Reward         :  2.196
[2025-08-22 17:10:25] Winrate vs max_combo   :  26.6% | Σ-Reward:  3097.0 | Ø-Reward:  1.548 | Places: [532 (0.27), 528 (0.26), 445 (0.22), 495 (0.25)]
[2025-08-22 17:10:25] Winrate vs random2     :  69.0% | Σ-Reward:  5169.0 | Ø-Reward:  2.584 | Places: [1379 (0.69), 456 (0.23), 120 (0.06), 45 (0.02)]
[2025-08-22 17:10:25] Winrate vs single_only :  65.5% | Σ-Reward:  4912.0 | Ø-Reward:  2.456 | Places: [1311 (0.66), 393 (0.20), 193 (0.10), 103 (0.05)]
[2025-08-22 17:10:27] Timing @ep 5500: episode 28.7s | train 0.000s | eval 26.6s | plot 2.1s | save 0.001s | cum 0.21h
[2025-08-22 17:11:38] 
[2025-08-22 17:11:38] Benchmark @train_ep    6000 (bench_eps: 2000)
[2025-08-22 17:11:38] Macro Winrate          :  58.1%
[2025-08-22 17:11:38] Macro Ø-Reward         :  2.310
[2025-08-22 17:11:38] Winrate vs max_combo   :  32.5% | Σ-Reward:  3476.0 | Ø-Reward:  1.738 | Places: [651 (0.33), 554 (0.28), 415 (0.21), 380 (0.19)]
[2025-08-22 17:11:38] Winrate vs random2     :  72.8% | Σ-Reward:  5293.0 | Ø-Reward:  2.647 | Places: [1455 (0.73), 416 (0.21), 96 (0.05), 33 (0.02)]
[2025-08-22 17:11:38] Winrate vs single_only :  69.0% | Σ-Reward:  5091.0 | Ø-Reward:  2.546 | Places: [1379 (0.69), 400 (0.20), 154 (0.08), 67 (0.03)]
[2025-08-22 17:11:40] Timing @ep 6000: episode 27.7s | train 0.000s | eval 25.6s | plot 2.1s | save 0.001s | cum 0.23h
[2025-08-22 17:12:56] 
[2025-08-22 17:12:56] Benchmark @train_ep    6500 (bench_eps: 2000)
[2025-08-22 17:12:56] Macro Winrate          :  58.2%
[2025-08-22 17:12:56] Macro Ø-Reward         :  2.312
[2025-08-22 17:12:56] Winrate vs max_combo   :  29.6% | Σ-Reward:  3342.0 | Ø-Reward:  1.671 | Places: [593 (0.30), 553 (0.28), 457 (0.23), 397 (0.20)]
[2025-08-22 17:12:56] Winrate vs random2     :  74.3% | Σ-Reward:  5352.0 | Ø-Reward:  2.676 | Places: [1486 (0.74), 397 (0.20), 100 (0.05), 17 (0.01)]
[2025-08-22 17:12:56] Winrate vs single_only :  70.8% | Σ-Reward:  5177.0 | Ø-Reward:  2.588 | Places: [1416 (0.71), 385 (0.19), 159 (0.08), 40 (0.02)]
[2025-08-22 17:12:59] Timing @ep 6500: episode 33.1s | train 0.000s | eval 30.7s | plot 2.3s | save 0.001s | cum 0.25h
[2025-08-22 17:14:12] 
[2025-08-22 17:14:12] Benchmark @train_ep    7000 (bench_eps: 2000)
[2025-08-22 17:14:12] Macro Winrate          :  59.1%
[2025-08-22 17:14:12] Macro Ø-Reward         :  2.345
[2025-08-22 17:14:12] Winrate vs max_combo   :  36.6% | Σ-Reward:  3711.0 | Ø-Reward:  1.855 | Places: [732 (0.37), 547 (0.27), 421 (0.21), 300 (0.15)]
[2025-08-22 17:14:12] Winrate vs random2     :  75.5% | Σ-Reward:  5383.0 | Ø-Reward:  2.692 | Places: [1510 (0.76), 385 (0.19), 83 (0.04), 22 (0.01)]
[2025-08-22 17:14:12] Winrate vs single_only :  65.0% | Σ-Reward:  4976.0 | Ø-Reward:  2.488 | Places: [1301 (0.65), 436 (0.22), 201 (0.10), 62 (0.03)]
[2025-08-22 17:14:14] Timing @ep 7000: episode 30.1s | train 0.000s | eval 27.9s | plot 2.1s | save 0.003s | cum 0.28h
[2025-08-22 17:15:27] 
[2025-08-22 17:15:27] Benchmark @train_ep    7500 (bench_eps: 2000)
[2025-08-22 17:15:27] Macro Winrate          :  62.1%
[2025-08-22 17:15:27] Macro Ø-Reward         :  2.389
[2025-08-22 17:15:27] Winrate vs max_combo   :  34.5% | Σ-Reward:  3647.0 | Ø-Reward:  1.823 | Places: [690 (0.34), 570 (0.28), 437 (0.22), 303 (0.15)]
[2025-08-22 17:15:27] Winrate vs random2     :  78.3% | Σ-Reward:  5459.0 | Ø-Reward:  2.729 | Places: [1567 (0.78), 340 (0.17), 78 (0.04), 15 (0.01)]
[2025-08-22 17:15:27] Winrate vs single_only :  73.5% | Σ-Reward:  5231.0 | Ø-Reward:  2.615 | Places: [1470 (0.73), 343 (0.17), 135 (0.07), 52 (0.03)]
[2025-08-22 17:15:29] Timing @ep 7500: episode 27.6s | train 0.000s | eval 25.3s | plot 2.2s | save 0.001s | cum 0.30h
[2025-08-22 17:16:43] 
[2025-08-22 17:16:43] Benchmark @train_ep    8000 (bench_eps: 2000)
[2025-08-22 17:16:43] Macro Winrate          :  66.8%
[2025-08-22 17:16:43] Macro Ø-Reward         :  2.471
[2025-08-22 17:16:43] Winrate vs max_combo   :  39.5% | Σ-Reward:  3882.0 | Ø-Reward:  1.941 | Places: [791 (0.40), 561 (0.28), 387 (0.19), 261 (0.13)]
[2025-08-22 17:16:43] Winrate vs random2     :  79.9% | Σ-Reward:  5490.0 | Ø-Reward:  2.745 | Places: [1598 (0.80), 311 (0.16), 74 (0.04), 17 (0.01)]
[2025-08-22 17:16:43] Winrate vs single_only :  81.0% | Σ-Reward:  5452.0 | Ø-Reward:  2.726 | Places: [1619 (0.81), 250 (0.12), 95 (0.05), 36 (0.02)]
[2025-08-22 17:16:46] Timing @ep 8000: episode 26.3s | train 0.000s | eval 23.9s | plot 2.3s | save 0.002s | cum 0.32h
[2025-08-22 17:18:01] 
[2025-08-22 17:18:01] Benchmark @train_ep    8500 (bench_eps: 2000)
[2025-08-22 17:18:01] Macro Winrate          :  67.9%
[2025-08-22 17:18:01] Macro Ø-Reward         :  2.494
[2025-08-22 17:18:01] Winrate vs max_combo   :  41.0% | Σ-Reward:  3953.0 | Ø-Reward:  1.976 | Places: [821 (0.41), 560 (0.28), 370 (0.18), 249 (0.12)]
[2025-08-22 17:18:01] Winrate vs random2     :  78.7% | Σ-Reward:  5469.0 | Ø-Reward:  2.735 | Places: [1574 (0.79), 334 (0.17), 79 (0.04), 13 (0.01)]
[2025-08-22 17:18:01] Winrate vs single_only :  83.8% | Σ-Reward:  5540.0 | Ø-Reward:  2.770 | Places: [1676 (0.84), 219 (0.11), 74 (0.04), 31 (0.02)]
[2025-08-22 17:18:03] Timing @ep 8500: episode 26.6s | train 0.000s | eval 24.5s | plot 2.1s | save 0.001s | cum 0.34h
[2025-08-22 17:19:14] 
[2025-08-22 17:19:14] Benchmark @train_ep    9000 (bench_eps: 2000)
[2025-08-22 17:19:14] Macro Winrate          :  68.3%
[2025-08-22 17:19:14] Macro Ø-Reward         :  2.517
[2025-08-22 17:19:14] Winrate vs max_combo   :  40.6% | Σ-Reward:  3999.0 | Ø-Reward:  2.000 | Places: [812 (0.41), 584 (0.29), 395 (0.20), 209 (0.10)]
[2025-08-22 17:19:14] Winrate vs random2     :  80.8% | Σ-Reward:  5539.0 | Ø-Reward:  2.769 | Places: [1615 (0.81), 317 (0.16), 60 (0.03), 8 (0.00)]
[2025-08-22 17:19:14] Winrate vs single_only :  83.5% | Σ-Reward:  5561.0 | Ø-Reward:  2.780 | Places: [1669 (0.83), 250 (0.12), 54 (0.03), 27 (0.01)]
[2025-08-22 17:19:16] Timing @ep 9000: episode 24.4s | train 0.000s | eval 22.3s | plot 2.0s | save 0.001s | cum 0.36h
[2025-08-22 17:20:31] 
[2025-08-22 17:20:31] Benchmark @train_ep    9500 (bench_eps: 2000)
[2025-08-22 17:20:31] Macro Winrate          :  67.4%
[2025-08-22 17:20:31] Macro Ø-Reward         :  2.501
[2025-08-22 17:20:31] Winrate vs max_combo   :  41.0% | Σ-Reward:  4011.0 | Ø-Reward:  2.006 | Places: [819 (0.41), 596 (0.30), 362 (0.18), 223 (0.11)]
[2025-08-22 17:20:31] Winrate vs random2     :  81.5% | Σ-Reward:  5543.0 | Ø-Reward:  2.772 | Places: [1631 (0.82), 294 (0.15), 62 (0.03), 13 (0.01)]
[2025-08-22 17:20:31] Winrate vs single_only :  79.8% | Σ-Reward:  5454.0 | Ø-Reward:  2.727 | Places: [1595 (0.80), 291 (0.15), 87 (0.04), 27 (0.01)]
[2025-08-22 17:20:33] Timing @ep 9500: episode 26.8s | train 0.000s | eval 24.6s | plot 2.1s | save 0.001s | cum 0.38h
[2025-08-22 17:21:49] 
[2025-08-22 17:21:49] Benchmark @train_ep   10000 (bench_eps: 2000)
[2025-08-22 17:21:49] Macro Winrate          :  69.6%
[2025-08-22 17:21:49] Macro Ø-Reward         :  2.525
[2025-08-22 17:21:49] Winrate vs max_combo   :  41.7% | Σ-Reward:  4007.0 | Ø-Reward:  2.003 | Places: [834 (0.42), 574 (0.29), 357 (0.18), 235 (0.12)]
[2025-08-22 17:21:49] Winrate vs random2     :  83.4% | Σ-Reward:  5585.0 | Ø-Reward:  2.792 | Places: [1668 (0.83), 261 (0.13), 59 (0.03), 12 (0.01)]
[2025-08-22 17:21:49] Winrate vs single_only :  83.7% | Σ-Reward:  5560.0 | Ø-Reward:  2.780 | Places: [1674 (0.84), 239 (0.12), 60 (0.03), 27 (0.01)]
[2025-08-22 17:21:51] Timing @ep 10000: episode 26.9s | train 0.000s | eval 24.5s | plot 2.2s | save 0.001s | cum 0.40h
[2025-08-22 17:21:51] 
[2025-08-22 17:21:51] Gesamtzeit: 0.40h (~ 6.90 eps/s)
[2025-08-22 17:21:51] K3 (Snapshot-Selfplay, DQN) Training abgeschlossen.
