[2025-08-19 13:36:08] New Training
[2025-08-19 13:36:08] Deck_Size: 64
[2025-08-19 13:36:08] Episodes: 10
[2025-08-19 13:36:08] Path: /home/wasterix/OpenSpiel/open_spiel/President/models/k1a1/model_43
[2025-08-19 13:36:52] 
[2025-08-19 13:36:52] Benchmark       2 episodes
[2025-08-19 13:36:52] Macro Average          :  15.0%
[2025-08-19 13:36:52] Winrate vs max_combo   :   3.5%
[2025-08-19 13:36:52] Winrate vs random2     :  24.2%
[2025-08-19 13:36:52] Winrate vs single_only :  17.4%
[2025-08-19 13:36:54] Timing @ep 2: episode 45.1s | train 0.003s | eval 43.3s | plot 1.8s | save 0.002s | cum 0.01h
[2025-08-19 13:37:37] 
[2025-08-19 13:37:37] Benchmark       4 episodes
[2025-08-19 13:37:37] Macro Average          :  15.1%
[2025-08-19 13:37:37] Winrate vs max_combo   :   3.4%
[2025-08-19 13:37:37] Winrate vs random2     :  23.7%
[2025-08-19 13:37:37] Winrate vs single_only :  18.1%
[2025-08-19 13:37:39] Timing @ep 4: episode 44.9s | train 0.003s | eval 42.9s | plot 2.0s | save 0.001s | cum 0.03h
[2025-08-19 13:38:23] 
[2025-08-19 13:38:23] Benchmark       6 episodes
[2025-08-19 13:38:23] Macro Average          :  15.6%
[2025-08-19 13:38:23] Winrate vs max_combo   :   3.8%
[2025-08-19 13:38:23] Winrate vs random2     :  26.0%
[2025-08-19 13:38:23] Winrate vs single_only :  17.1%
[2025-08-19 13:38:25] Timing @ep 6: episode 45.8s | train 0.003s | eval 44.0s | plot 1.8s | save 0.001s | cum 0.04h
[2025-08-19 13:39:08] 
[2025-08-19 13:39:08] Benchmark       8 episodes
[2025-08-19 13:39:08] Macro Average          :  15.1%
[2025-08-19 13:39:08] Winrate vs max_combo   :   3.4%
[2025-08-19 13:39:08] Winrate vs random2     :  24.1%
[2025-08-19 13:39:08] Winrate vs single_only :  17.9%
[2025-08-19 13:39:10] Timing @ep 8: episode 45.2s | train 0.003s | eval 43.4s | plot 1.8s | save 0.001s | cum 0.05h
[2025-08-19 13:39:52] 
[2025-08-19 13:39:52] Benchmark      10 episodes
[2025-08-19 13:39:52] Macro Average          :  15.8%
[2025-08-19 13:39:52] Winrate vs max_combo   :   4.0%
[2025-08-19 13:39:52] Winrate vs random2     :  25.4%
[2025-08-19 13:39:52] Winrate vs single_only :  18.1%
[2025-08-19 13:39:54] Timing @ep 10: episode 44.3s | train 0.002s | eval 42.5s | plot 1.8s | save 0.001s | cum 0.06h
[2025-08-19 13:39:54] 
[2025-08-19 13:39:54] Gesamtzeit: 0.06h (~ 0.04 eps/s)
[2025-08-19 13:39:54] K1 Training abgeschlossen.
