[2025-09-26 08:53:23] New Training (k4a2): Shared-Policy DQN — In-Proc External Trainer (Bundle-Updates)
[2025-09-26 08:53:23] Deck_Size: 64
[2025-09-26 08:53:23] Episodes: 100000
[2025-09-26 08:53:23] Path: /home/wasterix/OpenSpiel/open_spiel/President/models/k4a2/model_62
[2025-09-26 08:56:12] 
[2025-09-26 08:56:12] Benchmark @train_ep    5000 (bench_eps: 2000)
[2025-09-26 08:56:12] Macro Winrate          :   2.9%
[2025-09-26 08:56:12] Macro Ø-Reward         :  0.519
[2025-09-26 08:56:12] Winrate vs max_combo   :   0.2% | Σ-Reward:  528.0 | Ø-Reward:  0.264 | Places: [4 (0.00), 63 (0.03), 390 (0.20), 1543 (0.77)]
[2025-09-26 08:56:12] Winrate vs random2     :   1.4% | Σ-Reward:  1125.0 | Ø-Reward:  0.562 | Places: [28 (0.01), 210 (0.10), 621 (0.31), 1141 (0.57)]
[2025-09-26 08:56:12] Winrate vs single_only :   7.2% | Σ-Reward:  1463.0 | Ø-Reward:  0.732 | Places: [143 (0.07), 215 (0.11), 604 (0.30), 1038 (0.52)]
[2025-09-26 08:56:16] Timing @ep 5000: episode 54.7s | train 0.315s | eval 51.2s | plot 3.2s | save 0.007s | cum 0.05h
[2025-09-26 08:59:04] 
[2025-09-26 08:59:04] Benchmark @train_ep   10000 (bench_eps: 2000)
[2025-09-26 08:59:04] Macro Winrate          :  27.3%
[2025-09-26 08:59:04] Macro Ø-Reward         :  1.350
[2025-09-26 08:59:04] Winrate vs max_combo   :  11.1% | Σ-Reward:  1422.0 | Ø-Reward:  0.711 | Places: [221 (0.11), 196 (0.10), 367 (0.18), 1216 (0.61)]
[2025-09-26 08:59:04] Winrate vs random2     :  39.4% | Σ-Reward:  3524.0 | Ø-Reward:  1.762 | Places: [787 (0.39), 402 (0.20), 359 (0.18), 452 (0.23)]
[2025-09-26 08:59:04] Winrate vs single_only :  31.4% | Σ-Reward:  3153.0 | Ø-Reward:  1.577 | Places: [629 (0.31), 439 (0.22), 388 (0.19), 544 (0.27)]
[2025-09-26 08:59:07] Timing @ep 10000: episode 43.8s | train 0.189s | eval 40.6s | plot 2.9s | save 0.002s | cum 0.10h
[2025-09-26 09:01:37] 
[2025-09-26 09:01:37] Benchmark @train_ep   15000 (bench_eps: 2000)
[2025-09-26 09:01:37] Macro Winrate          :  42.0%
[2025-09-26 09:01:37] Macro Ø-Reward         :  1.731
[2025-09-26 09:01:37] Winrate vs max_combo   :  18.1% | Σ-Reward:  1972.0 | Ø-Reward:  0.986 | Places: [363 (0.18), 223 (0.11), 437 (0.22), 977 (0.49)]
[2025-09-26 09:01:37] Winrate vs random2     :  55.5% | Σ-Reward:  4316.0 | Ø-Reward:  2.158 | Places: [1110 (0.56), 311 (0.16), 364 (0.18), 215 (0.11)]
[2025-09-26 09:01:37] Winrate vs single_only :  52.4% | Σ-Reward:  4098.0 | Ø-Reward:  2.049 | Places: [1047 (0.52), 266 (0.13), 425 (0.21), 262 (0.13)]
[2025-09-26 09:01:40] Timing @ep 15000: episode 41.2s | train 0.177s | eval 37.7s | plot 3.2s | save 0.002s | cum 0.14h
[2025-09-26 09:04:22] 
[2025-09-26 09:04:22] Benchmark @train_ep   20000 (bench_eps: 2000)
[2025-09-26 09:04:22] Macro Winrate          :  43.6%
[2025-09-26 09:04:22] Macro Ø-Reward         :  1.665
[2025-09-26 09:04:22] Winrate vs max_combo   :  25.1% | Σ-Reward:  2180.0 | Ø-Reward:  1.090 | Places: [503 (0.25), 167 (0.08), 337 (0.17), 993 (0.50)]
[2025-09-26 09:04:22] Winrate vs random2     :  54.3% | Σ-Reward:  4014.0 | Ø-Reward:  2.007 | Places: [1086 (0.54), 254 (0.13), 248 (0.12), 412 (0.21)]
[2025-09-26 09:04:22] Winrate vs single_only :  51.5% | Σ-Reward:  3797.0 | Ø-Reward:  1.899 | Places: [1030 (0.52), 190 (0.10), 327 (0.16), 453 (0.23)]
[2025-09-26 09:04:26] Timing @ep 20000: episode 45.0s | train 0.238s | eval 40.7s | plot 4.0s | save 0.002s | cum 0.18h
[2025-09-26 09:07:02] 
[2025-09-26 09:07:02] Benchmark @train_ep   25000 (bench_eps: 2000)
[2025-09-26 09:07:02] Macro Winrate          :  44.6%
[2025-09-26 09:07:02] Macro Ø-Reward         :  1.649
[2025-09-26 09:07:02] Winrate vs max_combo   :  27.3% | Σ-Reward:  2355.0 | Ø-Reward:  1.177 | Places: [546 (0.27), 211 (0.11), 295 (0.15), 948 (0.47)]
[2025-09-26 09:07:02] Winrate vs random2     :  58.9% | Σ-Reward:  4266.0 | Ø-Reward:  2.133 | Places: [1177 (0.59), 247 (0.12), 241 (0.12), 335 (0.17)]
[2025-09-26 09:07:02] Winrate vs single_only :  47.8% | Σ-Reward:  3271.0 | Ø-Reward:  1.635 | Places: [956 (0.48), 142 (0.07), 119 (0.06), 783 (0.39)]
[2025-09-26 09:07:07] Timing @ep 25000: episode 42.8s | train 0.272s | eval 37.6s | plot 4.9s | save 0.003s | cum 0.23h
[2025-09-26 09:09:40] 
[2025-09-26 09:09:40] Benchmark @train_ep   30000 (bench_eps: 2000)
[2025-09-26 09:09:40] Macro Winrate          :  64.6%
[2025-09-26 09:09:40] Macro Ø-Reward         :  2.134
[2025-09-26 09:09:40] Winrate vs max_combo   :  39.6% | Σ-Reward:  2947.0 | Ø-Reward:  1.474 | Places: [792 (0.40), 164 (0.08), 243 (0.12), 801 (0.40)]
[2025-09-26 09:09:40] Winrate vs random2     :  74.2% | Σ-Reward:  4857.0 | Ø-Reward:  2.429 | Places: [1485 (0.74), 141 (0.07), 120 (0.06), 254 (0.13)]
[2025-09-26 09:09:40] Winrate vs single_only :  79.9% | Σ-Reward:  5002.0 | Ø-Reward:  2.501 | Places: [1598 (0.80), 68 (0.03), 72 (0.04), 262 (0.13)]
[2025-09-26 09:09:45] Timing @ep 30000: episode 40.5s | train 0.159s | eval 35.5s | plot 4.9s | save 0.002s | cum 0.27h
[2025-09-26 09:12:19] 
[2025-09-26 09:12:19] Benchmark @train_ep   35000 (bench_eps: 2000)
[2025-09-26 09:12:19] Macro Winrate          :  63.8%
[2025-09-26 09:12:19] Macro Ø-Reward         :  2.110
[2025-09-26 09:12:19] Winrate vs max_combo   :  38.2% | Σ-Reward:  2802.0 | Ø-Reward:  1.401 | Places: [764 (0.38), 149 (0.07), 212 (0.11), 875 (0.44)]
[2025-09-26 09:12:19] Winrate vs random2     :  71.4% | Σ-Reward:  4697.0 | Ø-Reward:  2.349 | Places: [1428 (0.71), 129 (0.06), 155 (0.08), 288 (0.14)]
[2025-09-26 09:12:19] Winrate vs single_only :  81.7% | Σ-Reward:  5158.0 | Ø-Reward:  2.579 | Places: [1633 (0.82), 90 (0.04), 79 (0.04), 198 (0.10)]
[2025-09-26 09:12:24] Timing @ep 35000: episode 39.8s | train 0.143s | eval 34.0s | plot 5.6s | save 0.002s | cum 0.32h
[2025-09-26 09:14:43] 
[2025-09-26 09:14:43] Benchmark @train_ep   40000 (bench_eps: 2000)
[2025-09-26 09:14:43] Macro Winrate          :  63.7%
[2025-09-26 09:14:43] Macro Ø-Reward         :  2.098
[2025-09-26 09:14:43] Winrate vs max_combo   :  39.0% | Σ-Reward:  2818.0 | Ø-Reward:  1.409 | Places: [780 (0.39), 102 (0.05), 274 (0.14), 844 (0.42)]
[2025-09-26 09:14:43] Winrate vs random2     :  68.5% | Σ-Reward:  4551.0 | Ø-Reward:  2.276 | Places: [1371 (0.69), 108 (0.05), 222 (0.11), 299 (0.15)]
[2025-09-26 09:14:43] Winrate vs single_only :  83.6% | Σ-Reward:  5220.0 | Ø-Reward:  2.610 | Places: [1672 (0.84), 69 (0.03), 66 (0.03), 193 (0.10)]
[2025-09-26 09:14:49] Timing @ep 40000: episode 37.4s | train 0.180s | eval 31.2s | plot 6.0s | save 0.002s | cum 0.36h
[2025-09-26 09:17:14] 
[2025-09-26 09:17:14] Benchmark @train_ep   45000 (bench_eps: 2000)
[2025-09-26 09:17:14] Macro Winrate          :  61.4%
[2025-09-26 09:17:14] Macro Ø-Reward         :  2.027
[2025-09-26 09:17:14] Winrate vs max_combo   :  36.5% | Σ-Reward:  2692.0 | Ø-Reward:  1.346 | Places: [730 (0.36), 151 (0.08), 200 (0.10), 919 (0.46)]
[2025-09-26 09:17:14] Winrate vs random2     :  69.0% | Σ-Reward:  4546.0 | Ø-Reward:  2.273 | Places: [1379 (0.69), 138 (0.07), 133 (0.07), 350 (0.17)]
[2025-09-26 09:17:14] Winrate vs single_only :  78.7% | Σ-Reward:  4924.0 | Ø-Reward:  2.462 | Places: [1574 (0.79), 71 (0.04), 60 (0.03), 295 (0.15)]
[2025-09-26 09:17:21] Timing @ep 45000: episode 42.1s | train 0.201s | eval 35.2s | plot 6.7s | save 0.001s | cum 0.40h
[2025-09-26 09:19:49] 
[2025-09-26 09:19:49] Benchmark @train_ep   50000 (bench_eps: 2000)
[2025-09-26 09:19:49] Macro Winrate          :  65.6%
[2025-09-26 09:19:49] Macro Ø-Reward         :  2.094
[2025-09-26 09:19:49] Winrate vs max_combo   :  40.2% | Σ-Reward:  2702.0 | Ø-Reward:  1.351 | Places: [804 (0.40), 62 (0.03), 166 (0.08), 968 (0.48)]
[2025-09-26 09:19:49] Winrate vs random2     :  71.7% | Σ-Reward:  4578.0 | Ø-Reward:  2.289 | Places: [1433 (0.72), 74 (0.04), 131 (0.07), 362 (0.18)]
[2025-09-26 09:19:49] Winrate vs single_only :  84.8% | Σ-Reward:  5286.0 | Ø-Reward:  2.643 | Places: [1697 (0.85), 69 (0.03), 57 (0.03), 177 (0.09)]
[2025-09-26 09:19:56] Timing @ep 50000: episode 41.4s | train 0.160s | eval 33.7s | plot 7.5s | save 0.002s | cum 0.44h
[2025-09-26 09:22:18] 
[2025-09-26 09:22:18] Benchmark @train_ep   55000 (bench_eps: 2000)
[2025-09-26 09:22:18] Macro Winrate          :  61.3%
[2025-09-26 09:22:18] Macro Ø-Reward         :  2.017
[2025-09-26 09:22:18] Winrate vs max_combo   :  37.1% | Σ-Reward:  2646.0 | Ø-Reward:  1.323 | Places: [743 (0.37), 124 (0.06), 169 (0.08), 964 (0.48)]
[2025-09-26 09:22:18] Winrate vs random2     :  65.0% | Σ-Reward:  4299.0 | Ø-Reward:  2.150 | Places: [1299 (0.65), 133 (0.07), 136 (0.07), 432 (0.22)]
[2025-09-26 09:22:18] Winrate vs single_only :  81.8% | Σ-Reward:  5158.0 | Ø-Reward:  2.579 | Places: [1636 (0.82), 98 (0.05), 54 (0.03), 212 (0.11)]
[2025-09-26 09:22:26] Timing @ep 55000: episode 43.7s | train 0.182s | eval 36.0s | plot 7.5s | save 0.002s | cum 0.48h
[2025-09-26 09:24:55] 
[2025-09-26 09:24:55] Benchmark @train_ep   60000 (bench_eps: 2000)
[2025-09-26 09:24:55] Macro Winrate          :  62.4%
[2025-09-26 09:24:55] Macro Ø-Reward         :  2.002
[2025-09-26 09:24:55] Winrate vs max_combo   :  40.6% | Σ-Reward:  2725.0 | Ø-Reward:  1.363 | Places: [812 (0.41), 81 (0.04), 127 (0.06), 980 (0.49)]
[2025-09-26 09:24:55] Winrate vs random2     :  68.5% | Σ-Reward:  4390.0 | Ø-Reward:  2.195 | Places: [1370 (0.69), 72 (0.04), 136 (0.07), 422 (0.21)]
[2025-09-26 09:24:55] Winrate vs single_only :  78.2% | Σ-Reward:  4896.0 | Ø-Reward:  2.448 | Places: [1564 (0.78), 63 (0.03), 78 (0.04), 295 (0.15)]
[2025-09-26 09:25:03] Timing @ep 60000: episode 43.0s | train 0.161s | eval 35.1s | plot 7.7s | save 0.001s | cum 0.53h
[2025-09-26 09:27:24] 
[2025-09-26 09:27:24] Benchmark @train_ep   65000 (bench_eps: 2000)
[2025-09-26 09:27:24] Macro Winrate          :  62.1%
[2025-09-26 09:27:24] Macro Ø-Reward         :  2.024
[2025-09-26 09:27:24] Winrate vs max_combo   :  38.1% | Σ-Reward:  2660.0 | Ø-Reward:  1.330 | Places: [763 (0.38), 99 (0.05), 173 (0.09), 965 (0.48)]
[2025-09-26 09:27:24] Winrate vs random2     :  67.8% | Σ-Reward:  4416.0 | Ø-Reward:  2.208 | Places: [1355 (0.68), 99 (0.05), 153 (0.08), 393 (0.20)]
[2025-09-26 09:27:24] Winrate vs single_only :  80.5% | Σ-Reward:  5066.0 | Ø-Reward:  2.533 | Places: [1609 (0.80), 67 (0.03), 105 (0.05), 219 (0.11)]
[2025-09-26 09:27:32] Timing @ep 65000: episode 40.4s | train 0.184s | eval 32.2s | plot 8.0s | save 0.002s | cum 0.57h
[2025-09-26 09:29:54] 
[2025-09-26 09:29:54] Benchmark @train_ep   70000 (bench_eps: 2000)
[2025-09-26 09:29:54] Macro Winrate          :  62.0%
[2025-09-26 09:29:54] Macro Ø-Reward         :  2.021
[2025-09-26 09:29:54] Winrate vs max_combo   :  37.9% | Σ-Reward:  2621.0 | Ø-Reward:  1.310 | Places: [758 (0.38), 72 (0.04), 203 (0.10), 967 (0.48)]
[2025-09-26 09:29:54] Winrate vs random2     :  67.1% | Σ-Reward:  4438.0 | Ø-Reward:  2.219 | Places: [1342 (0.67), 109 (0.05), 194 (0.10), 355 (0.18)]
[2025-09-26 09:29:54] Winrate vs single_only :  81.0% | Σ-Reward:  5068.0 | Ø-Reward:  2.534 | Places: [1621 (0.81), 59 (0.03), 87 (0.04), 233 (0.12)]
[2025-09-26 09:30:04] Timing @ep 70000: episode 41.2s | train 0.196s | eval 31.5s | plot 9.5s | save 0.002s | cum 0.61h
[2025-09-26 09:32:20] 
[2025-09-26 09:32:20] Benchmark @train_ep   75000 (bench_eps: 2000)
[2025-09-26 09:32:20] Macro Winrate          :  58.4%
[2025-09-26 09:32:20] Macro Ø-Reward         :  1.972
[2025-09-26 09:32:20] Winrate vs max_combo   :  37.4% | Σ-Reward:  2800.0 | Ø-Reward:  1.400 | Places: [748 (0.37), 136 (0.07), 284 (0.14), 832 (0.42)]
[2025-09-26 09:32:20] Winrate vs random2     :  61.6% | Σ-Reward:  4166.0 | Ø-Reward:  2.083 | Places: [1233 (0.62), 115 (0.06), 237 (0.12), 415 (0.21)]
[2025-09-26 09:32:20] Winrate vs single_only :  76.2% | Σ-Reward:  4867.0 | Ø-Reward:  2.433 | Places: [1525 (0.76), 73 (0.04), 146 (0.07), 256 (0.13)]
[2025-09-26 09:32:30] Timing @ep 75000: episode 40.8s | train 0.499s | eval 30.7s | plot 9.6s | save 0.003s | cum 0.65h
[2025-09-26 09:34:58] 
[2025-09-26 09:34:58] Benchmark @train_ep   80000 (bench_eps: 2000)
[2025-09-26 09:34:58] Macro Winrate          :  61.9%
[2025-09-26 09:34:58] Macro Ø-Reward         :  2.007
[2025-09-26 09:34:58] Winrate vs max_combo   :  41.0% | Σ-Reward:  2781.0 | Ø-Reward:  1.391 | Places: [820 (0.41), 70 (0.04), 181 (0.09), 929 (0.46)]
[2025-09-26 09:34:58] Winrate vs random2     :  66.7% | Σ-Reward:  4366.0 | Ø-Reward:  2.183 | Places: [1333 (0.67), 95 (0.05), 177 (0.09), 395 (0.20)]
[2025-09-26 09:34:58] Winrate vs single_only :  77.9% | Σ-Reward:  4896.0 | Ø-Reward:  2.448 | Places: [1558 (0.78), 60 (0.03), 102 (0.05), 280 (0.14)]
[2025-09-26 09:35:09] Timing @ep 80000: episode 43.1s | train 0.159s | eval 32.1s | plot 10.8s | save 0.002s | cum 0.70h
[2025-09-26 09:37:45] 
[2025-09-26 09:37:45] Benchmark @train_ep   85000 (bench_eps: 2000)
[2025-09-26 09:37:45] Macro Winrate          :  64.2%
[2025-09-26 09:37:45] Macro Ø-Reward         :  2.068
[2025-09-26 09:37:45] Winrate vs max_combo   :  40.3% | Σ-Reward:  2760.0 | Ø-Reward:  1.380 | Places: [806 (0.40), 94 (0.05), 154 (0.08), 946 (0.47)]
[2025-09-26 09:37:45] Winrate vs random2     :  71.0% | Σ-Reward:  4591.0 | Ø-Reward:  2.296 | Places: [1421 (0.71), 87 (0.04), 154 (0.08), 338 (0.17)]
[2025-09-26 09:37:45] Winrate vs single_only :  81.2% | Σ-Reward:  5058.0 | Ø-Reward:  2.529 | Places: [1625 (0.81), 58 (0.03), 67 (0.03), 250 (0.12)]
[2025-09-26 09:37:56] Timing @ep 85000: episode 45.8s | train 0.155s | eval 34.9s | plot 10.7s | save 0.002s | cum 0.74h
[2025-09-26 09:40:34] 
[2025-09-26 09:40:34] Benchmark @train_ep   90000 (bench_eps: 2000)
[2025-09-26 09:40:34] Macro Winrate          :  62.4%
[2025-09-26 09:40:34] Macro Ø-Reward         :  1.989
[2025-09-26 09:40:34] Winrate vs max_combo   :  39.8% | Σ-Reward:  2633.0 | Ø-Reward:  1.317 | Places: [795 (0.40), 67 (0.03), 114 (0.06), 1024 (0.51)]
[2025-09-26 09:40:34] Winrate vs random2     :  69.3% | Σ-Reward:  4437.0 | Ø-Reward:  2.219 | Places: [1387 (0.69), 74 (0.04), 128 (0.06), 411 (0.21)]
[2025-09-26 09:40:34] Winrate vs single_only :  78.0% | Σ-Reward:  4861.0 | Ø-Reward:  2.430 | Places: [1559 (0.78), 59 (0.03), 66 (0.03), 316 (0.16)]
[2025-09-26 09:40:45] Timing @ep 90000: episode 46.8s | train 0.172s | eval 35.5s | plot 11.1s | save 0.002s | cum 0.79h
[2025-09-26 09:43:28] 
[2025-09-26 09:43:28] Benchmark @train_ep   95000 (bench_eps: 2000)
[2025-09-26 09:43:28] Macro Winrate          :  62.5%
[2025-09-26 09:43:28] Macro Ø-Reward         :  2.009
[2025-09-26 09:43:28] Winrate vs max_combo   :  38.6% | Σ-Reward:  2594.0 | Ø-Reward:  1.297 | Places: [772 (0.39), 55 (0.03), 168 (0.08), 1005 (0.50)]
[2025-09-26 09:43:28] Winrate vs random2     :  68.8% | Σ-Reward:  4420.0 | Ø-Reward:  2.210 | Places: [1376 (0.69), 63 (0.03), 166 (0.08), 395 (0.20)]
[2025-09-26 09:43:28] Winrate vs single_only :  80.1% | Σ-Reward:  5040.0 | Ø-Reward:  2.520 | Places: [1602 (0.80), 59 (0.03), 116 (0.06), 223 (0.11)]
[2025-09-26 09:43:40] Timing @ep 95000: episode 48.7s | train 0.211s | eval 37.3s | plot 11.2s | save 0.002s | cum 0.84h
[2025-09-26 09:45:51] 
[2025-09-26 09:45:51] Benchmark @train_ep  100000 (bench_eps: 2000)
[2025-09-26 09:45:51] Macro Winrate          :  64.0%
[2025-09-26 09:45:51] Macro Ø-Reward         :  2.029
[2025-09-26 09:45:51] Winrate vs max_combo   :  39.6% | Σ-Reward:  2635.0 | Ø-Reward:  1.317 | Places: [792 (0.40), 40 (0.02), 179 (0.09), 989 (0.49)]
[2025-09-26 09:45:51] Winrate vs random2     :  70.2% | Σ-Reward:  4465.0 | Ø-Reward:  2.232 | Places: [1405 (0.70), 59 (0.03), 132 (0.07), 404 (0.20)]
[2025-09-26 09:45:51] Winrate vs single_only :  82.2% | Σ-Reward:  5074.0 | Ø-Reward:  2.537 | Places: [1644 (0.82), 37 (0.02), 68 (0.03), 251 (0.13)]
[2025-09-26 09:45:59] Timing @ep 100000: episode 34.1s | train 0.200s | eval 25.5s | plot 8.3s | save 0.001s | cum 0.88h
[2025-09-26 09:45:59] 
[2025-09-26 09:45:59] Gesamtzeit: 0.88h (~ 31.70 eps/s)
[2025-09-26 09:45:59] k4a2, Shared Policy Selfplay (DQN, Bundle-Updates, 1 Prozess). Training abgeschlossen.
[2025-09-26 09:45:59] Path: /home/wasterix/OpenSpiel/open_spiel/President/models/k4a2/model_62
