[2025-08-28 19:37:03] New Training (k4a2): Shared-Policy DQN — In-Proc External Trainer (Bundle-Updates)
[2025-08-28 19:37:03] Deck_Size: 64
[2025-08-28 19:37:03] Episodes: 500000
[2025-08-28 19:37:03] Path: /home/wasterix/Multiagent/OpenSpiel_neu/open_spiel/President/models/k4a2/model_02
[2025-08-28 19:40:39] 
[2025-08-28 19:40:39] Benchmark @train_ep   10000 (bench_eps: 2000)
[2025-08-28 19:40:39] Macro Winrate          :  16.3%
[2025-08-28 19:40:39] Macro Ø-Reward         :  1.351
[2025-08-28 19:40:39] Winrate vs max_combo   :   7.3% | Σ-Reward:  1699.0 | Ø-Reward:  0.850 | Places: [146 (0.07), 351 (0.18), 559 (0.28), 944 (0.47)]
[2025-08-28 19:40:39] Winrate vs random2     :  27.6% | Σ-Reward:  3674.0 | Ø-Reward:  1.837 | Places: [552 (0.28), 763 (0.38), 492 (0.25), 193 (0.10)]
[2025-08-28 19:40:39] Winrate vs single_only :  14.2% | Σ-Reward:  2732.0 | Ø-Reward:  1.366 | Places: [283 (0.14), 584 (0.29), 715 (0.36), 418 (0.21)]
[2025-08-28 19:40:41] Timing @ep 10000: episode 31.2s | train 0.146s | eval 29.8s | plot 1.3s | save 0.012s | cum 0.06h
[2025-08-28 19:43:57] 
[2025-08-28 19:43:57] Benchmark @train_ep   20000 (bench_eps: 2000)
[2025-08-28 19:43:57] Macro Winrate          :  17.9%
[2025-08-28 19:43:57] Macro Ø-Reward         :  1.424
[2025-08-28 19:43:57] Winrate vs max_combo   :  13.7% | Σ-Reward:  1991.0 | Ø-Reward:  0.996 | Places: [273 (0.14), 312 (0.16), 548 (0.27), 867 (0.43)]
[2025-08-28 19:43:57] Winrate vs random2     :  31.4% | Σ-Reward:  3699.0 | Ø-Reward:  1.849 | Places: [629 (0.31), 674 (0.34), 464 (0.23), 233 (0.12)]
[2025-08-28 19:43:57] Winrate vs single_only :   8.7% | Σ-Reward:  2855.0 | Ø-Reward:  1.427 | Places: [173 (0.09), 844 (0.42), 648 (0.32), 335 (0.17)]
[2025-08-28 19:43:59] Timing @ep 20000: episode 29.3s | train 0.122s | eval 27.8s | plot 1.3s | save 0.002s | cum 0.12h
[2025-08-28 19:47:00] 
[2025-08-28 19:47:00] Benchmark @train_ep   30000 (bench_eps: 2000)
[2025-08-28 19:47:00] Macro Winrate          :  34.1%
[2025-08-28 19:47:00] Macro Ø-Reward         :  1.860
[2025-08-28 19:47:00] Winrate vs max_combo   :  25.9% | Σ-Reward:  2966.0 | Ø-Reward:  1.483 | Places: [517 (0.26), 441 (0.22), 533 (0.27), 509 (0.25)]
[2025-08-28 19:47:00] Winrate vs random2     :  52.8% | Σ-Reward:  4617.0 | Ø-Reward:  2.308 | Places: [1055 (0.53), 595 (0.30), 262 (0.13), 88 (0.04)]
[2025-08-28 19:47:00] Winrate vs single_only :  23.6% | Σ-Reward:  3579.0 | Ø-Reward:  1.790 | Places: [471 (0.24), 823 (0.41), 520 (0.26), 186 (0.09)]
[2025-08-28 19:47:01] Timing @ep 30000: episode 27.4s | train 0.134s | eval 26.0s | plot 1.3s | save 0.002s | cum 0.18h
[2025-08-28 19:49:43] 
[2025-08-28 19:49:43] Benchmark @train_ep   40000 (bench_eps: 2000)
[2025-08-28 19:49:43] Macro Winrate          :  65.5%
[2025-08-28 19:49:43] Macro Ø-Reward         :  2.475
[2025-08-28 19:49:43] Winrate vs max_combo   :  41.8% | Σ-Reward:  4005.0 | Ø-Reward:  2.002 | Places: [836 (0.42), 560 (0.28), 377 (0.19), 227 (0.11)]
[2025-08-28 19:49:43] Winrate vs random2     :  79.2% | Σ-Reward:  5499.0 | Ø-Reward:  2.749 | Places: [1583 (0.79), 343 (0.17), 64 (0.03), 10 (0.01)]
[2025-08-28 19:49:43] Winrate vs single_only :  75.5% | Σ-Reward:  5347.0 | Ø-Reward:  2.674 | Places: [1511 (0.76), 352 (0.18), 110 (0.06), 27 (0.01)]
[2025-08-28 19:49:44] Timing @ep 40000: episode 22.1s | train 0.107s | eval 20.6s | plot 1.4s | save 0.003s | cum 0.23h
[2025-08-28 19:52:16] 
[2025-08-28 19:52:16] Benchmark @train_ep   50000 (bench_eps: 2000)
[2025-08-28 19:52:16] Macro Winrate          :  68.1%
[2025-08-28 19:52:16] Macro Ø-Reward         :  2.536
[2025-08-28 19:52:16] Winrate vs max_combo   :  47.5% | Σ-Reward:  4316.0 | Ø-Reward:  2.158 | Places: [950 (0.47), 577 (0.29), 312 (0.16), 161 (0.08)]
[2025-08-28 19:52:16] Winrate vs random2     :  80.0% | Σ-Reward:  5520.0 | Ø-Reward:  2.760 | Places: [1599 (0.80), 332 (0.17), 59 (0.03), 10 (0.01)]
[2025-08-28 19:52:16] Winrate vs single_only :  76.9% | Σ-Reward:  5383.0 | Ø-Reward:  2.692 | Places: [1538 (0.77), 338 (0.17), 93 (0.05), 31 (0.02)]
[2025-08-28 19:52:18] Timing @ep 50000: episode 22.5s | train 0.098s | eval 21.0s | plot 1.3s | save 0.002s | cum 0.27h
[2025-08-28 19:54:52] 
[2025-08-28 19:54:52] Benchmark @train_ep   60000 (bench_eps: 2000)
[2025-08-28 19:54:52] Macro Winrate          :  65.9%
[2025-08-28 19:54:52] Macro Ø-Reward         :  2.530
[2025-08-28 19:54:52] Winrate vs max_combo   :  48.3% | Σ-Reward:  4405.0 | Ø-Reward:  2.203 | Places: [966 (0.48), 601 (0.30), 305 (0.15), 128 (0.06)]
[2025-08-28 19:54:52] Winrate vs random2     :  74.6% | Σ-Reward:  5397.0 | Ø-Reward:  2.699 | Places: [1492 (0.75), 421 (0.21), 79 (0.04), 8 (0.00)]
[2025-08-28 19:54:52] Winrate vs single_only :  74.8% | Σ-Reward:  5376.0 | Ø-Reward:  2.688 | Places: [1497 (0.75), 397 (0.20), 91 (0.05), 15 (0.01)]
[2025-08-28 19:54:54] Timing @ep 60000: episode 22.5s | train 0.101s | eval 21.0s | plot 1.3s | save 0.002s | cum 0.32h
[2025-08-28 19:57:27] 
[2025-08-28 19:57:27] Benchmark @train_ep   70000 (bench_eps: 2000)
[2025-08-28 19:57:27] Macro Winrate          :  67.2%
[2025-08-28 19:57:27] Macro Ø-Reward         :  2.541
[2025-08-28 19:57:27] Winrate vs max_combo   :  49.4% | Σ-Reward:  4419.0 | Ø-Reward:  2.209 | Places: [987 (0.49), 577 (0.29), 304 (0.15), 132 (0.07)]
[2025-08-28 19:57:27] Winrate vs random2     :  76.7% | Σ-Reward:  5448.0 | Ø-Reward:  2.724 | Places: [1533 (0.77), 388 (0.19), 73 (0.04), 6 (0.00)]
[2025-08-28 19:57:27] Winrate vs single_only :  75.5% | Σ-Reward:  5380.0 | Ø-Reward:  2.690 | Places: [1511 (0.76), 369 (0.18), 109 (0.05), 11 (0.01)]
[2025-08-28 19:57:28] Timing @ep 70000: episode 22.6s | train 0.111s | eval 21.0s | plot 1.5s | save 0.002s | cum 0.37h
[2025-08-28 20:00:05] 
[2025-08-28 20:00:05] Benchmark @train_ep   80000 (bench_eps: 2000)
[2025-08-28 20:00:05] Macro Winrate          :  73.2%
[2025-08-28 20:00:05] Macro Ø-Reward         :  2.623
[2025-08-28 20:00:05] Winrate vs max_combo   :  52.2% | Σ-Reward:  4537.0 | Ø-Reward:  2.268 | Places: [1044 (0.52), 560 (0.28), 285 (0.14), 111 (0.06)]
[2025-08-28 20:00:05] Winrate vs random2     :  81.0% | Σ-Reward:  5544.0 | Ø-Reward:  2.772 | Places: [1620 (0.81), 315 (0.16), 54 (0.03), 11 (0.01)]
[2025-08-28 20:00:05] Winrate vs single_only :  86.3% | Σ-Reward:  5660.0 | Ø-Reward:  2.830 | Places: [1727 (0.86), 216 (0.11), 47 (0.02), 10 (0.01)]
[2025-08-28 20:00:06] Timing @ep 80000: episode 22.7s | train 0.134s | eval 21.0s | plot 1.6s | save 0.002s | cum 0.41h
[2025-08-28 20:02:43] 
[2025-08-28 20:02:43] Benchmark @train_ep   90000 (bench_eps: 2000)
[2025-08-28 20:02:43] Macro Winrate          :  72.7%
[2025-08-28 20:02:43] Macro Ø-Reward         :  2.623
[2025-08-28 20:02:43] Winrate vs max_combo   :  56.3% | Σ-Reward:  4697.0 | Ø-Reward:  2.349 | Places: [1126 (0.56), 540 (0.27), 239 (0.12), 95 (0.05)]
[2025-08-28 20:02:43] Winrate vs random2     :  81.0% | Σ-Reward:  5545.0 | Ø-Reward:  2.772 | Places: [1621 (0.81), 314 (0.16), 54 (0.03), 11 (0.01)]
[2025-08-28 20:02:43] Winrate vs single_only :  80.7% | Σ-Reward:  5494.0 | Ø-Reward:  2.747 | Places: [1614 (0.81), 280 (0.14), 92 (0.05), 14 (0.01)]
[2025-08-28 20:02:45] Timing @ep 90000: episode 22.5s | train 0.137s | eval 20.8s | plot 1.5s | save 0.002s | cum 0.46h
[2025-08-28 20:05:22] 
[2025-08-28 20:05:22] Benchmark @train_ep  100000 (bench_eps: 2000)
[2025-08-28 20:05:22] Macro Winrate          :  72.0%
[2025-08-28 20:05:22] Macro Ø-Reward         :  2.608
[2025-08-28 20:05:22] Winrate vs max_combo   :  55.7% | Σ-Reward:  4670.0 | Ø-Reward:  2.335 | Places: [1114 (0.56), 536 (0.27), 256 (0.13), 94 (0.05)]
[2025-08-28 20:05:22] Winrate vs random2     :  80.4% | Σ-Reward:  5525.0 | Ø-Reward:  2.763 | Places: [1608 (0.80), 321 (0.16), 59 (0.03), 12 (0.01)]
[2025-08-28 20:05:22] Winrate vs single_only :  79.8% | Σ-Reward:  5455.0 | Ø-Reward:  2.728 | Places: [1597 (0.80), 272 (0.14), 120 (0.06), 11 (0.01)]
[2025-08-28 20:05:23] Timing @ep 100000: episode 21.8s | train 0.101s | eval 20.3s | plot 1.3s | save 0.002s | cum 0.51h
[2025-08-28 20:07:55] 
[2025-08-28 20:07:55] Benchmark @train_ep  110000 (bench_eps: 2000)
[2025-08-28 20:07:55] Macro Winrate          :  72.4%
[2025-08-28 20:07:55] Macro Ø-Reward         :  2.598
[2025-08-28 20:07:55] Winrate vs max_combo   :  55.6% | Σ-Reward:  4627.0 | Ø-Reward:  2.313 | Places: [1113 (0.56), 541 (0.27), 206 (0.10), 140 (0.07)]
[2025-08-28 20:07:55] Winrate vs random2     :  80.1% | Σ-Reward:  5487.0 | Ø-Reward:  2.744 | Places: [1602 (0.80), 294 (0.15), 93 (0.05), 11 (0.01)]
[2025-08-28 20:07:55] Winrate vs single_only :  81.5% | Σ-Reward:  5473.0 | Ø-Reward:  2.736 | Places: [1630 (0.81), 235 (0.12), 113 (0.06), 22 (0.01)]
[2025-08-28 20:07:56] Timing @ep 110000: episode 21.5s | train 0.103s | eval 19.9s | plot 1.5s | save 0.002s | cum 0.55h
[2025-08-28 20:10:29] 
[2025-08-28 20:10:29] Benchmark @train_ep  120000 (bench_eps: 2000)
[2025-08-28 20:10:29] Macro Winrate          :  71.0%
[2025-08-28 20:10:29] Macro Ø-Reward         :  2.589
[2025-08-28 20:10:29] Winrate vs max_combo   :  58.2% | Σ-Reward:  4745.0 | Ø-Reward:  2.373 | Places: [1165 (0.58), 506 (0.25), 238 (0.12), 91 (0.05)]
[2025-08-28 20:10:29] Winrate vs random2     :  78.0% | Σ-Reward:  5450.0 | Ø-Reward:  2.725 | Places: [1561 (0.78), 340 (0.17), 87 (0.04), 12 (0.01)]
[2025-08-28 20:10:29] Winrate vs single_only :  76.7% | Σ-Reward:  5341.0 | Ø-Reward:  2.671 | Places: [1533 (0.77), 294 (0.15), 154 (0.08), 19 (0.01)]
[2025-08-28 20:10:30] Timing @ep 120000: episode 21.4s | train 0.137s | eval 19.9s | plot 1.4s | save 0.002s | cum 0.60h
[2025-08-28 20:13:00] 
[2025-08-28 20:13:00] Benchmark @train_ep  130000 (bench_eps: 2000)
[2025-08-28 20:13:00] Macro Winrate          :  74.9%
[2025-08-28 20:13:00] Macro Ø-Reward         :  2.647
[2025-08-28 20:13:00] Winrate vs max_combo   :  58.6% | Σ-Reward:  4738.0 | Ø-Reward:  2.369 | Places: [1173 (0.59), 501 (0.25), 217 (0.11), 109 (0.05)]
[2025-08-28 20:13:00] Winrate vs random2     :  82.5% | Σ-Reward:  5557.0 | Ø-Reward:  2.779 | Places: [1649 (0.82), 275 (0.14), 60 (0.03), 16 (0.01)]
[2025-08-28 20:13:00] Winrate vs single_only :  83.5% | Σ-Reward:  5590.0 | Ø-Reward:  2.795 | Places: [1669 (0.83), 258 (0.13), 67 (0.03), 6 (0.00)]
[2025-08-28 20:13:02] Timing @ep 130000: episode 21.4s | train 0.103s | eval 19.9s | plot 1.4s | save 0.002s | cum 0.65h
[2025-08-28 20:15:32] 
[2025-08-28 20:15:32] Benchmark @train_ep  140000 (bench_eps: 2000)
[2025-08-28 20:15:32] Macro Winrate          :  74.7%
[2025-08-28 20:15:32] Macro Ø-Reward         :  2.647
[2025-08-28 20:15:32] Winrate vs max_combo   :  58.2% | Σ-Reward:  4738.0 | Ø-Reward:  2.369 | Places: [1165 (0.58), 517 (0.26), 209 (0.10), 109 (0.05)]
[2025-08-28 20:15:32] Winrate vs random2     :  82.5% | Σ-Reward:  5571.0 | Ø-Reward:  2.785 | Places: [1651 (0.83), 280 (0.14), 58 (0.03), 11 (0.01)]
[2025-08-28 20:15:32] Winrate vs single_only :  83.2% | Σ-Reward:  5570.0 | Ø-Reward:  2.785 | Places: [1665 (0.83), 248 (0.12), 79 (0.04), 8 (0.00)]
[2025-08-28 20:15:34] Timing @ep 140000: episode 21.1s | train 0.100s | eval 19.5s | plot 1.4s | save 0.002s | cum 0.69h
[2025-08-28 20:18:04] 
[2025-08-28 20:18:04] Benchmark @train_ep  150000 (bench_eps: 2000)
[2025-08-28 20:18:04] Macro Winrate          :  72.5%
[2025-08-28 20:18:04] Macro Ø-Reward         :  2.610
[2025-08-28 20:18:04] Winrate vs max_combo   :  57.9% | Σ-Reward:  4706.0 | Ø-Reward:  2.353 | Places: [1158 (0.58), 512 (0.26), 208 (0.10), 122 (0.06)]
[2025-08-28 20:18:04] Winrate vs random2     :  81.2% | Σ-Reward:  5508.0 | Ø-Reward:  2.754 | Places: [1623 (0.81), 282 (0.14), 75 (0.04), 20 (0.01)]
[2025-08-28 20:18:04] Winrate vs single_only :  78.6% | Σ-Reward:  5443.0 | Ø-Reward:  2.721 | Places: [1572 (0.79), 315 (0.16), 97 (0.05), 16 (0.01)]
[2025-08-28 20:18:05] Timing @ep 150000: episode 21.3s | train 0.102s | eval 19.8s | plot 1.4s | save 0.002s | cum 0.74h
[2025-08-28 20:20:35] 
[2025-08-28 20:20:35] Benchmark @train_ep  160000 (bench_eps: 2000)
[2025-08-28 20:20:35] Macro Winrate          :  72.1%
[2025-08-28 20:20:35] Macro Ø-Reward         :  2.601
[2025-08-28 20:20:35] Winrate vs max_combo   :  57.6% | Σ-Reward:  4669.0 | Ø-Reward:  2.334 | Places: [1153 (0.58), 485 (0.24), 240 (0.12), 122 (0.06)]
[2025-08-28 20:20:35] Winrate vs random2     :  78.9% | Σ-Reward:  5470.0 | Ø-Reward:  2.735 | Places: [1578 (0.79), 332 (0.17), 72 (0.04), 18 (0.01)]
[2025-08-28 20:20:35] Winrate vs single_only :  79.8% | Σ-Reward:  5469.0 | Ø-Reward:  2.735 | Places: [1595 (0.80), 294 (0.15), 96 (0.05), 15 (0.01)]
[2025-08-28 20:20:37] Timing @ep 160000: episode 22.5s | train 0.099s | eval 20.6s | plot 1.7s | save 0.002s | cum 0.78h
[2025-08-28 20:23:11] 
[2025-08-28 20:23:11] Benchmark @train_ep  170000 (bench_eps: 2000)
[2025-08-28 20:23:11] Macro Winrate          :  73.7%
[2025-08-28 20:23:11] Macro Ø-Reward         :  2.642
[2025-08-28 20:23:11] Winrate vs max_combo   :  57.5% | Σ-Reward:  4755.0 | Ø-Reward:  2.377 | Places: [1150 (0.57), 540 (0.27), 225 (0.11), 85 (0.04)]
[2025-08-28 20:23:11] Winrate vs random2     :  82.5% | Σ-Reward:  5572.0 | Ø-Reward:  2.786 | Places: [1651 (0.83), 281 (0.14), 57 (0.03), 11 (0.01)]
[2025-08-28 20:23:11] Winrate vs single_only :  81.0% | Σ-Reward:  5525.0 | Ø-Reward:  2.763 | Places: [1621 (0.81), 293 (0.15), 76 (0.04), 10 (0.01)]
[2025-08-28 20:23:12] Timing @ep 170000: episode 21.9s | train 0.100s | eval 20.3s | plot 1.4s | save 0.002s | cum 0.83h
[2025-08-28 20:25:51] 
[2025-08-28 20:25:51] Benchmark @train_ep  180000 (bench_eps: 2000)
[2025-08-28 20:25:51] Macro Winrate          :  75.8%
[2025-08-28 20:25:51] Macro Ø-Reward         :  2.674
[2025-08-28 20:25:51] Winrate vs max_combo   :  60.9% | Σ-Reward:  4868.0 | Ø-Reward:  2.434 | Places: [1218 (0.61), 512 (0.26), 190 (0.10), 80 (0.04)]
[2025-08-28 20:25:51] Winrate vs random2     :  83.6% | Σ-Reward:  5607.0 | Ø-Reward:  2.804 | Places: [1672 (0.84), 269 (0.13), 53 (0.03), 6 (0.00)]
[2025-08-28 20:25:51] Winrate vs single_only :  83.0% | Σ-Reward:  5567.0 | Ø-Reward:  2.784 | Places: [1659 (0.83), 259 (0.13), 72 (0.04), 10 (0.01)]
[2025-08-28 20:25:52] Timing @ep 180000: episode 26.7s | train 0.210s | eval 24.9s | plot 1.6s | save 0.002s | cum 0.88h
[2025-08-28 20:28:23] 
[2025-08-28 20:28:23] Benchmark @train_ep  190000 (bench_eps: 2000)
[2025-08-28 20:28:23] Macro Winrate          :  75.1%
[2025-08-28 20:28:23] Macro Ø-Reward         :  2.642
[2025-08-28 20:28:23] Winrate vs max_combo   :  60.0% | Σ-Reward:  4744.0 | Ø-Reward:  2.372 | Places: [1200 (0.60), 467 (0.23), 210 (0.10), 123 (0.06)]
[2025-08-28 20:28:23] Winrate vs random2     :  82.3% | Σ-Reward:  5559.0 | Ø-Reward:  2.780 | Places: [1647 (0.82), 277 (0.14), 64 (0.03), 12 (0.01)]
[2025-08-28 20:28:23] Winrate vs single_only :  82.8% | Σ-Reward:  5551.0 | Ø-Reward:  2.776 | Places: [1657 (0.83), 260 (0.13), 60 (0.03), 23 (0.01)]
[2025-08-28 20:28:25] Timing @ep 190000: episode 21.5s | train 0.130s | eval 20.0s | plot 1.4s | save 0.002s | cum 0.92h
[2025-08-28 20:30:57] 
[2025-08-28 20:30:57] Benchmark @train_ep  200000 (bench_eps: 2000)
[2025-08-28 20:30:57] Macro Winrate          :  75.9%
[2025-08-28 20:30:57] Macro Ø-Reward         :  2.655
[2025-08-28 20:30:57] Winrate vs max_combo   :  60.6% | Σ-Reward:  4795.0 | Ø-Reward:  2.397 | Places: [1212 (0.61), 478 (0.24), 203 (0.10), 107 (0.05)]
[2025-08-28 20:30:57] Winrate vs random2     :  84.3% | Σ-Reward:  5579.0 | Ø-Reward:  2.789 | Places: [1687 (0.84), 231 (0.12), 56 (0.03), 26 (0.01)]
[2025-08-28 20:30:57] Winrate vs single_only :  82.8% | Σ-Reward:  5558.0 | Ø-Reward:  2.779 | Places: [1655 (0.83), 268 (0.13), 57 (0.03), 20 (0.01)]
[2025-08-28 20:30:58] Timing @ep 200000: episode 21.7s | train 0.106s | eval 20.1s | plot 1.5s | save 0.002s | cum 0.97h
[2025-08-28 20:33:29] 
[2025-08-28 20:33:29] Benchmark @train_ep  210000 (bench_eps: 2000)
[2025-08-28 20:33:29] Macro Winrate          :  73.7%
[2025-08-28 20:33:29] Macro Ø-Reward         :  2.634
[2025-08-28 20:33:29] Winrate vs max_combo   :  59.5% | Σ-Reward:  4784.0 | Ø-Reward:  2.392 | Places: [1191 (0.60), 514 (0.26), 183 (0.09), 112 (0.06)]
[2025-08-28 20:33:29] Winrate vs random2     :  81.6% | Σ-Reward:  5545.0 | Ø-Reward:  2.772 | Places: [1632 (0.82), 292 (0.15), 65 (0.03), 11 (0.01)]
[2025-08-28 20:33:29] Winrate vs single_only :  79.8% | Σ-Reward:  5476.0 | Ø-Reward:  2.738 | Places: [1597 (0.80), 293 (0.15), 99 (0.05), 11 (0.01)]
[2025-08-28 20:33:30] Timing @ep 210000: episode 21.6s | train 0.122s | eval 20.0s | plot 1.5s | save 0.002s | cum 1.01h
[2025-08-28 20:36:05] 
[2025-08-28 20:36:05] Benchmark @train_ep  220000 (bench_eps: 2000)
[2025-08-28 20:36:05] Macro Winrate          :  73.9%
[2025-08-28 20:36:05] Macro Ø-Reward         :  2.625
[2025-08-28 20:36:05] Winrate vs max_combo   :  60.0% | Σ-Reward:  4766.0 | Ø-Reward:  2.383 | Places: [1199 (0.60), 475 (0.24), 219 (0.11), 107 (0.05)]
[2025-08-28 20:36:05] Winrate vs random2     :  80.0% | Σ-Reward:  5469.0 | Ø-Reward:  2.735 | Places: [1599 (0.80), 297 (0.15), 78 (0.04), 26 (0.01)]
[2025-08-28 20:36:05] Winrate vs single_only :  81.7% | Σ-Reward:  5517.0 | Ø-Reward:  2.759 | Places: [1634 (0.82), 261 (0.13), 93 (0.05), 12 (0.01)]
[2025-08-28 20:36:07] Timing @ep 220000: episode 23.9s | train 0.127s | eval 22.3s | plot 1.4s | save 0.002s | cum 1.06h
[2025-08-28 20:38:42] 
[2025-08-28 20:38:42] Benchmark @train_ep  230000 (bench_eps: 2000)
[2025-08-28 20:38:42] Macro Winrate          :  74.7%
[2025-08-28 20:38:42] Macro Ø-Reward         :  2.647
[2025-08-28 20:38:42] Winrate vs max_combo   :  60.1% | Σ-Reward:  4806.0 | Ø-Reward:  2.403 | Places: [1202 (0.60), 499 (0.25), 202 (0.10), 97 (0.05)]
[2025-08-28 20:38:42] Winrate vs random2     :  84.0% | Σ-Reward:  5593.0 | Ø-Reward:  2.796 | Places: [1681 (0.84), 247 (0.12), 56 (0.03), 16 (0.01)]
[2025-08-28 20:38:42] Winrate vs single_only :  79.8% | Σ-Reward:  5485.0 | Ø-Reward:  2.743 | Places: [1597 (0.80), 305 (0.15), 84 (0.04), 14 (0.01)]
[2025-08-28 20:38:43] Timing @ep 230000: episode 21.3s | train 0.102s | eval 19.7s | plot 1.5s | save 0.002s | cum 1.11h
[2025-08-28 20:41:14] 
[2025-08-28 20:41:14] Benchmark @train_ep  240000 (bench_eps: 2000)
[2025-08-28 20:41:14] Macro Winrate          :  74.5%
[2025-08-28 20:41:14] Macro Ø-Reward         :  2.650
[2025-08-28 20:41:14] Winrate vs max_combo   :  57.4% | Σ-Reward:  4721.0 | Ø-Reward:  2.361 | Places: [1148 (0.57), 525 (0.26), 227 (0.11), 100 (0.05)]
[2025-08-28 20:41:14] Winrate vs random2     :  83.2% | Σ-Reward:  5606.0 | Ø-Reward:  2.803 | Places: [1665 (0.83), 283 (0.14), 45 (0.02), 7 (0.00)]
[2025-08-28 20:41:14] Winrate vs single_only :  83.0% | Σ-Reward:  5572.0 | Ø-Reward:  2.786 | Places: [1660 (0.83), 260 (0.13), 72 (0.04), 8 (0.00)]
[2025-08-28 20:41:16] Timing @ep 240000: episode 21.3s | train 0.136s | eval 19.8s | plot 1.4s | save 0.004s | cum 1.15h
[2025-08-28 20:43:46] 
[2025-08-28 20:43:46] Benchmark @train_ep  250000 (bench_eps: 2000)
[2025-08-28 20:43:46] Macro Winrate          :  75.5%
[2025-08-28 20:43:46] Macro Ø-Reward         :  2.662
[2025-08-28 20:43:46] Winrate vs max_combo   :  61.5% | Σ-Reward:  4827.0 | Ø-Reward:  2.413 | Places: [1229 (0.61), 470 (0.23), 200 (0.10), 101 (0.05)]
[2025-08-28 20:43:46] Winrate vs random2     :  82.0% | Σ-Reward:  5569.0 | Ø-Reward:  2.784 | Places: [1639 (0.82), 303 (0.15), 46 (0.02), 12 (0.01)]
[2025-08-28 20:43:46] Winrate vs single_only :  83.1% | Σ-Reward:  5574.0 | Ø-Reward:  2.787 | Places: [1662 (0.83), 261 (0.13), 66 (0.03), 11 (0.01)]
[2025-08-28 20:43:47] Timing @ep 250000: episode 21.2s | train 0.134s | eval 19.7s | plot 1.4s | save 0.002s | cum 1.20h
[2025-08-28 20:46:17] 
[2025-08-28 20:46:17] Benchmark @train_ep  260000 (bench_eps: 2000)
[2025-08-28 20:46:17] Macro Winrate          :  75.1%
[2025-08-28 20:46:17] Macro Ø-Reward         :  2.653
[2025-08-28 20:46:17] Winrate vs max_combo   :  59.7% | Σ-Reward:  4781.0 | Ø-Reward:  2.390 | Places: [1194 (0.60), 511 (0.26), 177 (0.09), 118 (0.06)]
[2025-08-28 20:46:17] Winrate vs random2     :  82.5% | Σ-Reward:  5579.0 | Ø-Reward:  2.789 | Places: [1649 (0.82), 287 (0.14), 58 (0.03), 6 (0.00)]
[2025-08-28 20:46:17] Winrate vs single_only :  83.2% | Σ-Reward:  5559.0 | Ø-Reward:  2.780 | Places: [1663 (0.83), 247 (0.12), 76 (0.04), 14 (0.01)]
[2025-08-28 20:46:18] Timing @ep 260000: episode 21.5s | train 0.118s | eval 20.1s | plot 1.3s | save 0.002s | cum 1.24h
[2025-08-28 20:48:47] 
[2025-08-28 20:48:47] Benchmark @train_ep  270000 (bench_eps: 2000)
[2025-08-28 20:48:47] Macro Winrate          :  74.7%
[2025-08-28 20:48:47] Macro Ø-Reward         :  2.655
[2025-08-28 20:48:47] Winrate vs max_combo   :  58.4% | Σ-Reward:  4766.0 | Ø-Reward:  2.383 | Places: [1168 (0.58), 537 (0.27), 188 (0.09), 107 (0.05)]
[2025-08-28 20:48:47] Winrate vs random2     :  82.7% | Σ-Reward:  5592.0 | Ø-Reward:  2.796 | Places: [1654 (0.83), 290 (0.14), 50 (0.03), 6 (0.00)]
[2025-08-28 20:48:47] Winrate vs single_only :  83.1% | Σ-Reward:  5572.0 | Ø-Reward:  2.786 | Places: [1662 (0.83), 261 (0.13), 64 (0.03), 13 (0.01)]
[2025-08-28 20:48:46] Timing @ep 270000: episode 21.2s | train 0.098s | eval 19.6s | plot 1.5s | save 0.002s | cum 1.29h
[2025-08-28 20:51:17] 
[2025-08-28 20:51:17] Benchmark @train_ep  280000 (bench_eps: 2000)
[2025-08-28 20:51:17] Macro Winrate          :  75.1%
[2025-08-28 20:51:17] Macro Ø-Reward         :  2.656
[2025-08-28 20:51:17] Winrate vs max_combo   :  62.5% | Σ-Reward:  4867.0 | Ø-Reward:  2.433 | Places: [1249 (0.62), 469 (0.23), 182 (0.09), 100 (0.05)]
[2025-08-28 20:51:17] Winrate vs random2     :  81.9% | Σ-Reward:  5571.0 | Ø-Reward:  2.785 | Places: [1638 (0.82), 304 (0.15), 49 (0.02), 9 (0.00)]
[2025-08-28 20:51:17] Winrate vs single_only :  81.0% | Σ-Reward:  5499.0 | Ø-Reward:  2.749 | Places: [1620 (0.81), 277 (0.14), 85 (0.04), 18 (0.01)]
[2025-08-28 20:51:18] Timing @ep 280000: episode 21.3s | train 0.101s | eval 19.9s | plot 1.3s | save 0.002s | cum 1.33h
[2025-08-28 20:53:49] 
[2025-08-28 20:53:49] Benchmark @train_ep  290000 (bench_eps: 2000)
[2025-08-28 20:53:49] Macro Winrate          :  74.7%
[2025-08-28 20:53:49] Macro Ø-Reward         :  2.652
[2025-08-28 20:53:49] Winrate vs max_combo   :  59.9% | Σ-Reward:  4830.0 | Ø-Reward:  2.415 | Places: [1197 (0.60), 526 (0.26), 187 (0.09), 90 (0.04)]
[2025-08-28 20:53:49] Winrate vs random2     :  82.7% | Σ-Reward:  5562.0 | Ø-Reward:  2.781 | Places: [1654 (0.83), 267 (0.13), 66 (0.03), 13 (0.01)]
[2025-08-28 20:53:49] Winrate vs single_only :  81.5% | Σ-Reward:  5519.0 | Ø-Reward:  2.760 | Places: [1631 (0.82), 274 (0.14), 78 (0.04), 17 (0.01)]
[2025-08-28 20:53:50] Timing @ep 290000: episode 21.0s | train 0.103s | eval 19.5s | plot 1.4s | save 0.003s | cum 1.38h
[2025-08-28 20:56:20] 
[2025-08-28 20:56:20] Benchmark @train_ep  300000 (bench_eps: 2000)
[2025-08-28 20:56:20] Macro Winrate          :  75.8%
[2025-08-28 20:56:20] Macro Ø-Reward         :  2.673
[2025-08-28 20:56:20] Winrate vs max_combo   :  61.6% | Σ-Reward:  4852.0 | Ø-Reward:  2.426 | Places: [1232 (0.62), 490 (0.24), 176 (0.09), 102 (0.05)]
[2025-08-28 20:56:20] Winrate vs random2     :  83.8% | Σ-Reward:  5619.0 | Ø-Reward:  2.809 | Places: [1677 (0.84), 271 (0.14), 46 (0.02), 6 (0.00)]
[2025-08-28 20:56:20] Winrate vs single_only :  82.0% | Σ-Reward:  5568.0 | Ø-Reward:  2.784 | Places: [1641 (0.82), 295 (0.15), 55 (0.03), 9 (0.00)]
[2025-08-28 20:56:22] Timing @ep 300000: episode 21.3s | train 0.101s | eval 19.8s | plot 1.4s | save 0.002s | cum 1.42h
[2025-08-28 20:58:52] 
[2025-08-28 20:58:52] Benchmark @train_ep  310000 (bench_eps: 2000)
[2025-08-28 20:58:52] Macro Winrate          :  73.9%
[2025-08-28 20:58:52] Macro Ø-Reward         :  2.643
[2025-08-28 20:58:52] Winrate vs max_combo   :  61.3% | Σ-Reward:  4850.0 | Ø-Reward:  2.425 | Places: [1226 (0.61), 490 (0.24), 192 (0.10), 92 (0.05)]
[2025-08-28 20:58:52] Winrate vs random2     :  82.2% | Σ-Reward:  5569.0 | Ø-Reward:  2.784 | Places: [1643 (0.82), 297 (0.15), 46 (0.02), 14 (0.01)]
[2025-08-28 20:58:52] Winrate vs single_only :  78.2% | Σ-Reward:  5441.0 | Ø-Reward:  2.720 | Places: [1565 (0.78), 325 (0.16), 96 (0.05), 14 (0.01)]
[2025-08-28 20:58:54] Timing @ep 310000: episode 21.4s | train 0.128s | eval 19.7s | plot 1.6s | save 0.002s | cum 1.47h
[2025-08-28 21:01:23] 
[2025-08-28 21:01:23] Benchmark @train_ep  320000 (bench_eps: 2000)
[2025-08-28 21:01:23] Macro Winrate          :  74.8%
[2025-08-28 21:01:23] Macro Ø-Reward         :  2.654
[2025-08-28 21:01:23] Winrate vs max_combo   :  60.3% | Σ-Reward:  4814.0 | Ø-Reward:  2.407 | Places: [1206 (0.60), 503 (0.25), 190 (0.10), 101 (0.05)]
[2025-08-28 21:01:23] Winrate vs random2     :  82.8% | Σ-Reward:  5590.0 | Ø-Reward:  2.795 | Places: [1657 (0.83), 286 (0.14), 47 (0.02), 10 (0.01)]
[2025-08-28 21:01:23] Winrate vs single_only :  81.2% | Σ-Reward:  5519.0 | Ø-Reward:  2.760 | Places: [1625 (0.81), 286 (0.14), 72 (0.04), 17 (0.01)]
[2025-08-28 21:01:25] Timing @ep 320000: episode 21.1s | train 0.096s | eval 19.5s | plot 1.4s | save 0.002s | cum 1.52h
[2025-08-28 21:03:55] 
[2025-08-28 21:03:55] Benchmark @train_ep  330000 (bench_eps: 2000)
[2025-08-28 21:03:55] Macro Winrate          :  74.6%
[2025-08-28 21:03:55] Macro Ø-Reward         :  2.652
[2025-08-28 21:03:55] Winrate vs max_combo   :  59.5% | Σ-Reward:  4800.0 | Ø-Reward:  2.400 | Places: [1190 (0.59), 517 (0.26), 196 (0.10), 97 (0.05)]
[2025-08-28 21:03:55] Winrate vs random2     :  83.0% | Σ-Reward:  5604.0 | Ø-Reward:  2.802 | Places: [1661 (0.83), 293 (0.15), 35 (0.02), 11 (0.01)]
[2025-08-28 21:03:55] Winrate vs single_only :  81.4% | Σ-Reward:  5507.0 | Ø-Reward:  2.753 | Places: [1628 (0.81), 267 (0.13), 89 (0.04), 16 (0.01)]
[2025-08-28 21:03:56] Timing @ep 330000: episode 21.3s | train 0.133s | eval 19.7s | plot 1.4s | save 0.002s | cum 1.56h
[2025-08-28 21:06:25] 
[2025-08-28 21:06:25] Benchmark @train_ep  340000 (bench_eps: 2000)
[2025-08-28 21:06:25] Macro Winrate          :  77.6%
[2025-08-28 21:06:25] Macro Ø-Reward         :  2.679
[2025-08-28 21:06:25] Winrate vs max_combo   :  61.3% | Σ-Reward:  4810.0 | Ø-Reward:  2.405 | Places: [1226 (0.61), 463 (0.23), 206 (0.10), 105 (0.05)]
[2025-08-28 21:06:25] Winrate vs random2     :  85.7% | Σ-Reward:  5634.0 | Ø-Reward:  2.817 | Places: [1714 (0.86), 220 (0.11), 52 (0.03), 14 (0.01)]
[2025-08-28 21:06:25] Winrate vs single_only :  85.8% | Σ-Reward:  5631.0 | Ø-Reward:  2.816 | Places: [1715 (0.86), 212 (0.11), 62 (0.03), 11 (0.01)]
[2025-08-28 21:06:27] Timing @ep 340000: episode 21.1s | train 0.098s | eval 19.5s | plot 1.4s | save 0.002s | cum 1.61h
[2025-08-28 21:08:56] 
[2025-08-28 21:08:56] Benchmark @train_ep  350000 (bench_eps: 2000)
[2025-08-28 21:08:56] Macro Winrate          :  74.8%
[2025-08-28 21:08:56] Macro Ø-Reward         :  2.649
[2025-08-28 21:08:56] Winrate vs max_combo   :  60.1% | Σ-Reward:  4784.0 | Ø-Reward:  2.392 | Places: [1203 (0.60), 484 (0.24), 207 (0.10), 106 (0.05)]
[2025-08-28 21:08:56] Winrate vs random2     :  83.7% | Σ-Reward:  5607.0 | Ø-Reward:  2.804 | Places: [1674 (0.84), 269 (0.13), 47 (0.02), 10 (0.01)]
[2025-08-28 21:08:56] Winrate vs single_only :  80.4% | Σ-Reward:  5505.0 | Ø-Reward:  2.752 | Places: [1608 (0.80), 297 (0.15), 87 (0.04), 8 (0.00)]
[2025-08-28 21:08:58] Timing @ep 350000: episode 21.3s | train 0.127s | eval 19.6s | plot 1.6s | save 0.002s | cum 1.65h
[2025-08-28 21:11:27] 
[2025-08-28 21:11:27] Benchmark @train_ep  360000 (bench_eps: 2000)
[2025-08-28 21:11:27] Macro Winrate          :  74.5%
[2025-08-28 21:11:27] Macro Ø-Reward         :  2.635
[2025-08-28 21:11:27] Winrate vs max_combo   :  59.6% | Σ-Reward:  4725.0 | Ø-Reward:  2.362 | Places: [1193 (0.60), 471 (0.24), 204 (0.10), 132 (0.07)]
[2025-08-28 21:11:27] Winrate vs random2     :  82.2% | Σ-Reward:  5568.0 | Ø-Reward:  2.784 | Places: [1644 (0.82), 291 (0.15), 54 (0.03), 11 (0.01)]
[2025-08-28 21:11:27] Winrate vs single_only :  81.8% | Σ-Reward:  5520.0 | Ø-Reward:  2.760 | Places: [1635 (0.82), 263 (0.13), 89 (0.04), 13 (0.01)]
[2025-08-28 21:11:29] Timing @ep 360000: episode 21.5s | train 0.097s | eval 19.8s | plot 1.6s | save 0.002s | cum 1.70h
[2025-08-28 21:13:58] 
[2025-08-28 21:13:58] Benchmark @train_ep  370000 (bench_eps: 2000)
[2025-08-28 21:13:58] Macro Winrate          :  73.1%
[2025-08-28 21:13:58] Macro Ø-Reward         :  2.621
[2025-08-28 21:13:58] Winrate vs max_combo   :  58.7% | Σ-Reward:  4731.0 | Ø-Reward:  2.365 | Places: [1174 (0.59), 502 (0.25), 205 (0.10), 119 (0.06)]
[2025-08-28 21:13:58] Winrate vs random2     :  80.8% | Σ-Reward:  5539.0 | Ø-Reward:  2.769 | Places: [1615 (0.81), 321 (0.16), 52 (0.03), 12 (0.01)]
[2025-08-28 21:13:58] Winrate vs single_only :  79.8% | Σ-Reward:  5454.0 | Ø-Reward:  2.727 | Places: [1596 (0.80), 278 (0.14), 110 (0.06), 16 (0.01)]
[2025-08-28 21:14:00] Timing @ep 370000: episode 21.6s | train 0.125s | eval 20.0s | plot 1.4s | save 0.002s | cum 1.74h
[2025-08-28 21:16:31] 
[2025-08-28 21:16:31] Benchmark @train_ep  380000 (bench_eps: 2000)
[2025-08-28 21:16:31] Macro Winrate          :  75.1%
[2025-08-28 21:16:31] Macro Ø-Reward         :  2.660
[2025-08-28 21:16:31] Winrate vs max_combo   :  59.5% | Σ-Reward:  4789.0 | Ø-Reward:  2.394 | Places: [1189 (0.59), 506 (0.25), 210 (0.10), 95 (0.05)]
[2025-08-28 21:16:31] Winrate vs random2     :  83.8% | Σ-Reward:  5632.0 | Ø-Reward:  2.816 | Places: [1677 (0.84), 282 (0.14), 37 (0.02), 4 (0.00)]
[2025-08-28 21:16:31] Winrate vs single_only :  82.0% | Σ-Reward:  5542.0 | Ø-Reward:  2.771 | Places: [1640 (0.82), 272 (0.14), 78 (0.04), 10 (0.01)]
[2025-08-28 21:16:33] Timing @ep 380000: episode 22.0s | train 0.104s | eval 20.5s | plot 1.4s | save 0.002s | cum 1.79h
[2025-08-28 21:19:03] 
[2025-08-28 21:19:03] Benchmark @train_ep  390000 (bench_eps: 2000)
[2025-08-28 21:19:03] Macro Winrate          :  75.4%
[2025-08-28 21:19:03] Macro Ø-Reward         :  2.652
[2025-08-28 21:19:03] Winrate vs max_combo   :  58.6% | Σ-Reward:  4745.0 | Ø-Reward:  2.373 | Places: [1173 (0.59), 506 (0.25), 214 (0.11), 107 (0.05)]
[2025-08-28 21:19:03] Winrate vs random2     :  85.7% | Σ-Reward:  5626.0 | Ø-Reward:  2.813 | Places: [1713 (0.86), 216 (0.11), 55 (0.03), 16 (0.01)]
[2025-08-28 21:19:03] Winrate vs single_only :  81.8% | Σ-Reward:  5541.0 | Ø-Reward:  2.771 | Places: [1635 (0.82), 277 (0.14), 82 (0.04), 6 (0.00)]
[2025-08-28 21:19:05] Timing @ep 390000: episode 21.6s | train 0.098s | eval 20.0s | plot 1.5s | save 0.002s | cum 1.83h
[2025-08-28 21:21:35] 
[2025-08-28 21:21:35] Benchmark @train_ep  400000 (bench_eps: 2000)
[2025-08-28 21:21:35] Macro Winrate          :  76.2%
[2025-08-28 21:21:35] Macro Ø-Reward         :  2.675
[2025-08-28 21:21:35] Winrate vs max_combo   :  61.5% | Σ-Reward:  4860.0 | Ø-Reward:  2.430 | Places: [1229 (0.61), 491 (0.25), 191 (0.10), 89 (0.04)]
[2025-08-28 21:21:35] Winrate vs random2     :  85.9% | Σ-Reward:  5661.0 | Ø-Reward:  2.830 | Places: [1718 (0.86), 237 (0.12), 33 (0.02), 12 (0.01)]
[2025-08-28 21:21:35] Winrate vs single_only :  81.3% | Σ-Reward:  5531.0 | Ø-Reward:  2.765 | Places: [1626 (0.81), 289 (0.14), 75 (0.04), 10 (0.01)]
[2025-08-28 21:21:36] Timing @ep 400000: episode 22.0s | train 0.101s | eval 20.2s | plot 1.7s | save 0.002s | cum 1.88h
[2025-08-28 21:24:06] 
[2025-08-28 21:24:06] Benchmark @train_ep  410000 (bench_eps: 2000)
[2025-08-28 21:24:06] Macro Winrate          :  75.9%
[2025-08-28 21:24:06] Macro Ø-Reward         :  2.649
[2025-08-28 21:24:06] Winrate vs max_combo   :  59.4% | Σ-Reward:  4674.0 | Ø-Reward:  2.337 | Places: [1188 (0.59), 445 (0.22), 220 (0.11), 147 (0.07)]
[2025-08-28 21:24:06] Winrate vs random2     :  84.9% | Σ-Reward:  5644.0 | Ø-Reward:  2.822 | Places: [1698 (0.85), 255 (0.13), 40 (0.02), 7 (0.00)]
[2025-08-28 21:24:06] Winrate vs single_only :  83.3% | Σ-Reward:  5577.0 | Ø-Reward:  2.788 | Places: [1667 (0.83), 254 (0.13), 68 (0.03), 11 (0.01)]
[2025-08-28 21:24:05] Timing @ep 410000: episode 21.1s | train 0.097s | eval 19.6s | plot 1.4s | save 0.002s | cum 1.92h
[2025-08-28 21:26:35] 
[2025-08-28 21:26:35] Benchmark @train_ep  420000 (bench_eps: 2000)
[2025-08-28 21:26:35] Macro Winrate          :  75.2%
[2025-08-28 21:26:35] Macro Ø-Reward         :  2.639
[2025-08-28 21:26:35] Winrate vs max_combo   :  59.1% | Σ-Reward:  4711.0 | Ø-Reward:  2.356 | Places: [1182 (0.59), 478 (0.24), 209 (0.10), 131 (0.07)]
[2025-08-28 21:26:35] Winrate vs random2     :  83.3% | Σ-Reward:  5583.0 | Ø-Reward:  2.792 | Places: [1667 (0.83), 263 (0.13), 56 (0.03), 14 (0.01)]
[2025-08-28 21:26:35] Winrate vs single_only :  83.2% | Σ-Reward:  5541.0 | Ø-Reward:  2.771 | Places: [1663 (0.83), 231 (0.12), 90 (0.04), 16 (0.01)]
[2025-08-28 21:26:37] Timing @ep 420000: episode 21.2s | train 0.094s | eval 19.7s | plot 1.4s | save 0.002s | cum 1.97h
[2025-08-28 21:29:07] 
[2025-08-28 21:29:07] Benchmark @train_ep  430000 (bench_eps: 2000)
[2025-08-28 21:29:07] Macro Winrate          :  75.4%
[2025-08-28 21:29:07] Macro Ø-Reward         :  2.659
[2025-08-28 21:29:07] Winrate vs max_combo   :  60.0% | Σ-Reward:  4798.0 | Ø-Reward:  2.399 | Places: [1199 (0.60), 489 (0.24), 223 (0.11), 89 (0.04)]
[2025-08-28 21:29:07] Winrate vs random2     :  83.3% | Σ-Reward:  5578.0 | Ø-Reward:  2.789 | Places: [1667 (0.83), 261 (0.13), 55 (0.03), 17 (0.01)]
[2025-08-28 21:29:07] Winrate vs single_only :  83.0% | Σ-Reward:  5577.0 | Ø-Reward:  2.788 | Places: [1660 (0.83), 267 (0.13), 63 (0.03), 10 (0.01)]
[2025-08-28 21:29:08] Timing @ep 430000: episode 21.0s | train 0.102s | eval 19.6s | plot 1.3s | save 0.003s | cum 2.02h
[2025-08-28 21:31:38] 
[2025-08-28 21:31:38] Benchmark @train_ep  440000 (bench_eps: 2000)
[2025-08-28 21:31:38] Macro Winrate          :  75.1%
[2025-08-28 21:31:38] Macro Ø-Reward         :  2.658
[2025-08-28 21:31:38] Winrate vs max_combo   :  60.3% | Σ-Reward:  4820.0 | Ø-Reward:  2.410 | Places: [1206 (0.60), 499 (0.25), 204 (0.10), 91 (0.05)]
[2025-08-28 21:31:38] Winrate vs random2     :  84.5% | Σ-Reward:  5629.0 | Ø-Reward:  2.814 | Places: [1689 (0.84), 257 (0.13), 48 (0.02), 6 (0.00)]
[2025-08-28 21:31:38] Winrate vs single_only :  80.7% | Σ-Reward:  5500.0 | Ø-Reward:  2.750 | Places: [1614 (0.81), 286 (0.14), 86 (0.04), 14 (0.01)]
[2025-08-28 21:31:39] Timing @ep 440000: episode 21.3s | train 0.101s | eval 19.7s | plot 1.5s | save 0.002s | cum 2.06h
[2025-08-28 21:34:09] 
[2025-08-28 21:34:09] Benchmark @train_ep  450000 (bench_eps: 2000)
[2025-08-28 21:34:09] Macro Winrate          :  73.5%
[2025-08-28 21:34:09] Macro Ø-Reward         :  2.628
[2025-08-28 21:34:09] Winrate vs max_combo   :  57.6% | Σ-Reward:  4711.0 | Ø-Reward:  2.356 | Places: [1153 (0.58), 522 (0.26), 208 (0.10), 117 (0.06)]
[2025-08-28 21:34:09] Winrate vs random2     :  80.0% | Σ-Reward:  5506.0 | Ø-Reward:  2.753 | Places: [1600 (0.80), 318 (0.16), 70 (0.04), 12 (0.01)]
[2025-08-28 21:34:09] Winrate vs single_only :  82.8% | Σ-Reward:  5552.0 | Ø-Reward:  2.776 | Places: [1655 (0.83), 251 (0.13), 85 (0.04), 9 (0.00)]
[2025-08-28 21:34:10] Timing @ep 450000: episode 21.1s | train 0.139s | eval 19.6s | plot 1.3s | save 0.002s | cum 2.11h
[2025-08-28 21:36:46] 
[2025-08-28 21:36:46] Benchmark @train_ep  460000 (bench_eps: 2000)
[2025-08-28 21:36:46] Macro Winrate          :  75.2%
[2025-08-28 21:36:46] Macro Ø-Reward         :  2.666
[2025-08-28 21:36:46] Winrate vs max_combo   :  62.6% | Σ-Reward:  4909.0 | Ø-Reward:  2.454 | Places: [1252 (0.63), 483 (0.24), 187 (0.09), 78 (0.04)]
[2025-08-28 21:36:46] Winrate vs random2     :  84.2% | Σ-Reward:  5610.0 | Ø-Reward:  2.805 | Places: [1684 (0.84), 248 (0.12), 62 (0.03), 6 (0.00)]
[2025-08-28 21:36:46] Winrate vs single_only :  78.9% | Σ-Reward:  5478.0 | Ø-Reward:  2.739 | Places: [1578 (0.79), 338 (0.17), 68 (0.03), 16 (0.01)]
[2025-08-28 21:36:47] Timing @ep 460000: episode 21.2s | train 0.097s | eval 19.8s | plot 1.3s | save 0.002s | cum 2.15h
[2025-08-28 21:39:19] 
[2025-08-28 21:39:19] Benchmark @train_ep  470000 (bench_eps: 2000)
[2025-08-28 21:39:19] Macro Winrate          :  74.2%
[2025-08-28 21:39:19] Macro Ø-Reward         :  2.641
[2025-08-28 21:39:19] Winrate vs max_combo   :  59.6% | Σ-Reward:  4797.0 | Ø-Reward:  2.398 | Places: [1193 (0.60), 504 (0.25), 210 (0.10), 93 (0.05)]
[2025-08-28 21:39:19] Winrate vs random2     :  82.7% | Σ-Reward:  5549.0 | Ø-Reward:  2.775 | Places: [1653 (0.83), 267 (0.13), 56 (0.03), 24 (0.01)]
[2025-08-28 21:39:19] Winrate vs single_only :  80.2% | Σ-Reward:  5498.0 | Ø-Reward:  2.749 | Places: [1603 (0.80), 300 (0.15), 89 (0.04), 8 (0.00)]
[2025-08-28 21:39:20] Timing @ep 470000: episode 21.5s | train 0.100s | eval 19.9s | plot 1.4s | save 0.002s | cum 2.20h
[2025-08-28 21:41:52] 
[2025-08-28 21:41:52] Benchmark @train_ep  480000 (bench_eps: 2000)
[2025-08-28 21:41:52] Macro Winrate          :  76.0%
[2025-08-28 21:41:52] Macro Ø-Reward         :  2.669
[2025-08-28 21:41:52] Winrate vs max_combo   :  63.0% | Σ-Reward:  4879.0 | Ø-Reward:  2.439 | Places: [1259 (0.63), 456 (0.23), 190 (0.10), 95 (0.05)]
[2025-08-28 21:41:52] Winrate vs random2     :  83.9% | Σ-Reward:  5609.0 | Ø-Reward:  2.804 | Places: [1678 (0.84), 264 (0.13), 47 (0.02), 11 (0.01)]
[2025-08-28 21:41:52] Winrate vs single_only :  81.1% | Σ-Reward:  5529.0 | Ø-Reward:  2.764 | Places: [1622 (0.81), 298 (0.15), 67 (0.03), 13 (0.01)]
[2025-08-28 21:41:53] Timing @ep 480000: episode 21.6s | train 0.133s | eval 20.0s | plot 1.4s | save 0.002s | cum 2.24h
[2025-08-28 21:44:23] 
[2025-08-28 21:44:23] Benchmark @train_ep  490000 (bench_eps: 2000)
[2025-08-28 21:44:23] Macro Winrate          :  74.2%
[2025-08-28 21:44:23] Macro Ø-Reward         :  2.635
[2025-08-28 21:44:23] Winrate vs max_combo   :  60.4% | Σ-Reward:  4753.0 | Ø-Reward:  2.377 | Places: [1208 (0.60), 462 (0.23), 205 (0.10), 125 (0.06)]
[2025-08-28 21:44:23] Winrate vs random2     :  82.4% | Σ-Reward:  5567.0 | Ø-Reward:  2.784 | Places: [1648 (0.82), 283 (0.14), 57 (0.03), 12 (0.01)]
[2025-08-28 21:44:23] Winrate vs single_only :  79.8% | Σ-Reward:  5490.0 | Ø-Reward:  2.745 | Places: [1595 (0.80), 314 (0.16), 77 (0.04), 14 (0.01)]
[2025-08-28 21:44:25] Timing @ep 490000: episode 21.6s | train 0.097s | eval 19.9s | plot 1.6s | save 0.002s | cum 2.29h
[2025-08-28 21:47:03] 
[2025-08-28 21:47:03] Benchmark @train_ep  500000 (bench_eps: 2000)
[2025-08-28 21:47:03] Macro Winrate          :  73.8%
[2025-08-28 21:47:03] Macro Ø-Reward         :  2.636
[2025-08-28 21:47:03] Winrate vs max_combo   :  59.9% | Σ-Reward:  4797.0 | Ø-Reward:  2.398 | Places: [1198 (0.60), 501 (0.25), 201 (0.10), 100 (0.05)]
[2025-08-28 21:47:03] Winrate vs random2     :  81.1% | Σ-Reward:  5525.0 | Ø-Reward:  2.763 | Places: [1622 (0.81), 294 (0.15), 71 (0.04), 13 (0.01)]
[2025-08-28 21:47:03] Winrate vs single_only :  80.5% | Σ-Reward:  5493.0 | Ø-Reward:  2.747 | Places: [1611 (0.81), 283 (0.14), 94 (0.05), 12 (0.01)]
[2025-08-28 21:47:04] Timing @ep 500000: episode 22.0s | train 0.151s | eval 20.5s | plot 1.4s | save 0.002s | cum 2.34h
[2025-08-28 21:47:04] 
[2025-08-28 21:47:04] Gesamtzeit: 2.34h (~ 59.38 eps/s)
[2025-08-28 21:47:04] k4a2, Shared Policy Selfplay (DQN, Bundle-Updates, 1 Prozess). Training abgeschlossen.
[2025-08-28 21:47:04] Path: /home/wasterix/Multiagent/OpenSpiel_neu/open_spiel/President/models/k4a2/model_02
