[2025-09-14 08:39:48] New Training (k1a2): DQN Single-Agent vs Heuristiken/Population (P0→P0)
[2025-09-14 08:39:48] Deck_Size: 64
[2025-09-14 08:39:48] Episodes: 1000000
[2025-09-14 08:39:48] Path: /home/wasterix/OpenSpiel/open_spiel/President/models/k1a2/model_40
[2025-09-14 08:39:49] [Population] Initiales Lineup: ['max_combo', 'max_combo', 'max_combo']
[2025-09-14 08:50:38] 
[2025-09-14 08:50:38] Benchmark @train_ep   10000 (bench_eps: 2000)
[2025-09-14 08:50:38] Macro Winrate          :  68.9%
[2025-09-14 08:50:38] Macro Ø-Reward         :  2.576
[2025-09-14 08:50:38] Winrate vs max_combo   :  53.8% | Σ-Reward:  4618.0 | Ø-Reward:  2.309 | Places: [1075 (0.54), 569 (0.28), 255 (0.13), 101 (0.05)]
[2025-09-14 08:50:38] Winrate vs random2     :  79.0% | Σ-Reward:  5495.0 | Ø-Reward:  2.748 | Places: [1580 (0.79), 348 (0.17), 59 (0.03), 13 (0.01)]
[2025-09-14 08:50:38] Winrate vs single_only :  73.8% | Σ-Reward:  5345.0 | Ø-Reward:  2.672 | Places: [1477 (0.74), 401 (0.20), 112 (0.06), 10 (0.01)]
[2025-09-14 08:50:41] Timing @ep 10000: episode 33.6s | train 0.053s | eval 30.3s | plot 3.2s | save 0.003s | cum 0.18h
[2025-09-14 09:02:44] 
[2025-09-14 09:02:44] Benchmark @train_ep   20000 (bench_eps: 2000)
[2025-09-14 09:02:44] Macro Winrate          :  74.5%
[2025-09-14 09:02:44] Macro Ø-Reward         :  2.662
[2025-09-14 09:02:44] Winrate vs max_combo   :  58.8% | Σ-Reward:  4826.0 | Ø-Reward:  2.413 | Places: [1175 (0.59), 565 (0.28), 171 (0.09), 89 (0.04)]
[2025-09-14 09:02:44] Winrate vs random2     :  83.2% | Σ-Reward:  5581.0 | Ø-Reward:  2.791 | Places: [1663 (0.83), 270 (0.14), 52 (0.03), 15 (0.01)]
[2025-09-14 09:02:44] Winrate vs single_only :  81.7% | Σ-Reward:  5566.0 | Ø-Reward:  2.783 | Places: [1634 (0.82), 306 (0.15), 52 (0.03), 8 (0.00)]
[2025-09-14 09:02:49] Timing @ep 20000: episode 40.8s | train 0.063s | eval 36.0s | plot 4.8s | save 0.002s | cum 0.38h
[2025-09-14 09:14:35] 
[2025-09-14 09:14:35] Benchmark @train_ep   30000 (bench_eps: 2000)
[2025-09-14 09:14:35] Macro Winrate          :  77.1%
[2025-09-14 09:14:35] Macro Ø-Reward         :  2.693
[2025-09-14 09:14:35] Winrate vs max_combo   :  63.0% | Σ-Reward:  4939.0 | Ø-Reward:  2.470 | Places: [1259 (0.63), 504 (0.25), 154 (0.08), 83 (0.04)]
[2025-09-14 09:14:35] Winrate vs random2     :  87.7% | Σ-Reward:  5704.0 | Ø-Reward:  2.852 | Places: [1753 (0.88), 203 (0.10), 39 (0.02), 5 (0.00)]
[2025-09-14 09:14:35] Winrate vs single_only :  80.7% | Σ-Reward:  5512.0 | Ø-Reward:  2.756 | Places: [1613 (0.81), 303 (0.15), 67 (0.03), 17 (0.01)]
[2025-09-14 09:14:40] Timing @ep 30000: episode 33.8s | train 0.054s | eval 28.5s | plot 5.3s | save 0.002s | cum 0.58h
[2025-09-14 09:26:11] 
[2025-09-14 09:26:11] Benchmark @train_ep   40000 (bench_eps: 2000)
[2025-09-14 09:26:11] Macro Winrate          :  76.3%
[2025-09-14 09:26:11] Macro Ø-Reward         :  2.692
[2025-09-14 09:26:11] Winrate vs max_combo   :  63.5% | Σ-Reward:  4962.0 | Ø-Reward:  2.481 | Places: [1271 (0.64), 488 (0.24), 173 (0.09), 68 (0.03)]
[2025-09-14 09:26:11] Winrate vs random2     :  85.8% | Σ-Reward:  5671.0 | Ø-Reward:  2.836 | Places: [1717 (0.86), 245 (0.12), 30 (0.01), 8 (0.00)]
[2025-09-14 09:26:11] Winrate vs single_only :  79.5% | Σ-Reward:  5518.0 | Ø-Reward:  2.759 | Places: [1591 (0.80), 346 (0.17), 53 (0.03), 10 (0.01)]
[2025-09-14 09:26:18] Timing @ep 40000: episode 37.6s | train 0.052s | eval 30.9s | plot 6.6s | save 0.002s | cum 0.77h
[2025-09-14 09:37:29] 
[2025-09-14 09:37:29] Benchmark @train_ep   50000 (bench_eps: 2000)
[2025-09-14 09:37:29] Macro Winrate          :  78.9%
[2025-09-14 09:37:29] Macro Ø-Reward         :  2.708
[2025-09-14 09:37:29] Winrate vs max_combo   :  64.2% | Σ-Reward:  4962.0 | Ø-Reward:  2.481 | Places: [1285 (0.64), 476 (0.24), 155 (0.08), 84 (0.04)]
[2025-09-14 09:37:29] Winrate vs random2     :  87.7% | Σ-Reward:  5683.0 | Ø-Reward:  2.841 | Places: [1754 (0.88), 191 (0.10), 39 (0.02), 16 (0.01)]
[2025-09-14 09:37:29] Winrate vs single_only :  84.8% | Σ-Reward:  5605.0 | Ø-Reward:  2.803 | Places: [1695 (0.85), 229 (0.11), 62 (0.03), 14 (0.01)]
[2025-09-14 09:37:37] Timing @ep 50000: episode 35.1s | train 0.056s | eval 27.7s | plot 7.4s | save 0.002s | cum 0.96h
[2025-09-14 09:48:57] 
[2025-09-14 09:48:57] Benchmark @train_ep   60000 (bench_eps: 2000)
[2025-09-14 09:48:57] Macro Winrate          :  76.6%
[2025-09-14 09:48:57] Macro Ø-Reward         :  2.694
[2025-09-14 09:48:57] Winrate vs max_combo   :  63.8% | Σ-Reward:  4968.0 | Ø-Reward:  2.484 | Places: [1276 (0.64), 483 (0.24), 174 (0.09), 67 (0.03)]
[2025-09-14 09:48:57] Winrate vs random2     :  85.5% | Σ-Reward:  5653.0 | Ø-Reward:  2.826 | Places: [1709 (0.85), 245 (0.12), 36 (0.02), 10 (0.01)]
[2025-09-14 09:48:57] Winrate vs single_only :  80.5% | Σ-Reward:  5543.0 | Ø-Reward:  2.772 | Places: [1611 (0.81), 331 (0.17), 48 (0.02), 10 (0.01)]
[2025-09-14 09:49:06] Timing @ep 60000: episode 40.8s | train 0.049s | eval 31.8s | plot 8.9s | save 0.002s | cum 1.15h
[2025-09-14 10:00:12] 
[2025-09-14 10:00:12] Benchmark @train_ep   70000 (bench_eps: 2000)
[2025-09-14 10:00:12] Macro Winrate          :  79.0%
[2025-09-14 10:00:12] Macro Ø-Reward         :  2.712
[2025-09-14 10:00:12] Winrate vs max_combo   :  67.7% | Σ-Reward:  5039.0 | Ø-Reward:  2.519 | Places: [1353 (0.68), 407 (0.20), 166 (0.08), 74 (0.04)]
[2025-09-14 10:00:12] Winrate vs random2     :  88.0% | Σ-Reward:  5711.0 | Ø-Reward:  2.856 | Places: [1759 (0.88), 201 (0.10), 32 (0.02), 8 (0.00)]
[2025-09-14 10:00:12] Winrate vs single_only :  81.3% | Σ-Reward:  5525.0 | Ø-Reward:  2.763 | Places: [1626 (0.81), 292 (0.15), 63 (0.03), 19 (0.01)]
[2025-09-14 10:00:22] Timing @ep 70000: episode 37.7s | train 0.063s | eval 28.0s | plot 9.7s | save 0.002s | cum 1.34h
[2025-09-14 10:11:25] 
[2025-09-14 10:11:25] Benchmark @train_ep   80000 (bench_eps: 2000)
[2025-09-14 10:11:25] Macro Winrate          :  76.3%
[2025-09-14 10:11:25] Macro Ø-Reward         :  2.677
[2025-09-14 10:11:25] Winrate vs max_combo   :  63.4% | Σ-Reward:  4940.0 | Ø-Reward:  2.470 | Places: [1268 (0.63), 476 (0.24), 184 (0.09), 72 (0.04)]
[2025-09-14 10:11:25] Winrate vs random2     :  84.6% | Σ-Reward:  5608.0 | Ø-Reward:  2.804 | Places: [1692 (0.85), 248 (0.12), 36 (0.02), 24 (0.01)]
[2025-09-14 10:11:25] Winrate vs single_only :  80.9% | Σ-Reward:  5515.0 | Ø-Reward:  2.757 | Places: [1618 (0.81), 290 (0.14), 81 (0.04), 11 (0.01)]
[2025-09-14 10:11:36] Timing @ep 80000: episode 39.5s | train 0.054s | eval 29.3s | plot 10.2s | save 0.001s | cum 1.53h
[2025-09-14 10:22:41] 
[2025-09-14 10:22:41] Benchmark @train_ep   90000 (bench_eps: 2000)
[2025-09-14 10:22:41] Macro Winrate          :  75.7%
[2025-09-14 10:22:41] Macro Ø-Reward         :  2.669
[2025-09-14 10:22:41] Winrate vs max_combo   :  63.2% | Σ-Reward:  4919.0 | Ø-Reward:  2.459 | Places: [1265 (0.63), 474 (0.24), 176 (0.09), 85 (0.04)]
[2025-09-14 10:22:41] Winrate vs random2     :  86.0% | Σ-Reward:  5626.0 | Ø-Reward:  2.813 | Places: [1721 (0.86), 213 (0.11), 37 (0.02), 29 (0.01)]
[2025-09-14 10:22:41] Winrate vs single_only :  77.9% | Σ-Reward:  5468.0 | Ø-Reward:  2.734 | Places: [1558 (0.78), 362 (0.18), 70 (0.04), 10 (0.01)]
[2025-09-14 10:22:53] Timing @ep 90000: episode 42.2s | train 0.047s | eval 29.9s | plot 12.2s | save 0.002s | cum 1.72h
[2025-09-14 10:35:31] 
[2025-09-14 10:35:31] Benchmark @train_ep  100000 (bench_eps: 2000)
[2025-09-14 10:35:31] Macro Winrate          :  76.2%
[2025-09-14 10:35:31] Macro Ø-Reward         :  2.674
[2025-09-14 10:35:31] Winrate vs max_combo   :  64.1% | Σ-Reward:  4937.0 | Ø-Reward:  2.469 | Places: [1282 (0.64), 463 (0.23), 165 (0.08), 90 (0.04)]
[2025-09-14 10:35:31] Winrate vs random2     :  85.5% | Σ-Reward:  5643.0 | Ø-Reward:  2.821 | Places: [1711 (0.86), 235 (0.12), 40 (0.02), 14 (0.01)]
[2025-09-14 10:35:31] Winrate vs single_only :  79.1% | Σ-Reward:  5466.0 | Ø-Reward:  2.733 | Places: [1582 (0.79), 325 (0.16), 70 (0.04), 23 (0.01)]
[2025-09-14 10:35:43] Timing @ep 100000: episode 43.5s | train 0.060s | eval 31.5s | plot 11.9s | save 0.002s | cum 1.93h
[2025-09-14 10:47:40] 
[2025-09-14 10:47:40] Benchmark @train_ep  110000 (bench_eps: 2000)
[2025-09-14 10:47:40] Macro Winrate          :  77.2%
[2025-09-14 10:47:40] Macro Ø-Reward         :  2.696
[2025-09-14 10:47:40] Winrate vs max_combo   :  64.2% | Σ-Reward:  5015.0 | Ø-Reward:  2.507 | Places: [1285 (0.64), 496 (0.25), 168 (0.08), 51 (0.03)]
[2025-09-14 10:47:40] Winrate vs random2     :  85.1% | Σ-Reward:  5597.0 | Ø-Reward:  2.799 | Places: [1702 (0.85), 221 (0.11), 49 (0.02), 28 (0.01)]
[2025-09-14 10:47:40] Winrate vs single_only :  82.3% | Σ-Reward:  5565.0 | Ø-Reward:  2.783 | Places: [1647 (0.82), 282 (0.14), 60 (0.03), 11 (0.01)]
[2025-09-14 10:47:54] Timing @ep 110000: episode 47.0s | train 0.073s | eval 33.2s | plot 13.7s | save 0.002s | cum 2.13h
[2025-09-14 11:00:36] 
[2025-09-14 11:00:36] Benchmark @train_ep  120000 (bench_eps: 2000)
[2025-09-14 11:00:36] Macro Winrate          :  79.0%
[2025-09-14 11:00:36] Macro Ø-Reward         :  2.721
[2025-09-14 11:00:36] Winrate vs max_combo   :  67.3% | Σ-Reward:  5061.0 | Ø-Reward:  2.530 | Places: [1347 (0.67), 441 (0.22), 138 (0.07), 74 (0.04)]
[2025-09-14 11:00:36] Winrate vs random2     :  87.0% | Σ-Reward:  5679.0 | Ø-Reward:  2.840 | Places: [1741 (0.87), 213 (0.11), 30 (0.01), 16 (0.01)]
[2025-09-14 11:00:36] Winrate vs single_only :  82.8% | Σ-Reward:  5584.0 | Ø-Reward:  2.792 | Places: [1655 (0.83), 282 (0.14), 55 (0.03), 8 (0.00)]
[2025-09-14 11:00:51] Timing @ep 120000: episode 47.0s | train 0.059s | eval 32.2s | plot 14.8s | save 0.002s | cum 2.35h
[2025-09-14 11:13:20] 
[2025-09-14 11:13:20] Benchmark @train_ep  130000 (bench_eps: 2000)
[2025-09-14 11:13:20] Macro Winrate          :  77.5%
[2025-09-14 11:13:20] Macro Ø-Reward         :  2.705
[2025-09-14 11:13:20] Winrate vs max_combo   :  65.0% | Σ-Reward:  5018.0 | Ø-Reward:  2.509 | Places: [1300 (0.65), 489 (0.24), 140 (0.07), 71 (0.04)]
[2025-09-14 11:13:20] Winrate vs random2     :  86.4% | Σ-Reward:  5660.0 | Ø-Reward:  2.830 | Places: [1728 (0.86), 217 (0.11), 42 (0.02), 13 (0.01)]
[2025-09-14 11:13:20] Winrate vs single_only :  81.1% | Σ-Reward:  5550.0 | Ø-Reward:  2.775 | Places: [1622 (0.81), 317 (0.16), 50 (0.03), 11 (0.01)]
[2025-09-14 11:13:36] Timing @ep 130000: episode 48.0s | train 0.069s | eval 32.2s | plot 15.7s | save 0.002s | cum 2.56h
[2025-09-14 11:26:30] 
[2025-09-14 11:26:30] Benchmark @train_ep  140000 (bench_eps: 2000)
[2025-09-14 11:26:30] Macro Winrate          :  74.1%
[2025-09-14 11:26:30] Macro Ø-Reward         :  2.649
[2025-09-14 11:26:30] Winrate vs max_combo   :  64.2% | Σ-Reward:  4938.0 | Ø-Reward:  2.469 | Places: [1283 (0.64), 462 (0.23), 165 (0.08), 90 (0.04)]
[2025-09-14 11:26:30] Winrate vs random2     :  83.0% | Σ-Reward:  5578.0 | Ø-Reward:  2.789 | Places: [1661 (0.83), 277 (0.14), 41 (0.02), 21 (0.01)]
[2025-09-14 11:26:30] Winrate vs single_only :  75.1% | Σ-Reward:  5376.0 | Ø-Reward:  2.688 | Places: [1502 (0.75), 387 (0.19), 96 (0.05), 15 (0.01)]
[2025-09-14 11:26:48] Timing @ep 140000: episode 52.3s | train 0.056s | eval 34.6s | plot 17.6s | save 0.002s | cum 2.78h
[2025-09-14 11:39:53] 
[2025-09-14 11:39:53] Benchmark @train_ep  150000 (bench_eps: 2000)
[2025-09-14 11:39:53] Macro Winrate          :  75.6%
[2025-09-14 11:39:53] Macro Ø-Reward         :  2.669
[2025-09-14 11:39:53] Winrate vs max_combo   :  65.8% | Σ-Reward:  5021.0 | Ø-Reward:  2.510 | Places: [1315 (0.66), 459 (0.23), 158 (0.08), 68 (0.03)]
[2025-09-14 11:39:53] Winrate vs random2     :  86.5% | Σ-Reward:  5676.0 | Ø-Reward:  2.838 | Places: [1731 (0.87), 228 (0.11), 27 (0.01), 14 (0.01)]
[2025-09-14 11:39:53] Winrate vs single_only :  74.7% | Σ-Reward:  5315.0 | Ø-Reward:  2.658 | Places: [1493 (0.75), 354 (0.18), 128 (0.06), 25 (0.01)]
[2025-09-14 11:40:11] Timing @ep 150000: episode 52.7s | train 0.050s | eval 34.3s | plot 18.4s | save 0.004s | cum 3.01h
[2025-09-14 11:53:10] 
[2025-09-14 11:53:10] Benchmark @train_ep  160000 (bench_eps: 2000)
[2025-09-14 11:53:10] Macro Winrate          :  74.7%
[2025-09-14 11:53:10] Macro Ø-Reward         :  2.651
[2025-09-14 11:53:10] Winrate vs max_combo   :  62.5% | Σ-Reward:  4871.0 | Ø-Reward:  2.436 | Places: [1250 (0.62), 473 (0.24), 175 (0.09), 102 (0.05)]
[2025-09-14 11:53:10] Winrate vs random2     :  83.3% | Σ-Reward:  5574.0 | Ø-Reward:  2.787 | Places: [1666 (0.83), 262 (0.13), 52 (0.03), 20 (0.01)]
[2025-09-14 11:53:10] Winrate vs single_only :  78.2% | Σ-Reward:  5462.0 | Ø-Reward:  2.731 | Places: [1565 (0.78), 352 (0.18), 63 (0.03), 20 (0.01)]
[2025-09-14 11:53:29] Timing @ep 160000: episode 55.1s | train 0.070s | eval 35.5s | plot 19.6s | save 0.002s | cum 3.23h
[2025-09-14 12:06:36] 
[2025-09-14 12:06:36] Benchmark @train_ep  170000 (bench_eps: 2000)
[2025-09-14 12:06:36] Macro Winrate          :  78.0%
[2025-09-14 12:06:36] Macro Ø-Reward         :  2.691
[2025-09-14 12:06:36] Winrate vs max_combo   :  65.0% | Σ-Reward:  4970.0 | Ø-Reward:  2.485 | Places: [1301 (0.65), 450 (0.23), 167 (0.08), 82 (0.04)]
[2025-09-14 12:06:36] Winrate vs random2     :  86.0% | Σ-Reward:  5628.0 | Ø-Reward:  2.814 | Places: [1720 (0.86), 212 (0.11), 44 (0.02), 24 (0.01)]
[2025-09-14 12:06:36] Winrate vs single_only :  82.9% | Σ-Reward:  5550.0 | Ø-Reward:  2.775 | Places: [1658 (0.83), 257 (0.13), 62 (0.03), 23 (0.01)]
[2025-09-14 12:06:56] Timing @ep 170000: episode 53.6s | train 0.083s | eval 33.4s | plot 20.2s | save 0.002s | cum 3.45h
[2025-09-14 12:19:17] 
[2025-09-14 12:19:17] Benchmark @train_ep  180000 (bench_eps: 2000)
[2025-09-14 12:19:17] Macro Winrate          :  77.1%
[2025-09-14 12:19:17] Macro Ø-Reward         :  2.682
[2025-09-14 12:19:17] Winrate vs max_combo   :  64.4% | Σ-Reward:  4928.0 | Ø-Reward:  2.464 | Places: [1288 (0.64), 438 (0.22), 188 (0.09), 86 (0.04)]
[2025-09-14 12:19:17] Winrate vs random2     :  85.5% | Σ-Reward:  5613.0 | Ø-Reward:  2.807 | Places: [1710 (0.85), 223 (0.11), 37 (0.02), 30 (0.01)]
[2025-09-14 12:19:17] Winrate vs single_only :  81.3% | Σ-Reward:  5552.0 | Ø-Reward:  2.776 | Places: [1626 (0.81), 313 (0.16), 48 (0.02), 13 (0.01)]
[2025-09-14 12:19:38] Timing @ep 180000: episode 53.1s | train 0.060s | eval 32.3s | plot 20.7s | save 0.002s | cum 3.66h
[2025-09-14 12:32:10] 
[2025-09-14 12:32:10] Benchmark @train_ep  190000 (bench_eps: 2000)
[2025-09-14 12:32:10] Macro Winrate          :  77.0%
[2025-09-14 12:32:10] Macro Ø-Reward         :  2.686
[2025-09-14 12:32:10] Winrate vs max_combo   :  64.6% | Σ-Reward:  4982.0 | Ø-Reward:  2.491 | Places: [1292 (0.65), 477 (0.24), 152 (0.08), 79 (0.04)]
[2025-09-14 12:32:10] Winrate vs random2     :  86.6% | Σ-Reward:  5655.0 | Ø-Reward:  2.828 | Places: [1732 (0.87), 210 (0.10), 39 (0.02), 19 (0.01)]
[2025-09-14 12:32:10] Winrate vs single_only :  79.8% | Σ-Reward:  5477.0 | Ø-Reward:  2.739 | Places: [1597 (0.80), 298 (0.15), 90 (0.04), 15 (0.01)]
[2025-09-14 12:32:31] Timing @ep 190000: episode 55.7s | train 0.053s | eval 35.0s | plot 20.6s | save 0.002s | cum 3.88h
[2025-09-14 12:46:16] 
[2025-09-14 12:46:16] Benchmark @train_ep  200000 (bench_eps: 2000)
[2025-09-14 12:46:16] Macro Winrate          :  76.4%
[2025-09-14 12:46:16] Macro Ø-Reward         :  2.679
[2025-09-14 12:46:16] Winrate vs max_combo   :  62.0% | Σ-Reward:  4903.0 | Ø-Reward:  2.451 | Places: [1241 (0.62), 498 (0.25), 184 (0.09), 77 (0.04)]
[2025-09-14 12:46:16] Winrate vs random2     :  85.1% | Σ-Reward:  5630.0 | Ø-Reward:  2.815 | Places: [1702 (0.85), 242 (0.12), 40 (0.02), 16 (0.01)]
[2025-09-14 12:46:16] Winrate vs single_only :  82.0% | Σ-Reward:  5541.0 | Ø-Reward:  2.771 | Places: [1640 (0.82), 281 (0.14), 59 (0.03), 20 (0.01)]
[2025-09-14 12:46:38] Timing @ep 200000: episode 55.3s | train 0.070s | eval 33.3s | plot 21.9s | save 0.002s | cum 4.11h
[2025-09-14 12:59:45] 
[2025-09-14 12:59:45] Benchmark @train_ep  210000 (bench_eps: 2000)
[2025-09-14 12:59:45] Macro Winrate          :  77.4%
[2025-09-14 12:59:45] Macro Ø-Reward         :  2.690
[2025-09-14 12:59:45] Winrate vs max_combo   :  63.3% | Σ-Reward:  4982.0 | Ø-Reward:  2.491 | Places: [1266 (0.63), 508 (0.25), 168 (0.08), 58 (0.03)]
[2025-09-14 12:59:45] Winrate vs random2     :  85.5% | Σ-Reward:  5599.0 | Ø-Reward:  2.800 | Places: [1709 (0.85), 208 (0.10), 56 (0.03), 27 (0.01)]
[2025-09-14 12:59:45] Winrate vs single_only :  83.3% | Σ-Reward:  5561.0 | Ø-Reward:  2.780 | Places: [1667 (0.83), 246 (0.12), 68 (0.03), 19 (0.01)]
[2025-09-14 13:00:09] Timing @ep 210000: episode 59.2s | train 0.058s | eval 35.1s | plot 24.0s | save 0.002s | cum 4.34h
[2025-09-14 13:13:18] 
[2025-09-14 13:13:18] Benchmark @train_ep  220000 (bench_eps: 2000)
[2025-09-14 13:13:18] Macro Winrate          :  75.4%
[2025-09-14 13:13:18] Macro Ø-Reward         :  2.649
[2025-09-14 13:13:18] Winrate vs max_combo   :  63.1% | Σ-Reward:  4936.0 | Ø-Reward:  2.468 | Places: [1262 (0.63), 496 (0.25), 158 (0.08), 84 (0.04)]
[2025-09-14 13:13:18] Winrate vs random2     :  83.5% | Σ-Reward:  5513.0 | Ø-Reward:  2.756 | Places: [1671 (0.84), 213 (0.11), 74 (0.04), 42 (0.02)]
[2025-09-14 13:13:18] Winrate vs single_only :  79.5% | Σ-Reward:  5445.0 | Ø-Reward:  2.723 | Places: [1589 (0.79), 300 (0.15), 78 (0.04), 33 (0.02)]
[2025-09-14 13:13:41] Timing @ep 220000: episode 56.7s | train 0.080s | eval 33.3s | plot 23.3s | save 0.002s | cum 4.56h
[2025-09-14 13:27:35] 
[2025-09-14 13:27:35] Benchmark @train_ep  230000 (bench_eps: 2000)
[2025-09-14 13:27:35] Macro Winrate          :  76.5%
[2025-09-14 13:27:35] Macro Ø-Reward         :  2.655
[2025-09-14 13:27:35] Winrate vs max_combo   :  61.6% | Σ-Reward:  4816.0 | Ø-Reward:  2.408 | Places: [1232 (0.62), 473 (0.24), 174 (0.09), 121 (0.06)]
[2025-09-14 13:27:35] Winrate vs random2     :  81.5% | Σ-Reward:  5464.0 | Ø-Reward:  2.732 | Places: [1631 (0.82), 255 (0.13), 61 (0.03), 53 (0.03)]
[2025-09-14 13:27:35] Winrate vs single_only :  86.3% | Σ-Reward:  5652.0 | Ø-Reward:  2.826 | Places: [1726 (0.86), 214 (0.11), 46 (0.02), 14 (0.01)]
[2025-09-14 13:27:59] Timing @ep 230000: episode 56.7s | train 0.088s | eval 32.4s | plot 24.1s | save 0.002s | cum 4.80h
[2025-09-14 13:41:32] 
[2025-09-14 13:41:32] Benchmark @train_ep  240000 (bench_eps: 2000)
[2025-09-14 13:41:32] Macro Winrate          :  77.2%
[2025-09-14 13:41:32] Macro Ø-Reward         :  2.697
[2025-09-14 13:41:32] Winrate vs max_combo   :  64.5% | Σ-Reward:  4989.0 | Ø-Reward:  2.494 | Places: [1291 (0.65), 486 (0.24), 144 (0.07), 79 (0.04)]
[2025-09-14 13:41:32] Winrate vs random2     :  86.5% | Σ-Reward:  5670.0 | Ø-Reward:  2.835 | Places: [1731 (0.87), 215 (0.11), 47 (0.02), 7 (0.00)]
[2025-09-14 13:41:32] Winrate vs single_only :  80.5% | Σ-Reward:  5521.0 | Ø-Reward:  2.760 | Places: [1610 (0.81), 311 (0.16), 69 (0.03), 10 (0.01)]
[2025-09-14 13:41:57] Timing @ep 240000: episode 61.7s | train 0.075s | eval 36.7s | plot 24.9s | save 0.002s | cum 5.04h
[2025-09-14 13:56:12] 
[2025-09-14 13:56:12] Benchmark @train_ep  250000 (bench_eps: 2000)
[2025-09-14 13:56:12] Macro Winrate          :  77.1%
[2025-09-14 13:56:12] Macro Ø-Reward         :  2.694
[2025-09-14 13:56:12] Winrate vs max_combo   :  63.8% | Σ-Reward:  4989.0 | Ø-Reward:  2.494 | Places: [1276 (0.64), 501 (0.25), 159 (0.08), 64 (0.03)]
[2025-09-14 13:56:12] Winrate vs random2     :  85.8% | Σ-Reward:  5643.0 | Ø-Reward:  2.821 | Places: [1717 (0.86), 223 (0.11), 46 (0.02), 14 (0.01)]
[2025-09-14 13:56:12] Winrate vs single_only :  81.7% | Σ-Reward:  5532.0 | Ø-Reward:  2.766 | Places: [1633 (0.82), 279 (0.14), 75 (0.04), 13 (0.01)]
[2025-09-14 13:56:38] Timing @ep 250000: episode 60.4s | train 0.062s | eval 34.7s | plot 25.6s | save 0.001s | cum 5.28h
[2025-09-14 14:10:31] 
[2025-09-14 14:10:31] Benchmark @train_ep  260000 (bench_eps: 2000)
[2025-09-14 14:10:31] Macro Winrate          :  77.0%
[2025-09-14 14:10:31] Macro Ø-Reward         :  2.688
[2025-09-14 14:10:31] Winrate vs max_combo   :  62.2% | Σ-Reward:  4905.0 | Ø-Reward:  2.453 | Places: [1244 (0.62), 505 (0.25), 163 (0.08), 88 (0.04)]
[2025-09-14 14:10:31] Winrate vs random2     :  84.1% | Σ-Reward:  5597.0 | Ø-Reward:  2.799 | Places: [1682 (0.84), 251 (0.13), 49 (0.02), 18 (0.01)]
[2025-09-14 14:10:31] Winrate vs single_only :  84.8% | Σ-Reward:  5629.0 | Ø-Reward:  2.814 | Places: [1697 (0.85), 245 (0.12), 48 (0.02), 10 (0.01)]
[2025-09-14 14:10:58] Timing @ep 260000: episode 57.7s | train 0.089s | eval 30.6s | plot 27.1s | save 0.001s | cum 5.52h
[2025-09-14 14:25:18] 
[2025-09-14 14:25:18] Benchmark @train_ep  270000 (bench_eps: 2000)
[2025-09-14 14:25:18] Macro Winrate          :  78.5%
[2025-09-14 14:25:18] Macro Ø-Reward         :  2.710
[2025-09-14 14:25:18] Winrate vs max_combo   :  66.5% | Σ-Reward:  5045.0 | Ø-Reward:  2.522 | Places: [1329 (0.66), 457 (0.23), 144 (0.07), 70 (0.04)]
[2025-09-14 14:25:18] Winrate vs random2     :  87.0% | Σ-Reward:  5668.0 | Ø-Reward:  2.834 | Places: [1739 (0.87), 206 (0.10), 39 (0.02), 16 (0.01)]
[2025-09-14 14:25:18] Winrate vs single_only :  82.0% | Σ-Reward:  5546.0 | Ø-Reward:  2.773 | Places: [1640 (0.82), 278 (0.14), 70 (0.04), 12 (0.01)]
[2025-09-14 14:25:40] Timing @ep 270000: episode 51.1s | train 0.067s | eval 29.6s | plot 21.4s | save 0.002s | cum 5.76h
[2025-09-14 14:37:11] 
[2025-09-14 14:37:11] Benchmark @train_ep  280000 (bench_eps: 2000)
[2025-09-14 14:37:11] Macro Winrate          :  78.9%
[2025-09-14 14:37:11] Macro Ø-Reward         :  2.720
[2025-09-14 14:37:11] Winrate vs max_combo   :  66.8% | Σ-Reward:  5080.0 | Ø-Reward:  2.540 | Places: [1336 (0.67), 467 (0.23), 138 (0.07), 59 (0.03)]
[2025-09-14 14:37:11] Winrate vs random2     :  85.5% | Σ-Reward:  5636.0 | Ø-Reward:  2.818 | Places: [1711 (0.86), 233 (0.12), 37 (0.02), 19 (0.01)]
[2025-09-14 14:37:11] Winrate vs single_only :  84.3% | Σ-Reward:  5604.0 | Ø-Reward:  2.802 | Places: [1687 (0.84), 240 (0.12), 63 (0.03), 10 (0.01)]
[2025-09-14 14:37:38] Timing @ep 280000: episode 55.5s | train 0.065s | eval 29.0s | plot 26.5s | save 0.001s | cum 5.96h
[2025-09-14 14:48:58] 
[2025-09-14 14:48:58] Benchmark @train_ep  290000 (bench_eps: 2000)
[2025-09-14 14:48:58] Macro Winrate          :  79.3%
[2025-09-14 14:48:58] Macro Ø-Reward         :  2.724
[2025-09-14 14:48:58] Winrate vs max_combo   :  64.5% | Σ-Reward:  4994.0 | Ø-Reward:  2.497 | Places: [1289 (0.64), 481 (0.24), 165 (0.08), 65 (0.03)]
[2025-09-14 14:48:58] Winrate vs random2     :  89.5% | Σ-Reward:  5746.0 | Ø-Reward:  2.873 | Places: [1789 (0.89), 179 (0.09), 21 (0.01), 11 (0.01)]
[2025-09-14 14:48:58] Winrate vs single_only :  83.9% | Σ-Reward:  5604.0 | Ø-Reward:  2.802 | Places: [1678 (0.84), 256 (0.13), 58 (0.03), 8 (0.00)]
[2025-09-14 14:49:25] Timing @ep 290000: episode 55.6s | train 0.049s | eval 28.3s | plot 27.2s | save 0.002s | cum 6.16h
[2025-09-14 15:00:44] 
[2025-09-14 15:00:44] Benchmark @train_ep  300000 (bench_eps: 2000)
[2025-09-14 15:00:44] Macro Winrate          :  76.4%
[2025-09-14 15:00:44] Macro Ø-Reward         :  2.673
[2025-09-14 15:00:44] Winrate vs max_combo   :  64.2% | Σ-Reward:  4948.0 | Ø-Reward:  2.474 | Places: [1283 (0.64), 465 (0.23), 169 (0.08), 83 (0.04)]
[2025-09-14 15:00:44] Winrate vs random2     :  84.8% | Σ-Reward:  5598.0 | Ø-Reward:  2.799 | Places: [1697 (0.85), 229 (0.11), 49 (0.02), 25 (0.01)]
[2025-09-14 15:00:44] Winrate vs single_only :  80.3% | Σ-Reward:  5492.0 | Ø-Reward:  2.746 | Places: [1606 (0.80), 304 (0.15), 66 (0.03), 24 (0.01)]
[2025-09-14 15:01:12] Timing @ep 300000: episode 56.9s | train 0.047s | eval 28.6s | plot 28.2s | save 0.001s | cum 6.36h
[2025-09-14 15:12:36] 
[2025-09-14 15:12:36] Benchmark @train_ep  310000 (bench_eps: 2000)
[2025-09-14 15:12:36] Macro Winrate          :  77.5%
[2025-09-14 15:12:36] Macro Ø-Reward         :  2.705
[2025-09-14 15:12:36] Winrate vs max_combo   :  65.0% | Σ-Reward:  5019.0 | Ø-Reward:  2.510 | Places: [1300 (0.65), 480 (0.24), 159 (0.08), 61 (0.03)]
[2025-09-14 15:12:36] Winrate vs random2     :  86.5% | Σ-Reward:  5675.0 | Ø-Reward:  2.837 | Places: [1729 (0.86), 225 (0.11), 38 (0.02), 8 (0.00)]
[2025-09-14 15:12:36] Winrate vs single_only :  80.9% | Σ-Reward:  5534.0 | Ø-Reward:  2.767 | Places: [1618 (0.81), 307 (0.15), 66 (0.03), 9 (0.00)]
[2025-09-14 15:13:00] Timing @ep 310000: episode 49.9s | train 0.074s | eval 26.1s | plot 23.7s | save 0.001s | cum 6.55h
[2025-09-14 15:24:42] 
[2025-09-14 15:24:42] Benchmark @train_ep  320000 (bench_eps: 2000)
[2025-09-14 15:24:42] Macro Winrate          :  77.4%
[2025-09-14 15:24:42] Macro Ø-Reward         :  2.692
[2025-09-14 15:24:42] Winrate vs max_combo   :  64.5% | Σ-Reward:  4982.0 | Ø-Reward:  2.491 | Places: [1290 (0.65), 472 (0.24), 168 (0.08), 70 (0.04)]
[2025-09-14 15:24:42] Winrate vs random2     :  83.7% | Σ-Reward:  5578.0 | Ø-Reward:  2.789 | Places: [1674 (0.84), 250 (0.12), 56 (0.03), 20 (0.01)]
[2025-09-14 15:24:42] Winrate vs single_only :  84.0% | Σ-Reward:  5592.0 | Ø-Reward:  2.796 | Places: [1681 (0.84), 244 (0.12), 61 (0.03), 14 (0.01)]
[2025-09-14 15:25:12] Timing @ep 320000: episode 59.7s | train 0.088s | eval 29.8s | plot 29.8s | save 0.001s | cum 6.76h
[2025-09-14 15:36:39] 
[2025-09-14 15:36:39] Benchmark @train_ep  330000 (bench_eps: 2000)
[2025-09-14 15:36:39] Macro Winrate          :  77.5%
[2025-09-14 15:36:39] Macro Ø-Reward         :  2.698
[2025-09-14 15:36:39] Winrate vs max_combo   :  65.5% | Σ-Reward:  5011.0 | Ø-Reward:  2.506 | Places: [1309 (0.65), 466 (0.23), 152 (0.08), 73 (0.04)]
[2025-09-14 15:36:39] Winrate vs random2     :  84.3% | Σ-Reward:  5614.0 | Ø-Reward:  2.807 | Places: [1686 (0.84), 254 (0.13), 48 (0.02), 12 (0.01)]
[2025-09-14 15:36:39] Winrate vs single_only :  82.6% | Σ-Reward:  5562.0 | Ø-Reward:  2.781 | Places: [1652 (0.83), 269 (0.13), 68 (0.03), 11 (0.01)]
[2025-09-14 15:37:10] Timing @ep 330000: episode 63.4s | train 0.062s | eval 32.3s | plot 31.0s | save 0.002s | cum 6.96h
[2025-09-14 15:48:32] 
[2025-09-14 15:48:32] Benchmark @train_ep  340000 (bench_eps: 2000)
[2025-09-14 15:48:32] Macro Winrate          :  76.5%
[2025-09-14 15:48:32] Macro Ø-Reward         :  2.684
[2025-09-14 15:48:32] Winrate vs max_combo   :  63.2% | Σ-Reward:  4956.0 | Ø-Reward:  2.478 | Places: [1265 (0.63), 497 (0.25), 167 (0.08), 71 (0.04)]
[2025-09-14 15:48:32] Winrate vs random2     :  83.0% | Σ-Reward:  5568.0 | Ø-Reward:  2.784 | Places: [1661 (0.83), 269 (0.13), 47 (0.02), 23 (0.01)]
[2025-09-14 15:48:32] Winrate vs single_only :  83.2% | Σ-Reward:  5581.0 | Ø-Reward:  2.791 | Places: [1663 (0.83), 271 (0.14), 50 (0.03), 16 (0.01)]
[2025-09-14 15:48:58] Timing @ep 340000: episode 52.1s | train 0.046s | eval 26.1s | plot 26.0s | save 0.001s | cum 7.15h
[2025-09-14 15:58:13] 
[2025-09-14 15:58:13] Benchmark @train_ep  350000 (bench_eps: 2000)
[2025-09-14 15:58:13] Macro Winrate          :  76.9%
[2025-09-14 15:58:13] Macro Ø-Reward         :  2.700
[2025-09-14 15:58:13] Winrate vs max_combo   :  64.4% | Σ-Reward:  5005.0 | Ø-Reward:  2.502 | Places: [1288 (0.64), 493 (0.25), 155 (0.08), 64 (0.03)]
[2025-09-14 15:58:13] Winrate vs random2     :  83.2% | Σ-Reward:  5598.0 | Ø-Reward:  2.799 | Places: [1664 (0.83), 282 (0.14), 42 (0.02), 12 (0.01)]
[2025-09-14 15:58:13] Winrate vs single_only :  83.2% | Σ-Reward:  5595.0 | Ø-Reward:  2.797 | Places: [1663 (0.83), 273 (0.14), 60 (0.03), 4 (0.00)]
[2025-09-14 15:58:38] Timing @ep 350000: episode 48.0s | train 0.050s | eval 23.8s | plot 24.2s | save 0.001s | cum 7.31h
[2025-09-14 16:08:23] 
[2025-09-14 16:08:23] Benchmark @train_ep  360000 (bench_eps: 2000)
[2025-09-14 16:08:23] Macro Winrate          :  76.6%
[2025-09-14 16:08:23] Macro Ø-Reward         :  2.694
[2025-09-14 16:08:23] Winrate vs max_combo   :  63.6% | Σ-Reward:  4968.0 | Ø-Reward:  2.484 | Places: [1272 (0.64), 486 (0.24), 180 (0.09), 62 (0.03)]
[2025-09-14 16:08:23] Winrate vs random2     :  83.7% | Σ-Reward:  5612.0 | Ø-Reward:  2.806 | Places: [1674 (0.84), 274 (0.14), 42 (0.02), 10 (0.01)]
[2025-09-14 16:08:23] Winrate vs single_only :  82.6% | Σ-Reward:  5583.0 | Ø-Reward:  2.792 | Places: [1652 (0.83), 290 (0.14), 47 (0.02), 11 (0.01)]
[2025-09-14 16:08:49] Timing @ep 360000: episode 49.4s | train 0.042s | eval 23.8s | plot 25.5s | save 0.002s | cum 7.48h
[2025-09-14 16:22:01] 
[2025-09-14 16:22:01] Benchmark @train_ep  370000 (bench_eps: 2000)
[2025-09-14 16:22:01] Macro Winrate          :  78.3%
[2025-09-14 16:22:01] Macro Ø-Reward         :  2.716
[2025-09-14 16:22:01] Winrate vs max_combo   :  64.9% | Σ-Reward:  5015.0 | Ø-Reward:  2.507 | Places: [1298 (0.65), 484 (0.24), 153 (0.08), 65 (0.03)]
[2025-09-14 16:22:01] Winrate vs random2     :  87.2% | Σ-Reward:  5684.0 | Ø-Reward:  2.842 | Places: [1743 (0.87), 214 (0.11), 27 (0.01), 16 (0.01)]
[2025-09-14 16:22:01] Winrate vs single_only :  82.8% | Σ-Reward:  5597.0 | Ø-Reward:  2.799 | Places: [1656 (0.83), 294 (0.15), 41 (0.02), 9 (0.00)]
[2025-09-14 16:22:36] Timing @ep 370000: episode 67.2s | train 0.122s | eval 31.8s | plot 35.3s | save 0.002s | cum 7.71h
[2025-09-14 16:35:10] 
[2025-09-14 16:35:10] Benchmark @train_ep  380000 (bench_eps: 2000)
[2025-09-14 16:35:10] Macro Winrate          :  77.5%
[2025-09-14 16:35:10] Macro Ø-Reward         :  2.693
[2025-09-14 16:35:10] Winrate vs max_combo   :  65.6% | Σ-Reward:  5016.0 | Ø-Reward:  2.508 | Places: [1312 (0.66), 461 (0.23), 158 (0.08), 69 (0.03)]
[2025-09-14 16:35:10] Winrate vs random2     :  87.9% | Σ-Reward:  5669.0 | Ø-Reward:  2.834 | Places: [1758 (0.88), 179 (0.09), 37 (0.02), 26 (0.01)]
[2025-09-14 16:35:10] Winrate vs single_only :  79.1% | Σ-Reward:  5471.0 | Ø-Reward:  2.736 | Places: [1582 (0.79), 323 (0.16), 79 (0.04), 16 (0.01)]
[2025-09-14 16:35:47] Timing @ep 380000: episode 69.6s | train 0.060s | eval 33.0s | plot 36.5s | save 0.002s | cum 7.93h
[2025-09-14 16:48:27] 
[2025-09-14 16:48:27] Benchmark @train_ep  390000 (bench_eps: 2000)
[2025-09-14 16:48:27] Macro Winrate          :  78.9%
[2025-09-14 16:48:27] Macro Ø-Reward         :  2.711
[2025-09-14 16:48:27] Winrate vs max_combo   :  66.2% | Σ-Reward:  5019.0 | Ø-Reward:  2.510 | Places: [1323 (0.66), 439 (0.22), 172 (0.09), 66 (0.03)]
[2025-09-14 16:48:27] Winrate vs random2     :  84.5% | Σ-Reward:  5591.0 | Ø-Reward:  2.796 | Places: [1690 (0.84), 237 (0.12), 47 (0.02), 26 (0.01)]
[2025-09-14 16:48:27] Winrate vs single_only :  86.0% | Σ-Reward:  5654.0 | Ø-Reward:  2.827 | Places: [1719 (0.86), 225 (0.11), 47 (0.02), 9 (0.00)]
[2025-09-14 16:48:55] Timing @ep 390000: episode 53.1s | train 0.045s | eval 25.0s | plot 28.0s | save 0.002s | cum 8.15h
[2025-09-14 16:59:06] 
[2025-09-14 16:59:06] Benchmark @train_ep  400000 (bench_eps: 2000)
[2025-09-14 16:59:06] Macro Winrate          :  78.1%
[2025-09-14 16:59:06] Macro Ø-Reward         :  2.701
[2025-09-14 16:59:06] Winrate vs max_combo   :  66.1% | Σ-Reward:  5015.0 | Ø-Reward:  2.507 | Places: [1322 (0.66), 445 (0.22), 159 (0.08), 74 (0.04)]
[2025-09-14 16:59:06] Winrate vs random2     :  83.8% | Σ-Reward:  5576.0 | Ø-Reward:  2.788 | Places: [1677 (0.84), 246 (0.12), 53 (0.03), 24 (0.01)]
[2025-09-14 16:59:06] Winrate vs single_only :  84.4% | Σ-Reward:  5614.0 | Ø-Reward:  2.807 | Places: [1688 (0.84), 249 (0.12), 52 (0.03), 11 (0.01)]
[2025-09-14 16:59:34] Timing @ep 400000: episode 49.9s | train 0.050s | eval 22.1s | plot 27.8s | save 0.001s | cum 8.33h
