[2025-08-21 13:31:42] New Training (k1a2): DQN Single-Agent vs Heuristiken
[2025-08-21 13:31:42] Deck_Size: 64
[2025-08-21 13:31:42] Episodes: 10000
[2025-08-21 13:31:42] Path: /home/wasterix/Multiagent/OpenSpiel_neu/open_spiel/President/models/k1a2/model_12
[2025-08-21 13:32:34] 
[2025-08-21 13:32:34] Benchmark @train_ep     500 (bench_eps: 2000)
[2025-08-21 13:32:34] Macro Winrate          :  16.1%
[2025-08-21 13:32:34] Macro Ø-Reward         :  1.206
[2025-08-21 13:32:34] Winrate vs max_combo   :   6.4% | Σ-Reward:  1463.0 | Ø-Reward:  0.732 | Places: [128 (0.06), 259 (0.13), 561 (0.28), 1052 (0.53)]
[2025-08-21 13:32:34] Winrate vs random2     :  25.9% | Σ-Reward:  3210.0 | Ø-Reward:  1.605 | Places: [518 (0.26), 600 (0.30), 456 (0.23), 426 (0.21)]
[2025-08-21 13:32:34] Winrate vs single_only :  15.8% | Σ-Reward:  2565.0 | Ø-Reward:  1.282 | Places: [317 (0.16), 496 (0.25), 622 (0.31), 565 (0.28)]
[2025-08-21 13:32:36] Timing @ep 500: episode 46.1s | train 0.003s | eval 43.8s | plot 2.3s | save 0.005s | cum 0.01h
[2025-08-21 13:33:25] 
[2025-08-21 13:33:25] Benchmark @train_ep    1000 (bench_eps: 2000)
[2025-08-21 13:33:25] Macro Winrate          :  14.5%
[2025-08-21 13:33:25] Macro Ø-Reward         :  1.222
[2025-08-21 13:33:25] Winrate vs max_combo   :   7.7% | Σ-Reward:  1593.0 | Ø-Reward:  0.796 | Places: [154 (0.08), 288 (0.14), 555 (0.28), 1003 (0.50)]
[2025-08-21 13:33:25] Winrate vs random2     :  30.3% | Σ-Reward:  3464.0 | Ø-Reward:  1.732 | Places: [606 (0.30), 590 (0.29), 466 (0.23), 338 (0.17)]
[2025-08-21 13:33:25] Winrate vs single_only :   5.5% | Σ-Reward:  2275.0 | Ø-Reward:  1.137 | Places: [111 (0.06), 613 (0.31), 716 (0.36), 560 (0.28)]
[2025-08-21 13:33:27] Timing @ep 1000: episode 45.5s | train 0.004s | eval 42.9s | plot 2.6s | save 0.002s | cum 0.03h
[2025-08-21 13:34:14] 
[2025-08-21 13:34:14] Benchmark @train_ep    1500 (bench_eps: 2000)
[2025-08-21 13:34:14] Macro Winrate          :  22.2%
[2025-08-21 13:34:14] Macro Ø-Reward         :  1.358
[2025-08-21 13:34:14] Winrate vs max_combo   :  10.2% | Σ-Reward:  1657.0 | Ø-Reward:  0.829 | Places: [204 (0.10), 282 (0.14), 481 (0.24), 1033 (0.52)]
[2025-08-21 13:34:14] Winrate vs random2     :  32.6% | Σ-Reward:  3428.0 | Ø-Reward:  1.714 | Places: [653 (0.33), 520 (0.26), 429 (0.21), 398 (0.20)]
[2025-08-21 13:34:14] Winrate vs single_only :  23.9% | Σ-Reward:  3063.0 | Ø-Reward:  1.532 | Places: [477 (0.24), 542 (0.27), 548 (0.27), 433 (0.22)]
[2025-08-21 13:34:16] Timing @ep 1500: episode 42.1s | train 0.003s | eval 39.5s | plot 2.6s | save 0.002s | cum 0.04h
[2025-08-21 13:35:04] 
[2025-08-21 13:35:04] Benchmark @train_ep    2000 (bench_eps: 2000)
[2025-08-21 13:35:04] Macro Winrate          :  15.8%
[2025-08-21 13:35:04] Macro Ø-Reward         :  1.175
[2025-08-21 13:35:04] Winrate vs max_combo   :   7.2% | Σ-Reward:  1410.0 | Ø-Reward:  0.705 | Places: [143 (0.07), 245 (0.12), 491 (0.25), 1121 (0.56)]
[2025-08-21 13:35:04] Winrate vs random2     :  21.7% | Σ-Reward:  2849.0 | Ø-Reward:  1.425 | Places: [434 (0.22), 482 (0.24), 583 (0.29), 501 (0.25)]
[2025-08-21 13:35:04] Winrate vs single_only :  18.4% | Σ-Reward:  2792.0 | Ø-Reward:  1.396 | Places: [368 (0.18), 566 (0.28), 556 (0.28), 510 (0.26)]
[2025-08-21 13:35:07] Timing @ep 2000: episode 45.2s | train 0.005s | eval 42.4s | plot 2.8s | save 0.002s | cum 0.06h
[2025-08-21 13:36:01] 
[2025-08-21 13:36:01] Benchmark @train_ep    2500 (bench_eps: 2000)
[2025-08-21 13:36:01] Macro Winrate          :  13.0%
[2025-08-21 13:36:01] Macro Ø-Reward         :  1.250
[2025-08-21 13:36:01] Winrate vs max_combo   :   7.7% | Σ-Reward:  1705.0 | Ø-Reward:  0.853 | Places: [153 (0.08), 335 (0.17), 576 (0.29), 936 (0.47)]
[2025-08-21 13:36:01] Winrate vs random2     :  24.6% | Σ-Reward:  3462.0 | Ø-Reward:  1.731 | Places: [491 (0.25), 750 (0.38), 489 (0.24), 270 (0.14)]
[2025-08-21 13:36:01] Winrate vs single_only :   6.8% | Σ-Reward:  2335.0 | Ø-Reward:  1.167 | Places: [136 (0.07), 582 (0.29), 763 (0.38), 519 (0.26)]
[2025-08-21 13:36:04] Timing @ep 2500: episode 49.8s | train 0.005s | eval 46.9s | plot 2.8s | save 0.002s | cum 0.07h
[2025-08-21 13:36:58] 
[2025-08-21 13:36:58] Benchmark @train_ep    3000 (bench_eps: 2000)
[2025-08-21 13:36:58] Macro Winrate          :  14.7%
[2025-08-21 13:36:58] Macro Ø-Reward         :  1.348
[2025-08-21 13:36:58] Winrate vs max_combo   :   7.9% | Σ-Reward:  1851.0 | Ø-Reward:  0.925 | Places: [158 (0.08), 373 (0.19), 631 (0.32), 838 (0.42)]
[2025-08-21 13:36:58] Winrate vs random2     :  30.1% | Σ-Reward:  3795.0 | Ø-Reward:  1.897 | Places: [603 (0.30), 779 (0.39), 428 (0.21), 190 (0.10)]
[2025-08-21 13:36:58] Winrate vs single_only :   5.9% | Σ-Reward:  2440.0 | Ø-Reward:  1.220 | Places: [118 (0.06), 648 (0.32), 790 (0.40), 444 (0.22)]
[2025-08-21 13:37:00] Timing @ep 3000: episode 49.2s | train 0.005s | eval 46.4s | plot 2.8s | save 0.002s | cum 0.09h
[2025-08-21 13:37:53] 
[2025-08-21 13:37:53] Benchmark @train_ep    3500 (bench_eps: 2000)
[2025-08-21 13:37:53] Macro Winrate          :  16.7%
[2025-08-21 13:37:53] Macro Ø-Reward         :  1.462
[2025-08-21 13:37:53] Winrate vs max_combo   :   8.6% | Σ-Reward:  2018.0 | Ø-Reward:  1.009 | Places: [171 (0.09), 431 (0.22), 643 (0.32), 755 (0.38)]
[2025-08-21 13:37:53] Winrate vs random2     :  29.1% | Σ-Reward:  3849.0 | Ø-Reward:  1.925 | Places: [583 (0.29), 832 (0.42), 436 (0.22), 149 (0.07)]
[2025-08-21 13:37:53] Winrate vs single_only :  12.4% | Σ-Reward:  2902.0 | Ø-Reward:  1.451 | Places: [249 (0.12), 736 (0.37), 683 (0.34), 332 (0.17)]
[2025-08-21 13:37:55] Timing @ep 3500: episode 47.8s | train 0.006s | eval 45.0s | plot 2.8s | save 0.003s | cum 0.10h
[2025-08-21 13:38:45] 
[2025-08-21 13:38:45] Benchmark @train_ep    4000 (bench_eps: 2000)
[2025-08-21 13:38:45] Macro Winrate          :  26.7%
[2025-08-21 13:38:45] Macro Ø-Reward         :  1.708
[2025-08-21 13:38:45] Winrate vs max_combo   :  13.6% | Σ-Reward:  2376.0 | Ø-Reward:  1.188 | Places: [272 (0.14), 487 (0.24), 586 (0.29), 655 (0.33)]
[2025-08-21 13:38:45] Winrate vs random2     :  43.0% | Σ-Reward:  4364.0 | Ø-Reward:  2.182 | Places: [861 (0.43), 746 (0.37), 289 (0.14), 104 (0.05)]
[2025-08-21 13:38:45] Winrate vs single_only :  23.4% | Σ-Reward:  3507.0 | Ø-Reward:  1.754 | Places: [469 (0.23), 804 (0.40), 492 (0.25), 235 (0.12)]
[2025-08-21 13:38:48] Timing @ep 4000: episode 44.7s | train 0.006s | eval 41.8s | plot 2.8s | save 0.003s | cum 0.11h
[2025-08-21 13:39:41] 
[2025-08-21 13:39:41] Benchmark @train_ep    4500 (bench_eps: 2000)
[2025-08-21 13:39:41] Macro Winrate          :  28.0%
[2025-08-21 13:39:41] Macro Ø-Reward         :  1.667
[2025-08-21 13:39:41] Winrate vs max_combo   :   9.6% | Σ-Reward:  1972.0 | Ø-Reward:  0.986 | Places: [191 (0.10), 398 (0.20), 603 (0.30), 808 (0.40)]
[2025-08-21 13:39:41] Winrate vs random2     :  40.0% | Σ-Reward:  4177.0 | Ø-Reward:  2.088 | Places: [801 (0.40), 726 (0.36), 322 (0.16), 151 (0.08)]
[2025-08-21 13:39:41] Winrate vs single_only :  34.5% | Σ-Reward:  3856.0 | Ø-Reward:  1.928 | Places: [691 (0.35), 698 (0.35), 387 (0.19), 224 (0.11)]
[2025-08-21 13:39:46] Timing @ep 4500: episode 49.7s | train 0.005s | eval 46.2s | plot 3.4s | save 0.002s | cum 0.13h
[2025-08-21 13:40:38] 
[2025-08-21 13:40:38] Benchmark @train_ep    5000 (bench_eps: 2000)
[2025-08-21 13:40:38] Macro Winrate          :  25.6%
[2025-08-21 13:40:38] Macro Ø-Reward         :  1.636
[2025-08-21 13:40:38] Winrate vs max_combo   :  11.4% | Σ-Reward:  2027.0 | Ø-Reward:  1.014 | Places: [229 (0.11), 395 (0.20), 550 (0.28), 826 (0.41)]
[2025-08-21 13:40:38] Winrate vs random2     :  39.8% | Σ-Reward:  4180.0 | Ø-Reward:  2.090 | Places: [795 (0.40), 727 (0.36), 341 (0.17), 137 (0.07)]
[2025-08-21 13:40:38] Winrate vs single_only :  25.7% | Σ-Reward:  3608.0 | Ø-Reward:  1.804 | Places: [514 (0.26), 782 (0.39), 502 (0.25), 202 (0.10)]
[2025-08-21 13:40:41] Timing @ep 5000: episode 47.0s | train 0.007s | eval 44.1s | plot 2.8s | save 0.003s | cum 0.15h
[2025-08-21 13:41:32] 
[2025-08-21 13:41:32] Benchmark @train_ep    5500 (bench_eps: 2000)
[2025-08-21 13:41:32] Macro Winrate          :  27.9%
[2025-08-21 13:41:32] Macro Ø-Reward         :  1.653
[2025-08-21 13:41:32] Winrate vs max_combo   :   9.6% | Σ-Reward:  2008.0 | Ø-Reward:  1.004 | Places: [191 (0.10), 432 (0.22), 571 (0.29), 806 (0.40)]
[2025-08-21 13:41:32] Winrate vs random2     :  43.2% | Σ-Reward:  4222.0 | Ø-Reward:  2.111 | Places: [865 (0.43), 664 (0.33), 299 (0.15), 172 (0.09)]
[2025-08-21 13:41:32] Winrate vs single_only :  30.9% | Σ-Reward:  3690.0 | Ø-Reward:  1.845 | Places: [618 (0.31), 658 (0.33), 520 (0.26), 204 (0.10)]
[2025-08-21 13:41:36] Timing @ep 5500: episode 46.3s | train 0.008s | eval 43.3s | plot 3.0s | save 0.002s | cum 0.16h
[2025-08-21 13:42:29] 
[2025-08-21 13:42:29] Benchmark @train_ep    6000 (bench_eps: 2000)
[2025-08-21 13:42:29] Macro Winrate          :  18.0%
[2025-08-21 13:42:29] Macro Ø-Reward         :  1.479
[2025-08-21 13:42:29] Winrate vs max_combo   :   7.3% | Σ-Reward:  1866.0 | Ø-Reward:  0.933 | Places: [146 (0.07), 391 (0.20), 646 (0.32), 817 (0.41)]
[2025-08-21 13:42:29] Winrate vs random2     :  35.6% | Σ-Reward:  4042.0 | Ø-Reward:  2.021 | Places: [713 (0.36), 768 (0.38), 367 (0.18), 152 (0.08)]
[2025-08-21 13:42:29] Winrate vs single_only :  11.1% | Σ-Reward:  2963.0 | Ø-Reward:  1.482 | Places: [221 (0.11), 828 (0.41), 644 (0.32), 307 (0.15)]
[2025-08-21 13:42:33] Timing @ep 6000: episode 48.2s | train 0.007s | eval 44.7s | plot 3.5s | save 0.002s | cum 0.18h
[2025-08-21 13:43:28] 
[2025-08-21 13:43:28] Benchmark @train_ep    6500 (bench_eps: 2000)
[2025-08-21 13:43:28] Macro Winrate          :  17.8%
[2025-08-21 13:43:28] Macro Ø-Reward         :  1.438
[2025-08-21 13:43:28] Winrate vs max_combo   :   6.0% | Σ-Reward:  1791.0 | Ø-Reward:  0.895 | Places: [121 (0.06), 424 (0.21), 580 (0.29), 875 (0.44)]
[2025-08-21 13:43:28] Winrate vs random2     :  32.2% | Σ-Reward:  3870.0 | Ø-Reward:  1.935 | Places: [644 (0.32), 768 (0.38), 402 (0.20), 186 (0.09)]
[2025-08-21 13:43:28] Winrate vs single_only :  15.2% | Σ-Reward:  2966.0 | Ø-Reward:  1.483 | Places: [303 (0.15), 690 (0.34), 677 (0.34), 330 (0.17)]
[2025-08-21 13:43:31] Timing @ep 6500: episode 49.9s | train 0.006s | eval 46.9s | plot 3.1s | save 0.003s | cum 0.19h
[2025-08-21 13:44:25] 
[2025-08-21 13:44:25] Benchmark @train_ep    7000 (bench_eps: 2000)
[2025-08-21 13:44:25] Macro Winrate          :  14.8%
[2025-08-21 13:44:25] Macro Ø-Reward         :  1.300
[2025-08-21 13:44:25] Winrate vs max_combo   :   5.5% | Σ-Reward:  1625.0 | Ø-Reward:  0.812 | Places: [109 (0.05), 355 (0.18), 588 (0.29), 948 (0.47)]
[2025-08-21 13:44:25] Winrate vs random2     :  28.1% | Σ-Reward:  3604.0 | Ø-Reward:  1.802 | Places: [562 (0.28), 750 (0.38), 418 (0.21), 270 (0.14)]
[2025-08-21 13:44:25] Winrate vs single_only :  10.8% | Σ-Reward:  2570.0 | Ø-Reward:  1.285 | Places: [215 (0.11), 627 (0.31), 671 (0.34), 487 (0.24)]
[2025-08-21 13:44:28] Timing @ep 7000: episode 48.8s | train 0.006s | eval 45.5s | plot 3.3s | save 0.003s | cum 0.21h
[2025-08-21 13:45:21] 
[2025-08-21 13:45:21] Benchmark @train_ep    7500 (bench_eps: 2000)
[2025-08-21 13:45:21] Macro Winrate          :  18.1%
[2025-08-21 13:45:21] Macro Ø-Reward         :  1.420
[2025-08-21 13:45:21] Winrate vs max_combo   :   6.0% | Σ-Reward:  1691.0 | Ø-Reward:  0.846 | Places: [119 (0.06), 371 (0.19), 592 (0.30), 918 (0.46)]
[2025-08-21 13:45:21] Winrate vs random2     :  35.4% | Σ-Reward:  3962.0 | Ø-Reward:  1.981 | Places: [707 (0.35), 731 (0.37), 379 (0.19), 183 (0.09)]
[2025-08-21 13:45:21] Winrate vs single_only :  12.9% | Σ-Reward:  2869.0 | Ø-Reward:  1.435 | Places: [258 (0.13), 707 (0.35), 681 (0.34), 354 (0.18)]
[2025-08-21 13:45:24] Timing @ep 7500: episode 47.0s | train 0.007s | eval 43.4s | plot 3.6s | save 0.002s | cum 0.22h
[2025-08-21 13:46:18] 
[2025-08-21 13:46:18] Benchmark @train_ep    8000 (bench_eps: 2000)
[2025-08-21 13:46:18] Macro Winrate          :  18.2%
[2025-08-21 13:46:18] Macro Ø-Reward         :  1.425
[2025-08-21 13:46:18] Winrate vs max_combo   :   6.3% | Σ-Reward:  1862.0 | Ø-Reward:  0.931 | Places: [127 (0.06), 405 (0.20), 671 (0.34), 797 (0.40)]
[2025-08-21 13:46:18] Winrate vs random2     :  36.5% | Σ-Reward:  3897.0 | Ø-Reward:  1.948 | Places: [729 (0.36), 658 (0.33), 394 (0.20), 219 (0.11)]
[2025-08-21 13:46:18] Winrate vs single_only :  11.9% | Σ-Reward:  2788.0 | Ø-Reward:  1.394 | Places: [239 (0.12), 676 (0.34), 719 (0.36), 366 (0.18)]
[2025-08-21 13:46:22] Timing @ep 8000: episode 48.6s | train 0.007s | eval 45.2s | plot 3.4s | save 0.003s | cum 0.24h
[2025-08-21 13:47:15] 
[2025-08-21 13:47:15] Benchmark @train_ep    8500 (bench_eps: 2000)
[2025-08-21 13:47:15] Macro Winrate          :  22.1%
[2025-08-21 13:47:15] Macro Ø-Reward         :  1.586
[2025-08-21 13:47:15] Winrate vs max_combo   :   7.6% | Σ-Reward:  2037.0 | Ø-Reward:  1.018 | Places: [152 (0.08), 461 (0.23), 659 (0.33), 728 (0.36)]
[2025-08-21 13:47:15] Winrate vs random2     :  39.5% | Σ-Reward:  4173.0 | Ø-Reward:  2.087 | Places: [789 (0.39), 725 (0.36), 356 (0.18), 130 (0.07)]
[2025-08-21 13:47:15] Winrate vs single_only :  19.1% | Σ-Reward:  3304.0 | Ø-Reward:  1.652 | Places: [383 (0.19), 784 (0.39), 587 (0.29), 246 (0.12)]
[2025-08-21 13:47:19] Timing @ep 8500: episode 48.1s | train 0.006s | eval 44.7s | plot 3.3s | save 0.003s | cum 0.25h
[2025-08-21 13:48:15] 
[2025-08-21 13:48:15] Benchmark @train_ep    9000 (bench_eps: 2000)
[2025-08-21 13:48:15] Macro Winrate          :  14.5%
[2025-08-21 13:48:15] Macro Ø-Reward         :  1.317
[2025-08-21 13:48:15] Winrate vs max_combo   :   5.0% | Σ-Reward:  1668.0 | Ø-Reward:  0.834 | Places: [101 (0.05), 367 (0.18), 631 (0.32), 901 (0.45)]
[2025-08-21 13:48:15] Winrate vs random2     :  28.4% | Σ-Reward:  3769.0 | Ø-Reward:  1.885 | Places: [567 (0.28), 808 (0.40), 452 (0.23), 173 (0.09)]
[2025-08-21 13:48:15] Winrate vs single_only :  10.0% | Σ-Reward:  2465.0 | Ø-Reward:  1.232 | Places: [200 (0.10), 534 (0.27), 797 (0.40), 469 (0.23)]
[2025-08-21 13:48:18] Timing @ep 9000: episode 50.0s | train 0.006s | eval 46.4s | plot 3.6s | save 0.003s | cum 0.27h
[2025-08-21 13:49:13] 
[2025-08-21 13:49:13] Benchmark @train_ep    9500 (bench_eps: 2000)
[2025-08-21 13:49:13] Macro Winrate          :  16.4%
[2025-08-21 13:49:13] Macro Ø-Reward         :  1.484
[2025-08-21 13:49:13] Winrate vs max_combo   :   6.9% | Σ-Reward:  2023.0 | Ø-Reward:  1.012 | Places: [138 (0.07), 464 (0.23), 681 (0.34), 717 (0.36)]
[2025-08-21 13:49:13] Winrate vs random2     :  31.6% | Σ-Reward:  3941.0 | Ø-Reward:  1.970 | Places: [631 (0.32), 816 (0.41), 416 (0.21), 137 (0.07)]
[2025-08-21 13:49:13] Winrate vs single_only :  10.8% | Σ-Reward:  2940.0 | Ø-Reward:  1.470 | Places: [215 (0.11), 793 (0.40), 709 (0.35), 283 (0.14)]
[2025-08-21 13:49:16] Timing @ep 9500: episode 48.5s | train 0.008s | eval 45.2s | plot 3.3s | save 0.002s | cum 0.28h
[2025-08-21 13:50:13] 
[2025-08-21 13:50:13] Benchmark @train_ep   10000 (bench_eps: 2000)
[2025-08-21 13:50:13] Macro Winrate          :  14.0%
[2025-08-21 13:50:13] Macro Ø-Reward         :  1.372
[2025-08-21 13:50:13] Winrate vs max_combo   :   4.6% | Σ-Reward:  1710.0 | Ø-Reward:  0.855 | Places: [92 (0.05), 391 (0.20), 652 (0.33), 865 (0.43)]
[2025-08-21 13:50:13] Winrate vs random2     :  28.9% | Σ-Reward:  3785.0 | Ø-Reward:  1.893 | Places: [577 (0.29), 803 (0.40), 448 (0.22), 172 (0.09)]
[2025-08-21 13:50:13] Winrate vs single_only :   8.4% | Σ-Reward:  2737.0 | Ø-Reward:  1.369 | Places: [169 (0.08), 743 (0.37), 744 (0.37), 344 (0.17)]
[2025-08-21 13:50:17] Timing @ep 10000: episode 51.0s | train 0.007s | eval 47.5s | plot 3.5s | save 0.002s | cum 0.30h
[2025-08-21 13:50:17] 
[2025-08-21 13:50:17] Gesamtzeit: 0.30h (~ 9.24 eps/s)
[2025-08-21 13:50:17] K1 (DQN) Training abgeschlossen.
