[2025-09-15 15:07:15] New Training (k3a2): Snapshot-Selfplay DQN
[2025-09-15 15:07:15] Deck_Size: 64
[2025-09-15 15:07:15] Episodes: 1000000
[2025-09-15 15:07:15] Path: /home/wasterix/Multiagent/OpenSpiel_neu/open_spiel/President/models/k3a2/model_32
[2025-09-15 15:23:19] 
[2025-09-15 15:23:19] Benchmark @train_ep   10000 (bench_eps: 2000)
[2025-09-15 15:23:19] Macro Winrate          :  65.0%
[2025-09-15 15:23:19] Macro Ø-Reward         :  2.499
[2025-09-15 15:23:19] Winrate vs max_combo   :  45.8% | Σ-Reward:  4290.0 | Ø-Reward:  2.145 | Places: [915 (0.46), 617 (0.31), 311 (0.16), 157 (0.08)]
[2025-09-15 15:23:19] Winrate vs random2     :  72.0% | Σ-Reward:  5267.0 | Ø-Reward:  2.634 | Places: [1440 (0.72), 421 (0.21), 105 (0.05), 34 (0.02)]
[2025-09-15 15:23:19] Winrate vs single_only :  77.1% | Σ-Reward:  5435.0 | Ø-Reward:  2.717 | Places: [1542 (0.77), 371 (0.19), 67 (0.03), 20 (0.01)]
[2025-09-15 15:23:22] Timing @ep 10000: episode 25.6s | train 0.087s | eval 22.3s | plot 3.2s | save 0.003s | cum 0.27h
[2025-09-15 15:43:16] 
[2025-09-15 15:43:16] Benchmark @train_ep   20000 (bench_eps: 2000)
[2025-09-15 15:43:16] Macro Winrate          :  68.2%
[2025-09-15 15:43:16] Macro Ø-Reward         :  2.529
[2025-09-15 15:43:16] Winrate vs max_combo   :  50.4% | Σ-Reward:  4402.0 | Ø-Reward:  2.201 | Places: [1008 (0.50), 560 (0.28), 258 (0.13), 174 (0.09)]
[2025-09-15 15:43:16] Winrate vs random2     :  72.8% | Σ-Reward:  5264.0 | Ø-Reward:  2.632 | Places: [1456 (0.73), 401 (0.20), 94 (0.05), 49 (0.02)]
[2025-09-15 15:43:16] Winrate vs single_only :  81.5% | Σ-Reward:  5506.0 | Ø-Reward:  2.753 | Places: [1630 (0.81), 268 (0.13), 80 (0.04), 22 (0.01)]
[2025-09-15 15:43:21] Timing @ep 20000: episode 25.8s | train 0.086s | eval 21.1s | plot 4.6s | save 0.002s | cum 0.60h
[2025-09-15 16:02:18] 
[2025-09-15 16:02:18] Benchmark @train_ep   30000 (bench_eps: 2000)
[2025-09-15 16:02:18] Macro Winrate          :  69.5%
[2025-09-15 16:02:18] Macro Ø-Reward         :  2.556
[2025-09-15 16:02:18] Winrate vs max_combo   :  50.8% | Σ-Reward:  4432.0 | Ø-Reward:  2.216 | Places: [1015 (0.51), 556 (0.28), 275 (0.14), 154 (0.08)]
[2025-09-15 16:02:18] Winrate vs random2     :  77.4% | Σ-Reward:  5415.0 | Ø-Reward:  2.708 | Places: [1548 (0.77), 349 (0.17), 73 (0.04), 30 (0.01)]
[2025-09-15 16:02:18] Winrate vs single_only :  80.5% | Σ-Reward:  5487.0 | Ø-Reward:  2.744 | Places: [1610 (0.81), 288 (0.14), 81 (0.04), 21 (0.01)]
[2025-09-15 16:02:23] Timing @ep 30000: episode 26.3s | train 0.125s | eval 20.3s | plot 5.8s | save 0.002s | cum 0.93h
[2025-09-15 16:20:55] 
[2025-09-15 16:20:55] Benchmark @train_ep   40000 (bench_eps: 2000)
[2025-09-15 16:20:55] Macro Winrate          :  70.3%
[2025-09-15 16:20:55] Macro Ø-Reward         :  2.549
[2025-09-15 16:20:55] Winrate vs max_combo   :  51.9% | Σ-Reward:  4457.0 | Ø-Reward:  2.228 | Places: [1037 (0.52), 546 (0.27), 254 (0.13), 163 (0.08)]
[2025-09-15 16:20:55] Winrate vs random2     :  76.0% | Σ-Reward:  5292.0 | Ø-Reward:  2.646 | Places: [1520 (0.76), 314 (0.16), 104 (0.05), 62 (0.03)]
[2025-09-15 16:20:55] Winrate vs single_only :  83.0% | Σ-Reward:  5545.0 | Ø-Reward:  2.772 | Places: [1659 (0.83), 251 (0.13), 66 (0.03), 24 (0.01)]
[2025-09-15 16:21:02] Timing @ep 40000: episode 27.2s | train 0.128s | eval 19.9s | plot 7.2s | save 0.002s | cum 1.24h
[2025-09-15 16:40:04] 
[2025-09-15 16:40:04] Benchmark @train_ep   50000 (bench_eps: 2000)
[2025-09-15 16:40:04] Macro Winrate          :  68.7%
[2025-09-15 16:40:04] Macro Ø-Reward         :  2.529
[2025-09-15 16:40:04] Winrate vs max_combo   :  48.8% | Σ-Reward:  4346.0 | Ø-Reward:  2.173 | Places: [976 (0.49), 562 (0.28), 294 (0.15), 168 (0.08)]
[2025-09-15 16:40:04] Winrate vs random2     :  76.2% | Σ-Reward:  5351.0 | Ø-Reward:  2.675 | Places: [1524 (0.76), 343 (0.17), 93 (0.05), 40 (0.02)]
[2025-09-15 16:40:04] Winrate vs single_only :  81.0% | Σ-Reward:  5477.0 | Ø-Reward:  2.739 | Places: [1620 (0.81), 259 (0.13), 99 (0.05), 22 (0.01)]
[2025-09-15 16:40:12] Timing @ep 50000: episode 28.9s | train 0.125s | eval 20.4s | plot 8.4s | save 0.002s | cum 1.57h
[2025-09-15 16:59:05] 
[2025-09-15 16:59:05] Benchmark @train_ep   60000 (bench_eps: 2000)
[2025-09-15 16:59:05] Macro Winrate          :  69.0%
[2025-09-15 16:59:05] Macro Ø-Reward         :  2.525
[2025-09-15 16:59:05] Winrate vs max_combo   :  50.8% | Σ-Reward:  4420.0 | Ø-Reward:  2.210 | Places: [1016 (0.51), 557 (0.28), 258 (0.13), 169 (0.08)]
[2025-09-15 16:59:05] Winrate vs random2     :  74.2% | Σ-Reward:  5235.0 | Ø-Reward:  2.618 | Places: [1484 (0.74), 332 (0.17), 119 (0.06), 65 (0.03)]
[2025-09-15 16:59:05] Winrate vs single_only :  81.9% | Σ-Reward:  5494.0 | Ø-Reward:  2.747 | Places: [1638 (0.82), 244 (0.12), 92 (0.05), 26 (0.01)]
[2025-09-15 16:59:15] Timing @ep 60000: episode 31.0s | train 0.109s | eval 20.8s | plot 10.1s | save 0.002s | cum 1.89h
[2025-09-15 17:18:16] 
[2025-09-15 17:18:16] Benchmark @train_ep   70000 (bench_eps: 2000)
[2025-09-15 17:18:16] Macro Winrate          :  67.6%
[2025-09-15 17:18:16] Macro Ø-Reward         :  2.494
[2025-09-15 17:18:16] Winrate vs max_combo   :  48.6% | Σ-Reward:  4308.0 | Ø-Reward:  2.154 | Places: [972 (0.49), 542 (0.27), 308 (0.15), 178 (0.09)]
[2025-09-15 17:18:16] Winrate vs random2     :  74.8% | Σ-Reward:  5242.0 | Ø-Reward:  2.621 | Places: [1497 (0.75), 318 (0.16), 115 (0.06), 70 (0.04)]
[2025-09-15 17:18:16] Winrate vs single_only :  79.2% | Σ-Reward:  5417.0 | Ø-Reward:  2.708 | Places: [1585 (0.79), 277 (0.14), 108 (0.05), 30 (0.01)]
[2025-09-15 17:18:27] Timing @ep 70000: episode 32.5s | train 0.092s | eval 20.9s | plot 11.5s | save 0.002s | cum 2.22h
[2025-09-15 17:37:39] 
[2025-09-15 17:37:39] Benchmark @train_ep   80000 (bench_eps: 2000)
[2025-09-15 17:37:39] Macro Winrate          :  66.2%
[2025-09-15 17:37:39] Macro Ø-Reward         :  2.462
[2025-09-15 17:37:39] Winrate vs max_combo   :  49.6% | Σ-Reward:  4305.0 | Ø-Reward:  2.152 | Places: [992 (0.50), 519 (0.26), 291 (0.15), 198 (0.10)]
[2025-09-15 17:37:39] Winrate vs random2     :  69.7% | Σ-Reward:  5082.0 | Ø-Reward:  2.541 | Places: [1393 (0.70), 379 (0.19), 145 (0.07), 83 (0.04)]
[2025-09-15 17:37:39] Winrate vs single_only :  79.5% | Σ-Reward:  5387.0 | Ø-Reward:  2.693 | Places: [1590 (0.80), 240 (0.12), 137 (0.07), 33 (0.02)]
[2025-09-15 17:37:52] Timing @ep 80000: episode 34.0s | train 0.077s | eval 20.6s | plot 13.2s | save 0.002s | cum 2.55h
[2025-09-15 17:56:46] 
[2025-09-15 17:56:46] Benchmark @train_ep   90000 (bench_eps: 2000)
[2025-09-15 17:56:46] Macro Winrate          :  68.9%
[2025-09-15 17:56:46] Macro Ø-Reward         :  2.538
[2025-09-15 17:56:46] Winrate vs max_combo   :  52.0% | Σ-Reward:  4482.0 | Ø-Reward:  2.241 | Places: [1039 (0.52), 544 (0.27), 277 (0.14), 140 (0.07)]
[2025-09-15 17:56:46] Winrate vs random2     :  76.0% | Σ-Reward:  5298.0 | Ø-Reward:  2.649 | Places: [1520 (0.76), 321 (0.16), 96 (0.05), 63 (0.03)]
[2025-09-15 17:56:46] Winrate vs single_only :  78.8% | Σ-Reward:  5448.0 | Ø-Reward:  2.724 | Places: [1575 (0.79), 322 (0.16), 79 (0.04), 24 (0.01)]
[2025-09-15 17:57:01] Timing @ep 90000: episode 36.1s | train 0.087s | eval 20.4s | plot 15.5s | save 0.002s | cum 2.87h
[2025-09-15 18:16:13] 
[2025-09-15 18:16:13] Benchmark @train_ep  100000 (bench_eps: 2000)
[2025-09-15 18:16:13] Macro Winrate          :  66.1%
[2025-09-15 18:16:13] Macro Ø-Reward         :  2.485
[2025-09-15 18:16:13] Winrate vs max_combo   :  49.9% | Σ-Reward:  4379.0 | Ø-Reward:  2.189 | Places: [997 (0.50), 566 (0.28), 256 (0.13), 181 (0.09)]
[2025-09-15 18:16:13] Winrate vs random2     :  69.8% | Σ-Reward:  5118.0 | Ø-Reward:  2.559 | Places: [1395 (0.70), 400 (0.20), 133 (0.07), 72 (0.04)]
[2025-09-15 18:16:13] Winrate vs single_only :  78.8% | Σ-Reward:  5410.0 | Ø-Reward:  2.705 | Places: [1576 (0.79), 284 (0.14), 114 (0.06), 26 (0.01)]
[2025-09-15 18:16:29] Timing @ep 100000: episode 38.8s | train 0.134s | eval 21.7s | plot 17.0s | save 0.002s | cum 3.20h
[2025-09-15 18:35:20] 
[2025-09-15 18:35:20] Benchmark @train_ep  110000 (bench_eps: 2000)
[2025-09-15 18:35:20] Macro Winrate          :  68.0%
[2025-09-15 18:35:20] Macro Ø-Reward         :  2.501
[2025-09-15 18:35:20] Winrate vs max_combo   :  50.3% | Σ-Reward:  4370.0 | Ø-Reward:  2.185 | Places: [1006 (0.50), 544 (0.27), 264 (0.13), 186 (0.09)]
[2025-09-15 18:35:20] Winrate vs random2     :  71.3% | Σ-Reward:  5121.0 | Ø-Reward:  2.561 | Places: [1426 (0.71), 355 (0.18), 133 (0.07), 86 (0.04)]
[2025-09-15 18:35:20] Winrate vs single_only :  82.5% | Σ-Reward:  5513.0 | Ø-Reward:  2.756 | Places: [1649 (0.82), 242 (0.12), 82 (0.04), 27 (0.01)]
[2025-09-15 18:35:39] Timing @ep 110000: episode 40.2s | train 0.138s | eval 21.1s | plot 19.0s | save 0.002s | cum 3.53h
[2025-09-15 18:54:45] 
[2025-09-15 18:54:45] Benchmark @train_ep  120000 (bench_eps: 2000)
[2025-09-15 18:54:45] Macro Winrate          :  66.7%
[2025-09-15 18:54:45] Macro Ø-Reward         :  2.465
[2025-09-15 18:54:45] Winrate vs max_combo   :  48.1% | Σ-Reward:  4215.0 | Ø-Reward:  2.107 | Places: [962 (0.48), 528 (0.26), 273 (0.14), 237 (0.12)]
[2025-09-15 18:54:45] Winrate vs random2     :  70.0% | Σ-Reward:  5078.0 | Ø-Reward:  2.539 | Places: [1399 (0.70), 368 (0.18), 145 (0.07), 88 (0.04)]
[2025-09-15 18:54:45] Winrate vs single_only :  82.0% | Σ-Reward:  5497.0 | Ø-Reward:  2.748 | Places: [1640 (0.82), 243 (0.12), 91 (0.05), 26 (0.01)]
[2025-09-15 18:55:04] Timing @ep 120000: episode 40.4s | train 0.085s | eval 20.7s | plot 19.6s | save 0.002s | cum 3.86h
[2025-09-15 19:14:09] 
[2025-09-15 19:14:09] Benchmark @train_ep  130000 (bench_eps: 2000)
[2025-09-15 19:14:09] Macro Winrate          :  66.2%
[2025-09-15 19:14:09] Macro Ø-Reward         :  2.459
[2025-09-15 19:14:09] Winrate vs max_combo   :  49.4% | Σ-Reward:  4329.0 | Ø-Reward:  2.164 | Places: [988 (0.49), 558 (0.28), 249 (0.12), 205 (0.10)]
[2025-09-15 19:14:09] Winrate vs random2     :  70.3% | Σ-Reward:  5059.0 | Ø-Reward:  2.530 | Places: [1406 (0.70), 354 (0.18), 133 (0.07), 107 (0.05)]
[2025-09-15 19:14:09] Winrate vs single_only :  79.0% | Σ-Reward:  5366.0 | Ø-Reward:  2.683 | Places: [1579 (0.79), 251 (0.13), 127 (0.06), 43 (0.02)]
[2025-09-15 19:14:29] Timing @ep 130000: episode 42.5s | train 0.106s | eval 21.3s | plot 21.0s | save 0.002s | cum 4.19h
[2025-09-15 19:33:34] 
[2025-09-15 19:33:34] Benchmark @train_ep  140000 (bench_eps: 2000)
[2025-09-15 19:33:34] Macro Winrate          :  68.6%
[2025-09-15 19:33:34] Macro Ø-Reward         :  2.522
[2025-09-15 19:33:34] Winrate vs max_combo   :  50.1% | Σ-Reward:  4378.0 | Ø-Reward:  2.189 | Places: [1003 (0.50), 555 (0.28), 259 (0.13), 183 (0.09)]
[2025-09-15 19:33:34] Winrate vs random2     :  73.2% | Σ-Reward:  5222.0 | Ø-Reward:  2.611 | Places: [1463 (0.73), 348 (0.17), 137 (0.07), 52 (0.03)]
[2025-09-15 19:33:34] Winrate vs single_only :  82.5% | Σ-Reward:  5530.0 | Ø-Reward:  2.765 | Places: [1649 (0.82), 251 (0.13), 81 (0.04), 19 (0.01)]
[2025-09-15 19:33:57] Timing @ep 140000: episode 45.0s | train 0.129s | eval 21.5s | plot 23.4s | save 0.002s | cum 4.52h
[2025-09-15 19:53:07] 
[2025-09-15 19:53:07] Benchmark @train_ep  150000 (bench_eps: 2000)
[2025-09-15 19:53:07] Macro Winrate          :  70.3%
[2025-09-15 19:53:07] Macro Ø-Reward         :  2.544
[2025-09-15 19:53:07] Winrate vs max_combo   :  50.6% | Σ-Reward:  4351.0 | Ø-Reward:  2.175 | Places: [1012 (0.51), 528 (0.26), 259 (0.13), 201 (0.10)]
[2025-09-15 19:53:07] Winrate vs random2     :  78.3% | Σ-Reward:  5393.0 | Ø-Reward:  2.696 | Places: [1566 (0.78), 302 (0.15), 91 (0.05), 41 (0.02)]
[2025-09-15 19:53:07] Winrate vs single_only :  82.0% | Σ-Reward:  5520.0 | Ø-Reward:  2.760 | Places: [1640 (0.82), 259 (0.13), 82 (0.04), 19 (0.01)]
[2025-09-15 19:53:32] Timing @ep 150000: episode 46.1s | train 0.081s | eval 20.9s | plot 25.1s | save 0.002s | cum 4.86h
[2025-09-15 20:12:34] 
[2025-09-15 20:12:34] Benchmark @train_ep  160000 (bench_eps: 2000)
[2025-09-15 20:12:34] Macro Winrate          :  69.6%
[2025-09-15 20:12:34] Macro Ø-Reward         :  2.536
[2025-09-15 20:12:34] Winrate vs max_combo   :  52.3% | Σ-Reward:  4453.0 | Ø-Reward:  2.227 | Places: [1046 (0.52), 533 (0.27), 249 (0.12), 172 (0.09)]
[2025-09-15 20:12:34] Winrate vs random2     :  75.6% | Σ-Reward:  5263.0 | Ø-Reward:  2.631 | Places: [1512 (0.76), 305 (0.15), 117 (0.06), 66 (0.03)]
[2025-09-15 20:12:34] Winrate vs single_only :  80.9% | Σ-Reward:  5503.0 | Ø-Reward:  2.752 | Places: [1618 (0.81), 282 (0.14), 85 (0.04), 15 (0.01)]
[2025-09-15 20:13:00] Timing @ep 160000: episode 47.6s | train 0.092s | eval 21.0s | plot 26.5s | save 0.002s | cum 5.19h
[2025-09-15 20:32:18] 
[2025-09-15 20:32:18] Benchmark @train_ep  170000 (bench_eps: 2000)
[2025-09-15 20:32:18] Macro Winrate          :  70.0%
[2025-09-15 20:32:18] Macro Ø-Reward         :  2.527
[2025-09-15 20:32:18] Winrate vs max_combo   :  53.5% | Σ-Reward:  4422.0 | Ø-Reward:  2.211 | Places: [1070 (0.54), 476 (0.24), 260 (0.13), 194 (0.10)]
[2025-09-15 20:32:18] Winrate vs random2     :  75.8% | Σ-Reward:  5253.0 | Ø-Reward:  2.627 | Places: [1517 (0.76), 282 (0.14), 138 (0.07), 63 (0.03)]
[2025-09-15 20:32:18] Winrate vs single_only :  80.8% | Σ-Reward:  5489.0 | Ø-Reward:  2.744 | Places: [1616 (0.81), 276 (0.14), 89 (0.04), 19 (0.01)]
[2025-09-15 20:32:45] Timing @ep 170000: episode 49.0s | train 0.087s | eval 20.9s | plot 28.0s | save 0.003s | cum 5.53h
[2025-09-15 20:52:19] 
[2025-09-15 20:52:19] Benchmark @train_ep  180000 (bench_eps: 2000)
[2025-09-15 20:52:19] Macro Winrate          :  67.1%
[2025-09-15 20:52:19] Macro Ø-Reward         :  2.499
[2025-09-15 20:52:19] Winrate vs max_combo   :  48.1% | Σ-Reward:  4330.0 | Ø-Reward:  2.165 | Places: [963 (0.48), 577 (0.29), 287 (0.14), 173 (0.09)]
[2025-09-15 20:52:19] Winrate vs random2     :  72.9% | Σ-Reward:  5205.0 | Ø-Reward:  2.603 | Places: [1458 (0.73), 347 (0.17), 137 (0.07), 58 (0.03)]
[2025-09-15 20:52:19] Winrate vs single_only :  80.3% | Σ-Reward:  5461.0 | Ø-Reward:  2.731 | Places: [1606 (0.80), 269 (0.13), 105 (0.05), 20 (0.01)]
[2025-09-15 20:52:47] Timing @ep 180000: episode 49.8s | train 0.100s | eval 20.3s | plot 29.3s | save 0.002s | cum 5.87h
[2025-09-15 21:11:49] 
[2025-09-15 21:11:49] Benchmark @train_ep  190000 (bench_eps: 2000)
[2025-09-15 21:11:49] Macro Winrate          :  67.7%
[2025-09-15 21:11:49] Macro Ø-Reward         :  2.506
[2025-09-15 21:11:49] Winrate vs max_combo   :  50.0% | Σ-Reward:  4384.0 | Ø-Reward:  2.192 | Places: [1000 (0.50), 550 (0.28), 284 (0.14), 166 (0.08)]
[2025-09-15 21:11:49] Winrate vs random2     :  72.4% | Σ-Reward:  5195.0 | Ø-Reward:  2.598 | Places: [1448 (0.72), 362 (0.18), 127 (0.06), 63 (0.03)]
[2025-09-15 21:11:49] Winrate vs single_only :  80.5% | Σ-Reward:  5459.0 | Ø-Reward:  2.729 | Places: [1611 (0.81), 266 (0.13), 94 (0.05), 29 (0.01)]
[2025-09-15 21:12:19] Timing @ep 190000: episode 51.2s | train 0.032s | eval 20.6s | plot 30.6s | save 0.002s | cum 6.21h
[2025-09-15 21:31:19] 
[2025-09-15 21:31:19] Benchmark @train_ep  200000 (bench_eps: 2000)
[2025-09-15 21:31:19] Macro Winrate          :  70.1%
[2025-09-15 21:31:19] Macro Ø-Reward         :  2.566
[2025-09-15 21:31:19] Winrate vs max_combo   :  52.1% | Σ-Reward:  4503.0 | Ø-Reward:  2.252 | Places: [1043 (0.52), 560 (0.28), 254 (0.13), 143 (0.07)]
[2025-09-15 21:31:19] Winrate vs random2     :  77.1% | Σ-Reward:  5389.0 | Ø-Reward:  2.695 | Places: [1542 (0.77), 339 (0.17), 85 (0.04), 34 (0.02)]
[2025-09-15 21:31:19] Winrate vs single_only :  81.2% | Σ-Reward:  5506.0 | Ø-Reward:  2.753 | Places: [1623 (0.81), 281 (0.14), 75 (0.04), 21 (0.01)]
[2025-09-15 21:31:51] Timing @ep 200000: episode 53.4s | train 0.108s | eval 20.6s | plot 32.6s | save 0.002s | cum 6.54h
[2025-09-15 21:50:42] 
[2025-09-15 21:50:42] Benchmark @train_ep  210000 (bench_eps: 2000)
[2025-09-15 21:50:42] Macro Winrate          :  69.1%
[2025-09-15 21:50:42] Macro Ø-Reward         :  2.527
[2025-09-15 21:50:42] Winrate vs max_combo   :  51.2% | Σ-Reward:  4416.0 | Ø-Reward:  2.208 | Places: [1025 (0.51), 537 (0.27), 267 (0.13), 171 (0.09)]
[2025-09-15 21:50:42] Winrate vs random2     :  75.2% | Σ-Reward:  5248.0 | Ø-Reward:  2.624 | Places: [1504 (0.75), 320 (0.16), 96 (0.05), 80 (0.04)]
[2025-09-15 21:50:42] Winrate vs single_only :  80.9% | Σ-Reward:  5498.0 | Ø-Reward:  2.749 | Places: [1618 (0.81), 285 (0.14), 74 (0.04), 23 (0.01)]
[2025-09-15 21:51:17] Timing @ep 210000: episode 57.1s | train 0.069s | eval 21.2s | plot 35.9s | save 0.002s | cum 6.88h
