[2025-09-09 09:12:56] New Training (k1a1)
[2025-09-09 09:12:56] Deck_Size: 16
[2025-09-09 09:12:56] Episodes: 5000
[2025-09-09 09:12:56] Path: /home/wasterix/OpenSpiel/open_spiel/President/models/k1a1/model_08
[2025-09-09 09:12:58] [Population] Initiales Lineup: ['single_only', 'single_only', 'single_only']
[2025-09-09 09:13:38] 
[2025-09-09 09:13:38] Benchmark @train_ep     200 (bench_eps: 4000)
[2025-09-09 09:13:38] Macro Winrate          :  25.3%
[2025-09-09 09:13:38] Macro Ø-Reward         :  1.347
[2025-09-09 09:13:38] Winrate vs max_combo   :  22.4% | Σ-Reward:  5097.0 | Ø-Reward:  1.274 | Places: [895 (0.22), 748 (0.19), 916 (0.23), 1441 (0.36)]
[2025-09-09 09:13:38] Winrate vs random2     :  24.1% | Σ-Reward:  5880.0 | Ø-Reward:  1.470 | Places: [963 (0.24), 969 (0.24), 1053 (0.26), 1015 (0.25)]
[2025-09-09 09:13:38] Winrate vs single_only :  39.9% | Σ-Reward:  6786.0 | Ø-Reward:  1.696 | Places: [1596 (0.40), 526 (0.13), 946 (0.24), 932 (0.23)]
[2025-09-09 09:13:38] Winrate vs v_table     :  15.1% | Σ-Reward:  3788.0 | Ø-Reward:  0.947 | Places: [602 (0.15), 631 (0.16), 720 (0.18), 2047 (0.51)]
[2025-09-09 09:13:39] Timing @ep 200: episode 39.9s | train 0.002s | eval 38.7s | plot 1.2s | save 0.005s | cum 0.01h
[2025-09-09 09:14:17] 
[2025-09-09 09:14:17] Benchmark @train_ep     400 (bench_eps: 4000)
[2025-09-09 09:14:17] Macro Winrate          :  29.6%
[2025-09-09 09:14:17] Macro Ø-Reward         :  1.452
[2025-09-09 09:14:17] Winrate vs max_combo   :  25.8% | Σ-Reward:  5529.0 | Ø-Reward:  1.382 | Places: [1031 (0.26), 783 (0.20), 870 (0.22), 1316 (0.33)]
[2025-09-09 09:14:17] Winrate vs random2     :  26.1% | Σ-Reward:  6021.0 | Ø-Reward:  1.505 | Places: [1045 (0.26), 942 (0.24), 1002 (0.25), 1011 (0.25)]
[2025-09-09 09:14:17] Winrate vs single_only :  49.5% | Σ-Reward:  7641.0 | Ø-Reward:  1.910 | Places: [1981 (0.50), 455 (0.11), 788 (0.20), 776 (0.19)]
[2025-09-09 09:14:17] Winrate vs v_table     :  17.0% | Σ-Reward:  4041.0 | Ø-Reward:  1.010 | Places: [681 (0.17), 659 (0.16), 680 (0.17), 1980 (0.49)]
[2025-09-09 09:14:18] Timing @ep 400: episode 37.9s | train 0.003s | eval 36.7s | plot 1.1s | save 0.001s | cum 0.02h
[2025-09-09 09:14:55] 
[2025-09-09 09:14:55] Benchmark @train_ep     600 (bench_eps: 4000)
[2025-09-09 09:14:55] Macro Winrate          :  30.1%
[2025-09-09 09:14:55] Macro Ø-Reward         :  1.476
[2025-09-09 09:14:55] Winrate vs max_combo   :  27.7% | Σ-Reward:  5735.0 | Ø-Reward:  1.434 | Places: [1107 (0.28), 776 (0.19), 862 (0.22), 1255 (0.31)]
[2025-09-09 09:14:55] Winrate vs random2     :  26.9% | Σ-Reward:  6182.0 | Ø-Reward:  1.546 | Places: [1078 (0.27), 979 (0.24), 990 (0.25), 953 (0.24)]
[2025-09-09 09:14:55] Winrate vs single_only :  48.7% | Σ-Reward:  7581.0 | Ø-Reward:  1.895 | Places: [1947 (0.49), 464 (0.12), 812 (0.20), 777 (0.19)]
[2025-09-09 09:14:55] Winrate vs v_table     :  17.2% | Σ-Reward:  4122.0 | Ø-Reward:  1.030 | Places: [688 (0.17), 705 (0.18), 648 (0.16), 1959 (0.49)]
[2025-09-09 09:14:57] Timing @ep 600: episode 37.3s | train 0.002s | eval 36.1s | plot 1.2s | save 0.001s | cum 0.03h
[2025-09-09 09:15:34] 
[2025-09-09 09:15:34] Benchmark @train_ep     800 (bench_eps: 4000)
[2025-09-09 09:15:34] Macro Winrate          :  30.9%
[2025-09-09 09:15:34] Macro Ø-Reward         :  1.507
[2025-09-09 09:15:34] Winrate vs max_combo   :  27.9% | Σ-Reward:  5854.0 | Ø-Reward:  1.464 | Places: [1118 (0.28), 824 (0.21), 852 (0.21), 1206 (0.30)]
[2025-09-09 09:15:34] Winrate vs random2     :  27.6% | Σ-Reward:  6336.0 | Ø-Reward:  1.584 | Places: [1104 (0.28), 1018 (0.25), 988 (0.25), 890 (0.22)]
[2025-09-09 09:15:34] Winrate vs single_only :  50.8% | Σ-Reward:  7803.0 | Ø-Reward:  1.951 | Places: [2030 (0.51), 478 (0.12), 757 (0.19), 735 (0.18)]
[2025-09-09 09:15:34] Winrate vs v_table     :  17.1% | Σ-Reward:  4114.0 | Ø-Reward:  1.028 | Places: [685 (0.17), 683 (0.17), 693 (0.17), 1939 (0.48)]
[2025-09-09 09:15:35] Timing @ep 800: episode 37.6s | train 0.002s | eval 36.4s | plot 1.1s | save 0.001s | cum 0.04h
[2025-09-09 09:16:14] 
[2025-09-09 09:16:14] Benchmark @train_ep    1000 (bench_eps: 4000)
[2025-09-09 09:16:14] Macro Winrate          :  29.9%
[2025-09-09 09:16:14] Macro Ø-Reward         :  1.491
[2025-09-09 09:16:14] Winrate vs max_combo   :  27.6% | Σ-Reward:  5805.0 | Ø-Reward:  1.451 | Places: [1105 (0.28), 799 (0.20), 892 (0.22), 1204 (0.30)]
[2025-09-09 09:16:14] Winrate vs random2     :  25.9% | Σ-Reward:  6157.0 | Ø-Reward:  1.539 | Places: [1038 (0.26), 1004 (0.25), 1035 (0.26), 923 (0.23)]
[2025-09-09 09:16:14] Winrate vs single_only :  49.1% | Σ-Reward:  7698.0 | Ø-Reward:  1.925 | Places: [1963 (0.49), 480 (0.12), 849 (0.21), 708 (0.18)]
[2025-09-09 09:16:14] Winrate vs v_table     :  17.1% | Σ-Reward:  4191.0 | Ø-Reward:  1.048 | Places: [685 (0.17), 717 (0.18), 702 (0.18), 1896 (0.47)]
[2025-09-09 09:16:15] Timing @ep 1000: episode 38.5s | train 0.003s | eval 37.4s | plot 1.2s | save 0.001s | cum 0.05h
[2025-09-09 09:16:53] 
[2025-09-09 09:16:53] Benchmark @train_ep    1200 (bench_eps: 4000)
[2025-09-09 09:16:53] Macro Winrate          :  30.5%
[2025-09-09 09:16:53] Macro Ø-Reward         :  1.497
[2025-09-09 09:16:53] Winrate vs max_combo   :  28.6% | Σ-Reward:  5842.0 | Ø-Reward:  1.460 | Places: [1145 (0.29), 765 (0.19), 877 (0.22), 1213 (0.30)]
[2025-09-09 09:16:53] Winrate vs random2     :  27.1% | Σ-Reward:  6287.0 | Ø-Reward:  1.572 | Places: [1082 (0.27), 1032 (0.26), 977 (0.24), 909 (0.23)]
[2025-09-09 09:16:53] Winrate vs single_only :  49.6% | Σ-Reward:  7740.0 | Ø-Reward:  1.935 | Places: [1984 (0.50), 477 (0.12), 834 (0.21), 705 (0.18)]
[2025-09-09 09:16:53] Winrate vs v_table     :  16.6% | Σ-Reward:  4086.0 | Ø-Reward:  1.022 | Places: [664 (0.17), 710 (0.18), 674 (0.17), 1952 (0.49)]
[2025-09-09 09:16:55] Timing @ep 1200: episode 38.6s | train 0.003s | eval 37.3s | plot 1.3s | save 0.001s | cum 0.07h
[2025-09-09 09:17:33] 
[2025-09-09 09:17:33] Benchmark @train_ep    1400 (bench_eps: 4000)
[2025-09-09 09:17:33] Macro Winrate          :  30.7%
[2025-09-09 09:17:33] Macro Ø-Reward         :  1.511
[2025-09-09 09:17:33] Winrate vs max_combo   :  28.4% | Σ-Reward:  5860.0 | Ø-Reward:  1.465 | Places: [1138 (0.28), 787 (0.20), 872 (0.22), 1203 (0.30)]
[2025-09-09 09:17:33] Winrate vs random2     :  26.8% | Σ-Reward:  6274.0 | Ø-Reward:  1.569 | Places: [1071 (0.27), 1027 (0.26), 1007 (0.25), 895 (0.22)]
[2025-09-09 09:17:33] Winrate vs single_only :  50.9% | Σ-Reward:  7859.0 | Ø-Reward:  1.965 | Places: [2034 (0.51), 491 (0.12), 775 (0.19), 700 (0.17)]
[2025-09-09 09:17:33] Winrate vs v_table     :  16.7% | Σ-Reward:  4187.0 | Ø-Reward:  1.047 | Places: [668 (0.17), 741 (0.19), 701 (0.18), 1890 (0.47)]
[2025-09-09 09:17:34] Timing @ep 1400: episode 38.0s | train 0.003s | eval 36.8s | plot 1.1s | save 0.001s | cum 0.08h
[2025-09-09 09:18:11] 
[2025-09-09 09:18:11] Benchmark @train_ep    1600 (bench_eps: 4000)
[2025-09-09 09:18:11] Macro Winrate          :  31.2%
[2025-09-09 09:18:11] Macro Ø-Reward         :  1.547
[2025-09-09 09:18:11] Winrate vs max_combo   :  27.9% | Σ-Reward:  5936.0 | Ø-Reward:  1.484 | Places: [1115 (0.28), 845 (0.21), 901 (0.23), 1139 (0.28)]
[2025-09-09 09:18:11] Winrate vs random2     :  27.7% | Σ-Reward:  6405.0 | Ø-Reward:  1.601 | Places: [1108 (0.28), 1058 (0.26), 965 (0.24), 869 (0.22)]
[2025-09-09 09:18:11] Winrate vs single_only :  52.0% | Σ-Reward:  8084.0 | Ø-Reward:  2.021 | Places: [2082 (0.52), 534 (0.13), 770 (0.19), 614 (0.15)]
[2025-09-09 09:18:11] Winrate vs v_table     :  17.3% | Σ-Reward:  4322.0 | Ø-Reward:  1.081 | Places: [692 (0.17), 733 (0.18), 780 (0.20), 1795 (0.45)]
[2025-09-09 09:18:12] Timing @ep 1600: episode 37.0s | train 0.002s | eval 35.8s | plot 1.1s | save 0.001s | cum 0.09h
[2025-09-09 09:18:48] 
[2025-09-09 09:18:48] Benchmark @train_ep    1800 (bench_eps: 4000)
[2025-09-09 09:18:48] Macro Winrate          :  31.7%
[2025-09-09 09:18:48] Macro Ø-Reward         :  1.571
[2025-09-09 09:18:48] Winrate vs max_combo   :  28.3% | Σ-Reward:  5946.0 | Ø-Reward:  1.486 | Places: [1131 (0.28), 845 (0.21), 863 (0.22), 1161 (0.29)]
[2025-09-09 09:18:48] Winrate vs random2     :  27.9% | Σ-Reward:  6533.0 | Ø-Reward:  1.633 | Places: [1115 (0.28), 1122 (0.28), 944 (0.24), 819 (0.20)]
[2025-09-09 09:18:48] Winrate vs single_only :  52.5% | Σ-Reward:  8199.0 | Ø-Reward:  2.050 | Places: [2099 (0.52), 554 (0.14), 794 (0.20), 553 (0.14)]
[2025-09-09 09:18:48] Winrate vs v_table     :  18.3% | Σ-Reward:  4461.0 | Ø-Reward:  1.115 | Places: [732 (0.18), 774 (0.19), 717 (0.18), 1777 (0.44)]
[2025-09-09 09:18:49] Timing @ep 1800: episode 36.1s | train 0.002s | eval 35.0s | plot 1.2s | save 0.001s | cum 0.10h
[2025-09-09 09:19:25] 
[2025-09-09 09:19:25] Benchmark @train_ep    2000 (bench_eps: 4000)
[2025-09-09 09:19:25] Macro Winrate          :  30.8%
[2025-09-09 09:19:25] Macro Ø-Reward         :  1.527
[2025-09-09 09:19:25] Winrate vs max_combo   :  27.9% | Σ-Reward:  5863.0 | Ø-Reward:  1.466 | Places: [1115 (0.28), 826 (0.21), 866 (0.22), 1193 (0.30)]
[2025-09-09 09:19:25] Winrate vs random2     :  26.0% | Σ-Reward:  6275.0 | Ø-Reward:  1.569 | Places: [1039 (0.26), 1094 (0.27), 970 (0.24), 897 (0.22)]
[2025-09-09 09:19:25] Winrate vs single_only :  52.0% | Σ-Reward:  8021.0 | Ø-Reward:  2.005 | Places: [2080 (0.52), 495 (0.12), 791 (0.20), 634 (0.16)]
[2025-09-09 09:19:25] Winrate vs v_table     :  17.5% | Σ-Reward:  4272.0 | Ø-Reward:  1.068 | Places: [701 (0.18), 747 (0.19), 675 (0.17), 1877 (0.47)]
[2025-09-09 09:19:27] Timing @ep 2000: episode 36.5s | train 0.002s | eval 35.2s | plot 1.3s | save 0.001s | cum 0.11h
[2025-09-09 09:20:03] 
[2025-09-09 09:20:03] Benchmark @train_ep    2200 (bench_eps: 4000)
[2025-09-09 09:20:03] Macro Winrate          :  31.5%
[2025-09-09 09:20:03] Macro Ø-Reward         :  1.571
[2025-09-09 09:20:03] Winrate vs max_combo   :  29.1% | Σ-Reward:  6100.0 | Ø-Reward:  1.525 | Places: [1165 (0.29), 867 (0.22), 871 (0.22), 1097 (0.27)]
[2025-09-09 09:20:03] Winrate vs random2     :  27.2% | Σ-Reward:  6514.0 | Ø-Reward:  1.629 | Places: [1088 (0.27), 1150 (0.29), 950 (0.24), 812 (0.20)]
[2025-09-09 09:20:03] Winrate vs single_only :  52.5% | Σ-Reward:  8153.0 | Ø-Reward:  2.038 | Places: [2098 (0.52), 539 (0.13), 781 (0.20), 582 (0.15)]
[2025-09-09 09:20:03] Winrate vs v_table     :  17.2% | Σ-Reward:  4367.0 | Ø-Reward:  1.092 | Places: [689 (0.17), 758 (0.19), 784 (0.20), 1769 (0.44)]
[2025-09-09 09:20:04] Timing @ep 2200: episode 36.2s | train 0.002s | eval 35.1s | plot 1.1s | save 0.001s | cum 0.12h
[2025-09-09 09:20:40] 
[2025-09-09 09:20:40] Benchmark @train_ep    2400 (bench_eps: 4000)
[2025-09-09 09:20:40] Macro Winrate          :  31.4%
[2025-09-09 09:20:40] Macro Ø-Reward         :  1.546
[2025-09-09 09:20:40] Winrate vs max_combo   :  27.9% | Σ-Reward:  5926.0 | Ø-Reward:  1.482 | Places: [1118 (0.28), 828 (0.21), 916 (0.23), 1138 (0.28)]
[2025-09-09 09:20:40] Winrate vs random2     :  27.1% | Σ-Reward:  6385.0 | Ø-Reward:  1.596 | Places: [1086 (0.27), 1051 (0.26), 1025 (0.26), 838 (0.21)]
[2025-09-09 09:20:40] Winrate vs single_only :  52.2% | Σ-Reward:  8035.0 | Ø-Reward:  2.009 | Places: [2087 (0.52), 498 (0.12), 778 (0.19), 637 (0.16)]
[2025-09-09 09:20:40] Winrate vs v_table     :  18.3% | Σ-Reward:  4394.0 | Ø-Reward:  1.099 | Places: [732 (0.18), 736 (0.18), 726 (0.18), 1806 (0.45)]
[2025-09-09 09:20:41] Timing @ep 2400: episode 35.9s | train 0.002s | eval 34.8s | plot 1.1s | save 0.002s | cum 0.13h
[2025-09-09 09:21:20] 
[2025-09-09 09:21:20] Benchmark @train_ep    2600 (bench_eps: 4000)
[2025-09-09 09:21:20] Macro Winrate          :  31.0%
[2025-09-09 09:21:20] Macro Ø-Reward         :  1.513
[2025-09-09 09:21:20] Winrate vs max_combo   :  28.2% | Σ-Reward:  5851.0 | Ø-Reward:  1.463 | Places: [1128 (0.28), 795 (0.20), 877 (0.22), 1200 (0.30)]
[2025-09-09 09:21:20] Winrate vs random2     :  27.8% | Σ-Reward:  6359.0 | Ø-Reward:  1.590 | Places: [1111 (0.28), 999 (0.25), 1028 (0.26), 862 (0.22)]
[2025-09-09 09:21:20] Winrate vs single_only :  51.4% | Σ-Reward:  7917.0 | Ø-Reward:  1.979 | Places: [2055 (0.51), 496 (0.12), 760 (0.19), 689 (0.17)]
[2025-09-09 09:21:20] Winrate vs v_table     :  16.8% | Σ-Reward:  4081.0 | Ø-Reward:  1.020 | Places: [673 (0.17), 689 (0.17), 684 (0.17), 1954 (0.49)]
[2025-09-09 09:21:21] Timing @ep 2600: episode 39.5s | train 0.002s | eval 38.4s | plot 1.1s | save 0.001s | cum 0.14h
[2025-09-09 09:21:58] 
[2025-09-09 09:21:58] Benchmark @train_ep    2800 (bench_eps: 4000)
[2025-09-09 09:21:58] Macro Winrate          :  30.2%
[2025-09-09 09:21:58] Macro Ø-Reward         :  1.505
[2025-09-09 09:21:58] Winrate vs max_combo   :  28.4% | Σ-Reward:  5875.0 | Ø-Reward:  1.469 | Places: [1136 (0.28), 803 (0.20), 861 (0.22), 1200 (0.30)]
[2025-09-09 09:21:58] Winrate vs random2     :  27.1% | Σ-Reward:  6366.0 | Ø-Reward:  1.591 | Places: [1083 (0.27), 1070 (0.27), 977 (0.24), 870 (0.22)]
[2025-09-09 09:21:58] Winrate vs single_only :  48.2% | Σ-Reward:  7668.0 | Ø-Reward:  1.917 | Places: [1928 (0.48), 541 (0.14), 802 (0.20), 729 (0.18)]
[2025-09-09 09:21:58] Winrate vs v_table     :  16.9% | Σ-Reward:  4167.0 | Ø-Reward:  1.042 | Places: [678 (0.17), 712 (0.18), 709 (0.18), 1901 (0.48)]
[2025-09-09 09:22:00] Timing @ep 2800: episode 37.1s | train 0.002s | eval 35.9s | plot 1.2s | save 0.002s | cum 0.15h
[2025-09-09 09:22:36] 
[2025-09-09 09:22:36] Benchmark @train_ep    3000 (bench_eps: 4000)
[2025-09-09 09:22:36] Macro Winrate          :  31.9%
[2025-09-09 09:22:36] Macro Ø-Reward         :  1.597
[2025-09-09 09:22:36] Winrate vs max_combo   :  28.3% | Σ-Reward:  6152.0 | Ø-Reward:  1.538 | Places: [1131 (0.28), 931 (0.23), 897 (0.22), 1041 (0.26)]
[2025-09-09 09:22:36] Winrate vs random2     :  28.9% | Σ-Reward:  6709.0 | Ø-Reward:  1.677 | Places: [1155 (0.29), 1129 (0.28), 986 (0.25), 730 (0.18)]
[2025-09-09 09:22:36] Winrate vs single_only :  53.3% | Σ-Reward:  8290.0 | Ø-Reward:  2.072 | Places: [2132 (0.53), 555 (0.14), 784 (0.20), 529 (0.13)]
[2025-09-09 09:22:36] Winrate vs v_table     :  17.4% | Σ-Reward:  4406.0 | Ø-Reward:  1.101 | Places: [694 (0.17), 720 (0.18), 884 (0.22), 1702 (0.43)]
[2025-09-09 09:22:37] Timing @ep 3000: episode 35.8s | train 0.002s | eval 34.6s | plot 1.1s | save 0.001s | cum 0.16h
[2025-09-09 09:23:16] 
[2025-09-09 09:23:16] Benchmark @train_ep    3200 (bench_eps: 4000)
[2025-09-09 09:23:16] Macro Winrate          :  31.1%
[2025-09-09 09:23:16] Macro Ø-Reward         :  1.525
[2025-09-09 09:23:16] Winrate vs max_combo   :  28.3% | Σ-Reward:  5938.0 | Ø-Reward:  1.484 | Places: [1133 (0.28), 836 (0.21), 867 (0.22), 1164 (0.29)]
[2025-09-09 09:23:16] Winrate vs random2     :  27.4% | Σ-Reward:  6316.0 | Ø-Reward:  1.579 | Places: [1094 (0.27), 1023 (0.26), 988 (0.25), 895 (0.22)]
[2025-09-09 09:23:16] Winrate vs single_only :  50.8% | Σ-Reward:  7914.0 | Ø-Reward:  1.978 | Places: [2031 (0.51), 529 (0.13), 763 (0.19), 677 (0.17)]
[2025-09-09 09:23:16] Winrate vs v_table     :  17.8% | Σ-Reward:  4234.0 | Ø-Reward:  1.058 | Places: [711 (0.18), 676 (0.17), 749 (0.19), 1864 (0.47)]
[2025-09-09 09:23:17] Timing @ep 3200: episode 38.9s | train 0.002s | eval 37.7s | plot 1.2s | save 0.001s | cum 0.17h
[2025-09-09 09:23:59] 
[2025-09-09 09:23:59] Benchmark @train_ep    3400 (bench_eps: 4000)
[2025-09-09 09:23:59] Macro Winrate          :  30.6%
[2025-09-09 09:23:59] Macro Ø-Reward         :  1.512
[2025-09-09 09:23:59] Winrate vs max_combo   :  26.8% | Σ-Reward:  5756.0 | Ø-Reward:  1.439 | Places: [1071 (0.27), 832 (0.21), 879 (0.22), 1218 (0.30)]
[2025-09-09 09:23:59] Winrate vs random2     :  27.8% | Σ-Reward:  6346.0 | Ø-Reward:  1.587 | Places: [1112 (0.28), 1014 (0.25), 982 (0.25), 892 (0.22)]
[2025-09-09 09:23:59] Winrate vs single_only :  49.9% | Σ-Reward:  7794.0 | Ø-Reward:  1.948 | Places: [1996 (0.50), 529 (0.13), 748 (0.19), 727 (0.18)]
[2025-09-09 09:23:59] Winrate vs v_table     :  17.9% | Σ-Reward:  4295.0 | Ø-Reward:  1.074 | Places: [716 (0.18), 730 (0.18), 687 (0.17), 1867 (0.47)]
[2025-09-09 09:24:00] Timing @ep 3400: episode 41.9s | train 0.002s | eval 40.4s | plot 1.5s | save 0.001s | cum 0.18h
[2025-09-09 09:24:42] 
[2025-09-09 09:24:42] Benchmark @train_ep    3600 (bench_eps: 4000)
[2025-09-09 09:24:42] Macro Winrate          :  31.1%
[2025-09-09 09:24:42] Macro Ø-Reward         :  1.528
[2025-09-09 09:24:42] Winrate vs max_combo   :  28.3% | Σ-Reward:  5960.0 | Ø-Reward:  1.490 | Places: [1131 (0.28), 847 (0.21), 873 (0.22), 1149 (0.29)]
[2025-09-09 09:24:42] Winrate vs random2     :  28.6% | Σ-Reward:  6416.0 | Ø-Reward:  1.604 | Places: [1145 (0.29), 1019 (0.25), 943 (0.24), 893 (0.22)]
[2025-09-09 09:24:42] Winrate vs single_only :  49.0% | Σ-Reward:  7777.0 | Ø-Reward:  1.944 | Places: [1961 (0.49), 540 (0.14), 814 (0.20), 685 (0.17)]
[2025-09-09 09:24:42] Winrate vs v_table     :  18.6% | Σ-Reward:  4301.0 | Ø-Reward:  1.075 | Places: [744 (0.19), 688 (0.17), 693 (0.17), 1875 (0.47)]
[2025-09-09 09:24:44] Timing @ep 3600: episode 41.8s | train 0.003s | eval 40.2s | plot 1.6s | save 0.001s | cum 0.20h
[2025-09-09 09:25:24] 
[2025-09-09 09:25:24] Benchmark @train_ep    3800 (bench_eps: 4000)
[2025-09-09 09:25:24] Macro Winrate          :  29.7%
[2025-09-09 09:25:24] Macro Ø-Reward         :  1.488
[2025-09-09 09:25:24] Winrate vs max_combo   :  26.6% | Σ-Reward:  5688.0 | Ø-Reward:  1.422 | Places: [1063 (0.27), 791 (0.20), 917 (0.23), 1229 (0.31)]
[2025-09-09 09:25:24] Winrate vs random2     :  26.7% | Σ-Reward:  6346.0 | Ø-Reward:  1.587 | Places: [1069 (0.27), 1062 (0.27), 1015 (0.25), 854 (0.21)]
[2025-09-09 09:25:24] Winrate vs single_only :  48.8% | Σ-Reward:  7692.0 | Ø-Reward:  1.923 | Places: [1953 (0.49), 513 (0.13), 807 (0.20), 727 (0.18)]
[2025-09-09 09:25:24] Winrate vs v_table     :  16.8% | Σ-Reward:  4085.0 | Ø-Reward:  1.021 | Places: [672 (0.17), 667 (0.17), 735 (0.18), 1926 (0.48)]
[2025-09-09 09:25:25] Timing @ep 3800: episode 39.4s | train 0.003s | eval 38.2s | plot 1.1s | save 0.001s | cum 0.21h
[2025-09-09 09:26:02] 
[2025-09-09 09:26:02] Benchmark @train_ep    4000 (bench_eps: 4000)
[2025-09-09 09:26:02] Macro Winrate          :  31.1%
[2025-09-09 09:26:02] Macro Ø-Reward         :  1.519
[2025-09-09 09:26:02] Winrate vs max_combo   :  27.9% | Σ-Reward:  5829.0 | Ø-Reward:  1.457 | Places: [1115 (0.28), 824 (0.21), 836 (0.21), 1225 (0.31)]
[2025-09-09 09:26:02] Winrate vs random2     :  27.9% | Σ-Reward:  6361.0 | Ø-Reward:  1.590 | Places: [1116 (0.28), 1042 (0.26), 929 (0.23), 913 (0.23)]
[2025-09-09 09:26:02] Winrate vs single_only :  51.0% | Σ-Reward:  7927.0 | Ø-Reward:  1.982 | Places: [2038 (0.51), 524 (0.13), 765 (0.19), 673 (0.17)]
[2025-09-09 09:26:02] Winrate vs v_table     :  17.6% | Σ-Reward:  4185.0 | Ø-Reward:  1.046 | Places: [705 (0.18), 695 (0.17), 680 (0.17), 1920 (0.48)]
[2025-09-09 09:26:03] Timing @ep 4000: episode 37.0s | train 0.002s | eval 35.9s | plot 1.1s | save 0.001s | cum 0.22h
[2025-09-09 09:26:39] 
[2025-09-09 09:26:39] Benchmark @train_ep    4200 (bench_eps: 4000)
[2025-09-09 09:26:39] Macro Winrate          :  31.2%
[2025-09-09 09:26:39] Macro Ø-Reward         :  1.530
[2025-09-09 09:26:39] Winrate vs max_combo   :  29.0% | Σ-Reward:  5877.0 | Ø-Reward:  1.469 | Places: [1159 (0.29), 768 (0.19), 864 (0.22), 1209 (0.30)]
[2025-09-09 09:26:39] Winrate vs random2     :  27.9% | Σ-Reward:  6420.0 | Ø-Reward:  1.605 | Places: [1116 (0.28), 1047 (0.26), 978 (0.24), 859 (0.21)]
[2025-09-09 09:26:39] Winrate vs single_only :  51.0% | Σ-Reward:  7989.0 | Ø-Reward:  1.997 | Places: [2038 (0.51), 543 (0.14), 789 (0.20), 630 (0.16)]
[2025-09-09 09:26:39] Winrate vs v_table     :  16.9% | Σ-Reward:  4189.0 | Ø-Reward:  1.047 | Places: [676 (0.17), 717 (0.18), 727 (0.18), 1880 (0.47)]
[2025-09-09 09:26:40] Timing @ep 4200: episode 36.3s | train 0.003s | eval 35.0s | plot 1.3s | save 0.001s | cum 0.23h
[2025-09-09 09:27:16] 
[2025-09-09 09:27:16] Benchmark @train_ep    4400 (bench_eps: 4000)
[2025-09-09 09:27:16] Macro Winrate          :  32.7%
[2025-09-09 09:27:16] Macro Ø-Reward         :  1.610
[2025-09-09 09:27:16] Winrate vs max_combo   :  29.4% | Σ-Reward:  6178.0 | Ø-Reward:  1.544 | Places: [1175 (0.29), 873 (0.22), 907 (0.23), 1045 (0.26)]
[2025-09-09 09:27:16] Winrate vs random2     :  28.6% | Σ-Reward:  6641.0 | Ø-Reward:  1.660 | Places: [1145 (0.29), 1109 (0.28), 988 (0.25), 758 (0.19)]
[2025-09-09 09:27:16] Winrate vs single_only :  54.8% | Σ-Reward:  8492.0 | Ø-Reward:  2.123 | Places: [2192 (0.55), 591 (0.15), 734 (0.18), 483 (0.12)]
[2025-09-09 09:27:16] Winrate vs v_table     :  17.9% | Σ-Reward:  4452.0 | Ø-Reward:  1.113 | Places: [718 (0.18), 745 (0.19), 808 (0.20), 1729 (0.43)]
[2025-09-09 09:27:17] Timing @ep 4400: episode 35.8s | train 0.002s | eval 34.7s | plot 1.0s | save 0.002s | cum 0.24h
[2025-09-09 09:27:53] 
[2025-09-09 09:27:53] Benchmark @train_ep    4600 (bench_eps: 4000)
[2025-09-09 09:27:53] Macro Winrate          :  32.4%
[2025-09-09 09:27:53] Macro Ø-Reward         :  1.584
[2025-09-09 09:27:53] Winrate vs max_combo   :  27.8% | Σ-Reward:  5983.0 | Ø-Reward:  1.496 | Places: [1112 (0.28), 830 (0.21), 987 (0.25), 1071 (0.27)]
[2025-09-09 09:27:53] Winrate vs random2     :  28.6% | Σ-Reward:  6616.0 | Ø-Reward:  1.654 | Places: [1144 (0.29), 1096 (0.27), 992 (0.25), 768 (0.19)]
[2025-09-09 09:27:53] Winrate vs single_only :  55.3% | Σ-Reward:  8422.0 | Ø-Reward:  2.106 | Places: [2211 (0.55), 508 (0.13), 773 (0.19), 508 (0.13)]
[2025-09-09 09:27:53] Winrate vs v_table     :  18.1% | Σ-Reward:  4319.0 | Ø-Reward:  1.080 | Places: [724 (0.18), 697 (0.17), 753 (0.19), 1826 (0.46)]
[2025-09-09 09:27:54] Timing @ep 4600: episode 35.9s | train 0.003s | eval 34.8s | plot 1.0s | save 0.001s | cum 0.25h
[2025-09-09 09:28:31] 
[2025-09-09 09:28:31] Benchmark @train_ep    4800 (bench_eps: 4000)
[2025-09-09 09:28:31] Macro Winrate          :  30.6%
[2025-09-09 09:28:31] Macro Ø-Reward         :  1.517
[2025-09-09 09:28:31] Winrate vs max_combo   :  27.5% | Σ-Reward:  5861.0 | Ø-Reward:  1.465 | Places: [1101 (0.28), 856 (0.21), 846 (0.21), 1197 (0.30)]
[2025-09-09 09:28:31] Winrate vs random2     :  26.4% | Σ-Reward:  6291.0 | Ø-Reward:  1.573 | Places: [1057 (0.26), 1044 (0.26), 1032 (0.26), 867 (0.22)]
[2025-09-09 09:28:31] Winrate vs single_only :  50.4% | Σ-Reward:  7901.0 | Ø-Reward:  1.975 | Places: [2014 (0.50), 521 (0.13), 817 (0.20), 648 (0.16)]
[2025-09-09 09:28:31] Winrate vs v_table     :  18.2% | Σ-Reward:  4225.0 | Ø-Reward:  1.056 | Places: [728 (0.18), 655 (0.16), 731 (0.18), 1886 (0.47)]
[2025-09-09 09:28:32] Timing @ep 4800: episode 37.2s | train 0.002s | eval 36.1s | plot 1.1s | save 0.001s | cum 0.26h
[2025-09-09 09:29:10] 
[2025-09-09 09:29:10] Benchmark @train_ep    5000 (bench_eps: 4000)
[2025-09-09 09:29:10] Macro Winrate          :  31.4%
[2025-09-09 09:29:10] Macro Ø-Reward         :  1.532
[2025-09-09 09:29:10] Winrate vs max_combo   :  28.1% | Σ-Reward:  5919.0 | Ø-Reward:  1.480 | Places: [1126 (0.28), 817 (0.20), 907 (0.23), 1150 (0.29)]
[2025-09-09 09:29:10] Winrate vs random2     :  27.2% | Σ-Reward:  6281.0 | Ø-Reward:  1.570 | Places: [1088 (0.27), 1009 (0.25), 999 (0.25), 904 (0.23)]
[2025-09-09 09:29:10] Winrate vs single_only :  51.4% | Σ-Reward:  7917.0 | Ø-Reward:  1.979 | Places: [2054 (0.51), 504 (0.13), 747 (0.19), 695 (0.17)]
[2025-09-09 09:29:10] Winrate vs v_table     :  19.0% | Σ-Reward:  4401.0 | Ø-Reward:  1.100 | Places: [759 (0.19), 693 (0.17), 738 (0.18), 1810 (0.45)]
[2025-09-09 09:29:11] Timing @ep 5000: episode 37.2s | train 0.003s | eval 36.1s | plot 1.1s | save 0.001s | cum 0.27h
[2025-09-09 09:29:11] Opponent-Usage gespeichert: /home/wasterix/OpenSpiel/open_spiel/President/models/k1a1/model_08/plots/opponent_usage.csv
[2025-09-09 09:29:11] 
[2025-09-09 09:29:11] Gesamtzeit: 0.27h (~ 5.14 eps/s)
[2025-09-09 09:29:11] k1a1, Single Agent vs Population. Training abgeschlossen.
[2025-09-09 09:29:11] Path: /home/wasterix/OpenSpiel/open_spiel/President/models/k1a1/model_08
