[2025-09-30 16:27:46] New Training (k4a2): Shared-Policy DQN — In-Proc External Trainer (Bundle-Updates)
[2025-09-30 16:27:46] Deck_Size: 64
[2025-09-30 16:27:46] Episodes: 100000
[2025-09-30 16:27:46] Path: /home/wasterix/OpenSpiel/open_spiel/President/models/k4a2/model_87
[2025-09-30 16:29:36] 
[2025-09-30 16:29:36] Benchmark @train_ep    5000 (bench_eps: 2000)
[2025-09-30 16:29:36] Macro Winrate          :  22.2%
[2025-09-30 16:29:36] Macro Ø-Reward         :  1.506
[2025-09-30 16:29:36] Winrate vs max_combo   :  10.1% | Σ-Reward:  1921.0 | Ø-Reward:  0.961 | Places: [201 (0.10), 357 (0.18), 604 (0.30), 838 (0.42)]
[2025-09-30 16:29:36] Winrate vs random2     :  26.4% | Σ-Reward:  3507.0 | Ø-Reward:  1.754 | Places: [527 (0.26), 685 (0.34), 556 (0.28), 232 (0.12)]
[2025-09-30 16:29:36] Winrate vs single_only :  30.2% | Σ-Reward:  3611.0 | Ø-Reward:  1.806 | Places: [605 (0.30), 630 (0.32), 536 (0.27), 229 (0.11)]
[2025-09-30 16:29:38] Timing @ep 5000: episode 32.9s | train 0.180s | eval 30.9s | plot 1.9s | save 0.005s | cum 0.03h
[2025-09-30 16:31:33] 
[2025-09-30 16:31:33] Benchmark @train_ep   10000 (bench_eps: 2000)
[2025-09-30 16:31:33] Macro Winrate          :  32.0%
[2025-09-30 16:31:33] Macro Ø-Reward         :  1.477
[2025-09-30 16:31:33] Winrate vs max_combo   :  11.6% | Σ-Reward:  1643.0 | Ø-Reward:  0.822 | Places: [232 (0.12), 260 (0.13), 427 (0.21), 1081 (0.54)]
[2025-09-30 16:31:33] Winrate vs random2     :  35.7% | Σ-Reward:  3452.0 | Ø-Reward:  1.726 | Places: [714 (0.36), 463 (0.23), 384 (0.19), 439 (0.22)]
[2025-09-30 16:31:33] Winrate vs single_only :  48.8% | Σ-Reward:  3765.0 | Ø-Reward:  1.883 | Places: [975 (0.49), 245 (0.12), 350 (0.17), 430 (0.21)]
[2025-09-30 16:31:35] Timing @ep 10000: episode 31.0s | train 0.134s | eval 28.8s | plot 2.0s | save 0.001s | cum 0.06h
[2025-09-30 16:33:20] 
[2025-09-30 16:33:20] Benchmark @train_ep   15000 (bench_eps: 2000)
[2025-09-30 16:33:20] Macro Winrate          :  50.3%
[2025-09-30 16:33:20] Macro Ø-Reward         :  2.133
[2025-09-30 16:33:20] Winrate vs max_combo   :  29.6% | Σ-Reward:  3331.0 | Ø-Reward:  1.665 | Places: [593 (0.30), 527 (0.26), 498 (0.25), 382 (0.19)]
[2025-09-30 16:33:20] Winrate vs random2     :  61.0% | Σ-Reward:  4796.0 | Ø-Reward:  2.398 | Places: [1219 (0.61), 478 (0.24), 183 (0.09), 120 (0.06)]
[2025-09-30 16:33:20] Winrate vs single_only :  60.2% | Σ-Reward:  4670.0 | Ø-Reward:  2.335 | Places: [1204 (0.60), 424 (0.21), 210 (0.10), 162 (0.08)]
[2025-09-30 16:33:22] Timing @ep 15000: episode 28.2s | train 0.121s | eval 25.8s | plot 2.3s | save 0.002s | cum 0.09h
[2025-09-30 16:35:07] 
[2025-09-30 16:35:07] Benchmark @train_ep   20000 (bench_eps: 2000)
[2025-09-30 16:35:07] Macro Winrate          :  56.9%
[2025-09-30 16:35:07] Macro Ø-Reward         :  2.268
[2025-09-30 16:35:07] Winrate vs max_combo   :  31.8% | Σ-Reward:  3445.0 | Ø-Reward:  1.722 | Places: [636 (0.32), 551 (0.28), 435 (0.22), 378 (0.19)]
[2025-09-30 16:35:07] Winrate vs random2     :  66.8% | Σ-Reward:  4958.0 | Ø-Reward:  2.479 | Places: [1335 (0.67), 396 (0.20), 161 (0.08), 108 (0.05)]
[2025-09-30 16:35:07] Winrate vs single_only :  72.2% | Σ-Reward:  5206.0 | Ø-Reward:  2.603 | Places: [1443 (0.72), 368 (0.18), 141 (0.07), 48 (0.02)]
[2025-09-30 16:35:10] Timing @ep 20000: episode 28.8s | train 0.149s | eval 25.9s | plot 2.8s | save 0.002s | cum 0.12h
[2025-09-30 16:36:47] 
[2025-09-30 16:36:47] Benchmark @train_ep   25000 (bench_eps: 2000)
[2025-09-30 16:36:47] Macro Winrate          :  58.6%
[2025-09-30 16:36:47] Macro Ø-Reward         :  2.308
[2025-09-30 16:36:47] Winrate vs max_combo   :  32.8% | Σ-Reward:  3573.0 | Ø-Reward:  1.786 | Places: [655 (0.33), 604 (0.30), 400 (0.20), 341 (0.17)]
[2025-09-30 16:36:47] Winrate vs random2     :  64.2% | Σ-Reward:  4865.0 | Ø-Reward:  2.433 | Places: [1285 (0.64), 403 (0.20), 204 (0.10), 108 (0.05)]
[2025-09-30 16:36:47] Winrate vs single_only :  78.8% | Σ-Reward:  5407.0 | Ø-Reward:  2.704 | Places: [1575 (0.79), 288 (0.14), 106 (0.05), 31 (0.02)]
[2025-09-30 16:36:50] Timing @ep 25000: episode 26.5s | train 0.146s | eval 23.3s | plot 3.0s | save 0.002s | cum 0.15h
[2025-09-30 16:38:32] 
[2025-09-30 16:38:32] Benchmark @train_ep   30000 (bench_eps: 2000)
[2025-09-30 16:38:32] Macro Winrate          :  67.0%
[2025-09-30 16:38:32] Macro Ø-Reward         :  2.501
[2025-09-30 16:38:32] Winrate vs max_combo   :  42.5% | Σ-Reward:  4074.0 | Ø-Reward:  2.037 | Places: [850 (0.42), 568 (0.28), 388 (0.19), 194 (0.10)]
[2025-09-30 16:38:32] Winrate vs random2     :  78.3% | Σ-Reward:  5430.0 | Ø-Reward:  2.715 | Places: [1567 (0.78), 321 (0.16), 87 (0.04), 25 (0.01)]
[2025-09-30 16:38:32] Winrate vs single_only :  80.0% | Σ-Reward:  5501.0 | Ø-Reward:  2.751 | Places: [1600 (0.80), 317 (0.16), 67 (0.03), 16 (0.01)]
[2025-09-30 16:38:36] Timing @ep 30000: episode 29.6s | train 0.127s | eval 25.7s | plot 3.8s | save 0.002s | cum 0.18h
[2025-09-30 16:40:12] 
[2025-09-30 16:40:12] Benchmark @train_ep   35000 (bench_eps: 2000)
[2025-09-30 16:40:12] Macro Winrate          :  64.1%
[2025-09-30 16:40:12] Macro Ø-Reward         :  2.457
[2025-09-30 16:40:12] Winrate vs max_combo   :  40.2% | Σ-Reward:  4057.0 | Ø-Reward:  2.029 | Places: [804 (0.40), 644 (0.32), 357 (0.18), 195 (0.10)]
[2025-09-30 16:40:12] Winrate vs random2     :  76.0% | Σ-Reward:  5296.0 | Ø-Reward:  2.648 | Places: [1519 (0.76), 316 (0.16), 107 (0.05), 58 (0.03)]
[2025-09-30 16:40:12] Winrate vs single_only :  76.2% | Σ-Reward:  5390.0 | Ø-Reward:  2.695 | Places: [1523 (0.76), 371 (0.19), 79 (0.04), 27 (0.01)]
[2025-09-30 16:40:15] Timing @ep 35000: episode 26.5s | train 0.115s | eval 22.8s | plot 3.6s | save 0.001s | cum 0.21h
