[2025-09-03 17:45:43] New Training (k2a2): 4 getrennte DQN-Agents — simultanes Lernen
[2025-09-03 17:45:43] Deck_Size: 16
[2025-09-03 17:45:43] Episodes: 100000
[2025-09-03 17:45:43] Path: /home/wasterix/OpenSpiel/open_spiel/President/models/k2a2/model_04
[2025-09-03 17:48:32] 
[2025-09-03 17:48:32] Benchmark @train_ep    2000 (bench_eps: 2000)
[2025-09-03 17:48:32] Macro Winrate          :  39.2%
[2025-09-03 17:48:32] Macro Ø-Reward         :  1.797
[2025-09-03 17:48:32] Winrate vs max_combo   :  31.3% | Σ-Reward:  3231.0 | Ø-Reward:  1.615 | Places: [626 (0.31), 466 (0.23), 421 (0.21), 487 (0.24)]
[2025-09-03 17:48:32] Winrate vs random2     :  32.0% | Σ-Reward:  3455.0 | Ø-Reward:  1.728 | Places: [641 (0.32), 528 (0.26), 476 (0.24), 355 (0.18)]
[2025-09-03 17:48:32] Winrate vs single_only :  54.2% | Σ-Reward:  4095.0 | Ø-Reward:  2.047 | Places: [1084 (0.54), 235 (0.12), 373 (0.19), 308 (0.15)]
[2025-09-03 17:48:34] Timing @ep 2000: episode 14.7s | train 0.000s | eval 13.0s | plot 1.7s | save 0.007s | cum 0.05h
[2025-09-03 17:51:39] 
[2025-09-03 17:51:39] Benchmark @train_ep    4000 (bench_eps: 2000)
[2025-09-03 17:51:39] Macro Winrate          :  45.4%
[2025-09-03 17:51:39] Macro Ø-Reward         :  1.990
[2025-09-03 17:51:39] Winrate vs max_combo   :  36.0% | Σ-Reward:  3538.0 | Ø-Reward:  1.769 | Places: [719 (0.36), 457 (0.23), 467 (0.23), 357 (0.18)]
[2025-09-03 17:51:39] Winrate vs random2     :  40.0% | Σ-Reward:  3925.0 | Ø-Reward:  1.962 | Places: [800 (0.40), 562 (0.28), 401 (0.20), 237 (0.12)]
[2025-09-03 17:51:39] Winrate vs single_only :  60.4% | Σ-Reward:  4476.0 | Ø-Reward:  2.238 | Places: [1207 (0.60), 268 (0.13), 319 (0.16), 206 (0.10)]
[2025-09-03 17:51:41] Timing @ep 4000: episode 12.9s | train 0.000s | eval 11.3s | plot 1.5s | save 0.005s | cum 0.10h
[2025-09-03 17:54:48] 
[2025-09-03 17:54:48] Benchmark @train_ep    6000 (bench_eps: 2000)
[2025-09-03 17:54:48] Macro Winrate          :  45.1%
[2025-09-03 17:54:48] Macro Ø-Reward         :  2.002
[2025-09-03 17:54:48] Winrate vs max_combo   :  33.8% | Σ-Reward:  3517.0 | Ø-Reward:  1.758 | Places: [676 (0.34), 511 (0.26), 467 (0.23), 346 (0.17)]
[2025-09-03 17:54:48] Winrate vs random2     :  41.7% | Σ-Reward:  4042.0 | Ø-Reward:  2.021 | Places: [834 (0.42), 577 (0.29), 386 (0.19), 203 (0.10)]
[2025-09-03 17:54:48] Winrate vs single_only :  59.9% | Σ-Reward:  4455.0 | Ø-Reward:  2.228 | Places: [1197 (0.60), 244 (0.12), 376 (0.19), 183 (0.09)]
[2025-09-03 17:54:50] Timing @ep 6000: episode 13.6s | train 0.000s | eval 12.0s | plot 1.6s | save 0.006s | cum 0.15h
[2025-09-03 17:57:54] 
[2025-09-03 17:57:54] Benchmark @train_ep    8000 (bench_eps: 2000)
[2025-09-03 17:57:54] Macro Winrate          :  47.2%
[2025-09-03 17:57:54] Macro Ø-Reward         :  2.018
[2025-09-03 17:57:54] Winrate vs max_combo   :  35.5% | Σ-Reward:  3513.0 | Ø-Reward:  1.756 | Places: [710 (0.35), 474 (0.24), 435 (0.22), 381 (0.19)]
[2025-09-03 17:57:54] Winrate vs random2     :  43.2% | Σ-Reward:  4060.0 | Ø-Reward:  2.030 | Places: [865 (0.43), 548 (0.27), 369 (0.18), 218 (0.11)]
[2025-09-03 17:57:54] Winrate vs single_only :  62.9% | Σ-Reward:  4536.0 | Ø-Reward:  2.268 | Places: [1257 (0.63), 216 (0.11), 333 (0.17), 194 (0.10)]
[2025-09-03 17:57:55] Timing @ep 8000: episode 14.3s | train 0.000s | eval 12.5s | plot 1.6s | save 0.005s | cum 0.20h
[2025-09-03 18:01:00] 
[2025-09-03 18:01:00] Benchmark @train_ep   10000 (bench_eps: 2000)
[2025-09-03 18:01:00] Macro Winrate          :  48.1%
[2025-09-03 18:01:00] Macro Ø-Reward         :  2.057
[2025-09-03 18:01:00] Winrate vs max_combo   :  37.0% | Σ-Reward:  3603.0 | Ø-Reward:  1.802 | Places: [741 (0.37), 479 (0.24), 422 (0.21), 358 (0.18)]
[2025-09-03 18:01:00] Winrate vs random2     :  43.2% | Σ-Reward:  4085.0 | Ø-Reward:  2.042 | Places: [865 (0.43), 568 (0.28), 354 (0.18), 213 (0.11)]
[2025-09-03 18:01:00] Winrate vs single_only :  63.9% | Σ-Reward:  4655.0 | Ø-Reward:  2.328 | Places: [1277 (0.64), 268 (0.13), 288 (0.14), 167 (0.08)]
[2025-09-03 18:01:02] Timing @ep 10000: episode 13.1s | train 0.000s | eval 11.3s | plot 1.7s | save 0.005s | cum 0.25h
[2025-09-03 18:04:13] 
[2025-09-03 18:04:13] Benchmark @train_ep   12000 (bench_eps: 2000)
[2025-09-03 18:04:13] Macro Winrate          :  46.5%
[2025-09-03 18:04:13] Macro Ø-Reward         :  2.046
[2025-09-03 18:04:13] Winrate vs max_combo   :  37.0% | Σ-Reward:  3659.0 | Ø-Reward:  1.829 | Places: [739 (0.37), 496 (0.25), 450 (0.23), 315 (0.16)]
[2025-09-03 18:04:13] Winrate vs random2     :  42.0% | Σ-Reward:  4086.0 | Ø-Reward:  2.043 | Places: [839 (0.42), 602 (0.30), 365 (0.18), 194 (0.10)]
[2025-09-03 18:04:13] Winrate vs single_only :  60.6% | Σ-Reward:  4530.0 | Ø-Reward:  2.265 | Places: [1213 (0.61), 273 (0.14), 345 (0.17), 169 (0.08)]
[2025-09-03 18:04:14] Timing @ep 12000: episode 13.4s | train 0.000s | eval 11.8s | plot 1.4s | save 0.006s | cum 0.31h
[2025-09-03 18:07:47] 
[2025-09-03 18:07:47] Benchmark @train_ep   14000 (bench_eps: 2000)
[2025-09-03 18:07:47] Macro Winrate          :  47.7%
[2025-09-03 18:07:47] Macro Ø-Reward         :  2.076
[2025-09-03 18:07:47] Winrate vs max_combo   :  37.4% | Σ-Reward:  3694.0 | Ø-Reward:  1.847 | Places: [747 (0.37), 507 (0.25), 439 (0.22), 307 (0.15)]
[2025-09-03 18:07:47] Winrate vs random2     :  41.4% | Σ-Reward:  4059.0 | Ø-Reward:  2.030 | Places: [827 (0.41), 606 (0.30), 366 (0.18), 201 (0.10)]
[2025-09-03 18:07:47] Winrate vs single_only :  64.5% | Σ-Reward:  4705.0 | Ø-Reward:  2.353 | Places: [1289 (0.64), 265 (0.13), 308 (0.15), 138 (0.07)]
[2025-09-03 18:07:49] Timing @ep 14000: episode 12.4s | train 0.000s | eval 10.8s | plot 1.5s | save 0.005s | cum 0.37h
[2025-09-03 18:13:00] 
[2025-09-03 18:13:00] Benchmark @train_ep   16000 (bench_eps: 2000)
[2025-09-03 18:13:00] Macro Winrate          :  47.4%
[2025-09-03 18:13:00] Macro Ø-Reward         :  2.050
[2025-09-03 18:13:00] Winrate vs max_combo   :  36.4% | Σ-Reward:  3585.0 | Ø-Reward:  1.792 | Places: [728 (0.36), 474 (0.24), 453 (0.23), 345 (0.17)]
[2025-09-03 18:13:00] Winrate vs random2     :  42.9% | Σ-Reward:  4101.0 | Ø-Reward:  2.050 | Places: [857 (0.43), 582 (0.29), 366 (0.18), 195 (0.10)]
[2025-09-03 18:13:00] Winrate vs single_only :  62.9% | Σ-Reward:  4615.0 | Ø-Reward:  2.308 | Places: [1258 (0.63), 271 (0.14), 299 (0.15), 172 (0.09)]
[2025-09-03 18:13:02] Timing @ep 16000: episode 14.6s | train 0.000s | eval 12.7s | plot 1.8s | save 0.005s | cum 0.45h
[2025-09-03 18:16:26] 
[2025-09-03 18:16:26] Benchmark @train_ep   18000 (bench_eps: 2000)
[2025-09-03 18:16:26] Macro Winrate          :  47.9%
[2025-09-03 18:16:26] Macro Ø-Reward         :  2.061
[2025-09-03 18:16:26] Winrate vs max_combo   :  35.7% | Σ-Reward:  3622.0 | Ø-Reward:  1.811 | Places: [714 (0.36), 520 (0.26), 440 (0.22), 326 (0.16)]
[2025-09-03 18:16:26] Winrate vs random2     :  43.9% | Σ-Reward:  4088.0 | Ø-Reward:  2.044 | Places: [877 (0.44), 541 (0.27), 375 (0.19), 207 (0.10)]
[2025-09-03 18:16:26] Winrate vs single_only :  64.0% | Σ-Reward:  4655.0 | Ø-Reward:  2.328 | Places: [1280 (0.64), 255 (0.13), 305 (0.15), 160 (0.08)]
[2025-09-03 18:16:27] Timing @ep 18000: episode 11.7s | train 0.000s | eval 10.1s | plot 1.5s | save 0.006s | cum 0.51h
[2025-09-03 18:20:11] 
[2025-09-03 18:20:11] Benchmark @train_ep   20000 (bench_eps: 2000)
[2025-09-03 18:20:11] Macro Winrate          :  48.1%
[2025-09-03 18:20:11] Macro Ø-Reward         :  2.058
[2025-09-03 18:20:11] Winrate vs max_combo   :  38.8% | Σ-Reward:  3661.0 | Ø-Reward:  1.831 | Places: [775 (0.39), 451 (0.23), 434 (0.22), 340 (0.17)]
[2025-09-03 18:20:11] Winrate vs random2     :  44.0% | Σ-Reward:  4167.0 | Ø-Reward:  2.083 | Places: [879 (0.44), 576 (0.29), 378 (0.19), 167 (0.08)]
[2025-09-03 18:20:11] Winrate vs single_only :  61.8% | Σ-Reward:  4518.0 | Ø-Reward:  2.259 | Places: [1235 (0.62), 241 (0.12), 331 (0.17), 193 (0.10)]
[2025-09-03 18:20:13] Timing @ep 20000: episode 14.3s | train 0.000s | eval 12.2s | plot 2.0s | save 0.006s | cum 0.57h
[2025-09-03 18:25:32] 
[2025-09-03 18:25:32] Benchmark @train_ep   22000 (bench_eps: 2000)
[2025-09-03 18:25:32] Macro Winrate          :  47.0%
[2025-09-03 18:25:32] Macro Ø-Reward         :  2.046
[2025-09-03 18:25:32] Winrate vs max_combo   :  36.6% | Σ-Reward:  3610.0 | Ø-Reward:  1.805 | Places: [732 (0.37), 489 (0.24), 436 (0.22), 343 (0.17)]
[2025-09-03 18:25:32] Winrate vs random2     :  42.5% | Σ-Reward:  4073.0 | Ø-Reward:  2.037 | Places: [851 (0.43), 575 (0.29), 370 (0.18), 204 (0.10)]
[2025-09-03 18:25:32] Winrate vs single_only :  61.9% | Σ-Reward:  4594.0 | Ø-Reward:  2.297 | Places: [1237 (0.62), 289 (0.14), 305 (0.15), 169 (0.08)]
[2025-09-03 18:25:33] Timing @ep 22000: episode 16.7s | train 0.000s | eval 14.7s | plot 1.8s | save 0.009s | cum 0.66h
[2025-09-03 18:29:42] 
[2025-09-03 18:29:42] Benchmark @train_ep   24000 (bench_eps: 2000)
[2025-09-03 18:29:42] Macro Winrate          :  47.7%
[2025-09-03 18:29:42] Macro Ø-Reward         :  2.060
[2025-09-03 18:29:42] Winrate vs max_combo   :  38.1% | Σ-Reward:  3704.0 | Ø-Reward:  1.852 | Places: [763 (0.38), 495 (0.25), 425 (0.21), 317 (0.16)]
[2025-09-03 18:29:42] Winrate vs random2     :  41.4% | Σ-Reward:  4047.0 | Ø-Reward:  2.023 | Places: [827 (0.41), 579 (0.29), 408 (0.20), 186 (0.09)]
[2025-09-03 18:29:42] Winrate vs single_only :  63.5% | Σ-Reward:  4608.0 | Ø-Reward:  2.304 | Places: [1270 (0.64), 234 (0.12), 330 (0.17), 166 (0.08)]
[2025-09-03 18:29:43] Timing @ep 24000: episode 12.7s | train 0.000s | eval 11.2s | plot 1.4s | save 0.007s | cum 0.73h
[2025-09-03 18:34:08] 
[2025-09-03 18:34:08] Benchmark @train_ep   26000 (bench_eps: 2000)
[2025-09-03 18:34:08] Macro Winrate          :  47.1%
[2025-09-03 18:34:08] Macro Ø-Reward         :  2.056
[2025-09-03 18:34:08] Winrate vs max_combo   :  36.1% | Σ-Reward:  3635.0 | Ø-Reward:  1.817 | Places: [722 (0.36), 520 (0.26), 429 (0.21), 329 (0.16)]
[2025-09-03 18:34:08] Winrate vs random2     :  41.9% | Σ-Reward:  4061.0 | Ø-Reward:  2.030 | Places: [838 (0.42), 566 (0.28), 415 (0.21), 181 (0.09)]
[2025-09-03 18:34:08] Winrate vs single_only :  63.1% | Σ-Reward:  4641.0 | Ø-Reward:  2.321 | Places: [1263 (0.63), 275 (0.14), 302 (0.15), 160 (0.08)]
[2025-09-03 18:34:10] Timing @ep 26000: episode 16.6s | train 0.000s | eval 14.9s | plot 1.5s | save 0.006s | cum 0.81h
[2025-09-03 18:40:33] 
[2025-09-03 18:40:33] Benchmark @train_ep   28000 (bench_eps: 2000)
[2025-09-03 18:40:33] Macro Winrate          :  47.2%
[2025-09-03 18:40:33] Macro Ø-Reward         :  2.055
[2025-09-03 18:40:33] Winrate vs max_combo   :  36.0% | Σ-Reward:  3634.0 | Ø-Reward:  1.817 | Places: [719 (0.36), 502 (0.25), 473 (0.24), 306 (0.15)]
[2025-09-03 18:40:33] Winrate vs random2     :  42.4% | Σ-Reward:  4075.0 | Ø-Reward:  2.038 | Places: [848 (0.42), 568 (0.28), 395 (0.20), 189 (0.09)]
[2025-09-03 18:40:33] Winrate vs single_only :  63.4% | Σ-Reward:  4620.0 | Ø-Reward:  2.310 | Places: [1267 (0.63), 248 (0.12), 323 (0.16), 162 (0.08)]
[2025-09-03 18:40:34] Timing @ep 28000: episode 13.2s | train 0.000s | eval 11.6s | plot 1.4s | save 0.007s | cum 0.91h
[2025-09-03 18:49:26] 
[2025-09-03 18:49:26] Benchmark @train_ep   30000 (bench_eps: 2000)
[2025-09-03 18:49:26] Macro Winrate          :  46.9%
[2025-09-03 18:49:26] Macro Ø-Reward         :  2.056
[2025-09-03 18:49:26] Winrate vs max_combo   :  37.5% | Σ-Reward:  3708.0 | Ø-Reward:  1.854 | Places: [751 (0.38), 511 (0.26), 433 (0.22), 305 (0.15)]
[2025-09-03 18:49:26] Winrate vs random2     :  43.9% | Σ-Reward:  4134.0 | Ø-Reward:  2.067 | Places: [878 (0.44), 572 (0.29), 356 (0.18), 194 (0.10)]
[2025-09-03 18:49:26] Winrate vs single_only :  59.4% | Σ-Reward:  4495.0 | Ø-Reward:  2.248 | Places: [1188 (0.59), 291 (0.15), 349 (0.17), 172 (0.09)]
[2025-09-03 18:49:28] Timing @ep 30000: episode 15.0s | train 0.000s | eval 13.3s | plot 1.6s | save 0.008s | cum 1.06h
[2025-09-03 18:54:29] 
[2025-09-03 18:54:29] Benchmark @train_ep   32000 (bench_eps: 2000)
[2025-09-03 18:54:29] Macro Winrate          :  45.4%
[2025-09-03 18:54:29] Macro Ø-Reward         :  2.014
[2025-09-03 18:54:29] Winrate vs max_combo   :  36.3% | Σ-Reward:  3621.0 | Ø-Reward:  1.810 | Places: [726 (0.36), 485 (0.24), 473 (0.24), 316 (0.16)]
[2025-09-03 18:54:29] Winrate vs random2     :  43.7% | Σ-Reward:  4086.0 | Ø-Reward:  2.043 | Places: [874 (0.44), 542 (0.27), 380 (0.19), 204 (0.10)]
[2025-09-03 18:54:29] Winrate vs single_only :  56.1% | Σ-Reward:  4377.0 | Ø-Reward:  2.188 | Places: [1122 (0.56), 318 (0.16), 375 (0.19), 185 (0.09)]
[2025-09-03 18:54:31] Timing @ep 32000: episode 17.7s | train 0.000s | eval 15.8s | plot 1.8s | save 0.006s | cum 1.15h
[2025-09-03 18:59:40] 
[2025-09-03 18:59:40] Benchmark @train_ep   34000 (bench_eps: 2000)
[2025-09-03 18:59:40] Macro Winrate          :  46.8%
[2025-09-03 18:59:40] Macro Ø-Reward         :  2.045
[2025-09-03 18:59:40] Winrate vs max_combo   :  36.9% | Σ-Reward:  3625.0 | Ø-Reward:  1.812 | Places: [738 (0.37), 482 (0.24), 447 (0.22), 333 (0.17)]
[2025-09-03 18:59:40] Winrate vs random2     :  42.3% | Σ-Reward:  4113.0 | Ø-Reward:  2.057 | Places: [846 (0.42), 598 (0.30), 379 (0.19), 177 (0.09)]
[2025-09-03 18:59:40] Winrate vs single_only :  61.2% | Σ-Reward:  4532.0 | Ø-Reward:  2.266 | Places: [1225 (0.61), 260 (0.13), 337 (0.17), 178 (0.09)]
[2025-09-03 18:59:43] Timing @ep 34000: episode 13.2s | train 0.000s | eval 10.3s | plot 2.8s | save 0.005s | cum 1.23h
[2025-09-03 19:06:06] 
[2025-09-03 19:06:06] Benchmark @train_ep   36000 (bench_eps: 2000)
[2025-09-03 19:06:06] Macro Winrate          :  47.1%
[2025-09-03 19:06:06] Macro Ø-Reward         :  2.069
[2025-09-03 19:06:06] Winrate vs max_combo   :  36.8% | Σ-Reward:  3684.0 | Ø-Reward:  1.842 | Places: [736 (0.37), 513 (0.26), 450 (0.23), 301 (0.15)]
[2025-09-03 19:06:06] Winrate vs random2     :  41.9% | Σ-Reward:  4069.0 | Ø-Reward:  2.034 | Places: [838 (0.42), 597 (0.30), 361 (0.18), 204 (0.10)]
[2025-09-03 19:06:06] Winrate vs single_only :  62.6% | Σ-Reward:  4662.0 | Ø-Reward:  2.331 | Places: [1253 (0.63), 284 (0.14), 335 (0.17), 128 (0.06)]
[2025-09-03 19:06:07] Timing @ep 36000: episode 20.6s | train 0.000s | eval 18.5s | plot 1.9s | save 0.007s | cum 1.34h
[2025-09-03 19:20:29] 
[2025-09-03 19:20:29] Benchmark @train_ep   38000 (bench_eps: 2000)
[2025-09-03 19:20:29] Macro Winrate          :  46.4%
[2025-09-03 19:20:29] Macro Ø-Reward         :  2.050
[2025-09-03 19:20:29] Winrate vs max_combo   :  36.9% | Σ-Reward:  3661.0 | Ø-Reward:  1.831 | Places: [737 (0.37), 495 (0.25), 460 (0.23), 308 (0.15)]
[2025-09-03 19:20:29] Winrate vs random2     :  42.9% | Σ-Reward:  4141.0 | Ø-Reward:  2.071 | Places: [858 (0.43), 593 (0.30), 381 (0.19), 168 (0.08)]
[2025-09-03 19:20:29] Winrate vs single_only :  59.5% | Σ-Reward:  4498.0 | Ø-Reward:  2.249 | Places: [1189 (0.59), 288 (0.14), 355 (0.18), 168 (0.08)]
[2025-09-03 19:20:31] Timing @ep 38000: episode 14.0s | train 0.000s | eval 12.3s | plot 1.6s | save 0.008s | cum 1.58h
[2025-09-03 19:25:43] 
[2025-09-03 19:25:43] Benchmark @train_ep   40000 (bench_eps: 2000)
[2025-09-03 19:25:43] Macro Winrate          :  46.3%
[2025-09-03 19:25:43] Macro Ø-Reward         :  2.023
[2025-09-03 19:25:43] Winrate vs max_combo   :  37.3% | Σ-Reward:  3608.0 | Ø-Reward:  1.804 | Places: [746 (0.37), 473 (0.24), 424 (0.21), 357 (0.18)]
[2025-09-03 19:25:43] Winrate vs random2     :  41.7% | Σ-Reward:  4051.0 | Ø-Reward:  2.026 | Places: [834 (0.42), 572 (0.29), 405 (0.20), 189 (0.09)]
[2025-09-03 19:25:43] Winrate vs single_only :  60.0% | Σ-Reward:  4478.0 | Ø-Reward:  2.239 | Places: [1199 (0.60), 261 (0.13), 359 (0.18), 181 (0.09)]
[2025-09-03 19:25:44] Timing @ep 40000: episode 9.0s | train 0.000s | eval 7.8s | plot 1.1s | save 0.005s | cum 1.67h
[2025-09-03 19:28:44] 
[2025-09-03 19:28:44] Benchmark @train_ep   42000 (bench_eps: 2000)
[2025-09-03 19:28:44] Macro Winrate          :  47.2%
[2025-09-03 19:28:44] Macro Ø-Reward         :  2.057
[2025-09-03 19:28:44] Winrate vs max_combo   :  38.0% | Σ-Reward:  3688.0 | Ø-Reward:  1.844 | Places: [759 (0.38), 482 (0.24), 447 (0.22), 312 (0.16)]
[2025-09-03 19:28:44] Winrate vs random2     :  41.0% | Σ-Reward:  4066.0 | Ø-Reward:  2.033 | Places: [820 (0.41), 599 (0.30), 408 (0.20), 173 (0.09)]
[2025-09-03 19:28:44] Winrate vs single_only :  62.6% | Σ-Reward:  4588.0 | Ø-Reward:  2.294 | Places: [1252 (0.63), 237 (0.12), 358 (0.18), 153 (0.08)]
[2025-09-03 19:28:46] Timing @ep 42000: episode 9.3s | train 0.000s | eval 7.0s | plot 2.2s | save 0.005s | cum 1.72h
[2025-09-03 19:31:48] 
[2025-09-03 19:31:48] Benchmark @train_ep   44000 (bench_eps: 2000)
[2025-09-03 19:31:48] Macro Winrate          :  46.6%
[2025-09-03 19:31:48] Macro Ø-Reward         :  2.044
[2025-09-03 19:31:48] Winrate vs max_combo   :  36.5% | Σ-Reward:  3591.0 | Ø-Reward:  1.796 | Places: [730 (0.36), 475 (0.24), 451 (0.23), 344 (0.17)]
[2025-09-03 19:31:48] Winrate vs random2     :  42.7% | Σ-Reward:  4131.0 | Ø-Reward:  2.066 | Places: [854 (0.43), 592 (0.30), 385 (0.19), 169 (0.08)]
[2025-09-03 19:31:48] Winrate vs single_only :  60.5% | Σ-Reward:  4540.0 | Ø-Reward:  2.270 | Places: [1209 (0.60), 278 (0.14), 357 (0.18), 156 (0.08)]
[2025-09-03 19:31:49] Timing @ep 44000: episode 9.2s | train 0.000s | eval 8.0s | plot 1.1s | save 0.004s | cum 1.77h
[2025-09-03 19:35:17] 
[2025-09-03 19:35:17] Benchmark @train_ep   46000 (bench_eps: 2000)
[2025-09-03 19:35:17] Macro Winrate          :  46.7%
[2025-09-03 19:35:17] Macro Ø-Reward         :  2.034
[2025-09-03 19:35:17] Winrate vs max_combo   :  35.6% | Σ-Reward:  3569.0 | Ø-Reward:  1.784 | Places: [713 (0.36), 492 (0.25), 446 (0.22), 349 (0.17)]
[2025-09-03 19:35:17] Winrate vs random2     :  41.6% | Σ-Reward:  3985.0 | Ø-Reward:  1.992 | Places: [832 (0.42), 540 (0.27), 409 (0.20), 219 (0.11)]
[2025-09-03 19:35:17] Winrate vs single_only :  62.8% | Σ-Reward:  4651.0 | Ø-Reward:  2.325 | Places: [1256 (0.63), 278 (0.14), 327 (0.16), 139 (0.07)]
[2025-09-03 19:35:18] Timing @ep 46000: episode 8.7s | train 0.000s | eval 7.6s | plot 1.0s | save 0.006s | cum 1.83h
[2025-09-03 19:38:14] 
[2025-09-03 19:38:14] Benchmark @train_ep   48000 (bench_eps: 2000)
[2025-09-03 19:38:14] Macro Winrate          :  46.9%
[2025-09-03 19:38:14] Macro Ø-Reward         :  2.049
[2025-09-03 19:38:14] Winrate vs max_combo   :  40.1% | Σ-Reward:  3712.0 | Ø-Reward:  1.856 | Places: [802 (0.40), 444 (0.22), 418 (0.21), 336 (0.17)]
[2025-09-03 19:38:14] Winrate vs random2     :  40.6% | Σ-Reward:  4045.0 | Ø-Reward:  2.022 | Places: [813 (0.41), 610 (0.30), 386 (0.19), 191 (0.10)]
[2025-09-03 19:38:14] Winrate vs single_only :  60.0% | Σ-Reward:  4535.0 | Ø-Reward:  2.268 | Places: [1201 (0.60), 305 (0.15), 322 (0.16), 172 (0.09)]
[2025-09-03 19:38:15] Timing @ep 48000: episode 8.8s | train 0.000s | eval 7.7s | plot 1.0s | save 0.004s | cum 1.88h
[2025-09-03 19:41:29] 
[2025-09-03 19:41:29] Benchmark @train_ep   50000 (bench_eps: 2000)
[2025-09-03 19:41:29] Macro Winrate          :  47.2%
[2025-09-03 19:41:29] Macro Ø-Reward         :  2.072
[2025-09-03 19:41:29] Winrate vs max_combo   :  36.8% | Σ-Reward:  3667.0 | Ø-Reward:  1.833 | Places: [735 (0.37), 492 (0.25), 478 (0.24), 295 (0.15)]
[2025-09-03 19:41:29] Winrate vs random2     :  42.0% | Σ-Reward:  4120.0 | Ø-Reward:  2.060 | Places: [841 (0.42), 621 (0.31), 355 (0.18), 183 (0.09)]
[2025-09-03 19:41:29] Winrate vs single_only :  63.0% | Σ-Reward:  4644.0 | Ø-Reward:  2.322 | Places: [1259 (0.63), 275 (0.14), 317 (0.16), 149 (0.07)]
[2025-09-03 19:41:31] Timing @ep 50000: episode 10.6s | train 0.000s | eval 8.8s | plot 1.7s | save 0.009s | cum 1.93h
[2025-09-03 19:46:24] 
[2025-09-03 19:46:24] Benchmark @train_ep   52000 (bench_eps: 2000)
[2025-09-03 19:46:24] Macro Winrate          :  47.3%
[2025-09-03 19:46:24] Macro Ø-Reward         :  2.063
[2025-09-03 19:46:24] Winrate vs max_combo   :  37.7% | Σ-Reward:  3655.0 | Ø-Reward:  1.827 | Places: [754 (0.38), 487 (0.24), 419 (0.21), 340 (0.17)]
[2025-09-03 19:46:24] Winrate vs random2     :  43.5% | Σ-Reward:  4153.0 | Ø-Reward:  2.076 | Places: [870 (0.43), 578 (0.29), 387 (0.19), 165 (0.08)]
[2025-09-03 19:46:24] Winrate vs single_only :  60.7% | Σ-Reward:  4572.0 | Ø-Reward:  2.286 | Places: [1214 (0.61), 290 (0.14), 350 (0.17), 146 (0.07)]
[2025-09-03 19:46:25] Timing @ep 52000: episode 8.9s | train 0.000s | eval 7.7s | plot 1.1s | save 0.004s | cum 2.01h
[2025-09-03 19:50:52] 
[2025-09-03 19:50:52] Benchmark @train_ep   54000 (bench_eps: 2000)
[2025-09-03 19:50:52] Macro Winrate          :  46.4%
[2025-09-03 19:50:52] Macro Ø-Reward         :  2.035
[2025-09-03 19:50:52] Winrate vs max_combo   :  36.1% | Σ-Reward:  3579.0 | Ø-Reward:  1.790 | Places: [722 (0.36), 482 (0.24), 449 (0.22), 347 (0.17)]
[2025-09-03 19:50:52] Winrate vs random2     :  40.6% | Σ-Reward:  4017.0 | Ø-Reward:  2.009 | Places: [813 (0.41), 588 (0.29), 402 (0.20), 197 (0.10)]
[2025-09-03 19:50:52] Winrate vs single_only :  62.4% | Σ-Reward:  4614.0 | Ø-Reward:  2.307 | Places: [1247 (0.62), 277 (0.14), 319 (0.16), 157 (0.08)]
[2025-09-03 19:50:53] Timing @ep 54000: episode 11.6s | train 0.000s | eval 10.0s | plot 1.4s | save 0.007s | cum 2.09h
[2025-09-03 19:54:50] 
[2025-09-03 19:54:50] Benchmark @train_ep   56000 (bench_eps: 2000)
[2025-09-03 19:54:50] Macro Winrate          :  46.7%
[2025-09-03 19:54:50] Macro Ø-Reward         :  2.057
[2025-09-03 19:54:50] Winrate vs max_combo   :  36.5% | Σ-Reward:  3659.0 | Ø-Reward:  1.829 | Places: [730 (0.36), 503 (0.25), 463 (0.23), 304 (0.15)]
[2025-09-03 19:54:50] Winrate vs random2     :  41.5% | Σ-Reward:  4072.0 | Ø-Reward:  2.036 | Places: [830 (0.41), 581 (0.29), 420 (0.21), 169 (0.08)]
[2025-09-03 19:54:50] Winrate vs single_only :  62.1% | Σ-Reward:  4609.0 | Ø-Reward:  2.304 | Places: [1242 (0.62), 279 (0.14), 325 (0.16), 154 (0.08)]
[2025-09-03 19:54:51] Timing @ep 56000: episode 11.7s | train 0.000s | eval 10.2s | plot 1.4s | save 0.009s | cum 2.15h
[2025-09-03 19:58:52] 
[2025-09-03 19:58:52] Benchmark @train_ep   58000 (bench_eps: 2000)
[2025-09-03 19:58:52] Macro Winrate          :  46.6%
[2025-09-03 19:58:52] Macro Ø-Reward         :  2.041
[2025-09-03 19:58:52] Winrate vs max_combo   :  35.1% | Σ-Reward:  3581.0 | Ø-Reward:  1.790 | Places: [703 (0.35), 506 (0.25), 460 (0.23), 331 (0.17)]
[2025-09-03 19:58:52] Winrate vs random2     :  41.2% | Σ-Reward:  4076.0 | Ø-Reward:  2.038 | Places: [825 (0.41), 617 (0.31), 367 (0.18), 191 (0.10)]
[2025-09-03 19:58:52] Winrate vs single_only :  63.4% | Σ-Reward:  4587.0 | Ø-Reward:  2.293 | Places: [1268 (0.63), 229 (0.11), 325 (0.16), 178 (0.09)]
[2025-09-03 19:58:55] Timing @ep 58000: episode 13.8s | train 0.000s | eval 11.0s | plot 2.7s | save 0.013s | cum 2.22h
[2025-09-03 20:02:58] 
[2025-09-03 20:02:58] Benchmark @train_ep   60000 (bench_eps: 2000)
[2025-09-03 20:02:58] Macro Winrate          :  47.3%
[2025-09-03 20:02:58] Macro Ø-Reward         :  2.064
[2025-09-03 20:02:58] Winrate vs max_combo   :  37.0% | Σ-Reward:  3669.0 | Ø-Reward:  1.835 | Places: [741 (0.37), 497 (0.25), 452 (0.23), 310 (0.15)]
[2025-09-03 20:02:58] Winrate vs random2     :  42.4% | Σ-Reward:  4104.0 | Ø-Reward:  2.052 | Places: [848 (0.42), 564 (0.28), 432 (0.22), 156 (0.08)]
[2025-09-03 20:02:58] Winrate vs single_only :  62.4% | Σ-Reward:  4613.0 | Ø-Reward:  2.307 | Places: [1248 (0.62), 282 (0.14), 305 (0.15), 165 (0.08)]
[2025-09-03 20:02:59] Timing @ep 60000: episode 12.1s | train 0.000s | eval 10.6s | plot 1.4s | save 0.009s | cum 2.29h
[2025-09-03 20:06:55] 
[2025-09-03 20:06:55] Benchmark @train_ep   62000 (bench_eps: 2000)
[2025-09-03 20:06:55] Macro Winrate          :  46.9%
[2025-09-03 20:06:55] Macro Ø-Reward         :  2.057
[2025-09-03 20:06:55] Winrate vs max_combo   :  35.8% | Σ-Reward:  3607.0 | Ø-Reward:  1.804 | Places: [715 (0.36), 486 (0.24), 490 (0.24), 309 (0.15)]
[2025-09-03 20:06:55] Winrate vs random2     :  43.5% | Σ-Reward:  4188.0 | Ø-Reward:  2.094 | Places: [870 (0.43), 595 (0.30), 388 (0.19), 147 (0.07)]
[2025-09-03 20:06:55] Winrate vs single_only :  61.5% | Σ-Reward:  4548.0 | Ø-Reward:  2.274 | Places: [1230 (0.61), 264 (0.13), 330 (0.17), 176 (0.09)]
[2025-09-03 20:06:57] Timing @ep 62000: episode 12.0s | train 0.000s | eval 10.5s | plot 1.5s | save 0.009s | cum 2.35h
[2025-09-03 20:09:55] 
[2025-09-03 20:09:55] Benchmark @train_ep   64000 (bench_eps: 2000)
[2025-09-03 20:09:55] Macro Winrate          :  47.6%
[2025-09-03 20:09:55] Macro Ø-Reward         :  2.077
[2025-09-03 20:09:55] Winrate vs max_combo   :  37.4% | Σ-Reward:  3709.0 | Ø-Reward:  1.855 | Places: [748 (0.37), 526 (0.26), 413 (0.21), 313 (0.16)]
[2025-09-03 20:09:55] Winrate vs random2     :  42.5% | Σ-Reward:  4078.0 | Ø-Reward:  2.039 | Places: [851 (0.43), 571 (0.29), 383 (0.19), 195 (0.10)]
[2025-09-03 20:09:55] Winrate vs single_only :  63.0% | Σ-Reward:  4677.0 | Ø-Reward:  2.338 | Places: [1259 (0.63), 300 (0.15), 300 (0.15), 141 (0.07)]
[2025-09-03 20:09:56] Timing @ep 64000: episode 8.7s | train 0.000s | eval 7.5s | plot 1.1s | save 0.005s | cum 2.40h
[2025-09-03 20:13:18] 
[2025-09-03 20:13:18] Benchmark @train_ep   66000 (bench_eps: 2000)
[2025-09-03 20:13:18] Macro Winrate          :  46.4%
[2025-09-03 20:13:18] Macro Ø-Reward         :  2.050
[2025-09-03 20:13:18] Winrate vs max_combo   :  37.4% | Σ-Reward:  3713.0 | Ø-Reward:  1.857 | Places: [748 (0.37), 506 (0.25), 457 (0.23), 289 (0.14)]
[2025-09-03 20:13:18] Winrate vs random2     :  42.3% | Σ-Reward:  4115.0 | Ø-Reward:  2.058 | Places: [846 (0.42), 592 (0.30), 393 (0.20), 169 (0.08)]
[2025-09-03 20:13:18] Winrate vs single_only :  59.4% | Σ-Reward:  4473.0 | Ø-Reward:  2.236 | Places: [1187 (0.59), 285 (0.14), 342 (0.17), 186 (0.09)]
[2025-09-03 20:13:20] Timing @ep 66000: episode 13.1s | train 0.000s | eval 10.7s | plot 2.2s | save 0.007s | cum 2.46h
[2025-09-03 20:17:17] 
[2025-09-03 20:17:17] Benchmark @train_ep   68000 (bench_eps: 2000)
[2025-09-03 20:17:17] Macro Winrate          :  47.2%
[2025-09-03 20:17:17] Macro Ø-Reward         :  2.049
[2025-09-03 20:17:17] Winrate vs max_combo   :  35.5% | Σ-Reward:  3592.0 | Ø-Reward:  1.796 | Places: [710 (0.35), 501 (0.25), 460 (0.23), 329 (0.16)]
[2025-09-03 20:17:17] Winrate vs random2     :  42.9% | Σ-Reward:  4103.0 | Ø-Reward:  2.051 | Places: [858 (0.43), 568 (0.28), 393 (0.20), 181 (0.09)]
[2025-09-03 20:17:17] Winrate vs single_only :  63.1% | Σ-Reward:  4597.0 | Ø-Reward:  2.299 | Places: [1263 (0.63), 239 (0.12), 330 (0.17), 168 (0.08)]
[2025-09-03 20:17:19] Timing @ep 68000: episode 12.1s | train 0.000s | eval 10.5s | plot 1.5s | save 0.008s | cum 2.53h
[2025-09-03 20:21:16] 
[2025-09-03 20:21:16] Benchmark @train_ep   70000 (bench_eps: 2000)
[2025-09-03 20:21:16] Macro Winrate          :  47.2%
[2025-09-03 20:21:16] Macro Ø-Reward         :  2.043
[2025-09-03 20:21:16] Winrate vs max_combo   :  37.5% | Σ-Reward:  3618.0 | Ø-Reward:  1.809 | Places: [751 (0.38), 460 (0.23), 445 (0.22), 344 (0.17)]
[2025-09-03 20:21:16] Winrate vs random2     :  43.0% | Σ-Reward:  4125.0 | Ø-Reward:  2.062 | Places: [859 (0.43), 580 (0.29), 388 (0.19), 173 (0.09)]
[2025-09-03 20:21:16] Winrate vs single_only :  61.0% | Σ-Reward:  4514.0 | Ø-Reward:  2.257 | Places: [1221 (0.61), 249 (0.12), 353 (0.18), 177 (0.09)]
[2025-09-03 20:21:17] Timing @ep 70000: episode 12.5s | train 0.000s | eval 10.9s | plot 1.5s | save 0.006s | cum 2.59h
[2025-09-03 20:25:15] 
[2025-09-03 20:25:15] Benchmark @train_ep   72000 (bench_eps: 2000)
[2025-09-03 20:25:15] Macro Winrate          :  46.8%
[2025-09-03 20:25:15] Macro Ø-Reward         :  2.041
[2025-09-03 20:25:15] Winrate vs max_combo   :  35.8% | Σ-Reward:  3619.0 | Ø-Reward:  1.810 | Places: [715 (0.36), 515 (0.26), 444 (0.22), 326 (0.16)]
[2025-09-03 20:25:15] Winrate vs random2     :  42.5% | Σ-Reward:  4067.0 | Ø-Reward:  2.034 | Places: [850 (0.42), 554 (0.28), 409 (0.20), 187 (0.09)]
[2025-09-03 20:25:15] Winrate vs single_only :  62.0% | Σ-Reward:  4562.0 | Ø-Reward:  2.281 | Places: [1240 (0.62), 259 (0.13), 324 (0.16), 177 (0.09)]
[2025-09-03 20:25:17] Timing @ep 72000: episode 12.0s | train 0.000s | eval 10.5s | plot 1.4s | save 0.007s | cum 2.66h
[2025-09-03 20:29:01] 
[2025-09-03 20:29:01] Benchmark @train_ep   74000 (bench_eps: 2000)
[2025-09-03 20:29:01] Macro Winrate          :  46.0%
[2025-09-03 20:29:01] Macro Ø-Reward         :  2.029
[2025-09-03 20:29:01] Winrate vs max_combo   :  35.2% | Σ-Reward:  3569.0 | Ø-Reward:  1.784 | Places: [705 (0.35), 492 (0.25), 470 (0.23), 333 (0.17)]
[2025-09-03 20:29:01] Winrate vs random2     :  41.0% | Σ-Reward:  4034.0 | Ø-Reward:  2.017 | Places: [820 (0.41), 573 (0.29), 428 (0.21), 179 (0.09)]
[2025-09-03 20:29:01] Winrate vs single_only :  61.9% | Σ-Reward:  4573.0 | Ø-Reward:  2.287 | Places: [1237 (0.62), 261 (0.13), 340 (0.17), 162 (0.08)]
[2025-09-03 20:29:03] Timing @ep 74000: episode 12.8s | train 0.000s | eval 10.7s | plot 2.0s | save 0.005s | cum 2.72h
[2025-09-03 20:32:49] 
[2025-09-03 20:32:49] Benchmark @train_ep   76000 (bench_eps: 2000)
[2025-09-03 20:32:49] Macro Winrate          :  47.5%
[2025-09-03 20:32:49] Macro Ø-Reward         :  2.068
[2025-09-03 20:32:49] Winrate vs max_combo   :  38.3% | Σ-Reward:  3681.0 | Ø-Reward:  1.841 | Places: [766 (0.38), 478 (0.24), 427 (0.21), 329 (0.16)]
[2025-09-03 20:32:49] Winrate vs random2     :  43.4% | Σ-Reward:  4133.0 | Ø-Reward:  2.067 | Places: [867 (0.43), 581 (0.29), 370 (0.18), 182 (0.09)]
[2025-09-03 20:32:49] Winrate vs single_only :  60.9% | Σ-Reward:  4595.0 | Ø-Reward:  2.297 | Places: [1217 (0.61), 316 (0.16), 312 (0.16), 155 (0.08)]
[2025-09-03 20:32:50] Timing @ep 76000: episode 11.8s | train 0.000s | eval 10.3s | plot 1.4s | save 0.008s | cum 2.78h
[2025-09-03 20:36:37] 
[2025-09-03 20:36:37] Benchmark @train_ep   78000 (bench_eps: 2000)
[2025-09-03 20:36:37] Macro Winrate          :  48.1%
[2025-09-03 20:36:37] Macro Ø-Reward         :  2.070
[2025-09-03 20:36:37] Winrate vs max_combo   :  38.0% | Σ-Reward:  3685.0 | Ø-Reward:  1.843 | Places: [761 (0.38), 484 (0.24), 434 (0.22), 321 (0.16)]
[2025-09-03 20:36:37] Winrate vs random2     :  44.0% | Σ-Reward:  4135.0 | Ø-Reward:  2.067 | Places: [880 (0.44), 574 (0.29), 347 (0.17), 199 (0.10)]
[2025-09-03 20:36:37] Winrate vs single_only :  62.1% | Σ-Reward:  4602.0 | Ø-Reward:  2.301 | Places: [1242 (0.62), 278 (0.14), 320 (0.16), 160 (0.08)]
[2025-09-03 20:36:39] Timing @ep 78000: episode 11.6s | train 0.000s | eval 9.9s | plot 1.6s | save 0.008s | cum 2.85h
[2025-09-03 20:40:24] 
[2025-09-03 20:40:24] Benchmark @train_ep   80000 (bench_eps: 2000)
[2025-09-03 20:40:24] Macro Winrate          :  47.0%
[2025-09-03 20:40:24] Macro Ø-Reward         :  2.069
[2025-09-03 20:40:24] Winrate vs max_combo   :  38.6% | Σ-Reward:  3716.0 | Ø-Reward:  1.858 | Places: [772 (0.39), 500 (0.25), 400 (0.20), 328 (0.16)]
[2025-09-03 20:40:24] Winrate vs random2     :  41.1% | Σ-Reward:  4095.0 | Ø-Reward:  2.047 | Places: [822 (0.41), 623 (0.31), 383 (0.19), 172 (0.09)]
[2025-09-03 20:40:24] Winrate vs single_only :  61.4% | Σ-Reward:  4603.0 | Ø-Reward:  2.301 | Places: [1227 (0.61), 301 (0.15), 320 (0.16), 152 (0.08)]
[2025-09-03 20:40:26] Timing @ep 80000: episode 12.0s | train 0.000s | eval 10.5s | plot 1.5s | save 0.005s | cum 2.91h
[2025-09-03 20:44:14] 
[2025-09-03 20:44:14] Benchmark @train_ep   82000 (bench_eps: 2000)
[2025-09-03 20:44:14] Macro Winrate          :  46.8%
[2025-09-03 20:44:14] Macro Ø-Reward         :  2.054
[2025-09-03 20:44:14] Winrate vs max_combo   :  37.0% | Σ-Reward:  3658.0 | Ø-Reward:  1.829 | Places: [741 (0.37), 488 (0.24), 459 (0.23), 312 (0.16)]
[2025-09-03 20:44:14] Winrate vs random2     :  42.3% | Σ-Reward:  4104.0 | Ø-Reward:  2.052 | Places: [846 (0.42), 586 (0.29), 394 (0.20), 174 (0.09)]
[2025-09-03 20:44:14] Winrate vs single_only :  60.9% | Σ-Reward:  4564.0 | Ø-Reward:  2.282 | Places: [1218 (0.61), 290 (0.14), 330 (0.17), 162 (0.08)]
[2025-09-03 20:44:16] Timing @ep 82000: episode 13.3s | train 0.000s | eval 11.1s | plot 2.1s | save 0.005s | cum 2.98h
[2025-09-03 20:48:07] 
[2025-09-03 20:48:07] Benchmark @train_ep   84000 (bench_eps: 2000)
[2025-09-03 20:48:07] Macro Winrate          :  46.8%
[2025-09-03 20:48:07] Macro Ø-Reward         :  2.056
[2025-09-03 20:48:07] Winrate vs max_combo   :  36.8% | Σ-Reward:  3649.0 | Ø-Reward:  1.825 | Places: [735 (0.37), 502 (0.25), 440 (0.22), 323 (0.16)]
[2025-09-03 20:48:07] Winrate vs random2     :  40.5% | Σ-Reward:  4048.0 | Ø-Reward:  2.024 | Places: [811 (0.41), 626 (0.31), 363 (0.18), 200 (0.10)]
[2025-09-03 20:48:07] Winrate vs single_only :  63.2% | Σ-Reward:  4637.0 | Ø-Reward:  2.318 | Places: [1264 (0.63), 284 (0.14), 277 (0.14), 175 (0.09)]
[2025-09-03 20:48:09] Timing @ep 84000: episode 12.0s | train 0.000s | eval 10.5s | plot 1.5s | save 0.006s | cum 3.04h
[2025-09-03 20:51:56] 
[2025-09-03 20:51:56] Benchmark @train_ep   86000 (bench_eps: 2000)
[2025-09-03 20:51:56] Macro Winrate          :  46.9%
[2025-09-03 20:51:56] Macro Ø-Reward         :  2.048
[2025-09-03 20:51:56] Winrate vs max_combo   :  37.5% | Σ-Reward:  3672.0 | Ø-Reward:  1.836 | Places: [749 (0.37), 494 (0.25), 437 (0.22), 320 (0.16)]
[2025-09-03 20:51:56] Winrate vs random2     :  41.4% | Σ-Reward:  4048.0 | Ø-Reward:  2.024 | Places: [828 (0.41), 582 (0.29), 400 (0.20), 190 (0.10)]
[2025-09-03 20:51:56] Winrate vs single_only :  61.8% | Σ-Reward:  4569.0 | Ø-Reward:  2.284 | Places: [1236 (0.62), 270 (0.14), 321 (0.16), 173 (0.09)]
[2025-09-03 20:51:58] Timing @ep 86000: episode 12.1s | train 0.000s | eval 10.6s | plot 1.4s | save 0.006s | cum 3.10h
[2025-09-03 20:55:48] 
[2025-09-03 20:55:48] Benchmark @train_ep   88000 (bench_eps: 2000)
[2025-09-03 20:55:48] Macro Winrate          :  46.0%
[2025-09-03 20:55:48] Macro Ø-Reward         :  2.033
[2025-09-03 20:55:48] Winrate vs max_combo   :  35.5% | Σ-Reward:  3574.0 | Ø-Reward:  1.787 | Places: [711 (0.36), 500 (0.25), 441 (0.22), 348 (0.17)]
[2025-09-03 20:55:48] Winrate vs random2     :  41.7% | Σ-Reward:  4082.0 | Ø-Reward:  2.041 | Places: [834 (0.42), 600 (0.30), 380 (0.19), 186 (0.09)]
[2025-09-03 20:55:48] Winrate vs single_only :  60.6% | Σ-Reward:  4544.0 | Ø-Reward:  2.272 | Places: [1212 (0.61), 287 (0.14), 334 (0.17), 167 (0.08)]
[2025-09-03 20:55:49] Timing @ep 88000: episode 12.3s | train 0.000s | eval 10.8s | plot 1.4s | save 0.005s | cum 3.17h
[2025-09-03 20:59:36] 
[2025-09-03 20:59:36] Benchmark @train_ep   90000 (bench_eps: 2000)
[2025-09-03 20:59:36] Macro Winrate          :  46.4%
[2025-09-03 20:59:36] Macro Ø-Reward         :  2.048
[2025-09-03 20:59:36] Winrate vs max_combo   :  36.3% | Σ-Reward:  3605.0 | Ø-Reward:  1.802 | Places: [726 (0.36), 493 (0.25), 441 (0.22), 340 (0.17)]
[2025-09-03 20:59:36] Winrate vs random2     :  40.5% | Σ-Reward:  4068.0 | Ø-Reward:  2.034 | Places: [810 (0.41), 620 (0.31), 398 (0.20), 172 (0.09)]
[2025-09-03 20:59:36] Winrate vs single_only :  62.3% | Σ-Reward:  4614.0 | Ø-Reward:  2.307 | Places: [1246 (0.62), 272 (0.14), 332 (0.17), 150 (0.07)]
[2025-09-03 20:59:38] Timing @ep 90000: episode 12.4s | train 0.000s | eval 10.4s | plot 2.0s | save 0.006s | cum 3.23h
[2025-09-03 21:03:19] 
[2025-09-03 21:03:19] Benchmark @train_ep   92000 (bench_eps: 2000)
[2025-09-03 21:03:19] Macro Winrate          :  46.6%
[2025-09-03 21:03:19] Macro Ø-Reward         :  2.031
[2025-09-03 21:03:19] Winrate vs max_combo   :  36.2% | Σ-Reward:  3605.0 | Ø-Reward:  1.802 | Places: [724 (0.36), 485 (0.24), 463 (0.23), 328 (0.16)]
[2025-09-03 21:03:19] Winrate vs random2     :  42.0% | Σ-Reward:  4055.0 | Ø-Reward:  2.027 | Places: [841 (0.42), 585 (0.29), 362 (0.18), 212 (0.11)]
[2025-09-03 21:03:19] Winrate vs single_only :  61.7% | Σ-Reward:  4528.0 | Ø-Reward:  2.264 | Places: [1234 (0.62), 235 (0.12), 356 (0.18), 175 (0.09)]
[2025-09-03 21:03:21] Timing @ep 92000: episode 11.8s | train 0.000s | eval 10.3s | plot 1.4s | save 0.005s | cum 3.29h
[2025-09-03 21:07:02] 
[2025-09-03 21:07:02] Benchmark @train_ep   94000 (bench_eps: 2000)
[2025-09-03 21:07:02] Macro Winrate          :  47.5%
[2025-09-03 21:07:02] Macro Ø-Reward         :  2.069
[2025-09-03 21:07:02] Winrate vs max_combo   :  37.0% | Σ-Reward:  3675.0 | Ø-Reward:  1.837 | Places: [740 (0.37), 508 (0.25), 439 (0.22), 313 (0.16)]
[2025-09-03 21:07:02] Winrate vs random2     :  43.3% | Σ-Reward:  4127.0 | Ø-Reward:  2.063 | Places: [866 (0.43), 585 (0.29), 359 (0.18), 190 (0.10)]
[2025-09-03 21:07:02] Winrate vs single_only :  62.4% | Σ-Reward:  4614.0 | Ø-Reward:  2.307 | Places: [1247 (0.62), 275 (0.14), 323 (0.16), 155 (0.08)]
[2025-09-03 21:07:04] Timing @ep 94000: episode 11.7s | train 0.000s | eval 10.2s | plot 1.4s | save 0.004s | cum 3.36h
[2025-09-03 21:10:50] 
[2025-09-03 21:10:50] Benchmark @train_ep   96000 (bench_eps: 2000)
[2025-09-03 21:10:50] Macro Winrate          :  47.2%
[2025-09-03 21:10:50] Macro Ø-Reward         :  2.062
[2025-09-03 21:10:50] Winrate vs max_combo   :  37.0% | Σ-Reward:  3703.0 | Ø-Reward:  1.851 | Places: [741 (0.37), 511 (0.26), 458 (0.23), 290 (0.14)]
[2025-09-03 21:10:50] Winrate vs random2     :  42.9% | Σ-Reward:  4091.0 | Ø-Reward:  2.046 | Places: [857 (0.43), 579 (0.29), 362 (0.18), 202 (0.10)]
[2025-09-03 21:10:50] Winrate vs single_only :  61.8% | Σ-Reward:  4576.0 | Ø-Reward:  2.288 | Places: [1236 (0.62), 263 (0.13), 342 (0.17), 159 (0.08)]
[2025-09-03 21:10:51] Timing @ep 96000: episode 12.2s | train 0.000s | eval 10.6s | plot 1.4s | save 0.006s | cum 3.42h
[2025-09-03 21:13:56] 
[2025-09-03 21:13:56] Benchmark @train_ep   98000 (bench_eps: 2000)
[2025-09-03 21:13:56] Macro Winrate          :  47.4%
[2025-09-03 21:13:56] Macro Ø-Reward         :  2.067
[2025-09-03 21:13:56] Winrate vs max_combo   :  38.0% | Σ-Reward:  3692.0 | Ø-Reward:  1.846 | Places: [761 (0.38), 478 (0.24), 453 (0.23), 308 (0.15)]
[2025-09-03 21:13:56] Winrate vs random2     :  44.0% | Σ-Reward:  4169.0 | Ø-Reward:  2.084 | Places: [879 (0.44), 576 (0.29), 380 (0.19), 165 (0.08)]
[2025-09-03 21:13:56] Winrate vs single_only :  60.1% | Σ-Reward:  4541.0 | Ø-Reward:  2.271 | Places: [1202 (0.60), 291 (0.15), 353 (0.18), 154 (0.08)]
[2025-09-03 21:13:57] Timing @ep 98000: episode 9.2s | train 0.000s | eval 7.6s | plot 1.5s | save 0.004s | cum 3.47h
[2025-09-03 21:16:51] 
[2025-09-03 21:16:51] Benchmark @train_ep  100000 (bench_eps: 2000)
[2025-09-03 21:16:51] Macro Winrate          :  46.7%
[2025-09-03 21:16:51] Macro Ø-Reward         :  2.047
[2025-09-03 21:16:51] Winrate vs max_combo   :  36.6% | Σ-Reward:  3632.0 | Ø-Reward:  1.816 | Places: [733 (0.37), 483 (0.24), 467 (0.23), 317 (0.16)]
[2025-09-03 21:16:51] Winrate vs random2     :  41.4% | Σ-Reward:  4063.0 | Ø-Reward:  2.031 | Places: [827 (0.41), 597 (0.30), 388 (0.19), 188 (0.09)]
[2025-09-03 21:16:51] Winrate vs single_only :  62.0% | Σ-Reward:  4590.0 | Ø-Reward:  2.295 | Places: [1241 (0.62), 282 (0.14), 303 (0.15), 174 (0.09)]
[2025-09-03 21:16:52] Timing @ep 100000: episode 8.8s | train 0.000s | eval 7.6s | plot 1.0s | save 0.004s | cum 3.52h
[2025-09-03 21:16:52] 
[2025-09-03 21:16:52] Gesamtzeit: 3.52h (~ 7.89 eps/s)
[2025-09-03 21:16:52] k2a2, Multi Agent RL (IQL). Training abgeschlossen.
[2025-09-03 21:16:52] Path: /home/wasterix/OpenSpiel/open_spiel/President/models/k2a2/model_04
