[2025-09-13 20:15:53] New Training (k1a2): DQN Single-Agent vs Heuristiken/Population (P0→P0)
[2025-09-13 20:15:53] Deck_Size: 16
[2025-09-13 20:15:53] Episodes: 20000
[2025-09-13 20:15:53] Path: /home/wasterix/OpenSpiel/open_spiel/President/models/k1a2/model_39
[2025-09-13 20:15:53] [Population] Initiales Lineup: ['single_only', 'single_only', 'single_only']
[2025-09-13 20:17:08] 
[2025-09-13 20:17:08] Benchmark @train_ep    5000 (bench_eps: 2000)
[2025-09-13 20:17:08] Macro Winrate          :  37.9%
[2025-09-13 20:17:08] Macro Ø-Reward         :  1.788
[2025-09-13 20:17:08] Winrate vs max_combo   :  31.8% | Σ-Reward:  3425.0 | Ø-Reward:  1.712 | Places: [636 (0.32), 537 (0.27), 443 (0.22), 384 (0.19)]
[2025-09-13 20:17:08] Winrate vs random2     :  34.3% | Σ-Reward:  3663.0 | Ø-Reward:  1.831 | Places: [686 (0.34), 577 (0.29), 451 (0.23), 286 (0.14)]
[2025-09-13 20:17:08] Winrate vs single_only :  66.7% | Σ-Reward:  4747.0 | Ø-Reward:  2.373 | Places: [1333 (0.67), 227 (0.11), 294 (0.15), 146 (0.07)]
[2025-09-13 20:17:08] Winrate vs v_table     :  18.8% | Σ-Reward:  2469.0 | Ø-Reward:  1.234 | Places: [375 (0.19), 430 (0.21), 484 (0.24), 711 (0.36)]
[2025-09-13 20:17:10] Timing @ep 5000: episode 13.4s | train 0.005s | eval 10.9s | plot 2.5s | save 0.002s | cum 0.02h
[2025-09-13 20:18:17] 
[2025-09-13 20:18:17] Benchmark @train_ep   10000 (bench_eps: 2000)
[2025-09-13 20:18:17] Macro Winrate          :  36.1%
[2025-09-13 20:18:17] Macro Ø-Reward         :  1.729
[2025-09-13 20:18:17] Winrate vs max_combo   :  29.2% | Σ-Reward:  3229.0 | Ø-Reward:  1.615 | Places: [585 (0.29), 518 (0.26), 438 (0.22), 459 (0.23)]
[2025-09-13 20:18:17] Winrate vs random2     :  30.2% | Σ-Reward:  3496.0 | Ø-Reward:  1.748 | Places: [605 (0.30), 592 (0.30), 497 (0.25), 306 (0.15)]
[2025-09-13 20:18:17] Winrate vs single_only :  66.5% | Σ-Reward:  4718.0 | Ø-Reward:  2.359 | Places: [1330 (0.67), 216 (0.11), 296 (0.15), 158 (0.08)]
[2025-09-13 20:18:17] Winrate vs v_table     :  18.2% | Σ-Reward:  2393.0 | Ø-Reward:  1.196 | Places: [365 (0.18), 435 (0.22), 428 (0.21), 772 (0.39)]
[2025-09-13 20:18:19] Timing @ep 10000: episode 13.3s | train 0.004s | eval 10.5s | plot 2.7s | save 0.002s | cum 0.04h
[2025-09-13 20:19:30] 
[2025-09-13 20:19:30] Benchmark @train_ep   15000 (bench_eps: 2000)
[2025-09-13 20:19:30] Macro Winrate          :  37.6%
[2025-09-13 20:19:30] Macro Ø-Reward         :  1.771
[2025-09-13 20:19:30] Winrate vs max_combo   :  31.3% | Σ-Reward:  3341.0 | Ø-Reward:  1.671 | Places: [626 (0.31), 503 (0.25), 457 (0.23), 414 (0.21)]
[2025-09-13 20:19:30] Winrate vs random2     :  33.5% | Σ-Reward:  3626.0 | Ø-Reward:  1.813 | Places: [669 (0.33), 575 (0.29), 469 (0.23), 287 (0.14)]
[2025-09-13 20:19:30] Winrate vs single_only :  66.8% | Σ-Reward:  4713.0 | Ø-Reward:  2.357 | Places: [1336 (0.67), 206 (0.10), 293 (0.15), 165 (0.08)]
[2025-09-13 20:19:30] Winrate vs v_table     :  18.6% | Σ-Reward:  2491.0 | Ø-Reward:  1.246 | Places: [373 (0.19), 455 (0.23), 462 (0.23), 710 (0.35)]
[2025-09-13 20:19:33] Timing @ep 15000: episode 13.2s | train 0.008s | eval 10.1s | plot 3.1s | save 0.001s | cum 0.06h
[2025-09-13 20:20:49] 
[2025-09-13 20:20:49] Benchmark @train_ep   20000 (bench_eps: 2000)
[2025-09-13 20:20:49] Macro Winrate          :  39.7%
[2025-09-13 20:20:49] Macro Ø-Reward         :  1.828
[2025-09-13 20:20:49] Winrate vs max_combo   :  33.2% | Σ-Reward:  3415.0 | Ø-Reward:  1.708 | Places: [665 (0.33), 503 (0.25), 414 (0.21), 418 (0.21)]
[2025-09-13 20:20:49] Winrate vs random2     :  38.7% | Σ-Reward:  3839.0 | Ø-Reward:  1.919 | Places: [774 (0.39), 542 (0.27), 433 (0.22), 251 (0.13)]
[2025-09-13 20:20:49] Winrate vs single_only :  67.2% | Σ-Reward:  4814.0 | Ø-Reward:  2.407 | Places: [1344 (0.67), 258 (0.13), 266 (0.13), 132 (0.07)]
[2025-09-13 20:20:49] Winrate vs v_table     :  19.6% | Σ-Reward:  2557.0 | Ø-Reward:  1.278 | Places: [392 (0.20), 453 (0.23), 475 (0.24), 680 (0.34)]
[2025-09-13 20:20:53] Timing @ep 20000: episode 14.4s | train 0.010s | eval 10.6s | plot 3.7s | save 0.001s | cum 0.08h
[2025-09-13 20:20:53] Opponent-Usage gespeichert: /home/wasterix/OpenSpiel/open_spiel/President/models/k1a2/model_39/plots/opponent_usage.csv
[2025-09-13 20:20:53] 
[2025-09-13 20:20:53] Gesamtzeit: 0.08h (~ 66.77 eps/s)
[2025-09-13 20:20:53] k1a2, Single Agent vs Population. Training abgeschlossen.
[2025-09-13 20:20:53] Path: /home/wasterix/OpenSpiel/open_spiel/President/models/k1a2/model_39
