[2025-08-21 12:26:13] New Training (k4a1_rec): Shared-Policy PPO — In-Proc External Trainer (Bundle-Updates)
[2025-08-21 12:26:13] Deck_Size: 12
[2025-08-21 12:26:13] Episodes: 3000
[2025-08-21 12:26:13] Path: /home/wasterix/OpenSpiel/open_spiel/President/models/k4a1_rec/model_06
[2025-08-21 12:26:23] 
[2025-08-21 12:26:23] Benchmark @train_ep     600 (bench_eps: 500)
[2025-08-21 12:26:23] Macro Winrate          :  33.1%
[2025-08-21 12:26:23] Macro Ø-Reward         :  1.633
[2025-08-21 12:26:23] Winrate vs max_combo   :  24.4% | Σ-Reward:  716.0 | Ø-Reward:  1.432 | Places: [122 (0.24), 120 (0.24), 110 (0.22), 148 (0.30)]
[2025-08-21 12:26:23] Winrate vs random2     :  26.4% | Σ-Reward:  750.0 | Ø-Reward:  1.500 | Places: [132 (0.26), 113 (0.23), 128 (0.26), 127 (0.25)]
[2025-08-21 12:26:23] Winrate vs single_only :  48.6% | Σ-Reward:  984.0 | Ø-Reward:  1.968 | Places: [243 (0.49), 80 (0.16), 95 (0.19), 82 (0.16)]
[2025-08-21 12:26:24] Timing @ep 600: episode 3.6s | train 0.083s | eval 2.3s | plot 1.2s | save 0.002s | cum 0.00h
[2025-08-21 12:26:33] 
[2025-08-21 12:26:33] Benchmark @train_ep    1200 (bench_eps: 500)
[2025-08-21 12:26:33] Macro Winrate          :  33.1%
[2025-08-21 12:26:33] Macro Ø-Reward         :  1.681
[2025-08-21 12:26:33] Winrate vs max_combo   :  26.2% | Σ-Reward:  747.0 | Ø-Reward:  1.494 | Places: [131 (0.26), 120 (0.24), 114 (0.23), 135 (0.27)]
[2025-08-21 12:26:33] Winrate vs random2     :  27.2% | Σ-Reward:  791.0 | Ø-Reward:  1.582 | Places: [136 (0.27), 125 (0.25), 133 (0.27), 106 (0.21)]
[2025-08-21 12:26:33] Winrate vs single_only :  45.8% | Σ-Reward:  983.0 | Ø-Reward:  1.966 | Places: [229 (0.46), 99 (0.20), 98 (0.20), 74 (0.15)]
[2025-08-21 12:26:34] Timing @ep 1200: episode 3.9s | train 0.120s | eval 2.5s | plot 1.3s | save 0.001s | cum 0.01h
[2025-08-21 12:26:43] 
[2025-08-21 12:26:43] Benchmark @train_ep    1800 (bench_eps: 500)
[2025-08-21 12:26:43] Macro Winrate          :  36.6%
[2025-08-21 12:26:43] Macro Ø-Reward         :  1.730
[2025-08-21 12:26:43] Winrate vs max_combo   :  27.0% | Σ-Reward:  758.0 | Ø-Reward:  1.516 | Places: [135 (0.27), 116 (0.23), 121 (0.24), 128 (0.26)]
[2025-08-21 12:26:43] Winrate vs random2     :  32.6% | Σ-Reward:  841.0 | Ø-Reward:  1.682 | Places: [163 (0.33), 126 (0.25), 100 (0.20), 111 (0.22)]
[2025-08-21 12:26:43] Winrate vs single_only :  50.2% | Σ-Reward:  996.0 | Ø-Reward:  1.992 | Places: [251 (0.50), 77 (0.15), 89 (0.18), 83 (0.17)]
[2025-08-21 12:26:45] Timing @ep 1800: episode 4.4s | train 0.112s | eval 2.7s | plot 1.5s | save 0.001s | cum 0.01h
[2025-08-21 12:26:54] 
[2025-08-21 12:26:54] Benchmark @train_ep    2400 (bench_eps: 500)
[2025-08-21 12:26:54] Macro Winrate          :  36.6%
[2025-08-21 12:26:54] Macro Ø-Reward         :  1.735
[2025-08-21 12:26:54] Winrate vs max_combo   :  25.8% | Σ-Reward:  738.0 | Ø-Reward:  1.476 | Places: [129 (0.26), 119 (0.24), 113 (0.23), 139 (0.28)]
[2025-08-21 12:26:54] Winrate vs random2     :  30.2% | Σ-Reward:  838.0 | Ø-Reward:  1.676 | Places: [151 (0.30), 135 (0.27), 115 (0.23), 99 (0.20)]
[2025-08-21 12:26:54] Winrate vs single_only :  53.8% | Σ-Reward:  1027.0 | Ø-Reward:  2.054 | Places: [269 (0.54), 72 (0.14), 76 (0.15), 83 (0.17)]
[2025-08-21 12:26:55] Timing @ep 2400: episode 3.8s | train 0.104s | eval 2.4s | plot 1.3s | save 0.001s | cum 0.01h
[2025-08-21 12:27:04] 
[2025-08-21 12:27:04] Benchmark @train_ep    3000 (bench_eps: 500)
[2025-08-21 12:27:04] Macro Winrate          :  35.3%
[2025-08-21 12:27:04] Macro Ø-Reward         :  1.717
[2025-08-21 12:27:04] Winrate vs max_combo   :  29.0% | Σ-Reward:  766.0 | Ø-Reward:  1.532 | Places: [145 (0.29), 102 (0.20), 127 (0.25), 126 (0.25)]
[2025-08-21 12:27:04] Winrate vs random2     :  28.6% | Σ-Reward:  804.0 | Ø-Reward:  1.608 | Places: [143 (0.29), 125 (0.25), 125 (0.25), 107 (0.21)]
[2025-08-21 12:27:04] Winrate vs single_only :  48.4% | Σ-Reward:  1006.0 | Ø-Reward:  2.012 | Places: [242 (0.48), 98 (0.20), 84 (0.17), 76 (0.15)]
[2025-08-21 12:27:05] Timing @ep 3000: episode 3.8s | train 0.096s | eval 2.4s | plot 1.3s | save 0.002s | cum 0.01h
[2025-08-21 12:27:05] 
[2025-08-21 12:27:05] Gesamtzeit: 0.01h (~ 59.02 eps/s)
[2025-08-21 12:27:05] K4 (Shared-Policy PPO, In-Proc External Trainer) abgeschlossen.
