[2025-09-09 09:33:10] New Training (k1a2): DQN Single-Agent vs Heuristiken/Population (P0→P0)
[2025-09-09 09:33:10] Deck_Size: 16
[2025-09-09 09:33:10] Episodes: 20000
[2025-09-09 09:33:10] Path: /home/wasterix/OpenSpiel/open_spiel/President/models/k1a2/model_09
[2025-09-09 09:33:11] [Population] Initiales Lineup: ['random2', 'random2', 'random2']
[2025-09-09 09:33:37] 
[2025-09-09 09:33:37] Benchmark @train_ep     500 (bench_eps: 2000)
[2025-09-09 09:33:37] Macro Winrate          :  25.4%
[2025-09-09 09:33:37] Macro Ø-Reward         :  1.372
[2025-09-09 09:33:37] Winrate vs max_combo   :  21.9% | Σ-Reward:  2621.0 | Ø-Reward:  1.310 | Places: [438 (0.22), 411 (0.21), 485 (0.24), 666 (0.33)]
[2025-09-09 09:33:37] Winrate vs random2     :  22.0% | Σ-Reward:  2892.0 | Ø-Reward:  1.446 | Places: [440 (0.22), 514 (0.26), 544 (0.27), 502 (0.25)]
[2025-09-09 09:33:37] Winrate vs single_only :  42.8% | Σ-Reward:  3612.0 | Ø-Reward:  1.806 | Places: [855 (0.43), 294 (0.15), 459 (0.23), 392 (0.20)]
[2025-09-09 09:33:37] Winrate vs v_table     :  15.1% | Σ-Reward:  1853.0 | Ø-Reward:  0.926 | Places: [302 (0.15), 270 (0.14), 407 (0.20), 1021 (0.51)]
[2025-09-09 09:33:39] Timing @ep 500: episode 16.3s | train 0.008s | eval 14.8s | plot 1.4s | save 0.003s | cum 0.01h
[2025-09-09 09:34:04] 
[2025-09-09 09:34:04] Benchmark @train_ep    1000 (bench_eps: 2000)
[2025-09-09 09:34:04] Macro Winrate          :  31.0%
[2025-09-09 09:34:04] Macro Ø-Reward         :  1.551
[2025-09-09 09:34:04] Winrate vs max_combo   :  29.2% | Σ-Reward:  3019.0 | Ø-Reward:  1.510 | Places: [585 (0.29), 425 (0.21), 414 (0.21), 576 (0.29)]
[2025-09-09 09:34:04] Winrate vs random2     :  31.8% | Σ-Reward:  3390.0 | Ø-Reward:  1.695 | Places: [635 (0.32), 524 (0.26), 437 (0.22), 404 (0.20)]
[2025-09-09 09:34:04] Winrate vs single_only :  41.6% | Σ-Reward:  3594.0 | Ø-Reward:  1.797 | Places: [833 (0.42), 299 (0.15), 497 (0.25), 371 (0.19)]
[2025-09-09 09:34:04] Winrate vs v_table     :  21.4% | Σ-Reward:  2405.0 | Ø-Reward:  1.202 | Places: [428 (0.21), 363 (0.18), 395 (0.20), 814 (0.41)]
[2025-09-09 09:34:06] Timing @ep 1000: episode 17.4s | train 0.028s | eval 15.9s | plot 1.4s | save 0.002s | cum 0.02h
[2025-09-09 09:34:29] 
[2025-09-09 09:34:29] Benchmark @train_ep    1500 (bench_eps: 2000)
[2025-09-09 09:34:29] Macro Winrate          :  39.7%
[2025-09-09 09:34:29] Macro Ø-Reward         :  1.744
[2025-09-09 09:34:29] Winrate vs max_combo   :  35.5% | Σ-Reward:  3369.0 | Ø-Reward:  1.685 | Places: [711 (0.36), 408 (0.20), 420 (0.21), 461 (0.23)]
[2025-09-09 09:34:29] Winrate vs random2     :  39.1% | Σ-Reward:  3680.0 | Ø-Reward:  1.840 | Places: [783 (0.39), 459 (0.23), 413 (0.21), 345 (0.17)]
[2025-09-09 09:34:29] Winrate vs single_only :  58.6% | Σ-Reward:  4256.0 | Ø-Reward:  2.128 | Places: [1173 (0.59), 191 (0.10), 355 (0.18), 281 (0.14)]
[2025-09-09 09:34:29] Winrate vs v_table     :  25.4% | Σ-Reward:  2649.0 | Ø-Reward:  1.325 | Places: [507 (0.25), 385 (0.19), 358 (0.18), 750 (0.38)]
[2025-09-09 09:34:31] Timing @ep 1500: episode 15.9s | train 0.006s | eval 14.6s | plot 1.3s | save 0.002s | cum 0.02h
[2025-09-09 09:34:54] 
[2025-09-09 09:34:54] Benchmark @train_ep    2000 (bench_eps: 2000)
[2025-09-09 09:34:54] Macro Winrate          :  37.4%
[2025-09-09 09:34:54] Macro Ø-Reward         :  1.736
[2025-09-09 09:34:54] Winrate vs max_combo   :  33.0% | Σ-Reward:  3318.0 | Ø-Reward:  1.659 | Places: [660 (0.33), 447 (0.22), 444 (0.22), 449 (0.22)]
[2025-09-09 09:34:54] Winrate vs random2     :  40.0% | Σ-Reward:  3832.0 | Ø-Reward:  1.916 | Places: [801 (0.40), 501 (0.25), 427 (0.21), 271 (0.14)]
[2025-09-09 09:34:54] Winrate vs single_only :  53.6% | Σ-Reward:  4137.0 | Ø-Reward:  2.068 | Places: [1072 (0.54), 248 (0.12), 425 (0.21), 255 (0.13)]
[2025-09-09 09:34:54] Winrate vs v_table     :  22.9% | Σ-Reward:  2604.0 | Ø-Reward:  1.302 | Places: [458 (0.23), 436 (0.22), 358 (0.18), 748 (0.37)]
[2025-09-09 09:34:56] Timing @ep 2000: episode 16.2s | train 0.030s | eval 14.6s | plot 1.5s | save 0.002s | cum 0.03h
[2025-09-09 09:35:19] 
[2025-09-09 09:35:19] Benchmark @train_ep    2500 (bench_eps: 2000)
[2025-09-09 09:35:19] Macro Winrate          :  40.9%
[2025-09-09 09:35:19] Macro Ø-Reward         :  1.840
[2025-09-09 09:35:19] Winrate vs max_combo   :  37.5% | Σ-Reward:  3590.0 | Ø-Reward:  1.795 | Places: [750 (0.38), 468 (0.23), 404 (0.20), 378 (0.19)]
[2025-09-09 09:35:19] Winrate vs random2     :  41.2% | Σ-Reward:  3981.0 | Ø-Reward:  1.990 | Places: [824 (0.41), 558 (0.28), 393 (0.20), 225 (0.11)]
[2025-09-09 09:35:19] Winrate vs single_only :  61.1% | Σ-Reward:  4504.0 | Ø-Reward:  2.252 | Places: [1223 (0.61), 242 (0.12), 351 (0.18), 184 (0.09)]
[2025-09-09 09:35:19] Winrate vs v_table     :  23.7% | Σ-Reward:  2648.0 | Ø-Reward:  1.324 | Places: [474 (0.24), 395 (0.20), 436 (0.22), 695 (0.35)]
[2025-09-09 09:35:21] Timing @ep 2500: episode 15.9s | train 0.012s | eval 14.4s | plot 1.5s | save 0.002s | cum 0.04h
[2025-09-09 09:35:43] 
[2025-09-09 09:35:43] Benchmark @train_ep    3000 (bench_eps: 2000)
[2025-09-09 09:35:43] Macro Winrate          :  41.2%
[2025-09-09 09:35:43] Macro Ø-Reward         :  1.859
[2025-09-09 09:35:43] Winrate vs max_combo   :  35.4% | Σ-Reward:  3490.0 | Ø-Reward:  1.745 | Places: [708 (0.35), 489 (0.24), 388 (0.19), 415 (0.21)]
[2025-09-09 09:35:43] Winrate vs random2     :  40.9% | Σ-Reward:  3933.0 | Ø-Reward:  1.966 | Places: [818 (0.41), 545 (0.27), 389 (0.19), 248 (0.12)]
[2025-09-09 09:35:43] Winrate vs single_only :  62.4% | Σ-Reward:  4588.0 | Ø-Reward:  2.294 | Places: [1247 (0.62), 270 (0.14), 307 (0.15), 176 (0.09)]
[2025-09-09 09:35:43] Winrate vs v_table     :  26.0% | Σ-Reward:  2863.0 | Ø-Reward:  1.431 | Places: [520 (0.26), 454 (0.23), 395 (0.20), 631 (0.32)]
[2025-09-09 09:35:45] Timing @ep 3000: episode 15.5s | train 0.026s | eval 14.0s | plot 1.5s | save 0.001s | cum 0.04h
[2025-09-09 09:36:08] 
[2025-09-09 09:36:08] Benchmark @train_ep    3500 (bench_eps: 2000)
[2025-09-09 09:36:08] Macro Winrate          :  42.7%
[2025-09-09 09:36:08] Macro Ø-Reward         :  1.898
[2025-09-09 09:36:08] Winrate vs max_combo   :  36.1% | Σ-Reward:  3562.0 | Ø-Reward:  1.781 | Places: [723 (0.36), 506 (0.25), 381 (0.19), 390 (0.20)]
[2025-09-09 09:36:08] Winrate vs random2     :  42.4% | Σ-Reward:  4054.0 | Ø-Reward:  2.027 | Places: [847 (0.42), 567 (0.28), 379 (0.19), 207 (0.10)]
[2025-09-09 09:36:08] Winrate vs single_only :  66.0% | Σ-Reward:  4681.0 | Ø-Reward:  2.341 | Places: [1321 (0.66), 212 (0.11), 294 (0.15), 173 (0.09)]
[2025-09-09 09:36:08] Winrate vs v_table     :  26.1% | Σ-Reward:  2887.0 | Ø-Reward:  1.444 | Places: [523 (0.26), 466 (0.23), 386 (0.19), 625 (0.31)]
[2025-09-09 09:36:10] Timing @ep 3500: episode 15.8s | train 0.012s | eval 14.2s | plot 1.5s | save 0.001s | cum 0.05h
[2025-09-09 09:36:32] 
[2025-09-09 09:36:32] Benchmark @train_ep    4000 (bench_eps: 2000)
[2025-09-09 09:36:32] Macro Winrate          :  42.3%
[2025-09-09 09:36:32] Macro Ø-Reward         :  1.901
[2025-09-09 09:36:32] Winrate vs max_combo   :  37.0% | Σ-Reward:  3606.0 | Ø-Reward:  1.803 | Places: [740 (0.37), 485 (0.24), 416 (0.21), 359 (0.18)]
[2025-09-09 09:36:32] Winrate vs random2     :  43.1% | Σ-Reward:  4101.0 | Ø-Reward:  2.050 | Places: [862 (0.43), 562 (0.28), 391 (0.20), 185 (0.09)]
[2025-09-09 09:36:32] Winrate vs single_only :  64.2% | Σ-Reward:  4667.0 | Ø-Reward:  2.333 | Places: [1283 (0.64), 249 (0.12), 320 (0.16), 148 (0.07)]
[2025-09-09 09:36:32] Winrate vs v_table     :  24.9% | Σ-Reward:  2833.0 | Ø-Reward:  1.417 | Places: [498 (0.25), 473 (0.24), 393 (0.20), 636 (0.32)]
[2025-09-09 09:36:34] Timing @ep 4000: episode 15.5s | train 0.012s | eval 13.9s | plot 1.6s | save 0.002s | cum 0.06h
[2025-09-09 09:36:57] 
[2025-09-09 09:36:57] Benchmark @train_ep    4500 (bench_eps: 2000)
[2025-09-09 09:36:57] Macro Winrate          :  42.4%
[2025-09-09 09:36:57] Macro Ø-Reward         :  1.908
[2025-09-09 09:36:57] Winrate vs max_combo   :  38.5% | Σ-Reward:  3686.0 | Ø-Reward:  1.843 | Places: [770 (0.39), 498 (0.25), 380 (0.19), 352 (0.18)]
[2025-09-09 09:36:57] Winrate vs random2     :  41.0% | Σ-Reward:  4083.0 | Ø-Reward:  2.042 | Places: [819 (0.41), 627 (0.31), 372 (0.19), 182 (0.09)]
[2025-09-09 09:36:57] Winrate vs single_only :  65.2% | Σ-Reward:  4698.0 | Ø-Reward:  2.349 | Places: [1303 (0.65), 242 (0.12), 305 (0.15), 150 (0.07)]
[2025-09-09 09:36:57] Winrate vs v_table     :  24.9% | Σ-Reward:  2795.0 | Ø-Reward:  1.397 | Places: [498 (0.25), 449 (0.22), 403 (0.20), 650 (0.33)]
[2025-09-09 09:36:58] Timing @ep 4500: episode 15.8s | train 0.006s | eval 14.3s | plot 1.4s | save 0.001s | cum 0.06h
[2025-09-09 09:37:23] 
[2025-09-09 09:37:23] Benchmark @train_ep    5000 (bench_eps: 2000)
[2025-09-09 09:37:23] Macro Winrate          :  41.6%
[2025-09-09 09:37:23] Macro Ø-Reward         :  1.885
[2025-09-09 09:37:23] Winrate vs max_combo   :  37.8% | Σ-Reward:  3635.0 | Ø-Reward:  1.817 | Places: [755 (0.38), 473 (0.24), 424 (0.21), 348 (0.17)]
[2025-09-09 09:37:23] Winrate vs random2     :  40.3% | Σ-Reward:  3967.0 | Ø-Reward:  1.984 | Places: [806 (0.40), 568 (0.28), 413 (0.21), 213 (0.11)]
[2025-09-09 09:37:23] Winrate vs single_only :  64.2% | Σ-Reward:  4717.0 | Ø-Reward:  2.358 | Places: [1285 (0.64), 277 (0.14), 308 (0.15), 130 (0.07)]
[2025-09-09 09:37:23] Winrate vs v_table     :  24.2% | Σ-Reward:  2758.0 | Ø-Reward:  1.379 | Places: [485 (0.24), 450 (0.23), 403 (0.20), 662 (0.33)]
[2025-09-09 09:37:25] Timing @ep 5000: episode 16.3s | train 0.023s | eval 14.6s | plot 1.7s | save 0.002s | cum 0.07h
[2025-09-09 09:37:52] 
[2025-09-09 09:37:52] Benchmark @train_ep    5500 (bench_eps: 2000)
[2025-09-09 09:37:52] Macro Winrate          :  42.0%
[2025-09-09 09:37:52] Macro Ø-Reward         :  1.901
[2025-09-09 09:37:52] Winrate vs max_combo   :  37.4% | Σ-Reward:  3619.0 | Ø-Reward:  1.810 | Places: [747 (0.37), 471 (0.24), 436 (0.22), 346 (0.17)]
[2025-09-09 09:37:52] Winrate vs random2     :  44.8% | Σ-Reward:  4181.0 | Ø-Reward:  2.091 | Places: [895 (0.45), 555 (0.28), 386 (0.19), 164 (0.08)]
[2025-09-09 09:37:52] Winrate vs single_only :  63.2% | Σ-Reward:  4691.0 | Ø-Reward:  2.345 | Places: [1265 (0.63), 286 (0.14), 324 (0.16), 125 (0.06)]
[2025-09-09 09:37:52] Winrate vs v_table     :  22.8% | Σ-Reward:  2718.0 | Ø-Reward:  1.359 | Places: [456 (0.23), 460 (0.23), 430 (0.21), 654 (0.33)]
[2025-09-09 09:37:53] Timing @ep 5500: episode 16.3s | train 0.016s | eval 14.7s | plot 1.5s | save 0.001s | cum 0.08h
[2025-09-09 09:38:21] 
[2025-09-09 09:38:21] Benchmark @train_ep    6000 (bench_eps: 2000)
[2025-09-09 09:38:21] Macro Winrate          :  40.1%
[2025-09-09 09:38:21] Macro Ø-Reward         :  1.880
[2025-09-09 09:38:21] Winrate vs max_combo   :  34.3% | Σ-Reward:  3519.0 | Ø-Reward:  1.760 | Places: [686 (0.34), 499 (0.25), 463 (0.23), 352 (0.18)]
[2025-09-09 09:38:21] Winrate vs random2     :  42.1% | Σ-Reward:  4130.0 | Ø-Reward:  2.065 | Places: [843 (0.42), 619 (0.31), 363 (0.18), 175 (0.09)]
[2025-09-09 09:38:21] Winrate vs single_only :  59.8% | Σ-Reward:  4569.0 | Ø-Reward:  2.284 | Places: [1195 (0.60), 311 (0.16), 362 (0.18), 132 (0.07)]
[2025-09-09 09:38:21] Winrate vs v_table     :  24.1% | Σ-Reward:  2824.0 | Ø-Reward:  1.412 | Places: [482 (0.24), 473 (0.24), 432 (0.22), 613 (0.31)]
[2025-09-09 09:38:23] Timing @ep 6000: episode 18.8s | train 0.024s | eval 17.2s | plot 1.6s | save 0.002s | cum 0.09h
[2025-09-09 09:38:49] 
[2025-09-09 09:38:49] Benchmark @train_ep    6500 (bench_eps: 2000)
[2025-09-09 09:38:49] Macro Winrate          :  41.1%
[2025-09-09 09:38:49] Macro Ø-Reward         :  1.898
[2025-09-09 09:38:49] Winrate vs max_combo   :  36.8% | Σ-Reward:  3635.0 | Ø-Reward:  1.817 | Places: [735 (0.37), 512 (0.26), 406 (0.20), 347 (0.17)]
[2025-09-09 09:38:49] Winrate vs random2     :  42.8% | Σ-Reward:  4176.0 | Ø-Reward:  2.088 | Places: [856 (0.43), 613 (0.31), 382 (0.19), 149 (0.07)]
[2025-09-09 09:38:49] Winrate vs single_only :  61.5% | Σ-Reward:  4596.0 | Ø-Reward:  2.298 | Places: [1231 (0.62), 279 (0.14), 345 (0.17), 145 (0.07)]
[2025-09-09 09:38:49] Winrate vs v_table     :  23.1% | Σ-Reward:  2774.0 | Ø-Reward:  1.387 | Places: [463 (0.23), 486 (0.24), 413 (0.21), 638 (0.32)]
[2025-09-09 09:38:51] Timing @ep 6500: episode 17.7s | train 0.006s | eval 15.9s | plot 1.8s | save 0.002s | cum 0.09h
[2025-09-09 09:39:18] 
[2025-09-09 09:39:18] Benchmark @train_ep    7000 (bench_eps: 2000)
[2025-09-09 09:39:18] Macro Winrate          :  39.0%
[2025-09-09 09:39:18] Macro Ø-Reward         :  1.856
[2025-09-09 09:39:18] Winrate vs max_combo   :  35.4% | Σ-Reward:  3575.0 | Ø-Reward:  1.788 | Places: [708 (0.35), 508 (0.25), 435 (0.22), 349 (0.17)]
[2025-09-09 09:39:18] Winrate vs random2     :  40.6% | Σ-Reward:  4022.0 | Ø-Reward:  2.011 | Places: [813 (0.41), 591 (0.30), 401 (0.20), 195 (0.10)]
[2025-09-09 09:39:18] Winrate vs single_only :  56.5% | Σ-Reward:  4459.0 | Ø-Reward:  2.229 | Places: [1131 (0.57), 346 (0.17), 374 (0.19), 149 (0.07)]
[2025-09-09 09:39:18] Winrate vs v_table     :  23.4% | Σ-Reward:  2791.0 | Ø-Reward:  1.395 | Places: [467 (0.23), 463 (0.23), 464 (0.23), 606 (0.30)]
[2025-09-09 09:39:20] Timing @ep 7000: episode 17.9s | train 0.018s | eval 16.2s | plot 1.6s | save 0.001s | cum 0.10h
[2025-09-09 09:39:44] 
[2025-09-09 09:39:44] Benchmark @train_ep    7500 (bench_eps: 2000)
[2025-09-09 09:39:44] Macro Winrate          :  40.6%
[2025-09-09 09:39:44] Macro Ø-Reward         :  1.890
[2025-09-09 09:39:44] Winrate vs max_combo   :  35.8% | Σ-Reward:  3602.0 | Ø-Reward:  1.801 | Places: [716 (0.36), 492 (0.25), 470 (0.23), 322 (0.16)]
[2025-09-09 09:39:44] Winrate vs random2     :  43.6% | Σ-Reward:  4198.0 | Ø-Reward:  2.099 | Places: [872 (0.44), 609 (0.30), 364 (0.18), 155 (0.08)]
[2025-09-09 09:39:44] Winrate vs single_only :  59.8% | Σ-Reward:  4531.0 | Ø-Reward:  2.265 | Places: [1195 (0.60), 310 (0.15), 326 (0.16), 169 (0.08)]
[2025-09-09 09:39:44] Winrate vs v_table     :  23.1% | Σ-Reward:  2793.0 | Ø-Reward:  1.397 | Places: [462 (0.23), 476 (0.24), 455 (0.23), 607 (0.30)]
[2025-09-09 09:39:45] Timing @ep 7500: episode 15.9s | train 0.010s | eval 14.2s | plot 1.6s | save 0.002s | cum 0.11h
[2025-09-09 09:40:11] 
[2025-09-09 09:40:11] Benchmark @train_ep    8000 (bench_eps: 2000)
[2025-09-09 09:40:11] Macro Winrate          :  40.1%
[2025-09-09 09:40:11] Macro Ø-Reward         :  1.872
[2025-09-09 09:40:11] Winrate vs max_combo   :  35.5% | Σ-Reward:  3548.0 | Ø-Reward:  1.774 | Places: [709 (0.35), 487 (0.24), 447 (0.22), 357 (0.18)]
[2025-09-09 09:40:11] Winrate vs random2     :  43.2% | Σ-Reward:  4165.0 | Ø-Reward:  2.083 | Places: [864 (0.43), 589 (0.29), 395 (0.20), 152 (0.08)]
[2025-09-09 09:40:11] Winrate vs single_only :  57.9% | Σ-Reward:  4494.0 | Ø-Reward:  2.247 | Places: [1157 (0.58), 333 (0.17), 357 (0.18), 153 (0.08)]
[2025-09-09 09:40:11] Winrate vs v_table     :  24.0% | Σ-Reward:  2766.0 | Ø-Reward:  1.383 | Places: [480 (0.24), 447 (0.22), 432 (0.22), 641 (0.32)]
[2025-09-09 09:40:12] Timing @ep 8000: episode 17.0s | train 0.006s | eval 15.5s | plot 1.5s | save 0.002s | cum 0.12h
[2025-09-09 09:40:37] 
[2025-09-09 09:40:37] Benchmark @train_ep    8500 (bench_eps: 2000)
[2025-09-09 09:40:37] Macro Winrate          :  41.5%
[2025-09-09 09:40:37] Macro Ø-Reward         :  1.905
[2025-09-09 09:40:37] Winrate vs max_combo   :  37.4% | Σ-Reward:  3673.0 | Ø-Reward:  1.837 | Places: [747 (0.37), 498 (0.25), 436 (0.22), 319 (0.16)]
[2025-09-09 09:40:37] Winrate vs random2     :  42.4% | Σ-Reward:  4116.0 | Ø-Reward:  2.058 | Places: [848 (0.42), 597 (0.30), 378 (0.19), 177 (0.09)]
[2025-09-09 09:40:37] Winrate vs single_only :  61.5% | Σ-Reward:  4563.0 | Ø-Reward:  2.281 | Places: [1229 (0.61), 265 (0.13), 346 (0.17), 160 (0.08)]
[2025-09-09 09:40:37] Winrate vs v_table     :  24.6% | Σ-Reward:  2886.0 | Ø-Reward:  1.443 | Places: [492 (0.25), 484 (0.24), 442 (0.22), 582 (0.29)]
[2025-09-09 09:40:39] Timing @ep 8500: episode 16.4s | train 0.020s | eval 14.3s | plot 2.0s | save 0.002s | cum 0.12h
[2025-09-09 09:41:03] 
[2025-09-09 09:41:03] Benchmark @train_ep    9000 (bench_eps: 2000)
[2025-09-09 09:41:03] Macro Winrate          :  40.6%
[2025-09-09 09:41:03] Macro Ø-Reward         :  1.891
[2025-09-09 09:41:03] Winrate vs max_combo   :  35.5% | Σ-Reward:  3610.0 | Ø-Reward:  1.805 | Places: [709 (0.35), 515 (0.26), 453 (0.23), 323 (0.16)]
[2025-09-09 09:41:03] Winrate vs random2     :  43.6% | Σ-Reward:  4197.0 | Ø-Reward:  2.099 | Places: [873 (0.44), 604 (0.30), 370 (0.18), 153 (0.08)]
[2025-09-09 09:41:03] Winrate vs single_only :  60.4% | Σ-Reward:  4509.0 | Ø-Reward:  2.255 | Places: [1208 (0.60), 279 (0.14), 327 (0.16), 186 (0.09)]
[2025-09-09 09:41:03] Winrate vs v_table     :  22.9% | Σ-Reward:  2811.0 | Ø-Reward:  1.405 | Places: [459 (0.23), 487 (0.24), 460 (0.23), 594 (0.30)]
[2025-09-09 09:41:05] Timing @ep 9000: episode 16.4s | train 0.017s | eval 15.2s | plot 1.2s | save 0.001s | cum 0.13h
[2025-09-09 09:41:28] 
[2025-09-09 09:41:28] Benchmark @train_ep    9500 (bench_eps: 2000)
[2025-09-09 09:41:28] Macro Winrate          :  40.9%
[2025-09-09 09:41:28] Macro Ø-Reward         :  1.894
[2025-09-09 09:41:28] Winrate vs max_combo   :  35.8% | Σ-Reward:  3601.0 | Ø-Reward:  1.800 | Places: [715 (0.36), 508 (0.25), 440 (0.22), 337 (0.17)]
[2025-09-09 09:41:28] Winrate vs random2     :  42.1% | Σ-Reward:  4133.0 | Ø-Reward:  2.067 | Places: [843 (0.42), 612 (0.31), 380 (0.19), 165 (0.08)]
[2025-09-09 09:41:28] Winrate vs single_only :  61.4% | Σ-Reward:  4586.0 | Ø-Reward:  2.293 | Places: [1228 (0.61), 294 (0.15), 314 (0.16), 164 (0.08)]
[2025-09-09 09:41:28] Winrate vs v_table     :  24.1% | Σ-Reward:  2831.0 | Ø-Reward:  1.415 | Places: [482 (0.24), 469 (0.23), 447 (0.22), 602 (0.30)]
[2025-09-09 09:41:30] Timing @ep 9500: episode 15.7s | train 0.015s | eval 14.2s | plot 1.5s | save 0.002s | cum 0.14h
[2025-09-09 09:41:55] 
[2025-09-09 09:41:55] Benchmark @train_ep   10000 (bench_eps: 2000)
[2025-09-09 09:41:55] Macro Winrate          :  40.9%
[2025-09-09 09:41:55] Macro Ø-Reward         :  1.898
[2025-09-09 09:41:55] Winrate vs max_combo   :  37.2% | Σ-Reward:  3688.0 | Ø-Reward:  1.844 | Places: [745 (0.37), 514 (0.26), 425 (0.21), 316 (0.16)]
[2025-09-09 09:41:55] Winrate vs random2     :  42.8% | Σ-Reward:  4140.0 | Ø-Reward:  2.070 | Places: [855 (0.43), 587 (0.29), 401 (0.20), 157 (0.08)]
[2025-09-09 09:41:55] Winrate vs single_only :  61.0% | Σ-Reward:  4544.0 | Ø-Reward:  2.272 | Places: [1220 (0.61), 266 (0.13), 352 (0.18), 162 (0.08)]
[2025-09-09 09:41:55] Winrate vs v_table     :  22.4% | Σ-Reward:  2810.0 | Ø-Reward:  1.405 | Places: [448 (0.22), 502 (0.25), 462 (0.23), 588 (0.29)]
[2025-09-09 09:41:56] Timing @ep 10000: episode 16.5s | train 0.022s | eval 15.0s | plot 1.5s | save 0.002s | cum 0.15h
[2025-09-09 09:42:22] 
[2025-09-09 09:42:22] Benchmark @train_ep   10500 (bench_eps: 2000)
[2025-09-09 09:42:22] Macro Winrate          :  41.9%
[2025-09-09 09:42:22] Macro Ø-Reward         :  1.920
[2025-09-09 09:42:22] Winrate vs max_combo   :  38.0% | Σ-Reward:  3657.0 | Ø-Reward:  1.829 | Places: [761 (0.38), 467 (0.23), 440 (0.22), 332 (0.17)]
[2025-09-09 09:42:22] Winrate vs random2     :  43.6% | Σ-Reward:  4187.0 | Ø-Reward:  2.094 | Places: [873 (0.44), 598 (0.30), 372 (0.19), 157 (0.08)]
[2025-09-09 09:42:22] Winrate vs single_only :  61.1% | Σ-Reward:  4596.0 | Ø-Reward:  2.298 | Places: [1222 (0.61), 296 (0.15), 338 (0.17), 144 (0.07)]
[2025-09-09 09:42:22] Winrate vs v_table     :  24.9% | Σ-Reward:  2919.0 | Ø-Reward:  1.460 | Places: [498 (0.25), 482 (0.24), 461 (0.23), 559 (0.28)]
[2025-09-09 09:42:23] Timing @ep 10500: episode 16.5s | train 0.018s | eval 14.8s | plot 1.6s | save 0.001s | cum 0.15h
[2025-09-09 09:42:48] 
[2025-09-09 09:42:48] Benchmark @train_ep   11000 (bench_eps: 2000)
[2025-09-09 09:42:48] Macro Winrate          :  41.5%
[2025-09-09 09:42:48] Macro Ø-Reward         :  1.900
[2025-09-09 09:42:48] Winrate vs max_combo   :  37.5% | Σ-Reward:  3617.0 | Ø-Reward:  1.808 | Places: [750 (0.38), 450 (0.23), 467 (0.23), 333 (0.17)]
[2025-09-09 09:42:48] Winrate vs random2     :  43.4% | Σ-Reward:  4148.0 | Ø-Reward:  2.074 | Places: [867 (0.43), 588 (0.29), 371 (0.19), 174 (0.09)]
[2025-09-09 09:42:48] Winrate vs single_only :  60.5% | Σ-Reward:  4576.0 | Ø-Reward:  2.288 | Places: [1209 (0.60), 304 (0.15), 341 (0.17), 146 (0.07)]
[2025-09-09 09:42:48] Winrate vs v_table     :  24.6% | Σ-Reward:  2857.0 | Ø-Reward:  1.429 | Places: [492 (0.25), 472 (0.24), 437 (0.22), 599 (0.30)]
[2025-09-09 09:42:50] Timing @ep 11000: episode 15.9s | train 0.014s | eval 14.4s | plot 1.5s | save 0.002s | cum 0.16h
[2025-09-09 09:43:15] 
[2025-09-09 09:43:15] Benchmark @train_ep   11500 (bench_eps: 2000)
[2025-09-09 09:43:15] Macro Winrate          :  39.9%
[2025-09-09 09:43:15] Macro Ø-Reward         :  1.886
[2025-09-09 09:43:15] Winrate vs max_combo   :  36.1% | Σ-Reward:  3582.0 | Ø-Reward:  1.791 | Places: [723 (0.36), 491 (0.25), 431 (0.22), 355 (0.18)]
[2025-09-09 09:43:15] Winrate vs random2     :  40.4% | Σ-Reward:  4134.0 | Ø-Reward:  2.067 | Places: [808 (0.40), 661 (0.33), 388 (0.19), 143 (0.07)]
[2025-09-09 09:43:15] Winrate vs single_only :  59.5% | Σ-Reward:  4565.0 | Ø-Reward:  2.283 | Places: [1191 (0.60), 324 (0.16), 344 (0.17), 141 (0.07)]
[2025-09-09 09:43:15] Winrate vs v_table     :  23.4% | Σ-Reward:  2806.0 | Ø-Reward:  1.403 | Places: [468 (0.23), 471 (0.24), 460 (0.23), 601 (0.30)]
[2025-09-09 09:43:17] Timing @ep 11500: episode 16.9s | train 0.019s | eval 15.2s | plot 1.7s | save 0.001s | cum 0.17h
[2025-09-09 09:43:42] 
[2025-09-09 09:43:42] Benchmark @train_ep   12000 (bench_eps: 2000)
[2025-09-09 09:43:42] Macro Winrate          :  41.1%
[2025-09-09 09:43:42] Macro Ø-Reward         :  1.918
[2025-09-09 09:43:42] Winrate vs max_combo   :  36.6% | Σ-Reward:  3660.0 | Ø-Reward:  1.830 | Places: [733 (0.37), 516 (0.26), 429 (0.21), 322 (0.16)]
[2025-09-09 09:43:42] Winrate vs random2     :  41.4% | Σ-Reward:  4122.0 | Ø-Reward:  2.061 | Places: [827 (0.41), 620 (0.31), 401 (0.20), 152 (0.08)]
[2025-09-09 09:43:42] Winrate vs single_only :  62.8% | Σ-Reward:  4656.0 | Ø-Reward:  2.328 | Places: [1255 (0.63), 299 (0.15), 293 (0.15), 153 (0.08)]
[2025-09-09 09:43:42] Winrate vs v_table     :  23.6% | Σ-Reward:  2905.0 | Ø-Reward:  1.452 | Places: [473 (0.24), 520 (0.26), 446 (0.22), 561 (0.28)]
[2025-09-09 09:43:44] Timing @ep 12000: episode 16.7s | train 0.018s | eval 15.2s | plot 1.5s | save 0.002s | cum 0.18h
[2025-09-09 09:44:09] 
[2025-09-09 09:44:09] Benchmark @train_ep   12500 (bench_eps: 2000)
[2025-09-09 09:44:09] Macro Winrate          :  41.9%
[2025-09-09 09:44:09] Macro Ø-Reward         :  1.927
[2025-09-09 09:44:09] Winrate vs max_combo   :  40.0% | Σ-Reward:  3750.0 | Ø-Reward:  1.875 | Places: [800 (0.40), 472 (0.24), 406 (0.20), 322 (0.16)]
[2025-09-09 09:44:09] Winrate vs random2     :  43.0% | Σ-Reward:  4194.0 | Ø-Reward:  2.097 | Places: [861 (0.43), 624 (0.31), 363 (0.18), 152 (0.08)]
[2025-09-09 09:44:09] Winrate vs single_only :  61.0% | Σ-Reward:  4597.0 | Ø-Reward:  2.299 | Places: [1220 (0.61), 311 (0.16), 315 (0.16), 154 (0.08)]
[2025-09-09 09:44:09] Winrate vs v_table     :  23.6% | Σ-Reward:  2876.0 | Ø-Reward:  1.438 | Places: [471 (0.24), 501 (0.25), 461 (0.23), 567 (0.28)]
[2025-09-09 09:44:11] Timing @ep 12500: episode 17.0s | train 0.019s | eval 15.3s | plot 1.7s | save 0.002s | cum 0.18h
[2025-09-09 09:44:37] 
[2025-09-09 09:44:37] Benchmark @train_ep   13000 (bench_eps: 2000)
[2025-09-09 09:44:37] Macro Winrate          :  41.6%
[2025-09-09 09:44:37] Macro Ø-Reward         :  1.906
[2025-09-09 09:44:37] Winrate vs max_combo   :  38.0% | Σ-Reward:  3698.0 | Ø-Reward:  1.849 | Places: [761 (0.38), 499 (0.25), 417 (0.21), 323 (0.16)]
[2025-09-09 09:44:37] Winrate vs random2     :  44.2% | Σ-Reward:  4214.0 | Ø-Reward:  2.107 | Places: [885 (0.44), 591 (0.30), 377 (0.19), 147 (0.07)]
[2025-09-09 09:44:37] Winrate vs single_only :  60.2% | Σ-Reward:  4542.0 | Ø-Reward:  2.271 | Places: [1205 (0.60), 293 (0.15), 341 (0.17), 161 (0.08)]
[2025-09-09 09:44:37] Winrate vs v_table     :  23.9% | Σ-Reward:  2795.0 | Ø-Reward:  1.397 | Places: [479 (0.24), 475 (0.24), 408 (0.20), 638 (0.32)]
[2025-09-09 09:44:39] Timing @ep 13000: episode 16.8s | train 0.016s | eval 15.3s | plot 1.5s | save 0.001s | cum 0.19h
[2025-09-09 09:45:08] 
[2025-09-09 09:45:08] Benchmark @train_ep   13500 (bench_eps: 2000)
[2025-09-09 09:45:08] Macro Winrate          :  40.3%
[2025-09-09 09:45:08] Macro Ø-Reward         :  1.891
[2025-09-09 09:45:08] Winrate vs max_combo   :  36.5% | Σ-Reward:  3623.0 | Ø-Reward:  1.812 | Places: [729 (0.36), 505 (0.25), 426 (0.21), 340 (0.17)]
[2025-09-09 09:45:08] Winrate vs random2     :  43.9% | Σ-Reward:  4209.0 | Ø-Reward:  2.104 | Places: [878 (0.44), 595 (0.30), 385 (0.19), 142 (0.07)]
[2025-09-09 09:45:08] Winrate vs single_only :  57.4% | Σ-Reward:  4458.0 | Ø-Reward:  2.229 | Places: [1147 (0.57), 321 (0.16), 375 (0.19), 157 (0.08)]
[2025-09-09 09:45:08] Winrate vs v_table     :  23.5% | Σ-Reward:  2841.0 | Ø-Reward:  1.421 | Places: [470 (0.23), 483 (0.24), 465 (0.23), 582 (0.29)]
[2025-09-09 09:45:09] Timing @ep 13500: episode 18.4s | train 0.038s | eval 16.7s | plot 1.7s | save 0.002s | cum 0.20h
[2025-09-09 09:45:34] 
[2025-09-09 09:45:34] Benchmark @train_ep   14000 (bench_eps: 2000)
[2025-09-09 09:45:34] Macro Winrate          :  41.1%
[2025-09-09 09:45:34] Macro Ø-Reward         :  1.909
[2025-09-09 09:45:34] Winrate vs max_combo   :  35.5% | Σ-Reward:  3597.0 | Ø-Reward:  1.798 | Places: [711 (0.36), 494 (0.25), 476 (0.24), 319 (0.16)]
[2025-09-09 09:45:34] Winrate vs random2     :  42.6% | Σ-Reward:  4135.0 | Ø-Reward:  2.067 | Places: [853 (0.43), 584 (0.29), 408 (0.20), 155 (0.08)]
[2025-09-09 09:45:34] Winrate vs single_only :  61.3% | Σ-Reward:  4610.0 | Ø-Reward:  2.305 | Places: [1226 (0.61), 304 (0.15), 324 (0.16), 146 (0.07)]
[2025-09-09 09:45:34] Winrate vs v_table     :  25.1% | Σ-Reward:  2929.0 | Ø-Reward:  1.464 | Places: [502 (0.25), 478 (0.24), 467 (0.23), 553 (0.28)]
[2025-09-09 09:45:36] Timing @ep 14000: episode 16.5s | train 0.022s | eval 14.9s | plot 1.6s | save 0.003s | cum 0.21h
[2025-09-09 09:46:06] 
[2025-09-09 09:46:06] Benchmark @train_ep   14500 (bench_eps: 2000)
[2025-09-09 09:46:06] Macro Winrate          :  40.3%
[2025-09-09 09:46:06] Macro Ø-Reward         :  1.907
[2025-09-09 09:46:06] Winrate vs max_combo   :  35.9% | Σ-Reward:  3688.0 | Ø-Reward:  1.844 | Places: [718 (0.36), 534 (0.27), 466 (0.23), 282 (0.14)]
[2025-09-09 09:46:06] Winrate vs random2     :  42.6% | Σ-Reward:  4171.0 | Ø-Reward:  2.086 | Places: [852 (0.43), 613 (0.31), 389 (0.19), 146 (0.07)]
[2025-09-09 09:46:06] Winrate vs single_only :  59.2% | Σ-Reward:  4527.0 | Ø-Reward:  2.264 | Places: [1184 (0.59), 320 (0.16), 335 (0.17), 161 (0.08)]
[2025-09-09 09:46:06] Winrate vs v_table     :  23.4% | Σ-Reward:  2873.0 | Ø-Reward:  1.437 | Places: [468 (0.23), 495 (0.25), 479 (0.24), 558 (0.28)]
[2025-09-09 09:46:08] Timing @ep 14500: episode 18.6s | train 0.012s | eval 16.8s | plot 1.7s | save 0.002s | cum 0.22h
[2025-09-09 09:46:37] 
[2025-09-09 09:46:37] Benchmark @train_ep   15000 (bench_eps: 2000)
[2025-09-09 09:46:37] Macro Winrate          :  40.3%
[2025-09-09 09:46:37] Macro Ø-Reward         :  1.900
[2025-09-09 09:46:37] Winrate vs max_combo   :  37.2% | Σ-Reward:  3673.0 | Ø-Reward:  1.837 | Places: [745 (0.37), 490 (0.24), 458 (0.23), 307 (0.15)]
[2025-09-09 09:46:37] Winrate vs random2     :  41.4% | Σ-Reward:  4144.0 | Ø-Reward:  2.072 | Places: [828 (0.41), 643 (0.32), 374 (0.19), 155 (0.08)]
[2025-09-09 09:46:37] Winrate vs single_only :  59.9% | Σ-Reward:  4553.0 | Ø-Reward:  2.276 | Places: [1198 (0.60), 318 (0.16), 323 (0.16), 161 (0.08)]
[2025-09-09 09:46:37] Winrate vs v_table     :  22.6% | Σ-Reward:  2831.0 | Ø-Reward:  1.415 | Places: [453 (0.23), 501 (0.25), 470 (0.23), 576 (0.29)]
[2025-09-09 09:46:38] Timing @ep 15000: episode 17.1s | train 0.012s | eval 15.5s | plot 1.6s | save 0.002s | cum 0.22h
[2025-09-09 09:47:07] 
[2025-09-09 09:47:07] Benchmark @train_ep   15500 (bench_eps: 2000)
[2025-09-09 09:47:07] Macro Winrate          :  40.3%
[2025-09-09 09:47:07] Macro Ø-Reward         :  1.883
[2025-09-09 09:47:07] Winrate vs max_combo   :  35.2% | Σ-Reward:  3588.0 | Ø-Reward:  1.794 | Places: [705 (0.35), 522 (0.26), 429 (0.21), 344 (0.17)]
[2025-09-09 09:47:07] Winrate vs random2     :  43.1% | Σ-Reward:  4143.0 | Ø-Reward:  2.071 | Places: [863 (0.43), 589 (0.29), 376 (0.19), 172 (0.09)]
[2025-09-09 09:47:07] Winrate vs single_only :  59.4% | Σ-Reward:  4537.0 | Ø-Reward:  2.268 | Places: [1187 (0.59), 319 (0.16), 338 (0.17), 156 (0.08)]
[2025-09-09 09:47:07] Winrate vs v_table     :  23.3% | Σ-Reward:  2796.0 | Ø-Reward:  1.398 | Places: [466 (0.23), 461 (0.23), 476 (0.24), 597 (0.30)]
[2025-09-09 09:47:09] Timing @ep 15500: episode 20.2s | train 0.032s | eval 18.5s | plot 1.7s | save 0.002s | cum 0.23h
[2025-09-09 09:47:37] 
[2025-09-09 09:47:37] Benchmark @train_ep   16000 (bench_eps: 2000)
[2025-09-09 09:47:37] Macro Winrate          :  42.0%
[2025-09-09 09:47:37] Macro Ø-Reward         :  1.914
[2025-09-09 09:47:37] Winrate vs max_combo   :  37.0% | Σ-Reward:  3630.0 | Ø-Reward:  1.815 | Places: [741 (0.37), 485 (0.24), 437 (0.22), 337 (0.17)]
[2025-09-09 09:47:37] Winrate vs random2     :  44.6% | Σ-Reward:  4194.0 | Ø-Reward:  2.097 | Places: [892 (0.45), 578 (0.29), 362 (0.18), 168 (0.08)]
[2025-09-09 09:47:37] Winrate vs single_only :  59.1% | Σ-Reward:  4506.0 | Ø-Reward:  2.253 | Places: [1183 (0.59), 299 (0.15), 359 (0.18), 159 (0.08)]
[2025-09-09 09:47:37] Winrate vs v_table     :  27.1% | Σ-Reward:  2979.0 | Ø-Reward:  1.490 | Places: [543 (0.27), 473 (0.24), 404 (0.20), 580 (0.29)]
[2025-09-09 09:47:38] Timing @ep 16000: episode 17.5s | train 0.007s | eval 15.7s | plot 1.7s | save 0.002s | cum 0.24h
[2025-09-09 09:48:07] 
[2025-09-09 09:48:07] Benchmark @train_ep   16500 (bench_eps: 2000)
[2025-09-09 09:48:07] Macro Winrate          :  39.7%
[2025-09-09 09:48:07] Macro Ø-Reward         :  1.889
[2025-09-09 09:48:07] Winrate vs max_combo   :  34.8% | Σ-Reward:  3640.0 | Ø-Reward:  1.820 | Places: [696 (0.35), 556 (0.28), 440 (0.22), 308 (0.15)]
[2025-09-09 09:48:07] Winrate vs random2     :  41.8% | Σ-Reward:  4180.0 | Ø-Reward:  2.090 | Places: [836 (0.42), 648 (0.32), 376 (0.19), 140 (0.07)]
[2025-09-09 09:48:07] Winrate vs single_only :  58.9% | Σ-Reward:  4498.0 | Ø-Reward:  2.249 | Places: [1178 (0.59), 306 (0.15), 352 (0.18), 164 (0.08)]
[2025-09-09 09:48:07] Winrate vs v_table     :  23.4% | Σ-Reward:  2798.0 | Ø-Reward:  1.399 | Places: [467 (0.23), 462 (0.23), 473 (0.24), 598 (0.30)]
[2025-09-09 09:48:09] Timing @ep 16500: episode 18.7s | train 0.020s | eval 16.9s | plot 1.8s | save 0.004s | cum 0.25h
[2025-09-09 09:48:35] 
[2025-09-09 09:48:35] Benchmark @train_ep   17000 (bench_eps: 2000)
[2025-09-09 09:48:35] Macro Winrate          :  38.3%
[2025-09-09 09:48:35] Macro Ø-Reward         :  1.863
[2025-09-09 09:48:35] Winrate vs max_combo   :  34.7% | Σ-Reward:  3666.0 | Ø-Reward:  1.833 | Places: [694 (0.35), 572 (0.29), 440 (0.22), 294 (0.15)]
[2025-09-09 09:48:35] Winrate vs random2     :  38.8% | Σ-Reward:  4057.0 | Ø-Reward:  2.029 | Places: [776 (0.39), 664 (0.33), 401 (0.20), 159 (0.08)]
[2025-09-09 09:48:35] Winrate vs single_only :  57.7% | Σ-Reward:  4447.0 | Ø-Reward:  2.224 | Places: [1154 (0.58), 318 (0.16), 349 (0.17), 179 (0.09)]
[2025-09-09 09:48:35] Winrate vs v_table     :  22.1% | Σ-Reward:  2732.0 | Ø-Reward:  1.366 | Places: [442 (0.22), 472 (0.24), 462 (0.23), 624 (0.31)]
[2025-09-09 09:48:37] Timing @ep 17000: episode 16.1s | train 0.025s | eval 14.4s | plot 1.7s | save 0.002s | cum 0.26h
[2025-09-09 09:49:06] 
[2025-09-09 09:49:06] Benchmark @train_ep   17500 (bench_eps: 2000)
[2025-09-09 09:49:06] Macro Winrate          :  41.8%
[2025-09-09 09:49:06] Macro Ø-Reward         :  1.916
[2025-09-09 09:49:06] Winrate vs max_combo   :  38.0% | Σ-Reward:  3676.0 | Ø-Reward:  1.838 | Places: [760 (0.38), 465 (0.23), 466 (0.23), 309 (0.15)]
[2025-09-09 09:49:06] Winrate vs random2     :  42.5% | Σ-Reward:  4155.0 | Ø-Reward:  2.078 | Places: [851 (0.43), 614 (0.31), 374 (0.19), 161 (0.08)]
[2025-09-09 09:49:06] Winrate vs single_only :  59.9% | Σ-Reward:  4552.0 | Ø-Reward:  2.276 | Places: [1197 (0.60), 307 (0.15), 347 (0.17), 149 (0.07)]
[2025-09-09 09:49:06] Winrate vs v_table     :  26.6% | Σ-Reward:  2947.0 | Ø-Reward:  1.474 | Places: [533 (0.27), 461 (0.23), 426 (0.21), 580 (0.29)]
[2025-09-09 09:49:07] Timing @ep 17500: episode 19.9s | train 0.025s | eval 18.1s | plot 1.7s | save 0.002s | cum 0.27h
[2025-09-09 09:49:35] 
[2025-09-09 09:49:35] Benchmark @train_ep   18000 (bench_eps: 2000)
[2025-09-09 09:49:35] Macro Winrate          :  41.6%
[2025-09-09 09:49:35] Macro Ø-Reward         :  1.915
[2025-09-09 09:49:35] Winrate vs max_combo   :  36.0% | Σ-Reward:  3585.0 | Ø-Reward:  1.792 | Places: [721 (0.36), 506 (0.25), 410 (0.20), 363 (0.18)]
[2025-09-09 09:49:35] Winrate vs random2     :  42.9% | Σ-Reward:  4180.0 | Ø-Reward:  2.090 | Places: [858 (0.43), 617 (0.31), 372 (0.19), 153 (0.08)]
[2025-09-09 09:49:35] Winrate vs single_only :  62.3% | Σ-Reward:  4650.0 | Ø-Reward:  2.325 | Places: [1246 (0.62), 305 (0.15), 302 (0.15), 147 (0.07)]
[2025-09-09 09:49:35] Winrate vs v_table     :  25.2% | Σ-Reward:  2902.0 | Ø-Reward:  1.451 | Places: [504 (0.25), 463 (0.23), 464 (0.23), 569 (0.28)]
[2025-09-09 09:49:37] Timing @ep 18000: episode 18.1s | train 0.019s | eval 16.5s | plot 1.6s | save 0.002s | cum 0.27h
[2025-09-09 09:50:02] 
[2025-09-09 09:50:02] Benchmark @train_ep   18500 (bench_eps: 2000)
[2025-09-09 09:50:02] Macro Winrate          :  41.2%
[2025-09-09 09:50:02] Macro Ø-Reward         :  1.918
[2025-09-09 09:50:02] Winrate vs max_combo   :  38.8% | Σ-Reward:  3764.0 | Ø-Reward:  1.882 | Places: [776 (0.39), 503 (0.25), 430 (0.21), 291 (0.15)]
[2025-09-09 09:50:02] Winrate vs random2     :  42.5% | Σ-Reward:  4151.0 | Ø-Reward:  2.075 | Places: [849 (0.42), 617 (0.31), 370 (0.18), 164 (0.08)]
[2025-09-09 09:50:02] Winrate vs single_only :  59.5% | Σ-Reward:  4549.0 | Ø-Reward:  2.275 | Places: [1189 (0.59), 314 (0.16), 354 (0.18), 143 (0.07)]
[2025-09-09 09:50:02] Winrate vs v_table     :  24.2% | Σ-Reward:  2877.0 | Ø-Reward:  1.438 | Places: [484 (0.24), 481 (0.24), 463 (0.23), 572 (0.29)]
[2025-09-09 09:50:04] Timing @ep 18500: episode 16.9s | train 0.017s | eval 15.1s | plot 1.8s | save 0.002s | cum 0.28h
[2025-09-09 09:50:30] 
[2025-09-09 09:50:30] Benchmark @train_ep   19000 (bench_eps: 2000)
[2025-09-09 09:50:30] Macro Winrate          :  41.7%
[2025-09-09 09:50:30] Macro Ø-Reward         :  1.913
[2025-09-09 09:50:30] Winrate vs max_combo   :  37.5% | Σ-Reward:  3649.0 | Ø-Reward:  1.825 | Places: [749 (0.37), 474 (0.24), 454 (0.23), 323 (0.16)]
[2025-09-09 09:50:30] Winrate vs random2     :  42.6% | Σ-Reward:  4173.0 | Ø-Reward:  2.087 | Places: [853 (0.43), 620 (0.31), 374 (0.19), 153 (0.08)]
[2025-09-09 09:50:30] Winrate vs single_only :  62.8% | Σ-Reward:  4687.0 | Ø-Reward:  2.344 | Places: [1256 (0.63), 304 (0.15), 311 (0.16), 129 (0.06)]
[2025-09-09 09:50:30] Winrate vs v_table     :  24.0% | Σ-Reward:  2791.0 | Ø-Reward:  1.395 | Places: [480 (0.24), 433 (0.22), 485 (0.24), 602 (0.30)]
[2025-09-09 09:50:32] Timing @ep 19000: episode 16.7s | train 0.019s | eval 14.9s | plot 1.7s | save 0.002s | cum 0.29h
[2025-09-09 09:51:03] 
[2025-09-09 09:51:03] Benchmark @train_ep   19500 (bench_eps: 2000)
[2025-09-09 09:51:03] Macro Winrate          :  42.0%
[2025-09-09 09:51:03] Macro Ø-Reward         :  1.911
[2025-09-09 09:51:03] Winrate vs max_combo   :  38.8% | Σ-Reward:  3723.0 | Ø-Reward:  1.861 | Places: [775 (0.39), 481 (0.24), 436 (0.22), 308 (0.15)]
[2025-09-09 09:51:03] Winrate vs random2     :  43.3% | Σ-Reward:  4166.0 | Ø-Reward:  2.083 | Places: [866 (0.43), 594 (0.30), 380 (0.19), 160 (0.08)]
[2025-09-09 09:51:03] Winrate vs single_only :  58.9% | Σ-Reward:  4464.0 | Ø-Reward:  2.232 | Places: [1178 (0.59), 284 (0.14), 362 (0.18), 176 (0.09)]
[2025-09-09 09:51:03] Winrate vs v_table     :  27.1% | Σ-Reward:  2937.0 | Ø-Reward:  1.468 | Places: [543 (0.27), 428 (0.21), 452 (0.23), 577 (0.29)]
[2025-09-09 09:51:05] Timing @ep 19500: episode 22.2s | train 0.017s | eval 20.5s | plot 1.7s | save 0.002s | cum 0.30h
[2025-09-09 09:51:35] 
[2025-09-09 09:51:35] Benchmark @train_ep   20000 (bench_eps: 2000)
[2025-09-09 09:51:35] Macro Winrate          :  42.6%
[2025-09-09 09:51:35] Macro Ø-Reward         :  1.936
[2025-09-09 09:51:35] Winrate vs max_combo   :  37.6% | Σ-Reward:  3689.0 | Ø-Reward:  1.845 | Places: [752 (0.38), 513 (0.26), 407 (0.20), 328 (0.16)]
[2025-09-09 09:51:35] Winrate vs random2     :  44.5% | Σ-Reward:  4210.0 | Ø-Reward:  2.105 | Places: [890 (0.45), 589 (0.29), 362 (0.18), 159 (0.08)]
[2025-09-09 09:51:35] Winrate vs single_only :  62.4% | Σ-Reward:  4614.0 | Ø-Reward:  2.307 | Places: [1247 (0.62), 278 (0.14), 317 (0.16), 158 (0.08)]
[2025-09-09 09:51:35] Winrate vs v_table     :  25.9% | Σ-Reward:  2978.0 | Ø-Reward:  1.489 | Places: [519 (0.26), 491 (0.25), 439 (0.22), 551 (0.28)]
[2025-09-09 09:51:37] Timing @ep 20000: episode 17.8s | train 0.026s | eval 16.0s | plot 1.7s | save 0.003s | cum 0.31h
[2025-09-09 09:51:37] Opponent-Usage gespeichert: /home/wasterix/OpenSpiel/open_spiel/President/models/k1a2/model_09/plots/opponent_usage.csv
[2025-09-09 09:51:37] 
[2025-09-09 09:51:37] Gesamtzeit: 0.31h (~ 18.08 eps/s)
[2025-09-09 09:51:37] k1a2, Single Agent vs Population. Training abgeschlossen.
[2025-09-09 09:51:37] Path: /home/wasterix/OpenSpiel/open_spiel/President/models/k1a2/model_09
