[2025-09-03 14:32:28] New Training (k1a1)
[2025-09-03 14:32:28] Deck_Size: 16
[2025-09-03 14:32:28] Episodes: 100000
[2025-09-03 14:32:28] Path: /home/wasterix/OpenSpiel/open_spiel/President/models/k1a1/model_04
[2025-09-03 14:32:57] 
[2025-09-03 14:32:57] Benchmark @train_ep    2000 (bench_eps: 2000)
[2025-09-03 14:32:57] Macro Winrate          :  36.8%
[2025-09-03 14:32:57] Macro Ø-Reward         :  1.766
[2025-09-03 14:32:57] Winrate vs max_combo   :  26.8% | Σ-Reward:  3016.0 | Ø-Reward:  1.508 | Places: [535 (0.27), 467 (0.23), 477 (0.24), 521 (0.26)]
[2025-09-03 14:32:57] Winrate vs random2     :  29.9% | Σ-Reward:  3443.0 | Ø-Reward:  1.722 | Places: [599 (0.30), 583 (0.29), 480 (0.24), 338 (0.17)]
[2025-09-03 14:32:57] Winrate vs single_only :  53.7% | Σ-Reward:  4138.0 | Ø-Reward:  2.069 | Places: [1074 (0.54), 259 (0.13), 398 (0.20), 269 (0.13)]
[2025-09-03 14:32:58] Timing @ep 2000: episode 16.6s | train 0.002s | eval 15.2s | plot 1.4s | save 0.004s | cum 0.01h
[2025-09-03 14:33:31] 
[2025-09-03 14:33:31] Benchmark @train_ep    4000 (bench_eps: 2000)
[2025-09-03 14:33:31] Macro Winrate          :  39.4%
[2025-09-03 14:33:31] Macro Ø-Reward         :  1.867
[2025-09-03 14:33:31] Winrate vs max_combo   :  28.6% | Σ-Reward:  3223.0 | Ø-Reward:  1.611 | Places: [571 (0.29), 525 (0.26), 460 (0.23), 444 (0.22)]
[2025-09-03 14:33:31] Winrate vs random2     :  36.0% | Σ-Reward:  3733.0 | Ø-Reward:  1.867 | Places: [719 (0.36), 570 (0.28), 436 (0.22), 275 (0.14)]
[2025-09-03 14:33:31] Winrate vs single_only :  53.8% | Σ-Reward:  4244.0 | Ø-Reward:  2.122 | Places: [1075 (0.54), 314 (0.16), 391 (0.20), 220 (0.11)]
[2025-09-03 14:33:32] Timing @ep 4000: episode 18.4s | train 0.003s | eval 17.2s | plot 1.3s | save 0.002s | cum 0.02h
[2025-09-03 14:34:11] 
[2025-09-03 14:34:11] Benchmark @train_ep    6000 (bench_eps: 2000)
[2025-09-03 14:34:11] Macro Winrate          :  40.4%
[2025-09-03 14:34:11] Macro Ø-Reward         :  1.855
[2025-09-03 14:34:11] Winrate vs max_combo   :  31.4% | Σ-Reward:  3287.0 | Ø-Reward:  1.643 | Places: [629 (0.31), 490 (0.24), 420 (0.21), 461 (0.23)]
[2025-09-03 14:34:11] Winrate vs random2     :  34.9% | Σ-Reward:  3611.0 | Ø-Reward:  1.806 | Places: [697 (0.35), 536 (0.27), 448 (0.22), 319 (0.16)]
[2025-09-03 14:34:11] Winrate vs single_only :  55.0% | Σ-Reward:  4231.0 | Ø-Reward:  2.115 | Places: [1100 (0.55), 277 (0.14), 377 (0.19), 246 (0.12)]
[2025-09-03 14:34:13] Timing @ep 6000: episode 22.3s | train 0.004s | eval 20.8s | plot 1.5s | save 0.001s | cum 0.03h
[2025-09-03 14:34:54] 
[2025-09-03 14:34:54] Benchmark @train_ep    8000 (bench_eps: 2000)
[2025-09-03 14:34:54] Macro Winrate          :  38.9%
[2025-09-03 14:34:54] Macro Ø-Reward         :  1.846
[2025-09-03 14:34:54] Winrate vs max_combo   :  28.4% | Σ-Reward:  3139.0 | Ø-Reward:  1.569 | Places: [568 (0.28), 494 (0.25), 447 (0.22), 491 (0.25)]
[2025-09-03 14:34:54] Winrate vs random2     :  35.4% | Σ-Reward:  3691.0 | Ø-Reward:  1.845 | Places: [707 (0.35), 575 (0.29), 420 (0.21), 298 (0.15)]
[2025-09-03 14:34:54] Winrate vs single_only :  53.1% | Σ-Reward:  4247.0 | Ø-Reward:  2.123 | Places: [1062 (0.53), 361 (0.18), 339 (0.17), 238 (0.12)]
[2025-09-03 14:34:56] Timing @ep 8000: episode 21.3s | train 0.005s | eval 19.8s | plot 1.5s | save 0.003s | cum 0.04h
[2025-09-03 14:35:35] 
[2025-09-03 14:35:35] Benchmark @train_ep   10000 (bench_eps: 2000)
[2025-09-03 14:35:35] Macro Winrate          :  39.3%
[2025-09-03 14:35:35] Macro Ø-Reward         :  1.891
[2025-09-03 14:35:35] Winrate vs max_combo   :  30.4% | Σ-Reward:  3332.0 | Ø-Reward:  1.666 | Places: [609 (0.30), 509 (0.25), 487 (0.24), 395 (0.20)]
[2025-09-03 14:35:35] Winrate vs random2     :  36.6% | Σ-Reward:  3839.0 | Ø-Reward:  1.919 | Places: [732 (0.37), 613 (0.31), 417 (0.21), 238 (0.12)]
[2025-09-03 14:35:35] Winrate vs single_only :  50.8% | Σ-Reward:  4174.0 | Ø-Reward:  2.087 | Places: [1016 (0.51), 363 (0.18), 400 (0.20), 221 (0.11)]
[2025-09-03 14:35:37] Timing @ep 10000: episode 20.6s | train 0.003s | eval 19.1s | plot 1.5s | save 0.002s | cum 0.05h
[2025-09-03 14:36:10] 
[2025-09-03 14:36:10] Benchmark @train_ep   12000 (bench_eps: 2000)
[2025-09-03 14:36:10] Macro Winrate          :  37.7%
[2025-09-03 14:36:10] Macro Ø-Reward         :  1.829
[2025-09-03 14:36:10] Winrate vs max_combo   :  31.2% | Σ-Reward:  3353.0 | Ø-Reward:  1.677 | Places: [625 (0.31), 515 (0.26), 448 (0.22), 412 (0.21)]
[2025-09-03 14:36:10] Winrate vs random2     :  33.0% | Σ-Reward:  3632.0 | Ø-Reward:  1.816 | Places: [661 (0.33), 572 (0.29), 505 (0.25), 262 (0.13)]
[2025-09-03 14:36:10] Winrate vs single_only :  48.7% | Σ-Reward:  3989.0 | Ø-Reward:  1.994 | Places: [974 (0.49), 312 (0.16), 443 (0.22), 271 (0.14)]
[2025-09-03 14:36:11] Timing @ep 12000: episode 18.4s | train 0.003s | eval 16.9s | plot 1.5s | save 0.001s | cum 0.06h
[2025-09-03 14:36:48] 
[2025-09-03 14:36:48] Benchmark @train_ep   14000 (bench_eps: 2000)
[2025-09-03 14:36:48] Macro Winrate          :  38.9%
[2025-09-03 14:36:48] Macro Ø-Reward         :  1.853
[2025-09-03 14:36:48] Winrate vs max_combo   :  28.7% | Σ-Reward:  3187.0 | Ø-Reward:  1.593 | Places: [574 (0.29), 480 (0.24), 505 (0.25), 441 (0.22)]
[2025-09-03 14:36:48] Winrate vs random2     :  36.3% | Σ-Reward:  3744.0 | Ø-Reward:  1.872 | Places: [726 (0.36), 568 (0.28), 430 (0.21), 276 (0.14)]
[2025-09-03 14:36:48] Winrate vs single_only :  51.8% | Σ-Reward:  4185.0 | Ø-Reward:  2.092 | Places: [1035 (0.52), 346 (0.17), 388 (0.19), 231 (0.12)]
[2025-09-03 14:36:50] Timing @ep 14000: episode 18.3s | train 0.003s | eval 16.6s | plot 1.6s | save 0.001s | cum 0.07h
[2025-09-03 14:37:22] 
[2025-09-03 14:37:22] Benchmark @train_ep   16000 (bench_eps: 2000)
[2025-09-03 14:37:22] Macro Winrate          :  37.3%
[2025-09-03 14:37:22] Macro Ø-Reward         :  1.850
[2025-09-03 14:37:22] Winrate vs max_combo   :  28.4% | Σ-Reward:  3255.0 | Ø-Reward:  1.627 | Places: [567 (0.28), 543 (0.27), 468 (0.23), 422 (0.21)]
[2025-09-03 14:37:22] Winrate vs random2     :  32.8% | Σ-Reward:  3667.0 | Ø-Reward:  1.833 | Places: [655 (0.33), 638 (0.32), 426 (0.21), 281 (0.14)]
[2025-09-03 14:37:22] Winrate vs single_only :  50.9% | Σ-Reward:  4180.0 | Ø-Reward:  2.090 | Places: [1018 (0.51), 358 (0.18), 410 (0.20), 214 (0.11)]
[2025-09-03 14:37:24] Timing @ep 16000: episode 18.6s | train 0.003s | eval 16.8s | plot 1.8s | save 0.003s | cum 0.08h
[2025-09-03 14:37:57] 
[2025-09-03 14:37:57] Benchmark @train_ep   18000 (bench_eps: 2000)
[2025-09-03 14:37:57] Macro Winrate          :  38.5%
[2025-09-03 14:37:57] Macro Ø-Reward         :  1.869
[2025-09-03 14:37:57] Winrate vs max_combo   :  28.6% | Σ-Reward:  3264.0 | Ø-Reward:  1.632 | Places: [572 (0.29), 520 (0.26), 508 (0.25), 400 (0.20)]
[2025-09-03 14:37:57] Winrate vs random2     :  35.4% | Σ-Reward:  3828.0 | Ø-Reward:  1.914 | Places: [708 (0.35), 628 (0.31), 448 (0.22), 216 (0.11)]
[2025-09-03 14:37:57] Winrate vs single_only :  51.5% | Σ-Reward:  4123.0 | Ø-Reward:  2.062 | Places: [1030 (0.52), 305 (0.15), 423 (0.21), 242 (0.12)]
[2025-09-03 14:37:58] Timing @ep 18000: episode 18.3s | train 0.003s | eval 16.9s | plot 1.4s | save 0.001s | cum 0.09h
[2025-09-03 14:38:32] 
[2025-09-03 14:38:32] Benchmark @train_ep   20000 (bench_eps: 2000)
[2025-09-03 14:38:32] Macro Winrate          :  38.1%
[2025-09-03 14:38:32] Macro Ø-Reward         :  1.845
[2025-09-03 14:38:32] Winrate vs max_combo   :  30.4% | Σ-Reward:  3302.0 | Ø-Reward:  1.651 | Places: [608 (0.30), 522 (0.26), 434 (0.22), 436 (0.22)]
[2025-09-03 14:38:32] Winrate vs random2     :  34.9% | Σ-Reward:  3709.0 | Ø-Reward:  1.855 | Places: [697 (0.35), 606 (0.30), 406 (0.20), 291 (0.15)]
[2025-09-03 14:38:32] Winrate vs single_only :  49.0% | Σ-Reward:  4056.0 | Ø-Reward:  2.028 | Places: [981 (0.49), 357 (0.18), 399 (0.20), 263 (0.13)]
[2025-09-03 14:38:33] Timing @ep 20000: episode 18.8s | train 0.003s | eval 17.3s | plot 1.5s | save 0.002s | cum 0.10h
[2025-09-03 14:39:08] 
[2025-09-03 14:39:08] Benchmark @train_ep   22000 (bench_eps: 2000)
[2025-09-03 14:39:08] Macro Winrate          :  37.8%
[2025-09-03 14:39:08] Macro Ø-Reward         :  1.827
[2025-09-03 14:39:08] Winrate vs max_combo   :  29.1% | Σ-Reward:  3216.0 | Ø-Reward:  1.608 | Places: [583 (0.29), 485 (0.24), 497 (0.25), 435 (0.22)]
[2025-09-03 14:39:08] Winrate vs random2     :  34.9% | Σ-Reward:  3643.0 | Ø-Reward:  1.821 | Places: [698 (0.35), 546 (0.27), 457 (0.23), 299 (0.15)]
[2025-09-03 14:39:08] Winrate vs single_only :  49.5% | Σ-Reward:  4105.0 | Ø-Reward:  2.053 | Places: [989 (0.49), 376 (0.19), 386 (0.19), 249 (0.12)]
[2025-09-03 14:39:09] Timing @ep 22000: episode 19.7s | train 0.003s | eval 18.1s | plot 1.6s | save 0.002s | cum 0.11h
[2025-09-03 14:39:42] 
[2025-09-03 14:39:42] Benchmark @train_ep   24000 (bench_eps: 2000)
[2025-09-03 14:39:42] Macro Winrate          :  35.8%
[2025-09-03 14:39:42] Macro Ø-Reward         :  1.790
[2025-09-03 14:39:42] Winrate vs max_combo   :  29.2% | Σ-Reward:  3261.0 | Ø-Reward:  1.631 | Places: [585 (0.29), 532 (0.27), 442 (0.22), 441 (0.22)]
[2025-09-03 14:39:42] Winrate vs random2     :  33.1% | Σ-Reward:  3628.0 | Ø-Reward:  1.814 | Places: [662 (0.33), 579 (0.29), 484 (0.24), 275 (0.14)]
[2025-09-03 14:39:42] Winrate vs single_only :  45.1% | Σ-Reward:  3853.0 | Ø-Reward:  1.927 | Places: [903 (0.45), 336 (0.17), 472 (0.24), 289 (0.14)]
[2025-09-03 14:39:43] Timing @ep 24000: episode 18.2s | train 0.003s | eval 16.9s | plot 1.3s | save 0.001s | cum 0.12h
[2025-09-03 14:40:17] 
[2025-09-03 14:40:17] Benchmark @train_ep   26000 (bench_eps: 2000)
[2025-09-03 14:40:17] Macro Winrate          :  41.3%
[2025-09-03 14:40:17] Macro Ø-Reward         :  1.921
[2025-09-03 14:40:17] Winrate vs max_combo   :  32.1% | Σ-Reward:  3375.0 | Ø-Reward:  1.688 | Places: [643 (0.32), 510 (0.26), 426 (0.21), 421 (0.21)]
[2025-09-03 14:40:17] Winrate vs random2     :  38.5% | Σ-Reward:  3889.0 | Ø-Reward:  1.944 | Places: [769 (0.38), 586 (0.29), 410 (0.20), 235 (0.12)]
[2025-09-03 14:40:17] Winrate vs single_only :  53.2% | Σ-Reward:  4263.0 | Ø-Reward:  2.131 | Places: [1064 (0.53), 323 (0.16), 425 (0.21), 188 (0.09)]
[2025-09-03 14:40:19] Timing @ep 26000: episode 18.2s | train 0.004s | eval 16.8s | plot 1.4s | save 0.002s | cum 0.13h
[2025-09-03 14:40:53] 
[2025-09-03 14:40:53] Benchmark @train_ep   28000 (bench_eps: 2000)
[2025-09-03 14:40:53] Macro Winrate          :  39.0%
[2025-09-03 14:40:53] Macro Ø-Reward         :  1.886
[2025-09-03 14:40:53] Winrate vs max_combo   :  30.4% | Σ-Reward:  3382.0 | Ø-Reward:  1.691 | Places: [608 (0.30), 550 (0.28), 458 (0.23), 384 (0.19)]
[2025-09-03 14:40:53] Winrate vs random2     :  37.0% | Σ-Reward:  3837.0 | Ø-Reward:  1.919 | Places: [740 (0.37), 591 (0.30), 435 (0.22), 234 (0.12)]
[2025-09-03 14:40:53] Winrate vs single_only :  49.5% | Σ-Reward:  4100.0 | Ø-Reward:  2.050 | Places: [991 (0.50), 340 (0.17), 447 (0.22), 222 (0.11)]
[2025-09-03 14:40:54] Timing @ep 28000: episode 18.6s | train 0.003s | eval 17.3s | plot 1.4s | save 0.001s | cum 0.14h
[2025-09-03 14:41:27] 
[2025-09-03 14:41:27] Benchmark @train_ep   30000 (bench_eps: 2000)
[2025-09-03 14:41:27] Macro Winrate          :  41.9%
[2025-09-03 14:41:27] Macro Ø-Reward         :  1.915
[2025-09-03 14:41:27] Winrate vs max_combo   :  34.2% | Σ-Reward:  3463.0 | Ø-Reward:  1.732 | Places: [685 (0.34), 485 (0.24), 438 (0.22), 392 (0.20)]
[2025-09-03 14:41:27] Winrate vs random2     :  36.1% | Σ-Reward:  3743.0 | Ø-Reward:  1.871 | Places: [722 (0.36), 572 (0.29), 433 (0.22), 273 (0.14)]
[2025-09-03 14:41:27] Winrate vs single_only :  55.3% | Σ-Reward:  4287.0 | Ø-Reward:  2.143 | Places: [1106 (0.55), 291 (0.15), 387 (0.19), 216 (0.11)]
[2025-09-03 14:41:28] Timing @ep 30000: episode 18.1s | train 0.003s | eval 16.7s | plot 1.4s | save 0.001s | cum 0.15h
[2025-09-03 14:42:00] 
[2025-09-03 14:42:00] Benchmark @train_ep   32000 (bench_eps: 2000)
[2025-09-03 14:42:00] Macro Winrate          :  42.8%
[2025-09-03 14:42:00] Macro Ø-Reward         :  1.919
[2025-09-03 14:42:00] Winrate vs max_combo   :  33.0% | Σ-Reward:  3410.0 | Ø-Reward:  1.705 | Places: [661 (0.33), 485 (0.24), 457 (0.23), 397 (0.20)]
[2025-09-03 14:42:00] Winrate vs random2     :  35.3% | Σ-Reward:  3674.0 | Ø-Reward:  1.837 | Places: [706 (0.35), 556 (0.28), 444 (0.22), 294 (0.15)]
[2025-09-03 14:42:00] Winrate vs single_only :  60.1% | Σ-Reward:  4432.0 | Ø-Reward:  2.216 | Places: [1203 (0.60), 255 (0.13), 313 (0.16), 229 (0.11)]
[2025-09-03 14:42:02] Timing @ep 32000: episode 17.4s | train 0.004s | eval 15.9s | plot 1.5s | save 0.002s | cum 0.16h
[2025-09-03 14:42:37] 
[2025-09-03 14:42:37] Benchmark @train_ep   34000 (bench_eps: 2000)
[2025-09-03 14:42:37] Macro Winrate          :  38.2%
[2025-09-03 14:42:37] Macro Ø-Reward         :  1.870
[2025-09-03 14:42:37] Winrate vs max_combo   :  30.0% | Σ-Reward:  3326.0 | Ø-Reward:  1.663 | Places: [600 (0.30), 537 (0.27), 452 (0.23), 411 (0.21)]
[2025-09-03 14:42:37] Winrate vs random2     :  35.0% | Σ-Reward:  3782.0 | Ø-Reward:  1.891 | Places: [700 (0.35), 641 (0.32), 400 (0.20), 259 (0.13)]
[2025-09-03 14:42:37] Winrate vs single_only :  49.5% | Σ-Reward:  4110.0 | Ø-Reward:  2.055 | Places: [991 (0.50), 360 (0.18), 417 (0.21), 232 (0.12)]
[2025-09-03 14:42:38] Timing @ep 34000: episode 19.8s | train 0.003s | eval 18.4s | plot 1.4s | save 0.001s | cum 0.17h
[2025-09-03 14:43:11] 
[2025-09-03 14:43:11] Benchmark @train_ep   36000 (bench_eps: 2000)
[2025-09-03 14:43:11] Macro Winrate          :  40.3%
[2025-09-03 14:43:11] Macro Ø-Reward         :  1.886
[2025-09-03 14:43:11] Winrate vs max_combo   :  31.4% | Σ-Reward:  3344.0 | Ø-Reward:  1.672 | Places: [628 (0.31), 496 (0.25), 468 (0.23), 408 (0.20)]
[2025-09-03 14:43:11] Winrate vs random2     :  36.5% | Σ-Reward:  3769.0 | Ø-Reward:  1.885 | Places: [729 (0.36), 575 (0.29), 432 (0.22), 264 (0.13)]
[2025-09-03 14:43:11] Winrate vs single_only :  53.0% | Σ-Reward:  4205.0 | Ø-Reward:  2.103 | Places: [1061 (0.53), 315 (0.16), 392 (0.20), 232 (0.12)]
[2025-09-03 14:43:12] Timing @ep 36000: episode 18.7s | train 0.003s | eval 17.2s | plot 1.5s | save 0.002s | cum 0.18h
[2025-09-03 14:43:45] 
[2025-09-03 14:43:45] Benchmark @train_ep   38000 (bench_eps: 2000)
[2025-09-03 14:43:45] Macro Winrate          :  41.8%
[2025-09-03 14:43:45] Macro Ø-Reward         :  1.920
[2025-09-03 14:43:45] Winrate vs max_combo   :  33.7% | Σ-Reward:  3465.0 | Ø-Reward:  1.732 | Places: [674 (0.34), 494 (0.25), 455 (0.23), 377 (0.19)]
[2025-09-03 14:43:45] Winrate vs random2     :  37.6% | Σ-Reward:  3794.0 | Ø-Reward:  1.897 | Places: [753 (0.38), 562 (0.28), 411 (0.21), 274 (0.14)]
[2025-09-03 14:43:45] Winrate vs single_only :  54.0% | Σ-Reward:  4264.0 | Ø-Reward:  2.132 | Places: [1080 (0.54), 309 (0.15), 406 (0.20), 205 (0.10)]
[2025-09-03 14:43:47] Timing @ep 38000: episode 18.2s | train 0.003s | eval 16.7s | plot 1.4s | save 0.002s | cum 0.19h
[2025-09-03 14:44:20] 
[2025-09-03 14:44:20] Benchmark @train_ep   40000 (bench_eps: 2000)
[2025-09-03 14:44:20] Macro Winrate          :  39.0%
[2025-09-03 14:44:20] Macro Ø-Reward         :  1.860
[2025-09-03 14:44:20] Winrate vs max_combo   :  30.9% | Σ-Reward:  3312.0 | Ø-Reward:  1.656 | Places: [619 (0.31), 481 (0.24), 493 (0.25), 407 (0.20)]
[2025-09-03 14:44:20] Winrate vs random2     :  36.8% | Σ-Reward:  3749.0 | Ø-Reward:  1.875 | Places: [735 (0.37), 535 (0.27), 474 (0.24), 256 (0.13)]
[2025-09-03 14:44:20] Winrate vs single_only :  49.2% | Σ-Reward:  4098.0 | Ø-Reward:  2.049 | Places: [984 (0.49), 361 (0.18), 424 (0.21), 231 (0.12)]
[2025-09-03 14:44:22] Timing @ep 40000: episode 18.7s | train 0.003s | eval 17.0s | plot 1.7s | save 0.002s | cum 0.20h
[2025-09-03 14:44:55] 
[2025-09-03 14:44:55] Benchmark @train_ep   42000 (bench_eps: 2000)
[2025-09-03 14:44:55] Macro Winrate          :  41.5%
[2025-09-03 14:44:55] Macro Ø-Reward         :  1.917
[2025-09-03 14:44:55] Winrate vs max_combo   :  31.6% | Σ-Reward:  3348.0 | Ø-Reward:  1.674 | Places: [632 (0.32), 495 (0.25), 462 (0.23), 411 (0.21)]
[2025-09-03 14:44:55] Winrate vs random2     :  39.0% | Σ-Reward:  3903.0 | Ø-Reward:  1.952 | Places: [781 (0.39), 577 (0.29), 406 (0.20), 236 (0.12)]
[2025-09-03 14:44:55] Winrate vs single_only :  53.8% | Σ-Reward:  4250.0 | Ø-Reward:  2.125 | Places: [1076 (0.54), 311 (0.16), 400 (0.20), 213 (0.11)]
[2025-09-03 14:44:57] Timing @ep 42000: episode 18.4s | train 0.003s | eval 16.9s | plot 1.4s | save 0.001s | cum 0.21h
[2025-09-03 14:45:29] 
[2025-09-03 14:45:29] Benchmark @train_ep   44000 (bench_eps: 2000)
[2025-09-03 14:45:29] Macro Winrate          :  42.2%
[2025-09-03 14:45:29] Macro Ø-Reward         :  1.939
[2025-09-03 14:45:29] Winrate vs max_combo   :  33.4% | Σ-Reward:  3407.0 | Ø-Reward:  1.704 | Places: [667 (0.33), 467 (0.23), 472 (0.24), 394 (0.20)]
[2025-09-03 14:45:29] Winrate vs random2     :  37.6% | Σ-Reward:  3898.0 | Ø-Reward:  1.949 | Places: [753 (0.38), 614 (0.31), 411 (0.21), 222 (0.11)]
[2025-09-03 14:45:29] Winrate vs single_only :  55.6% | Σ-Reward:  4328.0 | Ø-Reward:  2.164 | Places: [1113 (0.56), 306 (0.15), 377 (0.19), 204 (0.10)]
[2025-09-03 14:45:31] Timing @ep 44000: episode 17.7s | train 0.003s | eval 16.4s | plot 1.3s | save 0.001s | cum 0.22h
[2025-09-03 14:46:04] 
[2025-09-03 14:46:04] Benchmark @train_ep   46000 (bench_eps: 2000)
[2025-09-03 14:46:04] Macro Winrate          :  41.8%
[2025-09-03 14:46:04] Macro Ø-Reward         :  1.921
[2025-09-03 14:46:04] Winrate vs max_combo   :  32.1% | Σ-Reward:  3392.0 | Ø-Reward:  1.696 | Places: [643 (0.32), 485 (0.24), 493 (0.25), 379 (0.19)]
[2025-09-03 14:46:04] Winrate vs random2     :  36.7% | Σ-Reward:  3837.0 | Ø-Reward:  1.919 | Places: [734 (0.37), 611 (0.31), 413 (0.21), 242 (0.12)]
[2025-09-03 14:46:04] Winrate vs single_only :  56.5% | Σ-Reward:  4299.0 | Ø-Reward:  2.150 | Places: [1130 (0.56), 280 (0.14), 349 (0.17), 241 (0.12)]
[2025-09-03 14:46:06] Timing @ep 46000: episode 18.7s | train 0.003s | eval 17.3s | plot 1.3s | save 0.002s | cum 0.23h
[2025-09-03 14:46:39] 
[2025-09-03 14:46:39] Benchmark @train_ep   48000 (bench_eps: 2000)
[2025-09-03 14:46:39] Macro Winrate          :  38.5%
[2025-09-03 14:46:39] Macro Ø-Reward         :  1.887
[2025-09-03 14:46:39] Winrate vs max_combo   :  30.2% | Σ-Reward:  3372.0 | Ø-Reward:  1.686 | Places: [605 (0.30), 550 (0.28), 457 (0.23), 388 (0.19)]
[2025-09-03 14:46:39] Winrate vs random2     :  35.6% | Σ-Reward:  3833.0 | Ø-Reward:  1.917 | Places: [712 (0.36), 638 (0.32), 421 (0.21), 229 (0.11)]
[2025-09-03 14:46:39] Winrate vs single_only :  49.7% | Σ-Reward:  4116.0 | Ø-Reward:  2.058 | Places: [994 (0.50), 366 (0.18), 402 (0.20), 238 (0.12)]
[2025-09-03 14:46:40] Timing @ep 48000: episode 18.4s | train 0.007s | eval 17.0s | plot 1.4s | save 0.002s | cum 0.24h
[2025-09-03 14:47:15] 
[2025-09-03 14:47:15] Benchmark @train_ep   50000 (bench_eps: 2000)
[2025-09-03 14:47:15] Macro Winrate          :  41.0%
[2025-09-03 14:47:15] Macro Ø-Reward         :  1.920
[2025-09-03 14:47:15] Winrate vs max_combo   :  33.0% | Σ-Reward:  3461.0 | Ø-Reward:  1.730 | Places: [661 (0.33), 510 (0.26), 458 (0.23), 371 (0.19)]
[2025-09-03 14:47:15] Winrate vs random2     :  35.7% | Σ-Reward:  3791.0 | Ø-Reward:  1.895 | Places: [714 (0.36), 600 (0.30), 449 (0.22), 237 (0.12)]
[2025-09-03 14:47:15] Winrate vs single_only :  54.1% | Σ-Reward:  4267.0 | Ø-Reward:  2.134 | Places: [1083 (0.54), 312 (0.16), 394 (0.20), 211 (0.11)]
[2025-09-03 14:47:17] Timing @ep 50000: episode 19.9s | train 0.003s | eval 18.2s | plot 1.6s | save 0.001s | cum 0.25h
[2025-09-03 14:47:51] 
[2025-09-03 14:47:51] Benchmark @train_ep   52000 (bench_eps: 2000)
[2025-09-03 14:47:51] Macro Winrate          :  41.2%
[2025-09-03 14:47:51] Macro Ø-Reward         :  1.936
[2025-09-03 14:47:51] Winrate vs max_combo   :  31.4% | Σ-Reward:  3408.0 | Ø-Reward:  1.704 | Places: [627 (0.31), 541 (0.27), 445 (0.22), 387 (0.19)]
[2025-09-03 14:47:51] Winrate vs random2     :  38.2% | Σ-Reward:  3892.0 | Ø-Reward:  1.946 | Places: [764 (0.38), 591 (0.30), 418 (0.21), 227 (0.11)]
[2025-09-03 14:47:51] Winrate vs single_only :  54.0% | Σ-Reward:  4319.0 | Ø-Reward:  2.159 | Places: [1081 (0.54), 349 (0.17), 378 (0.19), 192 (0.10)]
[2025-09-03 14:47:53] Timing @ep 52000: episode 18.6s | train 0.003s | eval 17.3s | plot 1.3s | save 0.001s | cum 0.26h
[2025-09-03 14:48:25] 
[2025-09-03 14:48:25] Benchmark @train_ep   54000 (bench_eps: 2000)
[2025-09-03 14:48:25] Macro Winrate          :  39.5%
[2025-09-03 14:48:25] Macro Ø-Reward         :  1.879
[2025-09-03 14:48:25] Winrate vs max_combo   :  30.6% | Σ-Reward:  3349.0 | Ø-Reward:  1.675 | Places: [613 (0.31), 528 (0.26), 454 (0.23), 405 (0.20)]
[2025-09-03 14:48:25] Winrate vs random2     :  36.3% | Σ-Reward:  3765.0 | Ø-Reward:  1.883 | Places: [726 (0.36), 572 (0.29), 443 (0.22), 259 (0.13)]
[2025-09-03 14:48:25] Winrate vs single_only :  51.7% | Σ-Reward:  4159.0 | Ø-Reward:  2.079 | Places: [1034 (0.52), 336 (0.17), 385 (0.19), 245 (0.12)]
[2025-09-03 14:48:27] Timing @ep 54000: episode 18.4s | train 0.003s | eval 17.0s | plot 1.4s | save 0.001s | cum 0.27h
[2025-09-03 14:48:59] 
[2025-09-03 14:48:59] Benchmark @train_ep   56000 (bench_eps: 2000)
[2025-09-03 14:48:59] Macro Winrate          :  39.4%
[2025-09-03 14:48:59] Macro Ø-Reward         :  1.867
[2025-09-03 14:48:59] Winrate vs max_combo   :  29.9% | Σ-Reward:  3289.0 | Ø-Reward:  1.645 | Places: [598 (0.30), 517 (0.26), 461 (0.23), 424 (0.21)]
[2025-09-03 14:48:59] Winrate vs random2     :  37.4% | Σ-Reward:  3787.0 | Ø-Reward:  1.893 | Places: [748 (0.37), 545 (0.27), 453 (0.23), 254 (0.13)]
[2025-09-03 14:48:59] Winrate vs single_only :  50.8% | Σ-Reward:  4129.0 | Ø-Reward:  2.064 | Places: [1015 (0.51), 337 (0.17), 410 (0.20), 238 (0.12)]
[2025-09-03 14:49:00] Timing @ep 56000: episode 18.1s | train 0.003s | eval 16.7s | plot 1.3s | save 0.001s | cum 0.28h
[2025-09-03 14:49:32] 
[2025-09-03 14:49:32] Benchmark @train_ep   58000 (bench_eps: 2000)
[2025-09-03 14:49:32] Macro Winrate          :  41.9%
[2025-09-03 14:49:32] Macro Ø-Reward         :  1.923
[2025-09-03 14:49:32] Winrate vs max_combo   :  31.4% | Σ-Reward:  3405.0 | Ø-Reward:  1.702 | Places: [628 (0.31), 526 (0.26), 469 (0.23), 377 (0.19)]
[2025-09-03 14:49:32] Winrate vs random2     :  38.6% | Σ-Reward:  3840.0 | Ø-Reward:  1.920 | Places: [773 (0.39), 543 (0.27), 435 (0.22), 249 (0.12)]
[2025-09-03 14:49:32] Winrate vs single_only :  55.6% | Σ-Reward:  4290.0 | Ø-Reward:  2.145 | Places: [1113 (0.56), 292 (0.15), 367 (0.18), 228 (0.11)]
[2025-09-03 14:49:34] Timing @ep 58000: episode 17.5s | train 0.003s | eval 16.1s | plot 1.4s | save 0.001s | cum 0.28h
[2025-09-03 14:50:08] 
[2025-09-03 14:50:08] Benchmark @train_ep   60000 (bench_eps: 2000)
[2025-09-03 14:50:08] Macro Winrate          :  40.1%
[2025-09-03 14:50:08] Macro Ø-Reward         :  1.931
[2025-09-03 14:50:08] Winrate vs max_combo   :  30.2% | Σ-Reward:  3401.0 | Ø-Reward:  1.700 | Places: [604 (0.30), 560 (0.28), 469 (0.23), 367 (0.18)]
[2025-09-03 14:50:08] Winrate vs random2     :  37.6% | Σ-Reward:  3916.0 | Ø-Reward:  1.958 | Places: [752 (0.38), 628 (0.31), 404 (0.20), 216 (0.11)]
[2025-09-03 14:50:08] Winrate vs single_only :  52.5% | Σ-Reward:  4268.0 | Ø-Reward:  2.134 | Places: [1049 (0.52), 373 (0.19), 375 (0.19), 203 (0.10)]
[2025-09-03 14:50:09] Timing @ep 60000: episode 19.1s | train 0.003s | eval 17.6s | plot 1.5s | save 0.001s | cum 0.29h
[2025-09-03 14:50:42] 
[2025-09-03 14:50:42] Benchmark @train_ep   62000 (bench_eps: 2000)
[2025-09-03 14:50:42] Macro Winrate          :  40.8%
[2025-09-03 14:50:42] Macro Ø-Reward         :  1.915
[2025-09-03 14:50:42] Winrate vs max_combo   :  31.2% | Σ-Reward:  3381.0 | Ø-Reward:  1.690 | Places: [625 (0.31), 512 (0.26), 482 (0.24), 381 (0.19)]
[2025-09-03 14:50:42] Winrate vs random2     :  35.5% | Σ-Reward:  3770.0 | Ø-Reward:  1.885 | Places: [711 (0.36), 589 (0.29), 459 (0.23), 241 (0.12)]
[2025-09-03 14:50:42] Winrate vs single_only :  55.5% | Σ-Reward:  4336.0 | Ø-Reward:  2.168 | Places: [1109 (0.55), 323 (0.16), 363 (0.18), 205 (0.10)]
[2025-09-03 14:50:43] Timing @ep 62000: episode 17.8s | train 0.003s | eval 16.3s | plot 1.4s | save 0.001s | cum 0.30h
[2025-09-03 14:51:17] 
[2025-09-03 14:51:17] Benchmark @train_ep   64000 (bench_eps: 2000)
[2025-09-03 14:51:17] Macro Winrate          :  40.2%
[2025-09-03 14:51:17] Macro Ø-Reward         :  1.914
[2025-09-03 14:51:17] Winrate vs max_combo   :  30.6% | Σ-Reward:  3363.0 | Ø-Reward:  1.681 | Places: [612 (0.31), 532 (0.27), 463 (0.23), 393 (0.20)]
[2025-09-03 14:51:17] Winrate vs random2     :  37.8% | Σ-Reward:  3858.0 | Ø-Reward:  1.929 | Places: [755 (0.38), 585 (0.29), 423 (0.21), 237 (0.12)]
[2025-09-03 14:51:17] Winrate vs single_only :  52.2% | Σ-Reward:  4261.0 | Ø-Reward:  2.131 | Places: [1045 (0.52), 372 (0.19), 382 (0.19), 201 (0.10)]
[2025-09-03 14:51:18] Timing @ep 64000: episode 18.2s | train 0.003s | eval 16.8s | plot 1.4s | save 0.002s | cum 0.31h
[2025-09-03 14:51:51] 
[2025-09-03 14:51:51] Benchmark @train_ep   66000 (bench_eps: 2000)
[2025-09-03 14:51:51] Macro Winrate          :  44.2%
[2025-09-03 14:51:51] Macro Ø-Reward         :  1.971
[2025-09-03 14:51:51] Winrate vs max_combo   :  36.0% | Σ-Reward:  3616.0 | Ø-Reward:  1.808 | Places: [720 (0.36), 513 (0.26), 430 (0.21), 337 (0.17)]
[2025-09-03 14:51:51] Winrate vs random2     :  36.8% | Σ-Reward:  3791.0 | Ø-Reward:  1.895 | Places: [735 (0.37), 589 (0.29), 408 (0.20), 268 (0.13)]
[2025-09-03 14:51:51] Winrate vs single_only :  59.8% | Σ-Reward:  4421.0 | Ø-Reward:  2.211 | Places: [1196 (0.60), 242 (0.12), 349 (0.17), 213 (0.11)]
[2025-09-03 14:51:53] Timing @ep 66000: episode 18.0s | train 0.003s | eval 16.6s | plot 1.4s | save 0.001s | cum 0.32h
[2025-09-03 14:52:27] 
[2025-09-03 14:52:27] Benchmark @train_ep   68000 (bench_eps: 2000)
[2025-09-03 14:52:27] Macro Winrate          :  42.5%
[2025-09-03 14:52:27] Macro Ø-Reward         :  1.933
[2025-09-03 14:52:27] Winrate vs max_combo   :  31.9% | Σ-Reward:  3388.0 | Ø-Reward:  1.694 | Places: [637 (0.32), 495 (0.25), 487 (0.24), 381 (0.19)]
[2025-09-03 14:52:27] Winrate vs random2     :  38.3% | Σ-Reward:  3848.0 | Ø-Reward:  1.924 | Places: [766 (0.38), 579 (0.29), 392 (0.20), 263 (0.13)]
[2025-09-03 14:52:27] Winrate vs single_only :  57.4% | Σ-Reward:  4362.0 | Ø-Reward:  2.181 | Places: [1147 (0.57), 293 (0.15), 335 (0.17), 225 (0.11)]
[2025-09-03 14:52:29] Timing @ep 68000: episode 19.3s | train 0.003s | eval 17.7s | plot 1.6s | save 0.001s | cum 0.33h
[2025-09-03 14:52:59] 
[2025-09-03 14:52:59] Benchmark @train_ep   70000 (bench_eps: 2000)
[2025-09-03 14:52:59] Macro Winrate          :  40.8%
[2025-09-03 14:52:59] Macro Ø-Reward         :  1.939
[2025-09-03 14:52:59] Winrate vs max_combo   :  33.9% | Σ-Reward:  3533.0 | Ø-Reward:  1.766 | Places: [677 (0.34), 518 (0.26), 466 (0.23), 339 (0.17)]
[2025-09-03 14:52:59] Winrate vs random2     :  36.2% | Σ-Reward:  3864.0 | Ø-Reward:  1.932 | Places: [724 (0.36), 615 (0.31), 462 (0.23), 199 (0.10)]
[2025-09-03 14:52:59] Winrate vs single_only :  52.5% | Σ-Reward:  4237.0 | Ø-Reward:  2.119 | Places: [1049 (0.52), 343 (0.17), 404 (0.20), 204 (0.10)]
[2025-09-03 14:53:01] Timing @ep 70000: episode 17.1s | train 0.003s | eval 15.6s | plot 1.5s | save 0.002s | cum 0.34h
[2025-09-03 14:53:34] 
[2025-09-03 14:53:34] Benchmark @train_ep   72000 (bench_eps: 2000)
[2025-09-03 14:53:34] Macro Winrate          :  41.5%
[2025-09-03 14:53:34] Macro Ø-Reward         :  1.898
[2025-09-03 14:53:34] Winrate vs max_combo   :  32.2% | Σ-Reward:  3362.0 | Ø-Reward:  1.681 | Places: [644 (0.32), 485 (0.24), 460 (0.23), 411 (0.21)]
[2025-09-03 14:53:34] Winrate vs random2     :  37.1% | Σ-Reward:  3785.0 | Ø-Reward:  1.893 | Places: [743 (0.37), 558 (0.28), 440 (0.22), 259 (0.13)]
[2025-09-03 14:53:34] Winrate vs single_only :  55.2% | Σ-Reward:  4243.0 | Ø-Reward:  2.122 | Places: [1104 (0.55), 280 (0.14), 371 (0.19), 245 (0.12)]
[2025-09-03 14:53:36] Timing @ep 72000: episode 18.7s | train 0.003s | eval 17.3s | plot 1.4s | save 0.002s | cum 0.35h
[2025-09-03 14:54:08] 
[2025-09-03 14:54:08] Benchmark @train_ep   74000 (bench_eps: 2000)
[2025-09-03 14:54:08] Macro Winrate          :  42.0%
[2025-09-03 14:54:08] Macro Ø-Reward         :  1.917
[2025-09-03 14:54:08] Winrate vs max_combo   :  33.9% | Σ-Reward:  3439.0 | Ø-Reward:  1.720 | Places: [677 (0.34), 477 (0.24), 454 (0.23), 392 (0.20)]
[2025-09-03 14:54:08] Winrate vs random2     :  36.8% | Σ-Reward:  3781.0 | Ø-Reward:  1.891 | Places: [736 (0.37), 579 (0.29), 415 (0.21), 270 (0.14)]
[2025-09-03 14:54:08] Winrate vs single_only :  55.3% | Σ-Reward:  4280.0 | Ø-Reward:  2.140 | Places: [1106 (0.55), 300 (0.15), 362 (0.18), 232 (0.12)]
[2025-09-03 14:54:10] Timing @ep 74000: episode 18.2s | train 0.003s | eval 16.6s | plot 1.6s | save 0.002s | cum 0.36h
[2025-09-03 14:54:44] 
[2025-09-03 14:54:44] Benchmark @train_ep   76000 (bench_eps: 2000)
[2025-09-03 14:54:44] Macro Winrate          :  41.3%
[2025-09-03 14:54:44] Macro Ø-Reward         :  1.928
[2025-09-03 14:54:44] Winrate vs max_combo   :  31.1% | Σ-Reward:  3417.0 | Ø-Reward:  1.708 | Places: [622 (0.31), 547 (0.27), 457 (0.23), 374 (0.19)]
[2025-09-03 14:54:44] Winrate vs random2     :  37.5% | Σ-Reward:  3835.0 | Ø-Reward:  1.917 | Places: [749 (0.37), 574 (0.29), 440 (0.22), 237 (0.12)]
[2025-09-03 14:54:44] Winrate vs single_only :  55.4% | Σ-Reward:  4319.0 | Ø-Reward:  2.159 | Places: [1108 (0.55), 321 (0.16), 353 (0.18), 218 (0.11)]
[2025-09-03 14:54:46] Timing @ep 76000: episode 20.2s | train 0.003s | eval 18.6s | plot 1.6s | save 0.001s | cum 0.37h
[2025-09-03 14:55:19] 
[2025-09-03 14:55:19] Benchmark @train_ep   78000 (bench_eps: 2000)
[2025-09-03 14:55:19] Macro Winrate          :  42.9%
[2025-09-03 14:55:19] Macro Ø-Reward         :  1.946
[2025-09-03 14:55:19] Winrate vs max_combo   :  32.0% | Σ-Reward:  3415.0 | Ø-Reward:  1.708 | Places: [640 (0.32), 523 (0.26), 449 (0.22), 388 (0.19)]
[2025-09-03 14:55:19] Winrate vs random2     :  39.4% | Σ-Reward:  3870.0 | Ø-Reward:  1.935 | Places: [788 (0.39), 540 (0.27), 426 (0.21), 246 (0.12)]
[2025-09-03 14:55:19] Winrate vs single_only :  57.4% | Σ-Reward:  4388.0 | Ø-Reward:  2.194 | Places: [1148 (0.57), 313 (0.16), 318 (0.16), 221 (0.11)]
[2025-09-03 14:55:20] Timing @ep 78000: episode 18.2s | train 0.003s | eval 16.7s | plot 1.5s | save 0.001s | cum 0.38h
[2025-09-03 14:55:53] 
[2025-09-03 14:55:53] Benchmark @train_ep   80000 (bench_eps: 2000)
[2025-09-03 14:55:53] Macro Winrate          :  42.0%
[2025-09-03 14:55:53] Macro Ø-Reward         :  1.927
[2025-09-03 14:55:53] Winrate vs max_combo   :  33.0% | Σ-Reward:  3449.0 | Ø-Reward:  1.724 | Places: [659 (0.33), 513 (0.26), 446 (0.22), 382 (0.19)]
[2025-09-03 14:55:53] Winrate vs random2     :  38.5% | Σ-Reward:  3841.0 | Ø-Reward:  1.921 | Places: [771 (0.39), 563 (0.28), 402 (0.20), 264 (0.13)]
[2025-09-03 14:55:53] Winrate vs single_only :  54.5% | Σ-Reward:  4270.0 | Ø-Reward:  2.135 | Places: [1091 (0.55), 316 (0.16), 365 (0.18), 228 (0.11)]
[2025-09-03 14:55:55] Timing @ep 80000: episode 18.2s | train 0.003s | eval 16.8s | plot 1.5s | save 0.001s | cum 0.39h
[2025-09-03 14:56:28] 
[2025-09-03 14:56:28] Benchmark @train_ep   82000 (bench_eps: 2000)
[2025-09-03 14:56:28] Macro Winrate          :  42.7%
[2025-09-03 14:56:28] Macro Ø-Reward         :  1.952
[2025-09-03 14:56:28] Winrate vs max_combo   :  31.6% | Σ-Reward:  3410.0 | Ø-Reward:  1.705 | Places: [632 (0.32), 518 (0.26), 478 (0.24), 372 (0.19)]
[2025-09-03 14:56:28] Winrate vs random2     :  38.1% | Σ-Reward:  3883.0 | Ø-Reward:  1.942 | Places: [763 (0.38), 585 (0.29), 424 (0.21), 228 (0.11)]
[2025-09-03 14:56:28] Winrate vs single_only :  58.3% | Σ-Reward:  4419.0 | Ø-Reward:  2.209 | Places: [1166 (0.58), 290 (0.14), 341 (0.17), 203 (0.10)]
[2025-09-03 14:56:29] Timing @ep 82000: episode 18.4s | train 0.005s | eval 16.9s | plot 1.5s | save 0.002s | cum 0.40h
[2025-09-03 14:57:02] 
[2025-09-03 14:57:02] Benchmark @train_ep   84000 (bench_eps: 2000)
[2025-09-03 14:57:02] Macro Winrate          :  42.2%
[2025-09-03 14:57:02] Macro Ø-Reward         :  1.937
[2025-09-03 14:57:02] Winrate vs max_combo   :  33.8% | Σ-Reward:  3463.0 | Ø-Reward:  1.732 | Places: [675 (0.34), 481 (0.24), 476 (0.24), 368 (0.18)]
[2025-09-03 14:57:02] Winrate vs random2     :  38.0% | Σ-Reward:  3862.0 | Ø-Reward:  1.931 | Places: [761 (0.38), 573 (0.29), 433 (0.22), 233 (0.12)]
[2025-09-03 14:57:02] Winrate vs single_only :  54.9% | Σ-Reward:  4297.0 | Ø-Reward:  2.148 | Places: [1098 (0.55), 309 (0.15), 385 (0.19), 208 (0.10)]
[2025-09-03 14:57:04] Timing @ep 84000: episode 18.3s | train 0.003s | eval 16.7s | plot 1.6s | save 0.001s | cum 0.41h
[2025-09-03 14:57:36] 
[2025-09-03 14:57:36] Benchmark @train_ep   86000 (bench_eps: 2000)
[2025-09-03 14:57:36] Macro Winrate          :  43.7%
[2025-09-03 14:57:36] Macro Ø-Reward         :  1.975
[2025-09-03 14:57:36] Winrate vs max_combo   :  35.7% | Σ-Reward:  3609.0 | Ø-Reward:  1.804 | Places: [714 (0.36), 529 (0.26), 409 (0.20), 348 (0.17)]
[2025-09-03 14:57:36] Winrate vs random2     :  38.0% | Σ-Reward:  3877.0 | Ø-Reward:  1.938 | Places: [759 (0.38), 587 (0.29), 426 (0.21), 228 (0.11)]
[2025-09-03 14:57:36] Winrate vs single_only :  57.5% | Σ-Reward:  4366.0 | Ø-Reward:  2.183 | Places: [1151 (0.58), 277 (0.14), 359 (0.18), 213 (0.11)]
[2025-09-03 14:57:37] Timing @ep 86000: episode 17.9s | train 0.003s | eval 16.6s | plot 1.3s | save 0.001s | cum 0.42h
[2025-09-03 14:58:10] 
[2025-09-03 14:58:10] Benchmark @train_ep   88000 (bench_eps: 2000)
[2025-09-03 14:58:10] Macro Winrate          :  42.9%
[2025-09-03 14:58:10] Macro Ø-Reward         :  1.948
[2025-09-03 14:58:10] Winrate vs max_combo   :  32.6% | Σ-Reward:  3444.0 | Ø-Reward:  1.722 | Places: [652 (0.33), 513 (0.26), 462 (0.23), 373 (0.19)]
[2025-09-03 14:58:10] Winrate vs random2     :  37.0% | Σ-Reward:  3818.0 | Ø-Reward:  1.909 | Places: [741 (0.37), 575 (0.29), 445 (0.22), 239 (0.12)]
[2025-09-03 14:58:10] Winrate vs single_only :  59.0% | Σ-Reward:  4423.0 | Ø-Reward:  2.212 | Places: [1181 (0.59), 275 (0.14), 330 (0.17), 214 (0.11)]
[2025-09-03 14:58:11] Timing @ep 88000: episode 17.4s | train 0.003s | eval 16.3s | plot 1.1s | save 0.002s | cum 0.43h
[2025-09-03 14:58:44] 
[2025-09-03 14:58:44] Benchmark @train_ep   90000 (bench_eps: 2000)
[2025-09-03 14:58:44] Macro Winrate          :  43.0%
[2025-09-03 14:58:44] Macro Ø-Reward         :  1.947
[2025-09-03 14:58:44] Winrate vs max_combo   :  34.8% | Σ-Reward:  3532.0 | Ø-Reward:  1.766 | Places: [696 (0.35), 490 (0.24), 464 (0.23), 350 (0.17)]
[2025-09-03 14:58:44] Winrate vs random2     :  37.0% | Σ-Reward:  3798.0 | Ø-Reward:  1.899 | Places: [740 (0.37), 580 (0.29), 418 (0.21), 262 (0.13)]
[2025-09-03 14:58:44] Winrate vs single_only :  57.2% | Σ-Reward:  4353.0 | Ø-Reward:  2.176 | Places: [1145 (0.57), 276 (0.14), 366 (0.18), 213 (0.11)]
[2025-09-03 14:58:45] Timing @ep 90000: episode 17.9s | train 0.005s | eval 16.6s | plot 1.3s | save 0.001s | cum 0.44h
[2025-09-03 14:59:18] 
[2025-09-03 14:59:18] Benchmark @train_ep   92000 (bench_eps: 2000)
[2025-09-03 14:59:18] Macro Winrate          :  42.4%
[2025-09-03 14:59:18] Macro Ø-Reward         :  1.956
[2025-09-03 14:59:18] Winrate vs max_combo   :  32.2% | Σ-Reward:  3489.0 | Ø-Reward:  1.744 | Places: [644 (0.32), 559 (0.28), 439 (0.22), 358 (0.18)]
[2025-09-03 14:59:18] Winrate vs random2     :  38.7% | Σ-Reward:  3872.0 | Ø-Reward:  1.936 | Places: [774 (0.39), 575 (0.29), 400 (0.20), 251 (0.13)]
[2025-09-03 14:59:18] Winrate vs single_only :  56.2% | Σ-Reward:  4377.0 | Ø-Reward:  2.188 | Places: [1125 (0.56), 324 (0.16), 354 (0.18), 197 (0.10)]
[2025-09-03 14:59:19] Timing @ep 92000: episode 17.8s | train 0.003s | eval 16.5s | plot 1.3s | save 0.002s | cum 0.45h
[2025-09-03 14:59:52] 
[2025-09-03 14:59:52] Benchmark @train_ep   94000 (bench_eps: 2000)
[2025-09-03 14:59:52] Macro Winrate          :  42.7%
[2025-09-03 14:59:52] Macro Ø-Reward         :  1.931
[2025-09-03 14:59:52] Winrate vs max_combo   :  34.1% | Σ-Reward:  3455.0 | Ø-Reward:  1.728 | Places: [683 (0.34), 464 (0.23), 478 (0.24), 375 (0.19)]
[2025-09-03 14:59:52] Winrate vs random2     :  38.2% | Σ-Reward:  3844.0 | Ø-Reward:  1.922 | Places: [765 (0.38), 550 (0.28), 449 (0.22), 236 (0.12)]
[2025-09-03 14:59:52] Winrate vs single_only :  55.7% | Σ-Reward:  4286.0 | Ø-Reward:  2.143 | Places: [1114 (0.56), 289 (0.14), 366 (0.18), 231 (0.12)]
[2025-09-03 14:59:54] Timing @ep 94000: episode 18.3s | train 0.003s | eval 16.7s | plot 1.5s | save 0.001s | cum 0.46h
[2025-09-03 15:00:27] 
[2025-09-03 15:00:27] Benchmark @train_ep   96000 (bench_eps: 2000)
[2025-09-03 15:00:27] Macro Winrate          :  42.7%
[2025-09-03 15:00:27] Macro Ø-Reward         :  1.937
[2025-09-03 15:00:27] Winrate vs max_combo   :  33.7% | Σ-Reward:  3469.0 | Ø-Reward:  1.734 | Places: [674 (0.34), 513 (0.26), 421 (0.21), 392 (0.20)]
[2025-09-03 15:00:27] Winrate vs random2     :  37.3% | Σ-Reward:  3832.0 | Ø-Reward:  1.916 | Places: [746 (0.37), 585 (0.29), 424 (0.21), 245 (0.12)]
[2025-09-03 15:00:27] Winrate vs single_only :  57.0% | Σ-Reward:  4320.0 | Ø-Reward:  2.160 | Places: [1141 (0.57), 275 (0.14), 347 (0.17), 237 (0.12)]
[2025-09-03 15:00:28] Timing @ep 96000: episode 18.3s | train 0.012s | eval 17.0s | plot 1.3s | save 0.002s | cum 0.47h
[2025-09-03 15:01:02] 
[2025-09-03 15:01:02] Benchmark @train_ep   98000 (bench_eps: 2000)
[2025-09-03 15:01:02] Macro Winrate          :  38.2%
[2025-09-03 15:01:02] Macro Ø-Reward         :  1.901
[2025-09-03 15:01:02] Winrate vs max_combo   :  31.3% | Σ-Reward:  3485.0 | Ø-Reward:  1.742 | Places: [626 (0.31), 558 (0.28), 491 (0.25), 325 (0.16)]
[2025-09-03 15:01:02] Winrate vs random2     :  35.5% | Σ-Reward:  3852.0 | Ø-Reward:  1.926 | Places: [710 (0.35), 656 (0.33), 410 (0.20), 224 (0.11)]
[2025-09-03 15:01:02] Winrate vs single_only :  47.9% | Σ-Reward:  4067.0 | Ø-Reward:  2.034 | Places: [958 (0.48), 411 (0.21), 371 (0.19), 260 (0.13)]
[2025-09-03 15:01:03] Timing @ep 98000: episode 18.2s | train 0.003s | eval 16.8s | plot 1.4s | save 0.001s | cum 0.48h
[2025-09-03 15:01:36] 
[2025-09-03 15:01:36] Benchmark @train_ep  100000 (bench_eps: 2000)
[2025-09-03 15:01:36] Macro Winrate          :  41.8%
[2025-09-03 15:01:36] Macro Ø-Reward         :  1.947
[2025-09-03 15:01:36] Winrate vs max_combo   :  33.9% | Σ-Reward:  3501.0 | Ø-Reward:  1.750 | Places: [678 (0.34), 524 (0.26), 419 (0.21), 379 (0.19)]
[2025-09-03 15:01:36] Winrate vs random2     :  37.6% | Σ-Reward:  3905.0 | Ø-Reward:  1.952 | Places: [753 (0.38), 620 (0.31), 406 (0.20), 221 (0.11)]
[2025-09-03 15:01:36] Winrate vs single_only :  53.8% | Σ-Reward:  4277.0 | Ø-Reward:  2.139 | Places: [1075 (0.54), 340 (0.17), 372 (0.19), 213 (0.11)]
[2025-09-03 15:01:38] Timing @ep 100000: episode 18.7s | train 0.003s | eval 17.3s | plot 1.4s | save 0.001s | cum 0.49h
[2025-09-03 15:01:38] 
[2025-09-03 15:01:38] Gesamtzeit: 0.49h (~ 57.19 eps/s)
[2025-09-03 15:01:38] k1a1, Single Agent vs Heuristiken (max_combo). Training abgeschlossen.
[2025-09-03 15:01:38] Path: /home/wasterix/OpenSpiel/open_spiel/President/models/k1a1/model_04
