[2025-08-25 23:27:44] New Training (k2a2): 4 getrennte DQN-Agents — simultanes Lernen
[2025-08-25 23:27:44] Deck_Size: 64
[2025-08-25 23:27:44] Episodes: 500000
[2025-08-25 23:27:44] Path: /home/wasterix/OpenSpiel/open_spiel/President/models/k2a2/model_02
[2025-08-26 00:17:53] 
[2025-08-26 00:17:53] Benchmark @train_ep   10000 (bench_eps: 2000)
[2025-08-26 00:17:53] Macro Winrate          :  67.4%
[2025-08-26 00:17:53] Macro Ø-Reward         :  2.488
[2025-08-26 00:17:53] Winrate vs max_combo   :  42.4% | Σ-Reward:  4074.0 | Ø-Reward:  2.037 | Places: [848 (0.42), 585 (0.29), 360 (0.18), 207 (0.10)]
[2025-08-26 00:17:53] Winrate vs random2     :  77.2% | Σ-Reward:  5404.0 | Ø-Reward:  2.702 | Places: [1543 (0.77), 341 (0.17), 93 (0.05), 23 (0.01)]
[2025-08-26 00:17:53] Winrate vs single_only :  82.7% | Σ-Reward:  5450.0 | Ø-Reward:  2.725 | Places: [1653 (0.83), 186 (0.09), 119 (0.06), 42 (0.02)]
[2025-08-26 00:17:54] Timing @ep 10000: episode 28.7s | train 0.000s | eval 26.9s | plot 1.5s | save 0.009s | cum 0.84h
[2025-08-26 01:12:04] 
[2025-08-26 01:12:04] Benchmark @train_ep   20000 (bench_eps: 2000)
[2025-08-26 01:12:04] Macro Winrate          :  69.0%
[2025-08-26 01:12:04] Macro Ø-Reward         :  2.534
[2025-08-26 01:12:04] Winrate vs max_combo   :  49.8% | Σ-Reward:  4397.0 | Ø-Reward:  2.199 | Places: [996 (0.50), 560 (0.28), 289 (0.14), 155 (0.08)]
[2025-08-26 01:12:04] Winrate vs random2     :  76.5% | Σ-Reward:  5379.0 | Ø-Reward:  2.689 | Places: [1530 (0.77), 344 (0.17), 101 (0.05), 25 (0.01)]
[2025-08-26 01:12:04] Winrate vs single_only :  80.6% | Σ-Reward:  5430.0 | Ø-Reward:  2.715 | Places: [1612 (0.81), 233 (0.12), 128 (0.06), 27 (0.01)]
[2025-08-26 01:12:05] Timing @ep 20000: episode 28.3s | train 0.000s | eval 26.1s | plot 1.8s | save 0.008s | cum 1.74h
[2025-08-26 02:05:25] 
[2025-08-26 02:05:25] Benchmark @train_ep   30000 (bench_eps: 2000)
[2025-08-26 02:05:25] Macro Winrate          :  70.9%
[2025-08-26 02:05:25] Macro Ø-Reward         :  2.561
[2025-08-26 02:05:25] Winrate vs max_combo   :  52.0% | Σ-Reward:  4427.0 | Ø-Reward:  2.213 | Places: [1041 (0.52), 508 (0.25), 288 (0.14), 163 (0.08)]
[2025-08-26 02:05:25] Winrate vs random2     :  77.8% | Σ-Reward:  5416.0 | Ø-Reward:  2.708 | Places: [1557 (0.78), 322 (0.16), 101 (0.05), 20 (0.01)]
[2025-08-26 02:05:25] Winrate vs single_only :  82.7% | Σ-Reward:  5525.0 | Ø-Reward:  2.763 | Places: [1654 (0.83), 233 (0.12), 97 (0.05), 16 (0.01)]
[2025-08-26 02:05:27] Timing @ep 30000: episode 30.1s | train 0.000s | eval 27.4s | plot 2.5s | save 0.005s | cum 2.63h
[2025-08-26 02:58:23] 
[2025-08-26 02:58:23] Benchmark @train_ep   40000 (bench_eps: 2000)
[2025-08-26 02:58:23] Macro Winrate          :  69.1%
[2025-08-26 02:58:23] Macro Ø-Reward         :  2.529
[2025-08-26 02:58:23] Winrate vs max_combo   :  48.6% | Σ-Reward:  4298.0 | Ø-Reward:  2.149 | Places: [973 (0.49), 539 (0.27), 301 (0.15), 187 (0.09)]
[2025-08-26 02:58:23] Winrate vs random2     :  76.8% | Σ-Reward:  5372.0 | Ø-Reward:  2.686 | Places: [1535 (0.77), 329 (0.16), 109 (0.05), 27 (0.01)]
[2025-08-26 02:58:23] Winrate vs single_only :  81.8% | Σ-Reward:  5502.0 | Ø-Reward:  2.751 | Places: [1637 (0.82), 244 (0.12), 103 (0.05), 16 (0.01)]
[2025-08-26 02:58:25] Timing @ep 40000: episode 28.6s | train 0.000s | eval 26.6s | plot 1.7s | save 0.006s | cum 3.51h
[2025-08-26 03:50:58] 
[2025-08-26 03:50:58] Benchmark @train_ep   50000 (bench_eps: 2000)
[2025-08-26 03:50:58] Macro Winrate          :  69.1%
[2025-08-26 03:50:58] Macro Ø-Reward         :  2.521
[2025-08-26 03:50:58] Winrate vs max_combo   :  49.8% | Σ-Reward:  4296.0 | Ø-Reward:  2.148 | Places: [995 (0.50), 501 (0.25), 309 (0.15), 195 (0.10)]
[2025-08-26 03:50:58] Winrate vs random2     :  76.5% | Σ-Reward:  5348.0 | Ø-Reward:  2.674 | Places: [1530 (0.77), 318 (0.16), 122 (0.06), 30 (0.01)]
[2025-08-26 03:50:58] Winrate vs single_only :  81.1% | Σ-Reward:  5482.0 | Ø-Reward:  2.741 | Places: [1622 (0.81), 256 (0.13), 104 (0.05), 18 (0.01)]
[2025-08-26 03:51:00] Timing @ep 50000: episode 29.3s | train 0.000s | eval 27.2s | plot 1.7s | save 0.006s | cum 4.39h
[2025-08-26 04:43:36] 
[2025-08-26 04:43:36] Benchmark @train_ep   60000 (bench_eps: 2000)
[2025-08-26 04:43:36] Macro Winrate          :  69.2%
[2025-08-26 04:43:36] Macro Ø-Reward         :  2.518
[2025-08-26 04:43:36] Winrate vs max_combo   :  50.1% | Σ-Reward:  4288.0 | Ø-Reward:  2.144 | Places: [1002 (0.50), 492 (0.25), 298 (0.15), 208 (0.10)]
[2025-08-26 04:43:36] Winrate vs random2     :  76.0% | Σ-Reward:  5352.0 | Ø-Reward:  2.676 | Places: [1520 (0.76), 342 (0.17), 108 (0.05), 30 (0.01)]
[2025-08-26 04:43:36] Winrate vs single_only :  81.5% | Σ-Reward:  5470.0 | Ø-Reward:  2.735 | Places: [1630 (0.81), 235 (0.12), 110 (0.06), 25 (0.01)]
[2025-08-26 04:43:38] Timing @ep 60000: episode 30.0s | train 0.000s | eval 27.3s | plot 2.3s | save 0.005s | cum 5.26h
[2025-08-26 05:36:19] 
[2025-08-26 05:36:19] Benchmark @train_ep   70000 (bench_eps: 2000)
[2025-08-26 05:36:19] Macro Winrate          :  69.0%
[2025-08-26 05:36:19] Macro Ø-Reward         :  2.527
[2025-08-26 05:36:19] Winrate vs max_combo   :  48.2% | Σ-Reward:  4280.0 | Ø-Reward:  2.140 | Places: [964 (0.48), 546 (0.27), 296 (0.15), 194 (0.10)]
[2025-08-26 05:36:19] Winrate vs random2     :  77.8% | Σ-Reward:  5418.0 | Ø-Reward:  2.709 | Places: [1555 (0.78), 330 (0.17), 93 (0.05), 22 (0.01)]
[2025-08-26 05:36:19] Winrate vs single_only :  80.9% | Σ-Reward:  5467.0 | Ø-Reward:  2.733 | Places: [1618 (0.81), 250 (0.12), 113 (0.06), 19 (0.01)]
[2025-08-26 05:36:21] Timing @ep 70000: episode 30.0s | train 0.000s | eval 27.9s | plot 1.7s | save 0.006s | cum 6.14h
[2025-08-26 06:28:33] 
[2025-08-26 06:28:33] Benchmark @train_ep   80000 (bench_eps: 2000)
[2025-08-26 06:28:33] Macro Winrate          :  72.1%
[2025-08-26 06:28:33] Macro Ø-Reward         :  2.586
[2025-08-26 06:28:33] Winrate vs max_combo   :  53.8% | Σ-Reward:  4518.0 | Ø-Reward:  2.259 | Places: [1076 (0.54), 512 (0.26), 266 (0.13), 146 (0.07)]
[2025-08-26 06:28:33] Winrate vs random2     :  79.5% | Σ-Reward:  5456.0 | Ø-Reward:  2.728 | Places: [1589 (0.79), 297 (0.15), 95 (0.05), 19 (0.01)]
[2025-08-26 06:28:33] Winrate vs single_only :  83.0% | Σ-Reward:  5542.0 | Ø-Reward:  2.771 | Places: [1660 (0.83), 234 (0.12), 94 (0.05), 12 (0.01)]
[2025-08-26 06:28:35] Timing @ep 80000: episode 29.7s | train 0.000s | eval 27.4s | plot 2.0s | save 0.007s | cum 7.01h
[2025-08-26 07:20:50] 
[2025-08-26 07:20:50] Benchmark @train_ep   90000 (bench_eps: 2000)
[2025-08-26 07:20:50] Macro Winrate          :  69.5%
[2025-08-26 07:20:50] Macro Ø-Reward         :  2.543
[2025-08-26 07:20:50] Winrate vs max_combo   :  52.2% | Σ-Reward:  4411.0 | Ø-Reward:  2.205 | Places: [1044 (0.52), 492 (0.25), 295 (0.15), 169 (0.08)]
[2025-08-26 07:20:50] Winrate vs random2     :  76.8% | Σ-Reward:  5403.0 | Ø-Reward:  2.701 | Places: [1537 (0.77), 354 (0.18), 84 (0.04), 25 (0.01)]
[2025-08-26 07:20:50] Winrate vs single_only :  79.5% | Σ-Reward:  5443.0 | Ø-Reward:  2.721 | Places: [1591 (0.80), 275 (0.14), 120 (0.06), 14 (0.01)]
[2025-08-26 07:20:52] Timing @ep 90000: episode 31.7s | train 0.000s | eval 29.3s | plot 2.0s | save 0.007s | cum 7.88h
[2025-08-26 08:20:06] 
[2025-08-26 08:20:06] Benchmark @train_ep  100000 (bench_eps: 2000)
[2025-08-26 08:20:06] Macro Winrate          :  70.3%
[2025-08-26 08:20:06] Macro Ø-Reward         :  2.550
[2025-08-26 08:20:06] Winrate vs max_combo   :  54.8% | Σ-Reward:  4496.0 | Ø-Reward:  2.248 | Places: [1096 (0.55), 469 (0.23), 270 (0.14), 165 (0.08)]
[2025-08-26 08:20:06] Winrate vs random2     :  78.1% | Σ-Reward:  5409.0 | Ø-Reward:  2.704 | Places: [1562 (0.78), 316 (0.16), 91 (0.05), 31 (0.02)]
[2025-08-26 08:20:06] Winrate vs single_only :  78.0% | Σ-Reward:  5393.0 | Ø-Reward:  2.696 | Places: [1559 (0.78), 297 (0.15), 122 (0.06), 22 (0.01)]
[2025-08-26 08:20:07] Timing @ep 100000: episode 36.7s | train 0.000s | eval 34.6s | plot 1.6s | save 0.012s | cum 8.87h
[2025-08-26 09:23:45] 
[2025-08-26 09:23:45] Benchmark @train_ep  110000 (bench_eps: 2000)
[2025-08-26 09:23:45] Macro Winrate          :  67.8%
[2025-08-26 09:23:45] Macro Ø-Reward         :  2.519
[2025-08-26 09:23:45] Winrate vs max_combo   :  48.4% | Σ-Reward:  4333.0 | Ø-Reward:  2.167 | Places: [968 (0.48), 569 (0.28), 291 (0.15), 172 (0.09)]
[2025-08-26 09:23:45] Winrate vs random2     :  75.0% | Σ-Reward:  5338.0 | Ø-Reward:  2.669 | Places: [1500 (0.75), 367 (0.18), 104 (0.05), 29 (0.01)]
[2025-08-26 09:23:45] Winrate vs single_only :  80.0% | Σ-Reward:  5442.0 | Ø-Reward:  2.721 | Places: [1599 (0.80), 267 (0.13), 111 (0.06), 23 (0.01)]
[2025-08-26 09:23:48] Timing @ep 110000: episode 32.6s | train 0.000s | eval 29.1s | plot 3.1s | save 0.007s | cum 9.93h
[2025-08-26 10:29:46] 
[2025-08-26 10:29:46] Benchmark @train_ep  120000 (bench_eps: 2000)
[2025-08-26 10:29:46] Macro Winrate          :  72.0%
[2025-08-26 10:29:46] Macro Ø-Reward         :  2.580
[2025-08-26 10:29:46] Winrate vs max_combo   :  53.8% | Σ-Reward:  4476.0 | Ø-Reward:  2.238 | Places: [1075 (0.54), 488 (0.24), 275 (0.14), 162 (0.08)]
[2025-08-26 10:29:46] Winrate vs random2     :  79.8% | Σ-Reward:  5482.0 | Ø-Reward:  2.741 | Places: [1596 (0.80), 317 (0.16), 60 (0.03), 27 (0.01)]
[2025-08-26 10:29:46] Winrate vs single_only :  82.3% | Σ-Reward:  5523.0 | Ø-Reward:  2.761 | Places: [1647 (0.82), 247 (0.12), 88 (0.04), 18 (0.01)]
[2025-08-26 10:29:49] Timing @ep 120000: episode 32.1s | train 0.000s | eval 28.5s | plot 3.1s | save 0.006s | cum 11.03h
[2025-08-26 11:33:04] 
[2025-08-26 11:33:04] Benchmark @train_ep  130000 (bench_eps: 2000)
[2025-08-26 11:33:04] Macro Winrate          :  69.8%
[2025-08-26 11:33:04] Macro Ø-Reward         :  2.556
[2025-08-26 11:33:04] Winrate vs max_combo   :  50.0% | Σ-Reward:  4386.0 | Ø-Reward:  2.193 | Places: [1001 (0.50), 544 (0.27), 295 (0.15), 160 (0.08)]
[2025-08-26 11:33:04] Winrate vs random2     :  77.7% | Σ-Reward:  5435.0 | Ø-Reward:  2.717 | Places: [1554 (0.78), 347 (0.17), 79 (0.04), 20 (0.01)]
[2025-08-26 11:33:04] Winrate vs single_only :  81.8% | Σ-Reward:  5517.0 | Ø-Reward:  2.759 | Places: [1635 (0.82), 263 (0.13), 86 (0.04), 16 (0.01)]
[2025-08-26 11:33:06] Timing @ep 130000: episode 31.0s | train 0.000s | eval 28.9s | plot 1.7s | save 0.014s | cum 12.09h
[2025-08-26 12:33:33] 
[2025-08-26 12:33:33] Benchmark @train_ep  140000 (bench_eps: 2000)
[2025-08-26 12:33:33] Macro Winrate          :  71.7%
[2025-08-26 12:33:33] Macro Ø-Reward         :  2.587
[2025-08-26 12:33:33] Winrate vs max_combo   :  53.0% | Σ-Reward:  4506.0 | Ø-Reward:  2.253 | Places: [1061 (0.53), 527 (0.26), 269 (0.13), 143 (0.07)]
[2025-08-26 12:33:33] Winrate vs random2     :  80.3% | Σ-Reward:  5508.0 | Ø-Reward:  2.754 | Places: [1606 (0.80), 312 (0.16), 66 (0.03), 16 (0.01)]
[2025-08-26 12:33:33] Winrate vs single_only :  81.8% | Σ-Reward:  5506.0 | Ø-Reward:  2.753 | Places: [1637 (0.82), 246 (0.12), 103 (0.05), 14 (0.01)]
[2025-08-26 12:33:36] Timing @ep 140000: episode 29.7s | train 0.000s | eval 26.4s | plot 3.0s | save 0.006s | cum 13.10h
[2025-08-26 13:25:54] 
[2025-08-26 13:25:54] Benchmark @train_ep  150000 (bench_eps: 2000)
[2025-08-26 13:25:54] Macro Winrate          :  71.8%
[2025-08-26 13:25:54] Macro Ø-Reward         :  2.580
[2025-08-26 13:25:54] Winrate vs max_combo   :  53.9% | Σ-Reward:  4524.0 | Ø-Reward:  2.262 | Places: [1078 (0.54), 510 (0.26), 270 (0.14), 142 (0.07)]
[2025-08-26 13:25:54] Winrate vs random2     :  80.2% | Σ-Reward:  5469.0 | Ø-Reward:  2.735 | Places: [1603 (0.80), 281 (0.14), 98 (0.05), 18 (0.01)]
[2025-08-26 13:25:54] Winrate vs single_only :  81.3% | Σ-Reward:  5487.0 | Ø-Reward:  2.744 | Places: [1626 (0.81), 249 (0.12), 111 (0.06), 14 (0.01)]
[2025-08-26 13:25:57] Timing @ep 150000: episode 29.2s | train 0.000s | eval 26.8s | plot 2.1s | save 0.010s | cum 13.97h
[2025-08-26 14:18:51] 
[2025-08-26 14:18:51] Benchmark @train_ep  160000 (bench_eps: 2000)
[2025-08-26 14:18:51] Macro Winrate          :  70.4%
[2025-08-26 14:18:51] Macro Ø-Reward         :  2.568
[2025-08-26 14:18:51] Winrate vs max_combo   :  51.0% | Σ-Reward:  4445.0 | Ø-Reward:  2.223 | Places: [1019 (0.51), 558 (0.28), 272 (0.14), 151 (0.08)]
[2025-08-26 14:18:51] Winrate vs random2     :  79.5% | Σ-Reward:  5479.0 | Ø-Reward:  2.740 | Places: [1591 (0.80), 310 (0.15), 86 (0.04), 13 (0.01)]
[2025-08-26 14:18:51] Winrate vs single_only :  80.6% | Σ-Reward:  5482.0 | Ø-Reward:  2.741 | Places: [1612 (0.81), 283 (0.14), 80 (0.04), 25 (0.01)]
[2025-08-26 14:18:52] Timing @ep 160000: episode 28.5s | train 0.000s | eval 26.6s | plot 1.6s | save 0.006s | cum 14.85h
[2025-08-26 15:12:40] 
[2025-08-26 15:12:40] Benchmark @train_ep  170000 (bench_eps: 2000)
[2025-08-26 15:12:40] Macro Winrate          :  72.7%
[2025-08-26 15:12:40] Macro Ø-Reward         :  2.599
[2025-08-26 15:12:40] Winrate vs max_combo   :  52.9% | Σ-Reward:  4520.0 | Ø-Reward:  2.260 | Places: [1058 (0.53), 531 (0.27), 284 (0.14), 127 (0.06)]
[2025-08-26 15:12:40] Winrate vs random2     :  80.3% | Σ-Reward:  5483.0 | Ø-Reward:  2.741 | Places: [1607 (0.80), 290 (0.14), 82 (0.04), 21 (0.01)]
[2025-08-26 15:12:40] Winrate vs single_only :  84.8% | Σ-Reward:  5589.0 | Ø-Reward:  2.795 | Places: [1697 (0.85), 211 (0.11), 76 (0.04), 16 (0.01)]
[2025-08-26 15:12:43] Timing @ep 170000: episode 35.5s | train 0.000s | eval 32.9s | plot 2.3s | save 0.016s | cum 15.75h
[2025-08-26 16:00:33] 
[2025-08-26 16:00:33] Benchmark @train_ep  180000 (bench_eps: 2000)
[2025-08-26 16:00:33] Macro Winrate          :  72.7%
[2025-08-26 16:00:33] Macro Ø-Reward         :  2.609
[2025-08-26 16:00:33] Winrate vs max_combo   :  54.1% | Σ-Reward:  4572.0 | Ø-Reward:  2.286 | Places: [1082 (0.54), 542 (0.27), 242 (0.12), 134 (0.07)]
[2025-08-26 16:00:33] Winrate vs random2     :  81.0% | Σ-Reward:  5537.0 | Ø-Reward:  2.768 | Places: [1620 (0.81), 311 (0.16), 55 (0.03), 14 (0.01)]
[2025-08-26 16:00:33] Winrate vs single_only :  82.9% | Σ-Reward:  5546.0 | Ø-Reward:  2.773 | Places: [1658 (0.83), 246 (0.12), 80 (0.04), 16 (0.01)]
[2025-08-26 16:00:35] Timing @ep 180000: episode 23.3s | train 0.000s | eval 20.6s | plot 2.5s | save 0.006s | cum 16.55h
[2025-08-26 16:48:06] 
[2025-08-26 16:48:06] Benchmark @train_ep  190000 (bench_eps: 2000)
[2025-08-26 16:48:06] Macro Winrate          :  72.0%
[2025-08-26 16:48:06] Macro Ø-Reward         :  2.583
[2025-08-26 16:48:06] Winrate vs max_combo   :  50.6% | Σ-Reward:  4429.0 | Ø-Reward:  2.215 | Places: [1012 (0.51), 563 (0.28), 267 (0.13), 158 (0.08)]
[2025-08-26 16:48:06] Winrate vs random2     :  81.2% | Σ-Reward:  5501.0 | Ø-Reward:  2.751 | Places: [1624 (0.81), 269 (0.13), 91 (0.05), 16 (0.01)]
[2025-08-26 16:48:06] Winrate vs single_only :  84.1% | Σ-Reward:  5567.0 | Ø-Reward:  2.784 | Places: [1682 (0.84), 219 (0.11), 83 (0.04), 16 (0.01)]
[2025-08-26 16:48:07] Timing @ep 190000: episode 22.6s | train 0.000s | eval 21.0s | plot 1.4s | save 0.008s | cum 17.34h
[2025-08-26 17:35:38] 
[2025-08-26 17:35:38] Benchmark @train_ep  200000 (bench_eps: 2000)
[2025-08-26 17:35:38] Macro Winrate          :  72.6%
[2025-08-26 17:35:38] Macro Ø-Reward         :  2.598
[2025-08-26 17:35:38] Winrate vs max_combo   :  53.6% | Σ-Reward:  4514.0 | Ø-Reward:  2.257 | Places: [1072 (0.54), 527 (0.26), 244 (0.12), 157 (0.08)]
[2025-08-26 17:35:38] Winrate vs random2     :  79.8% | Σ-Reward:  5491.0 | Ø-Reward:  2.745 | Places: [1596 (0.80), 314 (0.16), 75 (0.04), 15 (0.01)]
[2025-08-26 17:35:38] Winrate vs single_only :  84.5% | Σ-Reward:  5584.0 | Ø-Reward:  2.792 | Places: [1691 (0.85), 218 (0.11), 75 (0.04), 16 (0.01)]
[2025-08-26 17:35:41] Timing @ep 200000: episode 23.3s | train 0.000s | eval 20.6s | plot 2.5s | save 0.007s | cum 18.13h
[2025-08-26 18:25:45] 
[2025-08-26 18:25:45] Benchmark @train_ep  210000 (bench_eps: 2000)
[2025-08-26 18:25:45] Macro Winrate          :  72.1%
[2025-08-26 18:25:45] Macro Ø-Reward         :  2.596
[2025-08-26 18:25:45] Winrate vs max_combo   :  53.0% | Σ-Reward:  4520.0 | Ø-Reward:  2.260 | Places: [1059 (0.53), 545 (0.27), 253 (0.13), 143 (0.07)]
[2025-08-26 18:25:45] Winrate vs random2     :  79.8% | Σ-Reward:  5489.0 | Ø-Reward:  2.744 | Places: [1596 (0.80), 317 (0.16), 67 (0.03), 20 (0.01)]
[2025-08-26 18:25:45] Winrate vs single_only :  83.6% | Σ-Reward:  5568.0 | Ø-Reward:  2.784 | Places: [1672 (0.84), 238 (0.12), 76 (0.04), 14 (0.01)]
[2025-08-26 18:25:47] Timing @ep 210000: episode 24.2s | train 0.000s | eval 22.0s | plot 1.9s | save 0.005s | cum 18.97h
[2025-08-26 19:11:33] 
[2025-08-26 19:11:33] Benchmark @train_ep  220000 (bench_eps: 2000)
[2025-08-26 19:11:33] Macro Winrate          :  70.7%
[2025-08-26 19:11:33] Macro Ø-Reward         :  2.563
[2025-08-26 19:11:33] Winrate vs max_combo   :  52.8% | Σ-Reward:  4456.0 | Ø-Reward:  2.228 | Places: [1055 (0.53), 511 (0.26), 269 (0.13), 165 (0.08)]
[2025-08-26 19:11:33] Winrate vs random2     :  79.1% | Σ-Reward:  5456.0 | Ø-Reward:  2.728 | Places: [1582 (0.79), 319 (0.16), 72 (0.04), 27 (0.01)]
[2025-08-26 19:11:33] Winrate vs single_only :  80.3% | Σ-Reward:  5465.0 | Ø-Reward:  2.732 | Places: [1606 (0.80), 275 (0.14), 97 (0.05), 22 (0.01)]
[2025-08-26 19:11:34] Timing @ep 220000: episode 22.8s | train 0.000s | eval 21.3s | plot 1.1s | save 0.005s | cum 19.73h
[2025-08-26 19:54:05] 
[2025-08-26 19:54:05] Benchmark @train_ep  230000 (bench_eps: 2000)
[2025-08-26 19:54:05] Macro Winrate          :  69.9%
[2025-08-26 19:54:05] Macro Ø-Reward         :  2.555
[2025-08-26 19:54:05] Winrate vs max_combo   :  54.1% | Σ-Reward:  4519.0 | Ø-Reward:  2.260 | Places: [1083 (0.54), 515 (0.26), 240 (0.12), 162 (0.08)]
[2025-08-26 19:54:05] Winrate vs random2     :  78.4% | Σ-Reward:  5416.0 | Ø-Reward:  2.708 | Places: [1568 (0.78), 314 (0.16), 84 (0.04), 34 (0.02)]
[2025-08-26 19:54:05] Winrate vs single_only :  77.0% | Σ-Reward:  5393.0 | Ø-Reward:  2.696 | Places: [1540 (0.77), 326 (0.16), 121 (0.06), 13 (0.01)]
[2025-08-26 19:54:06] Timing @ep 230000: episode 22.0s | train 0.000s | eval 20.2s | plot 1.6s | save 0.004s | cum 20.44h
[2025-08-26 20:36:32] 
[2025-08-26 20:36:32] Benchmark @train_ep  240000 (bench_eps: 2000)
[2025-08-26 20:36:32] Macro Winrate          :  71.2%
[2025-08-26 20:36:32] Macro Ø-Reward         :  2.582
[2025-08-26 20:36:32] Winrate vs max_combo   :  52.1% | Σ-Reward:  4470.0 | Ø-Reward:  2.235 | Places: [1043 (0.52), 539 (0.27), 263 (0.13), 155 (0.08)]
[2025-08-26 20:36:32] Winrate vs random2     :  79.2% | Σ-Reward:  5475.0 | Ø-Reward:  2.737 | Places: [1584 (0.79), 323 (0.16), 77 (0.04), 16 (0.01)]
[2025-08-26 20:36:32] Winrate vs single_only :  82.2% | Σ-Reward:  5549.0 | Ø-Reward:  2.775 | Places: [1645 (0.82), 269 (0.13), 76 (0.04), 10 (0.01)]
[2025-08-26 20:36:33] Timing @ep 240000: episode 22.0s | train 0.000s | eval 20.6s | plot 1.2s | save 0.004s | cum 21.15h
[2025-08-26 21:20:38] 
[2025-08-26 21:20:38] Benchmark @train_ep  250000 (bench_eps: 2000)
[2025-08-26 21:20:38] Macro Winrate          :  69.9%
[2025-08-26 21:20:38] Macro Ø-Reward         :  2.569
[2025-08-26 21:20:38] Winrate vs max_combo   :  54.9% | Σ-Reward:  4555.0 | Ø-Reward:  2.277 | Places: [1097 (0.55), 514 (0.26), 236 (0.12), 153 (0.08)]
[2025-08-26 21:20:38] Winrate vs random2     :  77.7% | Σ-Reward:  5466.0 | Ø-Reward:  2.733 | Places: [1553 (0.78), 370 (0.18), 67 (0.03), 10 (0.01)]
[2025-08-26 21:20:38] Winrate vs single_only :  77.2% | Σ-Reward:  5395.0 | Ø-Reward:  2.697 | Places: [1543 (0.77), 324 (0.16), 118 (0.06), 15 (0.01)]
[2025-08-26 21:20:40] Timing @ep 250000: episode 24.7s | train 0.000s | eval 22.6s | plot 1.8s | save 0.006s | cum 21.88h
[2025-08-26 22:08:50] 
[2025-08-26 22:08:50] Benchmark @train_ep  260000 (bench_eps: 2000)
[2025-08-26 22:08:50] Macro Winrate          :  73.2%
[2025-08-26 22:08:50] Macro Ø-Reward         :  2.603
[2025-08-26 22:08:50] Winrate vs max_combo   :  56.2% | Σ-Reward:  4565.0 | Ø-Reward:  2.283 | Places: [1124 (0.56), 475 (0.24), 243 (0.12), 158 (0.08)]
[2025-08-26 22:08:50] Winrate vs random2     :  81.0% | Σ-Reward:  5529.0 | Ø-Reward:  2.764 | Places: [1619 (0.81), 303 (0.15), 66 (0.03), 12 (0.01)]
[2025-08-26 22:08:50] Winrate vs single_only :  82.5% | Σ-Reward:  5524.0 | Ø-Reward:  2.762 | Places: [1650 (0.82), 243 (0.12), 88 (0.04), 19 (0.01)]
[2025-08-26 22:08:51] Timing @ep 260000: episode 24.4s | train 0.000s | eval 22.4s | plot 1.7s | save 0.005s | cum 22.68h
[2025-08-26 22:57:25] 
[2025-08-26 22:57:25] Benchmark @train_ep  270000 (bench_eps: 2000)
[2025-08-26 22:57:25] Macro Winrate          :  73.1%
[2025-08-26 22:57:25] Macro Ø-Reward         :  2.606
[2025-08-26 22:57:25] Winrate vs max_combo   :  55.5% | Σ-Reward:  4569.0 | Ø-Reward:  2.284 | Places: [1110 (0.56), 498 (0.25), 243 (0.12), 149 (0.07)]
[2025-08-26 22:57:25] Winrate vs random2     :  80.7% | Σ-Reward:  5519.0 | Ø-Reward:  2.760 | Places: [1613 (0.81), 310 (0.15), 60 (0.03), 17 (0.01)]
[2025-08-26 22:57:25] Winrate vs single_only :  83.2% | Σ-Reward:  5545.0 | Ø-Reward:  2.772 | Places: [1663 (0.83), 240 (0.12), 76 (0.04), 21 (0.01)]
[2025-08-26 22:57:26] Timing @ep 270000: episode 23.6s | train 0.000s | eval 22.2s | plot 1.1s | save 0.005s | cum 23.49h
[2025-08-26 23:45:56] 
[2025-08-26 23:45:56] Benchmark @train_ep  280000 (bench_eps: 2000)
[2025-08-26 23:45:56] Macro Winrate          :  71.4%
[2025-08-26 23:45:56] Macro Ø-Reward         :  2.583
[2025-08-26 23:45:56] Winrate vs max_combo   :  56.1% | Σ-Reward:  4606.0 | Ø-Reward:  2.303 | Places: [1123 (0.56), 494 (0.25), 249 (0.12), 134 (0.07)]
[2025-08-26 23:45:56] Winrate vs random2     :  79.5% | Σ-Reward:  5469.0 | Ø-Reward:  2.735 | Places: [1591 (0.80), 304 (0.15), 88 (0.04), 17 (0.01)]
[2025-08-26 23:45:56] Winrate vs single_only :  78.3% | Σ-Reward:  5423.0 | Ø-Reward:  2.712 | Places: [1567 (0.78), 304 (0.15), 114 (0.06), 15 (0.01)]
[2025-08-26 23:45:58] Timing @ep 280000: episode 24.2s | train 0.000s | eval 22.3s | plot 1.6s | save 0.006s | cum 24.30h
[2025-08-27 00:34:15] 
[2025-08-27 00:34:15] Benchmark @train_ep  290000 (bench_eps: 2000)
[2025-08-27 00:34:15] Macro Winrate          :  72.4%
[2025-08-27 00:34:15] Macro Ø-Reward         :  2.603
[2025-08-27 00:34:15] Winrate vs max_combo   :  56.6% | Σ-Reward:  4656.0 | Ø-Reward:  2.328 | Places: [1132 (0.57), 513 (0.26), 234 (0.12), 121 (0.06)]
[2025-08-27 00:34:15] Winrate vs random2     :  79.4% | Σ-Reward:  5466.0 | Ø-Reward:  2.733 | Places: [1588 (0.79), 311 (0.16), 80 (0.04), 21 (0.01)]
[2025-08-27 00:34:15] Winrate vs single_only :  81.2% | Σ-Reward:  5495.0 | Ø-Reward:  2.748 | Places: [1625 (0.81), 265 (0.13), 90 (0.04), 20 (0.01)]
[2025-08-27 00:34:16] Timing @ep 290000: episode 23.8s | train 0.000s | eval 22.3s | plot 1.3s | save 0.005s | cum 25.11h
[2025-08-27 01:22:22] 
[2025-08-27 01:22:22] Benchmark @train_ep  300000 (bench_eps: 2000)
[2025-08-27 01:22:22] Macro Winrate          :  73.0%
[2025-08-27 01:22:22] Macro Ø-Reward         :  2.608
[2025-08-27 01:22:22] Winrate vs max_combo   :  55.6% | Σ-Reward:  4562.0 | Ø-Reward:  2.281 | Places: [1113 (0.56), 476 (0.24), 271 (0.14), 140 (0.07)]
[2025-08-27 01:22:22] Winrate vs random2     :  81.0% | Σ-Reward:  5541.0 | Ø-Reward:  2.771 | Places: [1619 (0.81), 313 (0.16), 58 (0.03), 10 (0.01)]
[2025-08-27 01:22:22] Winrate vs single_only :  82.5% | Σ-Reward:  5543.0 | Ø-Reward:  2.772 | Places: [1651 (0.83), 254 (0.13), 82 (0.04), 13 (0.01)]
[2025-08-27 01:22:23] Timing @ep 300000: episode 23.6s | train 0.000s | eval 22.1s | plot 1.3s | save 0.006s | cum 25.91h
[2025-08-27 02:10:41] 
[2025-08-27 02:10:41] Benchmark @train_ep  310000 (bench_eps: 2000)
[2025-08-27 02:10:41] Macro Winrate          :  73.4%
[2025-08-27 02:10:41] Macro Ø-Reward         :  2.616
[2025-08-27 02:10:41] Winrate vs max_combo   :  55.8% | Σ-Reward:  4627.0 | Ø-Reward:  2.313 | Places: [1116 (0.56), 512 (0.26), 255 (0.13), 117 (0.06)]
[2025-08-27 02:10:41] Winrate vs random2     :  81.7% | Σ-Reward:  5547.0 | Ø-Reward:  2.773 | Places: [1634 (0.82), 295 (0.15), 55 (0.03), 16 (0.01)]
[2025-08-27 02:10:41] Winrate vs single_only :  82.7% | Σ-Reward:  5520.0 | Ø-Reward:  2.760 | Places: [1653 (0.83), 233 (0.12), 95 (0.05), 19 (0.01)]
[2025-08-27 02:10:43] Timing @ep 310000: episode 24.6s | train 0.000s | eval 22.4s | plot 1.8s | save 0.006s | cum 26.72h
[2025-08-27 02:59:02] 
[2025-08-27 02:59:02] Benchmark @train_ep  320000 (bench_eps: 2000)
[2025-08-27 02:59:02] Macro Winrate          :  73.2%
[2025-08-27 02:59:02] Macro Ø-Reward         :  2.619
[2025-08-27 02:59:02] Winrate vs max_combo   :  54.2% | Σ-Reward:  4594.0 | Ø-Reward:  2.297 | Places: [1085 (0.54), 555 (0.28), 229 (0.11), 131 (0.07)]
[2025-08-27 02:59:02] Winrate vs random2     :  82.6% | Σ-Reward:  5574.0 | Ø-Reward:  2.787 | Places: [1652 (0.83), 282 (0.14), 54 (0.03), 12 (0.01)]
[2025-08-27 02:59:02] Winrate vs single_only :  82.9% | Σ-Reward:  5545.0 | Ø-Reward:  2.772 | Places: [1658 (0.83), 246 (0.12), 79 (0.04), 17 (0.01)]
[2025-08-27 02:59:03] Timing @ep 320000: episode 24.0s | train 0.000s | eval 22.4s | plot 1.3s | save 0.005s | cum 27.52h
[2025-08-27 03:47:34] 
[2025-08-27 03:47:34] Benchmark @train_ep  330000 (bench_eps: 2000)
[2025-08-27 03:47:34] Macro Winrate          :  73.1%
[2025-08-27 03:47:34] Macro Ø-Reward         :  2.610
[2025-08-27 03:47:34] Winrate vs max_combo   :  57.0% | Σ-Reward:  4649.0 | Ø-Reward:  2.325 | Places: [1139 (0.57), 504 (0.25), 224 (0.11), 133 (0.07)]
[2025-08-27 03:47:34] Winrate vs random2     :  79.8% | Σ-Reward:  5469.0 | Ø-Reward:  2.735 | Places: [1597 (0.80), 295 (0.15), 88 (0.04), 20 (0.01)]
[2025-08-27 03:47:34] Winrate vs single_only :  82.5% | Σ-Reward:  5544.0 | Ø-Reward:  2.772 | Places: [1649 (0.82), 256 (0.13), 85 (0.04), 10 (0.01)]
[2025-08-27 03:47:35] Timing @ep 330000: episode 25.1s | train 0.000s | eval 23.2s | plot 1.6s | save 0.007s | cum 28.33h
[2025-08-27 04:36:08] 
[2025-08-27 04:36:08] Benchmark @train_ep  340000 (bench_eps: 2000)
[2025-08-27 04:36:08] Macro Winrate          :  72.2%
[2025-08-27 04:36:08] Macro Ø-Reward         :  2.600
[2025-08-27 04:36:08] Winrate vs max_combo   :  55.2% | Σ-Reward:  4643.0 | Ø-Reward:  2.321 | Places: [1104 (0.55), 540 (0.27), 251 (0.13), 105 (0.05)]
[2025-08-27 04:36:08] Winrate vs random2     :  80.0% | Σ-Reward:  5495.0 | Ø-Reward:  2.748 | Places: [1601 (0.80), 307 (0.15), 78 (0.04), 14 (0.01)]
[2025-08-27 04:36:08] Winrate vs single_only :  81.2% | Σ-Reward:  5460.0 | Ø-Reward:  2.730 | Places: [1625 (0.81), 230 (0.12), 125 (0.06), 20 (0.01)]
[2025-08-27 04:36:10] Timing @ep 340000: episode 24.3s | train 0.000s | eval 22.3s | plot 1.7s | save 0.007s | cum 29.14h
[2025-08-27 05:24:30] 
[2025-08-27 05:24:30] Benchmark @train_ep  350000 (bench_eps: 2000)
[2025-08-27 05:24:30] Macro Winrate          :  70.9%
[2025-08-27 05:24:30] Macro Ø-Reward         :  2.593
[2025-08-27 05:24:30] Winrate vs max_combo   :  54.7% | Σ-Reward:  4618.0 | Ø-Reward:  2.309 | Places: [1094 (0.55), 551 (0.28), 234 (0.12), 121 (0.06)]
[2025-08-27 05:24:30] Winrate vs random2     :  79.4% | Σ-Reward:  5503.0 | Ø-Reward:  2.752 | Places: [1588 (0.79), 339 (0.17), 61 (0.03), 12 (0.01)]
[2025-08-27 05:24:30] Winrate vs single_only :  78.7% | Σ-Reward:  5439.0 | Ø-Reward:  2.720 | Places: [1574 (0.79), 309 (0.15), 99 (0.05), 18 (0.01)]
[2025-08-27 05:24:31] Timing @ep 350000: episode 23.9s | train 0.000s | eval 22.4s | plot 1.2s | save 0.006s | cum 29.95h
[2025-08-27 06:12:48] 
[2025-08-27 06:12:48] Benchmark @train_ep  360000 (bench_eps: 2000)
[2025-08-27 06:12:48] Macro Winrate          :  73.9%
[2025-08-27 06:12:48] Macro Ø-Reward         :  2.629
[2025-08-27 06:12:48] Winrate vs max_combo   :  57.3% | Σ-Reward:  4670.0 | Ø-Reward:  2.335 | Places: [1146 (0.57), 502 (0.25), 228 (0.11), 124 (0.06)]
[2025-08-27 06:12:48] Winrate vs random2     :  81.5% | Σ-Reward:  5538.0 | Ø-Reward:  2.769 | Places: [1631 (0.82), 290 (0.14), 65 (0.03), 14 (0.01)]
[2025-08-27 06:12:48] Winrate vs single_only :  82.8% | Σ-Reward:  5567.0 | Ø-Reward:  2.784 | Places: [1657 (0.83), 264 (0.13), 68 (0.03), 11 (0.01)]
[2025-08-27 06:12:50] Timing @ep 360000: episode 22.1s | train 0.000s | eval 20.0s | plot 1.8s | save 0.005s | cum 30.75h
[2025-08-27 07:01:27] 
[2025-08-27 07:01:27] Benchmark @train_ep  370000 (bench_eps: 2000)
[2025-08-27 07:01:27] Macro Winrate          :  74.3%
[2025-08-27 07:01:27] Macro Ø-Reward         :  2.635
[2025-08-27 07:01:27] Winrate vs max_combo   :  58.7% | Σ-Reward:  4731.0 | Ø-Reward:  2.365 | Places: [1174 (0.59), 504 (0.25), 201 (0.10), 121 (0.06)]
[2025-08-27 07:01:27] Winrate vs random2     :  81.3% | Σ-Reward:  5542.0 | Ø-Reward:  2.771 | Places: [1626 (0.81), 298 (0.15), 68 (0.03), 8 (0.00)]
[2025-08-27 07:01:27] Winrate vs single_only :  83.0% | Σ-Reward:  5540.0 | Ø-Reward:  2.770 | Places: [1659 (0.83), 240 (0.12), 83 (0.04), 18 (0.01)]
[2025-08-27 07:01:29] Timing @ep 370000: episode 22.4s | train 0.000s | eval 20.2s | plot 1.9s | save 0.005s | cum 31.56h
[2025-08-27 07:48:42] 
[2025-08-27 07:48:42] Benchmark @train_ep  380000 (bench_eps: 2000)
[2025-08-27 07:48:42] Macro Winrate          :  73.2%
[2025-08-27 07:48:42] Macro Ø-Reward         :  2.631
[2025-08-27 07:48:42] Winrate vs max_combo   :  55.9% | Σ-Reward:  4696.0 | Ø-Reward:  2.348 | Places: [1118 (0.56), 561 (0.28), 220 (0.11), 101 (0.05)]
[2025-08-27 07:48:42] Winrate vs random2     :  80.9% | Σ-Reward:  5541.0 | Ø-Reward:  2.771 | Places: [1618 (0.81), 311 (0.16), 65 (0.03), 6 (0.00)]
[2025-08-27 07:48:42] Winrate vs single_only :  82.8% | Σ-Reward:  5551.0 | Ø-Reward:  2.776 | Places: [1657 (0.83), 251 (0.13), 78 (0.04), 14 (0.01)]
[2025-08-27 07:48:43] Timing @ep 380000: episode 23.2s | train 0.000s | eval 21.6s | plot 1.3s | save 0.010s | cum 32.35h
[2025-08-27 08:36:53] 
[2025-08-27 08:36:53] Benchmark @train_ep  390000 (bench_eps: 2000)
[2025-08-27 08:36:53] Macro Winrate          :  73.8%
[2025-08-27 08:36:53] Macro Ø-Reward         :  2.633
[2025-08-27 08:36:53] Winrate vs max_combo   :  56.9% | Σ-Reward:  4699.0 | Ø-Reward:  2.349 | Places: [1138 (0.57), 528 (0.26), 229 (0.11), 105 (0.05)]
[2025-08-27 08:36:53] Winrate vs random2     :  83.3% | Σ-Reward:  5581.0 | Ø-Reward:  2.791 | Places: [1667 (0.83), 263 (0.13), 54 (0.03), 16 (0.01)]
[2025-08-27 08:36:53] Winrate vs single_only :  81.2% | Σ-Reward:  5516.0 | Ø-Reward:  2.758 | Places: [1625 (0.81), 281 (0.14), 79 (0.04), 15 (0.01)]
[2025-08-27 08:36:56] Timing @ep 390000: episode 23.8s | train 0.000s | eval 20.8s | plot 2.7s | save 0.006s | cum 33.15h
[2025-08-27 09:25:00] 
[2025-08-27 09:25:00] Benchmark @train_ep  400000 (bench_eps: 2000)
[2025-08-27 09:25:00] Macro Winrate          :  73.2%
[2025-08-27 09:25:00] Macro Ø-Reward         :  2.623
[2025-08-27 09:25:00] Winrate vs max_combo   :  56.6% | Σ-Reward:  4704.0 | Ø-Reward:  2.352 | Places: [1133 (0.57), 546 (0.27), 213 (0.11), 108 (0.05)]
[2025-08-27 09:25:00] Winrate vs random2     :  82.2% | Σ-Reward:  5542.0 | Ø-Reward:  2.771 | Places: [1643 (0.82), 275 (0.14), 63 (0.03), 19 (0.01)]
[2025-08-27 09:25:00] Winrate vs single_only :  80.8% | Σ-Reward:  5490.0 | Ø-Reward:  2.745 | Places: [1617 (0.81), 267 (0.13), 105 (0.05), 11 (0.01)]
[2025-08-27 09:25:03] Timing @ep 400000: episode 24.6s | train 0.000s | eval 21.1s | plot 3.1s | save 0.010s | cum 33.95h
[2025-08-27 10:13:42] 
[2025-08-27 10:13:42] Benchmark @train_ep  410000 (bench_eps: 2000)
[2025-08-27 10:13:42] Macro Winrate          :  75.0%
[2025-08-27 10:13:42] Macro Ø-Reward         :  2.651
[2025-08-27 10:13:42] Winrate vs max_combo   :  58.2% | Σ-Reward:  4747.0 | Ø-Reward:  2.373 | Places: [1165 (0.58), 526 (0.26), 200 (0.10), 109 (0.05)]
[2025-08-27 10:13:42] Winrate vs random2     :  83.4% | Σ-Reward:  5589.0 | Ø-Reward:  2.795 | Places: [1668 (0.83), 264 (0.13), 57 (0.03), 11 (0.01)]
[2025-08-27 10:13:42] Winrate vs single_only :  83.3% | Σ-Reward:  5572.0 | Ø-Reward:  2.786 | Places: [1666 (0.83), 251 (0.13), 72 (0.04), 11 (0.01)]
[2025-08-27 10:13:44] Timing @ep 410000: episode 24.6s | train 0.000s | eval 22.8s | plot 1.5s | save 0.013s | cum 34.77h
[2025-08-27 11:01:53] 
[2025-08-27 11:01:53] Benchmark @train_ep  420000 (bench_eps: 2000)
[2025-08-27 11:01:53] Macro Winrate          :  73.5%
[2025-08-27 11:01:53] Macro Ø-Reward         :  2.617
[2025-08-27 11:01:53] Winrate vs max_combo   :  57.3% | Σ-Reward:  4677.0 | Ø-Reward:  2.338 | Places: [1146 (0.57), 504 (0.25), 231 (0.12), 119 (0.06)]
[2025-08-27 11:01:53] Winrate vs random2     :  81.2% | Σ-Reward:  5514.0 | Ø-Reward:  2.757 | Places: [1625 (0.81), 293 (0.15), 53 (0.03), 29 (0.01)]
[2025-08-27 11:01:53] Winrate vs single_only :  81.8% | Σ-Reward:  5511.0 | Ø-Reward:  2.756 | Places: [1637 (0.82), 257 (0.13), 86 (0.04), 20 (0.01)]
[2025-08-27 11:01:56] Timing @ep 420000: episode 24.7s | train 0.000s | eval 21.4s | plot 2.9s | save 0.007s | cum 35.57h
[2025-08-27 11:51:28] 
[2025-08-27 11:51:28] Benchmark @train_ep  430000 (bench_eps: 2000)
[2025-08-27 11:51:28] Macro Winrate          :  72.8%
[2025-08-27 11:51:28] Macro Ø-Reward         :  2.617
[2025-08-27 11:51:28] Winrate vs max_combo   :  55.9% | Σ-Reward:  4675.0 | Ø-Reward:  2.337 | Places: [1117 (0.56), 532 (0.27), 260 (0.13), 91 (0.05)]
[2025-08-27 11:51:28] Winrate vs random2     :  81.7% | Σ-Reward:  5549.0 | Ø-Reward:  2.775 | Places: [1634 (0.82), 294 (0.15), 59 (0.03), 13 (0.01)]
[2025-08-27 11:51:28] Winrate vs single_only :  80.8% | Σ-Reward:  5478.0 | Ø-Reward:  2.739 | Places: [1615 (0.81), 260 (0.13), 113 (0.06), 12 (0.01)]
[2025-08-27 11:51:30] Timing @ep 430000: episode 24.7s | train 0.000s | eval 22.0s | plot 2.4s | save 0.006s | cum 36.40h
[2025-08-27 12:40:18] 
[2025-08-27 12:40:18] Benchmark @train_ep  440000 (bench_eps: 2000)
[2025-08-27 12:40:18] Macro Winrate          :  73.8%
[2025-08-27 12:40:18] Macro Ø-Reward         :  2.624
[2025-08-27 12:40:18] Winrate vs max_combo   :  57.0% | Σ-Reward:  4687.0 | Ø-Reward:  2.344 | Places: [1141 (0.57), 511 (0.26), 242 (0.12), 106 (0.05)]
[2025-08-27 12:40:18] Winrate vs random2     :  83.5% | Σ-Reward:  5590.0 | Ø-Reward:  2.795 | Places: [1669 (0.83), 266 (0.13), 51 (0.03), 14 (0.01)]
[2025-08-27 12:40:18] Winrate vs single_only :  81.0% | Σ-Reward:  5468.0 | Ø-Reward:  2.734 | Places: [1619 (0.81), 255 (0.13), 101 (0.05), 25 (0.01)]
[2025-08-27 12:40:19] Timing @ep 440000: episode 24.3s | train 0.000s | eval 22.8s | plot 1.2s | save 0.004s | cum 37.21h
[2025-08-27 13:28:56] 
[2025-08-27 13:28:56] Benchmark @train_ep  450000 (bench_eps: 2000)
[2025-08-27 13:28:56] Macro Winrate          :  73.6%
[2025-08-27 13:28:56] Macro Ø-Reward         :  2.631
[2025-08-27 13:28:56] Winrate vs max_combo   :  58.0% | Σ-Reward:  4747.0 | Ø-Reward:  2.373 | Places: [1160 (0.58), 530 (0.27), 207 (0.10), 103 (0.05)]
[2025-08-27 13:28:56] Winrate vs random2     :  82.3% | Σ-Reward:  5558.0 | Ø-Reward:  2.779 | Places: [1647 (0.82), 279 (0.14), 59 (0.03), 15 (0.01)]
[2025-08-27 13:28:56] Winrate vs single_only :  80.5% | Σ-Reward:  5481.0 | Ø-Reward:  2.740 | Places: [1610 (0.81), 269 (0.13), 113 (0.06), 8 (0.00)]
[2025-08-27 13:28:57] Timing @ep 450000: episode 22.8s | train 0.000s | eval 20.6s | plot 1.8s | save 0.011s | cum 38.02h
[2025-08-27 14:18:02] 
[2025-08-27 14:18:02] Benchmark @train_ep  460000 (bench_eps: 2000)
[2025-08-27 14:18:02] Macro Winrate          :  72.5%
[2025-08-27 14:18:02] Macro Ø-Reward         :  2.608
[2025-08-27 14:18:02] Winrate vs max_combo   :  56.4% | Σ-Reward:  4654.0 | Ø-Reward:  2.327 | Places: [1128 (0.56), 514 (0.26), 242 (0.12), 116 (0.06)]
[2025-08-27 14:18:02] Winrate vs random2     :  80.5% | Σ-Reward:  5509.0 | Ø-Reward:  2.755 | Places: [1611 (0.81), 305 (0.15), 66 (0.03), 18 (0.01)]
[2025-08-27 14:18:02] Winrate vs single_only :  80.7% | Σ-Reward:  5483.0 | Ø-Reward:  2.741 | Places: [1613 (0.81), 267 (0.13), 110 (0.06), 10 (0.01)]
[2025-08-27 14:18:03] Timing @ep 460000: episode 27.4s | train 0.000s | eval 25.5s | plot 1.6s | save 0.011s | cum 38.84h
[2025-08-27 15:08:10] 
[2025-08-27 15:08:10] Benchmark @train_ep  470000 (bench_eps: 2000)
[2025-08-27 15:08:10] Macro Winrate          :  74.5%
[2025-08-27 15:08:10] Macro Ø-Reward         :  2.639
[2025-08-27 15:08:10] Winrate vs max_combo   :  58.8% | Σ-Reward:  4724.0 | Ø-Reward:  2.362 | Places: [1176 (0.59), 492 (0.25), 212 (0.11), 120 (0.06)]
[2025-08-27 15:08:10] Winrate vs random2     :  83.5% | Σ-Reward:  5595.0 | Ø-Reward:  2.797 | Places: [1670 (0.83), 265 (0.13), 55 (0.03), 10 (0.01)]
[2025-08-27 15:08:10] Winrate vs single_only :  81.2% | Σ-Reward:  5512.0 | Ø-Reward:  2.756 | Places: [1623 (0.81), 282 (0.14), 79 (0.04), 16 (0.01)]
[2025-08-27 15:08:11] Timing @ep 470000: episode 24.1s | train 0.000s | eval 22.3s | plot 1.5s | save 0.008s | cum 39.67h
[2025-08-27 15:53:47] 
[2025-08-27 15:53:47] Benchmark @train_ep  480000 (bench_eps: 2000)
[2025-08-27 15:53:47] Macro Winrate          :  74.0%
[2025-08-27 15:53:47] Macro Ø-Reward         :  2.639
[2025-08-27 15:53:47] Winrate vs max_combo   :  57.1% | Σ-Reward:  4715.0 | Ø-Reward:  2.357 | Places: [1142 (0.57), 540 (0.27), 209 (0.10), 109 (0.05)]
[2025-08-27 15:53:47] Winrate vs random2     :  82.8% | Σ-Reward:  5582.0 | Ø-Reward:  2.791 | Places: [1657 (0.83), 281 (0.14), 49 (0.02), 13 (0.01)]
[2025-08-27 15:53:47] Winrate vs single_only :  82.0% | Σ-Reward:  5537.0 | Ø-Reward:  2.768 | Places: [1641 (0.82), 267 (0.13), 80 (0.04), 12 (0.01)]
[2025-08-27 15:53:50] Timing @ep 480000: episode 22.0s | train 0.000s | eval 19.5s | plot 2.3s | save 0.006s | cum 40.43h
[2025-08-27 16:36:05] 
[2025-08-27 16:36:05] Benchmark @train_ep  490000 (bench_eps: 2000)
[2025-08-27 16:36:05] Macro Winrate          :  72.5%
[2025-08-27 16:36:05] Macro Ø-Reward         :  2.603
[2025-08-27 16:36:05] Winrate vs max_combo   :  56.8% | Σ-Reward:  4636.0 | Ø-Reward:  2.318 | Places: [1135 (0.57), 502 (0.25), 227 (0.11), 136 (0.07)]
[2025-08-27 16:36:05] Winrate vs random2     :  79.5% | Σ-Reward:  5483.0 | Ø-Reward:  2.741 | Places: [1589 (0.79), 323 (0.16), 70 (0.04), 18 (0.01)]
[2025-08-27 16:36:05] Winrate vs single_only :  81.2% | Σ-Reward:  5500.0 | Ø-Reward:  2.750 | Places: [1624 (0.81), 266 (0.13), 96 (0.05), 14 (0.01)]
[2025-08-27 16:36:06] Timing @ep 490000: episode 21.5s | train 0.000s | eval 20.2s | plot 1.0s | save 0.004s | cum 41.14h
[2025-08-27 17:18:27] 
[2025-08-27 17:18:27] Benchmark @train_ep  500000 (bench_eps: 2000)
[2025-08-27 17:18:27] Macro Winrate          :  74.2%
[2025-08-27 17:18:27] Macro Ø-Reward         :  2.628
[2025-08-27 17:18:27] Winrate vs max_combo   :  58.4% | Σ-Reward:  4697.0 | Ø-Reward:  2.349 | Places: [1168 (0.58), 490 (0.24), 213 (0.11), 129 (0.06)]
[2025-08-27 17:18:27] Winrate vs random2     :  82.8% | Σ-Reward:  5575.0 | Ø-Reward:  2.788 | Places: [1655 (0.83), 280 (0.14), 50 (0.03), 15 (0.01)]
[2025-08-27 17:18:27] Winrate vs single_only :  81.5% | Σ-Reward:  5498.0 | Ø-Reward:  2.749 | Places: [1631 (0.82), 251 (0.13), 103 (0.05), 15 (0.01)]
[2025-08-27 17:18:29] Timing @ep 500000: episode 21.4s | train 0.000s | eval 19.6s | plot 1.5s | save 0.004s | cum 41.85h
[2025-08-27 17:18:29] 
[2025-08-27 17:18:29] Gesamtzeit: 41.85h (~ 3.32 eps/s)
[2025-08-27 17:18:29] k2a2, Multi Agent RL (IQL). Training abgeschlossen.
[2025-08-27 17:18:29] Path: /home/wasterix/OpenSpiel/open_spiel/President/models/k2a2/model_02
