[2025-08-25 07:48:25] New Training (k1a1)
[2025-08-25 07:48:25] Deck_Size: 64
[2025-08-25 07:48:25] Episodes: 50000
[2025-08-25 07:48:25] Path: /home/wasterix/OpenSpiel/open_spiel/President/models/k1a1/model_89
[2025-08-25 07:50:12] 
[2025-08-25 07:50:12] Benchmark @train_ep    5000 (bench_eps: 2000)
[2025-08-25 07:50:12] Macro Winrate          :  52.5%
[2025-08-25 07:50:12] Macro Ø-Reward         :  2.261
[2025-08-25 07:50:12] Winrate vs max_combo   :  31.2% | Σ-Reward:  3463.0 | Ø-Reward:  1.732 | Places: [624 (0.31), 562 (0.28), 467 (0.23), 347 (0.17)]
[2025-08-25 07:50:12] Winrate vs random2     :  71.7% | Σ-Reward:  5250.0 | Ø-Reward:  2.625 | Places: [1433 (0.72), 420 (0.21), 111 (0.06), 36 (0.02)]
[2025-08-25 07:50:12] Winrate vs single_only :  54.5% | Σ-Reward:  4856.0 | Ø-Reward:  2.428 | Places: [1090 (0.55), 703 (0.35), 180 (0.09), 27 (0.01)]
[2025-08-25 07:50:15] Timing @ep 5000: episode 43.9s | train 0.003s | eval 40.6s | plot 3.3s | save 0.002s | cum 0.03h
[2025-08-25 07:52:02] 
[2025-08-25 07:52:02] Benchmark @train_ep   10000 (bench_eps: 2000)
[2025-08-25 07:52:02] Macro Winrate          :  49.2%
[2025-08-25 07:52:02] Macro Ø-Reward         :  2.292
[2025-08-25 07:52:02] Winrate vs max_combo   :  29.5% | Σ-Reward:  3725.0 | Ø-Reward:  1.863 | Places: [590 (0.29), 756 (0.38), 443 (0.22), 211 (0.11)]
[2025-08-25 07:52:02] Winrate vs random2     :  70.3% | Σ-Reward:  5308.0 | Ø-Reward:  2.654 | Places: [1406 (0.70), 508 (0.25), 74 (0.04), 12 (0.01)]
[2025-08-25 07:52:02] Winrate vs single_only :  48.0% | Σ-Reward:  4718.0 | Ø-Reward:  2.359 | Places: [959 (0.48), 823 (0.41), 195 (0.10), 23 (0.01)]
[2025-08-25 07:52:08] Timing @ep 10000: episode 48.4s | train 0.003s | eval 43.0s | plot 5.3s | save 0.002s | cum 0.06h
