[2025-09-04 08:25:46] New Training (k1a1)
[2025-09-04 08:25:46] Deck_Size: 16
[2025-09-04 08:25:46] Episodes: 20000
[2025-09-04 08:25:46] Path: /home/wasterix/OpenSpiel/open_spiel/President/models/k1a1/model_07
[2025-09-04 08:25:47] [Population] Initiales Lineup: ['single_only', 'single_only', 'single_only']
[2025-09-04 08:26:52] 
[2025-09-04 08:26:52] Benchmark @train_ep     500 (bench_eps: 4000)
[2025-09-04 08:26:52] Macro Winrate          :  30.8%
[2025-09-04 08:26:52] Macro Ø-Reward         :  1.511
[2025-09-04 08:26:52] Winrate vs max_combo   :  28.5% | Σ-Reward:  5801.0 | Ø-Reward:  1.450 | Places: [1139 (0.28), 766 (0.19), 852 (0.21), 1243 (0.31)]
[2025-09-04 08:26:52] Winrate vs random2     :  27.2% | Σ-Reward:  6312.0 | Ø-Reward:  1.578 | Places: [1087 (0.27), 1030 (0.26), 991 (0.25), 892 (0.22)]
[2025-09-04 08:26:52] Winrate vs single_only :  50.7% | Σ-Reward:  7813.0 | Ø-Reward:  1.953 | Places: [2027 (0.51), 477 (0.12), 778 (0.19), 718 (0.18)]
[2025-09-04 08:26:52] Winrate vs v_table     :  17.1% | Σ-Reward:  4250.0 | Ø-Reward:  1.062 | Places: [682 (0.17), 753 (0.19), 698 (0.17), 1867 (0.47)]
[2025-09-04 08:27:59] 
[2025-09-04 08:27:59] Benchmark @train_ep    1000 (bench_eps: 4000)
[2025-09-04 08:27:59] Macro Winrate          :  31.1%
[2025-09-04 08:27:59] Macro Ø-Reward         :  1.541
[2025-09-04 08:27:59] Winrate vs max_combo   :  28.1% | Σ-Reward:  5941.0 | Ø-Reward:  1.485 | Places: [1124 (0.28), 837 (0.21), 895 (0.22), 1144 (0.29)]
[2025-09-04 08:27:59] Winrate vs random2     :  26.5% | Σ-Reward:  6350.0 | Ø-Reward:  1.587 | Places: [1059 (0.26), 1084 (0.27), 1005 (0.25), 852 (0.21)]
[2025-09-04 08:27:59] Winrate vs single_only :  52.8% | Σ-Reward:  8118.0 | Ø-Reward:  2.030 | Places: [2111 (0.53), 507 (0.13), 771 (0.19), 611 (0.15)]
[2025-09-04 08:27:59] Winrate vs v_table     :  16.9% | Σ-Reward:  4246.0 | Ø-Reward:  1.062 | Places: [678 (0.17), 754 (0.19), 704 (0.18), 1864 (0.47)]
[2025-09-04 08:29:04] 
[2025-09-04 08:29:04] Benchmark @train_ep    1500 (bench_eps: 4000)
[2025-09-04 08:29:04] Macro Winrate          :  32.3%
[2025-09-04 08:29:04] Macro Ø-Reward         :  1.575
[2025-09-04 08:29:04] Winrate vs max_combo   :  28.6% | Σ-Reward:  6018.0 | Ø-Reward:  1.504 | Places: [1145 (0.29), 844 (0.21), 895 (0.22), 1116 (0.28)]
[2025-09-04 08:29:04] Winrate vs random2     :  30.3% | Σ-Reward:  6711.0 | Ø-Reward:  1.678 | Places: [1212 (0.30), 1076 (0.27), 923 (0.23), 789 (0.20)]
[2025-09-04 08:29:04] Winrate vs single_only :  53.1% | Σ-Reward:  8127.0 | Ø-Reward:  2.032 | Places: [2126 (0.53), 502 (0.13), 745 (0.19), 627 (0.16)]
[2025-09-04 08:29:04] Winrate vs v_table     :  17.1% | Σ-Reward:  4342.0 | Ø-Reward:  1.085 | Places: [686 (0.17), 763 (0.19), 758 (0.19), 1793 (0.45)]
[2025-09-04 08:30:06] 
[2025-09-04 08:30:06] Benchmark @train_ep    2000 (bench_eps: 4000)
[2025-09-04 08:30:06] Macro Winrate          :  31.9%
[2025-09-04 08:30:06] Macro Ø-Reward         :  1.552
[2025-09-04 08:30:06] Winrate vs max_combo   :  27.8% | Σ-Reward:  5877.0 | Ø-Reward:  1.469 | Places: [1111 (0.28), 846 (0.21), 852 (0.21), 1191 (0.30)]
[2025-09-04 08:30:06] Winrate vs random2     :  28.2% | Σ-Reward:  6466.0 | Ø-Reward:  1.617 | Places: [1128 (0.28), 1098 (0.27), 886 (0.22), 888 (0.22)]
[2025-09-04 08:30:06] Winrate vs single_only :  55.8% | Σ-Reward:  8388.0 | Ø-Reward:  2.097 | Places: [2232 (0.56), 498 (0.12), 696 (0.17), 574 (0.14)]
[2025-09-04 08:30:06] Winrate vs v_table     :  16.0% | Σ-Reward:  4098.0 | Ø-Reward:  1.024 | Places: [639 (0.16), 726 (0.18), 729 (0.18), 1906 (0.48)]
[2025-09-04 08:31:12] 
[2025-09-04 08:31:12] Benchmark @train_ep    2500 (bench_eps: 4000)
[2025-09-04 08:31:12] Macro Winrate          :  30.7%
[2025-09-04 08:31:12] Macro Ø-Reward         :  1.502
[2025-09-04 08:31:12] Winrate vs max_combo   :  27.1% | Σ-Reward:  5761.0 | Ø-Reward:  1.440 | Places: [1085 (0.27), 805 (0.20), 896 (0.22), 1214 (0.30)]
[2025-09-04 08:31:12] Winrate vs random2     :  26.8% | Σ-Reward:  6222.0 | Ø-Reward:  1.556 | Places: [1072 (0.27), 1019 (0.25), 968 (0.24), 941 (0.24)]
[2025-09-04 08:31:12] Winrate vs single_only :  52.3% | Σ-Reward:  7939.0 | Ø-Reward:  1.985 | Places: [2091 (0.52), 456 (0.11), 754 (0.19), 699 (0.17)]
[2025-09-04 08:31:12] Winrate vs v_table     :  16.5% | Σ-Reward:  4103.0 | Ø-Reward:  1.026 | Places: [660 (0.17), 734 (0.18), 655 (0.16), 1951 (0.49)]
[2025-09-04 08:32:18] 
[2025-09-04 08:32:18] Benchmark @train_ep    3000 (bench_eps: 4000)
[2025-09-04 08:32:18] Macro Winrate          :  29.5%
[2025-09-04 08:32:18] Macro Ø-Reward         :  1.470
[2025-09-04 08:32:18] Winrate vs max_combo   :  27.6% | Σ-Reward:  5703.0 | Ø-Reward:  1.426 | Places: [1103 (0.28), 748 (0.19), 898 (0.22), 1251 (0.31)]
[2025-09-04 08:32:18] Winrate vs random2     :  26.7% | Σ-Reward:  6233.0 | Ø-Reward:  1.558 | Places: [1069 (0.27), 1010 (0.25), 1006 (0.25), 915 (0.23)]
[2025-09-04 08:32:18] Winrate vs single_only :  47.3% | Σ-Reward:  7470.0 | Ø-Reward:  1.867 | Places: [1892 (0.47), 486 (0.12), 822 (0.21), 800 (0.20)]
[2025-09-04 08:32:18] Winrate vs v_table     :  16.2% | Σ-Reward:  4115.0 | Ø-Reward:  1.029 | Places: [649 (0.16), 744 (0.19), 680 (0.17), 1927 (0.48)]
[2025-09-04 08:33:19] 
[2025-09-04 08:33:19] Benchmark @train_ep    3500 (bench_eps: 4000)
[2025-09-04 08:33:19] Macro Winrate          :  31.0%
[2025-09-04 08:33:19] Macro Ø-Reward         :  1.544
[2025-09-04 08:33:19] Winrate vs max_combo   :  27.1% | Σ-Reward:  5916.0 | Ø-Reward:  1.479 | Places: [1085 (0.27), 861 (0.22), 939 (0.23), 1115 (0.28)]
[2025-09-04 08:33:19] Winrate vs random2     :  27.2% | Σ-Reward:  6406.0 | Ø-Reward:  1.601 | Places: [1090 (0.27), 1109 (0.28), 918 (0.23), 883 (0.22)]
[2025-09-04 08:33:19] Winrate vs single_only :  54.1% | Σ-Reward:  8197.0 | Ø-Reward:  2.049 | Places: [2165 (0.54), 490 (0.12), 722 (0.18), 623 (0.16)]
[2025-09-04 08:33:19] Winrate vs v_table     :  15.6% | Σ-Reward:  4186.0 | Ø-Reward:  1.046 | Places: [622 (0.16), 791 (0.20), 738 (0.18), 1849 (0.46)]
[2025-09-04 08:34:15] 
[2025-09-04 08:34:15] Benchmark @train_ep    4000 (bench_eps: 4000)
[2025-09-04 08:34:15] Macro Winrate          :  32.3%
[2025-09-04 08:34:15] Macro Ø-Reward         :  1.589
[2025-09-04 08:34:15] Winrate vs max_combo   :  27.8% | Σ-Reward:  5990.0 | Ø-Reward:  1.498 | Places: [1110 (0.28), 879 (0.22), 902 (0.23), 1109 (0.28)]
[2025-09-04 08:34:15] Winrate vs random2     :  28.7% | Σ-Reward:  6574.0 | Ø-Reward:  1.643 | Places: [1147 (0.29), 1077 (0.27), 979 (0.24), 797 (0.20)]
[2025-09-04 08:34:15] Winrate vs single_only :  54.8% | Σ-Reward:  8356.0 | Ø-Reward:  2.089 | Places: [2190 (0.55), 538 (0.13), 710 (0.18), 562 (0.14)]
[2025-09-04 08:34:15] Winrate vs v_table     :  17.9% | Σ-Reward:  4507.0 | Ø-Reward:  1.127 | Places: [717 (0.18), 800 (0.20), 756 (0.19), 1727 (0.43)]
[2025-09-04 08:35:06] 
[2025-09-04 08:35:06] Benchmark @train_ep    4500 (bench_eps: 4000)
[2025-09-04 08:35:06] Macro Winrate          :  33.8%
[2025-09-04 08:35:06] Macro Ø-Reward         :  1.659
[2025-09-04 08:35:06] Winrate vs max_combo   :  28.9% | Σ-Reward:  6303.0 | Ø-Reward:  1.576 | Places: [1157 (0.29), 950 (0.24), 932 (0.23), 961 (0.24)]
[2025-09-04 08:35:06] Winrate vs random2     :  30.7% | Σ-Reward:  6863.0 | Ø-Reward:  1.716 | Places: [1227 (0.31), 1113 (0.28), 956 (0.24), 704 (0.18)]
[2025-09-04 08:35:06] Winrate vs single_only :  58.2% | Σ-Reward:  8675.0 | Ø-Reward:  2.169 | Places: [2330 (0.58), 490 (0.12), 705 (0.18), 475 (0.12)]
[2025-09-04 08:35:06] Winrate vs v_table     :  17.4% | Σ-Reward:  4707.0 | Ø-Reward:  1.177 | Places: [698 (0.17), 916 (0.23), 781 (0.20), 1605 (0.40)]
[2025-09-04 08:35:56] 
[2025-09-04 08:35:56] Benchmark @train_ep    5000 (bench_eps: 4000)
[2025-09-04 08:35:56] Macro Winrate          :  34.8%
[2025-09-04 08:35:56] Macro Ø-Reward         :  1.667
[2025-09-04 08:35:56] Winrate vs max_combo   :  28.6% | Σ-Reward:  6235.0 | Ø-Reward:  1.559 | Places: [1143 (0.29), 948 (0.24), 910 (0.23), 999 (0.25)]
[2025-09-04 08:35:56] Winrate vs random2     :  33.8% | Σ-Reward:  7125.0 | Ø-Reward:  1.781 | Places: [1352 (0.34), 1109 (0.28), 851 (0.21), 688 (0.17)]
[2025-09-04 08:35:56] Winrate vs single_only :  60.2% | Σ-Reward:  8859.0 | Ø-Reward:  2.215 | Places: [2408 (0.60), 471 (0.12), 693 (0.17), 428 (0.11)]
[2025-09-04 08:35:56] Winrate vs v_table     :  16.5% | Σ-Reward:  4456.0 | Ø-Reward:  1.114 | Places: [660 (0.17), 832 (0.21), 812 (0.20), 1696 (0.42)]
[2025-09-04 08:36:54] 
[2025-09-04 08:36:54] Benchmark @train_ep    5500 (bench_eps: 4000)
[2025-09-04 08:36:54] Macro Winrate          :  34.6%
[2025-09-04 08:36:54] Macro Ø-Reward         :  1.673
[2025-09-04 08:36:54] Winrate vs max_combo   :  28.4% | Σ-Reward:  6238.0 | Ø-Reward:  1.560 | Places: [1137 (0.28), 932 (0.23), 963 (0.24), 968 (0.24)]
[2025-09-04 08:36:54] Winrate vs random2     :  33.6% | Σ-Reward:  7123.0 | Ø-Reward:  1.781 | Places: [1346 (0.34), 1073 (0.27), 939 (0.23), 642 (0.16)]
[2025-09-04 08:36:54] Winrate vs single_only :  59.0% | Σ-Reward:  8786.0 | Ø-Reward:  2.196 | Places: [2361 (0.59), 508 (0.13), 687 (0.17), 444 (0.11)]
[2025-09-04 08:36:54] Winrate vs v_table     :  17.5% | Σ-Reward:  4622.0 | Ø-Reward:  1.155 | Places: [699 (0.17), 855 (0.21), 815 (0.20), 1631 (0.41)]
[2025-09-04 08:37:53] 
[2025-09-04 08:37:53] Benchmark @train_ep    6000 (bench_eps: 4000)
[2025-09-04 08:37:53] Macro Winrate          :  35.2%
[2025-09-04 08:37:53] Macro Ø-Reward         :  1.682
[2025-09-04 08:37:53] Winrate vs max_combo   :  30.3% | Σ-Reward:  6361.0 | Ø-Reward:  1.590 | Places: [1211 (0.30), 918 (0.23), 892 (0.22), 979 (0.24)]
[2025-09-04 08:37:53] Winrate vs random2     :  32.8% | Σ-Reward:  7097.0 | Ø-Reward:  1.774 | Places: [1312 (0.33), 1118 (0.28), 925 (0.23), 645 (0.16)]
[2025-09-04 08:37:53] Winrate vs single_only :  58.5% | Σ-Reward:  8681.0 | Ø-Reward:  2.170 | Places: [2340 (0.58), 450 (0.11), 761 (0.19), 449 (0.11)]
[2025-09-04 08:37:53] Winrate vs v_table     :  19.2% | Σ-Reward:  4769.0 | Ø-Reward:  1.192 | Places: [768 (0.19), 845 (0.21), 775 (0.19), 1612 (0.40)]
[2025-09-04 08:38:49] 
[2025-09-04 08:38:49] Benchmark @train_ep    6500 (bench_eps: 4000)
[2025-09-04 08:38:49] Macro Winrate          :  35.9%
[2025-09-04 08:38:49] Macro Ø-Reward         :  1.709
[2025-09-04 08:38:49] Winrate vs max_combo   :  30.6% | Σ-Reward:  6437.0 | Ø-Reward:  1.609 | Places: [1226 (0.31), 924 (0.23), 911 (0.23), 939 (0.23)]
[2025-09-04 08:38:49] Winrate vs random2     :  33.9% | Σ-Reward:  7206.0 | Ø-Reward:  1.802 | Places: [1354 (0.34), 1140 (0.28), 864 (0.22), 642 (0.16)]
[2025-09-04 08:38:49] Winrate vs single_only :  60.8% | Σ-Reward:  8946.0 | Ø-Reward:  2.236 | Places: [2431 (0.61), 484 (0.12), 685 (0.17), 400 (0.10)]
[2025-09-04 08:38:49] Winrate vs v_table     :  18.2% | Σ-Reward:  4762.0 | Ø-Reward:  1.190 | Places: [727 (0.18), 877 (0.22), 827 (0.21), 1569 (0.39)]
[2025-09-04 08:39:47] 
[2025-09-04 08:39:47] Benchmark @train_ep    7000 (bench_eps: 4000)
[2025-09-04 08:39:47] Macro Winrate          :  35.2%
[2025-09-04 08:39:47] Macro Ø-Reward         :  1.679
[2025-09-04 08:39:47] Winrate vs max_combo   :  29.9% | Σ-Reward:  6334.0 | Ø-Reward:  1.583 | Places: [1198 (0.30), 916 (0.23), 908 (0.23), 978 (0.24)]
[2025-09-04 08:39:47] Winrate vs random2     :  32.3% | Σ-Reward:  7088.0 | Ø-Reward:  1.772 | Places: [1293 (0.32), 1171 (0.29), 867 (0.22), 669 (0.17)]
[2025-09-04 08:39:47] Winrate vs single_only :  59.4% | Σ-Reward:  8765.0 | Ø-Reward:  2.191 | Places: [2376 (0.59), 465 (0.12), 707 (0.18), 452 (0.11)]
[2025-09-04 08:39:47] Winrate vs v_table     :  19.0% | Σ-Reward:  4675.0 | Ø-Reward:  1.169 | Places: [760 (0.19), 817 (0.20), 761 (0.19), 1662 (0.42)]
[2025-09-04 08:40:44] 
[2025-09-04 08:40:44] Benchmark @train_ep    7500 (bench_eps: 4000)
[2025-09-04 08:40:44] Macro Winrate          :  33.2%
[2025-09-04 08:40:44] Macro Ø-Reward         :  1.651
[2025-09-04 08:40:44] Winrate vs max_combo   :  28.3% | Σ-Reward:  6264.0 | Ø-Reward:  1.566 | Places: [1132 (0.28), 969 (0.24), 930 (0.23), 969 (0.24)]
[2025-09-04 08:40:44] Winrate vs random2     :  31.9% | Σ-Reward:  7080.0 | Ø-Reward:  1.770 | Places: [1278 (0.32), 1163 (0.29), 920 (0.23), 639 (0.16)]
[2025-09-04 08:40:44] Winrate vs single_only :  56.1% | Σ-Reward:  8546.0 | Ø-Reward:  2.136 | Places: [2243 (0.56), 528 (0.13), 761 (0.19), 468 (0.12)]
[2025-09-04 08:40:44] Winrate vs v_table     :  16.3% | Σ-Reward:  4521.0 | Ø-Reward:  1.130 | Places: [652 (0.16), 839 (0.21), 887 (0.22), 1622 (0.41)]
[2025-09-04 08:41:49] 
[2025-09-04 08:41:49] Benchmark @train_ep    8000 (bench_eps: 4000)
[2025-09-04 08:41:49] Macro Winrate          :  34.1%
[2025-09-04 08:41:49] Macro Ø-Reward         :  1.645
[2025-09-04 08:41:49] Winrate vs max_combo   :  28.6% | Σ-Reward:  6193.0 | Ø-Reward:  1.548 | Places: [1144 (0.29), 934 (0.23), 893 (0.22), 1029 (0.26)]
[2025-09-04 08:41:49] Winrate vs random2     :  31.8% | Σ-Reward:  6855.0 | Ø-Reward:  1.714 | Places: [1271 (0.32), 1057 (0.26), 928 (0.23), 744 (0.19)]
[2025-09-04 08:41:49] Winrate vs single_only :  57.3% | Σ-Reward:  8606.0 | Ø-Reward:  2.151 | Places: [2292 (0.57), 498 (0.12), 734 (0.18), 476 (0.12)]
[2025-09-04 08:41:49] Winrate vs v_table     :  18.6% | Σ-Reward:  4673.0 | Ø-Reward:  1.168 | Places: [744 (0.19), 851 (0.21), 739 (0.18), 1666 (0.42)]
[2025-09-04 08:42:53] 
[2025-09-04 08:42:53] Benchmark @train_ep    8500 (bench_eps: 4000)
[2025-09-04 08:42:53] Macro Winrate          :  35.0%
[2025-09-04 08:42:53] Macro Ø-Reward         :  1.678
[2025-09-04 08:42:53] Winrate vs max_combo   :  29.0% | Σ-Reward:  6239.0 | Ø-Reward:  1.560 | Places: [1159 (0.29), 910 (0.23), 942 (0.24), 989 (0.25)]
[2025-09-04 08:42:53] Winrate vs random2     :  32.5% | Σ-Reward:  7049.0 | Ø-Reward:  1.762 | Places: [1302 (0.33), 1113 (0.28), 917 (0.23), 668 (0.17)]
[2025-09-04 08:42:53] Winrate vs single_only :  59.4% | Σ-Reward:  8769.0 | Ø-Reward:  2.192 | Places: [2375 (0.59), 457 (0.11), 730 (0.18), 438 (0.11)]
[2025-09-04 08:42:53] Winrate vs v_table     :  19.1% | Σ-Reward:  4794.0 | Ø-Reward:  1.198 | Places: [764 (0.19), 868 (0.22), 766 (0.19), 1602 (0.40)]
[2025-09-04 08:43:55] 
[2025-09-04 08:43:55] Benchmark @train_ep    9000 (bench_eps: 4000)
[2025-09-04 08:43:55] Macro Winrate          :  33.8%
[2025-09-04 08:43:55] Macro Ø-Reward         :  1.630
[2025-09-04 08:43:55] Winrate vs max_combo   :  27.6% | Σ-Reward:  6030.0 | Ø-Reward:  1.508 | Places: [1106 (0.28), 906 (0.23), 900 (0.23), 1088 (0.27)]
[2025-09-04 08:43:55] Winrate vs random2     :  32.3% | Σ-Reward:  6914.0 | Ø-Reward:  1.728 | Places: [1292 (0.32), 1050 (0.26), 938 (0.23), 720 (0.18)]
[2025-09-04 08:43:55] Winrate vs single_only :  57.3% | Σ-Reward:  8521.0 | Ø-Reward:  2.130 | Places: [2292 (0.57), 450 (0.11), 745 (0.19), 513 (0.13)]
[2025-09-04 08:43:55] Winrate vs v_table     :  17.9% | Σ-Reward:  4616.0 | Ø-Reward:  1.154 | Places: [717 (0.18), 851 (0.21), 763 (0.19), 1669 (0.42)]
[2025-09-04 08:45:15] 
[2025-09-04 08:45:15] Benchmark @train_ep    9500 (bench_eps: 4000)
[2025-09-04 08:45:15] Macro Winrate          :  34.6%
[2025-09-04 08:45:15] Macro Ø-Reward         :  1.663
[2025-09-04 08:45:15] Winrate vs max_combo   :  29.8% | Σ-Reward:  6235.0 | Ø-Reward:  1.559 | Places: [1190 (0.30), 868 (0.22), 929 (0.23), 1013 (0.25)]
[2025-09-04 08:45:15] Winrate vs random2     :  32.4% | Σ-Reward:  7060.0 | Ø-Reward:  1.765 | Places: [1296 (0.32), 1133 (0.28), 906 (0.23), 665 (0.17)]
[2025-09-04 08:45:15] Winrate vs single_only :  58.8% | Σ-Reward:  8699.0 | Ø-Reward:  2.175 | Places: [2352 (0.59), 467 (0.12), 709 (0.18), 472 (0.12)]
[2025-09-04 08:45:15] Winrate vs v_table     :  17.4% | Σ-Reward:  4606.0 | Ø-Reward:  1.151 | Places: [697 (0.17), 854 (0.21), 807 (0.20), 1642 (0.41)]
[2025-09-04 08:46:20] 
[2025-09-04 08:46:20] Benchmark @train_ep   10000 (bench_eps: 4000)
[2025-09-04 08:46:20] Macro Winrate          :  35.5%
[2025-09-04 08:46:20] Macro Ø-Reward         :  1.685
[2025-09-04 08:46:20] Winrate vs max_combo   :  30.8% | Σ-Reward:  6401.0 | Ø-Reward:  1.600 | Places: [1233 (0.31), 906 (0.23), 890 (0.22), 971 (0.24)]
[2025-09-04 08:46:20] Winrate vs random2     :  33.4% | Σ-Reward:  7017.0 | Ø-Reward:  1.754 | Places: [1337 (0.33), 1059 (0.26), 888 (0.22), 716 (0.18)]
[2025-09-04 08:46:20] Winrate vs single_only :  60.4% | Σ-Reward:  8894.0 | Ø-Reward:  2.224 | Places: [2414 (0.60), 492 (0.12), 668 (0.17), 426 (0.11)]
[2025-09-04 08:46:20] Winrate vs v_table     :  17.5% | Σ-Reward:  4641.0 | Ø-Reward:  1.160 | Places: [701 (0.18), 865 (0.22), 808 (0.20), 1626 (0.41)]
[2025-09-04 08:47:14] 
[2025-09-04 08:47:14] Benchmark @train_ep   10500 (bench_eps: 4000)
[2025-09-04 08:47:14] Macro Winrate          :  34.5%
[2025-09-04 08:47:14] Macro Ø-Reward         :  1.659
[2025-09-04 08:47:14] Winrate vs max_combo   :  29.2% | Σ-Reward:  6304.0 | Ø-Reward:  1.576 | Places: [1168 (0.29), 955 (0.24), 890 (0.22), 987 (0.25)]
[2025-09-04 08:47:14] Winrate vs random2     :  33.5% | Σ-Reward:  7035.0 | Ø-Reward:  1.759 | Places: [1339 (0.33), 1058 (0.26), 902 (0.23), 701 (0.18)]
[2025-09-04 08:47:14] Winrate vs single_only :  57.3% | Σ-Reward:  8612.0 | Ø-Reward:  2.153 | Places: [2292 (0.57), 496 (0.12), 744 (0.19), 468 (0.12)]
[2025-09-04 08:47:14] Winrate vs v_table     :  18.2% | Σ-Reward:  4596.0 | Ø-Reward:  1.149 | Places: [729 (0.18), 794 (0.20), 821 (0.21), 1656 (0.41)]
[2025-09-04 08:48:10] 
[2025-09-04 08:48:10] Benchmark @train_ep   11000 (bench_eps: 4000)
[2025-09-04 08:48:10] Macro Winrate          :  35.2%
[2025-09-04 08:48:10] Macro Ø-Reward         :  1.695
[2025-09-04 08:48:10] Winrate vs max_combo   :  29.8% | Σ-Reward:  6452.0 | Ø-Reward:  1.613 | Places: [1190 (0.30), 993 (0.25), 896 (0.22), 921 (0.23)]
[2025-09-04 08:48:10] Winrate vs random2     :  34.3% | Σ-Reward:  7219.0 | Ø-Reward:  1.805 | Places: [1372 (0.34), 1102 (0.28), 899 (0.22), 627 (0.16)]
[2025-09-04 08:48:10] Winrate vs single_only :  59.2% | Σ-Reward:  8788.0 | Ø-Reward:  2.197 | Places: [2370 (0.59), 483 (0.12), 712 (0.18), 435 (0.11)]
[2025-09-04 08:48:10] Winrate vs v_table     :  17.5% | Σ-Reward:  4654.0 | Ø-Reward:  1.163 | Places: [699 (0.17), 834 (0.21), 889 (0.22), 1578 (0.39)]
[2025-09-04 08:49:04] 
[2025-09-04 08:49:04] Benchmark @train_ep   11500 (bench_eps: 4000)
[2025-09-04 08:49:04] Macro Winrate          :  36.1%
[2025-09-04 08:49:04] Macro Ø-Reward         :  1.705
[2025-09-04 08:49:04] Winrate vs max_combo   :  29.6% | Σ-Reward:  6296.0 | Ø-Reward:  1.574 | Places: [1184 (0.30), 939 (0.23), 866 (0.22), 1011 (0.25)]
[2025-09-04 08:49:04] Winrate vs random2     :  33.8% | Σ-Reward:  7173.0 | Ø-Reward:  1.793 | Places: [1353 (0.34), 1107 (0.28), 900 (0.23), 640 (0.16)]
[2025-09-04 08:49:04] Winrate vs single_only :  62.6% | Σ-Reward:  9036.0 | Ø-Reward:  2.259 | Places: [2505 (0.63), 444 (0.11), 633 (0.16), 418 (0.10)]
[2025-09-04 08:49:04] Winrate vs v_table     :  18.2% | Σ-Reward:  4781.0 | Ø-Reward:  1.195 | Places: [730 (0.18), 889 (0.22), 813 (0.20), 1568 (0.39)]
[2025-09-04 08:49:58] 
[2025-09-04 08:49:58] Benchmark @train_ep   12000 (bench_eps: 4000)
[2025-09-04 08:49:58] Macro Winrate          :  33.9%
[2025-09-04 08:49:58] Macro Ø-Reward         :  1.642
[2025-09-04 08:49:58] Winrate vs max_combo   :  27.4% | Σ-Reward:  6108.0 | Ø-Reward:  1.527 | Places: [1094 (0.27), 966 (0.24), 894 (0.22), 1046 (0.26)]
[2025-09-04 08:49:58] Winrate vs random2     :  33.6% | Σ-Reward:  7091.0 | Ø-Reward:  1.773 | Places: [1344 (0.34), 1076 (0.27), 907 (0.23), 673 (0.17)]
[2025-09-04 08:49:58] Winrate vs single_only :  57.6% | Σ-Reward:  8564.0 | Ø-Reward:  2.141 | Places: [2306 (0.58), 492 (0.12), 662 (0.17), 540 (0.14)]
[2025-09-04 08:49:58] Winrate vs v_table     :  17.1% | Σ-Reward:  4507.0 | Ø-Reward:  1.127 | Places: [684 (0.17), 849 (0.21), 757 (0.19), 1710 (0.43)]
[2025-09-04 08:50:53] 
[2025-09-04 08:50:53] Benchmark @train_ep   12500 (bench_eps: 4000)
[2025-09-04 08:50:53] Macro Winrate          :  34.7%
[2025-09-04 08:50:53] Macro Ø-Reward         :  1.661
[2025-09-04 08:50:53] Winrate vs max_combo   :  29.5% | Σ-Reward:  6300.0 | Ø-Reward:  1.575 | Places: [1179 (0.29), 956 (0.24), 851 (0.21), 1014 (0.25)]
[2025-09-04 08:50:53] Winrate vs random2     :  32.1% | Σ-Reward:  6999.0 | Ø-Reward:  1.750 | Places: [1284 (0.32), 1107 (0.28), 933 (0.23), 676 (0.17)]
[2025-09-04 08:50:53] Winrate vs single_only :  58.7% | Σ-Reward:  8676.0 | Ø-Reward:  2.169 | Places: [2348 (0.59), 469 (0.12), 694 (0.17), 489 (0.12)]
[2025-09-04 08:50:53] Winrate vs v_table     :  18.7% | Σ-Reward:  4594.0 | Ø-Reward:  1.149 | Places: [747 (0.19), 793 (0.20), 767 (0.19), 1693 (0.42)]
[2025-09-04 08:51:48] 
[2025-09-04 08:51:48] Benchmark @train_ep   13000 (bench_eps: 4000)
[2025-09-04 08:51:48] Macro Winrate          :  35.2%
[2025-09-04 08:51:48] Macro Ø-Reward         :  1.686
[2025-09-04 08:51:48] Winrate vs max_combo   :  28.9% | Σ-Reward:  6276.0 | Ø-Reward:  1.569 | Places: [1156 (0.29), 968 (0.24), 872 (0.22), 1004 (0.25)]
[2025-09-04 08:51:48] Winrate vs random2     :  33.1% | Σ-Reward:  7056.0 | Ø-Reward:  1.764 | Places: [1325 (0.33), 1094 (0.27), 893 (0.22), 688 (0.17)]
[2025-09-04 08:51:48] Winrate vs single_only :  61.8% | Σ-Reward:  9000.0 | Ø-Reward:  2.250 | Places: [2472 (0.62), 470 (0.12), 644 (0.16), 414 (0.10)]
[2025-09-04 08:51:48] Winrate vs v_table     :  17.1% | Σ-Reward:  4649.0 | Ø-Reward:  1.162 | Places: [683 (0.17), 893 (0.22), 814 (0.20), 1610 (0.40)]
[2025-09-04 08:52:47] 
[2025-09-04 08:52:47] Benchmark @train_ep   13500 (bench_eps: 4000)
[2025-09-04 08:52:47] Macro Winrate          :  32.9%
[2025-09-04 08:52:47] Macro Ø-Reward         :  1.639
[2025-09-04 08:52:47] Winrate vs max_combo   :  27.0% | Σ-Reward:  6154.0 | Ø-Reward:  1.538 | Places: [1080 (0.27), 986 (0.25), 942 (0.24), 992 (0.25)]
[2025-09-04 08:52:47] Winrate vs random2     :  32.8% | Σ-Reward:  7135.0 | Ø-Reward:  1.784 | Places: [1312 (0.33), 1137 (0.28), 925 (0.23), 626 (0.16)]
[2025-09-04 08:52:47] Winrate vs single_only :  55.5% | Σ-Reward:  8443.0 | Ø-Reward:  2.111 | Places: [2220 (0.56), 483 (0.12), 817 (0.20), 480 (0.12)]
[2025-09-04 08:52:47] Winrate vs v_table     :  16.1% | Σ-Reward:  4495.0 | Ø-Reward:  1.124 | Places: [645 (0.16), 871 (0.22), 818 (0.20), 1666 (0.42)]
[2025-09-04 08:53:49] 
[2025-09-04 08:53:49] Benchmark @train_ep   14000 (bench_eps: 4000)
[2025-09-04 08:53:49] Macro Winrate          :  34.9%
[2025-09-04 08:53:49] Macro Ø-Reward         :  1.681
[2025-09-04 08:53:49] Winrate vs max_combo   :  29.2% | Σ-Reward:  6303.0 | Ø-Reward:  1.576 | Places: [1170 (0.29), 954 (0.24), 885 (0.22), 991 (0.25)]
[2025-09-04 08:53:49] Winrate vs random2     :  33.0% | Σ-Reward:  7149.0 | Ø-Reward:  1.787 | Places: [1320 (0.33), 1138 (0.28), 913 (0.23), 629 (0.16)]
[2025-09-04 08:53:49] Winrate vs single_only :  60.1% | Σ-Reward:  8851.0 | Ø-Reward:  2.213 | Places: [2406 (0.60), 505 (0.13), 623 (0.16), 466 (0.12)]
[2025-09-04 08:53:49] Winrate vs v_table     :  17.2% | Σ-Reward:  4599.0 | Ø-Reward:  1.150 | Places: [690 (0.17), 874 (0.22), 781 (0.20), 1655 (0.41)]
[2025-09-04 08:54:50] 
[2025-09-04 08:54:50] Benchmark @train_ep   14500 (bench_eps: 4000)
[2025-09-04 08:54:50] Macro Winrate          :  35.5%
[2025-09-04 08:54:50] Macro Ø-Reward         :  1.702
[2025-09-04 08:54:50] Winrate vs max_combo   :  29.9% | Σ-Reward:  6451.0 | Ø-Reward:  1.613 | Places: [1194 (0.30), 1003 (0.25), 863 (0.22), 940 (0.23)]
[2025-09-04 08:54:50] Winrate vs random2     :  35.5% | Σ-Reward:  7262.0 | Ø-Reward:  1.815 | Places: [1418 (0.35), 1087 (0.27), 834 (0.21), 661 (0.17)]
[2025-09-04 08:54:50] Winrate vs single_only :  58.7% | Σ-Reward:  8787.0 | Ø-Reward:  2.197 | Places: [2348 (0.59), 537 (0.13), 669 (0.17), 446 (0.11)]
[2025-09-04 08:54:50] Winrate vs v_table     :  18.0% | Σ-Reward:  4732.0 | Ø-Reward:  1.183 | Places: [721 (0.18), 882 (0.22), 805 (0.20), 1592 (0.40)]
[2025-09-04 08:55:52] 
[2025-09-04 08:55:52] Benchmark @train_ep   15000 (bench_eps: 4000)
[2025-09-04 08:55:52] Macro Winrate          :  35.1%
[2025-09-04 08:55:52] Macro Ø-Reward         :  1.700
[2025-09-04 08:55:52] Winrate vs max_combo   :  30.1% | Σ-Reward:  6487.0 | Ø-Reward:  1.622 | Places: [1205 (0.30), 975 (0.24), 922 (0.23), 898 (0.22)]
[2025-09-04 08:55:52] Winrate vs random2     :  35.3% | Σ-Reward:  7292.0 | Ø-Reward:  1.823 | Places: [1413 (0.35), 1092 (0.27), 869 (0.22), 626 (0.16)]
[2025-09-04 08:55:52] Winrate vs single_only :  56.5% | Σ-Reward:  8609.0 | Ø-Reward:  2.152 | Places: [2259 (0.56), 549 (0.14), 734 (0.18), 458 (0.11)]
[2025-09-04 08:55:52] Winrate vs v_table     :  18.3% | Σ-Reward:  4815.0 | Ø-Reward:  1.204 | Places: [733 (0.18), 892 (0.22), 832 (0.21), 1543 (0.39)]
[2025-09-04 08:56:51] 
[2025-09-04 08:56:51] Benchmark @train_ep   15500 (bench_eps: 4000)
[2025-09-04 08:56:51] Macro Winrate          :  36.4%
[2025-09-04 08:56:51] Macro Ø-Reward         :  1.696
[2025-09-04 08:56:51] Winrate vs max_combo   :  30.7% | Σ-Reward:  6397.0 | Ø-Reward:  1.599 | Places: [1228 (0.31), 911 (0.23), 891 (0.22), 970 (0.24)]
[2025-09-04 08:56:51] Winrate vs random2     :  34.9% | Σ-Reward:  7135.0 | Ø-Reward:  1.784 | Places: [1394 (0.35), 1052 (0.26), 849 (0.21), 705 (0.18)]
[2025-09-04 08:56:51] Winrate vs single_only :  61.0% | Σ-Reward:  8918.0 | Ø-Reward:  2.229 | Places: [2438 (0.61), 497 (0.12), 610 (0.15), 455 (0.11)]
[2025-09-04 08:56:51] Winrate vs v_table     :  18.9% | Σ-Reward:  4683.0 | Ø-Reward:  1.171 | Places: [756 (0.19), 841 (0.21), 733 (0.18), 1670 (0.42)]
[2025-09-04 08:57:38] 
[2025-09-04 08:57:38] Benchmark @train_ep   16000 (bench_eps: 4000)
[2025-09-04 08:57:38] Macro Winrate          :  34.5%
[2025-09-04 08:57:38] Macro Ø-Reward         :  1.648
[2025-09-04 08:57:38] Winrate vs max_combo   :  30.4% | Σ-Reward:  6301.0 | Ø-Reward:  1.575 | Places: [1214 (0.30), 929 (0.23), 801 (0.20), 1056 (0.26)]
[2025-09-04 08:57:38] Winrate vs random2     :  33.0% | Σ-Reward:  6904.0 | Ø-Reward:  1.726 | Places: [1322 (0.33), 1037 (0.26), 864 (0.22), 777 (0.19)]
[2025-09-04 08:57:38] Winrate vs single_only :  57.3% | Σ-Reward:  8592.0 | Ø-Reward:  2.148 | Places: [2292 (0.57), 504 (0.13), 708 (0.18), 496 (0.12)]
[2025-09-04 08:57:38] Winrate vs v_table     :  17.2% | Σ-Reward:  4566.0 | Ø-Reward:  1.141 | Places: [689 (0.17), 876 (0.22), 747 (0.19), 1688 (0.42)]
[2025-09-04 08:58:29] 
[2025-09-04 08:58:29] Benchmark @train_ep   16500 (bench_eps: 4000)
[2025-09-04 08:58:29] Macro Winrate          :  34.4%
[2025-09-04 08:58:29] Macro Ø-Reward         :  1.654
[2025-09-04 08:58:29] Winrate vs max_combo   :  30.4% | Σ-Reward:  6270.0 | Ø-Reward:  1.567 | Places: [1218 (0.30), 914 (0.23), 788 (0.20), 1080 (0.27)]
[2025-09-04 08:58:29] Winrate vs random2     :  33.6% | Σ-Reward:  7062.0 | Ø-Reward:  1.766 | Places: [1346 (0.34), 1076 (0.27), 872 (0.22), 706 (0.18)]
[2025-09-04 08:58:29] Winrate vs single_only :  56.4% | Σ-Reward:  8557.0 | Ø-Reward:  2.139 | Places: [2257 (0.56), 558 (0.14), 670 (0.17), 515 (0.13)]
[2025-09-04 08:58:29] Winrate vs v_table     :  17.1% | Σ-Reward:  4572.0 | Ø-Reward:  1.143 | Places: [683 (0.17), 899 (0.22), 725 (0.18), 1693 (0.42)]
[2025-09-04 08:59:15] 
[2025-09-04 08:59:15] Benchmark @train_ep   17000 (bench_eps: 4000)
[2025-09-04 08:59:15] Macro Winrate          :  36.6%
[2025-09-04 08:59:15] Macro Ø-Reward         :  1.704
[2025-09-04 08:59:15] Winrate vs max_combo   :  30.9% | Σ-Reward:  6380.0 | Ø-Reward:  1.595 | Places: [1235 (0.31), 919 (0.23), 837 (0.21), 1009 (0.25)]
[2025-09-04 08:59:15] Winrate vs random2     :  34.5% | Σ-Reward:  7098.0 | Ø-Reward:  1.774 | Places: [1382 (0.35), 1037 (0.26), 878 (0.22), 703 (0.18)]
[2025-09-04 08:59:15] Winrate vs single_only :  61.8% | Σ-Reward:  8967.0 | Ø-Reward:  2.242 | Places: [2473 (0.62), 474 (0.12), 600 (0.15), 453 (0.11)]
[2025-09-04 08:59:15] Winrate vs v_table     :  19.0% | Σ-Reward:  4827.0 | Ø-Reward:  1.207 | Places: [759 (0.19), 891 (0.22), 768 (0.19), 1582 (0.40)]
[2025-09-04 08:59:57] 
[2025-09-04 08:59:57] Benchmark @train_ep   17500 (bench_eps: 4000)
[2025-09-04 08:59:57] Macro Winrate          :  36.5%
[2025-09-04 08:59:57] Macro Ø-Reward         :  1.708
[2025-09-04 08:59:57] Winrate vs max_combo   :  31.9% | Σ-Reward:  6496.0 | Ø-Reward:  1.624 | Places: [1278 (0.32), 916 (0.23), 830 (0.21), 976 (0.24)]
[2025-09-04 08:59:57] Winrate vs random2     :  34.3% | Σ-Reward:  7131.0 | Ø-Reward:  1.783 | Places: [1372 (0.34), 1073 (0.27), 869 (0.22), 686 (0.17)]
[2025-09-04 08:59:57] Winrate vs single_only :  59.5% | Σ-Reward:  8765.0 | Ø-Reward:  2.191 | Places: [2378 (0.59), 458 (0.11), 715 (0.18), 449 (0.11)]
[2025-09-04 08:59:57] Winrate vs v_table     :  20.2% | Σ-Reward:  4929.0 | Ø-Reward:  1.232 | Places: [808 (0.20), 867 (0.22), 771 (0.19), 1554 (0.39)]
[2025-09-04 09:00:44] 
[2025-09-04 09:00:44] Benchmark @train_ep   18000 (bench_eps: 4000)
[2025-09-04 09:00:44] Macro Winrate          :  37.0%
[2025-09-04 09:00:44] Macro Ø-Reward         :  1.720
[2025-09-04 09:00:44] Winrate vs max_combo   :  30.0% | Σ-Reward:  6334.0 | Ø-Reward:  1.583 | Places: [1201 (0.30), 943 (0.24), 845 (0.21), 1011 (0.25)]
[2025-09-04 09:00:44] Winrate vs random2     :  36.2% | Σ-Reward:  7317.0 | Ø-Reward:  1.829 | Places: [1448 (0.36), 1083 (0.27), 807 (0.20), 662 (0.17)]
[2025-09-04 09:00:44] Winrate vs single_only :  61.9% | Σ-Reward:  8946.0 | Ø-Reward:  2.236 | Places: [2477 (0.62), 420 (0.10), 675 (0.17), 428 (0.11)]
[2025-09-04 09:00:44] Winrate vs v_table     :  19.9% | Σ-Reward:  4925.0 | Ø-Reward:  1.231 | Places: [795 (0.20), 902 (0.23), 736 (0.18), 1567 (0.39)]
[2025-09-04 09:01:53] 
[2025-09-04 09:01:53] Benchmark @train_ep   18500 (bench_eps: 4000)
[2025-09-04 09:01:53] Macro Winrate          :  37.0%
[2025-09-04 09:01:53] Macro Ø-Reward         :  1.697
[2025-09-04 09:01:53] Winrate vs max_combo   :  30.8% | Σ-Reward:  6308.0 | Ø-Reward:  1.577 | Places: [1231 (0.31), 927 (0.23), 761 (0.19), 1081 (0.27)]
[2025-09-04 09:01:53] Winrate vs random2     :  35.6% | Σ-Reward:  7095.0 | Ø-Reward:  1.774 | Places: [1424 (0.36), 1015 (0.25), 793 (0.20), 768 (0.19)]
[2025-09-04 09:01:53] Winrate vs single_only :  63.0% | Σ-Reward:  8938.0 | Ø-Reward:  2.235 | Places: [2522 (0.63), 409 (0.10), 554 (0.14), 515 (0.13)]
[2025-09-04 09:01:53] Winrate vs v_table     :  18.6% | Σ-Reward:  4806.0 | Ø-Reward:  1.202 | Places: [742 (0.19), 936 (0.23), 708 (0.18), 1614 (0.40)]
[2025-09-04 09:02:53] 
[2025-09-04 09:02:53] Benchmark @train_ep   19000 (bench_eps: 4000)
[2025-09-04 09:02:53] Macro Winrate          :  36.1%
[2025-09-04 09:02:53] Macro Ø-Reward         :  1.698
[2025-09-04 09:02:53] Winrate vs max_combo   :  30.3% | Σ-Reward:  6317.0 | Ø-Reward:  1.579 | Places: [1213 (0.30), 928 (0.23), 822 (0.21), 1037 (0.26)]
[2025-09-04 09:02:53] Winrate vs random2     :  35.2% | Σ-Reward:  7179.0 | Ø-Reward:  1.795 | Places: [1408 (0.35), 1055 (0.26), 845 (0.21), 692 (0.17)]
[2025-09-04 09:02:53] Winrate vs single_only :  62.1% | Σ-Reward:  9019.0 | Ø-Reward:  2.255 | Places: [2483 (0.62), 496 (0.12), 578 (0.14), 443 (0.11)]
[2025-09-04 09:02:53] Winrate vs v_table     :  17.0% | Σ-Reward:  4658.0 | Ø-Reward:  1.165 | Places: [679 (0.17), 940 (0.23), 741 (0.19), 1640 (0.41)]
[2025-09-04 09:03:52] 
[2025-09-04 09:03:52] Benchmark @train_ep   19500 (bench_eps: 4000)
[2025-09-04 09:03:52] Macro Winrate          :  36.7%
[2025-09-04 09:03:52] Macro Ø-Reward         :  1.731
[2025-09-04 09:03:52] Winrate vs max_combo   :  32.1% | Σ-Reward:  6514.0 | Ø-Reward:  1.629 | Places: [1285 (0.32), 911 (0.23), 837 (0.21), 967 (0.24)]
[2025-09-04 09:03:52] Winrate vs random2     :  34.8% | Σ-Reward:  7319.0 | Ø-Reward:  1.830 | Places: [1392 (0.35), 1130 (0.28), 883 (0.22), 595 (0.15)]
[2025-09-04 09:03:52] Winrate vs single_only :  60.5% | Σ-Reward:  8927.0 | Ø-Reward:  2.232 | Places: [2422 (0.61), 518 (0.13), 625 (0.16), 435 (0.11)]
[2025-09-04 09:03:52] Winrate vs v_table     :  19.3% | Σ-Reward:  4942.0 | Ø-Reward:  1.236 | Places: [773 (0.19), 944 (0.24), 735 (0.18), 1548 (0.39)]
[2025-09-04 09:05:07] 
[2025-09-04 09:05:07] Benchmark @train_ep   20000 (bench_eps: 4000)
[2025-09-04 09:05:07] Macro Winrate          :  37.2%
[2025-09-04 09:05:07] Macro Ø-Reward         :  1.737
[2025-09-04 09:05:07] Winrate vs max_combo   :  31.7% | Σ-Reward:  6574.0 | Ø-Reward:  1.643 | Places: [1269 (0.32), 948 (0.24), 871 (0.22), 912 (0.23)]
[2025-09-04 09:05:07] Winrate vs random2     :  35.9% | Σ-Reward:  7231.0 | Ø-Reward:  1.808 | Places: [1437 (0.36), 1030 (0.26), 860 (0.21), 673 (0.17)]
[2025-09-04 09:05:07] Winrate vs single_only :  61.9% | Σ-Reward:  9027.0 | Ø-Reward:  2.257 | Places: [2475 (0.62), 478 (0.12), 646 (0.16), 401 (0.10)]
[2025-09-04 09:05:07] Winrate vs v_table     :  19.3% | Σ-Reward:  4958.0 | Ø-Reward:  1.240 | Places: [772 (0.19), 920 (0.23), 802 (0.20), 1506 (0.38)]
[2025-09-04 09:05:08] Opponent-Usage gespeichert: /home/wasterix/OpenSpiel/open_spiel/President/models/k1a1/model_07/plots/opponent_usage.csv
[2025-09-04 09:05:08] 
[2025-09-04 09:05:08] Gesamtzeit: 0.66h (~ 8.47 eps/s)
[2025-09-04 09:05:08] k1a1, Single Agent vs Population. Training abgeschlossen.
[2025-09-04 09:05:08] Path: /home/wasterix/OpenSpiel/open_spiel/President/models/k1a1/model_07
