[2025-08-20 16:40:57] New Training (k4a1): Shared-Policy PPO
[2025-08-20 16:40:57] Deck_Size: 64
[2025-08-20 16:40:57] Episodes: 200
[2025-08-20 16:40:57] Path: /home/wasterix/OpenSpiel/open_spiel/President/models/k4a1/model_10
[2025-08-20 16:41:18] 
[2025-08-20 16:41:18] Benchmark @train_ep     100 (bench_eps: 500)
[2025-08-20 16:41:18] Macro Winrate          :   7.9%
[2025-08-20 16:41:18] Macro Ø-Reward         :  0.935
[2025-08-20 16:41:18] Winrate vs max_combo   :   2.4% | Σ-Reward:  217.0 | Ø-Reward:  0.434 | Places: [12 (0.02), 29 (0.06), 123 (0.25), 336 (0.67)]
[2025-08-20 16:41:18] Winrate vs random2     :  18.8% | Σ-Reward:  740.0 | Ø-Reward:  1.480 | Places: [94 (0.19), 145 (0.29), 168 (0.34), 93 (0.19)]
[2025-08-20 16:41:18] Winrate vs single_only :   2.4% | Σ-Reward:  445.0 | Ø-Reward:  0.890 | Places: [12 (0.02), 109 (0.22), 191 (0.38), 188 (0.38)]
[2025-08-20 16:41:20] Timing @ep 100: episode 14.4s | train 0.012s | eval 12.2s | plot 2.1s | save 0.003s | cum 0.01h
[2025-08-20 16:41:39] 
[2025-08-20 16:41:39] Benchmark @train_ep     200 (bench_eps: 500)
[2025-08-20 16:41:39] Macro Winrate          :  10.5%
[2025-08-20 16:41:39] Macro Ø-Reward         :  1.029
[2025-08-20 16:41:39] Winrate vs max_combo   :   2.6% | Σ-Reward:  258.0 | Ø-Reward:  0.516 | Places: [13 (0.03), 43 (0.09), 133 (0.27), 311 (0.62)]
[2025-08-20 16:41:39] Winrate vs random2     :  24.8% | Σ-Reward:  855.0 | Ø-Reward:  1.710 | Places: [124 (0.25), 183 (0.37), 117 (0.23), 76 (0.15)]
[2025-08-20 16:41:39] Winrate vs single_only :   4.0% | Σ-Reward:  431.0 | Ø-Reward:  0.862 | Places: [20 (0.04), 76 (0.15), 219 (0.44), 185 (0.37)]
[2025-08-20 16:41:41] Timing @ep 200: episode 14.1s | train 0.011s | eval 11.7s | plot 2.3s | save 0.002s | cum 0.01h
[2025-08-20 16:41:41] 
[2025-08-20 16:41:41] Gesamtzeit: 0.01h (~ 4.63 eps/s)
[2025-08-20 16:41:41] K4 (Shared-Policy) Training abgeschlossen.
