[2025-09-09 17:48:10] New Training (k1a2): DQN Single-Agent vs Heuristiken/Population (P0→P0)
[2025-09-09 17:48:10] Deck_Size: 64
[2025-09-09 17:48:10] Episodes: 20000
[2025-09-09 17:48:10] Path: /home/wasterix/Multiagent/OpenSpiel_neu/open_spiel/President/models/k1a2/model_15
[2025-09-09 17:48:12] [Population] Initiales Lineup: ['random2', 'random2', 'random2']
[2025-09-09 17:49:32] 
[2025-09-09 17:49:32] Benchmark @train_ep     500 (bench_eps: 2000)
[2025-09-09 17:49:32] Macro Winrate          :  24.3%
[2025-09-09 17:49:32] Macro Ø-Reward         :  1.465
[2025-09-09 17:49:32] Winrate vs max_combo   :   9.2% | Σ-Reward:  1703.0 | Ø-Reward:  0.852 | Places: [184 (0.09), 303 (0.15), 545 (0.27), 968 (0.48)]
[2025-09-09 17:49:32] Winrate vs random2     :  36.8% | Σ-Reward:  3777.0 | Ø-Reward:  1.889 | Places: [735 (0.37), 572 (0.29), 428 (0.21), 265 (0.13)]
[2025-09-09 17:49:32] Winrate vs single_only :  26.9% | Σ-Reward:  3311.0 | Ø-Reward:  1.655 | Places: [538 (0.27), 567 (0.28), 563 (0.28), 332 (0.17)]
[2025-09-09 17:49:34] Timing @ep 500: episode 44.3s | train 0.072s | eval 42.4s | plot 1.9s | save 0.004s | cum 0.02h
[2025-09-09 17:50:49] 
[2025-09-09 17:50:49] Benchmark @train_ep    1000 (bench_eps: 2000)
[2025-09-09 17:50:49] Macro Winrate          :  30.4%
[2025-09-09 17:50:49] Macro Ø-Reward         :  1.648
[2025-09-09 17:50:49] Winrate vs max_combo   :  14.2% | Σ-Reward:  2167.0 | Ø-Reward:  1.083 | Places: [285 (0.14), 394 (0.20), 524 (0.26), 797 (0.40)]
[2025-09-09 17:50:49] Winrate vs random2     :  41.6% | Σ-Reward:  3999.0 | Ø-Reward:  2.000 | Places: [832 (0.42), 557 (0.28), 389 (0.19), 222 (0.11)]
[2025-09-09 17:50:49] Winrate vs single_only :  35.2% | Σ-Reward:  3720.0 | Ø-Reward:  1.860 | Places: [704 (0.35), 578 (0.29), 452 (0.23), 266 (0.13)]
[2025-09-09 17:50:51] Timing @ep 1000: episode 42.2s | train 0.046s | eval 40.3s | plot 1.8s | save 0.003s | cum 0.05h
[2025-09-09 17:52:04] 
[2025-09-09 17:52:04] Benchmark @train_ep    1500 (bench_eps: 2000)
[2025-09-09 17:52:04] Macro Winrate          :  47.0%
[2025-09-09 17:52:04] Macro Ø-Reward         :  1.989
[2025-09-09 17:52:04] Winrate vs max_combo   :  18.7% | Σ-Reward:  2486.0 | Ø-Reward:  1.243 | Places: [374 (0.19), 462 (0.23), 440 (0.22), 724 (0.36)]
[2025-09-09 17:52:04] Winrate vs random2     :  59.8% | Σ-Reward:  4742.0 | Ø-Reward:  2.371 | Places: [1196 (0.60), 457 (0.23), 240 (0.12), 107 (0.05)]
[2025-09-09 17:52:04] Winrate vs single_only :  62.5% | Σ-Reward:  4704.0 | Ø-Reward:  2.352 | Places: [1250 (0.62), 357 (0.18), 240 (0.12), 153 (0.08)]
[2025-09-09 17:52:06] Timing @ep 1500: episode 39.1s | train 0.067s | eval 37.0s | plot 2.0s | save 0.002s | cum 0.07h
[2025-09-09 17:53:17] 
[2025-09-09 17:53:17] Benchmark @train_ep    2000 (bench_eps: 2000)
[2025-09-09 17:53:17] Macro Winrate          :  49.2%
[2025-09-09 17:53:17] Macro Ø-Reward         :  2.064
[2025-09-09 17:53:17] Winrate vs max_combo   :  19.2% | Σ-Reward:  2460.0 | Ø-Reward:  1.230 | Places: [384 (0.19), 439 (0.22), 430 (0.21), 747 (0.37)]
[2025-09-09 17:53:17] Winrate vs random2     :  62.8% | Σ-Reward:  4871.0 | Ø-Reward:  2.436 | Places: [1256 (0.63), 460 (0.23), 183 (0.09), 101 (0.05)]
[2025-09-09 17:53:17] Winrate vs single_only :  65.5% | Σ-Reward:  5053.0 | Ø-Reward:  2.526 | Places: [1310 (0.66), 483 (0.24), 157 (0.08), 50 (0.03)]
[2025-09-09 17:53:19] Timing @ep 2000: episode 40.7s | train 0.069s | eval 38.6s | plot 2.0s | save 0.003s | cum 0.09h
[2025-09-09 17:54:29] 
[2025-09-09 17:54:29] Benchmark @train_ep    2500 (bench_eps: 2000)
[2025-09-09 17:54:29] Macro Winrate          :  51.4%
[2025-09-09 17:54:29] Macro Ø-Reward         :  2.143
[2025-09-09 17:54:29] Winrate vs max_combo   :  19.8% | Σ-Reward:  2613.0 | Ø-Reward:  1.306 | Places: [395 (0.20), 475 (0.24), 478 (0.24), 652 (0.33)]
[2025-09-09 17:54:29] Winrate vs random2     :  67.2% | Σ-Reward:  5057.0 | Ø-Reward:  2.529 | Places: [1344 (0.67), 438 (0.22), 149 (0.07), 69 (0.03)]
[2025-09-09 17:54:29] Winrate vs single_only :  67.2% | Σ-Reward:  5186.0 | Ø-Reward:  2.593 | Places: [1345 (0.67), 530 (0.27), 91 (0.05), 34 (0.02)]
[2025-09-09 17:54:31] Timing @ep 2500: episode 39.3s | train 0.056s | eval 37.3s | plot 1.9s | save 0.002s | cum 0.11h
[2025-09-09 17:55:39] 
[2025-09-09 17:55:39] Benchmark @train_ep    3000 (bench_eps: 2000)
[2025-09-09 17:55:39] Macro Winrate          :  59.7%
[2025-09-09 17:55:39] Macro Ø-Reward         :  2.284
[2025-09-09 17:55:39] Winrate vs max_combo   :  25.5% | Σ-Reward:  2994.0 | Ø-Reward:  1.497 | Places: [510 (0.26), 484 (0.24), 496 (0.25), 510 (0.26)]
[2025-09-09 17:55:39] Winrate vs random2     :  72.7% | Σ-Reward:  5232.0 | Ø-Reward:  2.616 | Places: [1454 (0.73), 374 (0.19), 122 (0.06), 50 (0.03)]
[2025-09-09 17:55:39] Winrate vs single_only :  80.9% | Σ-Reward:  5476.0 | Ø-Reward:  2.738 | Places: [1618 (0.81), 275 (0.14), 72 (0.04), 35 (0.02)]
[2025-09-09 17:55:41] Timing @ep 3000: episode 37.1s | train 0.072s | eval 35.2s | plot 1.8s | save 0.002s | cum 0.13h
[2025-09-09 17:56:54] 
[2025-09-09 17:56:54] Benchmark @train_ep    3500 (bench_eps: 2000)
[2025-09-09 17:56:54] Macro Winrate          :  55.9%
[2025-09-09 17:56:54] Macro Ø-Reward         :  2.208
[2025-09-09 17:56:54] Winrate vs max_combo   :  22.1% | Σ-Reward:  2806.0 | Ø-Reward:  1.403 | Places: [443 (0.22), 518 (0.26), 441 (0.22), 598 (0.30)]
[2025-09-09 17:56:54] Winrate vs random2     :  68.7% | Σ-Reward:  5088.0 | Ø-Reward:  2.544 | Places: [1373 (0.69), 415 (0.21), 139 (0.07), 73 (0.04)]
[2025-09-09 17:56:54] Winrate vs single_only :  76.8% | Σ-Reward:  5355.0 | Ø-Reward:  2.678 | Places: [1537 (0.77), 323 (0.16), 98 (0.05), 42 (0.02)]
[2025-09-09 17:56:56] Timing @ep 3500: episode 40.4s | train 0.062s | eval 38.5s | plot 1.8s | save 0.002s | cum 0.15h
[2025-09-09 17:58:13] 
[2025-09-09 17:58:13] Benchmark @train_ep    4000 (bench_eps: 2000)
[2025-09-09 17:58:13] Macro Winrate          :  51.8%
[2025-09-09 17:58:13] Macro Ø-Reward         :  2.179
[2025-09-09 17:58:13] Winrate vs max_combo   :  24.2% | Σ-Reward:  2982.0 | Ø-Reward:  1.491 | Places: [485 (0.24), 537 (0.27), 453 (0.23), 525 (0.26)]
[2025-09-09 17:58:13] Winrate vs random2     :  66.0% | Σ-Reward:  5038.0 | Ø-Reward:  2.519 | Places: [1320 (0.66), 475 (0.24), 128 (0.06), 77 (0.04)]
[2025-09-09 17:58:13] Winrate vs single_only :  65.2% | Σ-Reward:  5056.0 | Ø-Reward:  2.528 | Places: [1303 (0.65), 502 (0.25), 143 (0.07), 52 (0.03)]
[2025-09-09 17:58:15] Timing @ep 4000: episode 41.7s | train 0.071s | eval 39.5s | plot 2.1s | save 0.002s | cum 0.17h
[2025-09-09 17:59:33] 
[2025-09-09 17:59:33] Benchmark @train_ep    4500 (bench_eps: 2000)
[2025-09-09 17:59:33] Macro Winrate          :  54.3%
[2025-09-09 17:59:33] Macro Ø-Reward         :  2.207
[2025-09-09 17:59:33] Winrate vs max_combo   :  23.1% | Σ-Reward:  2968.0 | Ø-Reward:  1.484 | Places: [462 (0.23), 543 (0.27), 496 (0.25), 499 (0.25)]
[2025-09-09 17:59:33] Winrate vs random2     :  67.8% | Σ-Reward:  5098.0 | Ø-Reward:  2.549 | Places: [1357 (0.68), 433 (0.22), 161 (0.08), 49 (0.02)]
[2025-09-09 17:59:33] Winrate vs single_only :  72.1% | Σ-Reward:  5178.0 | Ø-Reward:  2.589 | Places: [1442 (0.72), 356 (0.18), 140 (0.07), 62 (0.03)]
[2025-09-09 17:59:35] Timing @ep 4500: episode 41.6s | train 0.073s | eval 39.7s | plot 1.8s | save 0.003s | cum 0.20h
[2025-09-09 18:00:58] 
[2025-09-09 18:00:58] Benchmark @train_ep    5000 (bench_eps: 2000)
[2025-09-09 18:00:58] Macro Winrate          :  52.5%
[2025-09-09 18:00:58] Macro Ø-Reward         :  2.220
[2025-09-09 18:00:58] Winrate vs max_combo   :  27.8% | Σ-Reward:  3273.0 | Ø-Reward:  1.637 | Places: [556 (0.28), 568 (0.28), 469 (0.23), 407 (0.20)]
[2025-09-09 18:00:58] Winrate vs random2     :  71.3% | Σ-Reward:  5246.0 | Ø-Reward:  2.623 | Places: [1426 (0.71), 428 (0.21), 112 (0.06), 34 (0.02)]
[2025-09-09 18:00:58] Winrate vs single_only :  58.3% | Σ-Reward:  4803.0 | Ø-Reward:  2.401 | Places: [1166 (0.58), 546 (0.27), 213 (0.11), 75 (0.04)]
[2025-09-09 18:00:59] Timing @ep 5000: episode 42.8s | train 0.076s | eval 40.9s | plot 1.9s | save 0.002s | cum 0.22h
[2025-09-09 18:02:21] 
[2025-09-09 18:02:21] Benchmark @train_ep    5500 (bench_eps: 2000)
[2025-09-09 18:02:21] Macro Winrate          :  56.3%
[2025-09-09 18:02:21] Macro Ø-Reward         :  2.273
[2025-09-09 18:02:21] Winrate vs max_combo   :  29.6% | Σ-Reward:  3414.0 | Ø-Reward:  1.707 | Places: [592 (0.30), 596 (0.30), 446 (0.22), 366 (0.18)]
[2025-09-09 18:02:21] Winrate vs random2     :  73.7% | Σ-Reward:  5295.0 | Ø-Reward:  2.647 | Places: [1474 (0.74), 383 (0.19), 107 (0.05), 36 (0.02)]
[2025-09-09 18:02:21] Winrate vs single_only :  65.7% | Σ-Reward:  4931.0 | Ø-Reward:  2.466 | Places: [1314 (0.66), 394 (0.20), 201 (0.10), 91 (0.05)]
[2025-09-09 18:02:23] Timing @ep 5500: episode 40.0s | train 0.066s | eval 38.0s | plot 1.9s | save 0.003s | cum 0.24h
[2025-09-09 18:03:46] 
[2025-09-09 18:03:46] Benchmark @train_ep    6000 (bench_eps: 2000)
[2025-09-09 18:03:46] Macro Winrate          :  60.1%
[2025-09-09 18:03:46] Macro Ø-Reward         :  2.340
[2025-09-09 18:03:46] Winrate vs max_combo   :  33.5% | Σ-Reward:  3533.0 | Ø-Reward:  1.766 | Places: [669 (0.33), 541 (0.27), 444 (0.22), 346 (0.17)]
[2025-09-09 18:03:46] Winrate vs random2     :  75.2% | Σ-Reward:  5338.0 | Ø-Reward:  2.669 | Places: [1505 (0.75), 364 (0.18), 95 (0.05), 36 (0.02)]
[2025-09-09 18:03:46] Winrate vs single_only :  71.5% | Σ-Reward:  5169.0 | Ø-Reward:  2.584 | Places: [1429 (0.71), 369 (0.18), 144 (0.07), 58 (0.03)]
[2025-09-09 18:03:48] Timing @ep 6000: episode 40.4s | train 0.086s | eval 37.9s | plot 2.4s | save 0.002s | cum 0.27h
[2025-09-09 18:05:13] 
[2025-09-09 18:05:13] Benchmark @train_ep    6500 (bench_eps: 2000)
[2025-09-09 18:05:13] Macro Winrate          :  61.1%
[2025-09-09 18:05:13] Macro Ø-Reward         :  2.335
[2025-09-09 18:05:13] Winrate vs max_combo   :  36.4% | Σ-Reward:  3546.0 | Ø-Reward:  1.773 | Places: [727 (0.36), 480 (0.24), 405 (0.20), 388 (0.19)]
[2025-09-09 18:05:13] Winrate vs random2     :  76.7% | Σ-Reward:  5363.0 | Ø-Reward:  2.682 | Places: [1533 (0.77), 336 (0.17), 92 (0.05), 39 (0.02)]
[2025-09-09 18:05:13] Winrate vs single_only :  70.4% | Σ-Reward:  5099.0 | Ø-Reward:  2.550 | Places: [1408 (0.70), 356 (0.18), 163 (0.08), 73 (0.04)]
[2025-09-09 18:05:15] Timing @ep 6500: episode 40.8s | train 0.097s | eval 38.6s | plot 2.0s | save 0.003s | cum 0.29h
[2025-09-09 18:06:41] 
[2025-09-09 18:06:41] Benchmark @train_ep    7000 (bench_eps: 2000)
[2025-09-09 18:06:41] Macro Winrate          :  60.5%
[2025-09-09 18:06:41] Macro Ø-Reward         :  2.332
[2025-09-09 18:06:41] Winrate vs max_combo   :  35.5% | Σ-Reward:  3606.0 | Ø-Reward:  1.803 | Places: [709 (0.35), 546 (0.27), 387 (0.19), 358 (0.18)]
[2025-09-09 18:06:41] Winrate vs random2     :  77.8% | Σ-Reward:  5396.0 | Ø-Reward:  2.698 | Places: [1556 (0.78), 316 (0.16), 96 (0.05), 32 (0.02)]
[2025-09-09 18:06:41] Winrate vs single_only :  68.2% | Σ-Reward:  4990.0 | Ø-Reward:  2.495 | Places: [1365 (0.68), 346 (0.17), 203 (0.10), 86 (0.04)]
[2025-09-09 18:06:43] Timing @ep 7000: episode 39.4s | train 0.069s | eval 37.5s | plot 1.8s | save 0.002s | cum 0.32h
[2025-09-09 18:08:14] 
[2025-09-09 18:08:14] Benchmark @train_ep    7500 (bench_eps: 2000)
[2025-09-09 18:08:14] Macro Winrate          :  64.3%
[2025-09-09 18:08:14] Macro Ø-Reward         :  2.421
[2025-09-09 18:08:14] Winrate vs max_combo   :  39.1% | Σ-Reward:  3801.0 | Ø-Reward:  1.901 | Places: [783 (0.39), 536 (0.27), 380 (0.19), 301 (0.15)]
[2025-09-09 18:08:14] Winrate vs random2     :  79.5% | Σ-Reward:  5470.0 | Ø-Reward:  2.735 | Places: [1589 (0.79), 315 (0.16), 73 (0.04), 23 (0.01)]
[2025-09-09 18:08:14] Winrate vs single_only :  74.2% | Σ-Reward:  5254.0 | Ø-Reward:  2.627 | Places: [1484 (0.74), 339 (0.17), 124 (0.06), 53 (0.03)]
[2025-09-09 18:08:14] Timing @ep 7500: episode 39.1s | train 0.078s | eval 37.0s | plot 2.0s | save 0.002s | cum 0.35h
[2025-09-09 18:09:46] 
[2025-09-09 18:09:46] Benchmark @train_ep    8000 (bench_eps: 2000)
[2025-09-09 18:09:46] Macro Winrate          :  61.0%
[2025-09-09 18:09:46] Macro Ø-Reward         :  2.373
[2025-09-09 18:09:46] Winrate vs max_combo   :  36.8% | Σ-Reward:  3698.0 | Ø-Reward:  1.849 | Places: [736 (0.37), 533 (0.27), 424 (0.21), 307 (0.15)]
[2025-09-09 18:09:46] Winrate vs random2     :  79.5% | Σ-Reward:  5480.0 | Ø-Reward:  2.740 | Places: [1590 (0.80), 326 (0.16), 58 (0.03), 26 (0.01)]
[2025-09-09 18:09:46] Winrate vs single_only :  66.7% | Σ-Reward:  5060.0 | Ø-Reward:  2.530 | Places: [1334 (0.67), 455 (0.23), 148 (0.07), 63 (0.03)]
[2025-09-09 18:09:48] Timing @ep 8000: episode 39.7s | train 0.086s | eval 37.2s | plot 2.4s | save 0.002s | cum 0.37h
[2025-09-09 18:11:20] 
[2025-09-09 18:11:20] Benchmark @train_ep    8500 (bench_eps: 2000)
[2025-09-09 18:11:20] Macro Winrate          :  61.8%
[2025-09-09 18:11:20] Macro Ø-Reward         :  2.394
[2025-09-09 18:11:20] Winrate vs max_combo   :  39.3% | Σ-Reward:  3815.0 | Ø-Reward:  1.907 | Places: [786 (0.39), 539 (0.27), 379 (0.19), 296 (0.15)]
[2025-09-09 18:11:20] Winrate vs random2     :  80.2% | Σ-Reward:  5485.0 | Ø-Reward:  2.743 | Places: [1603 (0.80), 309 (0.15), 58 (0.03), 30 (0.01)]
[2025-09-09 18:11:20] Winrate vs single_only :  66.0% | Σ-Reward:  5062.0 | Ø-Reward:  2.531 | Places: [1320 (0.66), 472 (0.24), 158 (0.08), 50 (0.03)]
[2025-09-09 18:11:22] Timing @ep 8500: episode 40.0s | train 0.093s | eval 37.9s | plot 2.0s | save 0.002s | cum 0.40h
[2025-09-09 18:12:54] 
[2025-09-09 18:12:54] Benchmark @train_ep    9000 (bench_eps: 2000)
[2025-09-09 18:12:54] Macro Winrate          :  62.7%
[2025-09-09 18:12:54] Macro Ø-Reward         :  2.412
[2025-09-09 18:12:54] Winrate vs max_combo   :  38.2% | Σ-Reward:  3799.0 | Ø-Reward:  1.899 | Places: [764 (0.38), 552 (0.28), 403 (0.20), 281 (0.14)]
[2025-09-09 18:12:54] Winrate vs random2     :  82.8% | Σ-Reward:  5566.0 | Ø-Reward:  2.783 | Places: [1656 (0.83), 271 (0.14), 56 (0.03), 17 (0.01)]
[2025-09-09 18:12:54] Winrate vs single_only :  67.1% | Σ-Reward:  5108.0 | Ø-Reward:  2.554 | Places: [1342 (0.67), 469 (0.23), 144 (0.07), 45 (0.02)]
[2025-09-09 18:12:56] Timing @ep 9000: episode 39.8s | train 0.117s | eval 37.8s | plot 1.8s | save 0.003s | cum 0.43h
[2025-09-09 18:14:32] 
[2025-09-09 18:14:32] Benchmark @train_ep    9500 (bench_eps: 2000)
[2025-09-09 18:14:32] Macro Winrate          :  62.2%
[2025-09-09 18:14:32] Macro Ø-Reward         :  2.385
[2025-09-09 18:14:32] Winrate vs max_combo   :  41.9% | Σ-Reward:  3881.0 | Ø-Reward:  1.940 | Places: [838 (0.42), 503 (0.25), 361 (0.18), 298 (0.15)]
[2025-09-09 18:14:32] Winrate vs random2     :  80.0% | Σ-Reward:  5471.0 | Ø-Reward:  2.736 | Places: [1599 (0.80), 293 (0.15), 88 (0.04), 20 (0.01)]
[2025-09-09 18:14:32] Winrate vs single_only :  64.7% | Σ-Reward:  4959.0 | Ø-Reward:  2.479 | Places: [1294 (0.65), 439 (0.22), 199 (0.10), 68 (0.03)]
[2025-09-09 18:14:34] Timing @ep 9500: episode 39.7s | train 0.124s | eval 37.8s | plot 1.8s | save 0.003s | cum 0.46h
[2025-09-09 18:16:07] 
[2025-09-09 18:16:07] Benchmark @train_ep   10000 (bench_eps: 2000)
[2025-09-09 18:16:07] Macro Winrate          :  65.9%
[2025-09-09 18:16:07] Macro Ø-Reward         :  2.453
[2025-09-09 18:16:07] Winrate vs max_combo   :  41.5% | Σ-Reward:  3923.0 | Ø-Reward:  1.962 | Places: [829 (0.41), 539 (0.27), 358 (0.18), 274 (0.14)]
[2025-09-09 18:16:07] Winrate vs random2     :  81.7% | Σ-Reward:  5535.0 | Ø-Reward:  2.768 | Places: [1633 (0.82), 283 (0.14), 70 (0.04), 14 (0.01)]
[2025-09-09 18:16:07] Winrate vs single_only :  74.5% | Σ-Reward:  5259.0 | Ø-Reward:  2.630 | Places: [1489 (0.74), 324 (0.16), 144 (0.07), 43 (0.02)]
[2025-09-09 18:16:09] Timing @ep 10000: episode 37.9s | train 0.109s | eval 35.8s | plot 1.9s | save 0.002s | cum 0.48h
[2025-09-09 18:17:45] 
[2025-09-09 18:17:45] Benchmark @train_ep   10500 (bench_eps: 2000)
[2025-09-09 18:17:45] Macro Winrate          :  66.9%
[2025-09-09 18:17:45] Macro Ø-Reward         :  2.445
[2025-09-09 18:17:45] Winrate vs max_combo   :  42.5% | Σ-Reward:  3886.0 | Ø-Reward:  1.943 | Places: [849 (0.42), 494 (0.25), 351 (0.18), 306 (0.15)]
[2025-09-09 18:17:45] Winrate vs random2     :  83.7% | Σ-Reward:  5556.0 | Ø-Reward:  2.778 | Places: [1674 (0.84), 233 (0.12), 68 (0.03), 25 (0.01)]
[2025-09-09 18:17:45] Winrate vs single_only :  74.4% | Σ-Reward:  5227.0 | Ø-Reward:  2.614 | Places: [1488 (0.74), 315 (0.16), 133 (0.07), 64 (0.03)]
[2025-09-09 18:17:47] Timing @ep 10500: episode 38.4s | train 0.131s | eval 36.0s | plot 2.2s | save 0.003s | cum 0.51h
[2025-09-09 18:19:21] 
[2025-09-09 18:19:21] Benchmark @train_ep   11000 (bench_eps: 2000)
[2025-09-09 18:19:21] Macro Winrate          :  67.6%
[2025-09-09 18:19:21] Macro Ø-Reward         :  2.469
[2025-09-09 18:19:21] Winrate vs max_combo   :  41.1% | Σ-Reward:  3937.0 | Ø-Reward:  1.968 | Places: [822 (0.41), 574 (0.29), 323 (0.16), 281 (0.14)]
[2025-09-09 18:19:21] Winrate vs random2     :  84.0% | Σ-Reward:  5573.0 | Ø-Reward:  2.787 | Places: [1680 (0.84), 238 (0.12), 57 (0.03), 25 (0.01)]
[2025-09-09 18:19:21] Winrate vs single_only :  77.7% | Σ-Reward:  5302.0 | Ø-Reward:  2.651 | Places: [1553 (0.78), 246 (0.12), 151 (0.08), 50 (0.03)]
[2025-09-09 18:19:23] Timing @ep 11000: episode 37.5s | train 0.109s | eval 35.4s | plot 2.0s | save 0.003s | cum 0.54h
[2025-09-09 18:21:02] 
[2025-09-09 18:21:02] Benchmark @train_ep   11500 (bench_eps: 2000)
[2025-09-09 18:21:02] Macro Winrate          :  67.7%
[2025-09-09 18:21:02] Macro Ø-Reward         :  2.480
[2025-09-09 18:21:02] Winrate vs max_combo   :  41.9% | Σ-Reward:  3937.0 | Ø-Reward:  1.968 | Places: [837 (0.42), 532 (0.27), 362 (0.18), 269 (0.13)]
[2025-09-09 18:21:02] Winrate vs random2     :  84.8% | Σ-Reward:  5619.0 | Ø-Reward:  2.809 | Places: [1695 (0.85), 240 (0.12), 54 (0.03), 11 (0.01)]
[2025-09-09 18:21:02] Winrate vs single_only :  76.5% | Σ-Reward:  5326.0 | Ø-Reward:  2.663 | Places: [1529 (0.76), 311 (0.16), 117 (0.06), 43 (0.02)]
[2025-09-09 18:21:04] Timing @ep 11500: episode 39.3s | train 0.094s | eval 37.3s | plot 2.0s | save 0.002s | cum 0.57h
[2025-09-09 18:22:43] 
[2025-09-09 18:22:43] Benchmark @train_ep   12000 (bench_eps: 2000)
[2025-09-09 18:22:43] Macro Winrate          :  66.8%
[2025-09-09 18:22:43] Macro Ø-Reward         :  2.450
[2025-09-09 18:22:43] Winrate vs max_combo   :  38.5% | Σ-Reward:  3834.0 | Ø-Reward:  1.917 | Places: [770 (0.39), 579 (0.29), 366 (0.18), 285 (0.14)]
[2025-09-09 18:22:43] Winrate vs random2     :  82.7% | Σ-Reward:  5538.0 | Ø-Reward:  2.769 | Places: [1654 (0.83), 251 (0.13), 74 (0.04), 21 (0.01)]
[2025-09-09 18:22:43] Winrate vs single_only :  79.3% | Σ-Reward:  5327.0 | Ø-Reward:  2.663 | Places: [1586 (0.79), 220 (0.11), 129 (0.06), 65 (0.03)]
[2025-09-09 18:22:45] Timing @ep 12000: episode 39.9s | train 0.136s | eval 37.8s | plot 2.0s | save 0.003s | cum 0.60h
[2025-09-09 18:24:20] 
[2025-09-09 18:24:20] Benchmark @train_ep   12500 (bench_eps: 2000)
[2025-09-09 18:24:20] Macro Winrate          :  67.0%
[2025-09-09 18:24:20] Macro Ø-Reward         :  2.452
[2025-09-09 18:24:20] Winrate vs max_combo   :  39.4% | Σ-Reward:  3752.0 | Ø-Reward:  1.876 | Places: [787 (0.39), 500 (0.25), 391 (0.20), 322 (0.16)]
[2025-09-09 18:24:20] Winrate vs random2     :  82.5% | Σ-Reward:  5547.0 | Ø-Reward:  2.773 | Places: [1651 (0.83), 263 (0.13), 68 (0.03), 18 (0.01)]
[2025-09-09 18:24:20] Winrate vs single_only :  79.0% | Σ-Reward:  5414.0 | Ø-Reward:  2.707 | Places: [1580 (0.79), 291 (0.15), 92 (0.05), 37 (0.02)]
[2025-09-09 18:24:22] Timing @ep 12500: episode 38.0s | train 0.100s | eval 35.9s | plot 2.0s | save 0.003s | cum 0.62h
[2025-09-09 18:26:02] 
[2025-09-09 18:26:02] Benchmark @train_ep   13000 (bench_eps: 2000)
[2025-09-09 18:26:02] Macro Winrate          :  65.1%
[2025-09-09 18:26:02] Macro Ø-Reward         :  2.454
[2025-09-09 18:26:02] Winrate vs max_combo   :  39.5% | Σ-Reward:  3904.0 | Ø-Reward:  1.952 | Places: [789 (0.39), 605 (0.30), 327 (0.16), 279 (0.14)]
[2025-09-09 18:26:02] Winrate vs random2     :  81.1% | Σ-Reward:  5514.0 | Ø-Reward:  2.757 | Places: [1622 (0.81), 297 (0.15), 54 (0.03), 27 (0.01)]
[2025-09-09 18:26:02] Winrate vs single_only :  74.7% | Σ-Reward:  5308.0 | Ø-Reward:  2.654 | Places: [1493 (0.75), 364 (0.18), 101 (0.05), 42 (0.02)]
[2025-09-09 18:26:05] Timing @ep 13000: episode 42.1s | train 0.147s | eval 39.6s | plot 2.4s | save 0.002s | cum 0.65h
[2025-09-09 18:27:42] 
[2025-09-09 18:27:42] Benchmark @train_ep   13500 (bench_eps: 2000)
[2025-09-09 18:27:42] Macro Winrate          :  65.4%
[2025-09-09 18:27:42] Macro Ø-Reward         :  2.418
[2025-09-09 18:27:42] Winrate vs max_combo   :  40.5% | Σ-Reward:  3787.0 | Ø-Reward:  1.893 | Places: [811 (0.41), 496 (0.25), 362 (0.18), 331 (0.17)]
[2025-09-09 18:27:42] Winrate vs random2     :  81.8% | Σ-Reward:  5518.0 | Ø-Reward:  2.759 | Places: [1636 (0.82), 274 (0.14), 62 (0.03), 28 (0.01)]
[2025-09-09 18:27:42] Winrate vs single_only :  74.0% | Σ-Reward:  5201.0 | Ø-Reward:  2.600 | Places: [1479 (0.74), 320 (0.16), 124 (0.06), 77 (0.04)]
[2025-09-09 18:27:44] Timing @ep 13500: episode 39.9s | train 0.084s | eval 38.0s | plot 1.9s | save 0.003s | cum 0.68h
[2025-09-09 18:29:16] 
[2025-09-09 18:29:16] Benchmark @train_ep   14000 (bench_eps: 2000)
[2025-09-09 18:29:16] Macro Winrate          :  68.1%
[2025-09-09 18:29:16] Macro Ø-Reward         :  2.458
[2025-09-09 18:29:16] Winrate vs max_combo   :  41.9% | Σ-Reward:  3843.0 | Ø-Reward:  1.921 | Places: [838 (0.42), 495 (0.25), 339 (0.17), 328 (0.16)]
[2025-09-09 18:29:16] Winrate vs random2     :  82.2% | Σ-Reward:  5531.0 | Ø-Reward:  2.765 | Places: [1645 (0.82), 268 (0.13), 60 (0.03), 27 (0.01)]
[2025-09-09 18:29:16] Winrate vs single_only :  80.2% | Σ-Reward:  5371.0 | Ø-Reward:  2.686 | Places: [1605 (0.80), 222 (0.11), 112 (0.06), 61 (0.03)]
[2025-09-09 18:29:18] Timing @ep 14000: episode 36.4s | train 0.118s | eval 34.2s | plot 2.1s | save 0.003s | cum 0.71h
[2025-09-09 18:30:48] 
[2025-09-09 18:30:48] Benchmark @train_ep   14500 (bench_eps: 2000)
[2025-09-09 18:30:48] Macro Winrate          :  68.5%
[2025-09-09 18:30:48] Macro Ø-Reward         :  2.471
[2025-09-09 18:30:48] Winrate vs max_combo   :  41.4% | Σ-Reward:  3845.0 | Ø-Reward:  1.923 | Places: [828 (0.41), 517 (0.26), 327 (0.16), 328 (0.16)]
[2025-09-09 18:30:48] Winrate vs random2     :  82.8% | Σ-Reward:  5546.0 | Ø-Reward:  2.773 | Places: [1655 (0.83), 257 (0.13), 67 (0.03), 21 (0.01)]
[2025-09-09 18:30:48] Winrate vs single_only :  81.2% | Σ-Reward:  5437.0 | Ø-Reward:  2.719 | Places: [1625 (0.81), 236 (0.12), 90 (0.04), 49 (0.02)]
[2025-09-09 18:30:50] Timing @ep 14500: episode 35.8s | train 0.115s | eval 33.7s | plot 1.9s | save 0.002s | cum 0.74h
[2025-09-09 18:32:19] 
[2025-09-09 18:32:19] Benchmark @train_ep   15000 (bench_eps: 2000)
[2025-09-09 18:32:19] Macro Winrate          :  66.7%
[2025-09-09 18:32:19] Macro Ø-Reward         :  2.430
[2025-09-09 18:32:19] Winrate vs max_combo   :  41.9% | Σ-Reward:  3825.0 | Ø-Reward:  1.913 | Places: [837 (0.42), 490 (0.24), 334 (0.17), 339 (0.17)]
[2025-09-09 18:32:19] Winrate vs random2     :  82.2% | Σ-Reward:  5503.0 | Ø-Reward:  2.752 | Places: [1645 (0.82), 248 (0.12), 72 (0.04), 35 (0.02)]
[2025-09-09 18:32:19] Winrate vs single_only :  75.9% | Σ-Reward:  5255.0 | Ø-Reward:  2.627 | Places: [1518 (0.76), 287 (0.14), 127 (0.06), 68 (0.03)]
[2025-09-09 18:32:22] Timing @ep 15000: episode 34.8s | train 0.114s | eval 32.4s | plot 2.3s | save 0.002s | cum 0.76h
[2025-09-09 18:33:47] 
[2025-09-09 18:33:47] Benchmark @train_ep   15500 (bench_eps: 2000)
[2025-09-09 18:33:47] Macro Winrate          :  66.5%
[2025-09-09 18:33:47] Macro Ø-Reward         :  2.441
[2025-09-09 18:33:47] Winrate vs max_combo   :  39.6% | Σ-Reward:  3760.0 | Ø-Reward:  1.880 | Places: [792 (0.40), 528 (0.26), 328 (0.16), 352 (0.18)]
[2025-09-09 18:33:47] Winrate vs random2     :  82.0% | Σ-Reward:  5560.0 | Ø-Reward:  2.780 | Places: [1640 (0.82), 292 (0.15), 56 (0.03), 12 (0.01)]
[2025-09-09 18:33:47] Winrate vs single_only :  77.8% | Σ-Reward:  5323.0 | Ø-Reward:  2.662 | Places: [1556 (0.78), 264 (0.13), 127 (0.06), 53 (0.03)]
[2025-09-09 18:33:49] Timing @ep 15500: episode 30.8s | train 0.092s | eval 28.9s | plot 1.8s | save 0.002s | cum 0.79h
[2025-09-09 18:35:13] 
[2025-09-09 18:35:13] Benchmark @train_ep   16000 (bench_eps: 2000)
[2025-09-09 18:35:13] Macro Winrate          :  65.2%
[2025-09-09 18:35:13] Macro Ø-Reward         :  2.434
[2025-09-09 18:35:13] Winrate vs max_combo   :  38.4% | Σ-Reward:  3778.0 | Ø-Reward:  1.889 | Places: [767 (0.38), 565 (0.28), 347 (0.17), 321 (0.16)]
[2025-09-09 18:35:13] Winrate vs random2     :  83.6% | Σ-Reward:  5579.0 | Ø-Reward:  2.789 | Places: [1672 (0.84), 250 (0.12), 63 (0.03), 15 (0.01)]
[2025-09-09 18:35:13] Winrate vs single_only :  73.7% | Σ-Reward:  5248.0 | Ø-Reward:  2.624 | Places: [1474 (0.74), 348 (0.17), 130 (0.07), 48 (0.02)]
[2025-09-09 18:35:15] Timing @ep 16000: episode 31.4s | train 0.120s | eval 29.5s | plot 1.8s | save 0.002s | cum 0.81h
[2025-09-09 18:36:40] 
[2025-09-09 18:36:40] Benchmark @train_ep   16500 (bench_eps: 2000)
[2025-09-09 18:36:40] Macro Winrate          :  66.7%
[2025-09-09 18:36:40] Macro Ø-Reward         :  2.444
[2025-09-09 18:36:40] Winrate vs max_combo   :  41.8% | Σ-Reward:  3835.0 | Ø-Reward:  1.917 | Places: [836 (0.42), 486 (0.24), 355 (0.18), 323 (0.16)]
[2025-09-09 18:36:40] Winrate vs random2     :  82.2% | Σ-Reward:  5533.0 | Ø-Reward:  2.767 | Places: [1644 (0.82), 273 (0.14), 55 (0.03), 28 (0.01)]
[2025-09-09 18:36:40] Winrate vs single_only :  76.0% | Σ-Reward:  5297.0 | Ø-Reward:  2.648 | Places: [1521 (0.76), 307 (0.15), 120 (0.06), 52 (0.03)]
[2025-09-09 18:36:42] Timing @ep 16500: episode 30.7s | train 0.104s | eval 28.8s | plot 1.8s | save 0.002s | cum 0.84h
[2025-09-09 18:38:02] 
[2025-09-09 18:38:02] Benchmark @train_ep   17000 (bench_eps: 2000)
[2025-09-09 18:38:02] Macro Winrate          :  66.5%
[2025-09-09 18:38:02] Macro Ø-Reward         :  2.435
[2025-09-09 18:38:02] Winrate vs max_combo   :  40.8% | Σ-Reward:  3801.0 | Ø-Reward:  1.901 | Places: [815 (0.41), 505 (0.25), 346 (0.17), 334 (0.17)]
[2025-09-09 18:38:02] Winrate vs random2     :  81.0% | Σ-Reward:  5492.0 | Ø-Reward:  2.746 | Places: [1621 (0.81), 279 (0.14), 71 (0.04), 29 (0.01)]
[2025-09-09 18:38:02] Winrate vs single_only :  77.7% | Σ-Reward:  5319.0 | Ø-Reward:  2.659 | Places: [1554 (0.78), 271 (0.14), 115 (0.06), 60 (0.03)]
[2025-09-09 18:38:04] Timing @ep 17000: episode 28.1s | train 0.121s | eval 26.2s | plot 1.7s | save 0.002s | cum 0.86h
[2025-09-09 18:39:26] 
[2025-09-09 18:39:26] Benchmark @train_ep   17500 (bench_eps: 2000)
[2025-09-09 18:39:26] Macro Winrate          :  66.2%
[2025-09-09 18:39:26] Macro Ø-Reward         :  2.441
[2025-09-09 18:39:26] Winrate vs max_combo   :  40.9% | Σ-Reward:  3822.0 | Ø-Reward:  1.911 | Places: [818 (0.41), 507 (0.25), 354 (0.18), 321 (0.16)]
[2025-09-09 18:39:26] Winrate vs random2     :  84.2% | Σ-Reward:  5591.0 | Ø-Reward:  2.796 | Places: [1685 (0.84), 242 (0.12), 52 (0.03), 21 (0.01)]
[2025-09-09 18:39:26] Winrate vs single_only :  73.5% | Σ-Reward:  5233.0 | Ø-Reward:  2.616 | Places: [1471 (0.74), 334 (0.17), 152 (0.08), 43 (0.02)]
[2025-09-09 18:39:28] Timing @ep 17500: episode 30.3s | train 0.128s | eval 27.9s | plot 2.3s | save 0.002s | cum 0.89h
[2025-09-09 18:40:52] 
[2025-09-09 18:40:52] Benchmark @train_ep   18000 (bench_eps: 2000)
[2025-09-09 18:40:52] Macro Winrate          :  66.2%
[2025-09-09 18:40:52] Macro Ø-Reward         :  2.436
[2025-09-09 18:40:52] Winrate vs max_combo   :  42.5% | Σ-Reward:  3829.0 | Ø-Reward:  1.915 | Places: [850 (0.42), 474 (0.24), 331 (0.17), 345 (0.17)]
[2025-09-09 18:40:52] Winrate vs random2     :  83.9% | Σ-Reward:  5588.0 | Ø-Reward:  2.794 | Places: [1678 (0.84), 251 (0.13), 52 (0.03), 19 (0.01)]
[2025-09-09 18:40:52] Winrate vs single_only :  72.2% | Σ-Reward:  5198.0 | Ø-Reward:  2.599 | Places: [1445 (0.72), 360 (0.18), 143 (0.07), 52 (0.03)]
[2025-09-09 18:40:53] Timing @ep 18000: episode 30.0s | train 0.091s | eval 28.2s | plot 1.7s | save 0.002s | cum 0.91h
[2025-09-09 18:42:17] 
[2025-09-09 18:42:17] Benchmark @train_ep   18500 (bench_eps: 2000)
[2025-09-09 18:42:17] Macro Winrate          :  67.4%
[2025-09-09 18:42:17] Macro Ø-Reward         :  2.462
[2025-09-09 18:42:17] Winrate vs max_combo   :  44.0% | Σ-Reward:  3943.0 | Ø-Reward:  1.972 | Places: [880 (0.44), 477 (0.24), 349 (0.17), 294 (0.15)]
[2025-09-09 18:42:17] Winrate vs random2     :  85.9% | Σ-Reward:  5641.0 | Ø-Reward:  2.821 | Places: [1718 (0.86), 214 (0.11), 59 (0.03), 9 (0.00)]
[2025-09-09 18:42:17] Winrate vs single_only :  72.2% | Σ-Reward:  5190.0 | Ø-Reward:  2.595 | Places: [1443 (0.72), 356 (0.18), 149 (0.07), 52 (0.03)]
[2025-09-09 18:42:18] Timing @ep 18500: episode 29.8s | train 0.111s | eval 27.9s | plot 1.8s | save 0.002s | cum 0.94h
[2025-09-09 18:43:41] 
[2025-09-09 18:43:41] Benchmark @train_ep   19000 (bench_eps: 2000)
[2025-09-09 18:43:41] Macro Winrate          :  65.2%
[2025-09-09 18:43:41] Macro Ø-Reward         :  2.416
[2025-09-09 18:43:41] Winrate vs max_combo   :  41.2% | Σ-Reward:  3752.0 | Ø-Reward:  1.876 | Places: [825 (0.41), 462 (0.23), 353 (0.18), 360 (0.18)]
[2025-09-09 18:43:41] Winrate vs random2     :  82.4% | Σ-Reward:  5540.0 | Ø-Reward:  2.770 | Places: [1648 (0.82), 264 (0.13), 68 (0.03), 20 (0.01)]
[2025-09-09 18:43:41] Winrate vs single_only :  72.1% | Σ-Reward:  5206.0 | Ø-Reward:  2.603 | Places: [1442 (0.72), 376 (0.19), 128 (0.06), 54 (0.03)]
[2025-09-09 18:43:43] Timing @ep 19000: episode 29.3s | train 0.107s | eval 27.4s | plot 1.7s | save 0.002s | cum 0.96h
[2025-09-09 18:45:08] 
[2025-09-09 18:45:08] Benchmark @train_ep   19500 (bench_eps: 2000)
[2025-09-09 18:45:08] Macro Winrate          :  64.7%
[2025-09-09 18:45:08] Macro Ø-Reward         :  2.405
[2025-09-09 18:45:08] Winrate vs max_combo   :  38.8% | Σ-Reward:  3709.0 | Ø-Reward:  1.855 | Places: [776 (0.39), 504 (0.25), 373 (0.19), 347 (0.17)]
[2025-09-09 18:45:08] Winrate vs random2     :  83.2% | Σ-Reward:  5579.0 | Ø-Reward:  2.789 | Places: [1664 (0.83), 266 (0.13), 55 (0.03), 15 (0.01)]
[2025-09-09 18:45:08] Winrate vs single_only :  72.0% | Σ-Reward:  5139.0 | Ø-Reward:  2.570 | Places: [1440 (0.72), 334 (0.17), 151 (0.08), 75 (0.04)]
[2025-09-09 18:45:10] Timing @ep 19500: episode 32.7s | train 0.093s | eval 30.5s | plot 2.1s | save 0.002s | cum 0.99h
[2025-09-09 18:46:32] 
[2025-09-09 18:46:32] Benchmark @train_ep   20000 (bench_eps: 2000)
[2025-09-09 18:46:32] Macro Winrate          :  68.6%
[2025-09-09 18:46:32] Macro Ø-Reward         :  2.462
[2025-09-09 18:46:32] Winrate vs max_combo   :  43.0% | Σ-Reward:  3832.0 | Ø-Reward:  1.916 | Places: [859 (0.43), 449 (0.22), 357 (0.18), 335 (0.17)]
[2025-09-09 18:46:32] Winrate vs random2     :  84.0% | Σ-Reward:  5575.0 | Ø-Reward:  2.788 | Places: [1679 (0.84), 243 (0.12), 52 (0.03), 26 (0.01)]
[2025-09-09 18:46:32] Winrate vs single_only :  79.0% | Σ-Reward:  5367.0 | Ø-Reward:  2.683 | Places: [1580 (0.79), 259 (0.13), 109 (0.05), 52 (0.03)]
[2025-09-09 18:46:34] Timing @ep 20000: episode 28.2s | train 0.091s | eval 26.3s | plot 1.7s | save 0.002s | cum 1.01h
[2025-09-09 18:46:34] Opponent-Usage gespeichert: /home/wasterix/Multiagent/OpenSpiel_neu/open_spiel/President/models/k1a2/model_15/plots/opponent_usage.csv
[2025-09-09 18:46:34] 
[2025-09-09 18:46:34] Gesamtzeit: 1.01h (~ 5.51 eps/s)
[2025-09-09 18:46:34] k1a2, Single Agent vs Population. Training abgeschlossen.
[2025-09-09 18:46:34] Path: /home/wasterix/Multiagent/OpenSpiel_neu/open_spiel/President/models/k1a2/model_15
