[2025-09-10 08:25:50] New Training (k1a1)
[2025-09-10 08:25:50] Deck_Size: 64
[2025-09-10 08:25:50] Episodes: 100000
[2025-09-10 08:25:50] Path: /home/wasterix/OpenSpiel/open_spiel/President/models/k1a1/model_31
[2025-09-10 08:29:30] 
[2025-09-10 08:29:30] Benchmark @train_ep    5000 (bench_eps: 2000)
[2025-09-10 08:29:30] Macro Winrate          :  41.1%
[2025-09-10 08:29:30] Macro Ø-Reward         :  2.197
[2025-09-10 08:29:30] Winrate vs max_combo   :  26.8% | Σ-Reward:  3650.0 | Ø-Reward:  1.825 | Places: [536 (0.27), 786 (0.39), 470 (0.23), 208 (0.10)]
[2025-09-10 08:29:30] Winrate vs random2     :  63.4% | Σ-Reward:  5156.0 | Ø-Reward:  2.578 | Places: [1267 (0.63), 632 (0.32), 91 (0.05), 10 (0.01)]
[2025-09-10 08:29:30] Winrate vs single_only :  33.0% | Σ-Reward:  4374.0 | Ø-Reward:  2.187 | Places: [660 (0.33), 1100 (0.55), 194 (0.10), 46 (0.02)]
[2025-09-10 08:29:31] Timing @ep 5000: episode 47.6s | train 0.025s | eval 46.5s | plot 1.0s | save 0.005s | cum 0.06h
[2025-09-10 08:33:08] 
[2025-09-10 08:33:08] Benchmark @train_ep   10000 (bench_eps: 2000)
[2025-09-10 08:33:08] Macro Winrate          :  60.0%
[2025-09-10 08:33:08] Macro Ø-Reward         :  2.353
[2025-09-10 08:33:08] Winrate vs max_combo   :  34.0% | Σ-Reward:  3569.0 | Ø-Reward:  1.784 | Places: [680 (0.34), 560 (0.28), 409 (0.20), 351 (0.18)]
[2025-09-10 08:33:08] Winrate vs random2     :  74.8% | Σ-Reward:  5344.0 | Ø-Reward:  2.672 | Places: [1496 (0.75), 381 (0.19), 94 (0.05), 29 (0.01)]
[2025-09-10 08:33:08] Winrate vs single_only :  71.2% | Σ-Reward:  5206.0 | Ø-Reward:  2.603 | Places: [1423 (0.71), 395 (0.20), 147 (0.07), 35 (0.02)]
[2025-09-10 08:33:09] Timing @ep 10000: episode 38.9s | train 0.023s | eval 37.8s | plot 1.1s | save 0.001s | cum 0.12h
[2025-09-10 08:36:52] 
[2025-09-10 08:36:52] Benchmark @train_ep   15000 (bench_eps: 2000)
[2025-09-10 08:36:52] Macro Winrate          :  63.3%
[2025-09-10 08:36:52] Macro Ø-Reward         :  2.480
[2025-09-10 08:36:52] Winrate vs max_combo   :  39.8% | Σ-Reward:  4051.0 | Ø-Reward:  2.026 | Places: [795 (0.40), 650 (0.33), 366 (0.18), 189 (0.09)]
[2025-09-10 08:36:52] Winrate vs random2     :  80.5% | Σ-Reward:  5543.0 | Ø-Reward:  2.772 | Places: [1610 (0.81), 333 (0.17), 47 (0.02), 10 (0.01)]
[2025-09-10 08:36:52] Winrate vs single_only :  69.8% | Σ-Reward:  5286.0 | Ø-Reward:  2.643 | Places: [1395 (0.70), 510 (0.26), 81 (0.04), 14 (0.01)]
[2025-09-10 08:36:53] Timing @ep 15000: episode 40.8s | train 0.026s | eval 39.8s | plot 1.0s | save 0.001s | cum 0.18h
[2025-09-10 08:41:07] 
[2025-09-10 08:41:07] Benchmark @train_ep   20000 (bench_eps: 2000)
[2025-09-10 08:41:07] Macro Winrate          :  50.2%
[2025-09-10 08:41:07] Macro Ø-Reward         :  2.275
[2025-09-10 08:41:07] Winrate vs max_combo   :  28.2% | Σ-Reward:  3518.0 | Ø-Reward:  1.759 | Places: [565 (0.28), 678 (0.34), 467 (0.23), 290 (0.14)]
[2025-09-10 08:41:07] Winrate vs random2     :  68.3% | Σ-Reward:  5261.0 | Ø-Reward:  2.631 | Places: [1366 (0.68), 545 (0.27), 73 (0.04), 16 (0.01)]
[2025-09-10 08:41:07] Winrate vs single_only :  54.1% | Σ-Reward:  4871.0 | Ø-Reward:  2.436 | Places: [1082 (0.54), 726 (0.36), 173 (0.09), 19 (0.01)]
[2025-09-10 08:41:09] Timing @ep 20000: episode 48.3s | train 0.029s | eval 47.1s | plot 1.2s | save 0.001s | cum 0.25h
[2025-09-10 08:45:19] 
[2025-09-10 08:45:19] Benchmark @train_ep   25000 (bench_eps: 2000)
[2025-09-10 08:45:19] Macro Winrate          :  62.9%
[2025-09-10 08:45:19] Macro Ø-Reward         :  2.422
[2025-09-10 08:45:19] Winrate vs max_combo   :  36.8% | Σ-Reward:  3747.0 | Ø-Reward:  1.873 | Places: [735 (0.37), 570 (0.28), 402 (0.20), 293 (0.15)]
[2025-09-10 08:45:19] Winrate vs random2     :  77.1% | Σ-Reward:  5425.0 | Ø-Reward:  2.712 | Places: [1542 (0.77), 362 (0.18), 75 (0.04), 21 (0.01)]
[2025-09-10 08:45:19] Winrate vs single_only :  75.0% | Σ-Reward:  5363.0 | Ø-Reward:  2.682 | Places: [1499 (0.75), 382 (0.19), 102 (0.05), 17 (0.01)]
[2025-09-10 08:45:20] Timing @ep 25000: episode 39.2s | train 0.029s | eval 37.9s | plot 1.3s | save 0.002s | cum 0.32h
[2025-09-10 08:50:41] 
[2025-09-10 08:50:41] Benchmark @train_ep   30000 (bench_eps: 2000)
[2025-09-10 08:50:41] Macro Winrate          :  53.5%
[2025-09-10 08:50:41] Macro Ø-Reward         :  2.290
[2025-09-10 08:50:41] Winrate vs max_combo   :  33.8% | Σ-Reward:  3684.0 | Ø-Reward:  1.842 | Places: [675 (0.34), 615 (0.31), 429 (0.21), 281 (0.14)]
[2025-09-10 08:50:41] Winrate vs random2     :  71.0% | Σ-Reward:  5278.0 | Ø-Reward:  2.639 | Places: [1419 (0.71), 464 (0.23), 93 (0.05), 24 (0.01)]
[2025-09-10 08:50:41] Winrate vs single_only :  55.9% | Σ-Reward:  4781.0 | Ø-Reward:  2.390 | Places: [1118 (0.56), 601 (0.30), 225 (0.11), 56 (0.03)]
[2025-09-10 08:50:42] Timing @ep 30000: episode 63.0s | train 0.031s | eval 61.7s | plot 1.3s | save 0.002s | cum 0.41h
[2025-09-10 08:55:45] 
[2025-09-10 08:55:45] Benchmark @train_ep   35000 (bench_eps: 2000)
[2025-09-10 08:55:45] Macro Winrate          :  55.7%
[2025-09-10 08:55:45] Macro Ø-Reward         :  2.373
[2025-09-10 08:55:45] Winrate vs max_combo   :  33.6% | Σ-Reward:  3790.0 | Ø-Reward:  1.895 | Places: [673 (0.34), 662 (0.33), 447 (0.22), 218 (0.11)]
[2025-09-10 08:55:45] Winrate vs random2     :  73.8% | Σ-Reward:  5420.0 | Ø-Reward:  2.710 | Places: [1476 (0.74), 472 (0.24), 48 (0.02), 4 (0.00)]
[2025-09-10 08:55:45] Winrate vs single_only :  59.8% | Σ-Reward:  5026.0 | Ø-Reward:  2.513 | Places: [1195 (0.60), 650 (0.33), 141 (0.07), 14 (0.01)]
[2025-09-10 08:55:47] Timing @ep 35000: episode 58.6s | train 0.045s | eval 57.1s | plot 1.5s | save 0.002s | cum 0.50h
[2025-09-10 09:00:54] 
[2025-09-10 09:00:54] Benchmark @train_ep   40000 (bench_eps: 2000)
[2025-09-10 09:00:54] Macro Winrate          :  62.6%
[2025-09-10 09:00:54] Macro Ø-Reward         :  2.467
[2025-09-10 09:00:54] Winrate vs max_combo   :  41.5% | Σ-Reward:  4099.0 | Ø-Reward:  2.050 | Places: [829 (0.41), 628 (0.31), 356 (0.18), 187 (0.09)]
[2025-09-10 09:00:54] Winrate vs random2     :  78.8% | Σ-Reward:  5481.0 | Ø-Reward:  2.740 | Places: [1576 (0.79), 343 (0.17), 67 (0.03), 14 (0.01)]
[2025-09-10 09:00:54] Winrate vs single_only :  67.7% | Σ-Reward:  5223.0 | Ø-Reward:  2.611 | Places: [1354 (0.68), 536 (0.27), 89 (0.04), 21 (0.01)]
[2025-09-10 09:00:56] Timing @ep 40000: episode 60.4s | train 0.032s | eval 58.6s | plot 1.8s | save 0.002s | cum 0.58h
[2025-09-10 09:06:13] 
[2025-09-10 09:06:13] Benchmark @train_ep   45000 (bench_eps: 2000)
[2025-09-10 09:06:13] Macro Winrate          :  58.1%
[2025-09-10 09:06:13] Macro Ø-Reward         :  2.344
[2025-09-10 09:06:13] Winrate vs max_combo   :  32.9% | Σ-Reward:  3640.0 | Ø-Reward:  1.820 | Places: [658 (0.33), 611 (0.31), 444 (0.22), 287 (0.14)]
[2025-09-10 09:06:13] Winrate vs random2     :  72.8% | Σ-Reward:  5284.0 | Ø-Reward:  2.642 | Places: [1457 (0.73), 397 (0.20), 119 (0.06), 27 (0.01)]
[2025-09-10 09:06:13] Winrate vs single_only :  68.5% | Σ-Reward:  5138.0 | Ø-Reward:  2.569 | Places: [1369 (0.68), 438 (0.22), 155 (0.08), 38 (0.02)]
[2025-09-10 09:06:14] Timing @ep 45000: episode 53.2s | train 0.043s | eval 51.7s | plot 1.4s | save 0.002s | cum 0.67h
[2025-09-10 09:11:25] 
[2025-09-10 09:11:25] Benchmark @train_ep   50000 (bench_eps: 2000)
[2025-09-10 09:11:25] Macro Winrate          :  59.2%
[2025-09-10 09:11:25] Macro Ø-Reward         :  2.423
[2025-09-10 09:11:25] Winrate vs max_combo   :  37.2% | Σ-Reward:  3964.0 | Ø-Reward:  1.982 | Places: [744 (0.37), 679 (0.34), 374 (0.19), 203 (0.10)]
[2025-09-10 09:11:25] Winrate vs random2     :  75.1% | Σ-Reward:  5391.0 | Ø-Reward:  2.696 | Places: [1502 (0.75), 408 (0.20), 69 (0.03), 21 (0.01)]
[2025-09-10 09:11:25] Winrate vs single_only :  65.2% | Σ-Reward:  5184.0 | Ø-Reward:  2.592 | Places: [1305 (0.65), 591 (0.30), 87 (0.04), 17 (0.01)]
[2025-09-10 09:11:26] Timing @ep 50000: episode 56.1s | train 0.039s | eval 54.8s | plot 1.3s | save 0.002s | cum 0.76h
[2025-09-10 09:16:41] 
[2025-09-10 09:16:41] Benchmark @train_ep   55000 (bench_eps: 2000)
[2025-09-10 09:16:41] Macro Winrate          :  51.8%
[2025-09-10 09:16:41] Macro Ø-Reward         :  2.266
[2025-09-10 09:16:41] Winrate vs max_combo   :  33.5% | Σ-Reward:  3702.0 | Ø-Reward:  1.851 | Places: [670 (0.34), 641 (0.32), 410 (0.20), 279 (0.14)]
[2025-09-10 09:16:41] Winrate vs random2     :  70.0% | Σ-Reward:  5236.0 | Ø-Reward:  2.618 | Places: [1399 (0.70), 474 (0.24), 91 (0.05), 36 (0.02)]
[2025-09-10 09:16:41] Winrate vs single_only :  51.8% | Σ-Reward:  4656.0 | Ø-Reward:  2.328 | Places: [1036 (0.52), 650 (0.33), 248 (0.12), 66 (0.03)]
[2025-09-10 09:16:42] Timing @ep 55000: episode 54.6s | train 0.036s | eval 53.1s | plot 1.4s | save 0.002s | cum 0.85h
[2025-09-10 09:22:08] 
[2025-09-10 09:22:08] Benchmark @train_ep   60000 (bench_eps: 2000)
[2025-09-10 09:22:08] Macro Winrate          :  54.2%
[2025-09-10 09:22:08] Macro Ø-Reward         :  2.354
[2025-09-10 09:22:08] Winrate vs max_combo   :  33.7% | Σ-Reward:  3908.0 | Ø-Reward:  1.954 | Places: [674 (0.34), 749 (0.37), 388 (0.19), 189 (0.09)]
[2025-09-10 09:22:08] Winrate vs random2     :  76.7% | Σ-Reward:  5441.0 | Ø-Reward:  2.720 | Places: [1533 (0.77), 385 (0.19), 72 (0.04), 10 (0.01)]
[2025-09-10 09:22:08] Winrate vs single_only :  52.4% | Σ-Reward:  4775.0 | Ø-Reward:  2.388 | Places: [1048 (0.52), 716 (0.36), 199 (0.10), 37 (0.02)]
[2025-09-10 09:22:09] Timing @ep 60000: episode 54.4s | train 0.045s | eval 52.7s | plot 1.7s | save 0.002s | cum 0.94h
[2025-09-10 09:27:30] 
[2025-09-10 09:27:30] Benchmark @train_ep   65000 (bench_eps: 2000)
[2025-09-10 09:27:30] Macro Winrate          :  53.7%
[2025-09-10 09:27:30] Macro Ø-Reward         :  2.343
[2025-09-10 09:27:30] Winrate vs max_combo   :  34.4% | Σ-Reward:  3807.0 | Ø-Reward:  1.903 | Places: [688 (0.34), 658 (0.33), 427 (0.21), 227 (0.11)]
[2025-09-10 09:27:30] Winrate vs random2     :  71.0% | Σ-Reward:  5296.0 | Ø-Reward:  2.648 | Places: [1421 (0.71), 478 (0.24), 77 (0.04), 24 (0.01)]
[2025-09-10 09:27:30] Winrate vs single_only :  55.7% | Σ-Reward:  4954.0 | Ø-Reward:  2.477 | Places: [1114 (0.56), 750 (0.38), 112 (0.06), 24 (0.01)]
[2025-09-10 09:27:31] Timing @ep 65000: episode 54.9s | train 0.037s | eval 53.5s | plot 1.4s | save 0.002s | cum 1.03h
[2025-09-10 09:32:16] 
[2025-09-10 09:32:16] Benchmark @train_ep   70000 (bench_eps: 2000)
[2025-09-10 09:32:16] Macro Winrate          :  55.5%
[2025-09-10 09:32:16] Macro Ø-Reward         :  2.363
[2025-09-10 09:32:16] Winrate vs max_combo   :  36.4% | Σ-Reward:  3947.0 | Ø-Reward:  1.974 | Places: [727 (0.36), 695 (0.35), 376 (0.19), 202 (0.10)]
[2025-09-10 09:32:16] Winrate vs random2     :  74.0% | Σ-Reward:  5389.0 | Ø-Reward:  2.695 | Places: [1479 (0.74), 443 (0.22), 66 (0.03), 12 (0.01)]
[2025-09-10 09:32:16] Winrate vs single_only :  56.0% | Σ-Reward:  4841.0 | Ø-Reward:  2.421 | Places: [1121 (0.56), 642 (0.32), 194 (0.10), 43 (0.02)]
[2025-09-10 09:32:18] Timing @ep 70000: episode 49.4s | train 0.031s | eval 48.0s | plot 1.4s | save 0.002s | cum 1.11h
[2025-09-10 09:37:11] 
[2025-09-10 09:37:11] Benchmark @train_ep   75000 (bench_eps: 2000)
[2025-09-10 09:37:11] Macro Winrate          :  54.8%
[2025-09-10 09:37:11] Macro Ø-Reward         :  2.364
[2025-09-10 09:37:11] Winrate vs max_combo   :  38.0% | Σ-Reward:  4027.0 | Ø-Reward:  2.014 | Places: [761 (0.38), 693 (0.35), 358 (0.18), 188 (0.09)]
[2025-09-10 09:37:11] Winrate vs random2     :  76.7% | Σ-Reward:  5463.0 | Ø-Reward:  2.732 | Places: [1533 (0.77), 406 (0.20), 52 (0.03), 9 (0.00)]
[2025-09-10 09:37:11] Winrate vs single_only :  49.7% | Σ-Reward:  4695.0 | Ø-Reward:  2.348 | Places: [994 (0.50), 752 (0.38), 209 (0.10), 45 (0.02)]
[2025-09-10 09:37:13] Timing @ep 75000: episode 54.4s | train 0.051s | eval 52.9s | plot 1.4s | save 0.002s | cum 1.19h
[2025-09-10 09:41:44] 
[2025-09-10 09:41:44] Benchmark @train_ep   80000 (bench_eps: 2000)
[2025-09-10 09:41:44] Macro Winrate          :  62.9%
[2025-09-10 09:41:44] Macro Ø-Reward         :  2.422
[2025-09-10 09:41:44] Winrate vs max_combo   :  38.6% | Σ-Reward:  3910.0 | Ø-Reward:  1.955 | Places: [772 (0.39), 603 (0.30), 388 (0.19), 237 (0.12)]
[2025-09-10 09:41:44] Winrate vs random2     :  77.5% | Σ-Reward:  5380.0 | Ø-Reward:  2.690 | Places: [1549 (0.77), 314 (0.16), 105 (0.05), 32 (0.02)]
[2025-09-10 09:41:44] Winrate vs single_only :  72.7% | Σ-Reward:  5242.0 | Ø-Reward:  2.621 | Places: [1454 (0.73), 365 (0.18), 150 (0.07), 31 (0.02)]
[2025-09-10 09:41:46] Timing @ep 80000: episode 45.0s | train 0.032s | eval 43.3s | plot 1.6s | save 0.002s | cum 1.26h
[2025-09-10 09:46:18] 
[2025-09-10 09:46:18] Benchmark @train_ep   85000 (bench_eps: 2000)
[2025-09-10 09:46:18] Macro Winrate          :  64.4%
[2025-09-10 09:46:18] Macro Ø-Reward         :  2.439
[2025-09-10 09:46:18] Winrate vs max_combo   :  37.6% | Σ-Reward:  3795.0 | Ø-Reward:  1.897 | Places: [753 (0.38), 580 (0.29), 376 (0.19), 291 (0.15)]
[2025-09-10 09:46:18] Winrate vs random2     :  78.0% | Σ-Reward:  5444.0 | Ø-Reward:  2.722 | Places: [1560 (0.78), 348 (0.17), 68 (0.03), 24 (0.01)]
[2025-09-10 09:46:18] Winrate vs single_only :  77.7% | Σ-Reward:  5394.0 | Ø-Reward:  2.697 | Places: [1553 (0.78), 319 (0.16), 97 (0.05), 31 (0.02)]
[2025-09-10 09:46:20] Timing @ep 85000: episode 46.0s | train 0.031s | eval 44.5s | plot 1.4s | save 0.002s | cum 1.34h
[2025-09-10 09:50:54] 
[2025-09-10 09:50:54] Benchmark @train_ep   90000 (bench_eps: 2000)
[2025-09-10 09:50:54] Macro Winrate          :  56.8%
[2025-09-10 09:50:54] Macro Ø-Reward         :  2.372
[2025-09-10 09:50:54] Winrate vs max_combo   :  36.3% | Σ-Reward:  3927.0 | Ø-Reward:  1.964 | Places: [726 (0.36), 694 (0.35), 361 (0.18), 219 (0.11)]
[2025-09-10 09:50:54] Winrate vs random2     :  74.8% | Σ-Reward:  5365.0 | Ø-Reward:  2.683 | Places: [1495 (0.75), 400 (0.20), 80 (0.04), 25 (0.01)]
[2025-09-10 09:50:54] Winrate vs single_only :  59.5% | Σ-Reward:  4941.0 | Ø-Reward:  2.470 | Places: [1189 (0.59), 612 (0.31), 150 (0.07), 49 (0.02)]
[2025-09-10 09:50:55] Timing @ep 90000: episode 50.1s | train 0.030s | eval 48.8s | plot 1.2s | save 0.002s | cum 1.42h
[2025-09-10 09:55:59] 
[2025-09-10 09:55:59] Benchmark @train_ep   95000 (bench_eps: 2000)
[2025-09-10 09:55:59] Macro Winrate          :  50.1%
[2025-09-10 09:55:59] Macro Ø-Reward         :  2.271
[2025-09-10 09:55:59] Winrate vs max_combo   :  33.0% | Σ-Reward:  3706.0 | Ø-Reward:  1.853 | Places: [659 (0.33), 655 (0.33), 419 (0.21), 267 (0.13)]
[2025-09-10 09:55:59] Winrate vs random2     :  70.0% | Σ-Reward:  5269.0 | Ø-Reward:  2.635 | Places: [1399 (0.70), 493 (0.25), 86 (0.04), 22 (0.01)]
[2025-09-10 09:55:59] Winrate vs single_only :  47.5% | Σ-Reward:  4653.0 | Ø-Reward:  2.326 | Places: [950 (0.47), 793 (0.40), 217 (0.11), 40 (0.02)]
[2025-09-10 09:56:01] Timing @ep 95000: episode 55.5s | train 0.034s | eval 53.7s | plot 1.7s | save 0.004s | cum 1.50h
[2025-09-10 10:01:15] 
[2025-09-10 10:01:15] Benchmark @train_ep  100000 (bench_eps: 2000)
[2025-09-10 10:01:15] Macro Winrate          :  56.8%
[2025-09-10 10:01:15] Macro Ø-Reward         :  2.368
[2025-09-10 10:01:15] Winrate vs max_combo   :  32.6% | Σ-Reward:  3722.0 | Ø-Reward:  1.861 | Places: [652 (0.33), 663 (0.33), 440 (0.22), 245 (0.12)]
[2025-09-10 10:01:15] Winrate vs random2     :  72.5% | Σ-Reward:  5363.0 | Ø-Reward:  2.682 | Places: [1450 (0.72), 473 (0.24), 67 (0.03), 10 (0.01)]
[2025-09-10 10:01:15] Winrate vs single_only :  65.2% | Σ-Reward:  5122.0 | Ø-Reward:  2.561 | Places: [1304 (0.65), 544 (0.27), 122 (0.06), 30 (0.01)]
[2025-09-10 10:01:16] Timing @ep 100000: episode 52.7s | train 0.033s | eval 51.4s | plot 1.2s | save 0.002s | cum 1.59h
[2025-09-10 10:01:16] 
[2025-09-10 10:01:16] Gesamtzeit: 1.59h (~ 17.47 eps/s)
[2025-09-10 10:01:16] k1a1, Single Agent vs Heuristiken (max_combo). Training abgeschlossen.
[2025-09-10 10:01:16] Path: /home/wasterix/OpenSpiel/open_spiel/President/models/k1a1/model_31
