[2025-09-26 00:36:46] New Training (k4a2): Shared-Policy DQN — In-Proc External Trainer (Bundle-Updates)
[2025-09-26 00:36:46] Deck_Size: 64
[2025-09-26 00:36:46] Episodes: 100000
[2025-09-26 00:36:46] Path: /home/wasterix/OpenSpiel/open_spiel/President/models/k4a2/model_60
[2025-09-26 00:39:51] 
[2025-09-26 00:39:51] Benchmark @train_ep    5000 (bench_eps: 2000)
[2025-09-26 00:39:51] Macro Winrate          :   7.1%
[2025-09-26 00:39:51] Macro Ø-Reward         :  0.805
[2025-09-26 00:39:51] Winrate vs max_combo   :   2.3% | Σ-Reward:  820.0 | Ø-Reward:  0.410 | Places: [46 (0.02), 140 (0.07), 402 (0.20), 1412 (0.71)]
[2025-09-26 00:39:51] Winrate vs random2     :  12.8% | Σ-Reward:  2366.0 | Ø-Reward:  1.183 | Places: [257 (0.13), 484 (0.24), 627 (0.31), 632 (0.32)]
[2025-09-26 00:39:51] Winrate vs single_only :   6.2% | Σ-Reward:  1645.0 | Ø-Reward:  0.823 | Places: [123 (0.06), 272 (0.14), 732 (0.37), 873 (0.44)]
[2025-09-26 00:39:54] Timing @ep 5000: episode 65.9s | train 0.370s | eval 61.7s | plot 3.9s | save 0.004s | cum 0.05h
[2025-09-26 00:43:02] 
[2025-09-26 00:43:02] Benchmark @train_ep   10000 (bench_eps: 2000)
[2025-09-26 00:43:02] Macro Winrate          :  51.7%
[2025-09-26 00:43:02] Macro Ø-Reward         :  2.050
[2025-09-26 00:43:02] Winrate vs max_combo   :  21.5% | Σ-Reward:  2618.0 | Ø-Reward:  1.309 | Places: [430 (0.21), 416 (0.21), 496 (0.25), 658 (0.33)]
[2025-09-26 00:43:02] Winrate vs random2     :  54.1% | Σ-Reward:  4419.0 | Ø-Reward:  2.209 | Places: [1083 (0.54), 458 (0.23), 254 (0.13), 205 (0.10)]
[2025-09-26 00:43:02] Winrate vs single_only :  79.3% | Σ-Reward:  5261.0 | Ø-Reward:  2.631 | Places: [1587 (0.79), 180 (0.09), 140 (0.07), 93 (0.05)]
[2025-09-26 00:43:05] Timing @ep 10000: episode 43.4s | train 0.227s | eval 39.9s | plot 3.3s | save 0.002s | cum 0.11h
[2025-09-26 00:45:38] 
[2025-09-26 00:45:38] Benchmark @train_ep   15000 (bench_eps: 2000)
[2025-09-26 00:45:38] Macro Winrate          :  47.4%
[2025-09-26 00:45:38] Macro Ø-Reward         :  2.024
[2025-09-26 00:45:38] Winrate vs max_combo   :  22.1% | Σ-Reward:  2780.0 | Ø-Reward:  1.390 | Places: [443 (0.22), 470 (0.23), 511 (0.26), 576 (0.29)]
[2025-09-26 00:45:38] Winrate vs random2     :  48.5% | Σ-Reward:  4236.0 | Ø-Reward:  2.118 | Places: [971 (0.49), 518 (0.26), 287 (0.14), 224 (0.11)]
[2025-09-26 00:45:38] Winrate vs single_only :  71.6% | Σ-Reward:  5129.0 | Ø-Reward:  2.564 | Places: [1432 (0.72), 335 (0.17), 163 (0.08), 70 (0.04)]
[2025-09-26 00:45:42] Timing @ep 15000: episode 36.3s | train 0.156s | eval 32.4s | plot 3.8s | save 0.002s | cum 0.15h
[2025-09-26 00:47:49] 
[2025-09-26 00:47:49] Benchmark @train_ep   20000 (bench_eps: 2000)
[2025-09-26 00:47:49] Macro Winrate          :  47.1%
[2025-09-26 00:47:49] Macro Ø-Reward         :  2.047
[2025-09-26 00:47:49] Winrate vs max_combo   :  26.9% | Σ-Reward:  3053.0 | Ø-Reward:  1.526 | Places: [539 (0.27), 489 (0.24), 458 (0.23), 514 (0.26)]
[2025-09-26 00:47:49] Winrate vs random2     :  57.1% | Σ-Reward:  4632.0 | Ø-Reward:  2.316 | Places: [1142 (0.57), 485 (0.24), 236 (0.12), 137 (0.07)]
[2025-09-26 00:47:49] Winrate vs single_only :  57.1% | Σ-Reward:  4596.0 | Ø-Reward:  2.298 | Places: [1142 (0.57), 452 (0.23), 266 (0.13), 140 (0.07)]
[2025-09-26 00:47:53] Timing @ep 20000: episode 38.0s | train 0.146s | eval 33.2s | plot 4.6s | save 0.003s | cum 0.19h
[2025-09-26 00:50:01] 
[2025-09-26 00:50:01] Benchmark @train_ep   25000 (bench_eps: 2000)
[2025-09-26 00:50:01] Macro Winrate          :  61.4%
[2025-09-26 00:50:01] Macro Ø-Reward         :  2.361
[2025-09-26 00:50:01] Winrate vs max_combo   :  36.5% | Σ-Reward:  3649.0 | Ø-Reward:  1.825 | Places: [729 (0.36), 507 (0.25), 448 (0.22), 316 (0.16)]
[2025-09-26 00:50:01] Winrate vs random2     :  69.8% | Σ-Reward:  5096.0 | Ø-Reward:  2.548 | Places: [1396 (0.70), 384 (0.19), 140 (0.07), 80 (0.04)]
[2025-09-26 00:50:01] Winrate vs single_only :  78.0% | Σ-Reward:  5422.0 | Ø-Reward:  2.711 | Places: [1561 (0.78), 327 (0.16), 85 (0.04), 27 (0.01)]
[2025-09-26 00:50:05] Timing @ep 25000: episode 37.1s | train 0.149s | eval 32.2s | plot 4.8s | save 0.002s | cum 0.22h
[2025-09-26 00:52:24] 
[2025-09-26 00:52:24] Benchmark @train_ep   30000 (bench_eps: 2000)
[2025-09-26 00:52:24] Macro Winrate          :  64.4%
[2025-09-26 00:52:24] Macro Ø-Reward         :  2.414
[2025-09-26 00:52:24] Winrate vs max_combo   :  39.4% | Σ-Reward:  3795.0 | Ø-Reward:  1.897 | Places: [788 (0.39), 519 (0.26), 393 (0.20), 300 (0.15)]
[2025-09-26 00:52:24] Winrate vs random2     :  71.2% | Σ-Reward:  5140.0 | Ø-Reward:  2.570 | Places: [1425 (0.71), 370 (0.18), 125 (0.06), 80 (0.04)]
[2025-09-26 00:52:24] Winrate vs single_only :  82.5% | Σ-Reward:  5552.0 | Ø-Reward:  2.776 | Places: [1651 (0.83), 273 (0.14), 53 (0.03), 23 (0.01)]
[2025-09-26 00:52:29] Timing @ep 30000: episode 33.0s | train 0.134s | eval 27.9s | plot 5.0s | save 0.003s | cum 0.26h
[2025-09-26 00:54:25] 
[2025-09-26 00:54:25] Benchmark @train_ep   35000 (bench_eps: 2000)
[2025-09-26 00:54:25] Macro Winrate          :  65.3%
[2025-09-26 00:54:25] Macro Ø-Reward         :  2.457
[2025-09-26 00:54:25] Winrate vs max_combo   :  40.4% | Σ-Reward:  3887.0 | Ø-Reward:  1.944 | Places: [808 (0.40), 542 (0.27), 379 (0.19), 271 (0.14)]
[2025-09-26 00:54:25] Winrate vs random2     :  75.8% | Σ-Reward:  5323.0 | Ø-Reward:  2.662 | Places: [1517 (0.76), 334 (0.17), 104 (0.05), 45 (0.02)]
[2025-09-26 00:54:25] Winrate vs single_only :  79.8% | Σ-Reward:  5532.0 | Ø-Reward:  2.766 | Places: [1595 (0.80), 346 (0.17), 55 (0.03), 4 (0.00)]
[2025-09-26 00:54:30] Timing @ep 35000: episode 33.2s | train 0.134s | eval 27.7s | plot 5.3s | save 0.002s | cum 0.30h
[2025-09-26 00:56:28] 
[2025-09-26 00:56:28] Benchmark @train_ep   40000 (bench_eps: 2000)
[2025-09-26 00:56:28] Macro Winrate          :  68.0%
[2025-09-26 00:56:28] Macro Ø-Reward         :  2.517
[2025-09-26 00:56:28] Winrate vs max_combo   :  45.8% | Σ-Reward:  4232.0 | Ø-Reward:  2.116 | Places: [916 (0.46), 581 (0.29), 322 (0.16), 181 (0.09)]
[2025-09-26 00:56:28] Winrate vs random2     :  77.2% | Σ-Reward:  5324.0 | Ø-Reward:  2.662 | Places: [1545 (0.77), 298 (0.15), 93 (0.05), 64 (0.03)]
[2025-09-26 00:56:28] Winrate vs single_only :  80.8% | Σ-Reward:  5545.0 | Ø-Reward:  2.772 | Places: [1616 (0.81), 327 (0.16), 43 (0.02), 14 (0.01)]
[2025-09-26 00:56:34] Timing @ep 40000: episode 33.6s | train 0.135s | eval 27.7s | plot 5.8s | save 0.002s | cum 0.33h
[2025-09-26 00:58:29] 
[2025-09-26 00:58:29] Benchmark @train_ep   45000 (bench_eps: 2000)
[2025-09-26 00:58:29] Macro Winrate          :  67.8%
[2025-09-26 00:58:29] Macro Ø-Reward         :  2.511
[2025-09-26 00:58:29] Winrate vs max_combo   :  46.3% | Σ-Reward:  4234.0 | Ø-Reward:  2.117 | Places: [926 (0.46), 569 (0.28), 318 (0.16), 187 (0.09)]
[2025-09-26 00:58:29] Winrate vs random2     :  75.9% | Σ-Reward:  5308.0 | Ø-Reward:  2.654 | Places: [1518 (0.76), 330 (0.17), 94 (0.05), 58 (0.03)]
[2025-09-26 00:58:29] Winrate vs single_only :  81.0% | Σ-Reward:  5525.0 | Ø-Reward:  2.763 | Places: [1621 (0.81), 302 (0.15), 58 (0.03), 19 (0.01)]
[2025-09-26 00:58:36] Timing @ep 45000: episode 34.6s | train 0.136s | eval 27.3s | plot 7.1s | save 0.002s | cum 0.36h
[2025-09-26 01:00:36] 
[2025-09-26 01:00:36] Benchmark @train_ep   50000 (bench_eps: 2000)
[2025-09-26 01:00:36] Macro Winrate          :  69.3%
[2025-09-26 01:00:36] Macro Ø-Reward         :  2.537
[2025-09-26 01:00:36] Winrate vs max_combo   :  45.5% | Σ-Reward:  4216.0 | Ø-Reward:  2.108 | Places: [910 (0.46), 587 (0.29), 312 (0.16), 191 (0.10)]
[2025-09-26 01:00:36] Winrate vs random2     :  80.0% | Σ-Reward:  5432.0 | Ø-Reward:  2.716 | Places: [1600 (0.80), 275 (0.14), 82 (0.04), 43 (0.02)]
[2025-09-26 01:00:36] Winrate vs single_only :  82.5% | Σ-Reward:  5574.0 | Ø-Reward:  2.787 | Places: [1650 (0.82), 289 (0.14), 46 (0.02), 15 (0.01)]
[2025-09-26 01:00:42] Timing @ep 50000: episode 35.0s | train 0.142s | eval 28.4s | plot 6.4s | save 0.001s | cum 0.40h
[2025-09-26 01:02:46] 
[2025-09-26 01:02:46] Benchmark @train_ep   55000 (bench_eps: 2000)
[2025-09-26 01:02:46] Macro Winrate          :  69.9%
[2025-09-26 01:02:46] Macro Ø-Reward         :  2.547
[2025-09-26 01:02:46] Winrate vs max_combo   :  46.5% | Σ-Reward:  4292.0 | Ø-Reward:  2.146 | Places: [931 (0.47), 594 (0.30), 311 (0.16), 164 (0.08)]
[2025-09-26 01:02:46] Winrate vs random2     :  81.7% | Σ-Reward:  5482.0 | Ø-Reward:  2.741 | Places: [1633 (0.82), 254 (0.13), 75 (0.04), 38 (0.02)]
[2025-09-26 01:02:46] Winrate vs single_only :  81.5% | Σ-Reward:  5511.0 | Ø-Reward:  2.756 | Places: [1631 (0.82), 277 (0.14), 64 (0.03), 28 (0.01)]
[2025-09-26 01:02:53] Timing @ep 55000: episode 36.9s | train 0.157s | eval 29.5s | plot 7.2s | save 0.001s | cum 0.44h
[2025-09-26 01:04:47] 
[2025-09-26 01:04:47] Benchmark @train_ep   60000 (bench_eps: 2000)
[2025-09-26 01:04:47] Macro Winrate          :  69.6%
[2025-09-26 01:04:47] Macro Ø-Reward         :  2.544
[2025-09-26 01:04:47] Winrate vs max_combo   :  47.3% | Σ-Reward:  4265.0 | Ø-Reward:  2.132 | Places: [946 (0.47), 558 (0.28), 311 (0.16), 185 (0.09)]
[2025-09-26 01:04:47] Winrate vs random2     :  81.7% | Σ-Reward:  5515.0 | Ø-Reward:  2.757 | Places: [1634 (0.82), 274 (0.14), 65 (0.03), 27 (0.01)]
[2025-09-26 01:04:47] Winrate vs single_only :  80.0% | Σ-Reward:  5487.0 | Ø-Reward:  2.744 | Places: [1599 (0.80), 314 (0.16), 62 (0.03), 25 (0.01)]
[2025-09-26 01:04:56] Timing @ep 60000: episode 34.5s | train 0.145s | eval 26.1s | plot 8.2s | save 0.002s | cum 0.47h
[2025-09-26 01:06:47] 
[2025-09-26 01:06:47] Benchmark @train_ep   65000 (bench_eps: 2000)
[2025-09-26 01:06:47] Macro Winrate          :  71.8%
[2025-09-26 01:06:47] Macro Ø-Reward         :  2.574
[2025-09-26 01:06:47] Winrate vs max_combo   :  49.9% | Σ-Reward:  4383.0 | Ø-Reward:  2.192 | Places: [998 (0.50), 553 (0.28), 283 (0.14), 166 (0.08)]
[2025-09-26 01:06:47] Winrate vs random2     :  83.3% | Σ-Reward:  5543.0 | Ø-Reward:  2.772 | Places: [1666 (0.83), 242 (0.12), 61 (0.03), 31 (0.02)]
[2025-09-26 01:06:47] Winrate vs single_only :  82.2% | Σ-Reward:  5517.0 | Ø-Reward:  2.759 | Places: [1643 (0.82), 262 (0.13), 64 (0.03), 31 (0.02)]
[2025-09-26 01:06:57] Timing @ep 65000: episode 36.2s | train 0.211s | eval 26.8s | plot 9.2s | save 0.002s | cum 0.50h
[2025-09-26 01:08:46] 
[2025-09-26 01:08:46] Benchmark @train_ep   70000 (bench_eps: 2000)
[2025-09-26 01:08:46] Macro Winrate          :  70.4%
[2025-09-26 01:08:46] Macro Ø-Reward         :  2.563
[2025-09-26 01:08:46] Winrate vs max_combo   :  48.6% | Σ-Reward:  4387.0 | Ø-Reward:  2.193 | Places: [972 (0.49), 587 (0.29), 297 (0.15), 144 (0.07)]
[2025-09-26 01:08:46] Winrate vs random2     :  82.4% | Σ-Reward:  5513.0 | Ø-Reward:  2.756 | Places: [1648 (0.82), 249 (0.12), 71 (0.04), 32 (0.02)]
[2025-09-26 01:08:46] Winrate vs single_only :  80.1% | Σ-Reward:  5481.0 | Ø-Reward:  2.740 | Places: [1602 (0.80), 299 (0.15), 77 (0.04), 22 (0.01)]
[2025-09-26 01:08:57] Timing @ep 70000: episode 36.5s | train 0.133s | eval 26.1s | plot 10.2s | save 0.003s | cum 0.54h
[2025-09-26 01:10:49] 
[2025-09-26 01:10:49] Benchmark @train_ep   75000 (bench_eps: 2000)
[2025-09-26 01:10:49] Macro Winrate          :  71.1%
[2025-09-26 01:10:49] Macro Ø-Reward         :  2.577
[2025-09-26 01:10:49] Winrate vs max_combo   :  51.2% | Σ-Reward:  4495.0 | Ø-Reward:  2.248 | Places: [1024 (0.51), 574 (0.29), 275 (0.14), 127 (0.06)]
[2025-09-26 01:10:49] Winrate vs random2     :  83.7% | Σ-Reward:  5544.0 | Ø-Reward:  2.772 | Places: [1674 (0.84), 227 (0.11), 68 (0.03), 31 (0.02)]
[2025-09-26 01:10:49] Winrate vs single_only :  78.3% | Σ-Reward:  5422.0 | Ø-Reward:  2.711 | Places: [1566 (0.78), 317 (0.16), 90 (0.04), 27 (0.01)]
[2025-09-26 01:10:59] Timing @ep 75000: episode 36.5s | train 0.139s | eval 26.3s | plot 10.1s | save 0.002s | cum 0.57h
[2025-09-26 01:12:49] 
[2025-09-26 01:12:49] Benchmark @train_ep   80000 (bench_eps: 2000)
[2025-09-26 01:12:49] Macro Winrate          :  73.0%
[2025-09-26 01:12:49] Macro Ø-Reward         :  2.600
[2025-09-26 01:12:49] Winrate vs max_combo   :  52.5% | Σ-Reward:  4509.0 | Ø-Reward:  2.255 | Places: [1050 (0.53), 552 (0.28), 255 (0.13), 143 (0.07)]
[2025-09-26 01:12:49] Winrate vs random2     :  83.8% | Σ-Reward:  5553.0 | Ø-Reward:  2.776 | Places: [1677 (0.84), 228 (0.11), 66 (0.03), 29 (0.01)]
[2025-09-26 01:12:49] Winrate vs single_only :  82.7% | Σ-Reward:  5536.0 | Ø-Reward:  2.768 | Places: [1653 (0.83), 247 (0.12), 83 (0.04), 17 (0.01)]
[2025-09-26 01:12:59] Timing @ep 80000: episode 37.1s | train 0.134s | eval 26.1s | plot 10.8s | save 0.002s | cum 0.60h
[2025-09-26 01:14:50] 
[2025-09-26 01:14:50] Benchmark @train_ep   85000 (bench_eps: 2000)
[2025-09-26 01:14:50] Macro Winrate          :  72.0%
[2025-09-26 01:14:50] Macro Ø-Reward         :  2.580
[2025-09-26 01:14:50] Winrate vs max_combo   :  52.0% | Σ-Reward:  4470.0 | Ø-Reward:  2.235 | Places: [1039 (0.52), 543 (0.27), 267 (0.13), 151 (0.08)]
[2025-09-26 01:14:50] Winrate vs random2     :  83.5% | Σ-Reward:  5570.0 | Ø-Reward:  2.785 | Places: [1669 (0.83), 253 (0.13), 57 (0.03), 21 (0.01)]
[2025-09-26 01:14:50] Winrate vs single_only :  80.6% | Σ-Reward:  5442.0 | Ø-Reward:  2.721 | Places: [1612 (0.81), 247 (0.12), 112 (0.06), 29 (0.01)]
[2025-09-26 01:15:02] Timing @ep 85000: episode 37.8s | train 0.135s | eval 26.6s | plot 11.1s | save 0.002s | cum 0.64h
[2025-09-26 01:16:55] 
[2025-09-26 01:16:55] Benchmark @train_ep   90000 (bench_eps: 2000)
[2025-09-26 01:16:55] Macro Winrate          :  73.5%
[2025-09-26 01:16:55] Macro Ø-Reward         :  2.610
[2025-09-26 01:16:55] Winrate vs max_combo   :  55.2% | Σ-Reward:  4581.0 | Ø-Reward:  2.291 | Places: [1104 (0.55), 514 (0.26), 241 (0.12), 141 (0.07)]
[2025-09-26 01:16:55] Winrate vs random2     :  85.0% | Σ-Reward:  5585.0 | Ø-Reward:  2.792 | Places: [1701 (0.85), 215 (0.11), 52 (0.03), 32 (0.02)]
[2025-09-26 01:16:55] Winrate vs single_only :  80.2% | Σ-Reward:  5493.0 | Ø-Reward:  2.747 | Places: [1604 (0.80), 305 (0.15), 71 (0.04), 20 (0.01)]
[2025-09-26 01:17:07] Timing @ep 90000: episode 38.8s | train 0.161s | eval 26.7s | plot 12.0s | save 0.002s | cum 0.67h
[2025-09-26 01:19:06] 
[2025-09-26 01:19:06] Benchmark @train_ep   95000 (bench_eps: 2000)
[2025-09-26 01:19:06] Macro Winrate          :  71.8%
[2025-09-26 01:19:06] Macro Ø-Reward         :  2.575
[2025-09-26 01:19:06] Winrate vs max_combo   :  56.0% | Σ-Reward:  4602.0 | Ø-Reward:  2.301 | Places: [1119 (0.56), 508 (0.25), 229 (0.11), 144 (0.07)]
[2025-09-26 01:19:06] Winrate vs random2     :  80.8% | Σ-Reward:  5429.0 | Ø-Reward:  2.715 | Places: [1615 (0.81), 247 (0.12), 90 (0.04), 48 (0.02)]
[2025-09-26 01:19:06] Winrate vs single_only :  78.5% | Σ-Reward:  5416.0 | Ø-Reward:  2.708 | Places: [1571 (0.79), 303 (0.15), 97 (0.05), 29 (0.01)]
[2025-09-26 01:19:19] Timing @ep 95000: episode 40.7s | train 0.139s | eval 28.0s | plot 12.5s | save 0.002s | cum 0.71h
[2025-09-26 01:21:20] 
[2025-09-26 01:21:20] Benchmark @train_ep  100000 (bench_eps: 2000)
[2025-09-26 01:21:20] Macro Winrate          :  74.2%
[2025-09-26 01:21:20] Macro Ø-Reward         :  2.607
[2025-09-26 01:21:20] Winrate vs max_combo   :  54.5% | Σ-Reward:  4525.0 | Ø-Reward:  2.263 | Places: [1091 (0.55), 508 (0.25), 236 (0.12), 165 (0.08)]
[2025-09-26 01:21:20] Winrate vs random2     :  82.8% | Σ-Reward:  5476.0 | Ø-Reward:  2.738 | Places: [1655 (0.83), 210 (0.10), 91 (0.05), 44 (0.02)]
[2025-09-26 01:21:20] Winrate vs single_only :  85.5% | Σ-Reward:  5639.0 | Ø-Reward:  2.820 | Places: [1709 (0.85), 234 (0.12), 44 (0.02), 13 (0.01)]
[2025-09-26 01:21:33] Timing @ep 100000: episode 40.3s | train 0.122s | eval 27.3s | plot 12.9s | save 0.001s | cum 0.75h
[2025-09-26 01:21:33] 
[2025-09-26 01:21:33] Gesamtzeit: 0.75h (~ 37.23 eps/s)
[2025-09-26 01:21:33] k4a2, Shared Policy Selfplay (DQN, Bundle-Updates, 1 Prozess). Training abgeschlossen.
[2025-09-26 01:21:33] Path: /home/wasterix/OpenSpiel/open_spiel/President/models/k4a2/model_60
