[2025-08-23 23:33:34] New Training (k1a1)
[2025-08-23 23:33:34] Deck_Size: 16
[2025-08-23 23:33:34] Episodes: 100000
[2025-08-23 23:33:34] Path: /home/wasterix/OpenSpiel/open_spiel/President/models/k1a1/model_73
[2025-08-23 23:34:18] 
[2025-08-23 23:34:18] Benchmark @train_ep    5000 (bench_eps: 2000)
[2025-08-23 23:34:18] Macro Winrate          :  41.9%
[2025-08-23 23:34:18] Macro Ø-Reward         :  1.875
[2025-08-23 23:34:18] Winrate vs max_combo   :  31.4% | Σ-Reward:  3266.0 | Ø-Reward:  1.633 | Places: [629 (0.31), 461 (0.23), 457 (0.23), 453 (0.23)]
[2025-08-23 23:34:18] Winrate vs random2     :  34.2% | Σ-Reward:  3604.0 | Ø-Reward:  1.802 | Places: [684 (0.34), 537 (0.27), 478 (0.24), 301 (0.15)]
[2025-08-23 23:34:18] Winrate vs single_only :  59.9% | Σ-Reward:  4382.0 | Ø-Reward:  2.191 | Places: [1198 (0.60), 219 (0.11), 350 (0.17), 233 (0.12)]
[2025-08-23 23:34:22] Timing @ep 5000: episode 15.4s | train 0.002s | eval 11.0s | plot 4.4s | save 0.005s | cum 0.01h
[2025-08-23 23:35:14] 
[2025-08-23 23:35:14] Benchmark @train_ep   10000 (bench_eps: 2000)
[2025-08-23 23:35:14] Macro Winrate          :  38.5%
[2025-08-23 23:35:14] Macro Ø-Reward         :  1.842
[2025-08-23 23:35:14] Winrate vs max_combo   :  29.2% | Σ-Reward:  3251.0 | Ø-Reward:  1.625 | Places: [585 (0.29), 500 (0.25), 496 (0.25), 419 (0.21)]
[2025-08-23 23:35:14] Winrate vs random2     :  35.2% | Σ-Reward:  3741.0 | Ø-Reward:  1.871 | Places: [704 (0.35), 589 (0.29), 451 (0.23), 256 (0.13)]
[2025-08-23 23:35:14] Winrate vs single_only :  50.9% | Σ-Reward:  4061.0 | Ø-Reward:  2.030 | Places: [1018 (0.51), 293 (0.15), 421 (0.21), 268 (0.13)]
[2025-08-23 23:35:21] Timing @ep 10000: episode 21.2s | train 0.003s | eval 14.6s | plot 6.7s | save 0.002s | cum 0.03h
[2025-08-23 23:36:14] 
[2025-08-23 23:36:14] Benchmark @train_ep   15000 (bench_eps: 2000)
[2025-08-23 23:36:14] Macro Winrate          :  40.6%
[2025-08-23 23:36:14] Macro Ø-Reward         :  1.894
[2025-08-23 23:36:14] Winrate vs max_combo   :  32.8% | Σ-Reward:  3410.0 | Ø-Reward:  1.705 | Places: [656 (0.33), 490 (0.24), 462 (0.23), 392 (0.20)]
[2025-08-23 23:36:14] Winrate vs random2     :  36.0% | Σ-Reward:  3785.0 | Ø-Reward:  1.893 | Places: [721 (0.36), 585 (0.29), 452 (0.23), 242 (0.12)]
[2025-08-23 23:36:14] Winrate vs single_only :  52.9% | Σ-Reward:  4170.0 | Ø-Reward:  2.085 | Places: [1058 (0.53), 297 (0.15), 402 (0.20), 243 (0.12)]
[2025-08-23 23:36:23] Timing @ep 15000: episode 24.8s | train 0.003s | eval 15.6s | plot 9.2s | save 0.001s | cum 0.05h
[2025-08-23 23:37:19] 
[2025-08-23 23:37:19] Benchmark @train_ep   20000 (bench_eps: 2000)
[2025-08-23 23:37:19] Macro Winrate          :  35.6%
[2025-08-23 23:37:19] Macro Ø-Reward         :  1.804
[2025-08-23 23:37:19] Winrate vs max_combo   :  27.1% | Σ-Reward:  3156.0 | Ø-Reward:  1.578 | Places: [541 (0.27), 509 (0.25), 515 (0.26), 435 (0.22)]
[2025-08-23 23:37:19] Winrate vs random2     :  31.7% | Σ-Reward:  3623.0 | Ø-Reward:  1.812 | Places: [634 (0.32), 604 (0.30), 513 (0.26), 249 (0.12)]
[2025-08-23 23:37:19] Winrate vs single_only :  48.0% | Σ-Reward:  4046.0 | Ø-Reward:  2.023 | Places: [961 (0.48), 352 (0.18), 459 (0.23), 228 (0.11)]
[2025-08-23 23:37:29] Timing @ep 20000: episode 26.9s | train 0.004s | eval 16.8s | plot 10.1s | save 0.002s | cum 0.06h
[2025-08-23 23:38:20] 
[2025-08-23 23:38:20] Benchmark @train_ep   25000 (bench_eps: 2000)
[2025-08-23 23:38:20] Macro Winrate          :  37.9%
[2025-08-23 23:38:20] Macro Ø-Reward         :  1.849
[2025-08-23 23:38:20] Winrate vs max_combo   :  28.9% | Σ-Reward:  3274.0 | Ø-Reward:  1.637 | Places: [577 (0.29), 524 (0.26), 495 (0.25), 404 (0.20)]
[2025-08-23 23:38:20] Winrate vs random2     :  33.4% | Σ-Reward:  3656.0 | Ø-Reward:  1.828 | Places: [668 (0.33), 590 (0.29), 472 (0.24), 270 (0.14)]
[2025-08-23 23:38:20] Winrate vs single_only :  51.5% | Σ-Reward:  4167.0 | Ø-Reward:  2.083 | Places: [1029 (0.51), 342 (0.17), 396 (0.20), 233 (0.12)]
[2025-08-23 23:38:31] Timing @ep 25000: episode 26.0s | train 0.003s | eval 14.9s | plot 11.1s | save 0.002s | cum 0.08h
[2025-08-23 23:39:21] 
[2025-08-23 23:39:21] Benchmark @train_ep   30000 (bench_eps: 2000)
[2025-08-23 23:39:21] Macro Winrate          :  40.2%
[2025-08-23 23:39:21] Macro Ø-Reward         :  1.867
[2025-08-23 23:39:21] Winrate vs max_combo   :  31.8% | Σ-Reward:  3327.0 | Ø-Reward:  1.663 | Places: [635 (0.32), 484 (0.24), 454 (0.23), 427 (0.21)]
[2025-08-23 23:39:21] Winrate vs random2     :  34.5% | Σ-Reward:  3706.0 | Ø-Reward:  1.853 | Places: [691 (0.35), 589 (0.29), 455 (0.23), 265 (0.13)]
[2025-08-23 23:39:21] Winrate vs single_only :  54.2% | Σ-Reward:  4170.0 | Ø-Reward:  2.085 | Places: [1085 (0.54), 256 (0.13), 403 (0.20), 256 (0.13)]
[2025-08-23 23:39:34] Timing @ep 30000: episode 26.7s | train 0.003s | eval 13.3s | plot 13.4s | save 0.002s | cum 0.10h
[2025-08-23 23:40:24] 
[2025-08-23 23:40:24] Benchmark @train_ep   35000 (bench_eps: 2000)
[2025-08-23 23:40:24] Macro Winrate          :  41.1%
[2025-08-23 23:40:24] Macro Ø-Reward         :  1.896
[2025-08-23 23:40:24] Winrate vs max_combo   :  31.5% | Σ-Reward:  3345.0 | Ø-Reward:  1.673 | Places: [630 (0.32), 480 (0.24), 495 (0.25), 395 (0.20)]
[2025-08-23 23:40:24] Winrate vs random2     :  34.6% | Σ-Reward:  3694.0 | Ø-Reward:  1.847 | Places: [692 (0.35), 568 (0.28), 482 (0.24), 258 (0.13)]
[2025-08-23 23:40:24] Winrate vs single_only :  57.1% | Σ-Reward:  4337.0 | Ø-Reward:  2.168 | Places: [1143 (0.57), 259 (0.13), 390 (0.20), 208 (0.10)]
[2025-08-23 23:40:38] Timing @ep 35000: episode 28.4s | train 0.003s | eval 14.0s | plot 14.4s | save 0.002s | cum 0.12h
[2025-08-23 23:41:50] 
[2025-08-23 23:41:50] Benchmark @train_ep   40000 (bench_eps: 2000)
[2025-08-23 23:41:50] Macro Winrate          :  42.6%
[2025-08-23 23:41:50] Macro Ø-Reward         :  1.905
[2025-08-23 23:41:50] Winrate vs max_combo   :  32.0% | Σ-Reward:  3364.0 | Ø-Reward:  1.682 | Places: [641 (0.32), 513 (0.26), 415 (0.21), 431 (0.22)]
[2025-08-23 23:41:50] Winrate vs random2     :  35.0% | Σ-Reward:  3669.0 | Ø-Reward:  1.835 | Places: [699 (0.35), 560 (0.28), 452 (0.23), 289 (0.14)]
[2025-08-23 23:41:50] Winrate vs single_only :  61.0% | Σ-Reward:  4398.0 | Ø-Reward:  2.199 | Places: [1219 (0.61), 199 (0.10), 343 (0.17), 239 (0.12)]
[2025-08-23 23:42:07] Timing @ep 40000: episode 37.1s | train 0.007s | eval 20.6s | plot 16.5s | save 0.002s | cum 0.14h
[2025-08-23 23:43:32] 
[2025-08-23 23:43:32] Benchmark @train_ep   45000 (bench_eps: 2000)
[2025-08-23 23:43:32] Macro Winrate          :  42.2%
[2025-08-23 23:43:32] Macro Ø-Reward         :  1.924
[2025-08-23 23:43:32] Winrate vs max_combo   :  32.9% | Σ-Reward:  3414.0 | Ø-Reward:  1.707 | Places: [657 (0.33), 485 (0.24), 473 (0.24), 385 (0.19)]
[2025-08-23 23:43:32] Winrate vs random2     :  34.5% | Σ-Reward:  3729.0 | Ø-Reward:  1.865 | Places: [690 (0.34), 592 (0.30), 475 (0.24), 243 (0.12)]
[2025-08-23 23:43:32] Winrate vs single_only :  59.4% | Σ-Reward:  4402.0 | Ø-Reward:  2.201 | Places: [1187 (0.59), 237 (0.12), 367 (0.18), 209 (0.10)]
[2025-08-23 23:43:49] Timing @ep 45000: episode 38.5s | train 0.010s | eval 21.6s | plot 16.9s | save 0.002s | cum 0.17h
[2025-08-23 23:44:39] 
[2025-08-23 23:44:39] Benchmark @train_ep   50000 (bench_eps: 2000)
[2025-08-23 23:44:39] Macro Winrate          :  42.9%
[2025-08-23 23:44:39] Macro Ø-Reward         :  1.935
[2025-08-23 23:44:39] Winrate vs max_combo   :  31.6% | Σ-Reward:  3356.0 | Ø-Reward:  1.678 | Places: [631 (0.32), 502 (0.25), 459 (0.23), 408 (0.20)]
[2025-08-23 23:44:39] Winrate vs random2     :  36.8% | Σ-Reward:  3784.0 | Ø-Reward:  1.892 | Places: [736 (0.37), 578 (0.29), 420 (0.21), 266 (0.13)]
[2025-08-23 23:44:39] Winrate vs single_only :  60.5% | Σ-Reward:  4471.0 | Ø-Reward:  2.236 | Places: [1210 (0.60), 261 (0.13), 319 (0.16), 210 (0.10)]
[2025-08-23 23:44:55] Timing @ep 50000: episode 30.1s | train 0.003s | eval 14.5s | plot 15.6s | save 0.002s | cum 0.19h
[2025-08-23 23:45:45] 
[2025-08-23 23:45:45] Benchmark @train_ep   55000 (bench_eps: 2000)
[2025-08-23 23:45:45] Macro Winrate          :  39.4%
[2025-08-23 23:45:45] Macro Ø-Reward         :  1.903
[2025-08-23 23:45:45] Winrate vs max_combo   :  29.4% | Σ-Reward:  3312.0 | Ø-Reward:  1.656 | Places: [587 (0.29), 535 (0.27), 481 (0.24), 397 (0.20)]
[2025-08-23 23:45:45] Winrate vs random2     :  34.7% | Σ-Reward:  3763.0 | Ø-Reward:  1.881 | Places: [694 (0.35), 625 (0.31), 431 (0.22), 250 (0.12)]
[2025-08-23 23:45:45] Winrate vs single_only :  54.1% | Σ-Reward:  4346.0 | Ø-Reward:  2.173 | Places: [1082 (0.54), 357 (0.18), 386 (0.19), 175 (0.09)]
[2025-08-23 23:46:01] Timing @ep 55000: episode 31.6s | train 0.003s | eval 14.7s | plot 16.9s | save 0.002s | cum 0.21h
[2025-08-23 23:46:55] 
[2025-08-23 23:46:55] Benchmark @train_ep   60000 (bench_eps: 2000)
[2025-08-23 23:46:55] Macro Winrate          :  39.4%
[2025-08-23 23:46:55] Macro Ø-Reward         :  1.886
[2025-08-23 23:46:55] Winrate vs max_combo   :  30.3% | Σ-Reward:  3327.0 | Ø-Reward:  1.663 | Places: [606 (0.30), 507 (0.25), 495 (0.25), 392 (0.20)]
[2025-08-23 23:46:55] Winrate vs random2     :  33.5% | Σ-Reward:  3712.0 | Ø-Reward:  1.856 | Places: [671 (0.34), 613 (0.31), 473 (0.24), 243 (0.12)]
[2025-08-23 23:46:55] Winrate vs single_only :  54.3% | Σ-Reward:  4277.0 | Ø-Reward:  2.139 | Places: [1086 (0.54), 315 (0.16), 389 (0.19), 210 (0.10)]
[2025-08-23 23:47:11] Timing @ep 60000: episode 30.9s | train 0.003s | eval 14.2s | plot 16.7s | save 0.002s | cum 0.23h
[2025-08-23 23:48:01] 
[2025-08-23 23:48:01] Benchmark @train_ep   65000 (bench_eps: 2000)
[2025-08-23 23:48:01] Macro Winrate          :  45.0%
[2025-08-23 23:48:01] Macro Ø-Reward         :  1.972
[2025-08-23 23:48:01] Winrate vs max_combo   :  35.5% | Σ-Reward:  3502.0 | Ø-Reward:  1.751 | Places: [711 (0.36), 473 (0.24), 423 (0.21), 393 (0.20)]
[2025-08-23 23:48:01] Winrate vs random2     :  36.2% | Σ-Reward:  3761.0 | Ø-Reward:  1.881 | Places: [724 (0.36), 572 (0.29), 445 (0.22), 259 (0.13)]
[2025-08-23 23:48:01] Winrate vs single_only :  63.4% | Σ-Reward:  4569.0 | Ø-Reward:  2.284 | Places: [1267 (0.63), 229 (0.11), 310 (0.15), 194 (0.10)]
[2025-08-23 23:48:20] Timing @ep 65000: episode 32.2s | train 0.003s | eval 13.8s | plot 18.4s | save 0.002s | cum 0.25h
[2025-08-23 23:49:07] 
[2025-08-23 23:49:07] Benchmark @train_ep   70000 (bench_eps: 2000)
[2025-08-23 23:49:07] Macro Winrate          :  43.3%
[2025-08-23 23:49:07] Macro Ø-Reward         :  1.939
[2025-08-23 23:49:07] Winrate vs max_combo   :  32.9% | Σ-Reward:  3386.0 | Ø-Reward:  1.693 | Places: [657 (0.33), 477 (0.24), 461 (0.23), 405 (0.20)]
[2025-08-23 23:49:07] Winrate vs random2     :  37.9% | Σ-Reward:  3836.0 | Ø-Reward:  1.918 | Places: [758 (0.38), 543 (0.27), 476 (0.24), 223 (0.11)]
[2025-08-23 23:49:07] Winrate vs single_only :  59.2% | Σ-Reward:  4413.0 | Ø-Reward:  2.207 | Places: [1185 (0.59), 246 (0.12), 366 (0.18), 203 (0.10)]
[2025-08-23 23:49:26] Timing @ep 70000: episode 32.7s | train 0.003s | eval 14.3s | plot 18.3s | save 0.001s | cum 0.26h
[2025-08-23 23:50:14] 
[2025-08-23 23:50:14] Benchmark @train_ep   75000 (bench_eps: 2000)
[2025-08-23 23:50:14] Macro Winrate          :  42.3%
[2025-08-23 23:50:14] Macro Ø-Reward         :  1.924
[2025-08-23 23:50:14] Winrate vs max_combo   :  33.4% | Σ-Reward:  3432.0 | Ø-Reward:  1.716 | Places: [667 (0.33), 492 (0.25), 447 (0.22), 394 (0.20)]
[2025-08-23 23:50:14] Winrate vs random2     :  34.2% | Σ-Reward:  3708.0 | Ø-Reward:  1.854 | Places: [685 (0.34), 584 (0.29), 485 (0.24), 246 (0.12)]
[2025-08-23 23:50:14] Winrate vs single_only :  59.4% | Σ-Reward:  4403.0 | Ø-Reward:  2.201 | Places: [1187 (0.59), 234 (0.12), 374 (0.19), 205 (0.10)]
[2025-08-23 23:50:32] Timing @ep 75000: episode 30.7s | train 0.003s | eval 12.7s | plot 17.9s | save 0.002s | cum 0.28h
[2025-08-23 23:51:25] 
[2025-08-23 23:51:25] Benchmark @train_ep   80000 (bench_eps: 2000)
[2025-08-23 23:51:25] Macro Winrate          :  44.6%
[2025-08-23 23:51:25] Macro Ø-Reward         :  1.960
[2025-08-23 23:51:25] Winrate vs max_combo   :  35.6% | Σ-Reward:  3533.0 | Ø-Reward:  1.766 | Places: [713 (0.36), 484 (0.24), 426 (0.21), 377 (0.19)]
[2025-08-23 23:51:25] Winrate vs random2     :  36.8% | Σ-Reward:  3750.0 | Ø-Reward:  1.875 | Places: [735 (0.37), 553 (0.28), 439 (0.22), 273 (0.14)]
[2025-08-23 23:51:25] Winrate vs single_only :  61.3% | Σ-Reward:  4475.0 | Ø-Reward:  2.237 | Places: [1226 (0.61), 228 (0.11), 341 (0.17), 205 (0.10)]
[2025-08-23 23:51:45] Timing @ep 80000: episode 35.0s | train 0.003s | eval 15.5s | plot 19.5s | save 0.002s | cum 0.30h
[2025-08-23 23:52:34] 
[2025-08-23 23:52:34] Benchmark @train_ep   85000 (bench_eps: 2000)
[2025-08-23 23:52:34] Macro Winrate          :  42.9%
[2025-08-23 23:52:34] Macro Ø-Reward         :  1.942
[2025-08-23 23:52:34] Winrate vs max_combo   :  30.9% | Σ-Reward:  3370.0 | Ø-Reward:  1.685 | Places: [617 (0.31), 524 (0.26), 471 (0.24), 388 (0.19)]
[2025-08-23 23:52:34] Winrate vs random2     :  38.8% | Σ-Reward:  3858.0 | Ø-Reward:  1.929 | Places: [775 (0.39), 558 (0.28), 417 (0.21), 250 (0.12)]
[2025-08-23 23:52:34] Winrate vs single_only :  59.2% | Σ-Reward:  4426.0 | Ø-Reward:  2.213 | Places: [1184 (0.59), 256 (0.13), 362 (0.18), 198 (0.10)]
[2025-08-23 23:52:54] Timing @ep 85000: episode 33.9s | train 0.003s | eval 13.9s | plot 19.9s | save 0.002s | cum 0.32h
[2025-08-23 23:53:43] 
[2025-08-23 23:53:43] Benchmark @train_ep   90000 (bench_eps: 2000)
[2025-08-23 23:53:43] Macro Winrate          :  43.5%
[2025-08-23 23:53:43] Macro Ø-Reward         :  1.949
[2025-08-23 23:53:43] Winrate vs max_combo   :  33.0% | Σ-Reward:  3459.0 | Ø-Reward:  1.730 | Places: [660 (0.33), 521 (0.26), 437 (0.22), 382 (0.19)]
[2025-08-23 23:53:43] Winrate vs random2     :  38.1% | Σ-Reward:  3799.0 | Ø-Reward:  1.899 | Places: [762 (0.38), 543 (0.27), 427 (0.21), 268 (0.13)]
[2025-08-23 23:53:43] Winrate vs single_only :  59.5% | Σ-Reward:  4435.0 | Ø-Reward:  2.217 | Places: [1189 (0.59), 272 (0.14), 324 (0.16), 215 (0.11)]
[2025-08-23 23:54:02] Timing @ep 90000: episode 32.0s | train 0.003s | eval 12.9s | plot 19.0s | save 0.002s | cum 0.34h
[2025-08-23 23:54:51] 
[2025-08-23 23:54:51] Benchmark @train_ep   95000 (bench_eps: 2000)
[2025-08-23 23:54:51] Macro Winrate          :  44.7%
[2025-08-23 23:54:51] Macro Ø-Reward         :  1.970
[2025-08-23 23:54:51] Winrate vs max_combo   :  34.6% | Σ-Reward:  3468.0 | Ø-Reward:  1.734 | Places: [692 (0.35), 480 (0.24), 432 (0.22), 396 (0.20)]
[2025-08-23 23:54:51] Winrate vs random2     :  39.0% | Σ-Reward:  3883.0 | Ø-Reward:  1.942 | Places: [780 (0.39), 561 (0.28), 421 (0.21), 238 (0.12)]
[2025-08-23 23:54:51] Winrate vs single_only :  60.5% | Σ-Reward:  4470.0 | Ø-Reward:  2.235 | Places: [1209 (0.60), 250 (0.12), 343 (0.17), 198 (0.10)]
[2025-08-23 23:55:12] Timing @ep 95000: episode 34.9s | train 0.003s | eval 13.9s | plot 21.0s | save 0.002s | cum 0.36h
[2025-08-23 23:56:01] 
[2025-08-23 23:56:01] Benchmark @train_ep  100000 (bench_eps: 2000)
[2025-08-23 23:56:01] Macro Winrate          :  41.8%
[2025-08-23 23:56:01] Macro Ø-Reward         :  1.930
[2025-08-23 23:56:01] Winrate vs max_combo   :  32.4% | Σ-Reward:  3440.0 | Ø-Reward:  1.720 | Places: [647 (0.32), 533 (0.27), 433 (0.22), 387 (0.19)]
[2025-08-23 23:56:01] Winrate vs random2     :  35.2% | Σ-Reward:  3754.0 | Ø-Reward:  1.877 | Places: [705 (0.35), 595 (0.30), 449 (0.22), 251 (0.13)]
[2025-08-23 23:56:01] Winrate vs single_only :  57.6% | Σ-Reward:  4385.0 | Ø-Reward:  2.192 | Places: [1153 (0.58), 279 (0.14), 368 (0.18), 200 (0.10)]
[2025-08-23 23:56:23] Timing @ep 100000: episode 35.4s | train 0.003s | eval 14.2s | plot 21.1s | save 0.002s | cum 0.38h
[2025-08-23 23:56:23] 
[2025-08-23 23:56:23] Gesamtzeit: 0.38h (~ 73.17 eps/s)
[2025-08-23 23:56:23] K1 Training abgeschlossen.
