[2025-09-03 14:32:47] New Training (k1a2): DQN Single-Agent vs Heuristiken (P0→P0)
[2025-09-03 14:32:47] Deck_Size: 16
[2025-09-03 14:32:47] Episodes: 100000
[2025-09-03 14:32:47] Path: /home/wasterix/OpenSpiel/open_spiel/President/models/k1a2/model_04
[2025-09-03 14:33:32] 
[2025-09-03 14:33:32] Benchmark @train_ep    2000 (bench_eps: 2000)
[2025-09-03 14:33:32] Macro Winrate          :  43.3%
[2025-09-03 14:33:32] Macro Ø-Reward         :  1.891
[2025-09-03 14:33:32] Winrate vs max_combo   :  33.6% | Σ-Reward:  3364.0 | Ø-Reward:  1.682 | Places: [672 (0.34), 461 (0.23), 426 (0.21), 441 (0.22)]
[2025-09-03 14:33:32] Winrate vs random2     :  38.7% | Σ-Reward:  3732.0 | Ø-Reward:  1.866 | Places: [774 (0.39), 488 (0.24), 434 (0.22), 304 (0.15)]
[2025-09-03 14:33:32] Winrate vs single_only :  57.5% | Σ-Reward:  4251.0 | Ø-Reward:  2.126 | Places: [1151 (0.58), 208 (0.10), 382 (0.19), 259 (0.13)]
[2025-09-03 14:33:33] Timing @ep 2000: episode 12.2s | train 0.010s | eval 10.9s | plot 1.2s | save 0.003s | cum 0.01h
[2025-09-03 14:34:25] 
[2025-09-03 14:34:25] Benchmark @train_ep    4000 (bench_eps: 2000)
[2025-09-03 14:34:25] Macro Winrate          :  48.4%
[2025-09-03 14:34:25] Macro Ø-Reward         :  2.068
[2025-09-03 14:34:25] Winrate vs max_combo   :  37.6% | Σ-Reward:  3676.0 | Ø-Reward:  1.838 | Places: [753 (0.38), 501 (0.25), 415 (0.21), 331 (0.17)]
[2025-09-03 14:34:25] Winrate vs random2     :  42.4% | Σ-Reward:  4011.0 | Ø-Reward:  2.006 | Places: [847 (0.42), 532 (0.27), 406 (0.20), 215 (0.11)]
[2025-09-03 14:34:25] Winrate vs single_only :  65.3% | Σ-Reward:  4718.0 | Ø-Reward:  2.359 | Places: [1306 (0.65), 239 (0.12), 322 (0.16), 133 (0.07)]
[2025-09-03 14:34:27] Timing @ep 4000: episode 13.9s | train 0.008s | eval 12.3s | plot 1.6s | save 0.001s | cum 0.03h
[2025-09-03 14:35:21] 
[2025-09-03 14:35:21] Benchmark @train_ep    6000 (bench_eps: 2000)
[2025-09-03 14:35:21] Macro Winrate          :  47.5%
[2025-09-03 14:35:21] Macro Ø-Reward         :  2.061
[2025-09-03 14:35:21] Winrate vs max_combo   :  37.4% | Σ-Reward:  3621.0 | Ø-Reward:  1.810 | Places: [748 (0.37), 487 (0.24), 403 (0.20), 362 (0.18)]
[2025-09-03 14:35:21] Winrate vs random2     :  41.2% | Σ-Reward:  4061.0 | Ø-Reward:  2.030 | Places: [825 (0.41), 615 (0.31), 356 (0.18), 204 (0.10)]
[2025-09-03 14:35:21] Winrate vs single_only :  63.8% | Σ-Reward:  4686.0 | Ø-Reward:  2.343 | Places: [1276 (0.64), 274 (0.14), 310 (0.15), 140 (0.07)]
[2025-09-03 14:35:22] Timing @ep 6000: episode 12.2s | train 0.020s | eval 10.7s | plot 1.5s | save 0.002s | cum 0.04h
[2025-09-03 14:36:07] 
[2025-09-03 14:36:07] Benchmark @train_ep    8000 (bench_eps: 2000)
[2025-09-03 14:36:07] Macro Winrate          :  47.4%
[2025-09-03 14:36:07] Macro Ø-Reward         :  2.066
[2025-09-03 14:36:07] Winrate vs max_combo   :  38.0% | Σ-Reward:  3678.0 | Ø-Reward:  1.839 | Places: [761 (0.38), 473 (0.24), 449 (0.22), 317 (0.16)]
[2025-09-03 14:36:07] Winrate vs random2     :  40.7% | Σ-Reward:  4049.0 | Ø-Reward:  2.025 | Places: [814 (0.41), 627 (0.31), 353 (0.18), 206 (0.10)]
[2025-09-03 14:36:07] Winrate vs single_only :  63.4% | Σ-Reward:  4667.0 | Ø-Reward:  2.333 | Places: [1268 (0.63), 273 (0.14), 317 (0.16), 142 (0.07)]
[2025-09-03 14:36:09] Timing @ep 8000: episode 12.0s | train 0.017s | eval 10.5s | plot 1.5s | save 0.002s | cum 0.06h
[2025-09-03 14:36:58] 
[2025-09-03 14:36:58] Benchmark @train_ep   10000 (bench_eps: 2000)
[2025-09-03 14:36:58] Macro Winrate          :  48.3%
[2025-09-03 14:36:58] Macro Ø-Reward         :  2.080
[2025-09-03 14:36:58] Winrate vs max_combo   :  39.1% | Σ-Reward:  3729.0 | Ø-Reward:  1.865 | Places: [783 (0.39), 482 (0.24), 416 (0.21), 319 (0.16)]
[2025-09-03 14:36:58] Winrate vs random2     :  43.4% | Σ-Reward:  4101.0 | Ø-Reward:  2.050 | Places: [867 (0.43), 571 (0.29), 358 (0.18), 204 (0.10)]
[2025-09-03 14:36:58] Winrate vs single_only :  62.4% | Σ-Reward:  4650.0 | Ø-Reward:  2.325 | Places: [1248 (0.62), 291 (0.15), 324 (0.16), 137 (0.07)]
[2025-09-03 14:37:00] Timing @ep 10000: episode 11.2s | train 0.008s | eval 9.8s | plot 1.3s | save 0.002s | cum 0.07h
[2025-09-03 14:37:47] 
[2025-09-03 14:37:47] Benchmark @train_ep   12000 (bench_eps: 2000)
[2025-09-03 14:37:47] Macro Winrate          :  46.4%
[2025-09-03 14:37:47] Macro Ø-Reward         :  2.050
[2025-09-03 14:37:47] Winrate vs max_combo   :  38.2% | Σ-Reward:  3714.0 | Ø-Reward:  1.857 | Places: [764 (0.38), 493 (0.25), 436 (0.22), 307 (0.15)]
[2025-09-03 14:37:47] Winrate vs random2     :  40.6% | Σ-Reward:  4037.0 | Ø-Reward:  2.018 | Places: [812 (0.41), 604 (0.30), 393 (0.20), 191 (0.10)]
[2025-09-03 14:37:47] Winrate vs single_only :  60.2% | Σ-Reward:  4552.0 | Ø-Reward:  2.276 | Places: [1205 (0.60), 315 (0.16), 307 (0.15), 173 (0.09)]
[2025-09-03 14:37:48] Timing @ep 12000: episode 11.4s | train 0.011s | eval 10.1s | plot 1.3s | save 0.001s | cum 0.08h
[2025-09-03 14:38:34] 
[2025-09-03 14:38:34] Benchmark @train_ep   14000 (bench_eps: 2000)
[2025-09-03 14:38:34] Macro Winrate          :  48.0%
[2025-09-03 14:38:34] Macro Ø-Reward         :  2.073
[2025-09-03 14:38:34] Winrate vs max_combo   :  35.4% | Σ-Reward:  3591.0 | Ø-Reward:  1.796 | Places: [707 (0.35), 520 (0.26), 430 (0.21), 343 (0.17)]
[2025-09-03 14:38:34] Winrate vs random2     :  43.9% | Σ-Reward:  4154.0 | Ø-Reward:  2.077 | Places: [877 (0.44), 574 (0.29), 375 (0.19), 174 (0.09)]
[2025-09-03 14:38:34] Winrate vs single_only :  64.9% | Σ-Reward:  4691.0 | Ø-Reward:  2.345 | Places: [1298 (0.65), 251 (0.13), 295 (0.15), 156 (0.08)]
[2025-09-03 14:38:36] Timing @ep 14000: episode 11.9s | train 0.136s | eval 10.3s | plot 1.4s | save 0.002s | cum 0.10h
[2025-09-03 14:39:22] 
[2025-09-03 14:39:22] Benchmark @train_ep   16000 (bench_eps: 2000)
[2025-09-03 14:39:22] Macro Winrate          :  47.4%
[2025-09-03 14:39:22] Macro Ø-Reward         :  2.065
[2025-09-03 14:39:22] Winrate vs max_combo   :  38.6% | Σ-Reward:  3764.0 | Ø-Reward:  1.882 | Places: [772 (0.39), 517 (0.26), 414 (0.21), 297 (0.15)]
[2025-09-03 14:39:22] Winrate vs random2     :  43.2% | Σ-Reward:  4139.0 | Ø-Reward:  2.070 | Places: [864 (0.43), 587 (0.29), 373 (0.19), 176 (0.09)]
[2025-09-03 14:39:22] Winrate vs single_only :  60.2% | Σ-Reward:  4487.0 | Ø-Reward:  2.244 | Places: [1205 (0.60), 268 (0.13), 336 (0.17), 191 (0.10)]
[2025-09-03 14:39:23] Timing @ep 16000: episode 11.7s | train 0.016s | eval 10.1s | plot 1.5s | save 0.002s | cum 0.11h
[2025-09-03 14:40:14] 
[2025-09-03 14:40:14] Benchmark @train_ep   18000 (bench_eps: 2000)
[2025-09-03 14:40:14] Macro Winrate          :  48.2%
[2025-09-03 14:40:14] Macro Ø-Reward         :  2.081
[2025-09-03 14:40:14] Winrate vs max_combo   :  37.9% | Σ-Reward:  3703.0 | Ø-Reward:  1.851 | Places: [757 (0.38), 516 (0.26), 400 (0.20), 327 (0.16)]
[2025-09-03 14:40:14] Winrate vs random2     :  42.9% | Σ-Reward:  4114.0 | Ø-Reward:  2.057 | Places: [858 (0.43), 586 (0.29), 368 (0.18), 188 (0.09)]
[2025-09-03 14:40:14] Winrate vs single_only :  64.0% | Σ-Reward:  4669.0 | Ø-Reward:  2.334 | Places: [1280 (0.64), 264 (0.13), 301 (0.15), 155 (0.08)]
[2025-09-03 14:40:15] Timing @ep 18000: episode 12.2s | train 0.026s | eval 10.7s | plot 1.5s | save 0.002s | cum 0.12h
[2025-09-03 14:41:03] 
[2025-09-03 14:41:03] Benchmark @train_ep   20000 (bench_eps: 2000)
[2025-09-03 14:41:03] Macro Winrate          :  48.4%
[2025-09-03 14:41:03] Macro Ø-Reward         :  2.093
[2025-09-03 14:41:03] Winrate vs max_combo   :  37.9% | Σ-Reward:  3762.0 | Ø-Reward:  1.881 | Places: [757 (0.38), 529 (0.26), 433 (0.22), 281 (0.14)]
[2025-09-03 14:41:03] Winrate vs random2     :  42.4% | Σ-Reward:  4083.0 | Ø-Reward:  2.042 | Places: [848 (0.42), 600 (0.30), 339 (0.17), 213 (0.11)]
[2025-09-03 14:41:03] Winrate vs single_only :  64.9% | Σ-Reward:  4715.0 | Ø-Reward:  2.357 | Places: [1298 (0.65), 265 (0.13), 291 (0.15), 146 (0.07)]
[2025-09-03 14:41:04] Timing @ep 20000: episode 11.2s | train 0.012s | eval 9.8s | plot 1.4s | save 0.002s | cum 0.14h
[2025-09-03 14:41:54] 
[2025-09-03 14:41:54] Benchmark @train_ep   22000 (bench_eps: 2000)
[2025-09-03 14:41:54] Macro Winrate          :  46.8%
[2025-09-03 14:41:54] Macro Ø-Reward         :  2.054
[2025-09-03 14:41:54] Winrate vs max_combo   :  37.2% | Σ-Reward:  3694.0 | Ø-Reward:  1.847 | Places: [745 (0.37), 512 (0.26), 435 (0.22), 308 (0.15)]
[2025-09-03 14:41:54] Winrate vs random2     :  41.1% | Σ-Reward:  4032.0 | Ø-Reward:  2.016 | Places: [822 (0.41), 585 (0.29), 396 (0.20), 197 (0.10)]
[2025-09-03 14:41:54] Winrate vs single_only :  62.0% | Σ-Reward:  4598.0 | Ø-Reward:  2.299 | Places: [1241 (0.62), 284 (0.14), 307 (0.15), 168 (0.08)]
[2025-09-03 14:41:56] Timing @ep 22000: episode 11.6s | train 0.005s | eval 10.1s | plot 1.6s | save 0.002s | cum 0.15h
[2025-09-03 14:42:47] 
[2025-09-03 14:42:47] Benchmark @train_ep   24000 (bench_eps: 2000)
[2025-09-03 14:42:47] Macro Winrate          :  48.4%
[2025-09-03 14:42:47] Macro Ø-Reward         :  2.080
[2025-09-03 14:42:47] Winrate vs max_combo   :  39.0% | Σ-Reward:  3765.0 | Ø-Reward:  1.883 | Places: [781 (0.39), 495 (0.25), 432 (0.22), 292 (0.15)]
[2025-09-03 14:42:47] Winrate vs random2     :  43.3% | Σ-Reward:  4113.0 | Ø-Reward:  2.057 | Places: [866 (0.43), 565 (0.28), 385 (0.19), 184 (0.09)]
[2025-09-03 14:42:47] Winrate vs single_only :  62.9% | Σ-Reward:  4603.0 | Ø-Reward:  2.301 | Places: [1257 (0.63), 251 (0.13), 330 (0.17), 162 (0.08)]
[2025-09-03 14:42:48] Timing @ep 24000: episode 11.0s | train 0.010s | eval 9.6s | plot 1.3s | save 0.001s | cum 0.17h
[2025-09-03 14:43:39] 
[2025-09-03 14:43:39] Benchmark @train_ep   26000 (bench_eps: 2000)
[2025-09-03 14:43:39] Macro Winrate          :  49.9%
[2025-09-03 14:43:39] Macro Ø-Reward         :  2.096
[2025-09-03 14:43:39] Winrate vs max_combo   :  38.9% | Σ-Reward:  3725.0 | Ø-Reward:  1.863 | Places: [777 (0.39), 488 (0.24), 418 (0.21), 317 (0.16)]
[2025-09-03 14:43:39] Winrate vs random2     :  45.6% | Σ-Reward:  4181.0 | Ø-Reward:  2.091 | Places: [913 (0.46), 537 (0.27), 368 (0.18), 182 (0.09)]
[2025-09-03 14:43:39] Winrate vs single_only :  65.2% | Σ-Reward:  4672.0 | Ø-Reward:  2.336 | Places: [1303 (0.65), 239 (0.12), 285 (0.14), 173 (0.09)]
[2025-09-03 14:43:40] Timing @ep 26000: episode 10.9s | train 0.014s | eval 9.6s | plot 1.3s | save 0.002s | cum 0.18h
[2025-09-03 14:44:33] 
[2025-09-03 14:44:33] Benchmark @train_ep   28000 (bench_eps: 2000)
[2025-09-03 14:44:33] Macro Winrate          :  46.9%
[2025-09-03 14:44:33] Macro Ø-Reward         :  2.076
[2025-09-03 14:44:33] Winrate vs max_combo   :  36.0% | Σ-Reward:  3723.0 | Ø-Reward:  1.861 | Places: [721 (0.36), 551 (0.28), 458 (0.23), 270 (0.14)]
[2025-09-03 14:44:33] Winrate vs random2     :  42.0% | Σ-Reward:  4089.0 | Ø-Reward:  2.045 | Places: [840 (0.42), 601 (0.30), 367 (0.18), 192 (0.10)]
[2025-09-03 14:44:33] Winrate vs single_only :  62.5% | Σ-Reward:  4643.0 | Ø-Reward:  2.321 | Places: [1251 (0.63), 305 (0.15), 280 (0.14), 164 (0.08)]
[2025-09-03 14:44:34] Timing @ep 28000: episode 11.4s | train 0.027s | eval 9.9s | plot 1.5s | save 0.002s | cum 0.20h
[2025-09-03 14:45:28] 
[2025-09-03 14:45:28] Benchmark @train_ep   30000 (bench_eps: 2000)
[2025-09-03 14:45:28] Macro Winrate          :  48.4%
[2025-09-03 14:45:28] Macro Ø-Reward         :  2.096
[2025-09-03 14:45:28] Winrate vs max_combo   :  39.9% | Σ-Reward:  3793.0 | Ø-Reward:  1.897 | Places: [797 (0.40), 494 (0.25), 414 (0.21), 295 (0.15)]
[2025-09-03 14:45:28] Winrate vs random2     :  43.1% | Σ-Reward:  4152.0 | Ø-Reward:  2.076 | Places: [863 (0.43), 605 (0.30), 353 (0.18), 179 (0.09)]
[2025-09-03 14:45:28] Winrate vs single_only :  62.1% | Σ-Reward:  4630.0 | Ø-Reward:  2.315 | Places: [1243 (0.62), 287 (0.14), 327 (0.16), 143 (0.07)]
[2025-09-03 14:45:30] Timing @ep 30000: episode 11.0s | train 0.021s | eval 9.5s | plot 1.5s | save 0.001s | cum 0.21h
[2025-09-03 14:46:27] 
[2025-09-03 14:46:27] Benchmark @train_ep   32000 (bench_eps: 2000)
[2025-09-03 14:46:27] Macro Winrate          :  48.2%
[2025-09-03 14:46:27] Macro Ø-Reward         :  2.085
[2025-09-03 14:46:27] Winrate vs max_combo   :  39.0% | Σ-Reward:  3798.0 | Ø-Reward:  1.899 | Places: [780 (0.39), 511 (0.26), 436 (0.22), 273 (0.14)]
[2025-09-03 14:46:27] Winrate vs random2     :  42.4% | Σ-Reward:  4070.0 | Ø-Reward:  2.035 | Places: [848 (0.42), 569 (0.28), 388 (0.19), 195 (0.10)]
[2025-09-03 14:46:27] Winrate vs single_only :  63.2% | Σ-Reward:  4643.0 | Ø-Reward:  2.321 | Places: [1265 (0.63), 266 (0.13), 316 (0.16), 153 (0.08)]
[2025-09-03 14:46:28] Timing @ep 32000: episode 11.1s | train 0.013s | eval 9.8s | plot 1.3s | save 0.001s | cum 0.23h
[2025-09-03 14:47:28] 
[2025-09-03 14:47:28] Benchmark @train_ep   34000 (bench_eps: 2000)
[2025-09-03 14:47:28] Macro Winrate          :  48.9%
[2025-09-03 14:47:28] Macro Ø-Reward         :  2.091
[2025-09-03 14:47:28] Winrate vs max_combo   :  39.5% | Σ-Reward:  3785.0 | Ø-Reward:  1.893 | Places: [789 (0.39), 503 (0.25), 412 (0.21), 296 (0.15)]
[2025-09-03 14:47:28] Winrate vs random2     :  44.0% | Σ-Reward:  4113.0 | Ø-Reward:  2.057 | Places: [881 (0.44), 535 (0.27), 400 (0.20), 184 (0.09)]
[2025-09-03 14:47:28] Winrate vs single_only :  63.3% | Σ-Reward:  4647.0 | Ø-Reward:  2.324 | Places: [1266 (0.63), 263 (0.13), 323 (0.16), 148 (0.07)]
[2025-09-03 14:47:29] Timing @ep 34000: episode 11.7s | train 0.036s | eval 10.3s | plot 1.4s | save 0.001s | cum 0.24h
[2025-09-03 14:48:29] 
[2025-09-03 14:48:29] Benchmark @train_ep   36000 (bench_eps: 2000)
[2025-09-03 14:48:29] Macro Winrate          :  47.4%
[2025-09-03 14:48:29] Macro Ø-Reward         :  2.079
[2025-09-03 14:48:29] Winrate vs max_combo   :  39.2% | Σ-Reward:  3837.0 | Ø-Reward:  1.919 | Places: [785 (0.39), 526 (0.26), 430 (0.21), 259 (0.13)]
[2025-09-03 14:48:29] Winrate vs random2     :  42.3% | Σ-Reward:  4142.0 | Ø-Reward:  2.071 | Places: [846 (0.42), 612 (0.31), 380 (0.19), 162 (0.08)]
[2025-09-03 14:48:29] Winrate vs single_only :  60.5% | Σ-Reward:  4498.0 | Ø-Reward:  2.249 | Places: [1211 (0.61), 269 (0.13), 327 (0.16), 193 (0.10)]
[2025-09-03 14:48:30] Timing @ep 36000: episode 11.7s | train 0.029s | eval 10.1s | plot 1.6s | save 0.001s | cum 0.26h
[2025-09-03 14:49:29] 
[2025-09-03 14:49:29] Benchmark @train_ep   38000 (bench_eps: 2000)
[2025-09-03 14:49:29] Macro Winrate          :  48.8%
[2025-09-03 14:49:29] Macro Ø-Reward         :  2.103
[2025-09-03 14:49:29] Winrate vs max_combo   :  37.8% | Σ-Reward:  3743.0 | Ø-Reward:  1.871 | Places: [756 (0.38), 528 (0.26), 419 (0.21), 297 (0.15)]
[2025-09-03 14:49:29] Winrate vs random2     :  43.9% | Σ-Reward:  4169.0 | Ø-Reward:  2.084 | Places: [878 (0.44), 584 (0.29), 367 (0.18), 171 (0.09)]
[2025-09-03 14:49:29] Winrate vs single_only :  64.6% | Σ-Reward:  4706.0 | Ø-Reward:  2.353 | Places: [1292 (0.65), 283 (0.14), 264 (0.13), 161 (0.08)]
[2025-09-03 14:49:31] Timing @ep 38000: episode 11.7s | train 0.022s | eval 10.2s | plot 1.5s | save 0.001s | cum 0.28h
[2025-09-03 14:50:28] 
[2025-09-03 14:50:28] Benchmark @train_ep   40000 (bench_eps: 2000)
[2025-09-03 14:50:28] Macro Winrate          :  48.3%
[2025-09-03 14:50:28] Macro Ø-Reward         :  2.103
[2025-09-03 14:50:28] Winrate vs max_combo   :  39.3% | Σ-Reward:  3807.0 | Ø-Reward:  1.903 | Places: [786 (0.39), 512 (0.26), 425 (0.21), 277 (0.14)]
[2025-09-03 14:50:28] Winrate vs random2     :  41.0% | Σ-Reward:  4082.0 | Ø-Reward:  2.041 | Places: [819 (0.41), 634 (0.32), 357 (0.18), 190 (0.10)]
[2025-09-03 14:50:28] Winrate vs single_only :  64.6% | Σ-Reward:  4731.0 | Ø-Reward:  2.365 | Places: [1292 (0.65), 289 (0.14), 277 (0.14), 142 (0.07)]
[2025-09-03 14:50:30] Timing @ep 40000: episode 11.8s | train 0.012s | eval 10.3s | plot 1.4s | save 0.001s | cum 0.29h
[2025-09-03 14:51:26] 
[2025-09-03 14:51:26] Benchmark @train_ep   42000 (bench_eps: 2000)
[2025-09-03 14:51:26] Macro Winrate          :  49.4%
[2025-09-03 14:51:26] Macro Ø-Reward         :  2.103
[2025-09-03 14:51:26] Winrate vs max_combo   :  40.1% | Σ-Reward:  3794.0 | Ø-Reward:  1.897 | Places: [802 (0.40), 493 (0.25), 402 (0.20), 303 (0.15)]
[2025-09-03 14:51:26] Winrate vs random2     :  43.4% | Σ-Reward:  4114.0 | Ø-Reward:  2.057 | Places: [868 (0.43), 564 (0.28), 382 (0.19), 186 (0.09)]
[2025-09-03 14:51:26] Winrate vs single_only :  64.8% | Σ-Reward:  4708.0 | Ø-Reward:  2.354 | Places: [1296 (0.65), 260 (0.13), 300 (0.15), 144 (0.07)]
[2025-09-03 14:51:27] Timing @ep 42000: episode 11.4s | train 0.025s | eval 9.9s | plot 1.5s | save 0.001s | cum 0.31h
[2025-09-03 14:52:29] 
[2025-09-03 14:52:29] Benchmark @train_ep   44000 (bench_eps: 2000)
[2025-09-03 14:52:29] Macro Winrate          :  47.8%
[2025-09-03 14:52:29] Macro Ø-Reward         :  2.087
[2025-09-03 14:52:29] Winrate vs max_combo   :  38.5% | Σ-Reward:  3814.0 | Ø-Reward:  1.907 | Places: [770 (0.39), 548 (0.27), 408 (0.20), 274 (0.14)]
[2025-09-03 14:52:29] Winrate vs random2     :  42.1% | Σ-Reward:  4085.0 | Ø-Reward:  2.042 | Places: [843 (0.42), 595 (0.30), 366 (0.18), 196 (0.10)]
[2025-09-03 14:52:29] Winrate vs single_only :  62.8% | Σ-Reward:  4621.0 | Ø-Reward:  2.311 | Places: [1256 (0.63), 259 (0.13), 335 (0.17), 150 (0.07)]
[2025-09-03 14:52:31] Timing @ep 44000: episode 13.8s | train 0.012s | eval 12.4s | plot 1.5s | save 0.002s | cum 0.33h
[2025-09-03 14:53:27] 
[2025-09-03 14:53:27] Benchmark @train_ep   46000 (bench_eps: 2000)
[2025-09-03 14:53:27] Macro Winrate          :  48.4%
[2025-09-03 14:53:27] Macro Ø-Reward         :  2.093
[2025-09-03 14:53:27] Winrate vs max_combo   :  40.4% | Σ-Reward:  3856.0 | Ø-Reward:  1.928 | Places: [807 (0.40), 516 (0.26), 403 (0.20), 274 (0.14)]
[2025-09-03 14:53:27] Winrate vs random2     :  43.2% | Σ-Reward:  4118.0 | Ø-Reward:  2.059 | Places: [864 (0.43), 581 (0.29), 364 (0.18), 191 (0.10)]
[2025-09-03 14:53:27] Winrate vs single_only :  61.7% | Σ-Reward:  4581.0 | Ø-Reward:  2.291 | Places: [1234 (0.62), 288 (0.14), 303 (0.15), 175 (0.09)]
[2025-09-03 14:53:29] Timing @ep 46000: episode 12.1s | train 0.023s | eval 10.3s | plot 1.8s | save 0.001s | cum 0.34h
[2025-09-03 14:54:23] 
[2025-09-03 14:54:23] Benchmark @train_ep   48000 (bench_eps: 2000)
[2025-09-03 14:54:23] Macro Winrate          :  48.6%
[2025-09-03 14:54:23] Macro Ø-Reward         :  2.100
[2025-09-03 14:54:23] Winrate vs max_combo   :  38.9% | Σ-Reward:  3809.0 | Ø-Reward:  1.905 | Places: [777 (0.39), 518 (0.26), 442 (0.22), 263 (0.13)]
[2025-09-03 14:54:23] Winrate vs random2     :  43.5% | Σ-Reward:  4163.0 | Ø-Reward:  2.082 | Places: [869 (0.43), 612 (0.31), 332 (0.17), 187 (0.09)]
[2025-09-03 14:54:23] Winrate vs single_only :  63.4% | Σ-Reward:  4628.0 | Ø-Reward:  2.314 | Places: [1267 (0.63), 266 (0.13), 295 (0.15), 172 (0.09)]
[2025-09-03 14:54:25] Timing @ep 48000: episode 11.5s | train 0.023s | eval 10.1s | plot 1.4s | save 0.001s | cum 0.36h
[2025-09-03 14:55:21] 
[2025-09-03 14:55:21] Benchmark @train_ep   50000 (bench_eps: 2000)
[2025-09-03 14:55:21] Macro Winrate          :  48.6%
[2025-09-03 14:55:21] Macro Ø-Reward         :  2.077
[2025-09-03 14:55:21] Winrate vs max_combo   :  39.6% | Σ-Reward:  3733.0 | Ø-Reward:  1.867 | Places: [793 (0.40), 471 (0.24), 412 (0.21), 324 (0.16)]
[2025-09-03 14:55:21] Winrate vs random2     :  42.1% | Σ-Reward:  4043.0 | Ø-Reward:  2.022 | Places: [842 (0.42), 569 (0.28), 379 (0.19), 210 (0.10)]
[2025-09-03 14:55:21] Winrate vs single_only :  64.2% | Σ-Reward:  4687.0 | Ø-Reward:  2.344 | Places: [1283 (0.64), 265 (0.13), 308 (0.15), 144 (0.07)]
[2025-09-03 14:55:22] Timing @ep 50000: episode 11.0s | train 0.014s | eval 9.6s | plot 1.4s | save 0.002s | cum 0.38h
[2025-09-03 14:56:16] 
[2025-09-03 14:56:16] Benchmark @train_ep   52000 (bench_eps: 2000)
[2025-09-03 14:56:16] Macro Winrate          :  49.4%
[2025-09-03 14:56:16] Macro Ø-Reward         :  2.115
[2025-09-03 14:56:16] Winrate vs max_combo   :  38.5% | Σ-Reward:  3767.0 | Ø-Reward:  1.883 | Places: [771 (0.39), 516 (0.26), 422 (0.21), 291 (0.15)]
[2025-09-03 14:56:16] Winrate vs random2     :  44.0% | Σ-Reward:  4171.0 | Ø-Reward:  2.086 | Places: [879 (0.44), 595 (0.30), 344 (0.17), 182 (0.09)]
[2025-09-03 14:56:16] Winrate vs single_only :  65.7% | Σ-Reward:  4750.0 | Ø-Reward:  2.375 | Places: [1314 (0.66), 274 (0.14), 260 (0.13), 152 (0.08)]
[2025-09-03 14:56:18] Timing @ep 52000: episode 11.4s | train 0.016s | eval 9.9s | plot 1.5s | save 0.002s | cum 0.39h
[2025-09-03 14:57:14] 
[2025-09-03 14:57:14] Benchmark @train_ep   54000 (bench_eps: 2000)
[2025-09-03 14:57:14] Macro Winrate          :  48.2%
[2025-09-03 14:57:14] Macro Ø-Reward         :  2.085
[2025-09-03 14:57:14] Winrate vs max_combo   :  38.5% | Σ-Reward:  3758.0 | Ø-Reward:  1.879 | Places: [771 (0.39), 492 (0.25), 461 (0.23), 276 (0.14)]
[2025-09-03 14:57:14] Winrate vs random2     :  43.1% | Σ-Reward:  4108.0 | Ø-Reward:  2.054 | Places: [862 (0.43), 568 (0.28), 386 (0.19), 184 (0.09)]
[2025-09-03 14:57:14] Winrate vs single_only :  63.0% | Σ-Reward:  4642.0 | Ø-Reward:  2.321 | Places: [1260 (0.63), 275 (0.14), 312 (0.16), 153 (0.08)]
[2025-09-03 14:57:15] Timing @ep 54000: episode 11.7s | train 0.026s | eval 10.2s | plot 1.4s | save 0.002s | cum 0.41h
[2025-09-03 14:58:09] 
[2025-09-03 14:58:09] Benchmark @train_ep   56000 (bench_eps: 2000)
[2025-09-03 14:58:09] Macro Winrate          :  49.5%
[2025-09-03 14:58:09] Macro Ø-Reward         :  2.104
[2025-09-03 14:58:09] Winrate vs max_combo   :  40.5% | Σ-Reward:  3826.0 | Ø-Reward:  1.913 | Places: [810 (0.41), 491 (0.25), 414 (0.21), 285 (0.14)]
[2025-09-03 14:58:09] Winrate vs random2     :  44.7% | Σ-Reward:  4150.0 | Ø-Reward:  2.075 | Places: [894 (0.45), 561 (0.28), 346 (0.17), 199 (0.10)]
[2025-09-03 14:58:09] Winrate vs single_only :  63.2% | Σ-Reward:  4646.0 | Ø-Reward:  2.323 | Places: [1264 (0.63), 278 (0.14), 298 (0.15), 160 (0.08)]
[2025-09-03 14:58:11] Timing @ep 56000: episode 11.3s | train 0.025s | eval 10.0s | plot 1.4s | save 0.002s | cum 0.42h
[2025-09-03 14:59:05] 
[2025-09-03 14:59:05] Benchmark @train_ep   58000 (bench_eps: 2000)
[2025-09-03 14:59:05] Macro Winrate          :  47.8%
[2025-09-03 14:59:05] Macro Ø-Reward         :  2.077
[2025-09-03 14:59:05] Winrate vs max_combo   :  39.6% | Σ-Reward:  3794.0 | Ø-Reward:  1.897 | Places: [792 (0.40), 494 (0.25), 430 (0.21), 284 (0.14)]
[2025-09-03 14:59:05] Winrate vs random2     :  42.8% | Σ-Reward:  4095.0 | Ø-Reward:  2.047 | Places: [855 (0.43), 581 (0.29), 368 (0.18), 196 (0.10)]
[2025-09-03 14:59:05] Winrate vs single_only :  61.0% | Σ-Reward:  4573.0 | Ø-Reward:  2.287 | Places: [1221 (0.61), 289 (0.14), 332 (0.17), 158 (0.08)]
[2025-09-03 14:59:07] Timing @ep 58000: episode 11.6s | train 0.014s | eval 10.3s | plot 1.3s | save 0.002s | cum 0.44h
[2025-09-03 15:00:01] 
[2025-09-03 15:00:01] Benchmark @train_ep   60000 (bench_eps: 2000)
[2025-09-03 15:00:01] Macro Winrate          :  48.8%
[2025-09-03 15:00:01] Macro Ø-Reward         :  2.083
[2025-09-03 15:00:01] Winrate vs max_combo   :  40.5% | Σ-Reward:  3847.0 | Ø-Reward:  1.923 | Places: [810 (0.41), 498 (0.25), 421 (0.21), 271 (0.14)]
[2025-09-03 15:00:01] Winrate vs random2     :  42.2% | Σ-Reward:  4010.0 | Ø-Reward:  2.005 | Places: [845 (0.42), 538 (0.27), 399 (0.20), 218 (0.11)]
[2025-09-03 15:00:01] Winrate vs single_only :  63.8% | Σ-Reward:  4639.0 | Ø-Reward:  2.320 | Places: [1275 (0.64), 266 (0.13), 282 (0.14), 177 (0.09)]
[2025-09-03 15:00:03] Timing @ep 60000: episode 11.5s | train 0.029s | eval 10.1s | plot 1.4s | save 0.003s | cum 0.45h
[2025-09-03 15:00:58] 
[2025-09-03 15:00:58] Benchmark @train_ep   62000 (bench_eps: 2000)
[2025-09-03 15:00:58] Macro Winrate          :  46.8%
[2025-09-03 15:00:58] Macro Ø-Reward         :  2.082
[2025-09-03 15:00:58] Winrate vs max_combo   :  37.6% | Σ-Reward:  3767.0 | Ø-Reward:  1.883 | Places: [752 (0.38), 541 (0.27), 429 (0.21), 278 (0.14)]
[2025-09-03 15:00:58] Winrate vs random2     :  41.0% | Σ-Reward:  4081.0 | Ø-Reward:  2.041 | Places: [820 (0.41), 624 (0.31), 373 (0.19), 183 (0.09)]
[2025-09-03 15:00:58] Winrate vs single_only :  61.7% | Σ-Reward:  4644.0 | Ø-Reward:  2.322 | Places: [1234 (0.62), 329 (0.16), 284 (0.14), 153 (0.08)]
[2025-09-03 15:00:59] Timing @ep 62000: episode 11.3s | train 0.014s | eval 9.9s | plot 1.4s | save 0.002s | cum 0.47h
[2025-09-03 15:01:50] 
[2025-09-03 15:01:50] Benchmark @train_ep   64000 (bench_eps: 2000)
[2025-09-03 15:01:50] Macro Winrate          :  49.5%
[2025-09-03 15:01:50] Macro Ø-Reward         :  2.110
[2025-09-03 15:01:50] Winrate vs max_combo   :  39.4% | Σ-Reward:  3810.0 | Ø-Reward:  1.905 | Places: [787 (0.39), 513 (0.26), 423 (0.21), 277 (0.14)]
[2025-09-03 15:01:50] Winrate vs random2     :  44.8% | Σ-Reward:  4186.0 | Ø-Reward:  2.093 | Places: [895 (0.45), 569 (0.28), 363 (0.18), 173 (0.09)]
[2025-09-03 15:01:50] Winrate vs single_only :  64.4% | Σ-Reward:  4664.0 | Ø-Reward:  2.332 | Places: [1288 (0.64), 245 (0.12), 310 (0.15), 157 (0.08)]
[2025-09-03 15:01:52] Timing @ep 64000: episode 9.0s | train 0.014s | eval 7.7s | plot 1.2s | save 0.001s | cum 0.48h
[2025-09-03 15:02:34] 
[2025-09-03 15:02:34] Benchmark @train_ep   66000 (bench_eps: 2000)
[2025-09-03 15:02:34] Macro Winrate          :  46.5%
[2025-09-03 15:02:34] Macro Ø-Reward         :  2.048
[2025-09-03 15:02:34] Winrate vs max_combo   :  37.5% | Σ-Reward:  3745.0 | Ø-Reward:  1.873 | Places: [750 (0.38), 525 (0.26), 445 (0.22), 280 (0.14)]
[2025-09-03 15:02:34] Winrate vs random2     :  41.8% | Σ-Reward:  4040.0 | Ø-Reward:  2.020 | Places: [836 (0.42), 573 (0.29), 386 (0.19), 205 (0.10)]
[2025-09-03 15:02:34] Winrate vs single_only :  60.1% | Σ-Reward:  4503.0 | Ø-Reward:  2.252 | Places: [1203 (0.60), 273 (0.14), 348 (0.17), 176 (0.09)]
[2025-09-03 15:02:35] Timing @ep 66000: episode 8.4s | train 0.015s | eval 7.4s | plot 1.0s | save 0.001s | cum 0.50h
[2025-09-03 15:03:16] 
[2025-09-03 15:03:16] Benchmark @train_ep   68000 (bench_eps: 2000)
[2025-09-03 15:03:16] Macro Winrate          :  49.5%
[2025-09-03 15:03:16] Macro Ø-Reward         :  2.100
[2025-09-03 15:03:16] Winrate vs max_combo   :  39.4% | Σ-Reward:  3751.0 | Ø-Reward:  1.875 | Places: [787 (0.39), 482 (0.24), 426 (0.21), 305 (0.15)]
[2025-09-03 15:03:16] Winrate vs random2     :  44.0% | Σ-Reward:  4141.0 | Ø-Reward:  2.071 | Places: [879 (0.44), 566 (0.28), 372 (0.19), 183 (0.09)]
[2025-09-03 15:03:16] Winrate vs single_only :  65.3% | Σ-Reward:  4707.0 | Ø-Reward:  2.353 | Places: [1307 (0.65), 248 (0.12), 290 (0.14), 155 (0.08)]
[2025-09-03 15:03:17] Timing @ep 68000: episode 8.2s | train 0.012s | eval 7.1s | plot 1.0s | save 0.001s | cum 0.51h
[2025-09-03 15:03:59] 
[2025-09-03 15:03:59] Benchmark @train_ep   70000 (bench_eps: 2000)
[2025-09-03 15:03:59] Macro Winrate          :  47.6%
[2025-09-03 15:03:59] Macro Ø-Reward         :  2.084
[2025-09-03 15:03:59] Winrate vs max_combo   :  38.2% | Σ-Reward:  3745.0 | Ø-Reward:  1.873 | Places: [765 (0.38), 494 (0.25), 462 (0.23), 279 (0.14)]
[2025-09-03 15:03:59] Winrate vs random2     :  43.0% | Σ-Reward:  4163.0 | Ø-Reward:  2.082 | Places: [860 (0.43), 606 (0.30), 371 (0.19), 163 (0.08)]
[2025-09-03 15:03:59] Winrate vs single_only :  61.7% | Σ-Reward:  4598.0 | Ø-Reward:  2.299 | Places: [1234 (0.62), 286 (0.14), 324 (0.16), 156 (0.08)]
[2025-09-03 15:04:00] Timing @ep 70000: episode 8.4s | train 0.010s | eval 7.3s | plot 1.1s | save 0.001s | cum 0.52h
[2025-09-03 15:04:42] 
[2025-09-03 15:04:42] Benchmark @train_ep   72000 (bench_eps: 2000)
[2025-09-03 15:04:42] Macro Winrate          :  48.3%
[2025-09-03 15:04:42] Macro Ø-Reward         :  2.087
[2025-09-03 15:04:42] Winrate vs max_combo   :  38.9% | Σ-Reward:  3732.0 | Ø-Reward:  1.866 | Places: [778 (0.39), 493 (0.25), 412 (0.21), 317 (0.16)]
[2025-09-03 15:04:42] Winrate vs random2     :  44.0% | Σ-Reward:  4177.0 | Ø-Reward:  2.088 | Places: [879 (0.44), 585 (0.29), 370 (0.18), 166 (0.08)]
[2025-09-03 15:04:42] Winrate vs single_only :  62.0% | Σ-Reward:  4615.0 | Ø-Reward:  2.308 | Places: [1240 (0.62), 283 (0.14), 329 (0.16), 148 (0.07)]
[2025-09-03 15:04:43] Timing @ep 72000: episode 8.3s | train 0.010s | eval 7.3s | plot 1.1s | save 0.001s | cum 0.53h
[2025-09-03 15:05:25] 
[2025-09-03 15:05:25] Benchmark @train_ep   74000 (bench_eps: 2000)
[2025-09-03 15:05:25] Macro Winrate          :  47.5%
[2025-09-03 15:05:25] Macro Ø-Reward         :  2.079
[2025-09-03 15:05:25] Winrate vs max_combo   :  39.3% | Σ-Reward:  3806.0 | Ø-Reward:  1.903 | Places: [786 (0.39), 514 (0.26), 420 (0.21), 280 (0.14)]
[2025-09-03 15:05:25] Winrate vs random2     :  42.1% | Σ-Reward:  4113.0 | Ø-Reward:  2.057 | Places: [842 (0.42), 597 (0.30), 393 (0.20), 168 (0.08)]
[2025-09-03 15:05:25] Winrate vs single_only :  61.1% | Σ-Reward:  4557.0 | Ø-Reward:  2.279 | Places: [1223 (0.61), 272 (0.14), 344 (0.17), 161 (0.08)]
[2025-09-03 15:05:26] Timing @ep 74000: episode 8.8s | train 0.013s | eval 7.6s | plot 1.2s | save 0.001s | cum 0.54h
[2025-09-03 15:06:08] 
[2025-09-03 15:06:08] Benchmark @train_ep   76000 (bench_eps: 2000)
[2025-09-03 15:06:08] Macro Winrate          :  48.3%
[2025-09-03 15:06:08] Macro Ø-Reward         :  2.088
[2025-09-03 15:06:08] Winrate vs max_combo   :  39.0% | Σ-Reward:  3740.0 | Ø-Reward:  1.870 | Places: [779 (0.39), 483 (0.24), 437 (0.22), 301 (0.15)]
[2025-09-03 15:06:08] Winrate vs random2     :  42.8% | Σ-Reward:  4170.0 | Ø-Reward:  2.085 | Places: [856 (0.43), 627 (0.31), 348 (0.17), 169 (0.08)]
[2025-09-03 15:06:08] Winrate vs single_only :  63.1% | Σ-Reward:  4620.0 | Ø-Reward:  2.310 | Places: [1263 (0.63), 259 (0.13), 313 (0.16), 165 (0.08)]
[2025-09-03 15:06:09] Timing @ep 76000: episode 8.8s | train 0.022s | eval 7.7s | plot 1.1s | save 0.001s | cum 0.56h
[2025-09-03 15:06:52] 
[2025-09-03 15:06:52] Benchmark @train_ep   78000 (bench_eps: 2000)
[2025-09-03 15:06:52] Macro Winrate          :  47.8%
[2025-09-03 15:06:52] Macro Ø-Reward         :  2.081
[2025-09-03 15:06:52] Winrate vs max_combo   :  38.5% | Σ-Reward:  3786.0 | Ø-Reward:  1.893 | Places: [770 (0.39), 506 (0.25), 464 (0.23), 260 (0.13)]
[2025-09-03 15:06:52] Winrate vs random2     :  43.2% | Σ-Reward:  4108.0 | Ø-Reward:  2.054 | Places: [865 (0.43), 572 (0.29), 369 (0.18), 194 (0.10)]
[2025-09-03 15:06:52] Winrate vs single_only :  61.7% | Σ-Reward:  4590.0 | Ø-Reward:  2.295 | Places: [1234 (0.62), 274 (0.14), 340 (0.17), 152 (0.08)]
[2025-09-03 15:06:53] Timing @ep 78000: episode 8.7s | train 0.008s | eval 7.6s | plot 1.1s | save 0.002s | cum 0.57h
[2025-09-03 15:07:36] 
[2025-09-03 15:07:36] Benchmark @train_ep   80000 (bench_eps: 2000)
[2025-09-03 15:07:36] Macro Winrate          :  48.8%
[2025-09-03 15:07:36] Macro Ø-Reward         :  2.086
[2025-09-03 15:07:36] Winrate vs max_combo   :  39.8% | Σ-Reward:  3771.0 | Ø-Reward:  1.885 | Places: [795 (0.40), 482 (0.24), 422 (0.21), 301 (0.15)]
[2025-09-03 15:07:36] Winrate vs random2     :  42.8% | Σ-Reward:  4088.0 | Ø-Reward:  2.044 | Places: [856 (0.43), 564 (0.28), 392 (0.20), 188 (0.09)]
[2025-09-03 15:07:36] Winrate vs single_only :  63.8% | Σ-Reward:  4657.0 | Ø-Reward:  2.329 | Places: [1275 (0.64), 277 (0.14), 278 (0.14), 170 (0.09)]
[2025-09-03 15:07:37] Timing @ep 80000: episode 8.6s | train 0.010s | eval 7.5s | plot 1.1s | save 0.001s | cum 0.58h
[2025-09-03 15:08:19] 
[2025-09-03 15:08:19] Benchmark @train_ep   82000 (bench_eps: 2000)
[2025-09-03 15:08:19] Macro Winrate          :  48.7%
[2025-09-03 15:08:19] Macro Ø-Reward         :  2.088
[2025-09-03 15:08:19] Winrate vs max_combo   :  39.8% | Σ-Reward:  3772.0 | Ø-Reward:  1.886 | Places: [796 (0.40), 488 (0.24), 408 (0.20), 308 (0.15)]
[2025-09-03 15:08:19] Winrate vs random2     :  43.5% | Σ-Reward:  4146.0 | Ø-Reward:  2.073 | Places: [871 (0.44), 575 (0.29), 383 (0.19), 171 (0.09)]
[2025-09-03 15:08:19] Winrate vs single_only :  62.8% | Σ-Reward:  4609.0 | Ø-Reward:  2.304 | Places: [1255 (0.63), 275 (0.14), 294 (0.15), 176 (0.09)]
[2025-09-03 15:08:20] Timing @ep 82000: episode 8.7s | train 0.025s | eval 7.4s | plot 1.3s | save 0.001s | cum 0.59h
[2025-09-03 15:09:02] 
[2025-09-03 15:09:02] Benchmark @train_ep   84000 (bench_eps: 2000)
[2025-09-03 15:09:02] Macro Winrate          :  47.2%
[2025-09-03 15:09:02] Macro Ø-Reward         :  2.056
[2025-09-03 15:09:02] Winrate vs max_combo   :  39.1% | Σ-Reward:  3716.0 | Ø-Reward:  1.858 | Places: [782 (0.39), 466 (0.23), 438 (0.22), 314 (0.16)]
[2025-09-03 15:09:02] Winrate vs random2     :  41.7% | Σ-Reward:  4081.0 | Ø-Reward:  2.041 | Places: [834 (0.42), 605 (0.30), 369 (0.18), 192 (0.10)]
[2025-09-03 15:09:02] Winrate vs single_only :  60.8% | Σ-Reward:  4537.0 | Ø-Reward:  2.268 | Places: [1216 (0.61), 291 (0.15), 307 (0.15), 186 (0.09)]
[2025-09-03 15:09:03] Timing @ep 84000: episode 8.5s | train 0.022s | eval 7.5s | plot 1.0s | save 0.001s | cum 0.60h
[2025-09-03 15:09:45] 
[2025-09-03 15:09:45] Benchmark @train_ep   86000 (bench_eps: 2000)
[2025-09-03 15:09:45] Macro Winrate          :  48.4%
[2025-09-03 15:09:45] Macro Ø-Reward         :  2.097
[2025-09-03 15:09:45] Winrate vs max_combo   :  38.2% | Σ-Reward:  3783.0 | Ø-Reward:  1.891 | Places: [765 (0.38), 535 (0.27), 418 (0.21), 282 (0.14)]
[2025-09-03 15:09:45] Winrate vs random2     :  43.5% | Σ-Reward:  4143.0 | Ø-Reward:  2.071 | Places: [870 (0.43), 596 (0.30), 341 (0.17), 193 (0.10)]
[2025-09-03 15:09:45] Winrate vs single_only :  63.5% | Σ-Reward:  4654.0 | Ø-Reward:  2.327 | Places: [1269 (0.63), 284 (0.14), 279 (0.14), 168 (0.08)]
[2025-09-03 15:09:46] Timing @ep 86000: episode 8.2s | train 0.024s | eval 7.2s | plot 1.0s | save 0.001s | cum 0.62h
[2025-09-03 15:10:27] 
[2025-09-03 15:10:27] Benchmark @train_ep   88000 (bench_eps: 2000)
[2025-09-03 15:10:27] Macro Winrate          :  48.6%
[2025-09-03 15:10:27] Macro Ø-Reward         :  2.092
[2025-09-03 15:10:27] Winrate vs max_combo   :  39.9% | Σ-Reward:  3817.0 | Ø-Reward:  1.909 | Places: [797 (0.40), 502 (0.25), 422 (0.21), 279 (0.14)]
[2025-09-03 15:10:27] Winrate vs random2     :  42.6% | Σ-Reward:  4103.0 | Ø-Reward:  2.051 | Places: [853 (0.43), 587 (0.29), 370 (0.18), 190 (0.10)]
[2025-09-03 15:10:27] Winrate vs single_only :  63.2% | Σ-Reward:  4630.0 | Ø-Reward:  2.315 | Places: [1264 (0.63), 258 (0.13), 322 (0.16), 156 (0.08)]
[2025-09-03 15:10:28] Timing @ep 88000: episode 8.6s | train 0.024s | eval 7.6s | plot 1.0s | save 0.001s | cum 0.63h
[2025-09-03 15:11:11] 
[2025-09-03 15:11:11] Benchmark @train_ep   90000 (bench_eps: 2000)
[2025-09-03 15:11:11] Macro Winrate          :  47.8%
[2025-09-03 15:11:11] Macro Ø-Reward         :  2.077
[2025-09-03 15:11:11] Winrate vs max_combo   :  38.2% | Σ-Reward:  3784.0 | Ø-Reward:  1.892 | Places: [765 (0.38), 531 (0.27), 427 (0.21), 277 (0.14)]
[2025-09-03 15:11:11] Winrate vs random2     :  43.0% | Σ-Reward:  4078.0 | Ø-Reward:  2.039 | Places: [860 (0.43), 558 (0.28), 382 (0.19), 200 (0.10)]
[2025-09-03 15:11:11] Winrate vs single_only :  62.1% | Σ-Reward:  4601.0 | Ø-Reward:  2.300 | Places: [1242 (0.62), 279 (0.14), 317 (0.16), 162 (0.08)]
[2025-09-03 15:11:12] Timing @ep 90000: episode 8.7s | train 0.018s | eval 7.7s | plot 1.0s | save 0.001s | cum 0.64h
[2025-09-03 15:11:54] 
[2025-09-03 15:11:54] Benchmark @train_ep   92000 (bench_eps: 2000)
[2025-09-03 15:11:54] Macro Winrate          :  47.5%
[2025-09-03 15:11:54] Macro Ø-Reward         :  2.082
[2025-09-03 15:11:54] Winrate vs max_combo   :  40.5% | Σ-Reward:  3876.0 | Ø-Reward:  1.938 | Places: [811 (0.41), 511 (0.26), 421 (0.21), 257 (0.13)]
[2025-09-03 15:11:54] Winrate vs random2     :  40.3% | Σ-Reward:  4027.0 | Ø-Reward:  2.014 | Places: [806 (0.40), 606 (0.30), 397 (0.20), 191 (0.10)]
[2025-09-03 15:11:54] Winrate vs single_only :  61.7% | Σ-Reward:  4588.0 | Ø-Reward:  2.294 | Places: [1234 (0.62), 288 (0.14), 310 (0.15), 168 (0.08)]
[2025-09-03 15:11:55] Timing @ep 92000: episode 8.8s | train 0.007s | eval 7.7s | plot 1.2s | save 0.001s | cum 0.65h
[2025-09-03 15:12:37] 
[2025-09-03 15:12:37] Benchmark @train_ep   94000 (bench_eps: 2000)
[2025-09-03 15:12:37] Macro Winrate          :  48.9%
[2025-09-03 15:12:37] Macro Ø-Reward         :  2.107
[2025-09-03 15:12:37] Winrate vs max_combo   :  39.4% | Σ-Reward:  3830.0 | Ø-Reward:  1.915 | Places: [788 (0.39), 521 (0.26), 424 (0.21), 267 (0.13)]
[2025-09-03 15:12:37] Winrate vs random2     :  42.6% | Σ-Reward:  4146.0 | Ø-Reward:  2.073 | Places: [853 (0.43), 610 (0.30), 367 (0.18), 170 (0.09)]
[2025-09-03 15:12:37] Winrate vs single_only :  64.8% | Σ-Reward:  4667.0 | Ø-Reward:  2.333 | Places: [1295 (0.65), 238 (0.12), 306 (0.15), 161 (0.08)]
[2025-09-03 15:12:38] Timing @ep 94000: episode 8.6s | train 0.019s | eval 7.6s | plot 1.0s | save 0.001s | cum 0.66h
[2025-09-03 15:13:20] 
[2025-09-03 15:13:20] Benchmark @train_ep   96000 (bench_eps: 2000)
[2025-09-03 15:13:20] Macro Winrate          :  48.1%
[2025-09-03 15:13:20] Macro Ø-Reward         :  2.093
[2025-09-03 15:13:20] Winrate vs max_combo   :  40.1% | Σ-Reward:  3880.0 | Ø-Reward:  1.940 | Places: [803 (0.40), 529 (0.26), 413 (0.21), 255 (0.13)]
[2025-09-03 15:13:20] Winrate vs random2     :  43.0% | Σ-Reward:  4113.0 | Ø-Reward:  2.057 | Places: [859 (0.43), 575 (0.29), 386 (0.19), 180 (0.09)]
[2025-09-03 15:13:20] Winrate vs single_only :  61.4% | Σ-Reward:  4563.0 | Ø-Reward:  2.281 | Places: [1227 (0.61), 276 (0.14), 330 (0.17), 167 (0.08)]
[2025-09-03 15:13:21] Timing @ep 96000: episode 8.6s | train 0.010s | eval 7.6s | plot 1.0s | save 0.002s | cum 0.68h
[2025-09-03 15:14:02] 
[2025-09-03 15:14:02] Benchmark @train_ep   98000 (bench_eps: 2000)
[2025-09-03 15:14:02] Macro Winrate          :  47.6%
[2025-09-03 15:14:02] Macro Ø-Reward         :  2.074
[2025-09-03 15:14:02] Winrate vs max_combo   :  37.6% | Σ-Reward:  3753.0 | Ø-Reward:  1.877 | Places: [752 (0.38), 534 (0.27), 429 (0.21), 285 (0.14)]
[2025-09-03 15:14:02] Winrate vs random2     :  43.0% | Σ-Reward:  4110.0 | Ø-Reward:  2.055 | Places: [859 (0.43), 571 (0.29), 391 (0.20), 179 (0.09)]
[2025-09-03 15:14:02] Winrate vs single_only :  62.3% | Σ-Reward:  4581.0 | Ø-Reward:  2.291 | Places: [1246 (0.62), 250 (0.12), 343 (0.17), 161 (0.08)]
[2025-09-03 15:14:03] Timing @ep 98000: episode 8.5s | train 0.010s | eval 7.5s | plot 1.0s | save 0.001s | cum 0.69h
[2025-09-03 15:14:45] 
[2025-09-03 15:14:45] Benchmark @train_ep  100000 (bench_eps: 2000)
[2025-09-03 15:14:45] Macro Winrate          :  47.3%
[2025-09-03 15:14:45] Macro Ø-Reward         :  2.078
[2025-09-03 15:14:45] Winrate vs max_combo   :  38.1% | Σ-Reward:  3779.0 | Ø-Reward:  1.889 | Places: [762 (0.38), 524 (0.26), 445 (0.22), 269 (0.13)]
[2025-09-03 15:14:45] Winrate vs random2     :  42.5% | Σ-Reward:  4116.0 | Ø-Reward:  2.058 | Places: [851 (0.43), 600 (0.30), 363 (0.18), 186 (0.09)]
[2025-09-03 15:14:45] Winrate vs single_only :  61.3% | Σ-Reward:  4575.0 | Ø-Reward:  2.288 | Places: [1226 (0.61), 294 (0.15), 309 (0.15), 171 (0.09)]
[2025-09-03 15:14:46] Timing @ep 100000: episode 8.2s | train 0.016s | eval 7.2s | plot 1.0s | save 0.002s | cum 0.70h
[2025-09-03 15:14:46] 
[2025-09-03 15:14:46] Gesamtzeit: 0.70h (~ 39.72 eps/s)
[2025-09-03 15:14:46] k1a2, Single Agent vs Heuristiken (max_combo). Training abgeschlossen.
[2025-09-03 15:14:46] Path: /home/wasterix/OpenSpiel/open_spiel/President/models/k1a2/model_04
