[2025-08-22 17:45:13] New Training (k4a1): Shared-Policy PPO — In-Proc External Trainer (Bundle-Updates)
[2025-08-22 17:45:13] Deck_Size: 64
[2025-08-22 17:45:13] Episodes: 10000
[2025-08-22 17:45:13] Path: /home/wasterix/OpenSpiel/open_spiel/President/models/k4a1/model_27
[2025-08-22 17:46:56] 
[2025-08-22 17:46:56] Benchmark @train_ep     500 (bench_eps: 2000)
[2025-08-22 17:46:56] Macro Winrate          :  28.4%
[2025-08-22 17:46:56] Macro Ø-Reward         :  1.469
[2025-08-22 17:46:56] Winrate vs max_combo   :   8.7% | Σ-Reward:  1585.0 | Ø-Reward:  0.792 | Places: [174 (0.09), 274 (0.14), 515 (0.26), 1037 (0.52)]
[2025-08-22 17:46:56] Winrate vs random2     :  34.0% | Σ-Reward:  3496.0 | Ø-Reward:  1.748 | Places: [681 (0.34), 518 (0.26), 417 (0.21), 384 (0.19)]
[2025-08-22 17:46:56] Winrate vs single_only :  42.6% | Σ-Reward:  3732.0 | Ø-Reward:  1.866 | Places: [852 (0.43), 390 (0.20), 396 (0.20), 362 (0.18)]
[2025-08-22 17:46:57] Timing @ep 500: episode 66.5s | train 0.219s | eval 64.6s | plot 1.6s | save 0.002s | cum 0.03h
[2025-08-22 17:48:24] 
[2025-08-22 17:48:24] Benchmark @train_ep    1000 (bench_eps: 2000)
[2025-08-22 17:48:24] Macro Winrate          :  35.6%
[2025-08-22 17:48:24] Macro Ø-Reward         :  1.669
[2025-08-22 17:48:24] Winrate vs max_combo   :  11.9% | Σ-Reward:  1924.0 | Ø-Reward:  0.962 | Places: [238 (0.12), 341 (0.17), 528 (0.26), 893 (0.45)]
[2025-08-22 17:48:24] Winrate vs random2     :  38.6% | Σ-Reward:  3758.0 | Ø-Reward:  1.879 | Places: [773 (0.39), 532 (0.27), 375 (0.19), 320 (0.16)]
[2025-08-22 17:48:24] Winrate vs single_only :  56.2% | Σ-Reward:  4335.0 | Ø-Reward:  2.167 | Places: [1125 (0.56), 335 (0.17), 290 (0.14), 250 (0.12)]
[2025-08-22 17:48:26] Timing @ep 1000: episode 59.3s | train 0.174s | eval 57.6s | plot 1.5s | save 0.002s | cum 0.05h
[2025-08-22 17:49:42] 
[2025-08-22 17:49:42] Benchmark @train_ep    1500 (bench_eps: 2000)
[2025-08-22 17:49:42] Macro Winrate          :  39.1%
[2025-08-22 17:49:42] Macro Ø-Reward         :  1.770
[2025-08-22 17:49:42] Winrate vs max_combo   :  14.0% | Σ-Reward:  2075.0 | Ø-Reward:  1.038 | Places: [280 (0.14), 368 (0.18), 499 (0.25), 853 (0.43)]
[2025-08-22 17:49:42] Winrate vs random2     :  38.6% | Σ-Reward:  3831.0 | Ø-Reward:  1.915 | Places: [773 (0.39), 553 (0.28), 406 (0.20), 268 (0.13)]
[2025-08-22 17:49:42] Winrate vs single_only :  64.7% | Σ-Reward:  4715.0 | Ø-Reward:  2.357 | Places: [1293 (0.65), 303 (0.15), 230 (0.12), 174 (0.09)]
[2025-08-22 17:49:43] Timing @ep 1500: episode 52.1s | train 0.144s | eval 50.4s | plot 1.5s | save 0.001s | cum 0.07h
[2025-08-22 17:50:56] 
[2025-08-22 17:50:56] Benchmark @train_ep    2000 (bench_eps: 2000)
[2025-08-22 17:50:56] Macro Winrate          :  41.9%
[2025-08-22 17:50:56] Macro Ø-Reward         :  1.824
[2025-08-22 17:50:56] Winrate vs max_combo   :  13.7% | Σ-Reward:  2076.0 | Ø-Reward:  1.038 | Places: [273 (0.14), 370 (0.18), 517 (0.26), 840 (0.42)]
[2025-08-22 17:50:56] Winrate vs random2     :  40.1% | Σ-Reward:  3844.0 | Ø-Reward:  1.922 | Places: [802 (0.40), 540 (0.27), 358 (0.18), 300 (0.15)]
[2025-08-22 17:50:56] Winrate vs single_only :  71.8% | Σ-Reward:  5023.0 | Ø-Reward:  2.511 | Places: [1437 (0.72), 256 (0.13), 200 (0.10), 107 (0.05)]
[2025-08-22 17:50:58] Timing @ep 2000: episode 50.0s | train 0.138s | eval 48.1s | plot 1.7s | save 0.002s | cum 0.10h
[2025-08-22 17:52:17] 
[2025-08-22 17:52:17] Benchmark @train_ep    2500 (bench_eps: 2000)
[2025-08-22 17:52:17] Macro Winrate          :  39.5%
[2025-08-22 17:52:17] Macro Ø-Reward         :  1.767
[2025-08-22 17:52:17] Winrate vs max_combo   :  11.1% | Σ-Reward:  1885.0 | Ø-Reward:  0.943 | Places: [221 (0.11), 349 (0.17), 524 (0.26), 906 (0.45)]
[2025-08-22 17:52:17] Winrate vs random2     :  38.2% | Σ-Reward:  3761.0 | Ø-Reward:  1.881 | Places: [765 (0.38), 527 (0.26), 412 (0.21), 296 (0.15)]
[2025-08-22 17:52:17] Winrate vs single_only :  69.2% | Σ-Reward:  4955.0 | Ø-Reward:  2.478 | Places: [1383 (0.69), 300 (0.15), 206 (0.10), 111 (0.06)]
[2025-08-22 17:52:18] Timing @ep 2500: episode 54.3s | train 0.139s | eval 52.3s | plot 1.8s | save 0.001s | cum 0.12h
[2025-08-22 17:53:35] 
[2025-08-22 17:53:35] Benchmark @train_ep    3000 (bench_eps: 2000)
[2025-08-22 17:53:35] Macro Winrate          :  40.5%
[2025-08-22 17:53:35] Macro Ø-Reward         :  1.794
[2025-08-22 17:53:35] Winrate vs max_combo   :  12.2% | Σ-Reward:  1987.0 | Ø-Reward:  0.994 | Places: [245 (0.12), 365 (0.18), 522 (0.26), 868 (0.43)]
[2025-08-22 17:53:35] Winrate vs random2     :  38.6% | Σ-Reward:  3795.0 | Ø-Reward:  1.897 | Places: [773 (0.39), 546 (0.27), 384 (0.19), 297 (0.15)]
[2025-08-22 17:53:35] Winrate vs single_only :  70.7% | Σ-Reward:  4980.0 | Ø-Reward:  2.490 | Places: [1413 (0.71), 270 (0.14), 201 (0.10), 116 (0.06)]
[2025-08-22 17:53:37] Timing @ep 3000: episode 53.2s | train 0.146s | eval 51.5s | plot 1.5s | save 0.001s | cum 0.14h
[2025-08-22 17:54:54] 
[2025-08-22 17:54:54] Benchmark @train_ep    3500 (bench_eps: 2000)
[2025-08-22 17:54:54] Macro Winrate          :  37.1%
[2025-08-22 17:54:54] Macro Ø-Reward         :  1.711
[2025-08-22 17:54:54] Winrate vs max_combo   :  13.1% | Σ-Reward:  2063.0 | Ø-Reward:  1.032 | Places: [262 (0.13), 374 (0.19), 529 (0.26), 835 (0.42)]
[2025-08-22 17:54:54] Winrate vs random2     :  35.9% | Σ-Reward:  3592.0 | Ø-Reward:  1.796 | Places: [718 (0.36), 522 (0.26), 394 (0.20), 366 (0.18)]
[2025-08-22 17:54:54] Winrate vs single_only :  62.4% | Σ-Reward:  4612.0 | Ø-Reward:  2.306 | Places: [1248 (0.62), 324 (0.16), 220 (0.11), 208 (0.10)]
[2025-08-22 17:54:56] Timing @ep 3500: episode 54.3s | train 0.120s | eval 52.5s | plot 1.6s | save 0.001s | cum 0.16h
[2025-08-22 17:56:11] 
[2025-08-22 17:56:11] Benchmark @train_ep    4000 (bench_eps: 2000)
[2025-08-22 17:56:11] Macro Winrate          :  37.5%
[2025-08-22 17:56:11] Macro Ø-Reward         :  1.719
[2025-08-22 17:56:11] Winrate vs max_combo   :  12.9% | Σ-Reward:  1945.0 | Ø-Reward:  0.973 | Places: [258 (0.13), 319 (0.16), 533 (0.27), 890 (0.45)]
[2025-08-22 17:56:11] Winrate vs random2     :  34.4% | Σ-Reward:  3598.0 | Ø-Reward:  1.799 | Places: [688 (0.34), 548 (0.27), 438 (0.22), 326 (0.16)]
[2025-08-22 17:56:11] Winrate vs single_only :  65.1% | Σ-Reward:  4770.0 | Ø-Reward:  2.385 | Places: [1302 (0.65), 318 (0.16), 228 (0.11), 152 (0.08)]
[2025-08-22 17:56:13] Timing @ep 4000: episode 52.5s | train 0.149s | eval 50.6s | plot 1.7s | save 0.002s | cum 0.18h
[2025-08-22 17:57:28] 
[2025-08-22 17:57:28] Benchmark @train_ep    4500 (bench_eps: 2000)
[2025-08-22 17:57:28] Macro Winrate          :  35.9%
[2025-08-22 17:57:28] Macro Ø-Reward         :  1.668
[2025-08-22 17:57:28] Winrate vs max_combo   :  13.1% | Σ-Reward:  1935.0 | Ø-Reward:  0.968 | Places: [262 (0.13), 318 (0.16), 513 (0.26), 907 (0.45)]
[2025-08-22 17:57:28] Winrate vs random2     :  33.8% | Σ-Reward:  3552.0 | Ø-Reward:  1.776 | Places: [676 (0.34), 534 (0.27), 456 (0.23), 334 (0.17)]
[2025-08-22 17:57:28] Winrate vs single_only :  60.7% | Σ-Reward:  4522.0 | Ø-Reward:  2.261 | Places: [1214 (0.61), 314 (0.16), 252 (0.13), 220 (0.11)]
[2025-08-22 17:57:30] Timing @ep 4500: episode 53.0s | train 0.152s | eval 51.1s | plot 1.7s | save 0.001s | cum 0.20h
[2025-08-22 17:58:49] 
[2025-08-22 17:58:49] Benchmark @train_ep    5000 (bench_eps: 2000)
[2025-08-22 17:58:49] Macro Winrate          :  31.2%
[2025-08-22 17:58:49] Macro Ø-Reward         :  1.567
[2025-08-22 17:58:49] Winrate vs max_combo   :  10.4% | Σ-Reward:  1806.0 | Ø-Reward:  0.903 | Places: [208 (0.10), 334 (0.17), 514 (0.26), 944 (0.47)]
[2025-08-22 17:58:49] Winrate vs random2     :  31.8% | Σ-Reward:  3456.0 | Ø-Reward:  1.728 | Places: [635 (0.32), 553 (0.28), 445 (0.22), 367 (0.18)]
[2025-08-22 17:58:49] Winrate vs single_only :  51.5% | Σ-Reward:  4142.0 | Ø-Reward:  2.071 | Places: [1031 (0.52), 382 (0.19), 285 (0.14), 302 (0.15)]
[2025-08-22 17:58:51] Timing @ep 5000: episode 55.1s | train 0.163s | eval 53.2s | plot 1.7s | save 0.001s | cum 0.23h
[2025-08-22 18:00:04] 
[2025-08-22 18:00:04] Benchmark @train_ep    5500 (bench_eps: 2000)
[2025-08-22 18:00:04] Macro Winrate          :  33.6%
[2025-08-22 18:00:04] Macro Ø-Reward         :  1.622
[2025-08-22 18:00:04] Winrate vs max_combo   :  11.0% | Σ-Reward:  1863.0 | Ø-Reward:  0.931 | Places: [220 (0.11), 333 (0.17), 537 (0.27), 910 (0.46)]
[2025-08-22 18:00:04] Winrate vs random2     :  31.6% | Σ-Reward:  3465.0 | Ø-Reward:  1.732 | Places: [631 (0.32), 547 (0.27), 478 (0.24), 344 (0.17)]
[2025-08-22 18:00:04] Winrate vs single_only :  58.4% | Σ-Reward:  4407.0 | Ø-Reward:  2.204 | Places: [1168 (0.58), 325 (0.16), 253 (0.13), 254 (0.13)]
[2025-08-22 18:00:06] Timing @ep 5500: episode 50.4s | train 0.148s | eval 48.3s | plot 1.9s | save 0.002s | cum 0.25h
[2025-08-22 18:01:20] 
[2025-08-22 18:01:20] Benchmark @train_ep    6000 (bench_eps: 2000)
[2025-08-22 18:01:20] Macro Winrate          :  31.5%
[2025-08-22 18:01:20] Macro Ø-Reward         :  1.551
[2025-08-22 18:01:20] Winrate vs max_combo   :  11.3% | Σ-Reward:  1830.0 | Ø-Reward:  0.915 | Places: [226 (0.11), 320 (0.16), 512 (0.26), 942 (0.47)]
[2025-08-22 18:01:20] Winrate vs random2     :  30.6% | Σ-Reward:  3315.0 | Ø-Reward:  1.657 | Places: [612 (0.31), 499 (0.25), 481 (0.24), 408 (0.20)]
[2025-08-22 18:01:20] Winrate vs single_only :  52.5% | Σ-Reward:  4164.0 | Ø-Reward:  2.082 | Places: [1051 (0.53), 357 (0.18), 297 (0.15), 295 (0.15)]
[2025-08-22 18:01:21] Timing @ep 6000: episode 51.7s | train 0.146s | eval 49.7s | plot 1.9s | save 0.002s | cum 0.27h
[2025-08-22 18:02:42] 
[2025-08-22 18:02:42] Benchmark @train_ep    6500 (bench_eps: 2000)
[2025-08-22 18:02:42] Macro Winrate          :  31.6%
[2025-08-22 18:02:42] Macro Ø-Reward         :  1.565
[2025-08-22 18:02:42] Winrate vs max_combo   :  13.2% | Σ-Reward:  1953.0 | Ø-Reward:  0.977 | Places: [263 (0.13), 334 (0.17), 496 (0.25), 907 (0.45)]
[2025-08-22 18:02:42] Winrate vs random2     :  30.6% | Σ-Reward:  3298.0 | Ø-Reward:  1.649 | Places: [611 (0.31), 516 (0.26), 433 (0.22), 440 (0.22)]
[2025-08-22 18:02:42] Winrate vs single_only :  51.0% | Σ-Reward:  4137.0 | Ø-Reward:  2.068 | Places: [1019 (0.51), 372 (0.19), 336 (0.17), 273 (0.14)]
[2025-08-22 18:02:44] Timing @ep 6500: episode 56.3s | train 0.157s | eval 54.2s | plot 2.0s | save 0.001s | cum 0.29h
[2025-08-22 18:04:03] 
[2025-08-22 18:04:03] Benchmark @train_ep    7000 (bench_eps: 2000)
[2025-08-22 18:04:03] Macro Winrate          :  31.3%
[2025-08-22 18:04:03] Macro Ø-Reward         :  1.577
[2025-08-22 18:04:03] Winrate vs max_combo   :  11.9% | Σ-Reward:  1930.0 | Ø-Reward:  0.965 | Places: [238 (0.12), 330 (0.17), 556 (0.28), 876 (0.44)]
[2025-08-22 18:04:03] Winrate vs random2     :  31.4% | Σ-Reward:  3389.0 | Ø-Reward:  1.694 | Places: [628 (0.31), 526 (0.26), 453 (0.23), 393 (0.20)]
[2025-08-22 18:04:03] Winrate vs single_only :  50.6% | Σ-Reward:  4142.0 | Ø-Reward:  2.071 | Places: [1013 (0.51), 396 (0.20), 311 (0.16), 280 (0.14)]
[2025-08-22 18:04:05] Timing @ep 7000: episode 56.7s | train 0.143s | eval 54.5s | plot 2.0s | save 0.002s | cum 0.31h
[2025-08-22 18:05:23] 
[2025-08-22 18:05:23] Benchmark @train_ep    7500 (bench_eps: 2000)
[2025-08-22 18:05:23] Macro Winrate          :  33.4%
[2025-08-22 18:05:23] Macro Ø-Reward         :  1.611
[2025-08-22 18:05:23] Winrate vs max_combo   :  12.1% | Σ-Reward:  1943.0 | Ø-Reward:  0.972 | Places: [241 (0.12), 355 (0.18), 510 (0.26), 894 (0.45)]
[2025-08-22 18:05:23] Winrate vs random2     :  32.0% | Σ-Reward:  3396.0 | Ø-Reward:  1.698 | Places: [641 (0.32), 523 (0.26), 427 (0.21), 409 (0.20)]
[2025-08-22 18:05:23] Winrate vs single_only :  56.0% | Σ-Reward:  4327.0 | Ø-Reward:  2.163 | Places: [1119 (0.56), 340 (0.17), 290 (0.14), 251 (0.13)]
[2025-08-22 18:05:25] Timing @ep 7500: episode 55.0s | train 0.142s | eval 52.8s | plot 2.0s | save 0.001s | cum 0.34h
[2025-08-22 18:06:46] 
[2025-08-22 18:06:46] Benchmark @train_ep    8000 (bench_eps: 2000)
[2025-08-22 18:06:46] Macro Winrate          :  31.2%
[2025-08-22 18:06:46] Macro Ø-Reward         :  1.560
[2025-08-22 18:06:46] Winrate vs max_combo   :  11.9% | Σ-Reward:  1891.0 | Ø-Reward:  0.946 | Places: [239 (0.12), 317 (0.16), 540 (0.27), 904 (0.45)]
[2025-08-22 18:06:46] Winrate vs random2     :  29.0% | Σ-Reward:  3308.0 | Ø-Reward:  1.654 | Places: [580 (0.29), 549 (0.27), 470 (0.23), 401 (0.20)]
[2025-08-22 18:06:46] Winrate vs single_only :  52.6% | Σ-Reward:  4162.0 | Ø-Reward:  2.081 | Places: [1052 (0.53), 346 (0.17), 314 (0.16), 288 (0.14)]
[2025-08-22 18:06:48] Timing @ep 8000: episode 56.6s | train 0.143s | eval 54.4s | plot 2.0s | save 0.001s | cum 0.36h
[2025-08-22 18:08:08] 
[2025-08-22 18:08:08] Benchmark @train_ep    8500 (bench_eps: 2000)
[2025-08-22 18:08:08] Macro Winrate          :  30.1%
[2025-08-22 18:08:08] Macro Ø-Reward         :  1.539
[2025-08-22 18:08:08] Winrate vs max_combo   :  11.2% | Σ-Reward:  1927.0 | Ø-Reward:  0.964 | Places: [225 (0.11), 351 (0.18), 550 (0.28), 874 (0.44)]
[2025-08-22 18:08:08] Winrate vs random2     :  29.5% | Σ-Reward:  3254.0 | Ø-Reward:  1.627 | Places: [590 (0.29), 500 (0.25), 484 (0.24), 426 (0.21)]
[2025-08-22 18:08:08] Winrate vs single_only :  49.6% | Σ-Reward:  4053.0 | Ø-Reward:  2.026 | Places: [993 (0.50), 372 (0.19), 330 (0.17), 305 (0.15)]
[2025-08-22 18:08:10] Timing @ep 8500: episode 55.4s | train 0.168s | eval 53.0s | plot 2.1s | save 0.001s | cum 0.38h
[2025-08-22 18:09:31] 
[2025-08-22 18:09:31] Benchmark @train_ep    9000 (bench_eps: 2000)
[2025-08-22 18:09:31] Macro Winrate          :  30.5%
[2025-08-22 18:09:31] Macro Ø-Reward         :  1.536
[2025-08-22 18:09:31] Winrate vs max_combo   :  11.6% | Σ-Reward:  1899.0 | Ø-Reward:  0.950 | Places: [231 (0.12), 339 (0.17), 528 (0.26), 902 (0.45)]
[2025-08-22 18:09:31] Winrate vs random2     :  28.2% | Σ-Reward:  3186.0 | Ø-Reward:  1.593 | Places: [564 (0.28), 505 (0.25), 484 (0.24), 447 (0.22)]
[2025-08-22 18:09:31] Winrate vs single_only :  51.9% | Σ-Reward:  4129.0 | Ø-Reward:  2.064 | Places: [1037 (0.52), 361 (0.18), 296 (0.15), 306 (0.15)]
[2025-08-22 18:09:33] Timing @ep 9000: episode 57.4s | train 0.137s | eval 55.2s | plot 2.0s | save 0.002s | cum 0.41h
[2025-08-22 18:10:50] 
[2025-08-22 18:10:50] Benchmark @train_ep    9500 (bench_eps: 2000)
[2025-08-22 18:10:50] Macro Winrate          :  29.1%
[2025-08-22 18:10:50] Macro Ø-Reward         :  1.514
[2025-08-22 18:10:50] Winrate vs max_combo   :  13.3% | Σ-Reward:  1957.0 | Ø-Reward:  0.979 | Places: [267 (0.13), 324 (0.16), 508 (0.25), 901 (0.45)]
[2025-08-22 18:10:50] Winrate vs random2     :  29.9% | Σ-Reward:  3329.0 | Ø-Reward:  1.665 | Places: [597 (0.30), 530 (0.27), 478 (0.24), 395 (0.20)]
[2025-08-22 18:10:50] Winrate vs single_only :  44.0% | Σ-Reward:  3801.0 | Ø-Reward:  1.901 | Places: [880 (0.44), 410 (0.20), 341 (0.17), 369 (0.18)]
[2025-08-22 18:10:52] Timing @ep 9500: episode 54.6s | train 0.150s | eval 52.4s | plot 2.0s | save 0.002s | cum 0.43h
[2025-08-22 18:12:12] 
[2025-08-22 18:12:12] Benchmark @train_ep   10000 (bench_eps: 2000)
[2025-08-22 18:12:12] Macro Winrate          :  29.7%
[2025-08-22 18:12:12] Macro Ø-Reward         :  1.541
[2025-08-22 18:12:12] Winrate vs max_combo   :  12.4% | Σ-Reward:  1963.0 | Ø-Reward:  0.982 | Places: [249 (0.12), 359 (0.18), 498 (0.25), 894 (0.45)]
[2025-08-22 18:12:12] Winrate vs random2     :  30.8% | Σ-Reward:  3365.0 | Ø-Reward:  1.683 | Places: [616 (0.31), 524 (0.26), 469 (0.23), 391 (0.20)]
[2025-08-22 18:12:12] Winrate vs single_only :  45.9% | Σ-Reward:  3919.0 | Ø-Reward:  1.960 | Places: [918 (0.46), 404 (0.20), 357 (0.18), 321 (0.16)]
[2025-08-22 18:12:15] Timing @ep 10000: episode 56.3s | train 0.159s | eval 54.0s | plot 2.1s | save 0.002s | cum 0.45h
[2025-08-22 18:12:15] 
[2025-08-22 18:12:15] Gesamtzeit: 0.45h (~ 6.17 eps/s)
[2025-08-22 18:12:15] K4 (Shared-Policy PPO, In-Proc External Trainer) abgeschlossen.
