[2025-09-15 09:07:33] New Training (k4a1): Shared-Policy PPO — In-Proc External Trainer (Bundle-Updates)
[2025-09-15 09:07:33] Deck_Size: 64
[2025-09-15 09:07:33] Episodes: 1000000
[2025-09-15 09:07:33] Path: /home/wasterix/Multiagent/OpenSpiel_neu/open_spiel/President/models/k4a1/model_05
[2025-09-15 09:13:35] 
[2025-09-15 09:13:35] Benchmark @train_ep   10000 (bench_eps: 2000)
[2025-09-15 09:13:35] Macro Winrate          :  64.3%
[2025-09-15 09:13:35] Macro Ø-Reward         :  2.422
[2025-09-15 09:13:35] Winrate vs max_combo   :  36.5% | Σ-Reward:  3721.0 | Ø-Reward:  1.861 | Places: [730 (0.36), 559 (0.28), 413 (0.21), 298 (0.15)]
[2025-09-15 09:13:35] Winrate vs random2     :  74.5% | Σ-Reward:  5313.0 | Ø-Reward:  2.656 | Places: [1489 (0.74), 369 (0.18), 108 (0.05), 34 (0.02)]
[2025-09-15 09:13:35] Winrate vs single_only :  82.0% | Σ-Reward:  5500.0 | Ø-Reward:  2.750 | Places: [1639 (0.82), 241 (0.12), 101 (0.05), 19 (0.01)]
[2025-09-15 09:13:38] Timing @ep 10000: episode 33.7s | train 0.052s | eval 30.9s | plot 2.8s | save 0.005s | cum 0.10h
[2025-09-15 09:19:36] 
[2025-09-15 09:19:36] Benchmark @train_ep   20000 (bench_eps: 2000)
[2025-09-15 09:19:36] Macro Winrate          :  63.6%
[2025-09-15 09:19:36] Macro Ø-Reward         :  2.434
[2025-09-15 09:19:36] Winrate vs max_combo   :  38.1% | Σ-Reward:  3811.0 | Ø-Reward:  1.905 | Places: [762 (0.38), 568 (0.28), 389 (0.19), 281 (0.14)]
[2025-09-15 09:19:36] Winrate vs random2     :  77.8% | Σ-Reward:  5429.0 | Ø-Reward:  2.715 | Places: [1556 (0.78), 349 (0.17), 63 (0.03), 32 (0.02)]
[2025-09-15 09:19:36] Winrate vs single_only :  75.0% | Σ-Reward:  5363.0 | Ø-Reward:  2.682 | Places: [1501 (0.75), 376 (0.19), 108 (0.05), 15 (0.01)]
[2025-09-15 09:19:40] Timing @ep 20000: episode 35.8s | train 0.078s | eval 32.0s | plot 3.7s | save 0.002s | cum 0.20h
[2025-09-15 09:25:33] 
[2025-09-15 09:25:33] Benchmark @train_ep   30000 (bench_eps: 2000)
[2025-09-15 09:25:33] Macro Winrate          :  65.0%
[2025-09-15 09:25:33] Macro Ø-Reward         :  2.467
[2025-09-15 09:25:33] Winrate vs max_combo   :  39.3% | Σ-Reward:  3953.0 | Ø-Reward:  1.976 | Places: [786 (0.39), 597 (0.30), 401 (0.20), 216 (0.11)]
[2025-09-15 09:25:33] Winrate vs random2     :  77.2% | Σ-Reward:  5392.0 | Ø-Reward:  2.696 | Places: [1545 (0.77), 334 (0.17), 89 (0.04), 32 (0.02)]
[2025-09-15 09:25:33] Winrate vs single_only :  78.6% | Σ-Reward:  5458.0 | Ø-Reward:  2.729 | Places: [1572 (0.79), 328 (0.16), 86 (0.04), 14 (0.01)]
[2025-09-15 09:25:37] Timing @ep 30000: episode 35.2s | train 0.053s | eval 30.9s | plot 4.2s | save 0.002s | cum 0.30h
[2025-09-15 09:31:34] 
[2025-09-15 09:31:34] Benchmark @train_ep   40000 (bench_eps: 2000)
[2025-09-15 09:31:34] Macro Winrate          :  67.0%
[2025-09-15 09:31:34] Macro Ø-Reward         :  2.483
[2025-09-15 09:31:34] Winrate vs max_combo   :  40.1% | Σ-Reward:  3908.0 | Ø-Reward:  1.954 | Places: [803 (0.40), 559 (0.28), 381 (0.19), 257 (0.13)]
[2025-09-15 09:31:34] Winrate vs random2     :  78.3% | Σ-Reward:  5429.0 | Ø-Reward:  2.715 | Places: [1566 (0.78), 329 (0.16), 73 (0.04), 32 (0.02)]
[2025-09-15 09:31:34] Winrate vs single_only :  82.7% | Σ-Reward:  5563.0 | Ø-Reward:  2.781 | Places: [1653 (0.83), 269 (0.13), 66 (0.03), 12 (0.01)]
[2025-09-15 09:31:39] Timing @ep 40000: episode 35.8s | train 0.070s | eval 30.7s | plot 5.0s | save 0.002s | cum 0.40h
[2025-09-15 09:37:32] 
[2025-09-15 09:37:32] Benchmark @train_ep   50000 (bench_eps: 2000)
[2025-09-15 09:37:32] Macro Winrate          :  65.7%
[2025-09-15 09:37:32] Macro Ø-Reward         :  2.490
[2025-09-15 09:37:32] Winrate vs max_combo   :  41.4% | Σ-Reward:  4044.0 | Ø-Reward:  2.022 | Places: [828 (0.41), 599 (0.30), 362 (0.18), 211 (0.11)]
[2025-09-15 09:37:32] Winrate vs random2     :  76.7% | Σ-Reward:  5436.0 | Ø-Reward:  2.718 | Places: [1534 (0.77), 383 (0.19), 68 (0.03), 15 (0.01)]
[2025-09-15 09:37:32] Winrate vs single_only :  79.0% | Σ-Reward:  5457.0 | Ø-Reward:  2.728 | Places: [1581 (0.79), 311 (0.16), 92 (0.05), 16 (0.01)]
[2025-09-15 09:37:37] Timing @ep 50000: episode 36.2s | train 0.053s | eval 30.5s | plot 5.7s | save 0.002s | cum 0.50h
[2025-09-15 09:43:37] 
[2025-09-15 09:43:37] Benchmark @train_ep   60000 (bench_eps: 2000)
[2025-09-15 09:43:37] Macro Winrate          :  66.9%
[2025-09-15 09:43:37] Macro Ø-Reward         :  2.492
[2025-09-15 09:43:37] Winrate vs max_combo   :  41.0% | Σ-Reward:  4051.0 | Ø-Reward:  2.026 | Places: [821 (0.41), 601 (0.30), 386 (0.19), 192 (0.10)]
[2025-09-15 09:43:37] Winrate vs random2     :  77.0% | Σ-Reward:  5417.0 | Ø-Reward:  2.708 | Places: [1539 (0.77), 360 (0.18), 80 (0.04), 21 (0.01)]
[2025-09-15 09:43:37] Winrate vs single_only :  82.6% | Σ-Reward:  5482.0 | Ø-Reward:  2.741 | Places: [1652 (0.83), 209 (0.10), 108 (0.05), 31 (0.02)]
[2025-09-15 09:43:44] Timing @ep 60000: episode 37.2s | train 0.054s | eval 30.4s | plot 6.7s | save 0.002s | cum 0.60h
[2025-09-15 09:49:34] 
[2025-09-15 09:49:34] Benchmark @train_ep   70000 (bench_eps: 2000)
[2025-09-15 09:49:34] Macro Winrate          :  69.2%
[2025-09-15 09:49:34] Macro Ø-Reward         :  2.548
[2025-09-15 09:49:34] Winrate vs max_combo   :  43.5% | Σ-Reward:  4170.0 | Ø-Reward:  2.085 | Places: [869 (0.43), 615 (0.31), 333 (0.17), 183 (0.09)]
[2025-09-15 09:49:34] Winrate vs random2     :  80.7% | Σ-Reward:  5528.0 | Ø-Reward:  2.764 | Places: [1614 (0.81), 311 (0.16), 64 (0.03), 11 (0.01)]
[2025-09-15 09:49:34] Winrate vs single_only :  83.5% | Σ-Reward:  5588.0 | Ø-Reward:  2.794 | Places: [1671 (0.84), 255 (0.13), 65 (0.03), 9 (0.00)]
[2025-09-15 09:49:41] Timing @ep 70000: episode 37.3s | train 0.053s | eval 30.0s | plot 7.3s | save 0.002s | cum 0.70h
[2025-09-15 09:55:27] 
[2025-09-15 09:55:27] Benchmark @train_ep   80000 (bench_eps: 2000)
[2025-09-15 09:55:27] Macro Winrate          :  69.0%
[2025-09-15 09:55:27] Macro Ø-Reward         :  2.556
[2025-09-15 09:55:27] Winrate vs max_combo   :  43.6% | Σ-Reward:  4225.0 | Ø-Reward:  2.112 | Places: [873 (0.44), 631 (0.32), 344 (0.17), 152 (0.08)]
[2025-09-15 09:55:27] Winrate vs random2     :  81.3% | Σ-Reward:  5560.0 | Ø-Reward:  2.780 | Places: [1626 (0.81), 319 (0.16), 44 (0.02), 11 (0.01)]
[2025-09-15 09:55:27] Winrate vs single_only :  82.0% | Σ-Reward:  5552.0 | Ø-Reward:  2.776 | Places: [1639 (0.82), 285 (0.14), 65 (0.03), 11 (0.01)]
[2025-09-15 09:55:35] Timing @ep 80000: episode 38.4s | train 0.053s | eval 30.3s | plot 8.0s | save 0.002s | cum 0.80h
[2025-09-15 10:01:20] 
[2025-09-15 10:01:20] Benchmark @train_ep   90000 (bench_eps: 2000)
[2025-09-15 10:01:20] Macro Winrate          :  69.9%
[2025-09-15 10:01:20] Macro Ø-Reward         :  2.566
[2025-09-15 10:01:20] Winrate vs max_combo   :  43.6% | Σ-Reward:  4237.0 | Ø-Reward:  2.119 | Places: [872 (0.44), 639 (0.32), 343 (0.17), 146 (0.07)]
[2025-09-15 10:01:20] Winrate vs random2     :  82.3% | Σ-Reward:  5569.0 | Ø-Reward:  2.784 | Places: [1647 (0.82), 287 (0.14), 54 (0.03), 12 (0.01)]
[2025-09-15 10:01:20] Winrate vs single_only :  83.8% | Σ-Reward:  5590.0 | Ø-Reward:  2.795 | Places: [1676 (0.84), 248 (0.12), 66 (0.03), 10 (0.01)]
[2025-09-15 10:01:29] Timing @ep 90000: episode 39.1s | train 0.072s | eval 29.8s | plot 9.1s | save 0.002s | cum 0.90h
[2025-09-15 10:07:13] 
[2025-09-15 10:07:13] Benchmark @train_ep  100000 (bench_eps: 2000)
[2025-09-15 10:07:13] Macro Winrate          :  67.8%
[2025-09-15 10:07:13] Macro Ø-Reward         :  2.554
[2025-09-15 10:07:13] Winrate vs max_combo   :  43.9% | Σ-Reward:  4314.0 | Ø-Reward:  2.157 | Places: [878 (0.44), 688 (0.34), 304 (0.15), 130 (0.07)]
[2025-09-15 10:07:13] Winrate vs random2     :  82.0% | Σ-Reward:  5581.0 | Ø-Reward:  2.791 | Places: [1641 (0.82), 309 (0.15), 40 (0.02), 10 (0.01)]
[2025-09-15 10:07:13] Winrate vs single_only :  77.4% | Σ-Reward:  5428.0 | Ø-Reward:  2.714 | Places: [1548 (0.77), 344 (0.17), 96 (0.05), 12 (0.01)]
[2025-09-15 10:07:23] Timing @ep 100000: episode 39.8s | train 0.056s | eval 30.3s | plot 9.5s | save 0.002s | cum 1.00h
[2025-09-15 10:13:03] 
[2025-09-15 10:13:03] Benchmark @train_ep  110000 (bench_eps: 2000)
[2025-09-15 10:13:03] Macro Winrate          :  69.5%
[2025-09-15 10:13:03] Macro Ø-Reward         :  2.563
[2025-09-15 10:13:03] Winrate vs max_combo   :  46.0% | Σ-Reward:  4344.0 | Ø-Reward:  2.172 | Places: [921 (0.46), 646 (0.32), 289 (0.14), 144 (0.07)]
[2025-09-15 10:13:03] Winrate vs random2     :  82.7% | Σ-Reward:  5583.0 | Ø-Reward:  2.792 | Places: [1653 (0.83), 290 (0.14), 44 (0.02), 13 (0.01)]
[2025-09-15 10:13:03] Winrate vs single_only :  79.7% | Σ-Reward:  5452.0 | Ø-Reward:  2.726 | Places: [1594 (0.80), 281 (0.14), 108 (0.05), 17 (0.01)]
[2025-09-15 10:13:13] Timing @ep 110000: episode 40.2s | train 0.050s | eval 29.9s | plot 10.2s | save 0.002s | cum 1.09h
[2025-09-15 10:18:53] 
[2025-09-15 10:18:53] Benchmark @train_ep  120000 (bench_eps: 2000)
[2025-09-15 10:18:53] Macro Winrate          :  69.3%
[2025-09-15 10:18:53] Macro Ø-Reward         :  2.572
[2025-09-15 10:18:53] Winrate vs max_combo   :  47.6% | Σ-Reward:  4451.0 | Ø-Reward:  2.225 | Places: [952 (0.48), 662 (0.33), 271 (0.14), 115 (0.06)]
[2025-09-15 10:18:53] Winrate vs random2     :  81.6% | Σ-Reward:  5560.0 | Ø-Reward:  2.780 | Places: [1632 (0.82), 306 (0.15), 52 (0.03), 10 (0.01)]
[2025-09-15 10:18:53] Winrate vs single_only :  78.7% | Σ-Reward:  5421.0 | Ø-Reward:  2.711 | Places: [1573 (0.79), 297 (0.15), 108 (0.05), 22 (0.01)]
[2025-09-15 10:19:04] Timing @ep 120000: episode 41.6s | train 0.055s | eval 30.2s | plot 11.3s | save 0.002s | cum 1.19h
[2025-09-15 10:24:49] 
[2025-09-15 10:24:49] Benchmark @train_ep  130000 (bench_eps: 2000)
[2025-09-15 10:24:49] Macro Winrate          :  70.4%
[2025-09-15 10:24:49] Macro Ø-Reward         :  2.572
[2025-09-15 10:24:49] Winrate vs max_combo   :  48.9% | Σ-Reward:  4403.0 | Ø-Reward:  2.201 | Places: [977 (0.49), 591 (0.30), 290 (0.14), 142 (0.07)]
[2025-09-15 10:24:49] Winrate vs random2     :  81.3% | Σ-Reward:  5553.0 | Ø-Reward:  2.776 | Places: [1627 (0.81), 310 (0.15), 52 (0.03), 11 (0.01)]
[2025-09-15 10:24:49] Winrate vs single_only :  81.1% | Σ-Reward:  5476.0 | Ø-Reward:  2.738 | Places: [1622 (0.81), 254 (0.13), 102 (0.05), 22 (0.01)]
[2025-09-15 10:25:02] Timing @ep 130000: episode 45.0s | train 0.072s | eval 32.6s | plot 12.2s | save 0.002s | cum 1.29h
[2025-09-15 10:30:36] 
[2025-09-15 10:30:36] Benchmark @train_ep  140000 (bench_eps: 2000)
[2025-09-15 10:30:36] Macro Winrate          :  69.9%
[2025-09-15 10:30:36] Macro Ø-Reward         :  2.547
[2025-09-15 10:30:36] Winrate vs max_combo   :  50.2% | Σ-Reward:  4383.0 | Ø-Reward:  2.192 | Places: [1005 (0.50), 533 (0.27), 302 (0.15), 160 (0.08)]
[2025-09-15 10:30:36] Winrate vs random2     :  81.1% | Σ-Reward:  5514.0 | Ø-Reward:  2.757 | Places: [1622 (0.81), 288 (0.14), 72 (0.04), 18 (0.01)]
[2025-09-15 10:30:36] Winrate vs single_only :  78.2% | Σ-Reward:  5383.0 | Ø-Reward:  2.692 | Places: [1565 (0.78), 281 (0.14), 126 (0.06), 28 (0.01)]
[2025-09-15 10:30:49] Timing @ep 140000: episode 42.1s | train 0.052s | eval 29.2s | plot 12.8s | save 0.002s | cum 1.39h
[2025-09-15 11:34:30] 
[2025-09-15 11:34:30] Benchmark @train_ep  150000 (bench_eps: 2000)
[2025-09-15 11:34:30] Macro Winrate          :  67.0%
[2025-09-15 11:34:30] Macro Ø-Reward         :  2.528
[2025-09-15 11:34:30] Winrate vs max_combo   :  47.9% | Σ-Reward:  4421.0 | Ø-Reward:  2.211 | Places: [958 (0.48), 639 (0.32), 269 (0.13), 134 (0.07)]
[2025-09-15 11:34:30] Winrate vs random2     :  79.2% | Σ-Reward:  5480.0 | Ø-Reward:  2.740 | Places: [1585 (0.79), 324 (0.16), 77 (0.04), 14 (0.01)]
[2025-09-15 11:34:30] Winrate vs single_only :  73.8% | Σ-Reward:  5267.0 | Ø-Reward:  2.634 | Places: [1476 (0.74), 342 (0.17), 155 (0.08), 27 (0.01)]
[2025-09-15 11:34:43] Timing @ep 150000: episode 42.1s | train 0.050s | eval 29.4s | plot 12.7s | save 0.002s | cum 1.48h
[2025-09-15 11:40:13] 
[2025-09-15 11:40:13] Benchmark @train_ep  160000 (bench_eps: 2000)
[2025-09-15 11:40:13] Macro Winrate          :  71.0%
[2025-09-15 11:40:13] Macro Ø-Reward         :  2.571
[2025-09-15 11:40:13] Winrate vs max_combo   :  52.2% | Σ-Reward:  4462.0 | Ø-Reward:  2.231 | Places: [1044 (0.52), 520 (0.26), 290 (0.14), 146 (0.07)]
[2025-09-15 11:40:13] Winrate vs random2     :  82.6% | Σ-Reward:  5574.0 | Ø-Reward:  2.787 | Places: [1652 (0.83), 284 (0.14), 50 (0.03), 14 (0.01)]
[2025-09-15 11:40:13] Winrate vs single_only :  78.2% | Σ-Reward:  5389.0 | Ø-Reward:  2.695 | Places: [1564 (0.78), 284 (0.14), 129 (0.06), 23 (0.01)]
[2025-09-15 11:40:27] Timing @ep 160000: episode 43.0s | train 0.050s | eval 28.9s | plot 14.0s | save 0.002s | cum 1.58h
[2025-09-15 11:45:55] 
[2025-09-15 11:45:55] Benchmark @train_ep  170000 (bench_eps: 2000)
[2025-09-15 11:45:55] Macro Winrate          :  67.2%
[2025-09-15 11:45:55] Macro Ø-Reward         :  2.523
[2025-09-15 11:45:55] Winrate vs max_combo   :  49.2% | Σ-Reward:  4451.0 | Ø-Reward:  2.225 | Places: [984 (0.49), 623 (0.31), 253 (0.13), 140 (0.07)]
[2025-09-15 11:45:55] Winrate vs random2     :  78.9% | Σ-Reward:  5455.0 | Ø-Reward:  2.728 | Places: [1578 (0.79), 321 (0.16), 79 (0.04), 22 (0.01)]
[2025-09-15 11:45:55] Winrate vs single_only :  73.4% | Σ-Reward:  5230.0 | Ø-Reward:  2.615 | Places: [1468 (0.73), 341 (0.17), 144 (0.07), 47 (0.02)]
[2025-09-15 11:46:10] Timing @ep 170000: episode 44.3s | train 0.049s | eval 29.8s | plot 14.4s | save 0.002s | cum 1.68h
[2025-09-15 11:51:38] 
[2025-09-15 11:51:38] Benchmark @train_ep  180000 (bench_eps: 2000)
[2025-09-15 11:51:38] Macro Winrate          :  67.5%
[2025-09-15 11:51:38] Macro Ø-Reward         :  2.515
[2025-09-15 11:51:38] Winrate vs max_combo   :  50.7% | Σ-Reward:  4468.0 | Ø-Reward:  2.234 | Places: [1014 (0.51), 572 (0.29), 282 (0.14), 132 (0.07)]
[2025-09-15 11:51:38] Winrate vs random2     :  79.5% | Σ-Reward:  5480.0 | Ø-Reward:  2.740 | Places: [1589 (0.79), 317 (0.16), 79 (0.04), 15 (0.01)]
[2025-09-15 11:51:38] Winrate vs single_only :  72.2% | Σ-Reward:  5144.0 | Ø-Reward:  2.572 | Places: [1444 (0.72), 319 (0.16), 174 (0.09), 63 (0.03)]
[2025-09-15 11:51:54] Timing @ep 180000: episode 45.7s | train 0.069s | eval 29.9s | plot 15.7s | save 0.002s | cum 1.77h
[2025-09-15 11:57:23] 
[2025-09-15 11:57:23] Benchmark @train_ep  190000 (bench_eps: 2000)
[2025-09-15 11:57:23] Macro Winrate          :  67.9%
[2025-09-15 11:57:23] Macro Ø-Reward         :  2.530
[2025-09-15 11:57:23] Winrate vs max_combo   :  49.9% | Σ-Reward:  4463.0 | Ø-Reward:  2.232 | Places: [997 (0.50), 593 (0.30), 286 (0.14), 124 (0.06)]
[2025-09-15 11:57:23] Winrate vs random2     :  77.7% | Σ-Reward:  5422.0 | Ø-Reward:  2.711 | Places: [1553 (0.78), 335 (0.17), 93 (0.05), 19 (0.01)]
[2025-09-15 11:57:23] Winrate vs single_only :  76.2% | Σ-Reward:  5297.0 | Ø-Reward:  2.648 | Places: [1524 (0.76), 289 (0.14), 147 (0.07), 40 (0.02)]
[2025-09-15 11:57:39] Timing @ep 190000: episode 45.7s | train 0.049s | eval 29.6s | plot 16.0s | save 0.002s | cum 1.87h
[2025-09-15 12:03:08] 
[2025-09-15 12:03:08] Benchmark @train_ep  200000 (bench_eps: 2000)
[2025-09-15 12:03:08] Macro Winrate          :  66.5%
[2025-09-15 12:03:08] Macro Ø-Reward         :  2.503
[2025-09-15 12:03:08] Winrate vs max_combo   :  48.8% | Σ-Reward:  4418.0 | Ø-Reward:  2.209 | Places: [976 (0.49), 597 (0.30), 296 (0.15), 131 (0.07)]
[2025-09-15 12:03:08] Winrate vs random2     :  76.2% | Σ-Reward:  5388.0 | Ø-Reward:  2.694 | Places: [1525 (0.76), 361 (0.18), 91 (0.05), 23 (0.01)]
[2025-09-15 12:03:08] Winrate vs single_only :  74.3% | Σ-Reward:  5210.0 | Ø-Reward:  2.605 | Places: [1487 (0.74), 295 (0.15), 159 (0.08), 59 (0.03)]
[2025-09-15 12:03:25] Timing @ep 200000: episode 47.4s | train 0.050s | eval 30.1s | plot 17.3s | save 0.002s | cum 1.96h
[2025-09-15 12:08:53] 
[2025-09-15 12:08:53] Benchmark @train_ep  210000 (bench_eps: 2000)
[2025-09-15 12:08:53] Macro Winrate          :  69.9%
[2025-09-15 12:08:53] Macro Ø-Reward         :  2.558
[2025-09-15 12:08:53] Winrate vs max_combo   :  50.9% | Σ-Reward:  4461.0 | Ø-Reward:  2.231 | Places: [1018 (0.51), 562 (0.28), 283 (0.14), 137 (0.07)]
[2025-09-15 12:08:53] Winrate vs random2     :  81.4% | Σ-Reward:  5541.0 | Ø-Reward:  2.771 | Places: [1628 (0.81), 295 (0.15), 67 (0.03), 10 (0.01)]
[2025-09-15 12:08:53] Winrate vs single_only :  77.5% | Σ-Reward:  5343.0 | Ø-Reward:  2.671 | Places: [1550 (0.78), 278 (0.14), 137 (0.07), 35 (0.02)]
[2025-09-15 12:09:10] Timing @ep 210000: episode 47.0s | train 0.055s | eval 29.1s | plot 17.8s | save 0.002s | cum 2.06h
[2025-09-15 12:14:37] 
[2025-09-15 12:14:37] Benchmark @train_ep  220000 (bench_eps: 2000)
[2025-09-15 12:14:37] Macro Winrate          :  67.1%
[2025-09-15 12:14:37] Macro Ø-Reward         :  2.531
[2025-09-15 12:14:37] Winrate vs max_combo   :  50.4% | Σ-Reward:  4528.0 | Ø-Reward:  2.264 | Places: [1007 (0.50), 621 (0.31), 265 (0.13), 107 (0.05)]
[2025-09-15 12:14:37] Winrate vs random2     :  77.5% | Σ-Reward:  5432.0 | Ø-Reward:  2.716 | Places: [1551 (0.78), 349 (0.17), 81 (0.04), 19 (0.01)]
[2025-09-15 12:14:37] Winrate vs single_only :  73.4% | Σ-Reward:  5226.0 | Ø-Reward:  2.613 | Places: [1468 (0.73), 320 (0.16), 182 (0.09), 30 (0.01)]
[2025-09-15 12:14:55] Timing @ep 220000: episode 48.2s | train 0.050s | eval 29.5s | plot 18.5s | save 0.002s | cum 2.15h
[2025-09-15 12:20:22] 
[2025-09-15 12:20:22] Benchmark @train_ep  230000 (bench_eps: 2000)
[2025-09-15 12:20:22] Macro Winrate          :  68.6%
[2025-09-15 12:20:22] Macro Ø-Reward         :  2.537
[2025-09-15 12:20:22] Winrate vs max_combo   :  51.9% | Σ-Reward:  4482.0 | Ø-Reward:  2.241 | Places: [1038 (0.52), 555 (0.28), 258 (0.13), 149 (0.07)]
[2025-09-15 12:20:22] Winrate vs random2     :  78.2% | Σ-Reward:  5452.0 | Ø-Reward:  2.726 | Places: [1565 (0.78), 339 (0.17), 79 (0.04), 17 (0.01)]
[2025-09-15 12:20:22] Winrate vs single_only :  75.8% | Σ-Reward:  5286.0 | Ø-Reward:  2.643 | Places: [1516 (0.76), 295 (0.15), 148 (0.07), 41 (0.02)]
[2025-09-15 12:20:42] Timing @ep 230000: episode 49.3s | train 0.052s | eval 29.7s | plot 19.5s | save 0.002s | cum 2.25h
[2025-09-15 12:26:08] 
[2025-09-15 12:26:08] Benchmark @train_ep  240000 (bench_eps: 2000)
[2025-09-15 12:26:08] Macro Winrate          :  69.0%
[2025-09-15 12:26:08] Macro Ø-Reward         :  2.543
[2025-09-15 12:26:08] Winrate vs max_combo   :  53.0% | Σ-Reward:  4526.0 | Ø-Reward:  2.263 | Places: [1059 (0.53), 541 (0.27), 267 (0.13), 133 (0.07)]
[2025-09-15 12:26:08] Winrate vs random2     :  78.3% | Σ-Reward:  5451.0 | Ø-Reward:  2.725 | Places: [1566 (0.78), 339 (0.17), 75 (0.04), 20 (0.01)]
[2025-09-15 12:26:08] Winrate vs single_only :  75.7% | Σ-Reward:  5283.0 | Ø-Reward:  2.642 | Places: [1513 (0.76), 297 (0.15), 150 (0.07), 40 (0.02)]
[2025-09-15 12:26:28] Timing @ep 240000: episode 49.6s | train 0.050s | eval 29.6s | plot 19.9s | save 0.002s | cum 2.35h
[2025-09-15 12:31:54] 
[2025-09-15 12:31:54] Benchmark @train_ep  250000 (bench_eps: 2000)
[2025-09-15 12:31:54] Macro Winrate          :  67.1%
[2025-09-15 12:31:54] Macro Ø-Reward         :  2.494
[2025-09-15 12:31:54] Winrate vs max_combo   :  51.1% | Σ-Reward:  4464.0 | Ø-Reward:  2.232 | Places: [1022 (0.51), 546 (0.27), 306 (0.15), 126 (0.06)]
[2025-09-15 12:31:54] Winrate vs random2     :  75.5% | Σ-Reward:  5341.0 | Ø-Reward:  2.671 | Places: [1511 (0.76), 354 (0.18), 100 (0.05), 35 (0.02)]
[2025-09-15 12:31:54] Winrate vs single_only :  74.8% | Σ-Reward:  5156.0 | Ø-Reward:  2.578 | Places: [1495 (0.75), 234 (0.12), 203 (0.10), 68 (0.03)]
[2025-09-15 12:32:15] Timing @ep 250000: episode 51.1s | train 0.050s | eval 29.8s | plot 21.2s | save 0.002s | cum 2.44h
[2025-09-15 12:37:46] 
[2025-09-15 12:37:46] Benchmark @train_ep  260000 (bench_eps: 2000)
[2025-09-15 12:37:46] Macro Winrate          :  67.6%
[2025-09-15 12:37:46] Macro Ø-Reward         :  2.521
[2025-09-15 12:37:46] Winrate vs max_combo   :  52.2% | Σ-Reward:  4535.0 | Ø-Reward:  2.268 | Places: [1045 (0.52), 568 (0.28), 264 (0.13), 123 (0.06)]
[2025-09-15 12:37:46] Winrate vs random2     :  77.1% | Σ-Reward:  5399.0 | Ø-Reward:  2.700 | Places: [1542 (0.77), 333 (0.17), 107 (0.05), 18 (0.01)]
[2025-09-15 12:37:46] Winrate vs single_only :  73.5% | Σ-Reward:  5193.0 | Ø-Reward:  2.596 | Places: [1471 (0.74), 306 (0.15), 168 (0.08), 55 (0.03)]
[2025-09-15 12:38:08] Timing @ep 260000: episode 55.0s | train 0.051s | eval 32.9s | plot 22.1s | save 0.002s | cum 2.54h
[2025-09-15 12:43:37] 
[2025-09-15 12:43:37] Benchmark @train_ep  270000 (bench_eps: 2000)
[2025-09-15 12:43:37] Macro Winrate          :  70.5%
[2025-09-15 12:43:37] Macro Ø-Reward         :  2.575
[2025-09-15 12:43:37] Winrate vs max_combo   :  54.4% | Σ-Reward:  4611.0 | Ø-Reward:  2.305 | Places: [1087 (0.54), 559 (0.28), 232 (0.12), 122 (0.06)]
[2025-09-15 12:43:37] Winrate vs random2     :  81.0% | Σ-Reward:  5522.0 | Ø-Reward:  2.761 | Places: [1620 (0.81), 297 (0.15), 68 (0.03), 15 (0.01)]
[2025-09-15 12:43:37] Winrate vs single_only :  76.0% | Σ-Reward:  5315.0 | Ø-Reward:  2.658 | Places: [1521 (0.76), 302 (0.15), 148 (0.07), 29 (0.01)]
[2025-09-15 12:43:59] Timing @ep 270000: episode 52.1s | train 0.049s | eval 29.5s | plot 22.5s | save 0.002s | cum 2.64h
[2025-09-15 12:49:27] 
[2025-09-15 12:49:27] Benchmark @train_ep  280000 (bench_eps: 2000)
[2025-09-15 12:49:27] Macro Winrate          :  68.1%
[2025-09-15 12:49:27] Macro Ø-Reward         :  2.540
[2025-09-15 12:49:27] Winrate vs max_combo   :  51.7% | Σ-Reward:  4534.0 | Ø-Reward:  2.267 | Places: [1034 (0.52), 590 (0.29), 252 (0.13), 124 (0.06)]
[2025-09-15 12:49:27] Winrate vs random2     :  78.5% | Σ-Reward:  5446.0 | Ø-Reward:  2.723 | Places: [1570 (0.79), 324 (0.16), 88 (0.04), 18 (0.01)]
[2025-09-15 12:49:27] Winrate vs single_only :  74.2% | Σ-Reward:  5259.0 | Ø-Reward:  2.630 | Places: [1485 (0.74), 325 (0.16), 154 (0.08), 36 (0.02)]
[2025-09-15 12:49:51] Timing @ep 280000: episode 53.6s | train 0.050s | eval 29.6s | plot 23.9s | save 0.002s | cum 2.74h
[2025-09-15 12:55:20] 
[2025-09-15 12:55:20] Benchmark @train_ep  290000 (bench_eps: 2000)
[2025-09-15 12:55:20] Macro Winrate          :  66.8%
[2025-09-15 12:55:20] Macro Ø-Reward         :  2.499
[2025-09-15 12:55:20] Winrate vs max_combo   :  51.3% | Σ-Reward:  4490.0 | Ø-Reward:  2.245 | Places: [1026 (0.51), 568 (0.28), 276 (0.14), 130 (0.07)]
[2025-09-15 12:55:20] Winrate vs random2     :  74.3% | Σ-Reward:  5298.0 | Ø-Reward:  2.649 | Places: [1487 (0.74), 358 (0.18), 121 (0.06), 34 (0.02)]
[2025-09-15 12:55:20] Winrate vs single_only :  74.8% | Σ-Reward:  5204.0 | Ø-Reward:  2.602 | Places: [1497 (0.75), 265 (0.13), 183 (0.09), 55 (0.03)]
[2025-09-15 12:55:45] Timing @ep 290000: episode 55.2s | train 0.050s | eval 30.0s | plot 25.1s | save 0.002s | cum 2.84h
[2025-09-15 13:01:13] 
[2025-09-15 13:01:13] Benchmark @train_ep  300000 (bench_eps: 2000)
[2025-09-15 13:01:13] Macro Winrate          :  67.5%
[2025-09-15 13:01:13] Macro Ø-Reward         :  2.514
[2025-09-15 13:01:13] Winrate vs max_combo   :  52.9% | Σ-Reward:  4548.0 | Ø-Reward:  2.274 | Places: [1057 (0.53), 557 (0.28), 263 (0.13), 123 (0.06)]
[2025-09-15 13:01:13] Winrate vs random2     :  76.0% | Σ-Reward:  5356.0 | Ø-Reward:  2.678 | Places: [1519 (0.76), 353 (0.18), 93 (0.05), 35 (0.02)]
[2025-09-15 13:01:13] Winrate vs single_only :  73.7% | Σ-Reward:  5178.0 | Ø-Reward:  2.589 | Places: [1473 (0.74), 285 (0.14), 189 (0.09), 53 (0.03)]
[2025-09-15 13:01:38] Timing @ep 300000: episode 54.7s | train 0.051s | eval 29.5s | plot 25.1s | save 0.002s | cum 2.93h
[2025-09-15 13:07:07] 
[2025-09-15 13:07:07] Benchmark @train_ep  310000 (bench_eps: 2000)
[2025-09-15 13:07:07] Macro Winrate          :  68.1%
[2025-09-15 13:07:07] Macro Ø-Reward         :  2.537
[2025-09-15 13:07:07] Winrate vs max_combo   :  53.4% | Σ-Reward:  4594.0 | Ø-Reward:  2.297 | Places: [1067 (0.53), 585 (0.29), 223 (0.11), 125 (0.06)]
[2025-09-15 13:07:07] Winrate vs random2     :  76.2% | Σ-Reward:  5369.0 | Ø-Reward:  2.684 | Places: [1523 (0.76), 348 (0.17), 104 (0.05), 25 (0.01)]
[2025-09-15 13:07:07] Winrate vs single_only :  74.9% | Σ-Reward:  5256.0 | Ø-Reward:  2.628 | Places: [1498 (0.75), 297 (0.15), 168 (0.08), 37 (0.02)]
[2025-09-15 13:07:33] Timing @ep 310000: episode 55.3s | train 0.062s | eval 29.4s | plot 25.8s | save 0.002s | cum 3.03h
[2025-09-15 13:13:01] 
[2025-09-15 13:13:01] Benchmark @train_ep  320000 (bench_eps: 2000)
[2025-09-15 13:13:01] Macro Winrate          :  68.0%
[2025-09-15 13:13:01] Macro Ø-Reward         :  2.528
[2025-09-15 13:13:01] Winrate vs max_combo   :  52.6% | Σ-Reward:  4560.0 | Ø-Reward:  2.280 | Places: [1053 (0.53), 583 (0.29), 235 (0.12), 129 (0.06)]
[2025-09-15 13:13:01] Winrate vs random2     :  75.2% | Σ-Reward:  5366.0 | Ø-Reward:  2.683 | Places: [1504 (0.75), 372 (0.19), 110 (0.06), 14 (0.01)]
[2025-09-15 13:13:01] Winrate vs single_only :  76.2% | Σ-Reward:  5245.0 | Ø-Reward:  2.623 | Places: [1524 (0.76), 250 (0.12), 173 (0.09), 53 (0.03)]
[2025-09-15 13:13:28] Timing @ep 320000: episode 56.1s | train 0.050s | eval 29.5s | plot 26.5s | save 0.002s | cum 3.13h
[2025-09-15 13:18:53] 
[2025-09-15 13:18:53] Benchmark @train_ep  330000 (bench_eps: 2000)
[2025-09-15 13:18:53] Macro Winrate          :  67.5%
[2025-09-15 13:18:53] Macro Ø-Reward         :  2.502
[2025-09-15 13:18:53] Winrate vs max_combo   :  51.2% | Σ-Reward:  4435.0 | Ø-Reward:  2.217 | Places: [1024 (0.51), 534 (0.27), 295 (0.15), 147 (0.07)]
[2025-09-15 13:18:53] Winrate vs random2     :  75.2% | Σ-Reward:  5349.0 | Ø-Reward:  2.675 | Places: [1503 (0.75), 370 (0.18), 100 (0.05), 27 (0.01)]
[2025-09-15 13:18:53] Winrate vs single_only :  76.2% | Σ-Reward:  5227.0 | Ø-Reward:  2.614 | Places: [1523 (0.76), 230 (0.12), 198 (0.10), 49 (0.02)]
[2025-09-15 13:19:20] Timing @ep 330000: episode 57.0s | train 0.052s | eval 29.4s | plot 27.6s | save 0.002s | cum 3.23h
[2025-09-15 13:24:47] 
[2025-09-15 13:24:47] Benchmark @train_ep  340000 (bench_eps: 2000)
[2025-09-15 13:24:47] Macro Winrate          :  67.1%
[2025-09-15 13:24:47] Macro Ø-Reward         :  2.512
[2025-09-15 13:24:47] Winrate vs max_combo   :  52.2% | Σ-Reward:  4533.0 | Ø-Reward:  2.267 | Places: [1044 (0.52), 564 (0.28), 273 (0.14), 119 (0.06)]
[2025-09-15 13:24:47] Winrate vs random2     :  75.5% | Σ-Reward:  5335.0 | Ø-Reward:  2.667 | Places: [1509 (0.75), 344 (0.17), 120 (0.06), 27 (0.01)]
[2025-09-15 13:24:47] Winrate vs single_only :  73.8% | Σ-Reward:  5207.0 | Ø-Reward:  2.603 | Places: [1476 (0.74), 304 (0.15), 171 (0.09), 49 (0.02)]
[2025-09-15 13:25:14] Timing @ep 340000: episode 57.6s | train 0.052s | eval 29.7s | plot 27.8s | save 0.002s | cum 3.33h
[2025-09-15 13:30:41] 
[2025-09-15 13:30:41] Benchmark @train_ep  350000 (bench_eps: 2000)
[2025-09-15 13:30:41] Macro Winrate          :  65.9%
[2025-09-15 13:30:41] Macro Ø-Reward         :  2.502
[2025-09-15 13:30:41] Winrate vs max_combo   :  49.2% | Σ-Reward:  4456.0 | Ø-Reward:  2.228 | Places: [984 (0.49), 620 (0.31), 264 (0.13), 132 (0.07)]
[2025-09-15 13:30:41] Winrate vs random2     :  74.5% | Σ-Reward:  5326.0 | Ø-Reward:  2.663 | Places: [1490 (0.74), 372 (0.19), 112 (0.06), 26 (0.01)]
[2025-09-15 13:30:41] Winrate vs single_only :  74.0% | Σ-Reward:  5233.0 | Ø-Reward:  2.616 | Places: [1481 (0.74), 308 (0.15), 174 (0.09), 37 (0.02)]
[2025-09-15 13:31:09] Timing @ep 350000: episode 58.5s | train 0.050s | eval 29.8s | plot 28.6s | save 0.002s | cum 3.43h
[2025-09-15 13:36:33] 
[2025-09-15 13:36:33] Benchmark @train_ep  360000 (bench_eps: 2000)
[2025-09-15 13:36:33] Macro Winrate          :  67.3%
[2025-09-15 13:36:33] Macro Ø-Reward         :  2.515
[2025-09-15 13:36:33] Winrate vs max_combo   :  52.1% | Σ-Reward:  4516.0 | Ø-Reward:  2.258 | Places: [1042 (0.52), 557 (0.28), 276 (0.14), 125 (0.06)]
[2025-09-15 13:36:33] Winrate vs random2     :  74.6% | Σ-Reward:  5338.0 | Ø-Reward:  2.669 | Places: [1492 (0.75), 375 (0.19), 112 (0.06), 21 (0.01)]
[2025-09-15 13:36:33] Winrate vs single_only :  75.1% | Σ-Reward:  5235.0 | Ø-Reward:  2.618 | Places: [1502 (0.75), 269 (0.13), 191 (0.10), 38 (0.02)]
[2025-09-15 13:37:03] Timing @ep 360000: episode 59.0s | train 0.073s | eval 29.2s | plot 29.7s | save 0.002s | cum 3.52h
[2025-09-15 13:42:28] 
[2025-09-15 13:42:28] Benchmark @train_ep  370000 (bench_eps: 2000)
[2025-09-15 13:42:28] Macro Winrate          :  68.0%
[2025-09-15 13:42:28] Macro Ø-Reward         :  2.539
[2025-09-15 13:42:28] Winrate vs max_combo   :  52.4% | Σ-Reward:  4527.0 | Ø-Reward:  2.264 | Places: [1048 (0.52), 563 (0.28), 257 (0.13), 132 (0.07)]
[2025-09-15 13:42:28] Winrate vs random2     :  76.3% | Σ-Reward:  5416.0 | Ø-Reward:  2.708 | Places: [1526 (0.76), 382 (0.19), 74 (0.04), 18 (0.01)]
[2025-09-15 13:42:28] Winrate vs single_only :  75.5% | Σ-Reward:  5288.0 | Ø-Reward:  2.644 | Places: [1509 (0.75), 298 (0.15), 165 (0.08), 28 (0.01)]
[2025-09-15 13:42:58] Timing @ep 370000: episode 59.6s | train 0.051s | eval 29.4s | plot 30.2s | save 0.002s | cum 3.62h
[2025-09-15 13:48:21] 
[2025-09-15 13:48:21] Benchmark @train_ep  380000 (bench_eps: 2000)
[2025-09-15 13:48:21] Macro Winrate          :  69.4%
[2025-09-15 13:48:21] Macro Ø-Reward         :  2.550
[2025-09-15 13:48:21] Winrate vs max_combo   :  54.8% | Σ-Reward:  4574.0 | Ø-Reward:  2.287 | Places: [1096 (0.55), 527 (0.26), 232 (0.12), 145 (0.07)]
[2025-09-15 13:48:21] Winrate vs random2     :  77.7% | Σ-Reward:  5442.0 | Ø-Reward:  2.721 | Places: [1554 (0.78), 349 (0.17), 82 (0.04), 15 (0.01)]
[2025-09-15 13:48:21] Winrate vs single_only :  75.8% | Σ-Reward:  5285.0 | Ø-Reward:  2.643 | Places: [1517 (0.76), 281 (0.14), 172 (0.09), 30 (0.01)]
[2025-09-15 13:48:53] Timing @ep 380000: episode 61.1s | train 0.050s | eval 29.4s | plot 31.7s | save 0.002s | cum 3.72h
[2025-09-15 13:54:17] 
[2025-09-15 13:54:17] Benchmark @train_ep  390000 (bench_eps: 2000)
[2025-09-15 13:54:17] Macro Winrate          :  67.1%
[2025-09-15 13:54:17] Macro Ø-Reward         :  2.521
[2025-09-15 13:54:17] Winrate vs max_combo   :  52.4% | Σ-Reward:  4562.0 | Ø-Reward:  2.281 | Places: [1048 (0.52), 583 (0.29), 252 (0.13), 117 (0.06)]
[2025-09-15 13:54:17] Winrate vs random2     :  74.0% | Σ-Reward:  5329.0 | Ø-Reward:  2.664 | Places: [1479 (0.74), 397 (0.20), 98 (0.05), 26 (0.01)]
[2025-09-15 13:54:17] Winrate vs single_only :  74.8% | Σ-Reward:  5235.0 | Ø-Reward:  2.618 | Places: [1497 (0.75), 283 (0.14), 178 (0.09), 42 (0.02)]
[2025-09-15 13:54:48] Timing @ep 390000: episode 61.0s | train 0.050s | eval 29.5s | plot 31.4s | save 0.002s | cum 3.82h
[2025-09-15 14:00:13] 
[2025-09-15 14:00:13] Benchmark @train_ep  400000 (bench_eps: 2000)
[2025-09-15 14:00:13] Macro Winrate          :  67.6%
[2025-09-15 14:00:13] Macro Ø-Reward         :  2.503
[2025-09-15 14:00:13] Winrate vs max_combo   :  53.0% | Σ-Reward:  4536.0 | Ø-Reward:  2.268 | Places: [1061 (0.53), 542 (0.27), 269 (0.13), 128 (0.06)]
[2025-09-15 14:00:13] Winrate vs random2     :  74.0% | Σ-Reward:  5278.0 | Ø-Reward:  2.639 | Places: [1480 (0.74), 354 (0.18), 130 (0.07), 36 (0.02)]
[2025-09-15 14:00:13] Winrate vs single_only :  75.7% | Σ-Reward:  5203.0 | Ø-Reward:  2.602 | Places: [1514 (0.76), 234 (0.12), 193 (0.10), 59 (0.03)]
[2025-09-15 14:00:45] Timing @ep 400000: episode 62.6s | train 0.060s | eval 30.2s | plot 32.4s | save 0.003s | cum 3.92h
[2025-09-15 14:06:12] 
[2025-09-15 14:06:12] Benchmark @train_ep  410000 (bench_eps: 2000)
[2025-09-15 14:06:12] Macro Winrate          :  68.1%
[2025-09-15 14:06:12] Macro Ø-Reward         :  2.533
[2025-09-15 14:06:12] Winrate vs max_combo   :  53.0% | Σ-Reward:  4536.0 | Ø-Reward:  2.268 | Places: [1060 (0.53), 546 (0.27), 264 (0.13), 130 (0.07)]
[2025-09-15 14:06:12] Winrate vs random2     :  75.2% | Σ-Reward:  5361.0 | Ø-Reward:  2.680 | Places: [1504 (0.75), 377 (0.19), 95 (0.05), 24 (0.01)]
[2025-09-15 14:06:12] Winrate vs single_only :  76.0% | Σ-Reward:  5300.0 | Ø-Reward:  2.650 | Places: [1520 (0.76), 293 (0.15), 154 (0.08), 33 (0.02)]
[2025-09-15 14:06:45] Timing @ep 410000: episode 63.3s | train 0.054s | eval 30.4s | plot 32.8s | save 0.002s | cum 4.02h
[2025-09-15 14:12:07] 
[2025-09-15 14:12:07] Benchmark @train_ep  420000 (bench_eps: 2000)
[2025-09-15 14:12:07] Macro Winrate          :  68.5%
[2025-09-15 14:12:07] Macro Ø-Reward         :  2.546
[2025-09-15 14:12:07] Winrate vs max_combo   :  51.6% | Σ-Reward:  4538.0 | Ø-Reward:  2.269 | Places: [1032 (0.52), 597 (0.30), 248 (0.12), 123 (0.06)]
[2025-09-15 14:12:07] Winrate vs random2     :  76.2% | Σ-Reward:  5384.0 | Ø-Reward:  2.692 | Places: [1525 (0.76), 357 (0.18), 95 (0.05), 23 (0.01)]
[2025-09-15 14:12:07] Winrate vs single_only :  77.6% | Σ-Reward:  5355.0 | Ø-Reward:  2.678 | Places: [1552 (0.78), 278 (0.14), 143 (0.07), 27 (0.01)]
[2025-09-15 14:12:41] Timing @ep 420000: episode 62.8s | train 0.050s | eval 28.9s | plot 33.8s | save 0.002s | cum 4.12h
[2025-09-15 14:18:03] 
[2025-09-15 14:18:03] Benchmark @train_ep  430000 (bench_eps: 2000)
[2025-09-15 14:18:03] Macro Winrate          :  70.8%
[2025-09-15 14:18:03] Macro Ø-Reward         :  2.575
[2025-09-15 14:18:03] Winrate vs max_combo   :  54.5% | Σ-Reward:  4586.0 | Ø-Reward:  2.293 | Places: [1090 (0.55), 545 (0.27), 226 (0.11), 139 (0.07)]
[2025-09-15 14:18:03] Winrate vs random2     :  79.1% | Σ-Reward:  5467.0 | Ø-Reward:  2.733 | Places: [1582 (0.79), 322 (0.16), 77 (0.04), 19 (0.01)]
[2025-09-15 14:18:03] Winrate vs single_only :  78.8% | Σ-Reward:  5397.0 | Ø-Reward:  2.699 | Places: [1575 (0.79), 273 (0.14), 126 (0.06), 26 (0.01)]
[2025-09-15 14:18:38] Timing @ep 430000: episode 63.6s | train 0.070s | eval 28.7s | plot 34.8s | save 0.002s | cum 4.22h
[2025-09-15 14:24:02] 
[2025-09-15 14:24:02] Benchmark @train_ep  440000 (bench_eps: 2000)
[2025-09-15 14:24:02] Macro Winrate          :  69.5%
[2025-09-15 14:24:02] Macro Ø-Reward         :  2.560
[2025-09-15 14:24:02] Winrate vs max_combo   :  54.0% | Σ-Reward:  4614.0 | Ø-Reward:  2.307 | Places: [1080 (0.54), 568 (0.28), 238 (0.12), 114 (0.06)]
[2025-09-15 14:24:02] Winrate vs random2     :  76.8% | Σ-Reward:  5421.0 | Ø-Reward:  2.711 | Places: [1536 (0.77), 367 (0.18), 79 (0.04), 18 (0.01)]
[2025-09-15 14:24:02] Winrate vs single_only :  77.5% | Σ-Reward:  5328.0 | Ø-Reward:  2.664 | Places: [1551 (0.78), 259 (0.13), 157 (0.08), 33 (0.02)]
[2025-09-15 14:24:37] Timing @ep 440000: episode 64.8s | train 0.049s | eval 29.4s | plot 35.4s | save 0.002s | cum 4.32h
[2025-09-15 14:29:59] 
[2025-09-15 14:29:59] Benchmark @train_ep  450000 (bench_eps: 2000)
[2025-09-15 14:29:59] Macro Winrate          :  68.8%
[2025-09-15 14:29:59] Macro Ø-Reward         :  2.546
[2025-09-15 14:29:59] Winrate vs max_combo   :  51.6% | Σ-Reward:  4506.0 | Ø-Reward:  2.253 | Places: [1033 (0.52), 572 (0.29), 263 (0.13), 132 (0.07)]
[2025-09-15 14:29:59] Winrate vs random2     :  76.5% | Σ-Reward:  5406.0 | Ø-Reward:  2.703 | Places: [1531 (0.77), 358 (0.18), 97 (0.05), 14 (0.01)]
[2025-09-15 14:29:59] Winrate vs single_only :  78.2% | Σ-Reward:  5365.0 | Ø-Reward:  2.683 | Places: [1564 (0.78), 268 (0.13), 137 (0.07), 31 (0.02)]
[2025-09-15 14:30:35] Timing @ep 450000: episode 65.7s | train 0.072s | eval 29.2s | plot 36.4s | save 0.002s | cum 4.42h
[2025-09-15 14:35:58] 
[2025-09-15 14:35:58] Benchmark @train_ep  460000 (bench_eps: 2000)
[2025-09-15 14:35:58] Macro Winrate          :  68.4%
[2025-09-15 14:35:58] Macro Ø-Reward         :  2.548
[2025-09-15 14:35:58] Winrate vs max_combo   :  53.0% | Σ-Reward:  4563.0 | Ø-Reward:  2.281 | Places: [1061 (0.53), 556 (0.28), 268 (0.13), 115 (0.06)]
[2025-09-15 14:35:58] Winrate vs random2     :  76.3% | Σ-Reward:  5406.0 | Ø-Reward:  2.703 | Places: [1527 (0.76), 371 (0.19), 83 (0.04), 19 (0.01)]
[2025-09-15 14:35:58] Winrate vs single_only :  75.8% | Σ-Reward:  5318.0 | Ø-Reward:  2.659 | Places: [1516 (0.76), 311 (0.16), 148 (0.07), 25 (0.01)]
[2025-09-15 14:36:35] Timing @ep 460000: episode 66.0s | train 0.052s | eval 29.1s | plot 36.8s | save 0.002s | cum 4.52h
[2025-09-15 14:42:05] 
[2025-09-15 14:42:05] Benchmark @train_ep  470000 (bench_eps: 2000)
[2025-09-15 14:42:05] Macro Winrate          :  68.9%
[2025-09-15 14:42:05] Macro Ø-Reward         :  2.556
[2025-09-15 14:42:05] Winrate vs max_combo   :  54.0% | Σ-Reward:  4619.0 | Ø-Reward:  2.309 | Places: [1081 (0.54), 575 (0.29), 226 (0.11), 118 (0.06)]
[2025-09-15 14:42:05] Winrate vs random2     :  75.9% | Σ-Reward:  5392.0 | Ø-Reward:  2.696 | Places: [1518 (0.76), 369 (0.18), 100 (0.05), 13 (0.01)]
[2025-09-15 14:42:05] Winrate vs single_only :  76.8% | Σ-Reward:  5328.0 | Ø-Reward:  2.664 | Places: [1536 (0.77), 290 (0.14), 140 (0.07), 34 (0.02)]
[2025-09-15 14:42:43] Timing @ep 470000: episode 67.5s | train 0.074s | eval 29.4s | plot 38.0s | save 0.002s | cum 4.62h
[2025-09-15 14:48:07] 
[2025-09-15 14:48:07] Benchmark @train_ep  480000 (bench_eps: 2000)
[2025-09-15 14:48:07] Macro Winrate          :  69.9%
[2025-09-15 14:48:07] Macro Ø-Reward         :  2.568
[2025-09-15 14:48:07] Winrate vs max_combo   :  53.1% | Σ-Reward:  4569.0 | Ø-Reward:  2.284 | Places: [1063 (0.53), 576 (0.29), 228 (0.11), 133 (0.07)]
[2025-09-15 14:48:07] Winrate vs random2     :  79.5% | Σ-Reward:  5483.0 | Ø-Reward:  2.741 | Places: [1591 (0.80), 317 (0.16), 76 (0.04), 16 (0.01)]
[2025-09-15 14:48:07] Winrate vs single_only :  76.9% | Σ-Reward:  5355.0 | Ø-Reward:  2.678 | Places: [1538 (0.77), 298 (0.15), 145 (0.07), 19 (0.01)]
[2025-09-15 14:48:46] Timing @ep 480000: episode 68.3s | train 0.069s | eval 29.4s | plot 38.8s | save 0.002s | cum 4.72h
[2025-09-15 14:54:10] 
[2025-09-15 14:54:10] Benchmark @train_ep  490000 (bench_eps: 2000)
[2025-09-15 14:54:10] Macro Winrate          :  66.9%
[2025-09-15 14:54:10] Macro Ø-Reward         :  2.531
[2025-09-15 14:54:10] Winrate vs max_combo   :  52.9% | Σ-Reward:  4570.0 | Ø-Reward:  2.285 | Places: [1057 (0.53), 573 (0.29), 253 (0.13), 117 (0.06)]
[2025-09-15 14:54:10] Winrate vs random2     :  74.5% | Σ-Reward:  5375.0 | Ø-Reward:  2.688 | Places: [1489 (0.74), 410 (0.20), 88 (0.04), 13 (0.01)]
[2025-09-15 14:54:10] Winrate vs single_only :  73.5% | Σ-Reward:  5241.0 | Ø-Reward:  2.620 | Places: [1469 (0.73), 323 (0.16), 188 (0.09), 20 (0.01)]
[2025-09-15 14:54:49] Timing @ep 490000: episode 68.5s | train 0.050s | eval 30.0s | plot 38.4s | save 0.002s | cum 4.82h
[2025-09-15 15:00:09] 
[2025-09-15 15:00:09] Benchmark @train_ep  500000 (bench_eps: 2000)
[2025-09-15 15:00:09] Macro Winrate          :  68.3%
[2025-09-15 15:00:09] Macro Ø-Reward         :  2.539
[2025-09-15 15:00:09] Winrate vs max_combo   :  52.1% | Σ-Reward:  4534.0 | Ø-Reward:  2.267 | Places: [1043 (0.52), 567 (0.28), 271 (0.14), 119 (0.06)]
[2025-09-15 15:00:09] Winrate vs random2     :  76.5% | Σ-Reward:  5390.0 | Ø-Reward:  2.695 | Places: [1531 (0.77), 346 (0.17), 105 (0.05), 18 (0.01)]
[2025-09-15 15:00:09] Winrate vs single_only :  76.2% | Σ-Reward:  5310.0 | Ø-Reward:  2.655 | Places: [1524 (0.76), 288 (0.14), 162 (0.08), 26 (0.01)]
[2025-09-15 15:00:49] Timing @ep 500000: episode 69.9s | train 0.050s | eval 29.5s | plot 40.4s | save 0.002s | cum 4.92h
