[2025-08-25 07:07:18] New Training (k1a1)
[2025-08-25 07:07:18] Deck_Size: 16
[2025-08-25 07:07:18] Episodes: 2000
[2025-08-25 07:07:18] Path: /home/wasterix/OpenSpiel/open_spiel/President/models/k1a1/model_86
[2025-08-25 07:07:27] 
[2025-08-25 07:07:27] Benchmark @train_ep     500 (bench_eps: 500)
[2025-08-25 07:07:27] Macro Winrate          :  29.5%
[2025-08-25 07:07:27] Macro Ø-Reward         :  1.471
[2025-08-25 07:07:27] Winrate vs max_combo   :  20.8% | Σ-Reward:  607.0 | Ø-Reward:  1.214 | Places: [104 (0.21), 91 (0.18), 113 (0.23), 192 (0.38)]
[2025-08-25 07:07:27] Winrate vs random2     :  23.6% | Σ-Reward:  703.0 | Ø-Reward:  1.406 | Places: [118 (0.24), 114 (0.23), 121 (0.24), 147 (0.29)]
[2025-08-25 07:07:27] Winrate vs single_only :  44.0% | Σ-Reward:  897.0 | Ø-Reward:  1.794 | Places: [220 (0.44), 71 (0.14), 95 (0.19), 114 (0.23)]
[2025-08-25 07:07:29] Timing @ep 500: episode 5.9s | train 0.003s | eval 3.2s | plot 2.7s | save 0.006s | cum 0.00h
[2025-08-25 07:07:36] 
[2025-08-25 07:07:36] Benchmark @train_ep    1000 (bench_eps: 500)
[2025-08-25 07:07:36] Macro Winrate          :  34.7%
[2025-08-25 07:07:36] Macro Ø-Reward         :  1.611
[2025-08-25 07:07:36] Winrate vs max_combo   :  26.4% | Σ-Reward:  693.0 | Ø-Reward:  1.386 | Places: [132 (0.26), 101 (0.20), 95 (0.19), 172 (0.34)]
[2025-08-25 07:07:36] Winrate vs random2     :  29.0% | Σ-Reward:  776.0 | Ø-Reward:  1.552 | Places: [145 (0.29), 111 (0.22), 119 (0.24), 125 (0.25)]
[2025-08-25 07:07:36] Winrate vs single_only :  48.6% | Σ-Reward:  948.0 | Ø-Reward:  1.896 | Places: [243 (0.49), 59 (0.12), 101 (0.20), 97 (0.19)]
[2025-08-25 07:07:38] Timing @ep 1000: episode 5.5s | train 0.002s | eval 3.0s | plot 2.5s | save 0.001s | cum 0.01h
[2025-08-25 07:07:44] 
[2025-08-25 07:07:44] Benchmark @train_ep    1500 (bench_eps: 500)
[2025-08-25 07:07:44] Macro Winrate          :  36.2%
[2025-08-25 07:07:44] Macro Ø-Reward         :  1.671
[2025-08-25 07:07:44] Winrate vs max_combo   :  29.8% | Σ-Reward:  757.0 | Ø-Reward:  1.514 | Places: [149 (0.30), 96 (0.19), 118 (0.24), 137 (0.27)]
[2025-08-25 07:07:44] Winrate vs random2     :  29.4% | Σ-Reward:  785.0 | Ø-Reward:  1.570 | Places: [147 (0.29), 120 (0.24), 104 (0.21), 129 (0.26)]
[2025-08-25 07:07:44] Winrate vs single_only :  49.4% | Σ-Reward:  964.0 | Ø-Reward:  1.928 | Places: [247 (0.49), 67 (0.13), 89 (0.18), 97 (0.19)]
[2025-08-25 07:07:47] Timing @ep 1500: episode 5.9s | train 0.002s | eval 3.1s | plot 2.7s | save 0.003s | cum 0.01h
[2025-08-25 07:07:53] 
[2025-08-25 07:07:53] Benchmark @train_ep    2000 (bench_eps: 500)
[2025-08-25 07:07:53] Macro Winrate          :  36.7%
[2025-08-25 07:07:53] Macro Ø-Reward         :  1.701
[2025-08-25 07:07:53] Winrate vs max_combo   :  30.8% | Σ-Reward:  757.0 | Ø-Reward:  1.514 | Places: [154 (0.31), 88 (0.18), 119 (0.24), 139 (0.28)]
[2025-08-25 07:07:53] Winrate vs random2     :  28.6% | Σ-Reward:  804.0 | Ø-Reward:  1.608 | Places: [143 (0.29), 113 (0.23), 149 (0.30), 95 (0.19)]
[2025-08-25 07:07:53] Winrate vs single_only :  50.6% | Σ-Reward:  990.0 | Ø-Reward:  1.980 | Places: [253 (0.51), 65 (0.13), 101 (0.20), 81 (0.16)]
[2025-08-25 07:07:56] Timing @ep 2000: episode 5.6s | train 0.003s | eval 2.9s | plot 2.7s | save 0.001s | cum 0.01h
[2025-08-25 07:07:56] 
[2025-08-25 07:07:56] Gesamtzeit: 0.01h (~ 55.81 eps/s)
[2025-08-25 07:07:56] k1a1, Single Agent vs Heuristiken (max_combo). Training abgeschlossen.
[2025-08-25 07:07:56] Path: /home/wasterix/OpenSpiel/open_spiel/President/models/k1a1/model_86
