[2025-08-21 14:16:39] New Training (k2a2): 4x DQN simultan
[2025-08-21 14:16:39] Deck_Size: 64
[2025-08-21 14:16:39] Episodes: 10000
[2025-08-21 14:16:39] Path: /home/wasterix/Multiagent/OpenSpiel_neu/open_spiel/President/models/k2a2/model_08
[2025-08-21 14:21:02] 
[2025-08-21 14:21:02] Benchmark @train_ep     500 (bench_eps: 2000)
[2025-08-21 14:21:02] Macro Winrate          :  13.7%
[2025-08-21 14:21:02] Macro Ø-Reward         :  1.065
[2025-08-21 14:21:02] Winrate vs max_combo   :   2.6% | Σ-Reward:  1047.0 | Ø-Reward:  0.523 | Places: [52 (0.03), 205 (0.10), 481 (0.24), 1262 (0.63)]
[2025-08-21 14:21:02] Winrate vs random2     :  20.2% | Σ-Reward:  2773.0 | Ø-Reward:  1.387 | Places: [405 (0.20), 485 (0.24), 588 (0.29), 522 (0.26)]
[2025-08-21 14:21:02] Winrate vs single_only :  18.4% | Σ-Reward:  2568.0 | Ø-Reward:  1.284 | Places: [367 (0.18), 442 (0.22), 583 (0.29), 608 (0.30)]
[2025-08-21 14:21:05] Timing @ep 500: episode 41.1s | train 0.000s | eval 38.4s | plot 2.3s | save 0.009s | cum 0.07h
[2025-08-21 14:25:59] 
[2025-08-21 14:25:59] Benchmark @train_ep    1000 (bench_eps: 2000)
[2025-08-21 14:25:59] Macro Winrate          :  14.6%
[2025-08-21 14:25:59] Macro Ø-Reward         :  1.054
[2025-08-21 14:25:59] Winrate vs max_combo   :   3.1% | Σ-Reward:  950.0 | Ø-Reward:  0.475 | Places: [62 (0.03), 152 (0.08), 460 (0.23), 1326 (0.66)]
[2025-08-21 14:25:59] Winrate vs random2     :  20.2% | Σ-Reward:  2716.0 | Ø-Reward:  1.358 | Places: [405 (0.20), 486 (0.24), 529 (0.26), 580 (0.29)]
[2025-08-21 14:25:59] Winrate vs single_only :  20.3% | Σ-Reward:  2656.0 | Ø-Reward:  1.328 | Places: [406 (0.20), 447 (0.22), 544 (0.27), 603 (0.30)]
[2025-08-21 14:26:02] Timing @ep 1000: episode 43.1s | train 0.000s | eval 39.6s | plot 2.9s | save 0.008s | cum 0.15h
[2025-08-21 14:31:48] 
[2025-08-21 14:31:48] Benchmark @train_ep    1500 (bench_eps: 2000)
[2025-08-21 14:31:48] Macro Winrate          :  17.6%
[2025-08-21 14:31:48] Macro Ø-Reward         :  1.126
[2025-08-21 14:31:48] Winrate vs max_combo   :   3.7% | Σ-Reward:  998.0 | Ø-Reward:  0.499 | Places: [74 (0.04), 157 (0.08), 462 (0.23), 1307 (0.65)]
[2025-08-21 14:31:48] Winrate vs random2     :  26.1% | Σ-Reward:  3003.0 | Ø-Reward:  1.502 | Places: [523 (0.26), 453 (0.23), 528 (0.26), 496 (0.25)]
[2025-08-21 14:31:48] Winrate vs single_only :  22.8% | Σ-Reward:  2753.0 | Ø-Reward:  1.377 | Places: [456 (0.23), 418 (0.21), 549 (0.27), 577 (0.29)]
[2025-08-21 14:31:52] Timing @ep 1500: episode 44.1s | train 0.000s | eval 40.6s | plot 3.0s | save 0.007s | cum 0.25h
[2025-08-21 14:37:42] 
[2025-08-21 14:37:42] Benchmark @train_ep    2000 (bench_eps: 2000)
[2025-08-21 14:37:42] Macro Winrate          :  16.8%
[2025-08-21 14:37:42] Macro Ø-Reward         :  1.107
[2025-08-21 14:37:42] Winrate vs max_combo   :   4.5% | Σ-Reward:  1027.0 | Ø-Reward:  0.513 | Places: [90 (0.04), 177 (0.09), 403 (0.20), 1330 (0.67)]
[2025-08-21 14:37:42] Winrate vs random2     :  26.6% | Σ-Reward:  3105.0 | Ø-Reward:  1.552 | Places: [532 (0.27), 517 (0.26), 475 (0.24), 476 (0.24)]
[2025-08-21 14:37:42] Winrate vs single_only :  19.4% | Σ-Reward:  2513.0 | Ø-Reward:  1.256 | Places: [387 (0.19), 412 (0.21), 528 (0.26), 673 (0.34)]
[2025-08-21 14:37:45] Timing @ep 2000: episode 53.8s | train 0.000s | eval 49.9s | plot 3.0s | save 0.008s | cum 0.34h
[2025-08-21 14:44:44] 
[2025-08-21 14:44:44] Benchmark @train_ep    2500 (bench_eps: 2000)
[2025-08-21 14:44:44] Macro Winrate          :  14.8%
[2025-08-21 14:44:44] Macro Ø-Reward         :  1.054
[2025-08-21 14:44:44] Winrate vs max_combo   :   5.3% | Σ-Reward:  1096.0 | Ø-Reward:  0.548 | Places: [107 (0.05), 161 (0.08), 453 (0.23), 1279 (0.64)]
[2025-08-21 14:44:44] Winrate vs random2     :  24.1% | Σ-Reward:  2904.0 | Ø-Reward:  1.452 | Places: [481 (0.24), 471 (0.24), 519 (0.26), 529 (0.26)]
[2025-08-21 14:44:44] Winrate vs single_only :  15.1% | Σ-Reward:  2322.0 | Ø-Reward:  1.161 | Places: [302 (0.15), 429 (0.21), 558 (0.28), 711 (0.36)]
[2025-08-21 14:44:48] Timing @ep 2500: episode 44.5s | train 0.000s | eval 39.9s | plot 3.9s | save 0.009s | cum 0.45h
[2025-08-21 14:51:20] 
[2025-08-21 14:51:20] Benchmark @train_ep    3000 (bench_eps: 2000)
[2025-08-21 14:51:20] Macro Winrate          :  17.7%
[2025-08-21 14:51:20] Macro Ø-Reward         :  1.167
[2025-08-21 14:51:20] Winrate vs max_combo   :   4.0% | Σ-Reward:  1108.0 | Ø-Reward:  0.554 | Places: [81 (0.04), 200 (0.10), 465 (0.23), 1254 (0.63)]
[2025-08-21 14:51:20] Winrate vs random2     :  26.2% | Σ-Reward:  3142.0 | Ø-Reward:  1.571 | Places: [525 (0.26), 506 (0.25), 555 (0.28), 414 (0.21)]
[2025-08-21 14:51:20] Winrate vs single_only :  22.8% | Σ-Reward:  2754.0 | Ø-Reward:  1.377 | Places: [456 (0.23), 422 (0.21), 542 (0.27), 580 (0.29)]
[2025-08-21 14:51:23] Timing @ep 3000: episode 43.2s | train 0.000s | eval 39.5s | plot 3.0s | save 0.007s | cum 0.56h
[2025-08-21 14:57:32] 
[2025-08-21 14:57:32] Benchmark @train_ep    3500 (bench_eps: 2000)
[2025-08-21 14:57:32] Macro Winrate          :  16.2%
[2025-08-21 14:57:32] Macro Ø-Reward         :  1.121
[2025-08-21 14:57:32] Winrate vs max_combo   :   5.6% | Σ-Reward:  1107.0 | Ø-Reward:  0.553 | Places: [112 (0.06), 154 (0.08), 463 (0.23), 1271 (0.64)]
[2025-08-21 14:57:32] Winrate vs random2     :  22.8% | Σ-Reward:  2897.0 | Ø-Reward:  1.448 | Places: [456 (0.23), 497 (0.25), 535 (0.27), 512 (0.26)]
[2025-08-21 14:57:32] Winrate vs single_only :  20.2% | Σ-Reward:  2725.0 | Ø-Reward:  1.363 | Places: [405 (0.20), 466 (0.23), 578 (0.29), 551 (0.28)]
[2025-08-21 14:57:35] Timing @ep 3500: episode 32.8s | train 0.000s | eval 29.6s | plot 2.8s | save 0.006s | cum 0.66h
[2025-08-21 15:03:37] 
[2025-08-21 15:03:37] Benchmark @train_ep    4000 (bench_eps: 2000)
[2025-08-21 15:03:37] Macro Winrate          :  15.5%
[2025-08-21 15:03:37] Macro Ø-Reward         :  1.109
[2025-08-21 15:03:37] Winrate vs max_combo   :   5.1% | Σ-Reward:  1093.0 | Ø-Reward:  0.546 | Places: [102 (0.05), 154 (0.08), 479 (0.24), 1265 (0.63)]
[2025-08-21 15:03:37] Winrate vs random2     :  21.9% | Σ-Reward:  2869.0 | Ø-Reward:  1.435 | Places: [438 (0.22), 475 (0.24), 605 (0.30), 482 (0.24)]
[2025-08-21 15:03:37] Winrate vs single_only :  19.6% | Σ-Reward:  2693.0 | Ø-Reward:  1.347 | Places: [393 (0.20), 435 (0.22), 644 (0.32), 528 (0.26)]
[2025-08-21 15:03:40] Timing @ep 4000: episode 31.8s | train 0.000s | eval 28.7s | plot 2.6s | save 0.006s | cum 0.76h
[2025-08-21 15:09:35] 
[2025-08-21 15:09:35] Benchmark @train_ep    4500 (bench_eps: 2000)
[2025-08-21 15:09:35] Macro Winrate          :  12.7%
[2025-08-21 15:09:35] Macro Ø-Reward         :  1.034
[2025-08-21 15:09:35] Winrate vs max_combo   :   3.9% | Σ-Reward:  971.0 | Ø-Reward:  0.485 | Places: [77 (0.04), 153 (0.08), 434 (0.22), 1336 (0.67)]
[2025-08-21 15:09:35] Winrate vs random2     :  20.5% | Σ-Reward:  2786.0 | Ø-Reward:  1.393 | Places: [410 (0.20), 468 (0.23), 620 (0.31), 502 (0.25)]
[2025-08-21 15:09:35] Winrate vs single_only :  13.8% | Σ-Reward:  2449.0 | Ø-Reward:  1.224 | Places: [275 (0.14), 496 (0.25), 632 (0.32), 597 (0.30)]
[2025-08-21 15:09:38] Timing @ep 4500: episode 32.7s | train 0.000s | eval 29.6s | plot 2.4s | save 0.006s | cum 0.86h
[2025-08-21 15:15:37] 
[2025-08-21 15:15:37] Benchmark @train_ep    5000 (bench_eps: 2000)
[2025-08-21 15:15:37] Macro Winrate          :  15.8%
[2025-08-21 15:15:37] Macro Ø-Reward         :  1.107
[2025-08-21 15:15:37] Winrate vs max_combo   :   4.2% | Σ-Reward:  1054.0 | Ø-Reward:  0.527 | Places: [83 (0.04), 183 (0.09), 439 (0.22), 1295 (0.65)]
[2025-08-21 15:15:37] Winrate vs random2     :  24.9% | Σ-Reward:  3082.0 | Ø-Reward:  1.541 | Places: [498 (0.25), 518 (0.26), 552 (0.28), 432 (0.22)]
[2025-08-21 15:15:37] Winrate vs single_only :  18.4% | Σ-Reward:  2503.0 | Ø-Reward:  1.252 | Places: [367 (0.18), 418 (0.21), 566 (0.28), 649 (0.32)]
[2025-08-21 15:15:40] Timing @ep 5000: episode 31.9s | train 0.000s | eval 29.0s | plot 2.5s | save 0.007s | cum 0.95h
[2025-08-21 15:21:53] 
[2025-08-21 15:21:53] Benchmark @train_ep    5500 (bench_eps: 2000)
[2025-08-21 15:21:53] Macro Winrate          :  13.4%
[2025-08-21 15:21:53] Macro Ø-Reward         :  0.995
[2025-08-21 15:21:53] Winrate vs max_combo   :   3.6% | Σ-Reward:  893.0 | Ø-Reward:  0.447 | Places: [72 (0.04), 135 (0.07), 407 (0.20), 1386 (0.69)]
[2025-08-21 15:21:53] Winrate vs random2     :  20.1% | Σ-Reward:  2721.0 | Ø-Reward:  1.361 | Places: [403 (0.20), 477 (0.24), 558 (0.28), 562 (0.28)]
[2025-08-21 15:21:53] Winrate vs single_only :  16.4% | Σ-Reward:  2356.0 | Ø-Reward:  1.178 | Places: [328 (0.16), 384 (0.19), 604 (0.30), 684 (0.34)]
[2025-08-21 15:21:56] Timing @ep 5500: episode 34.7s | train 0.000s | eval 30.7s | plot 3.2s | save 0.006s | cum 1.05h
[2025-08-21 15:30:03] 
[2025-08-21 15:30:03] Benchmark @train_ep    6000 (bench_eps: 2000)
[2025-08-21 15:30:03] Macro Winrate          :  15.1%
[2025-08-21 15:30:03] Macro Ø-Reward         :  1.087
[2025-08-21 15:30:03] Winrate vs max_combo   :   4.2% | Σ-Reward:  1004.0 | Ø-Reward:  0.502 | Places: [83 (0.04), 155 (0.08), 445 (0.22), 1317 (0.66)]
[2025-08-21 15:30:03] Winrate vs random2     :  25.1% | Σ-Reward:  3041.0 | Ø-Reward:  1.520 | Places: [502 (0.25), 506 (0.25), 523 (0.26), 469 (0.23)]
[2025-08-21 15:30:03] Winrate vs single_only :  16.1% | Σ-Reward:  2477.0 | Ø-Reward:  1.238 | Places: [323 (0.16), 467 (0.23), 574 (0.29), 636 (0.32)]
[2025-08-21 15:30:06] Timing @ep 6000: episode 34.8s | train 0.000s | eval 31.0s | plot 2.8s | save 0.006s | cum 1.19h
[2025-08-21 15:38:41] 
[2025-08-21 15:38:41] Benchmark @train_ep    6500 (bench_eps: 2000)
[2025-08-21 15:38:41] Macro Winrate          :  14.3%
[2025-08-21 15:38:41] Macro Ø-Reward         :  1.078
[2025-08-21 15:38:41] Winrate vs max_combo   :   4.4% | Σ-Reward:  1111.0 | Ø-Reward:  0.555 | Places: [88 (0.04), 192 (0.10), 463 (0.23), 1257 (0.63)]
[2025-08-21 15:38:41] Winrate vs random2     :  24.6% | Σ-Reward:  3050.0 | Ø-Reward:  1.525 | Places: [493 (0.25), 534 (0.27), 503 (0.25), 470 (0.23)]
[2025-08-21 15:38:41] Winrate vs single_only :  13.9% | Σ-Reward:  2309.0 | Ø-Reward:  1.155 | Places: [279 (0.14), 446 (0.22), 580 (0.29), 695 (0.35)]
[2025-08-21 15:38:44] Timing @ep 6500: episode 35.3s | train 0.000s | eval 31.3s | plot 2.8s | save 0.006s | cum 1.33h
[2025-08-21 15:47:43] 
[2025-08-21 15:47:43] Benchmark @train_ep    7000 (bench_eps: 2000)
[2025-08-21 15:47:43] Macro Winrate          :  14.2%
[2025-08-21 15:47:43] Macro Ø-Reward         :  1.010
[2025-08-21 15:47:43] Winrate vs max_combo   :   3.1% | Σ-Reward:  867.0 | Ø-Reward:  0.433 | Places: [62 (0.03), 155 (0.08), 371 (0.19), 1412 (0.71)]
[2025-08-21 15:47:43] Winrate vs random2     :  19.2% | Σ-Reward:  2540.0 | Ø-Reward:  1.270 | Places: [384 (0.19), 419 (0.21), 550 (0.28), 647 (0.32)]
[2025-08-21 15:47:43] Winrate vs single_only :  20.1% | Σ-Reward:  2652.0 | Ø-Reward:  1.326 | Places: [403 (0.20), 466 (0.23), 511 (0.26), 620 (0.31)]
[2025-08-21 15:47:47] Timing @ep 7000: episode 37.2s | train 0.000s | eval 32.2s | plot 3.8s | save 0.006s | cum 1.47h
[2025-08-21 15:56:59] 
[2025-08-21 15:56:59] Benchmark @train_ep    7500 (bench_eps: 2000)
[2025-08-21 15:56:59] Macro Winrate          :  15.7%
[2025-08-21 15:56:59] Macro Ø-Reward         :  1.073
[2025-08-21 15:56:59] Winrate vs max_combo   :   4.3% | Σ-Reward:  1063.0 | Ø-Reward:  0.531 | Places: [87 (0.04), 184 (0.09), 434 (0.22), 1295 (0.65)]
[2025-08-21 15:56:59] Winrate vs random2     :  19.1% | Σ-Reward:  2594.0 | Ø-Reward:  1.297 | Places: [383 (0.19), 448 (0.22), 549 (0.27), 620 (0.31)]
[2025-08-21 15:56:59] Winrate vs single_only :  23.5% | Σ-Reward:  2780.0 | Ø-Reward:  1.390 | Places: [470 (0.23), 439 (0.22), 492 (0.25), 599 (0.30)]
[2025-08-21 15:57:02] Timing @ep 7500: episode 34.5s | train 0.000s | eval 30.2s | plot 3.0s | save 0.008s | cum 1.63h
[2025-08-21 16:06:33] 
[2025-08-21 16:06:33] Benchmark @train_ep    8000 (bench_eps: 2000)
[2025-08-21 16:06:33] Macro Winrate          :  14.1%
[2025-08-21 16:06:33] Macro Ø-Reward         :  0.982
[2025-08-21 16:06:33] Winrate vs max_combo   :   3.5% | Σ-Reward:  857.0 | Ø-Reward:  0.428 | Places: [70 (0.04), 139 (0.07), 369 (0.18), 1422 (0.71)]
[2025-08-21 16:06:33] Winrate vs random2     :  17.9% | Σ-Reward:  2558.0 | Ø-Reward:  1.279 | Places: [357 (0.18), 461 (0.23), 565 (0.28), 617 (0.31)]
[2025-08-21 16:06:33] Winrate vs single_only :  21.0% | Σ-Reward:  2480.0 | Ø-Reward:  1.240 | Places: [420 (0.21), 345 (0.17), 530 (0.27), 705 (0.35)]
[2025-08-21 16:06:36] Timing @ep 8000: episode 37.6s | train 0.000s | eval 32.7s | plot 3.5s | save 0.007s | cum 1.78h
[2025-08-21 16:16:14] 
[2025-08-21 16:16:14] Benchmark @train_ep    8500 (bench_eps: 2000)
[2025-08-21 16:16:14] Macro Winrate          :  18.0%
[2025-08-21 16:16:14] Macro Ø-Reward         :  1.161
[2025-08-21 16:16:14] Winrate vs max_combo   :   3.4% | Σ-Reward:  906.0 | Ø-Reward:  0.453 | Places: [68 (0.03), 148 (0.07), 406 (0.20), 1378 (0.69)]
[2025-08-21 16:16:14] Winrate vs random2     :  24.3% | Σ-Reward:  2975.0 | Ø-Reward:  1.488 | Places: [486 (0.24), 510 (0.26), 497 (0.25), 507 (0.25)]
[2025-08-21 16:16:14] Winrate vs single_only :  26.4% | Σ-Reward:  3082.0 | Ø-Reward:  1.541 | Places: [527 (0.26), 507 (0.25), 487 (0.24), 479 (0.24)]
[2025-08-21 16:16:18] Timing @ep 8500: episode 37.3s | train 0.000s | eval 31.9s | plot 4.4s | save 0.006s | cum 1.94h
[2025-08-21 16:26:06] 
[2025-08-21 16:26:06] Benchmark @train_ep    9000 (bench_eps: 2000)
[2025-08-21 16:26:06] Macro Winrate          :  15.1%
[2025-08-21 16:26:06] Macro Ø-Reward         :  1.098
[2025-08-21 16:26:06] Winrate vs max_combo   :   3.8% | Σ-Reward:  959.0 | Ø-Reward:  0.479 | Places: [75 (0.04), 154 (0.08), 426 (0.21), 1345 (0.67)]
[2025-08-21 16:26:06] Winrate vs random2     :  24.1% | Σ-Reward:  2973.0 | Ø-Reward:  1.486 | Places: [483 (0.24), 517 (0.26), 490 (0.24), 510 (0.26)]
[2025-08-21 16:26:06] Winrate vs single_only :  17.3% | Σ-Reward:  2656.0 | Ø-Reward:  1.328 | Places: [346 (0.17), 544 (0.27), 530 (0.27), 580 (0.29)]
[2025-08-21 16:26:10] Timing @ep 9000: episode 46.5s | train 0.000s | eval 41.2s | plot 3.9s | save 0.010s | cum 2.10h
[2025-08-21 16:36:02] 
[2025-08-21 16:36:02] Benchmark @train_ep    9500 (bench_eps: 2000)
[2025-08-21 16:36:02] Macro Winrate          :  15.2%
[2025-08-21 16:36:02] Macro Ø-Reward         :  1.080
[2025-08-21 16:36:02] Winrate vs max_combo   :   3.3% | Σ-Reward:  1021.0 | Ø-Reward:  0.510 | Places: [66 (0.03), 199 (0.10), 425 (0.21), 1310 (0.66)]
[2025-08-21 16:36:02] Winrate vs random2     :  24.9% | Σ-Reward:  3095.0 | Ø-Reward:  1.548 | Places: [498 (0.25), 550 (0.28), 501 (0.25), 451 (0.23)]
[2025-08-21 16:36:02] Winrate vs single_only :  17.4% | Σ-Reward:  2361.0 | Ø-Reward:  1.181 | Places: [349 (0.17), 378 (0.19), 558 (0.28), 715 (0.36)]
[2025-08-21 16:36:06] Timing @ep 9500: episode 46.6s | train 0.000s | eval 41.7s | plot 3.8s | save 0.011s | cum 2.26h
[2025-08-21 16:46:02] 
[2025-08-21 16:46:02] Benchmark @train_ep   10000 (bench_eps: 2000)
[2025-08-21 16:46:02] Macro Winrate          :  13.9%
[2025-08-21 16:46:02] Macro Ø-Reward         :  1.017
[2025-08-21 16:46:02] Winrate vs max_combo   :   3.5% | Σ-Reward:  935.0 | Ø-Reward:  0.468 | Places: [69 (0.03), 161 (0.08), 406 (0.20), 1364 (0.68)]
[2025-08-21 16:46:02] Winrate vs random2     :  21.1% | Σ-Reward:  2747.0 | Ø-Reward:  1.373 | Places: [423 (0.21), 477 (0.24), 524 (0.26), 576 (0.29)]
[2025-08-21 16:46:02] Winrate vs single_only :  17.1% | Σ-Reward:  2418.0 | Ø-Reward:  1.209 | Places: [341 (0.17), 441 (0.22), 513 (0.26), 705 (0.35)]
[2025-08-21 16:46:06] Timing @ep 10000: episode 47.7s | train 0.000s | eval 42.5s | plot 4.1s | save 0.008s | cum 2.43h
[2025-08-21 16:46:06] 
[2025-08-21 16:46:06] Gesamtzeit: 2.43h (~ 1.14 eps/s)
[2025-08-21 16:46:06] K2 (DQN, 4 Agents simultan) Training abgeschlossen.
