[2025-09-13 23:12:54] New Training (k4a2): Shared-Policy DQN — In-Proc External Trainer (Bundle-Updates)
[2025-09-13 23:12:54] Deck_Size: 16
[2025-09-13 23:12:54] Episodes: 100000
[2025-09-13 23:12:54] Path: /home/wasterix/OpenSpiel/open_spiel/President/models/k4a2/model_32
[2025-09-13 23:13:22] 
[2025-09-13 23:13:22] Benchmark @train_ep    5000 (bench_eps: 2000)
[2025-09-13 23:13:22] Macro Winrate          :  23.1%
[2025-09-13 23:13:22] Macro Ø-Reward         :  1.280
[2025-09-13 23:13:22] Winrate vs max_combo   :  19.6% | Σ-Reward:  2339.0 | Ø-Reward:  1.169 | Places: [392 (0.20), 343 (0.17), 477 (0.24), 788 (0.39)]
[2025-09-13 23:13:22] Winrate vs random2     :  22.8% | Σ-Reward:  2875.0 | Ø-Reward:  1.438 | Places: [456 (0.23), 468 (0.23), 571 (0.29), 505 (0.25)]
[2025-09-13 23:13:22] Winrate vs single_only :  33.5% | Σ-Reward:  3066.0 | Ø-Reward:  1.533 | Places: [671 (0.34), 284 (0.14), 485 (0.24), 560 (0.28)]
[2025-09-13 23:13:22] Winrate vs v_table     :  16.2% | Σ-Reward:  1959.0 | Ø-Reward:  0.980 | Places: [325 (0.16), 285 (0.14), 414 (0.21), 976 (0.49)]
[2025-09-13 23:13:24] Timing @ep 5000: episode 14.2s | train 0.034s | eval 11.7s | plot 2.4s | save 0.002s | cum 0.01h
[2025-09-13 23:13:56] 
[2025-09-13 23:13:56] Benchmark @train_ep   10000 (bench_eps: 2000)
[2025-09-13 23:13:56] Macro Winrate          :  23.8%
[2025-09-13 23:13:56] Macro Ø-Reward         :  1.228
[2025-09-13 23:13:56] Winrate vs max_combo   :  20.2% | Σ-Reward:  2285.0 | Ø-Reward:  1.143 | Places: [404 (0.20), 301 (0.15), 471 (0.24), 824 (0.41)]
[2025-09-13 23:13:56] Winrate vs random2     :  21.3% | Σ-Reward:  2613.0 | Ø-Reward:  1.306 | Places: [426 (0.21), 394 (0.20), 547 (0.27), 633 (0.32)]
[2025-09-13 23:13:56] Winrate vs single_only :  36.0% | Σ-Reward:  3102.0 | Ø-Reward:  1.551 | Places: [721 (0.36), 241 (0.12), 457 (0.23), 581 (0.29)]
[2025-09-13 23:13:56] Winrate vs v_table     :  17.7% | Σ-Reward:  1822.0 | Ø-Reward:  0.911 | Places: [354 (0.18), 201 (0.10), 358 (0.18), 1087 (0.54)]
[2025-09-13 23:13:58] Timing @ep 10000: episode 14.9s | train 0.042s | eval 12.2s | plot 2.6s | save 0.001s | cum 0.02h
[2025-09-13 23:14:31] 
[2025-09-13 23:14:31] Benchmark @train_ep   15000 (bench_eps: 2000)
[2025-09-13 23:14:31] Macro Winrate          :  30.3%
[2025-09-13 23:14:31] Macro Ø-Reward         :  1.529
[2025-09-13 23:14:31] Winrate vs max_combo   :  29.4% | Σ-Reward:  3023.0 | Ø-Reward:  1.512 | Places: [589 (0.29), 427 (0.21), 402 (0.20), 582 (0.29)]
[2025-09-13 23:14:31] Winrate vs random2     :  29.6% | Σ-Reward:  3308.0 | Ø-Reward:  1.654 | Places: [591 (0.30), 521 (0.26), 493 (0.25), 395 (0.20)]
[2025-09-13 23:14:31] Winrate vs single_only :  44.5% | Σ-Reward:  3690.0 | Ø-Reward:  1.845 | Places: [889 (0.44), 271 (0.14), 481 (0.24), 359 (0.18)]
[2025-09-13 23:14:31] Winrate vs v_table     :  17.9% | Σ-Reward:  2210.0 | Ø-Reward:  1.105 | Places: [358 (0.18), 363 (0.18), 410 (0.20), 869 (0.43)]
[2025-09-13 23:14:34] Timing @ep 15000: episode 14.5s | train 0.033s | eval 11.3s | plot 3.1s | save 0.001s | cum 0.03h
[2025-09-13 23:15:07] 
[2025-09-13 23:15:07] Benchmark @train_ep   20000 (bench_eps: 2000)
[2025-09-13 23:15:07] Macro Winrate          :  34.7%
[2025-09-13 23:15:07] Macro Ø-Reward         :  1.660
[2025-09-13 23:15:07] Winrate vs max_combo   :  31.6% | Σ-Reward:  3168.0 | Ø-Reward:  1.584 | Places: [633 (0.32), 412 (0.21), 445 (0.22), 510 (0.26)]
[2025-09-13 23:15:07] Winrate vs random2     :  35.6% | Σ-Reward:  3619.0 | Ø-Reward:  1.810 | Places: [712 (0.36), 524 (0.26), 435 (0.22), 329 (0.16)]
[2025-09-13 23:15:07] Winrate vs single_only :  48.0% | Σ-Reward:  3883.0 | Ø-Reward:  1.942 | Places: [959 (0.48), 290 (0.14), 426 (0.21), 325 (0.16)]
[2025-09-13 23:15:07] Winrate vs v_table     :  23.8% | Σ-Reward:  2608.0 | Ø-Reward:  1.304 | Places: [475 (0.24), 396 (0.20), 391 (0.20), 738 (0.37)]
[2025-09-13 23:15:10] Timing @ep 20000: episode 14.8s | train 0.028s | eval 11.3s | plot 3.5s | save 0.001s | cum 0.04h
[2025-09-13 23:15:43] 
[2025-09-13 23:15:43] Benchmark @train_ep   25000 (bench_eps: 2000)
[2025-09-13 23:15:43] Macro Winrate          :  34.7%
[2025-09-13 23:15:43] Macro Ø-Reward         :  1.661
[2025-09-13 23:15:43] Winrate vs max_combo   :  32.5% | Σ-Reward:  3315.0 | Ø-Reward:  1.657 | Places: [651 (0.33), 463 (0.23), 436 (0.22), 450 (0.23)]
[2025-09-13 23:15:43] Winrate vs random2     :  29.6% | Σ-Reward:  3416.0 | Ø-Reward:  1.708 | Places: [592 (0.30), 571 (0.29), 498 (0.25), 339 (0.17)]
[2025-09-13 23:15:43] Winrate vs single_only :  57.2% | Σ-Reward:  4244.0 | Ø-Reward:  2.122 | Places: [1144 (0.57), 226 (0.11), 360 (0.18), 270 (0.14)]
[2025-09-13 23:15:43] Winrate vs v_table     :  19.3% | Σ-Reward:  2311.0 | Ø-Reward:  1.155 | Places: [386 (0.19), 371 (0.19), 411 (0.21), 832 (0.42)]
[2025-09-13 23:15:46] Timing @ep 25000: episode 14.0s | train 0.028s | eval 10.4s | plot 3.5s | save 0.001s | cum 0.05h
[2025-09-13 23:16:19] 
[2025-09-13 23:16:19] Benchmark @train_ep   30000 (bench_eps: 2000)
[2025-09-13 23:16:19] Macro Winrate          :  36.0%
[2025-09-13 23:16:19] Macro Ø-Reward         :  1.692
[2025-09-13 23:16:19] Winrate vs max_combo   :  32.9% | Σ-Reward:  3331.0 | Ø-Reward:  1.665 | Places: [658 (0.33), 462 (0.23), 433 (0.22), 447 (0.22)]
[2025-09-13 23:16:19] Winrate vs random2     :  35.0% | Σ-Reward:  3552.0 | Ø-Reward:  1.776 | Places: [699 (0.35), 491 (0.25), 473 (0.24), 337 (0.17)]
[2025-09-13 23:16:19] Winrate vs single_only :  55.0% | Σ-Reward:  4139.0 | Ø-Reward:  2.070 | Places: [1101 (0.55), 210 (0.10), 416 (0.21), 273 (0.14)]
[2025-09-13 23:16:19] Winrate vs v_table     :  21.2% | Σ-Reward:  2513.0 | Ø-Reward:  1.256 | Places: [425 (0.21), 399 (0.20), 440 (0.22), 736 (0.37)]
[2025-09-13 23:16:23] Timing @ep 30000: episode 14.5s | train 0.034s | eval 10.6s | plot 3.8s | save 0.001s | cum 0.06h
[2025-09-13 23:16:55] 
[2025-09-13 23:16:55] Benchmark @train_ep   35000 (bench_eps: 2000)
[2025-09-13 23:16:55] Macro Winrate          :  41.0%
[2025-09-13 23:16:55] Macro Ø-Reward         :  1.831
[2025-09-13 23:16:55] Winrate vs max_combo   :  37.0% | Σ-Reward:  3533.0 | Ø-Reward:  1.766 | Places: [739 (0.37), 450 (0.23), 416 (0.21), 395 (0.20)]
[2025-09-13 23:16:55] Winrate vs random2     :  39.0% | Σ-Reward:  3830.0 | Ø-Reward:  1.915 | Places: [779 (0.39), 535 (0.27), 423 (0.21), 263 (0.13)]
[2025-09-13 23:16:55] Winrate vs single_only :  62.1% | Σ-Reward:  4454.0 | Ø-Reward:  2.227 | Places: [1242 (0.62), 190 (0.10), 348 (0.17), 220 (0.11)]
[2025-09-13 23:16:55] Winrate vs v_table     :  26.0% | Σ-Reward:  2828.0 | Ø-Reward:  1.414 | Places: [520 (0.26), 442 (0.22), 384 (0.19), 654 (0.33)]
[2025-09-13 23:17:00] Timing @ep 35000: episode 14.3s | train 0.028s | eval 10.0s | plot 4.3s | save 0.001s | cum 0.07h
[2025-09-13 23:17:31] 
[2025-09-13 23:17:31] Benchmark @train_ep   40000 (bench_eps: 2000)
[2025-09-13 23:17:31] Macro Winrate          :  41.6%
[2025-09-13 23:17:31] Macro Ø-Reward         :  1.887
[2025-09-13 23:17:31] Winrate vs max_combo   :  37.1% | Σ-Reward:  3611.0 | Ø-Reward:  1.806 | Places: [743 (0.37), 483 (0.24), 416 (0.21), 358 (0.18)]
[2025-09-13 23:17:31] Winrate vs random2     :  42.0% | Σ-Reward:  4000.0 | Ø-Reward:  2.000 | Places: [840 (0.42), 559 (0.28), 362 (0.18), 239 (0.12)]
[2025-09-13 23:17:31] Winrate vs single_only :  59.8% | Σ-Reward:  4485.0 | Ø-Reward:  2.243 | Places: [1195 (0.60), 267 (0.13), 366 (0.18), 172 (0.09)]
[2025-09-13 23:17:31] Winrate vs v_table     :  27.6% | Σ-Reward:  2997.0 | Ø-Reward:  1.498 | Places: [551 (0.28), 478 (0.24), 388 (0.19), 583 (0.29)]
[2025-09-13 23:17:36] Timing @ep 40000: episode 14.6s | train 0.034s | eval 10.1s | plot 4.5s | save 0.001s | cum 0.08h
[2025-09-13 23:18:07] 
[2025-09-13 23:18:07] Benchmark @train_ep   45000 (bench_eps: 2000)
[2025-09-13 23:18:07] Macro Winrate          :  41.2%
[2025-09-13 23:18:07] Macro Ø-Reward         :  1.856
[2025-09-13 23:18:07] Winrate vs max_combo   :  34.9% | Σ-Reward:  3515.0 | Ø-Reward:  1.758 | Places: [697 (0.35), 490 (0.24), 444 (0.22), 369 (0.18)]
[2025-09-13 23:18:07] Winrate vs random2     :  42.9% | Σ-Reward:  3981.0 | Ø-Reward:  1.990 | Places: [857 (0.43), 508 (0.25), 394 (0.20), 241 (0.12)]
[2025-09-13 23:18:07] Winrate vs single_only :  59.5% | Σ-Reward:  4449.0 | Ø-Reward:  2.224 | Places: [1189 (0.59), 260 (0.13), 362 (0.18), 189 (0.09)]
[2025-09-13 23:18:07] Winrate vs v_table     :  27.8% | Σ-Reward:  2899.0 | Ø-Reward:  1.450 | Places: [556 (0.28), 426 (0.21), 379 (0.19), 639 (0.32)]
[2025-09-13 23:18:12] Timing @ep 45000: episode 15.5s | train 0.028s | eval 10.4s | plot 5.0s | save 0.001s | cum 0.09h
[2025-09-13 23:18:43] 
[2025-09-13 23:18:43] Benchmark @train_ep   50000 (bench_eps: 2000)
[2025-09-13 23:18:43] Macro Winrate          :  41.6%
[2025-09-13 23:18:43] Macro Ø-Reward         :  1.863
[2025-09-13 23:18:43] Winrate vs max_combo   :  37.0% | Σ-Reward:  3646.0 | Ø-Reward:  1.823 | Places: [739 (0.37), 528 (0.26), 373 (0.19), 360 (0.18)]
[2025-09-13 23:18:43] Winrate vs random2     :  40.5% | Σ-Reward:  3831.0 | Ø-Reward:  1.915 | Places: [809 (0.40), 496 (0.25), 412 (0.21), 283 (0.14)]
[2025-09-13 23:18:43] Winrate vs single_only :  61.9% | Σ-Reward:  4526.0 | Ø-Reward:  2.263 | Places: [1238 (0.62), 249 (0.12), 314 (0.16), 199 (0.10)]
[2025-09-13 23:18:43] Winrate vs v_table     :  27.1% | Σ-Reward:  2901.0 | Ø-Reward:  1.450 | Places: [542 (0.27), 430 (0.21), 415 (0.21), 613 (0.31)]
[2025-09-13 23:18:48] Timing @ep 50000: episode 15.7s | train 0.034s | eval 10.2s | plot 5.5s | save 0.003s | cum 0.10h
[2025-09-13 23:19:20] 
[2025-09-13 23:19:20] Benchmark @train_ep   55000 (bench_eps: 2000)
[2025-09-13 23:19:20] Macro Winrate          :  41.2%
[2025-09-13 23:19:20] Macro Ø-Reward         :  1.862
[2025-09-13 23:19:20] Winrate vs max_combo   :  36.1% | Σ-Reward:  3586.0 | Ø-Reward:  1.793 | Places: [723 (0.36), 488 (0.24), 441 (0.22), 348 (0.17)]
[2025-09-13 23:19:20] Winrate vs random2     :  40.1% | Σ-Reward:  3877.0 | Ø-Reward:  1.938 | Places: [803 (0.40), 530 (0.27), 408 (0.20), 259 (0.13)]
[2025-09-13 23:19:20] Winrate vs single_only :  60.0% | Σ-Reward:  4428.0 | Ø-Reward:  2.214 | Places: [1200 (0.60), 252 (0.13), 324 (0.16), 224 (0.11)]
[2025-09-13 23:19:20] Winrate vs v_table     :  28.4% | Σ-Reward:  3004.0 | Ø-Reward:  1.502 | Places: [569 (0.28), 450 (0.23), 397 (0.20), 584 (0.29)]
[2025-09-13 23:19:25] Timing @ep 55000: episode 15.2s | train 0.033s | eval 9.8s | plot 5.4s | save 0.001s | cum 0.11h
[2025-09-13 23:19:56] 
[2025-09-13 23:19:56] Benchmark @train_ep   60000 (bench_eps: 2000)
[2025-09-13 23:19:56] Macro Winrate          :  42.0%
[2025-09-13 23:19:56] Macro Ø-Reward         :  1.895
[2025-09-13 23:19:56] Winrate vs max_combo   :  37.8% | Σ-Reward:  3635.0 | Ø-Reward:  1.817 | Places: [756 (0.38), 462 (0.23), 443 (0.22), 339 (0.17)]
[2025-09-13 23:19:56] Winrate vs random2     :  42.2% | Σ-Reward:  4028.0 | Ø-Reward:  2.014 | Places: [844 (0.42), 563 (0.28), 370 (0.18), 223 (0.11)]
[2025-09-13 23:19:56] Winrate vs single_only :  63.9% | Σ-Reward:  4643.0 | Ø-Reward:  2.321 | Places: [1278 (0.64), 244 (0.12), 321 (0.16), 157 (0.08)]
[2025-09-13 23:19:56] Winrate vs v_table     :  24.1% | Σ-Reward:  2858.0 | Ø-Reward:  1.429 | Places: [481 (0.24), 499 (0.25), 417 (0.21), 603 (0.30)]
[2025-09-13 23:20:01] Timing @ep 60000: episode 15.8s | train 0.034s | eval 10.0s | plot 5.8s | save 0.001s | cum 0.12h
[2025-09-13 23:20:32] 
[2025-09-13 23:20:32] Benchmark @train_ep   65000 (bench_eps: 2000)
[2025-09-13 23:20:32] Macro Winrate          :  43.1%
[2025-09-13 23:20:32] Macro Ø-Reward         :  1.923
[2025-09-13 23:20:32] Winrate vs max_combo   :  37.8% | Σ-Reward:  3676.0 | Ø-Reward:  1.838 | Places: [756 (0.38), 494 (0.25), 420 (0.21), 330 (0.17)]
[2025-09-13 23:20:32] Winrate vs random2     :  44.9% | Σ-Reward:  4104.0 | Ø-Reward:  2.052 | Places: [898 (0.45), 529 (0.26), 352 (0.18), 221 (0.11)]
[2025-09-13 23:20:32] Winrate vs single_only :  64.2% | Σ-Reward:  4651.0 | Ø-Reward:  2.325 | Places: [1283 (0.64), 251 (0.13), 300 (0.15), 166 (0.08)]
[2025-09-13 23:20:32] Winrate vs v_table     :  25.6% | Σ-Reward:  2955.0 | Ø-Reward:  1.478 | Places: [511 (0.26), 497 (0.25), 428 (0.21), 564 (0.28)]
[2025-09-13 23:20:38] Timing @ep 65000: episode 15.9s | train 0.033s | eval 9.9s | plot 5.9s | save 0.001s | cum 0.13h
[2025-09-13 23:21:09] 
[2025-09-13 23:21:09] Benchmark @train_ep   70000 (bench_eps: 2000)
[2025-09-13 23:21:09] Macro Winrate          :  42.5%
[2025-09-13 23:21:09] Macro Ø-Reward         :  1.900
[2025-09-13 23:21:09] Winrate vs max_combo   :  37.2% | Σ-Reward:  3650.0 | Ø-Reward:  1.825 | Places: [745 (0.37), 498 (0.25), 419 (0.21), 338 (0.17)]
[2025-09-13 23:21:09] Winrate vs random2     :  42.8% | Σ-Reward:  4016.0 | Ø-Reward:  2.008 | Places: [856 (0.43), 532 (0.27), 384 (0.19), 228 (0.11)]
[2025-09-13 23:21:09] Winrate vs single_only :  62.3% | Σ-Reward:  4576.0 | Ø-Reward:  2.288 | Places: [1246 (0.62), 237 (0.12), 364 (0.18), 153 (0.08)]
[2025-09-13 23:21:09] Winrate vs v_table     :  27.6% | Σ-Reward:  2957.0 | Ø-Reward:  1.478 | Places: [551 (0.28), 454 (0.23), 396 (0.20), 599 (0.30)]
[2025-09-13 23:21:15] Timing @ep 70000: episode 16.8s | train 0.028s | eval 10.4s | plot 6.3s | save 0.001s | cum 0.14h
[2025-09-13 23:21:46] 
[2025-09-13 23:21:46] Benchmark @train_ep   75000 (bench_eps: 2000)
[2025-09-13 23:21:46] Macro Winrate          :  42.3%
[2025-09-13 23:21:46] Macro Ø-Reward         :  1.928
[2025-09-13 23:21:46] Winrate vs max_combo   :  36.5% | Σ-Reward:  3684.0 | Ø-Reward:  1.842 | Places: [731 (0.37), 525 (0.26), 441 (0.22), 303 (0.15)]
[2025-09-13 23:21:46] Winrate vs random2     :  45.2% | Σ-Reward:  4208.0 | Ø-Reward:  2.104 | Places: [905 (0.45), 580 (0.29), 333 (0.17), 182 (0.09)]
[2025-09-13 23:21:46] Winrate vs single_only :  61.2% | Σ-Reward:  4576.0 | Ø-Reward:  2.288 | Places: [1225 (0.61), 291 (0.15), 319 (0.16), 165 (0.08)]
[2025-09-13 23:21:46] Winrate vs v_table     :  26.1% | Σ-Reward:  2958.0 | Ø-Reward:  1.479 | Places: [522 (0.26), 458 (0.23), 476 (0.24), 544 (0.27)]
[2025-09-13 23:21:52] Timing @ep 75000: episode 17.1s | train 0.032s | eval 10.3s | plot 6.8s | save 0.001s | cum 0.15h
[2025-09-13 23:22:25] 
[2025-09-13 23:22:25] Benchmark @train_ep   80000 (bench_eps: 2000)
[2025-09-13 23:22:25] Macro Winrate          :  42.7%
[2025-09-13 23:22:25] Macro Ø-Reward         :  1.933
[2025-09-13 23:22:25] Winrate vs max_combo   :  37.6% | Σ-Reward:  3670.0 | Ø-Reward:  1.835 | Places: [753 (0.38), 473 (0.24), 465 (0.23), 309 (0.15)]
[2025-09-13 23:22:25] Winrate vs random2     :  43.6% | Σ-Reward:  4143.0 | Ø-Reward:  2.071 | Places: [872 (0.44), 577 (0.29), 373 (0.19), 178 (0.09)]
[2025-09-13 23:22:25] Winrate vs single_only :  63.8% | Σ-Reward:  4650.0 | Ø-Reward:  2.325 | Places: [1276 (0.64), 255 (0.13), 312 (0.16), 157 (0.08)]
[2025-09-13 23:22:25] Winrate vs v_table     :  25.8% | Σ-Reward:  2999.0 | Ø-Reward:  1.500 | Places: [515 (0.26), 504 (0.25), 446 (0.22), 535 (0.27)]
[2025-09-13 23:22:32] Timing @ep 80000: episode 17.6s | train 0.043s | eval 10.6s | plot 7.0s | save 0.001s | cum 0.16h
[2025-09-13 23:23:04] 
[2025-09-13 23:23:04] Benchmark @train_ep   85000 (bench_eps: 2000)
[2025-09-13 23:23:04] Macro Winrate          :  44.4%
[2025-09-13 23:23:04] Macro Ø-Reward         :  1.958
[2025-09-13 23:23:04] Winrate vs max_combo   :  39.1% | Σ-Reward:  3747.0 | Ø-Reward:  1.873 | Places: [783 (0.39), 471 (0.24), 456 (0.23), 290 (0.14)]
[2025-09-13 23:23:04] Winrate vs random2     :  43.9% | Σ-Reward:  4123.0 | Ø-Reward:  2.062 | Places: [878 (0.44), 558 (0.28), 373 (0.19), 191 (0.10)]
[2025-09-13 23:23:04] Winrate vs single_only :  65.8% | Σ-Reward:  4726.0 | Ø-Reward:  2.363 | Places: [1315 (0.66), 245 (0.12), 291 (0.15), 149 (0.07)]
[2025-09-13 23:23:04] Winrate vs v_table     :  28.6% | Σ-Reward:  3066.0 | Ø-Reward:  1.533 | Places: [572 (0.29), 451 (0.23), 448 (0.22), 529 (0.26)]
[2025-09-13 23:23:12] Timing @ep 85000: episode 18.2s | train 0.031s | eval 10.4s | plot 7.8s | save 0.002s | cum 0.17h
[2025-09-13 23:23:45] 
[2025-09-13 23:23:45] Benchmark @train_ep   90000 (bench_eps: 2000)
[2025-09-13 23:23:45] Macro Winrate          :  42.1%
[2025-09-13 23:23:45] Macro Ø-Reward         :  1.916
[2025-09-13 23:23:45] Winrate vs max_combo   :  36.6% | Σ-Reward:  3687.0 | Ø-Reward:  1.843 | Places: [733 (0.37), 511 (0.26), 466 (0.23), 290 (0.14)]
[2025-09-13 23:23:45] Winrate vs random2     :  43.9% | Σ-Reward:  4100.0 | Ø-Reward:  2.050 | Places: [878 (0.44), 549 (0.27), 368 (0.18), 205 (0.10)]
[2025-09-13 23:23:45] Winrate vs single_only :  61.2% | Σ-Reward:  4530.0 | Ø-Reward:  2.265 | Places: [1225 (0.61), 262 (0.13), 331 (0.17), 182 (0.09)]
[2025-09-13 23:23:45] Winrate vs v_table     :  26.6% | Σ-Reward:  3008.0 | Ø-Reward:  1.504 | Places: [532 (0.27), 479 (0.24), 454 (0.23), 535 (0.27)]
[2025-09-13 23:23:54] Timing @ep 90000: episode 19.0s | train 0.036s | eval 10.3s | plot 8.7s | save 0.001s | cum 0.18h
[2025-09-13 23:24:28] 
[2025-09-13 23:24:28] Benchmark @train_ep   95000 (bench_eps: 2000)
[2025-09-13 23:24:28] Macro Winrate          :  43.0%
[2025-09-13 23:24:28] Macro Ø-Reward         :  1.914
[2025-09-13 23:24:28] Winrate vs max_combo   :  36.0% | Σ-Reward:  3599.0 | Ø-Reward:  1.800 | Places: [720 (0.36), 490 (0.24), 459 (0.23), 331 (0.17)]
[2025-09-13 23:24:28] Winrate vs random2     :  45.2% | Σ-Reward:  4138.0 | Ø-Reward:  2.069 | Places: [904 (0.45), 531 (0.27), 364 (0.18), 201 (0.10)]
[2025-09-13 23:24:28] Winrate vs single_only :  64.4% | Σ-Reward:  4659.0 | Ø-Reward:  2.329 | Places: [1288 (0.64), 246 (0.12), 303 (0.15), 163 (0.08)]
[2025-09-13 23:24:28] Winrate vs v_table     :  26.3% | Σ-Reward:  2915.0 | Ø-Reward:  1.458 | Places: [526 (0.26), 440 (0.22), 457 (0.23), 577 (0.29)]
[2025-09-13 23:24:36] Timing @ep 95000: episode 19.2s | train 0.042s | eval 11.1s | plot 8.1s | save 0.001s | cum 0.19h
[2025-09-13 23:25:10] 
[2025-09-13 23:25:10] Benchmark @train_ep  100000 (bench_eps: 2000)
[2025-09-13 23:25:10] Macro Winrate          :  42.1%
[2025-09-13 23:25:10] Macro Ø-Reward         :  1.912
[2025-09-13 23:25:10] Winrate vs max_combo   :  38.8% | Σ-Reward:  3688.0 | Ø-Reward:  1.844 | Places: [776 (0.39), 452 (0.23), 456 (0.23), 316 (0.16)]
[2025-09-13 23:25:10] Winrate vs random2     :  43.5% | Σ-Reward:  4143.0 | Ø-Reward:  2.071 | Places: [871 (0.44), 578 (0.29), 374 (0.19), 177 (0.09)]
[2025-09-13 23:25:10] Winrate vs single_only :  60.2% | Σ-Reward:  4527.0 | Ø-Reward:  2.264 | Places: [1204 (0.60), 300 (0.15), 315 (0.16), 181 (0.09)]
[2025-09-13 23:25:10] Winrate vs v_table     :  25.6% | Σ-Reward:  2938.0 | Ø-Reward:  1.469 | Places: [513 (0.26), 470 (0.23), 459 (0.23), 558 (0.28)]
[2025-09-13 23:25:18] Timing @ep 100000: episode 19.4s | train 0.029s | eval 10.9s | plot 8.5s | save 0.001s | cum 0.21h
[2025-09-13 23:25:18] 
[2025-09-13 23:25:18] Gesamtzeit: 0.21h (~ 134.59 eps/s)
[2025-09-13 23:25:18] k4a2, Shared Policy Selfplay (DQN, Bundle-Updates, 1 Prozess). Training abgeschlossen.
[2025-09-13 23:25:18] Path: /home/wasterix/OpenSpiel/open_spiel/President/models/k4a2/model_32
