[2025-08-19 15:46:25] New Training
[2025-08-19 15:46:25] Deck_Size: 64
[2025-08-19 15:46:25] Episodes: 10
[2025-08-19 15:46:25] Path: /home/wasterix/OpenSpiel/open_spiel/President/models/k1a1/model_45
[2025-08-19 15:47:14] 
[2025-08-19 15:47:14] Benchmark       2 episodes
[2025-08-19 15:47:14] Macro Average          :  15.4%
[2025-08-19 15:47:14] Winrate vs max_combo   :   3.7%
[2025-08-19 15:47:14] Winrate vs random2     :  25.6%
[2025-08-19 15:47:14] Winrate vs single_only :  16.9%
[2025-08-19 15:47:17] Timing @ep 2: episode 50.4s | train 0.003s | eval 48.0s | plot 2.4s | save 0.005s | cum 0.01h
[2025-08-19 15:48:03] 
[2025-08-19 15:48:03] Benchmark       4 episodes
[2025-08-19 15:48:03] Macro Average          :  15.7%
[2025-08-19 15:48:03] Winrate vs max_combo   :   3.9%
[2025-08-19 15:48:03] Winrate vs random2     :  26.4%
[2025-08-19 15:48:03] Winrate vs single_only :  16.6%
[2025-08-19 15:48:05] Timing @ep 4: episode 48.6s | train 0.003s | eval 46.7s | plot 1.9s | save 0.002s | cum 0.03h
[2025-08-19 15:48:49] 
[2025-08-19 15:48:49] Benchmark       6 episodes
[2025-08-19 15:48:49] Macro Average          :  15.1%
[2025-08-19 15:48:49] Winrate vs max_combo   :   3.5%
[2025-08-19 15:48:49] Winrate vs random2     :  23.6%
[2025-08-19 15:48:49] Winrate vs single_only :  18.1%
[2025-08-19 15:48:51] Timing @ep 6: episode 45.6s | train 0.005s | eval 43.8s | plot 1.8s | save 0.002s | cum 0.04h
[2025-08-19 15:49:40] 
[2025-08-19 15:49:40] Benchmark       8 episodes
[2025-08-19 15:49:40] Macro Average          :  16.5%
[2025-08-19 15:49:40] Winrate vs max_combo   :   4.3%
[2025-08-19 15:49:40] Winrate vs random2     :  25.4%
[2025-08-19 15:49:40] Winrate vs single_only :  19.9%
[2025-08-19 15:49:42] Timing @ep 8: episode 51.1s | train 0.003s | eval 49.3s | plot 1.8s | save 0.001s | cum 0.05h
[2025-08-19 15:50:31] 
[2025-08-19 15:50:31] Benchmark      10 episodes
[2025-08-19 15:50:31] Macro Average          :  16.0%
[2025-08-19 15:50:31] Winrate vs max_combo   :   4.4%
[2025-08-19 15:50:31] Winrate vs random2     :  24.6%
[2025-08-19 15:50:31] Winrate vs single_only :  19.0%
[2025-08-19 15:50:33] Timing @ep 10: episode 50.9s | train 0.003s | eval 48.9s | plot 2.0s | save 0.001s | cum 0.07h
[2025-08-19 15:50:33] 
[2025-08-19 15:50:33] Gesamtzeit: 0.07h (~ 0.04 eps/s)
[2025-08-19 15:50:33] K1 Training abgeschlossen.
