[2025-09-04 07:35:42] New Training (k1a1)
[2025-09-04 07:35:42] Deck_Size: 16
[2025-09-04 07:35:42] Episodes: 100000
[2025-09-04 07:35:42] Path: /home/wasterix/OpenSpiel/open_spiel/President/models/k1a1/model_06
[2025-09-04 07:35:44] [Population] Initiales Lineup: ['single_only', 'single_only', 'single_only']
[2025-09-04 07:37:20] 
[2025-09-04 07:37:20] Benchmark @train_ep    5000 (bench_eps: 4000)
[2025-09-04 07:37:20] Macro Winrate          :  33.2%
[2025-09-04 07:37:20] Macro Ø-Reward         :  1.638
[2025-09-04 07:37:20] Winrate vs max_combo   :  28.8% | Σ-Reward:  6200.0 | Ø-Reward:  1.550 | Places: [1153 (0.29), 935 (0.23), 871 (0.22), 1041 (0.26)]
[2025-09-04 07:37:20] Winrate vs random2     :  31.8% | Σ-Reward:  7030.0 | Ø-Reward:  1.758 | Places: [1273 (0.32), 1142 (0.29), 927 (0.23), 658 (0.16)]
[2025-09-04 07:37:20] Winrate vs single_only :  55.8% | Σ-Reward:  8522.0 | Ø-Reward:  2.131 | Places: [2232 (0.56), 529 (0.13), 768 (0.19), 471 (0.12)]
[2025-09-04 07:37:20] Winrate vs v_table     :  16.5% | Σ-Reward:  4453.0 | Ø-Reward:  1.113 | Places: [660 (0.17), 838 (0.21), 797 (0.20), 1705 (0.43)]
[2025-09-04 07:39:05] 
[2025-09-04 07:39:05] Benchmark @train_ep   10000 (bench_eps: 4000)
[2025-09-04 07:39:05] Macro Winrate          :  34.4%
[2025-09-04 07:39:05] Macro Ø-Reward         :  1.673
[2025-09-04 07:39:05] Winrate vs max_combo   :  28.2% | Σ-Reward:  6160.0 | Ø-Reward:  1.540 | Places: [1127 (0.28), 919 (0.23), 941 (0.24), 1013 (0.25)]
[2025-09-04 07:39:05] Winrate vs random2     :  33.9% | Σ-Reward:  7297.0 | Ø-Reward:  1.824 | Places: [1354 (0.34), 1167 (0.29), 901 (0.23), 578 (0.14)]
[2025-09-04 07:39:05] Winrate vs single_only :  59.1% | Σ-Reward:  8766.0 | Ø-Reward:  2.192 | Places: [2365 (0.59), 499 (0.12), 673 (0.17), 463 (0.12)]
[2025-09-04 07:39:05] Winrate vs v_table     :  16.3% | Σ-Reward:  4551.0 | Ø-Reward:  1.138 | Places: [653 (0.16), 861 (0.22), 870 (0.22), 1616 (0.40)]
[2025-09-04 07:40:48] 
[2025-09-04 07:40:48] Benchmark @train_ep   15000 (bench_eps: 4000)
[2025-09-04 07:40:48] Macro Winrate          :  35.2%
[2025-09-04 07:40:48] Macro Ø-Reward         :  1.692
[2025-09-04 07:40:48] Winrate vs max_combo   :  29.7% | Σ-Reward:  6345.0 | Ø-Reward:  1.586 | Places: [1188 (0.30), 942 (0.24), 897 (0.22), 973 (0.24)]
[2025-09-04 07:40:48] Winrate vs random2     :  35.8% | Σ-Reward:  7346.0 | Ø-Reward:  1.837 | Places: [1431 (0.36), 1096 (0.27), 861 (0.22), 612 (0.15)]
[2025-09-04 07:40:48] Winrate vs single_only :  56.6% | Σ-Reward:  8586.0 | Ø-Reward:  2.147 | Places: [2263 (0.57), 554 (0.14), 689 (0.17), 494 (0.12)]
[2025-09-04 07:40:48] Winrate vs v_table     :  18.9% | Σ-Reward:  4791.0 | Ø-Reward:  1.198 | Places: [758 (0.19), 836 (0.21), 845 (0.21), 1561 (0.39)]
[2025-09-04 07:42:26] 
[2025-09-04 07:42:26] Benchmark @train_ep   20000 (bench_eps: 4000)
[2025-09-04 07:42:26] Macro Winrate          :  33.9%
[2025-09-04 07:42:26] Macro Ø-Reward         :  1.675
[2025-09-04 07:42:26] Winrate vs max_combo   :  29.9% | Σ-Reward:  6373.0 | Ø-Reward:  1.593 | Places: [1197 (0.30), 921 (0.23), 940 (0.23), 942 (0.24)]
[2025-09-04 07:42:26] Winrate vs random2     :  34.7% | Σ-Reward:  7195.0 | Ø-Reward:  1.799 | Places: [1388 (0.35), 1074 (0.27), 883 (0.22), 655 (0.16)]
[2025-09-04 07:42:26] Winrate vs single_only :  53.6% | Σ-Reward:  8482.0 | Ø-Reward:  2.120 | Places: [2144 (0.54), 657 (0.16), 736 (0.18), 463 (0.12)]
[2025-09-04 07:42:26] Winrate vs v_table     :  17.5% | Σ-Reward:  4742.0 | Ø-Reward:  1.185 | Places: [700 (0.17), 910 (0.23), 822 (0.21), 1568 (0.39)]
[2025-09-04 07:44:06] 
[2025-09-04 07:44:06] Benchmark @train_ep   25000 (bench_eps: 4000)
[2025-09-04 07:44:06] Macro Winrate          :  37.0%
[2025-09-04 07:44:06] Macro Ø-Reward         :  1.742
[2025-09-04 07:44:06] Winrate vs max_combo   :  30.5% | Σ-Reward:  6490.0 | Ø-Reward:  1.623 | Places: [1219 (0.30), 941 (0.24), 951 (0.24), 889 (0.22)]
[2025-09-04 07:44:06] Winrate vs random2     :  35.3% | Σ-Reward:  7367.0 | Ø-Reward:  1.842 | Places: [1413 (0.35), 1123 (0.28), 882 (0.22), 582 (0.15)]
[2025-09-04 07:44:06] Winrate vs single_only :  63.0% | Σ-Reward:  9118.0 | Ø-Reward:  2.280 | Places: [2520 (0.63), 451 (0.11), 656 (0.16), 373 (0.09)]
[2025-09-04 07:44:06] Winrate vs v_table     :  19.1% | Σ-Reward:  4900.0 | Ø-Reward:  1.225 | Places: [766 (0.19), 849 (0.21), 904 (0.23), 1481 (0.37)]
[2025-09-04 07:45:44] 
[2025-09-04 07:45:44] Benchmark @train_ep   30000 (bench_eps: 4000)
[2025-09-04 07:45:44] Macro Winrate          :  36.9%
[2025-09-04 07:45:44] Macro Ø-Reward         :  1.739
[2025-09-04 07:45:44] Winrate vs max_combo   :  32.2% | Σ-Reward:  6659.0 | Ø-Reward:  1.665 | Places: [1288 (0.32), 972 (0.24), 851 (0.21), 889 (0.22)]
[2025-09-04 07:45:44] Winrate vs random2     :  33.9% | Σ-Reward:  7153.0 | Ø-Reward:  1.788 | Places: [1354 (0.34), 1116 (0.28), 859 (0.21), 671 (0.17)]
[2025-09-04 07:45:44] Winrate vs single_only :  63.2% | Σ-Reward:  9107.0 | Ø-Reward:  2.277 | Places: [2527 (0.63), 449 (0.11), 628 (0.16), 396 (0.10)]
[2025-09-04 07:45:44] Winrate vs v_table     :  18.4% | Σ-Reward:  4903.0 | Ø-Reward:  1.226 | Places: [734 (0.18), 957 (0.24), 787 (0.20), 1522 (0.38)]
[2025-09-04 07:47:23] 
[2025-09-04 07:47:23] Benchmark @train_ep   35000 (bench_eps: 4000)
[2025-09-04 07:47:23] Macro Winrate          :  36.8%
[2025-09-04 07:47:23] Macro Ø-Reward         :  1.732
[2025-09-04 07:47:23] Winrate vs max_combo   :  30.7% | Σ-Reward:  6552.0 | Ø-Reward:  1.638 | Places: [1229 (0.31), 988 (0.25), 889 (0.22), 894 (0.22)]
[2025-09-04 07:47:23] Winrate vs random2     :  35.0% | Σ-Reward:  7263.0 | Ø-Reward:  1.816 | Places: [1402 (0.35), 1073 (0.27), 911 (0.23), 614 (0.15)]
[2025-09-04 07:47:23] Winrate vs single_only :  62.0% | Σ-Reward:  9006.0 | Ø-Reward:  2.252 | Places: [2479 (0.62), 446 (0.11), 677 (0.17), 398 (0.10)]
[2025-09-04 07:47:23] Winrate vs v_table     :  19.4% | Σ-Reward:  4899.0 | Ø-Reward:  1.225 | Places: [777 (0.19), 886 (0.22), 796 (0.20), 1541 (0.39)]
[2025-09-04 07:49:01] 
[2025-09-04 07:49:01] Benchmark @train_ep   40000 (bench_eps: 4000)
[2025-09-04 07:49:01] Macro Winrate          :  36.2%
[2025-09-04 07:49:01] Macro Ø-Reward         :  1.728
[2025-09-04 07:49:01] Winrate vs max_combo   :  30.6% | Σ-Reward:  6559.0 | Ø-Reward:  1.640 | Places: [1225 (0.31), 991 (0.25), 902 (0.23), 882 (0.22)]
[2025-09-04 07:49:01] Winrate vs random2     :  33.9% | Σ-Reward:  7198.0 | Ø-Reward:  1.800 | Places: [1355 (0.34), 1108 (0.28), 917 (0.23), 620 (0.15)]
[2025-09-04 07:49:01] Winrate vs single_only :  62.6% | Σ-Reward:  9137.0 | Ø-Reward:  2.284 | Places: [2505 (0.63), 486 (0.12), 650 (0.16), 359 (0.09)]
[2025-09-04 07:49:01] Winrate vs v_table     :  17.8% | Σ-Reward:  4759.0 | Ø-Reward:  1.190 | Places: [710 (0.18), 919 (0.23), 791 (0.20), 1580 (0.40)]
[2025-09-04 07:50:37] 
[2025-09-04 07:50:37] Benchmark @train_ep   45000 (bench_eps: 4000)
[2025-09-04 07:50:37] Macro Winrate          :  36.7%
[2025-09-04 07:50:37] Macro Ø-Reward         :  1.736
[2025-09-04 07:50:37] Winrate vs max_combo   :  30.0% | Σ-Reward:  6396.0 | Ø-Reward:  1.599 | Places: [1200 (0.30), 935 (0.23), 926 (0.23), 939 (0.23)]
[2025-09-04 07:50:37] Winrate vs random2     :  33.5% | Σ-Reward:  7264.0 | Ø-Reward:  1.816 | Places: [1340 (0.34), 1182 (0.30), 880 (0.22), 598 (0.15)]
[2025-09-04 07:50:37] Winrate vs single_only :  63.5% | Σ-Reward:  9148.0 | Ø-Reward:  2.287 | Places: [2540 (0.64), 456 (0.11), 616 (0.15), 388 (0.10)]
[2025-09-04 07:50:37] Winrate vs v_table     :  19.9% | Σ-Reward:  4972.0 | Ø-Reward:  1.243 | Places: [796 (0.20), 885 (0.22), 814 (0.20), 1505 (0.38)]
[2025-09-04 07:52:17] 
[2025-09-04 07:52:17] Benchmark @train_ep   50000 (bench_eps: 4000)
[2025-09-04 07:52:17] Macro Winrate          :  37.8%
[2025-09-04 07:52:17] Macro Ø-Reward         :  1.777
[2025-09-04 07:52:17] Winrate vs max_combo   :  31.6% | Σ-Reward:  6744.0 | Ø-Reward:  1.686 | Places: [1262 (0.32), 1051 (0.26), 856 (0.21), 831 (0.21)]
[2025-09-04 07:52:17] Winrate vs random2     :  37.0% | Σ-Reward:  7524.0 | Ø-Reward:  1.881 | Places: [1480 (0.37), 1108 (0.28), 868 (0.22), 544 (0.14)]
[2025-09-04 07:52:17] Winrate vs single_only :  63.2% | Σ-Reward:  9163.0 | Ø-Reward:  2.291 | Places: [2528 (0.63), 489 (0.12), 601 (0.15), 382 (0.10)]
[2025-09-04 07:52:17] Winrate vs v_table     :  19.4% | Σ-Reward:  5004.0 | Ø-Reward:  1.251 | Places: [778 (0.19), 931 (0.23), 808 (0.20), 1483 (0.37)]
[2025-09-04 07:53:52] 
[2025-09-04 07:53:52] Benchmark @train_ep   55000 (bench_eps: 4000)
[2025-09-04 07:53:52] Macro Winrate          :  36.3%
[2025-09-04 07:53:52] Macro Ø-Reward         :  1.722
[2025-09-04 07:53:52] Winrate vs max_combo   :  30.4% | Σ-Reward:  6555.0 | Ø-Reward:  1.639 | Places: [1218 (0.30), 1010 (0.25), 881 (0.22), 891 (0.22)]
[2025-09-04 07:53:52] Winrate vs random2     :  32.9% | Σ-Reward:  7088.0 | Ø-Reward:  1.772 | Places: [1316 (0.33), 1126 (0.28), 888 (0.22), 670 (0.17)]
[2025-09-04 07:53:52] Winrate vs single_only :  62.2% | Σ-Reward:  9070.0 | Ø-Reward:  2.268 | Places: [2490 (0.62), 476 (0.12), 648 (0.16), 386 (0.10)]
[2025-09-04 07:53:52] Winrate vs v_table     :  19.4% | Σ-Reward:  4835.0 | Ø-Reward:  1.209 | Places: [777 (0.19), 865 (0.22), 774 (0.19), 1584 (0.40)]
[2025-09-04 07:55:30] 
[2025-09-04 07:55:30] Benchmark @train_ep   60000 (bench_eps: 4000)
[2025-09-04 07:55:30] Macro Winrate          :  36.5%
[2025-09-04 07:55:30] Macro Ø-Reward         :  1.740
[2025-09-04 07:55:30] Winrate vs max_combo   :  30.1% | Σ-Reward:  6582.0 | Ø-Reward:  1.645 | Places: [1205 (0.30), 1013 (0.25), 941 (0.24), 841 (0.21)]
[2025-09-04 07:55:30] Winrate vs random2     :  34.7% | Σ-Reward:  7308.0 | Ø-Reward:  1.827 | Places: [1389 (0.35), 1107 (0.28), 927 (0.23), 577 (0.14)]
[2025-09-04 07:55:30] Winrate vs single_only :  61.9% | Σ-Reward:  9053.0 | Ø-Reward:  2.263 | Places: [2474 (0.62), 473 (0.12), 685 (0.17), 368 (0.09)]
[2025-09-04 07:55:30] Winrate vs v_table     :  19.4% | Σ-Reward:  4897.0 | Ø-Reward:  1.224 | Places: [774 (0.19), 856 (0.21), 863 (0.22), 1507 (0.38)]
[2025-09-04 07:56:58] 
[2025-09-04 07:56:58] Benchmark @train_ep   65000 (bench_eps: 4000)
[2025-09-04 07:56:58] Macro Winrate          :  37.0%
[2025-09-04 07:56:58] Macro Ø-Reward         :  1.746
[2025-09-04 07:56:58] Winrate vs max_combo   :  30.3% | Σ-Reward:  6551.0 | Ø-Reward:  1.638 | Places: [1213 (0.30), 1019 (0.25), 874 (0.22), 894 (0.22)]
[2025-09-04 07:56:58] Winrate vs random2     :  34.3% | Σ-Reward:  7317.0 | Ø-Reward:  1.829 | Places: [1371 (0.34), 1157 (0.29), 890 (0.22), 582 (0.15)]
[2025-09-04 07:56:58] Winrate vs single_only :  63.9% | Σ-Reward:  9192.0 | Ø-Reward:  2.298 | Places: [2554 (0.64), 458 (0.11), 614 (0.15), 374 (0.09)]
[2025-09-04 07:56:58] Winrate vs v_table     :  19.4% | Σ-Reward:  4873.0 | Ø-Reward:  1.218 | Places: [776 (0.19), 877 (0.22), 791 (0.20), 1556 (0.39)]
[2025-09-04 07:58:31] 
[2025-09-04 07:58:31] Benchmark @train_ep   70000 (bench_eps: 4000)
[2025-09-04 07:58:31] Macro Winrate          :  38.1%
[2025-09-04 07:58:31] Macro Ø-Reward         :  1.771
[2025-09-04 07:58:31] Winrate vs max_combo   :  32.0% | Σ-Reward:  6676.0 | Ø-Reward:  1.669 | Places: [1282 (0.32), 981 (0.25), 868 (0.22), 869 (0.22)]
[2025-09-04 07:58:31] Winrate vs random2     :  35.5% | Σ-Reward:  7389.0 | Ø-Reward:  1.847 | Places: [1419 (0.35), 1123 (0.28), 886 (0.22), 572 (0.14)]
[2025-09-04 07:58:31] Winrate vs single_only :  64.5% | Σ-Reward:  9263.0 | Ø-Reward:  2.316 | Places: [2581 (0.65), 456 (0.11), 608 (0.15), 355 (0.09)]
[2025-09-04 07:58:31] Winrate vs v_table     :  20.3% | Σ-Reward:  5007.0 | Ø-Reward:  1.252 | Places: [811 (0.20), 913 (0.23), 748 (0.19), 1528 (0.38)]
[2025-09-04 08:00:00] 
[2025-09-04 08:00:00] Benchmark @train_ep   75000 (bench_eps: 4000)
[2025-09-04 08:00:00] Macro Winrate          :  36.6%
[2025-09-04 08:00:00] Macro Ø-Reward         :  1.733
[2025-09-04 08:00:00] Winrate vs max_combo   :  29.9% | Σ-Reward:  6471.0 | Ø-Reward:  1.618 | Places: [1194 (0.30), 936 (0.23), 1017 (0.25), 853 (0.21)]
[2025-09-04 08:00:00] Winrate vs random2     :  33.5% | Σ-Reward:  7240.0 | Ø-Reward:  1.810 | Places: [1338 (0.33), 1113 (0.28), 1000 (0.25), 549 (0.14)]
[2025-09-04 08:00:00] Winrate vs single_only :  64.4% | Σ-Reward:  9187.0 | Ø-Reward:  2.297 | Places: [2577 (0.64), 410 (0.10), 636 (0.16), 377 (0.09)]
[2025-09-04 08:00:00] Winrate vs v_table     :  18.8% | Σ-Reward:  4829.0 | Ø-Reward:  1.207 | Places: [750 (0.19), 869 (0.22), 841 (0.21), 1540 (0.39)]
[2025-09-04 08:01:36] 
[2025-09-04 08:01:36] Benchmark @train_ep   80000 (bench_eps: 4000)
[2025-09-04 08:01:36] Macro Winrate          :  37.5%
[2025-09-04 08:01:36] Macro Ø-Reward         :  1.755
[2025-09-04 08:01:36] Winrate vs max_combo   :  31.1% | Σ-Reward:  6636.0 | Ø-Reward:  1.659 | Places: [1244 (0.31), 1000 (0.25), 904 (0.23), 852 (0.21)]
[2025-09-04 08:01:36] Winrate vs random2     :  32.7% | Σ-Reward:  7145.0 | Ø-Reward:  1.786 | Places: [1308 (0.33), 1143 (0.29), 935 (0.23), 614 (0.15)]
[2025-09-04 08:01:36] Winrate vs single_only :  65.0% | Σ-Reward:  9248.0 | Ø-Reward:  2.312 | Places: [2600 (0.65), 403 (0.10), 642 (0.16), 355 (0.09)]
[2025-09-04 08:01:36] Winrate vs v_table     :  21.1% | Σ-Reward:  5044.0 | Ø-Reward:  1.261 | Places: [843 (0.21), 867 (0.22), 781 (0.20), 1509 (0.38)]
[2025-09-04 08:03:10] 
[2025-09-04 08:03:10] Benchmark @train_ep   85000 (bench_eps: 4000)
[2025-09-04 08:03:10] Macro Winrate          :  38.0%
[2025-09-04 08:03:10] Macro Ø-Reward         :  1.751
[2025-09-04 08:03:10] Winrate vs max_combo   :  30.8% | Σ-Reward:  6474.0 | Ø-Reward:  1.619 | Places: [1230 (0.31), 944 (0.24), 896 (0.22), 930 (0.23)]
[2025-09-04 08:03:10] Winrate vs random2     :  35.5% | Σ-Reward:  7327.0 | Ø-Reward:  1.832 | Places: [1421 (0.36), 1091 (0.27), 882 (0.22), 606 (0.15)]
[2025-09-04 08:03:10] Winrate vs single_only :  64.2% | Σ-Reward:  9195.0 | Ø-Reward:  2.299 | Places: [2568 (0.64), 428 (0.11), 635 (0.16), 369 (0.09)]
[2025-09-04 08:03:10] Winrate vs v_table     :  21.4% | Σ-Reward:  5016.0 | Ø-Reward:  1.254 | Places: [854 (0.21), 858 (0.21), 738 (0.18), 1550 (0.39)]
[2025-09-04 08:04:49] 
[2025-09-04 08:04:49] Benchmark @train_ep   90000 (bench_eps: 4000)
[2025-09-04 08:04:49] Macro Winrate          :  36.5%
[2025-09-04 08:04:49] Macro Ø-Reward         :  1.740
[2025-09-04 08:04:49] Winrate vs max_combo   :  29.1% | Σ-Reward:  6419.0 | Ø-Reward:  1.605 | Places: [1163 (0.29), 983 (0.25), 964 (0.24), 890 (0.22)]
[2025-09-04 08:04:49] Winrate vs random2     :  33.4% | Σ-Reward:  7228.0 | Ø-Reward:  1.807 | Places: [1334 (0.33), 1150 (0.29), 926 (0.23), 590 (0.15)]
[2025-09-04 08:04:49] Winrate vs single_only :  62.8% | Σ-Reward:  9191.0 | Ø-Reward:  2.298 | Places: [2513 (0.63), 495 (0.12), 662 (0.17), 330 (0.08)]
[2025-09-04 08:04:49] Winrate vs v_table     :  20.7% | Σ-Reward:  4997.0 | Ø-Reward:  1.249 | Places: [829 (0.21), 860 (0.21), 790 (0.20), 1521 (0.38)]
[2025-09-04 08:06:38] 
[2025-09-04 08:06:38] Benchmark @train_ep   95000 (bench_eps: 4000)
[2025-09-04 08:06:38] Macro Winrate          :  37.0%
[2025-09-04 08:06:38] Macro Ø-Reward         :  1.748
[2025-09-04 08:06:38] Winrate vs max_combo   :  31.0% | Σ-Reward:  6578.0 | Ø-Reward:  1.645 | Places: [1239 (0.31), 965 (0.24), 931 (0.23), 865 (0.22)]
[2025-09-04 08:06:38] Winrate vs random2     :  34.6% | Σ-Reward:  7355.0 | Ø-Reward:  1.839 | Places: [1384 (0.35), 1145 (0.29), 913 (0.23), 558 (0.14)]
[2025-09-04 08:06:38] Winrate vs single_only :  62.4% | Σ-Reward:  9133.0 | Ø-Reward:  2.283 | Places: [2494 (0.62), 489 (0.12), 673 (0.17), 344 (0.09)]
[2025-09-04 08:06:38] Winrate vs v_table     :  20.0% | Σ-Reward:  4903.0 | Ø-Reward:  1.226 | Places: [800 (0.20), 812 (0.20), 879 (0.22), 1509 (0.38)]
[2025-09-04 08:08:23] 
[2025-09-04 08:08:23] Benchmark @train_ep  100000 (bench_eps: 4000)
[2025-09-04 08:08:23] Macro Winrate          :  37.0%
[2025-09-04 08:08:23] Macro Ø-Reward         :  1.760
[2025-09-04 08:08:23] Winrate vs max_combo   :  31.0% | Σ-Reward:  6645.0 | Ø-Reward:  1.661 | Places: [1239 (0.31), 967 (0.24), 994 (0.25), 800 (0.20)]
[2025-09-04 08:08:23] Winrate vs random2     :  34.1% | Σ-Reward:  7337.0 | Ø-Reward:  1.834 | Places: [1363 (0.34), 1174 (0.29), 900 (0.23), 563 (0.14)]
[2025-09-04 08:08:23] Winrate vs single_only :  63.2% | Σ-Reward:  9197.0 | Ø-Reward:  2.299 | Places: [2527 (0.63), 486 (0.12), 644 (0.16), 343 (0.09)]
[2025-09-04 08:08:23] Winrate vs v_table     :  19.8% | Σ-Reward:  4985.0 | Ø-Reward:  1.246 | Places: [792 (0.20), 900 (0.23), 809 (0.20), 1499 (0.37)]
[2025-09-04 08:08:25] Opponent-Usage gespeichert: /home/wasterix/OpenSpiel/open_spiel/President/models/k1a1/model_06/plots/opponent_usage.csv
[2025-09-04 08:08:25] 
[2025-09-04 08:08:25] Gesamtzeit: 0.54h (~ 50.99 eps/s)
[2025-09-04 08:08:25] k1a1, Single Agent vs Population. Training abgeschlossen.
[2025-09-04 08:08:25] Path: /home/wasterix/OpenSpiel/open_spiel/President/models/k1a1/model_06
