[2025-08-20 23:07:25] New Training (k4a1): Shared-Policy PPO
[2025-08-20 23:07:25] Deck_Size: 64
[2025-08-20 23:07:25] Episodes: 200
[2025-08-20 23:07:25] Path: /home/wasterix/OpenSpiel/open_spiel/President/models/k4a1/model_28
[2025-08-20 23:07:46] 
[2025-08-20 23:07:46] Benchmark @train_ep     100 (bench_eps: 500)
[2025-08-20 23:07:46] Macro Winrate          :  41.9%
[2025-08-20 23:07:46] Macro Ø-Reward         :  1.802
[2025-08-20 23:07:46] Winrate vs max_combo   :  18.2% | Σ-Reward:  563.0 | Ø-Reward:  1.126 | Places: [91 (0.18), 91 (0.18), 108 (0.22), 210 (0.42)]
[2025-08-20 23:07:46] Winrate vs random2     :  44.4% | Σ-Reward:  985.0 | Ø-Reward:  1.970 | Places: [222 (0.44), 121 (0.24), 77 (0.15), 80 (0.16)]
[2025-08-20 23:07:46] Winrate vs single_only :  63.2% | Σ-Reward:  1155.0 | Ø-Reward:  2.310 | Places: [316 (0.63), 75 (0.15), 57 (0.11), 52 (0.10)]
[2025-08-20 23:07:49] Timing @ep 100: episode 15.9s | train 0.012s | eval 12.9s | plot 2.9s | save 0.002s | cum 0.01h
[2025-08-20 23:08:10] 
[2025-08-20 23:08:10] Benchmark @train_ep     200 (bench_eps: 500)
[2025-08-20 23:08:10] Macro Winrate          :  36.4%
[2025-08-20 23:08:10] Macro Ø-Reward         :  1.666
[2025-08-20 23:08:10] Winrate vs max_combo   :  15.6% | Σ-Reward:  526.0 | Ø-Reward:  1.052 | Places: [78 (0.16), 85 (0.17), 122 (0.24), 215 (0.43)]
[2025-08-20 23:08:10] Winrate vs random2     :  33.2% | Σ-Reward:  857.0 | Ø-Reward:  1.714 | Places: [166 (0.33), 123 (0.25), 113 (0.23), 98 (0.20)]
[2025-08-20 23:08:10] Winrate vs single_only :  60.4% | Σ-Reward:  1116.0 | Ø-Reward:  2.232 | Places: [302 (0.60), 76 (0.15), 58 (0.12), 64 (0.13)]
[2025-08-20 23:08:14] Timing @ep 200: episode 17.9s | train 0.013s | eval 14.4s | plot 3.4s | save 0.001s | cum 0.01h
[2025-08-20 23:08:14] 
[2025-08-20 23:08:14] Gesamtzeit: 0.01h (~ 4.25 eps/s)
[2025-08-20 23:08:14] K4 (Shared-Policy) Training abgeschlossen.
