[2025-09-26 17:27:58] New Training (k4a2): Shared-Policy DQN — In-Proc External Trainer (Bundle-Updates)
[2025-09-26 17:27:58] Deck_Size: 64
[2025-09-26 17:27:58] Episodes: 500000
[2025-09-26 17:27:58] Path: /home/wasterix/Multiagent/OpenSpiel_neu/open_spiel/President/models/k4a2/model_84
[2025-09-26 17:31:01] 
[2025-09-26 17:31:01] Benchmark @train_ep   10000 (bench_eps: 2000)
[2025-09-26 17:31:01] Macro Winrate          :  44.2%
[2025-09-26 17:31:01] Macro Ø-Reward         :  1.944
[2025-09-26 17:31:01] Winrate vs max_combo   :  22.8% | Σ-Reward:  2634.0 | Ø-Reward:  1.317 | Places: [456 (0.23), 395 (0.20), 476 (0.24), 673 (0.34)]
[2025-09-26 17:31:01] Winrate vs random2     :  50.9% | Σ-Reward:  4377.0 | Ø-Reward:  2.188 | Places: [1018 (0.51), 523 (0.26), 277 (0.14), 182 (0.09)]
[2025-09-26 17:31:01] Winrate vs single_only :  58.8% | Σ-Reward:  4652.0 | Ø-Reward:  2.326 | Places: [1176 (0.59), 429 (0.21), 266 (0.13), 129 (0.06)]
[2025-09-26 17:31:04] Timing @ep 10000: episode 29.4s | train 0.175s | eval 26.3s | plot 2.9s | save 0.011s | cum 0.06h
[2025-09-26 17:33:56] 
[2025-09-26 17:33:56] Benchmark @train_ep   20000 (bench_eps: 2000)
[2025-09-26 17:33:56] Macro Winrate          :  52.7%
[2025-09-26 17:33:56] Macro Ø-Reward         :  2.190
[2025-09-26 17:33:56] Winrate vs max_combo   :  29.9% | Σ-Reward:  3289.0 | Ø-Reward:  1.645 | Places: [598 (0.30), 515 (0.26), 465 (0.23), 422 (0.21)]
[2025-09-26 17:33:56] Winrate vs random2     :  64.2% | Σ-Reward:  4882.0 | Ø-Reward:  2.441 | Places: [1285 (0.64), 422 (0.21), 183 (0.09), 110 (0.06)]
[2025-09-26 17:33:56] Winrate vs single_only :  64.0% | Σ-Reward:  4967.0 | Ø-Reward:  2.483 | Places: [1280 (0.64), 475 (0.24), 177 (0.09), 68 (0.03)]
[2025-09-26 17:34:00] Timing @ep 20000: episode 28.6s | train 0.211s | eval 24.9s | plot 3.5s | save 0.002s | cum 0.11h
[2025-09-26 17:36:45] 
[2025-09-26 17:36:45] Benchmark @train_ep   30000 (bench_eps: 2000)
[2025-09-26 17:36:45] Macro Winrate          :  61.7%
[2025-09-26 17:36:45] Macro Ø-Reward         :  2.365
[2025-09-26 17:36:45] Winrate vs max_combo   :  37.4% | Σ-Reward:  3755.0 | Ø-Reward:  1.877 | Places: [748 (0.37), 561 (0.28), 389 (0.19), 302 (0.15)]
[2025-09-26 17:36:45] Winrate vs random2     :  72.3% | Σ-Reward:  5174.0 | Ø-Reward:  2.587 | Places: [1446 (0.72), 354 (0.18), 128 (0.06), 72 (0.04)]
[2025-09-26 17:36:45] Winrate vs single_only :  75.3% | Σ-Reward:  5258.0 | Ø-Reward:  2.629 | Places: [1506 (0.75), 314 (0.16), 112 (0.06), 68 (0.03)]
[2025-09-26 17:36:46] Timing @ep 30000: episode 28.6s | train 0.163s | eval 24.4s | plot 4.1s | save 0.002s | cum 0.16h
[2025-09-26 17:39:31] 
[2025-09-26 17:39:31] Benchmark @train_ep   40000 (bench_eps: 2000)
[2025-09-26 17:39:31] Macro Winrate          :  66.1%
[2025-09-26 17:39:31] Macro Ø-Reward         :  2.439
[2025-09-26 17:39:31] Winrate vs max_combo   :  40.8% | Σ-Reward:  3891.0 | Ø-Reward:  1.946 | Places: [815 (0.41), 544 (0.27), 358 (0.18), 283 (0.14)]
[2025-09-26 17:39:31] Winrate vs random2     :  74.0% | Σ-Reward:  5162.0 | Ø-Reward:  2.581 | Places: [1480 (0.74), 301 (0.15), 120 (0.06), 99 (0.05)]
[2025-09-26 17:39:31] Winrate vs single_only :  83.5% | Σ-Reward:  5582.0 | Ø-Reward:  2.791 | Places: [1670 (0.83), 261 (0.13), 50 (0.03), 19 (0.01)]
[2025-09-26 17:39:36] Timing @ep 40000: episode 29.9s | train 0.166s | eval 24.5s | plot 5.2s | save 0.002s | cum 0.21h
[2025-09-26 17:42:20] 
[2025-09-26 17:42:20] Benchmark @train_ep   50000 (bench_eps: 2000)
[2025-09-26 17:42:20] Macro Winrate          :  66.1%
[2025-09-26 17:42:20] Macro Ø-Reward         :  2.473
[2025-09-26 17:42:20] Winrate vs max_combo   :  42.2% | Σ-Reward:  4093.0 | Ø-Reward:  2.046 | Places: [845 (0.42), 614 (0.31), 330 (0.17), 211 (0.11)]
[2025-09-26 17:42:20] Winrate vs random2     :  75.1% | Σ-Reward:  5249.0 | Ø-Reward:  2.624 | Places: [1502 (0.75), 314 (0.16), 115 (0.06), 69 (0.03)]
[2025-09-26 17:42:20] Winrate vs single_only :  81.0% | Σ-Reward:  5497.0 | Ø-Reward:  2.748 | Places: [1620 (0.81), 282 (0.14), 73 (0.04), 25 (0.01)]
[2025-09-26 17:42:26] Timing @ep 50000: episode 30.9s | train 0.170s | eval 24.9s | plot 5.7s | save 0.002s | cum 0.26h
[2025-09-26 17:45:11] 
[2025-09-26 17:45:11] Benchmark @train_ep   60000 (bench_eps: 2000)
[2025-09-26 17:45:11] Macro Winrate          :  68.6%
[2025-09-26 17:45:11] Macro Ø-Reward         :  2.507
[2025-09-26 17:45:11] Winrate vs max_combo   :  45.1% | Σ-Reward:  4150.0 | Ø-Reward:  2.075 | Places: [903 (0.45), 550 (0.28), 341 (0.17), 206 (0.10)]
[2025-09-26 17:45:11] Winrate vs random2     :  78.2% | Σ-Reward:  5356.0 | Ø-Reward:  2.678 | Places: [1564 (0.78), 286 (0.14), 92 (0.05), 58 (0.03)]
[2025-09-26 17:45:11] Winrate vs single_only :  82.5% | Σ-Reward:  5539.0 | Ø-Reward:  2.769 | Places: [1650 (0.82), 261 (0.13), 67 (0.03), 22 (0.01)]
[2025-09-26 17:45:18] Timing @ep 60000: episode 31.2s | train 0.163s | eval 23.5s | plot 7.6s | save 0.003s | cum 0.31h
[2025-09-26 17:48:04] 
[2025-09-26 17:48:04] Benchmark @train_ep   70000 (bench_eps: 2000)
[2025-09-26 17:48:04] Macro Winrate          :  70.8%
[2025-09-26 17:48:04] Macro Ø-Reward         :  2.549
[2025-09-26 17:48:04] Winrate vs max_combo   :  48.9% | Σ-Reward:  4321.0 | Ø-Reward:  2.160 | Places: [977 (0.49), 556 (0.28), 278 (0.14), 189 (0.09)]
[2025-09-26 17:48:04] Winrate vs random2     :  78.3% | Σ-Reward:  5351.0 | Ø-Reward:  2.675 | Places: [1567 (0.78), 275 (0.14), 100 (0.05), 58 (0.03)]
[2025-09-26 17:48:04] Winrate vs single_only :  85.2% | Σ-Reward:  5621.0 | Ø-Reward:  2.811 | Places: [1705 (0.85), 228 (0.11), 50 (0.03), 17 (0.01)]
[2025-09-26 17:48:12] Timing @ep 70000: episode 29.9s | train 0.174s | eval 21.9s | plot 7.8s | save 0.002s | cum 0.36h
[2025-09-26 17:50:52] 
[2025-09-26 17:50:52] Benchmark @train_ep   80000 (bench_eps: 2000)
[2025-09-26 17:50:52] Macro Winrate          :  72.0%
[2025-09-26 17:50:52] Macro Ø-Reward         :  2.579
[2025-09-26 17:50:52] Winrate vs max_combo   :  53.2% | Σ-Reward:  4498.0 | Ø-Reward:  2.249 | Places: [1064 (0.53), 522 (0.26), 262 (0.13), 152 (0.08)]
[2025-09-26 17:50:52] Winrate vs random2     :  80.7% | Σ-Reward:  5460.0 | Ø-Reward:  2.730 | Places: [1614 (0.81), 263 (0.13), 92 (0.05), 31 (0.02)]
[2025-09-26 17:50:52] Winrate vs single_only :  82.1% | Σ-Reward:  5518.0 | Ø-Reward:  2.759 | Places: [1642 (0.82), 258 (0.13), 76 (0.04), 24 (0.01)]
[2025-09-26 17:51:01] Timing @ep 80000: episode 30.0s | train 0.177s | eval 20.9s | plot 8.9s | save 0.002s | cum 0.42h
[2025-09-26 17:53:44] 
[2025-09-26 17:53:44] Benchmark @train_ep   90000 (bench_eps: 2000)
[2025-09-26 17:53:44] Macro Winrate          :  71.6%
[2025-09-26 17:53:44] Macro Ø-Reward         :  2.553
[2025-09-26 17:53:44] Winrate vs max_combo   :  52.5% | Σ-Reward:  4445.0 | Ø-Reward:  2.223 | Places: [1051 (0.53), 515 (0.26), 262 (0.13), 172 (0.09)]
[2025-09-26 17:53:44] Winrate vs random2     :  78.1% | Σ-Reward:  5297.0 | Ø-Reward:  2.648 | Places: [1562 (0.78), 252 (0.13), 107 (0.05), 79 (0.04)]
[2025-09-26 17:53:44] Winrate vs single_only :  84.2% | Σ-Reward:  5576.0 | Ø-Reward:  2.788 | Places: [1685 (0.84), 226 (0.11), 69 (0.03), 20 (0.01)]
[2025-09-26 17:53:54] Timing @ep 90000: episode 31.9s | train 0.163s | eval 22.1s | plot 9.7s | save 0.002s | cum 0.47h
[2025-09-26 17:56:37] 
[2025-09-26 17:56:37] Benchmark @train_ep  100000 (bench_eps: 2000)
[2025-09-26 17:56:37] Macro Winrate          :  73.7%
[2025-09-26 17:56:37] Macro Ø-Reward         :  2.602
[2025-09-26 17:56:37] Winrate vs max_combo   :  56.8% | Σ-Reward:  4634.0 | Ø-Reward:  2.317 | Places: [1136 (0.57), 506 (0.25), 214 (0.11), 144 (0.07)]
[2025-09-26 17:56:37] Winrate vs random2     :  80.8% | Σ-Reward:  5398.0 | Ø-Reward:  2.699 | Places: [1615 (0.81), 233 (0.12), 87 (0.04), 65 (0.03)]
[2025-09-26 17:56:37] Winrate vs single_only :  83.6% | Σ-Reward:  5581.0 | Ø-Reward:  2.791 | Places: [1672 (0.84), 252 (0.13), 61 (0.03), 15 (0.01)]
[2025-09-26 17:56:47] Timing @ep 100000: episode 32.8s | train 0.115s | eval 22.7s | plot 10.0s | save 0.002s | cum 0.52h
[2025-09-26 17:59:33] 
[2025-09-26 17:59:33] Benchmark @train_ep  110000 (bench_eps: 2000)
[2025-09-26 17:59:33] Macro Winrate          :  73.6%
[2025-09-26 17:59:33] Macro Ø-Reward         :  2.600
[2025-09-26 17:59:33] Winrate vs max_combo   :  56.2% | Σ-Reward:  4599.0 | Ø-Reward:  2.300 | Places: [1124 (0.56), 493 (0.25), 241 (0.12), 142 (0.07)]
[2025-09-26 17:59:33] Winrate vs random2     :  80.0% | Σ-Reward:  5419.0 | Ø-Reward:  2.709 | Places: [1599 (0.80), 262 (0.13), 98 (0.05), 41 (0.02)]
[2025-09-26 17:59:33] Winrate vs single_only :  84.5% | Σ-Reward:  5583.0 | Ø-Reward:  2.792 | Places: [1691 (0.85), 225 (0.11), 60 (0.03), 24 (0.01)]
[2025-09-26 17:59:42] Timing @ep 110000: episode 34.0s | train 0.109s | eval 22.5s | plot 11.4s | save 0.002s | cum 0.57h
[2025-09-26 18:02:24] 
[2025-09-26 18:02:24] Benchmark @train_ep  120000 (bench_eps: 2000)
[2025-09-26 18:02:24] Macro Winrate          :  75.1%
[2025-09-26 18:02:24] Macro Ø-Reward         :  2.618
[2025-09-26 18:02:24] Winrate vs max_combo   :  56.7% | Σ-Reward:  4570.0 | Ø-Reward:  2.285 | Places: [1134 (0.57), 457 (0.23), 254 (0.13), 155 (0.08)]
[2025-09-26 18:02:24] Winrate vs random2     :  83.5% | Σ-Reward:  5511.0 | Ø-Reward:  2.756 | Places: [1670 (0.83), 212 (0.11), 77 (0.04), 41 (0.02)]
[2025-09-26 18:02:24] Winrate vs single_only :  85.1% | Σ-Reward:  5626.0 | Ø-Reward:  2.813 | Places: [1702 (0.85), 233 (0.12), 54 (0.03), 11 (0.01)]
[2025-09-26 18:02:34] Timing @ep 120000: episode 33.4s | train 0.149s | eval 21.4s | plot 11.8s | save 0.002s | cum 0.62h
[2025-09-26 18:05:19] 
[2025-09-26 18:05:19] Benchmark @train_ep  130000 (bench_eps: 2000)
[2025-09-26 18:05:19] Macro Winrate          :  75.4%
[2025-09-26 18:05:19] Macro Ø-Reward         :  2.639
[2025-09-26 18:05:19] Winrate vs max_combo   :  58.6% | Σ-Reward:  4729.0 | Ø-Reward:  2.365 | Places: [1172 (0.59), 511 (0.26), 191 (0.10), 126 (0.06)]
[2025-09-26 18:05:19] Winrate vs random2     :  83.5% | Σ-Reward:  5530.0 | Ø-Reward:  2.765 | Places: [1670 (0.83), 226 (0.11), 68 (0.03), 36 (0.02)]
[2025-09-26 18:05:19] Winrate vs single_only :  84.1% | Σ-Reward:  5578.0 | Ø-Reward:  2.789 | Places: [1682 (0.84), 226 (0.11), 80 (0.04), 12 (0.01)]
[2025-09-26 18:05:30] Timing @ep 130000: episode 36.1s | train 0.112s | eval 22.2s | plot 13.7s | save 0.003s | cum 0.68h
[2025-09-26 18:08:09] 
[2025-09-26 18:08:09] Benchmark @train_ep  140000 (bench_eps: 2000)
[2025-09-26 18:08:09] Macro Winrate          :  71.9%
[2025-09-26 18:08:09] Macro Ø-Reward         :  2.594
[2025-09-26 18:08:09] Winrate vs max_combo   :  56.4% | Σ-Reward:  4661.0 | Ø-Reward:  2.330 | Places: [1128 (0.56), 531 (0.27), 215 (0.11), 126 (0.06)]
[2025-09-26 18:08:09] Winrate vs random2     :  82.0% | Σ-Reward:  5499.0 | Ø-Reward:  2.749 | Places: [1640 (0.82), 247 (0.12), 85 (0.04), 28 (0.01)]
[2025-09-26 18:08:09] Winrate vs single_only :  77.2% | Σ-Reward:  5403.0 | Ø-Reward:  2.701 | Places: [1545 (0.77), 331 (0.17), 106 (0.05), 18 (0.01)]
[2025-09-26 18:08:23] Timing @ep 140000: episode 36.5s | train 0.152s | eval 22.0s | plot 14.3s | save 0.002s | cum 0.73h
[2025-09-26 18:11:04] 
[2025-09-26 18:11:04] Benchmark @train_ep  150000 (bench_eps: 2000)
[2025-09-26 18:11:04] Macro Winrate          :  74.2%
[2025-09-26 18:11:04] Macro Ø-Reward         :  2.622
[2025-09-26 18:11:04] Winrate vs max_combo   :  54.9% | Σ-Reward:  4601.0 | Ø-Reward:  2.300 | Places: [1097 (0.55), 536 (0.27), 238 (0.12), 129 (0.06)]
[2025-09-26 18:11:04] Winrate vs random2     :  84.0% | Σ-Reward:  5566.0 | Ø-Reward:  2.783 | Places: [1680 (0.84), 236 (0.12), 54 (0.03), 30 (0.01)]
[2025-09-26 18:11:04] Winrate vs single_only :  83.8% | Σ-Reward:  5563.0 | Ø-Reward:  2.781 | Places: [1675 (0.84), 228 (0.11), 82 (0.04), 15 (0.01)]
[2025-09-26 18:11:19] Timing @ep 150000: episode 37.0s | train 0.118s | eval 21.8s | plot 15.1s | save 0.003s | cum 0.78h
[2025-09-26 18:14:00] 
[2025-09-26 18:14:00] Benchmark @train_ep  160000 (bench_eps: 2000)
[2025-09-26 18:14:00] Macro Winrate          :  75.9%
[2025-09-26 18:14:00] Macro Ø-Reward         :  2.640
[2025-09-26 18:14:00] Winrate vs max_combo   :  59.5% | Σ-Reward:  4727.0 | Ø-Reward:  2.364 | Places: [1190 (0.59), 474 (0.24), 209 (0.10), 127 (0.06)]
[2025-09-26 18:14:00] Winrate vs random2     :  82.9% | Σ-Reward:  5487.0 | Ø-Reward:  2.744 | Places: [1658 (0.83), 220 (0.11), 73 (0.04), 49 (0.02)]
[2025-09-26 18:14:00] Winrate vs single_only :  85.2% | Σ-Reward:  5629.0 | Ø-Reward:  2.814 | Places: [1704 (0.85), 231 (0.12), 55 (0.03), 10 (0.01)]
[2025-09-26 18:14:16] Timing @ep 160000: episode 38.0s | train 0.113s | eval 21.7s | plot 16.1s | save 0.003s | cum 0.83h
[2025-09-26 18:16:58] 
[2025-09-26 18:16:58] Benchmark @train_ep  170000 (bench_eps: 2000)
[2025-09-26 18:16:58] Macro Winrate          :  76.5%
[2025-09-26 18:16:58] Macro Ø-Reward         :  2.659
[2025-09-26 18:16:58] Winrate vs max_combo   :  59.0% | Σ-Reward:  4751.0 | Ø-Reward:  2.376 | Places: [1181 (0.59), 491 (0.25), 226 (0.11), 102 (0.05)]
[2025-09-26 18:16:58] Winrate vs random2     :  87.6% | Σ-Reward:  5657.0 | Ø-Reward:  2.829 | Places: [1752 (0.88), 182 (0.09), 37 (0.02), 29 (0.01)]
[2025-09-26 18:16:58] Winrate vs single_only :  82.9% | Σ-Reward:  5546.0 | Ø-Reward:  2.773 | Places: [1658 (0.83), 247 (0.12), 78 (0.04), 17 (0.01)]
[2025-09-26 18:17:15] Timing @ep 170000: episode 40.5s | train 0.117s | eval 23.7s | plot 16.6s | save 0.003s | cum 0.89h
[2025-09-26 18:19:59] 
[2025-09-26 18:19:59] Benchmark @train_ep  180000 (bench_eps: 2000)
[2025-09-26 18:19:59] Macro Winrate          :  74.2%
[2025-09-26 18:19:59] Macro Ø-Reward         :  2.606
[2025-09-26 18:19:59] Winrate vs max_combo   :  56.0% | Σ-Reward:  4597.0 | Ø-Reward:  2.299 | Places: [1119 (0.56), 514 (0.26), 212 (0.11), 155 (0.08)]
[2025-09-26 18:19:59] Winrate vs random2     :  81.1% | Σ-Reward:  5430.0 | Ø-Reward:  2.715 | Places: [1622 (0.81), 238 (0.12), 88 (0.04), 52 (0.03)]
[2025-09-26 18:19:59] Winrate vs single_only :  85.5% | Σ-Reward:  5611.0 | Ø-Reward:  2.805 | Places: [1711 (0.86), 206 (0.10), 66 (0.03), 17 (0.01)]
[2025-09-26 18:20:17] Timing @ep 180000: episode 44.8s | train 0.188s | eval 26.2s | plot 18.4s | save 0.002s | cum 0.94h
[2025-09-26 18:22:57] 
[2025-09-26 18:22:57] Benchmark @train_ep  190000 (bench_eps: 2000)
[2025-09-26 18:22:57] Macro Winrate          :  76.0%
[2025-09-26 18:22:57] Macro Ø-Reward         :  2.658
[2025-09-26 18:22:57] Winrate vs max_combo   :  58.0% | Σ-Reward:  4749.0 | Ø-Reward:  2.374 | Places: [1159 (0.58), 540 (0.27), 192 (0.10), 109 (0.05)]
[2025-09-26 18:22:57] Winrate vs random2     :  85.4% | Σ-Reward:  5584.0 | Ø-Reward:  2.792 | Places: [1708 (0.85), 203 (0.10), 54 (0.03), 35 (0.02)]
[2025-09-26 18:22:57] Winrate vs single_only :  84.5% | Σ-Reward:  5615.0 | Ø-Reward:  2.808 | Places: [1691 (0.85), 245 (0.12), 52 (0.03), 12 (0.01)]
[2025-09-26 18:23:15] Timing @ep 190000: episode 41.3s | train 0.142s | eval 23.0s | plot 18.1s | save 0.002s | cum 1.00h
[2025-09-26 18:25:52] 
[2025-09-26 18:25:52] Benchmark @train_ep  200000 (bench_eps: 2000)
[2025-09-26 18:25:52] Macro Winrate          :  73.2%
[2025-09-26 18:25:52] Macro Ø-Reward         :  2.607
[2025-09-26 18:25:52] Winrate vs max_combo   :  56.6% | Σ-Reward:  4628.0 | Ø-Reward:  2.314 | Places: [1132 (0.57), 492 (0.25), 248 (0.12), 128 (0.06)]
[2025-09-26 18:25:52] Winrate vs random2     :  81.2% | Σ-Reward:  5494.0 | Ø-Reward:  2.747 | Places: [1623 (0.81), 269 (0.13), 87 (0.04), 21 (0.01)]
[2025-09-26 18:25:52] Winrate vs single_only :  82.0% | Σ-Reward:  5519.0 | Ø-Reward:  2.760 | Places: [1639 (0.82), 259 (0.13), 84 (0.04), 18 (0.01)]
[2025-09-26 18:26:12] Timing @ep 200000: episode 41.2s | train 0.114s | eval 21.8s | plot 19.2s | save 0.003s | cum 1.05h
[2025-09-26 18:28:51] 
[2025-09-26 18:28:51] Benchmark @train_ep  210000 (bench_eps: 2000)
[2025-09-26 18:28:51] Macro Winrate          :  75.1%
[2025-09-26 18:28:51] Macro Ø-Reward         :  2.636
[2025-09-26 18:28:51] Winrate vs max_combo   :  58.8% | Σ-Reward:  4708.0 | Ø-Reward:  2.354 | Places: [1176 (0.59), 489 (0.24), 202 (0.10), 133 (0.07)]
[2025-09-26 18:28:51] Winrate vs random2     :  82.4% | Σ-Reward:  5513.0 | Ø-Reward:  2.756 | Places: [1648 (0.82), 245 (0.12), 79 (0.04), 28 (0.01)]
[2025-09-26 18:28:51] Winrate vs single_only :  84.1% | Σ-Reward:  5596.0 | Ø-Reward:  2.798 | Places: [1682 (0.84), 248 (0.12), 54 (0.03), 16 (0.01)]
[2025-09-26 18:29:09] Timing @ep 210000: episode 42.4s | train 0.111s | eval 21.7s | plot 20.6s | save 0.002s | cum 1.10h
[2025-09-26 18:31:49] 
[2025-09-26 18:31:49] Benchmark @train_ep  220000 (bench_eps: 2000)
[2025-09-26 18:31:49] Macro Winrate          :  76.2%
[2025-09-26 18:31:49] Macro Ø-Reward         :  2.667
[2025-09-26 18:31:49] Winrate vs max_combo   :  59.0% | Σ-Reward:  4795.0 | Ø-Reward:  2.397 | Places: [1179 (0.59), 527 (0.26), 204 (0.10), 90 (0.04)]
[2025-09-26 18:31:49] Winrate vs random2     :  84.5% | Σ-Reward:  5580.0 | Ø-Reward:  2.790 | Places: [1690 (0.84), 219 (0.11), 72 (0.04), 19 (0.01)]
[2025-09-26 18:31:49] Winrate vs single_only :  85.2% | Σ-Reward:  5625.0 | Ø-Reward:  2.812 | Places: [1703 (0.85), 226 (0.11), 64 (0.03), 7 (0.00)]
[2025-09-26 18:32:10] Timing @ep 220000: episode 43.0s | train 0.112s | eval 21.7s | plot 21.2s | save 0.003s | cum 1.16h
[2025-09-26 18:34:48] 
[2025-09-26 18:34:48] Benchmark @train_ep  230000 (bench_eps: 2000)
[2025-09-26 18:34:48] Macro Winrate          :  74.7%
[2025-09-26 18:34:48] Macro Ø-Reward         :  2.613
[2025-09-26 18:34:48] Winrate vs max_combo   :  57.5% | Σ-Reward:  4630.0 | Ø-Reward:  2.315 | Places: [1151 (0.58), 482 (0.24), 213 (0.11), 154 (0.08)]
[2025-09-26 18:34:48] Winrate vs random2     :  83.0% | Σ-Reward:  5494.0 | Ø-Reward:  2.747 | Places: [1661 (0.83), 214 (0.11), 83 (0.04), 42 (0.02)]
[2025-09-26 18:34:48] Winrate vs single_only :  83.5% | Σ-Reward:  5551.0 | Ø-Reward:  2.776 | Places: [1671 (0.84), 230 (0.12), 78 (0.04), 21 (0.01)]
[2025-09-26 18:35:10] Timing @ep 230000: episode 42.8s | train 0.117s | eval 21.4s | plot 21.2s | save 0.002s | cum 1.21h
[2025-09-26 18:37:49] 
[2025-09-26 18:37:49] Benchmark @train_ep  240000 (bench_eps: 2000)
[2025-09-26 18:37:49] Macro Winrate          :  75.2%
[2025-09-26 18:37:49] Macro Ø-Reward         :  2.634
[2025-09-26 18:37:49] Winrate vs max_combo   :  59.2% | Σ-Reward:  4712.0 | Ø-Reward:  2.356 | Places: [1185 (0.59), 481 (0.24), 195 (0.10), 139 (0.07)]
[2025-09-26 18:37:49] Winrate vs random2     :  84.2% | Σ-Reward:  5560.0 | Ø-Reward:  2.780 | Places: [1684 (0.84), 214 (0.11), 80 (0.04), 22 (0.01)]
[2025-09-26 18:37:49] Winrate vs single_only :  82.2% | Σ-Reward:  5531.0 | Ø-Reward:  2.765 | Places: [1645 (0.82), 261 (0.13), 74 (0.04), 20 (0.01)]
[2025-09-26 18:38:12] Timing @ep 240000: episode 46.1s | train 0.157s | eval 23.3s | plot 22.7s | save 0.002s | cum 1.27h
[2025-09-26 18:40:50] 
[2025-09-26 18:40:50] Benchmark @train_ep  250000 (bench_eps: 2000)
[2025-09-26 18:40:50] Macro Winrate          :  75.9%
[2025-09-26 18:40:50] Macro Ø-Reward         :  2.651
[2025-09-26 18:40:50] Winrate vs max_combo   :  57.0% | Σ-Reward:  4684.0 | Ø-Reward:  2.342 | Places: [1141 (0.57), 508 (0.25), 245 (0.12), 106 (0.05)]
[2025-09-26 18:40:50] Winrate vs random2     :  86.3% | Σ-Reward:  5628.0 | Ø-Reward:  2.814 | Places: [1727 (0.86), 195 (0.10), 57 (0.03), 21 (0.01)]
[2025-09-26 18:40:50] Winrate vs single_only :  84.4% | Σ-Reward:  5596.0 | Ø-Reward:  2.798 | Places: [1688 (0.84), 233 (0.12), 66 (0.03), 13 (0.01)]
[2025-09-26 18:41:14] Timing @ep 250000: episode 46.4s | train 0.116s | eval 22.3s | plot 24.0s | save 0.003s | cum 1.32h
[2025-09-26 18:43:54] 
[2025-09-26 18:43:54] Benchmark @train_ep  260000 (bench_eps: 2000)
[2025-09-26 18:43:54] Macro Winrate          :  72.2%
[2025-09-26 18:43:54] Macro Ø-Reward         :  2.594
[2025-09-26 18:43:54] Winrate vs max_combo   :  54.8% | Σ-Reward:  4630.0 | Ø-Reward:  2.315 | Places: [1095 (0.55), 555 (0.28), 235 (0.12), 115 (0.06)]
[2025-09-26 18:43:54] Winrate vs random2     :  78.6% | Σ-Reward:  5382.0 | Ø-Reward:  2.691 | Places: [1572 (0.79), 288 (0.14), 90 (0.04), 50 (0.03)]
[2025-09-26 18:43:54] Winrate vs single_only :  83.2% | Σ-Reward:  5552.0 | Ø-Reward:  2.776 | Places: [1664 (0.83), 242 (0.12), 76 (0.04), 18 (0.01)]
[2025-09-26 18:44:16] Timing @ep 260000: episode 48.3s | train 0.119s | eval 23.5s | plot 24.8s | save 0.002s | cum 1.38h
[2025-09-26 18:47:00] 
[2025-09-26 18:47:00] Benchmark @train_ep  270000 (bench_eps: 2000)
[2025-09-26 18:47:00] Macro Winrate          :  74.0%
[2025-09-26 18:47:00] Macro Ø-Reward         :  2.613
[2025-09-26 18:47:00] Winrate vs max_combo   :  56.7% | Σ-Reward:  4662.0 | Ø-Reward:  2.331 | Places: [1134 (0.57), 515 (0.26), 230 (0.12), 121 (0.06)]
[2025-09-26 18:47:00] Winrate vs random2     :  80.3% | Σ-Reward:  5414.0 | Ø-Reward:  2.707 | Places: [1606 (0.80), 258 (0.13), 80 (0.04), 56 (0.03)]
[2025-09-26 18:47:00] Winrate vs single_only :  85.1% | Σ-Reward:  5602.0 | Ø-Reward:  2.801 | Places: [1702 (0.85), 215 (0.11), 66 (0.03), 17 (0.01)]
[2025-09-26 18:47:24] Timing @ep 270000: episode 49.6s | train 0.134s | eval 23.0s | plot 26.5s | save 0.002s | cum 1.43h
[2025-09-26 18:50:07] 
[2025-09-26 18:50:07] Benchmark @train_ep  280000 (bench_eps: 2000)
[2025-09-26 18:50:07] Macro Winrate          :  72.1%
[2025-09-26 18:50:07] Macro Ø-Reward         :  2.578
[2025-09-26 18:50:07] Winrate vs max_combo   :  57.0% | Σ-Reward:  4621.0 | Ø-Reward:  2.311 | Places: [1140 (0.57), 473 (0.24), 255 (0.13), 132 (0.07)]
[2025-09-26 18:50:07] Winrate vs random2     :  79.3% | Σ-Reward:  5382.0 | Ø-Reward:  2.691 | Places: [1586 (0.79), 262 (0.13), 100 (0.05), 52 (0.03)]
[2025-09-26 18:50:07] Winrate vs single_only :  80.0% | Σ-Reward:  5462.0 | Ø-Reward:  2.731 | Places: [1599 (0.80), 284 (0.14), 97 (0.05), 20 (0.01)]
[2025-09-26 18:50:31] Timing @ep 280000: episode 47.3s | train 0.127s | eval 22.2s | plot 25.0s | save 0.002s | cum 1.49h
[2025-09-26 18:53:11] 
[2025-09-26 18:53:11] Benchmark @train_ep  290000 (bench_eps: 2000)
[2025-09-26 18:53:11] Macro Winrate          :  73.8%
[2025-09-26 18:53:11] Macro Ø-Reward         :  2.627
[2025-09-26 18:53:11] Winrate vs max_combo   :  57.4% | Σ-Reward:  4711.0 | Ø-Reward:  2.356 | Places: [1147 (0.57), 520 (0.26), 230 (0.12), 103 (0.05)]
[2025-09-26 18:53:11] Winrate vs random2     :  82.8% | Σ-Reward:  5541.0 | Ø-Reward:  2.771 | Places: [1655 (0.83), 260 (0.13), 56 (0.03), 29 (0.01)]
[2025-09-26 18:53:11] Winrate vs single_only :  81.2% | Σ-Reward:  5513.0 | Ø-Reward:  2.756 | Places: [1625 (0.81), 276 (0.14), 86 (0.04), 13 (0.01)]
[2025-09-26 18:53:36] Timing @ep 290000: episode 47.6s | train 0.115s | eval 21.8s | plot 25.7s | save 0.003s | cum 1.54h
[2025-09-26 18:56:20] 
[2025-09-26 18:56:20] Benchmark @train_ep  300000 (bench_eps: 2000)
[2025-09-26 18:56:20] Macro Winrate          :  77.3%
[2025-09-26 18:56:20] Macro Ø-Reward         :  2.674
[2025-09-26 18:56:20] Winrate vs max_combo   :  61.5% | Σ-Reward:  4864.0 | Ø-Reward:  2.432 | Places: [1229 (0.61), 497 (0.25), 183 (0.09), 91 (0.05)]
[2025-09-26 18:56:20] Winrate vs random2     :  86.2% | Σ-Reward:  5590.0 | Ø-Reward:  2.795 | Places: [1725 (0.86), 179 (0.09), 57 (0.03), 39 (0.02)]
[2025-09-26 18:56:20] Winrate vs single_only :  84.2% | Σ-Reward:  5588.0 | Ø-Reward:  2.794 | Places: [1685 (0.84), 230 (0.12), 73 (0.04), 12 (0.01)]
[2025-09-26 18:56:46] Timing @ep 300000: episode 48.2s | train 0.141s | eval 21.1s | plot 26.9s | save 0.003s | cum 1.60h
[2025-09-26 18:59:29] 
[2025-09-26 18:59:29] Benchmark @train_ep  310000 (bench_eps: 2000)
[2025-09-26 18:59:29] Macro Winrate          :  73.6%
[2025-09-26 18:59:29] Macro Ø-Reward         :  2.603
[2025-09-26 18:59:29] Winrate vs max_combo   :  59.1% | Σ-Reward:  4717.0 | Ø-Reward:  2.358 | Places: [1182 (0.59), 484 (0.24), 203 (0.10), 131 (0.07)]
[2025-09-26 18:59:29] Winrate vs random2     :  80.2% | Σ-Reward:  5379.0 | Ø-Reward:  2.689 | Places: [1604 (0.80), 236 (0.12), 95 (0.05), 65 (0.03)]
[2025-09-26 18:59:29] Winrate vs single_only :  81.5% | Σ-Reward:  5521.0 | Ø-Reward:  2.760 | Places: [1630 (0.81), 278 (0.14), 75 (0.04), 17 (0.01)]
[2025-09-26 18:59:57] Timing @ep 310000: episode 49.6s | train 0.114s | eval 21.6s | plot 27.8s | save 0.002s | cum 1.65h
[2025-09-26 19:02:37] 
[2025-09-26 19:02:37] Benchmark @train_ep  320000 (bench_eps: 2000)
[2025-09-26 19:02:37] Macro Winrate          :  77.1%
[2025-09-26 19:02:37] Macro Ø-Reward         :  2.678
[2025-09-26 19:02:37] Winrate vs max_combo   :  60.1% | Σ-Reward:  4808.0 | Ø-Reward:  2.404 | Places: [1202 (0.60), 493 (0.25), 216 (0.11), 89 (0.04)]
[2025-09-26 19:02:37] Winrate vs random2     :  87.5% | Σ-Reward:  5672.0 | Ø-Reward:  2.836 | Places: [1749 (0.87), 191 (0.10), 43 (0.02), 17 (0.01)]
[2025-09-26 19:02:37] Winrate vs single_only :  83.9% | Σ-Reward:  5587.0 | Ø-Reward:  2.793 | Places: [1678 (0.84), 243 (0.12), 67 (0.03), 12 (0.01)]
[2025-09-26 19:03:05] Timing @ep 320000: episode 48.8s | train 0.125s | eval 20.7s | plot 27.9s | save 0.002s | cum 1.70h
[2025-09-26 19:05:43] 
[2025-09-26 19:05:43] Benchmark @train_ep  330000 (bench_eps: 2000)
[2025-09-26 19:05:43] Macro Winrate          :  74.0%
[2025-09-26 19:05:43] Macro Ø-Reward         :  2.600
[2025-09-26 19:05:43] Winrate vs max_combo   :  57.8% | Σ-Reward:  4636.0 | Ø-Reward:  2.318 | Places: [1156 (0.58), 473 (0.24), 222 (0.11), 149 (0.07)]
[2025-09-26 19:05:44] Winrate vs random2     :  81.9% | Σ-Reward:  5438.0 | Ø-Reward:  2.719 | Places: [1638 (0.82), 210 (0.10), 104 (0.05), 48 (0.02)]
[2025-09-26 19:05:44] Winrate vs single_only :  82.3% | Σ-Reward:  5525.0 | Ø-Reward:  2.763 | Places: [1646 (0.82), 255 (0.13), 77 (0.04), 22 (0.01)]
[2025-09-26 19:06:13] Timing @ep 330000: episode 49.9s | train 0.105s | eval 20.3s | plot 29.5s | save 0.002s | cum 1.75h
[2025-09-26 19:08:51] 
[2025-09-26 19:08:51] Benchmark @train_ep  340000 (bench_eps: 2000)
[2025-09-26 19:08:51] Macro Winrate          :  74.8%
[2025-09-26 19:08:51] Macro Ø-Reward         :  2.629
[2025-09-26 19:08:51] Winrate vs max_combo   :  59.0% | Σ-Reward:  4735.0 | Ø-Reward:  2.368 | Places: [1181 (0.59), 474 (0.24), 244 (0.12), 101 (0.05)]
[2025-09-26 19:08:51] Winrate vs random2     :  82.1% | Σ-Reward:  5489.0 | Ø-Reward:  2.744 | Places: [1642 (0.82), 241 (0.12), 81 (0.04), 36 (0.02)]
[2025-09-26 19:08:51] Winrate vs single_only :  83.3% | Σ-Reward:  5550.0 | Ø-Reward:  2.775 | Places: [1666 (0.83), 237 (0.12), 78 (0.04), 19 (0.01)]
[2025-09-26 19:09:22] Timing @ep 340000: episode 51.5s | train 0.137s | eval 20.6s | plot 30.7s | save 0.002s | cum 1.81h
[2025-09-26 19:12:00] 
[2025-09-26 19:12:00] Benchmark @train_ep  350000 (bench_eps: 2000)
[2025-09-26 19:12:00] Macro Winrate          :  74.9%
[2025-09-26 19:12:00] Macro Ø-Reward         :  2.642
[2025-09-26 19:12:00] Winrate vs max_combo   :  57.7% | Σ-Reward:  4718.0 | Ø-Reward:  2.359 | Places: [1154 (0.58), 523 (0.26), 210 (0.10), 113 (0.06)]
[2025-09-26 19:12:00] Winrate vs random2     :  83.9% | Σ-Reward:  5574.0 | Ø-Reward:  2.787 | Places: [1678 (0.84), 245 (0.12), 50 (0.03), 27 (0.01)]
[2025-09-26 19:12:00] Winrate vs single_only :  83.1% | Σ-Reward:  5560.0 | Ø-Reward:  2.780 | Places: [1662 (0.83), 248 (0.12), 78 (0.04), 12 (0.01)]
[2025-09-26 19:12:30] Timing @ep 350000: episode 50.6s | train 0.115s | eval 20.4s | plot 30.1s | save 0.003s | cum 1.86h
[2025-09-26 19:15:08] 
[2025-09-26 19:15:08] Benchmark @train_ep  360000 (bench_eps: 2000)
[2025-09-26 19:15:08] Macro Winrate          :  75.6%
[2025-09-26 19:15:08] Macro Ø-Reward         :  2.645
[2025-09-26 19:15:08] Winrate vs max_combo   :  60.5% | Σ-Reward:  4798.0 | Ø-Reward:  2.399 | Places: [1210 (0.60), 479 (0.24), 210 (0.10), 101 (0.05)]
[2025-09-26 19:15:08] Winrate vs random2     :  81.4% | Σ-Reward:  5466.0 | Ø-Reward:  2.733 | Places: [1628 (0.81), 255 (0.13), 72 (0.04), 45 (0.02)]
[2025-09-26 19:15:08] Winrate vs single_only :  84.8% | Σ-Reward:  5604.0 | Ø-Reward:  2.802 | Places: [1696 (0.85), 226 (0.11), 64 (0.03), 14 (0.01)]
[2025-09-26 19:15:38] Timing @ep 360000: episode 51.4s | train 0.102s | eval 21.1s | plot 30.2s | save 0.003s | cum 1.91h
[2025-09-26 19:18:16] 
[2025-09-26 19:18:16] Benchmark @train_ep  370000 (bench_eps: 2000)
[2025-09-26 19:18:16] Macro Winrate          :  74.2%
[2025-09-26 19:18:16] Macro Ø-Reward         :  2.611
[2025-09-26 19:18:16] Winrate vs max_combo   :  57.1% | Σ-Reward:  4659.0 | Ø-Reward:  2.329 | Places: [1143 (0.57), 503 (0.25), 224 (0.11), 130 (0.07)]
[2025-09-26 19:18:16] Winrate vs random2     :  81.0% | Σ-Reward:  5407.0 | Ø-Reward:  2.704 | Places: [1621 (0.81), 225 (0.11), 94 (0.05), 60 (0.03)]
[2025-09-26 19:18:16] Winrate vs single_only :  84.5% | Σ-Reward:  5597.0 | Ø-Reward:  2.799 | Places: [1691 (0.85), 230 (0.12), 64 (0.03), 15 (0.01)]
[2025-09-26 19:18:49] Timing @ep 370000: episode 53.7s | train 0.105s | eval 20.4s | plot 33.1s | save 0.002s | cum 1.97h
[2025-09-26 19:21:29] 
[2025-09-26 19:21:29] Benchmark @train_ep  380000 (bench_eps: 2000)
[2025-09-26 19:21:29] Macro Winrate          :  74.5%
[2025-09-26 19:21:29] Macro Ø-Reward         :  2.630
[2025-09-26 19:21:29] Winrate vs max_combo   :  57.9% | Σ-Reward:  4746.0 | Ø-Reward:  2.373 | Places: [1158 (0.58), 530 (0.27), 212 (0.11), 100 (0.05)]
[2025-09-26 19:21:29] Winrate vs random2     :  82.2% | Σ-Reward:  5482.0 | Ø-Reward:  2.741 | Places: [1643 (0.82), 240 (0.12), 73 (0.04), 44 (0.02)]
[2025-09-26 19:21:29] Winrate vs single_only :  83.4% | Σ-Reward:  5551.0 | Ø-Reward:  2.776 | Places: [1668 (0.83), 232 (0.12), 83 (0.04), 17 (0.01)]
[2025-09-26 19:22:02] Timing @ep 380000: episode 54.2s | train 0.117s | eval 20.7s | plot 33.4s | save 0.002s | cum 2.02h
[2025-09-26 19:24:40] 
[2025-09-26 19:24:40] Benchmark @train_ep  390000 (bench_eps: 2000)
[2025-09-26 19:24:40] Macro Winrate          :  75.1%
[2025-09-26 19:24:40] Macro Ø-Reward         :  2.643
[2025-09-26 19:24:40] Winrate vs max_combo   :  59.7% | Σ-Reward:  4796.0 | Ø-Reward:  2.398 | Places: [1194 (0.60), 515 (0.26), 184 (0.09), 107 (0.05)]
[2025-09-26 19:24:40] Winrate vs random2     :  80.8% | Σ-Reward:  5454.0 | Ø-Reward:  2.727 | Places: [1615 (0.81), 267 (0.13), 75 (0.04), 43 (0.02)]
[2025-09-26 19:24:40] Winrate vs single_only :  84.8% | Σ-Reward:  5610.0 | Ø-Reward:  2.805 | Places: [1697 (0.85), 226 (0.11), 67 (0.03), 10 (0.01)]
[2025-09-26 19:25:13] Timing @ep 390000: episode 53.1s | train 0.169s | eval 20.8s | plot 32.2s | save 0.003s | cum 2.07h
[2025-09-26 19:27:48] 
[2025-09-26 19:27:48] Benchmark @train_ep  400000 (bench_eps: 2000)
[2025-09-26 19:27:48] Macro Winrate          :  74.0%
[2025-09-26 19:27:48] Macro Ø-Reward         :  2.616
[2025-09-26 19:27:48] Winrate vs max_combo   :  57.0% | Σ-Reward:  4675.0 | Ø-Reward:  2.337 | Places: [1139 (0.57), 514 (0.26), 230 (0.12), 117 (0.06)]
[2025-09-26 19:27:48] Winrate vs random2     :  81.2% | Σ-Reward:  5439.0 | Ø-Reward:  2.720 | Places: [1623 (0.81), 247 (0.12), 76 (0.04), 54 (0.03)]
[2025-09-26 19:27:48] Winrate vs single_only :  83.8% | Σ-Reward:  5581.0 | Ø-Reward:  2.791 | Places: [1675 (0.84), 244 (0.12), 68 (0.03), 13 (0.01)]
[2025-09-26 19:28:23] Timing @ep 400000: episode 55.1s | train 0.149s | eval 20.3s | plot 34.7s | save 0.002s | cum 2.12h
[2025-09-26 19:31:02] 
[2025-09-26 19:31:02] Benchmark @train_ep  410000 (bench_eps: 2000)
[2025-09-26 19:31:02] Macro Winrate          :  75.0%
[2025-09-26 19:31:02] Macro Ø-Reward         :  2.635
[2025-09-26 19:31:02] Winrate vs max_combo   :  61.1% | Σ-Reward:  4838.0 | Ø-Reward:  2.419 | Places: [1222 (0.61), 494 (0.25), 184 (0.09), 100 (0.05)]
[2025-09-26 19:31:02] Winrate vs random2     :  82.3% | Σ-Reward:  5438.0 | Ø-Reward:  2.719 | Places: [1647 (0.82), 206 (0.10), 85 (0.04), 62 (0.03)]
[2025-09-26 19:31:02] Winrate vs single_only :  81.7% | Σ-Reward:  5536.0 | Ø-Reward:  2.768 | Places: [1633 (0.82), 283 (0.14), 71 (0.04), 13 (0.01)]
[2025-09-26 19:31:37] Timing @ep 410000: episode 54.6s | train 0.117s | eval 20.1s | plot 34.4s | save 0.003s | cum 2.18h
[2025-09-26 19:34:16] 
[2025-09-26 19:34:16] Benchmark @train_ep  420000 (bench_eps: 2000)
[2025-09-26 19:34:16] Macro Winrate          :  72.7%
[2025-09-26 19:34:16] Macro Ø-Reward         :  2.577
[2025-09-26 19:34:16] Winrate vs max_combo   :  57.4% | Σ-Reward:  4626.0 | Ø-Reward:  2.313 | Places: [1148 (0.57), 474 (0.24), 234 (0.12), 144 (0.07)]
[2025-09-26 19:34:16] Winrate vs random2     :  78.7% | Σ-Reward:  5313.0 | Ø-Reward:  2.656 | Places: [1573 (0.79), 241 (0.12), 112 (0.06), 74 (0.04)]
[2025-09-26 19:34:16] Winrate vs single_only :  81.9% | Σ-Reward:  5523.0 | Ø-Reward:  2.761 | Places: [1638 (0.82), 271 (0.14), 67 (0.03), 24 (0.01)]
[2025-09-26 19:34:51] Timing @ep 420000: episode 55.3s | train 0.148s | eval 20.5s | plot 34.6s | save 0.003s | cum 2.23h
[2025-09-26 19:37:29] 
[2025-09-26 19:37:29] Benchmark @train_ep  430000 (bench_eps: 2000)
[2025-09-26 19:37:29] Macro Winrate          :  74.7%
[2025-09-26 19:37:29] Macro Ø-Reward         :  2.608
[2025-09-26 19:37:29] Winrate vs max_combo   :  59.9% | Σ-Reward:  4743.0 | Ø-Reward:  2.372 | Places: [1197 (0.60), 476 (0.24), 200 (0.10), 127 (0.06)]
[2025-09-26 19:37:29] Winrate vs random2     :  77.6% | Σ-Reward:  5269.0 | Ø-Reward:  2.635 | Places: [1552 (0.78), 237 (0.12), 139 (0.07), 72 (0.04)]
[2025-09-26 19:37:29] Winrate vs single_only :  86.6% | Σ-Reward:  5633.0 | Ø-Reward:  2.817 | Places: [1732 (0.87), 186 (0.09), 65 (0.03), 17 (0.01)]
[2025-09-26 19:38:04] Timing @ep 430000: episode 56.6s | train 0.107s | eval 21.1s | plot 35.4s | save 0.004s | cum 2.29h
[2025-09-26 19:40:43] 
[2025-09-26 19:40:43] Benchmark @train_ep  440000 (bench_eps: 2000)
[2025-09-26 19:40:43] Macro Winrate          :  75.1%
[2025-09-26 19:40:43] Macro Ø-Reward         :  2.618
[2025-09-26 19:40:43] Winrate vs max_combo   :  60.0% | Σ-Reward:  4753.0 | Ø-Reward:  2.377 | Places: [1199 (0.60), 484 (0.24), 188 (0.09), 129 (0.06)]
[2025-09-26 19:40:43] Winrate vs random2     :  78.4% | Σ-Reward:  5310.0 | Ø-Reward:  2.655 | Places: [1568 (0.78), 252 (0.13), 102 (0.05), 78 (0.04)]
[2025-09-26 19:40:43] Winrate vs single_only :  87.0% | Σ-Reward:  5644.0 | Ø-Reward:  2.822 | Places: [1740 (0.87), 182 (0.09), 60 (0.03), 18 (0.01)]
[2025-09-26 19:41:19] Timing @ep 440000: episode 57.6s | train 0.102s | eval 20.7s | plot 36.8s | save 0.004s | cum 2.34h
[2025-09-26 19:44:00] 
[2025-09-26 19:44:00] Benchmark @train_ep  450000 (bench_eps: 2000)
[2025-09-26 19:44:00] Macro Winrate          :  75.2%
[2025-09-26 19:44:00] Macro Ø-Reward         :  2.640
[2025-09-26 19:44:00] Winrate vs max_combo   :  58.1% | Σ-Reward:  4740.0 | Ø-Reward:  2.370 | Places: [1162 (0.58), 531 (0.27), 192 (0.10), 115 (0.06)]
[2025-09-26 19:44:00] Winrate vs random2     :  82.8% | Σ-Reward:  5493.0 | Ø-Reward:  2.747 | Places: [1655 (0.83), 228 (0.11), 72 (0.04), 45 (0.02)]
[2025-09-26 19:44:00] Winrate vs single_only :  84.8% | Σ-Reward:  5609.0 | Ø-Reward:  2.804 | Places: [1695 (0.85), 228 (0.11), 68 (0.03), 9 (0.00)]
[2025-09-26 19:44:37] Timing @ep 450000: episode 57.8s | train 0.115s | eval 20.5s | plot 37.1s | save 0.003s | cum 2.40h
[2025-09-26 19:47:18] 
[2025-09-26 19:47:18] Benchmark @train_ep  460000 (bench_eps: 2000)
[2025-09-26 19:47:18] Macro Winrate          :  76.8%
[2025-09-26 19:47:18] Macro Ø-Reward         :  2.657
[2025-09-26 19:47:18] Winrate vs max_combo   :  61.8% | Σ-Reward:  4792.0 | Ø-Reward:  2.396 | Places: [1236 (0.62), 436 (0.22), 212 (0.11), 116 (0.06)]
[2025-09-26 19:47:18] Winrate vs random2     :  85.5% | Σ-Reward:  5593.0 | Ø-Reward:  2.796 | Places: [1709 (0.85), 209 (0.10), 48 (0.02), 34 (0.02)]
[2025-09-26 19:47:18] Winrate vs single_only :  83.2% | Σ-Reward:  5556.0 | Ø-Reward:  2.778 | Places: [1663 (0.83), 245 (0.12), 77 (0.04), 15 (0.01)]
[2025-09-26 19:47:56] Timing @ep 460000: episode 57.4s | train 0.134s | eval 19.6s | plot 37.7s | save 0.002s | cum 2.45h
[2025-09-26 19:50:33] 
[2025-09-26 19:50:33] Benchmark @train_ep  470000 (bench_eps: 2000)
[2025-09-26 19:50:33] Macro Winrate          :  77.2%
[2025-09-26 19:50:33] Macro Ø-Reward         :  2.672
[2025-09-26 19:50:33] Winrate vs max_combo   :  60.4% | Σ-Reward:  4812.0 | Ø-Reward:  2.406 | Places: [1207 (0.60), 496 (0.25), 199 (0.10), 98 (0.05)]
[2025-09-26 19:50:33] Winrate vs random2     :  86.3% | Σ-Reward:  5594.0 | Ø-Reward:  2.797 | Places: [1726 (0.86), 178 (0.09), 60 (0.03), 36 (0.02)]
[2025-09-26 19:50:33] Winrate vs single_only :  85.0% | Σ-Reward:  5626.0 | Ø-Reward:  2.813 | Places: [1701 (0.85), 234 (0.12), 55 (0.03), 10 (0.01)]
[2025-09-26 19:51:11] Timing @ep 470000: episode 57.1s | train 0.159s | eval 19.1s | plot 37.9s | save 0.002s | cum 2.50h
[2025-09-26 19:53:58] 
[2025-09-26 19:53:58] Benchmark @train_ep  480000 (bench_eps: 2000)
[2025-09-26 19:53:58] Macro Winrate          :  75.9%
[2025-09-26 19:53:58] Macro Ø-Reward         :  2.647
[2025-09-26 19:53:58] Winrate vs max_combo   :  59.2% | Σ-Reward:  4749.0 | Ø-Reward:  2.374 | Places: [1185 (0.59), 487 (0.24), 220 (0.11), 108 (0.05)]
[2025-09-26 19:53:58] Winrate vs random2     :  85.8% | Σ-Reward:  5591.0 | Ø-Reward:  2.796 | Places: [1717 (0.86), 187 (0.09), 66 (0.03), 30 (0.01)]
[2025-09-26 19:53:58] Winrate vs single_only :  82.5% | Σ-Reward:  5544.0 | Ø-Reward:  2.772 | Places: [1650 (0.82), 259 (0.13), 76 (0.04), 15 (0.01)]
[2025-09-26 19:54:38] Timing @ep 480000: episode 60.3s | train 0.133s | eval 20.7s | plot 39.5s | save 0.002s | cum 2.56h
[2025-09-26 19:57:20] 
[2025-09-26 19:57:20] Benchmark @train_ep  490000 (bench_eps: 2000)
[2025-09-26 19:57:20] Macro Winrate          :  76.5%
[2025-09-26 19:57:20] Macro Ø-Reward         :  2.650
[2025-09-26 19:57:20] Winrate vs max_combo   :  61.0% | Σ-Reward:  4811.0 | Ø-Reward:  2.405 | Places: [1221 (0.61), 480 (0.24), 188 (0.09), 111 (0.06)]
[2025-09-26 19:57:20] Winrate vs random2     :  83.0% | Σ-Reward:  5473.0 | Ø-Reward:  2.736 | Places: [1660 (0.83), 210 (0.10), 73 (0.04), 57 (0.03)]
[2025-09-26 19:57:20] Winrate vs single_only :  85.3% | Σ-Reward:  5614.0 | Ø-Reward:  2.807 | Places: [1706 (0.85), 216 (0.11), 64 (0.03), 14 (0.01)]
[2025-09-26 19:58:01] Timing @ep 490000: episode 61.9s | train 0.134s | eval 21.3s | plot 40.5s | save 0.002s | cum 2.62h
[2025-09-26 20:00:41] 
[2025-09-26 20:00:41] Benchmark @train_ep  500000 (bench_eps: 2000)
[2025-09-26 20:00:41] Macro Winrate          :  79.0%
[2025-09-26 20:00:41] Macro Ø-Reward         :  2.688
[2025-09-26 20:00:41] Winrate vs max_combo   :  63.3% | Σ-Reward:  4852.0 | Ø-Reward:  2.426 | Places: [1266 (0.63), 433 (0.22), 188 (0.09), 113 (0.06)]
[2025-09-26 20:00:41] Winrate vs random2     :  87.6% | Σ-Reward:  5628.0 | Ø-Reward:  2.814 | Places: [1752 (0.88), 166 (0.08), 40 (0.02), 42 (0.02)]
[2025-09-26 20:00:41] Winrate vs single_only :  86.2% | Σ-Reward:  5647.0 | Ø-Reward:  2.824 | Places: [1723 (0.86), 213 (0.11), 52 (0.03), 12 (0.01)]
[2025-09-26 20:01:23] Timing @ep 500000: episode 62.1s | train 0.105s | eval 20.2s | plot 41.7s | save 0.003s | cum 2.67h
[2025-09-26 20:01:23] 
[2025-09-26 20:01:23] Gesamtzeit: 2.67h (~ 51.93 eps/s)
[2025-09-26 20:01:23] k4a2, Shared Policy Selfplay (DQN, Bundle-Updates, 1 Prozess). Training abgeschlossen.
[2025-09-26 20:01:23] Path: /home/wasterix/Multiagent/OpenSpiel_neu/open_spiel/President/models/k4a2/model_84
