[2025-08-23 21:43:52] New Training (k3a1): Snapshot-Selfplay PPO
[2025-08-23 21:43:52] Deck_Size: 16
[2025-08-23 21:43:52] Episodes: 4000
[2025-08-23 21:43:52] Path: /home/wasterix/OpenSpiel/open_spiel/President/models/k3a1/model_15
[2025-08-23 21:44:20] 
[2025-08-23 21:44:20] Benchmark @train_ep    2000 (bench_eps: 200)
[2025-08-23 21:44:20] Macro Winrate          :  36.8%
[2025-08-23 21:44:20] Macro Ø-Reward         :  1.723
[2025-08-23 21:44:20] Winrate vs max_combo   :  26.5% | Σ-Reward:  306.0 | Ø-Reward:  1.530 | Places: [53 (0.27), 51 (0.26), 45 (0.23), 51 (0.26)]
[2025-08-23 21:44:20] Winrate vs random2     :  29.5% | Σ-Reward:  317.0 | Ø-Reward:  1.585 | Places: [59 (0.29), 50 (0.25), 40 (0.20), 51 (0.26)]
[2025-08-23 21:44:20] Winrate vs single_only :  54.5% | Σ-Reward:  411.0 | Ø-Reward:  2.055 | Places: [109 (0.55), 23 (0.12), 38 (0.19), 30 (0.15)]
[2025-08-23 21:44:22] Timing @ep 2000: episode 3.9s | train 0.002s | eval 1.1s | plot 2.8s | save 0.002s | cum 0.01h
[2025-08-23 21:44:47] 
[2025-08-23 21:44:47] Benchmark @train_ep    4000 (bench_eps: 200)
[2025-08-23 21:44:47] Macro Winrate          :  39.8%
[2025-08-23 21:44:47] Macro Ø-Reward         :  1.810
[2025-08-23 21:44:47] Winrate vs max_combo   :  30.5% | Σ-Reward:  317.0 | Ø-Reward:  1.585 | Places: [61 (0.30), 43 (0.21), 48 (0.24), 48 (0.24)]
[2025-08-23 21:44:47] Winrate vs random2     :  34.5% | Σ-Reward:  354.0 | Ø-Reward:  1.770 | Places: [69 (0.34), 50 (0.25), 47 (0.23), 34 (0.17)]
[2025-08-23 21:44:47] Winrate vs single_only :  54.5% | Σ-Reward:  415.0 | Ø-Reward:  2.075 | Places: [109 (0.55), 23 (0.12), 42 (0.21), 26 (0.13)]
[2025-08-23 21:44:51] Timing @ep 4000: episode 4.7s | train 0.003s | eval 1.1s | plot 3.5s | save 0.001s | cum 0.02h
[2025-08-23 21:44:51] 
[2025-08-23 21:44:51] Gesamtzeit: 0.02h (~ 69.32 eps/s)
[2025-08-23 21:44:51] K3 (Snapshot-Selfplay) Training abgeschlossen.
