[2025-08-22 17:29:11] New Training (k4a2): Shared-Policy DQN
[2025-08-22 17:29:11] Deck_Size: 64
[2025-08-22 17:29:11] Episodes: 10000
[2025-08-22 17:29:11] Path: /home/wasterix/OpenSpiel/open_spiel/President/models/k4a2/model_09
[2025-08-22 17:32:18] 
[2025-08-22 17:32:18] Benchmark @train_ep     500 (bench_eps: 2000)
[2025-08-22 17:32:18] Macro Winrate          :  43.7%
[2025-08-22 17:32:18] Macro Ø-Reward         :  1.890
[2025-08-22 17:32:18] Winrate vs max_combo   :  21.9% | Σ-Reward:  2608.0 | Ø-Reward:  1.304 | Places: [439 (0.22), 408 (0.20), 475 (0.24), 678 (0.34)]
[2025-08-22 17:32:18] Winrate vs random2     :  53.2% | Σ-Reward:  4444.0 | Ø-Reward:  2.222 | Places: [1064 (0.53), 490 (0.24), 272 (0.14), 174 (0.09)]
[2025-08-22 17:32:18] Winrate vs single_only :  56.0% | Σ-Reward:  4288.0 | Ø-Reward:  2.144 | Places: [1121 (0.56), 312 (0.16), 301 (0.15), 266 (0.13)]
[2025-08-22 17:32:20] Timing @ep 500: episode 33.0s | train 0.000s | eval 30.4s | plot 2.3s | save 0.006s | cum 0.05h
[2025-08-22 17:34:53] 
[2025-08-22 17:34:53] Benchmark @train_ep    1000 (bench_eps: 2000)
[2025-08-22 17:34:53] Macro Winrate          :  52.1%
[2025-08-22 17:34:53] Macro Ø-Reward         :  2.169
[2025-08-22 17:34:53] Winrate vs max_combo   :  24.6% | Σ-Reward:  3086.0 | Ø-Reward:  1.543 | Places: [492 (0.25), 556 (0.28), 498 (0.25), 454 (0.23)]
[2025-08-22 17:34:53] Winrate vs random2     :  59.3% | Σ-Reward:  4803.0 | Ø-Reward:  2.401 | Places: [1186 (0.59), 527 (0.26), 191 (0.10), 96 (0.05)]
[2025-08-22 17:34:53] Winrate vs single_only :  72.4% | Σ-Reward:  5125.0 | Ø-Reward:  2.562 | Places: [1448 (0.72), 319 (0.16), 143 (0.07), 90 (0.04)]
[2025-08-22 17:34:55] Timing @ep 1000: episode 33.4s | train 0.000s | eval 30.7s | plot 2.5s | save 0.005s | cum 0.10h
[2025-08-22 17:37:45] 
[2025-08-22 17:37:45] Benchmark @train_ep    1500 (bench_eps: 2000)
[2025-08-22 17:37:45] Macro Winrate          :  60.9%
[2025-08-22 17:37:45] Macro Ø-Reward         :  2.325
[2025-08-22 17:37:45] Winrate vs max_combo   :  34.6% | Σ-Reward:  3495.0 | Ø-Reward:  1.748 | Places: [692 (0.35), 489 (0.24), 441 (0.22), 378 (0.19)]
[2025-08-22 17:37:45] Winrate vs random2     :  70.6% | Σ-Reward:  5201.0 | Ø-Reward:  2.600 | Places: [1412 (0.71), 421 (0.21), 123 (0.06), 44 (0.02)]
[2025-08-22 17:37:45] Winrate vs single_only :  77.4% | Σ-Reward:  5251.0 | Ø-Reward:  2.626 | Places: [1548 (0.77), 231 (0.12), 145 (0.07), 76 (0.04)]
[2025-08-22 17:37:47] Timing @ep 1500: episode 30.2s | train 0.000s | eval 27.8s | plot 2.1s | save 0.006s | cum 0.14h
[2025-08-22 17:40:46] 
[2025-08-22 17:40:46] Benchmark @train_ep    2000 (bench_eps: 2000)
[2025-08-22 17:40:46] Macro Winrate          :  64.5%
[2025-08-22 17:40:46] Macro Ø-Reward         :  2.417
[2025-08-22 17:40:46] Winrate vs max_combo   :  40.1% | Σ-Reward:  3839.0 | Ø-Reward:  1.919 | Places: [803 (0.40), 525 (0.26), 380 (0.19), 292 (0.15)]
[2025-08-22 17:40:46] Winrate vs random2     :  75.3% | Σ-Reward:  5338.0 | Ø-Reward:  2.669 | Places: [1506 (0.75), 360 (0.18), 100 (0.05), 34 (0.02)]
[2025-08-22 17:40:46] Winrate vs single_only :  77.9% | Σ-Reward:  5326.0 | Ø-Reward:  2.663 | Places: [1558 (0.78), 262 (0.13), 128 (0.06), 52 (0.03)]
[2025-08-22 17:40:49] Timing @ep 2000: episode 28.8s | train 0.000s | eval 25.9s | plot 2.6s | save 0.006s | cum 0.19h
[2025-08-22 17:44:08] 
[2025-08-22 17:44:08] Benchmark @train_ep    2500 (bench_eps: 2000)
[2025-08-22 17:44:08] Macro Winrate          :  65.3%
[2025-08-22 17:44:08] Macro Ø-Reward         :  2.465
[2025-08-22 17:44:08] Winrate vs max_combo   :  38.9% | Σ-Reward:  3956.0 | Ø-Reward:  1.978 | Places: [778 (0.39), 637 (0.32), 348 (0.17), 237 (0.12)]
[2025-08-22 17:44:08] Winrate vs random2     :  77.1% | Σ-Reward:  5387.0 | Ø-Reward:  2.693 | Places: [1542 (0.77), 331 (0.17), 99 (0.05), 28 (0.01)]
[2025-08-22 17:44:08] Winrate vs single_only :  80.0% | Σ-Reward:  5446.0 | Ø-Reward:  2.723 | Places: [1600 (0.80), 275 (0.14), 96 (0.05), 29 (0.01)]
[2025-08-22 17:44:11] Timing @ep 2500: episode 31.6s | train 0.000s | eval 28.9s | plot 2.4s | save 0.006s | cum 0.25h
[2025-08-22 17:47:24] 
[2025-08-22 17:47:24] Benchmark @train_ep    3000 (bench_eps: 2000)
[2025-08-22 17:47:24] Macro Winrate          :  66.5%
[2025-08-22 17:47:24] Macro Ø-Reward         :  2.466
[2025-08-22 17:47:24] Winrate vs max_combo   :  41.0% | Σ-Reward:  3942.0 | Ø-Reward:  1.971 | Places: [821 (0.41), 560 (0.28), 359 (0.18), 260 (0.13)]
[2025-08-22 17:47:24] Winrate vs random2     :  71.6% | Σ-Reward:  5239.0 | Ø-Reward:  2.619 | Places: [1432 (0.72), 413 (0.21), 117 (0.06), 38 (0.02)]
[2025-08-22 17:47:24] Winrate vs single_only :  86.8% | Σ-Reward:  5612.0 | Ø-Reward:  2.806 | Places: [1737 (0.87), 164 (0.08), 73 (0.04), 26 (0.01)]
[2025-08-22 17:47:26] Timing @ep 3000: episode 31.2s | train 0.000s | eval 28.3s | plot 2.6s | save 0.005s | cum 0.30h
[2025-08-22 17:50:32] 
[2025-08-22 17:50:32] Benchmark @train_ep    3500 (bench_eps: 2000)
[2025-08-22 17:50:32] Macro Winrate          :  55.5%
[2025-08-22 17:50:32] Macro Ø-Reward         :  2.294
[2025-08-22 17:50:32] Winrate vs max_combo   :  29.8% | Σ-Reward:  3513.0 | Ø-Reward:  1.756 | Places: [596 (0.30), 641 (0.32), 443 (0.22), 320 (0.16)]
[2025-08-22 17:50:32] Winrate vs random2     :  66.0% | Σ-Reward:  5069.0 | Ø-Reward:  2.534 | Places: [1321 (0.66), 477 (0.24), 152 (0.08), 50 (0.03)]
[2025-08-22 17:50:32] Winrate vs single_only :  70.6% | Σ-Reward:  5182.0 | Ø-Reward:  2.591 | Places: [1412 (0.71), 400 (0.20), 146 (0.07), 42 (0.02)]
[2025-08-22 17:50:35] Timing @ep 3500: episode 31.7s | train 0.000s | eval 28.7s | plot 2.6s | save 0.007s | cum 0.36h
[2025-08-22 17:54:01] 
[2025-08-22 17:54:01] Benchmark @train_ep    4000 (bench_eps: 2000)
[2025-08-22 17:54:01] Macro Winrate          :  40.8%
[2025-08-22 17:54:01] Macro Ø-Reward         :  1.933
[2025-08-22 17:54:01] Winrate vs max_combo   :  21.2% | Σ-Reward:  2906.0 | Ø-Reward:  1.453 | Places: [424 (0.21), 538 (0.27), 558 (0.28), 480 (0.24)]
[2025-08-22 17:54:01] Winrate vs random2     :  54.4% | Σ-Reward:  4563.0 | Ø-Reward:  2.281 | Places: [1087 (0.54), 536 (0.27), 230 (0.12), 147 (0.07)]
[2025-08-22 17:54:01] Winrate vs single_only :  46.9% | Σ-Reward:  4132.0 | Ø-Reward:  2.066 | Places: [938 (0.47), 478 (0.24), 362 (0.18), 222 (0.11)]
[2025-08-22 17:54:04] Timing @ep 4000: episode 36.3s | train 0.000s | eval 32.9s | plot 3.1s | save 0.008s | cum 0.41h
[2025-08-22 17:58:20] 
[2025-08-22 17:58:20] Benchmark @train_ep    4500 (bench_eps: 2000)
[2025-08-22 17:58:20] Macro Winrate          :   4.1%
[2025-08-22 17:58:20] Macro Ø-Reward         :  0.481
[2025-08-22 17:58:20] Winrate vs max_combo   :   0.7% | Σ-Reward:  376.0 | Ø-Reward:  0.188 | Places: [14 (0.01), 29 (0.01), 276 (0.14), 1681 (0.84)]
[2025-08-22 17:58:20] Winrate vs random2     :   9.8% | Σ-Reward:  1667.0 | Ø-Reward:  0.834 | Places: [195 (0.10), 272 (0.14), 538 (0.27), 995 (0.50)]
[2025-08-22 17:58:20] Winrate vs single_only :   1.8% | Σ-Reward:  843.0 | Ø-Reward:  0.421 | Places: [36 (0.02), 137 (0.07), 461 (0.23), 1366 (0.68)]
[2025-08-22 17:58:22] Timing @ep 4500: episode 49.6s | train 0.000s | eval 46.4s | plot 2.7s | save 0.006s | cum 0.49h
[2025-08-22 18:03:30] 
[2025-08-22 18:03:30] Benchmark @train_ep    5000 (bench_eps: 2000)
[2025-08-22 18:03:30] Macro Winrate          :   0.1%
[2025-08-22 18:03:30] Macro Ø-Reward         :  0.145
[2025-08-22 18:03:30] Winrate vs max_combo   :   0.0% | Σ-Reward:  110.0 | Ø-Reward:  0.055 | Places: [0 (0.00), 5 (0.00), 100 (0.05), 1895 (0.95)]
[2025-08-22 18:03:30] Winrate vs random2     :   0.4% | Σ-Reward:  550.0 | Ø-Reward:  0.275 | Places: [8 (0.00), 60 (0.03), 406 (0.20), 1526 (0.76)]
[2025-08-22 18:03:30] Winrate vs single_only :   0.0% | Σ-Reward:  212.0 | Ø-Reward:  0.106 | Places: [0 (0.00), 12 (0.01), 188 (0.09), 1800 (0.90)]
[2025-08-22 18:03:33] Timing @ep 5000: episode 48.9s | train 0.000s | eval 45.4s | plot 3.0s | save 0.008s | cum 0.57h
[2025-08-22 18:08:47] 
[2025-08-22 18:08:47] Benchmark @train_ep    5500 (bench_eps: 2000)
[2025-08-22 18:08:47] Macro Winrate          :  11.8%
[2025-08-22 18:08:47] Macro Ø-Reward         :  0.922
[2025-08-22 18:08:47] Winrate vs max_combo   :   4.9% | Σ-Reward:  1101.0 | Ø-Reward:  0.550 | Places: [98 (0.05), 194 (0.10), 419 (0.21), 1289 (0.64)]
[2025-08-22 18:08:47] Winrate vs random2     :  23.9% | Σ-Reward:  2795.0 | Ø-Reward:  1.397 | Places: [479 (0.24), 427 (0.21), 504 (0.25), 590 (0.29)]
[2025-08-22 18:08:47] Winrate vs single_only :   6.5% | Σ-Reward:  1637.0 | Ø-Reward:  0.819 | Places: [131 (0.07), 361 (0.18), 522 (0.26), 986 (0.49)]
[2025-08-22 18:08:50] Timing @ep 5500: episode 43.3s | train 0.000s | eval 39.7s | plot 3.0s | save 0.006s | cum 0.66h
[2025-08-22 18:13:09] 
[2025-08-22 18:13:09] Benchmark @train_ep    6000 (bench_eps: 2000)
[2025-08-22 18:13:09] Macro Winrate          :  15.4%
[2025-08-22 18:13:09] Macro Ø-Reward         :  1.130
[2025-08-22 18:13:09] Winrate vs max_combo   :   2.7% | Σ-Reward:  829.0 | Ø-Reward:  0.414 | Places: [54 (0.03), 125 (0.06), 417 (0.21), 1404 (0.70)]
[2025-08-22 18:13:09] Winrate vs random2     :  26.6% | Σ-Reward:  3265.0 | Ø-Reward:  1.633 | Places: [531 (0.27), 559 (0.28), 554 (0.28), 356 (0.18)]
[2025-08-22 18:13:09] Winrate vs single_only :  16.9% | Σ-Reward:  2688.0 | Ø-Reward:  1.344 | Places: [339 (0.17), 510 (0.26), 651 (0.33), 500 (0.25)]
[2025-08-22 18:13:11] Timing @ep 6000: episode 29.8s | train 0.000s | eval 27.1s | plot 2.3s | save 0.004s | cum 0.73h
[2025-08-22 18:16:25] 
[2025-08-22 18:16:25] Benchmark @train_ep    6500 (bench_eps: 2000)
[2025-08-22 18:16:25] Macro Winrate          :   0.6%
[2025-08-22 18:16:25] Macro Ø-Reward         :  0.207
[2025-08-22 18:16:25] Winrate vs max_combo   :   0.3% | Σ-Reward:  210.0 | Ø-Reward:  0.105 | Places: [7 (0.00), 19 (0.01), 151 (0.08), 1823 (0.91)]
[2025-08-22 18:16:25] Winrate vs random2     :   1.3% | Σ-Reward:  701.0 | Ø-Reward:  0.350 | Places: [26 (0.01), 92 (0.05), 439 (0.22), 1443 (0.72)]
[2025-08-22 18:16:25] Winrate vs single_only :   0.1% | Σ-Reward:  332.0 | Ø-Reward:  0.166 | Places: [3 (0.00), 34 (0.02), 255 (0.13), 1708 (0.85)]
[2025-08-22 18:16:27] Timing @ep 6500: episode 34.0s | train 0.000s | eval 31.2s | plot 2.5s | save 0.004s | cum 0.79h
[2025-08-22 18:19:34] 
[2025-08-22 18:19:34] Benchmark @train_ep    7000 (bench_eps: 2000)
[2025-08-22 18:19:34] Macro Winrate          :   2.5%
[2025-08-22 18:19:34] Macro Ø-Reward         :  0.447
[2025-08-22 18:19:34] Winrate vs max_combo   :   1.1% | Σ-Reward:  508.0 | Ø-Reward:  0.254 | Places: [21 (0.01), 78 (0.04), 289 (0.14), 1612 (0.81)]
[2025-08-22 18:19:34] Winrate vs random2     :   3.9% | Σ-Reward:  1186.0 | Ø-Reward:  0.593 | Places: [78 (0.04), 229 (0.11), 494 (0.25), 1199 (0.60)]
[2025-08-22 18:19:34] Winrate vs single_only :   2.6% | Σ-Reward:  987.0 | Ø-Reward:  0.493 | Places: [52 (0.03), 195 (0.10), 441 (0.22), 1312 (0.66)]
[2025-08-22 18:19:37] Timing @ep 7000: episode 32.5s | train 0.000s | eval 29.7s | plot 2.6s | save 0.004s | cum 0.84h
[2025-08-22 18:22:48] 
[2025-08-22 18:22:48] Benchmark @train_ep    7500 (bench_eps: 2000)
[2025-08-22 18:22:48] Macro Winrate          :   1.6%
[2025-08-22 18:22:48] Macro Ø-Reward         :  0.297
[2025-08-22 18:22:48] Winrate vs max_combo   :   0.6% | Σ-Reward:  280.0 | Ø-Reward:  0.140 | Places: [12 (0.01), 34 (0.02), 176 (0.09), 1778 (0.89)]
[2025-08-22 18:22:48] Winrate vs random2     :   2.1% | Σ-Reward:  911.0 | Ø-Reward:  0.456 | Places: [42 (0.02), 138 (0.07), 509 (0.25), 1311 (0.66)]
[2025-08-22 18:22:48] Winrate vs single_only :   2.0% | Σ-Reward:  592.0 | Ø-Reward:  0.296 | Places: [40 (0.02), 72 (0.04), 328 (0.16), 1560 (0.78)]
[2025-08-22 18:22:50] Timing @ep 7500: episode 33.7s | train 0.000s | eval 31.0s | plot 2.4s | save 0.004s | cum 0.89h
[2025-08-22 18:25:54] 
[2025-08-22 18:25:54] Benchmark @train_ep    8000 (bench_eps: 2000)
[2025-08-22 18:25:54] Macro Winrate          :   7.2%
[2025-08-22 18:25:54] Macro Ø-Reward         :  0.590
[2025-08-22 18:25:54] Winrate vs max_combo   :   1.9% | Σ-Reward:  602.0 | Ø-Reward:  0.301 | Places: [38 (0.02), 105 (0.05), 278 (0.14), 1579 (0.79)]
[2025-08-22 18:25:54] Winrate vs random2     :  10.2% | Σ-Reward:  1597.0 | Ø-Reward:  0.798 | Places: [205 (0.10), 246 (0.12), 490 (0.24), 1059 (0.53)]
[2025-08-22 18:25:54] Winrate vs single_only :   9.4% | Σ-Reward:  1338.0 | Ø-Reward:  0.669 | Places: [189 (0.09), 220 (0.11), 331 (0.17), 1260 (0.63)]
[2025-08-22 18:25:56] Timing @ep 8000: episode 32.7s | train 0.000s | eval 29.9s | plot 2.5s | save 0.004s | cum 0.95h
[2025-08-22 18:28:58] 
[2025-08-22 18:28:58] Benchmark @train_ep    8500 (bench_eps: 2000)
[2025-08-22 18:28:58] Macro Winrate          :   1.3%
[2025-08-22 18:28:58] Macro Ø-Reward         :  0.440
[2025-08-22 18:28:58] Winrate vs max_combo   :   0.4% | Σ-Reward:  450.0 | Ø-Reward:  0.225 | Places: [8 (0.00), 53 (0.03), 320 (0.16), 1619 (0.81)]
[2025-08-22 18:28:58] Winrate vs random2     :   3.1% | Σ-Reward:  1272.0 | Ø-Reward:  0.636 | Places: [63 (0.03), 244 (0.12), 595 (0.30), 1098 (0.55)]
[2025-08-22 18:28:58] Winrate vs single_only :   0.4% | Σ-Reward:  920.0 | Ø-Reward:  0.460 | Places: [8 (0.00), 158 (0.08), 580 (0.29), 1254 (0.63)]
[2025-08-22 18:29:01] Timing @ep 8500: episode 33.2s | train 0.000s | eval 30.3s | plot 2.6s | save 0.004s | cum 1.00h
[2025-08-22 18:32:04] 
[2025-08-22 18:32:04] Benchmark @train_ep    9000 (bench_eps: 2000)
[2025-08-22 18:32:04] Macro Winrate          :   0.5%
[2025-08-22 18:32:04] Macro Ø-Reward         :  0.237
[2025-08-22 18:32:04] Winrate vs max_combo   :   0.0% | Σ-Reward:  161.0 | Ø-Reward:  0.081 | Places: [0 (0.00), 7 (0.00), 147 (0.07), 1846 (0.92)]
[2025-08-22 18:32:04] Winrate vs random2     :   1.4% | Σ-Reward:  773.0 | Ø-Reward:  0.387 | Places: [27 (0.01), 112 (0.06), 468 (0.23), 1393 (0.70)]
[2025-08-22 18:32:04] Winrate vs single_only :   0.2% | Σ-Reward:  489.0 | Ø-Reward:  0.244 | Places: [4 (0.00), 66 (0.03), 345 (0.17), 1585 (0.79)]
[2025-08-22 18:32:07] Timing @ep 9000: episode 36.5s | train 0.000s | eval 33.7s | plot 2.5s | save 0.005s | cum 1.05h
[2025-08-22 18:35:07] 
[2025-08-22 18:35:07] Benchmark @train_ep    9500 (bench_eps: 2000)
[2025-08-22 18:35:07] Macro Winrate          :   1.6%
[2025-08-22 18:35:07] Macro Ø-Reward         :  0.351
[2025-08-22 18:35:07] Winrate vs max_combo   :   0.8% | Σ-Reward:  387.0 | Ø-Reward:  0.194 | Places: [17 (0.01), 47 (0.02), 242 (0.12), 1694 (0.85)]
[2025-08-22 18:35:07] Winrate vs random2     :   2.8% | Σ-Reward:  1034.0 | Ø-Reward:  0.517 | Places: [56 (0.03), 176 (0.09), 514 (0.26), 1254 (0.63)]
[2025-08-22 18:35:07] Winrate vs single_only :   1.1% | Σ-Reward:  683.0 | Ø-Reward:  0.342 | Places: [22 (0.01), 136 (0.07), 345 (0.17), 1497 (0.75)]
[2025-08-22 18:35:09] Timing @ep 9500: episode 33.8s | train 0.000s | eval 31.1s | plot 2.4s | save 0.004s | cum 1.10h
[2025-08-22 18:38:08] 
[2025-08-22 18:38:08] Benchmark @train_ep   10000 (bench_eps: 2000)
[2025-08-22 18:38:08] Macro Winrate          :   0.6%
[2025-08-22 18:38:08] Macro Ø-Reward         :  0.287
[2025-08-22 18:38:08] Winrate vs max_combo   :   0.1% | Σ-Reward:  225.0 | Ø-Reward:  0.113 | Places: [3 (0.00), 25 (0.01), 166 (0.08), 1806 (0.90)]
[2025-08-22 18:38:08] Winrate vs random2     :   1.2% | Σ-Reward:  960.0 | Ø-Reward:  0.480 | Places: [25 (0.01), 158 (0.08), 569 (0.28), 1248 (0.62)]
[2025-08-22 18:38:08] Winrate vs single_only :   0.3% | Σ-Reward:  535.0 | Ø-Reward:  0.268 | Places: [7 (0.00), 66 (0.03), 382 (0.19), 1545 (0.77)]
[2025-08-22 18:38:11] Timing @ep 10000: episode 32.9s | train 0.000s | eval 30.0s | plot 2.6s | save 0.004s | cum 1.15h
[2025-08-22 18:38:11] 
[2025-08-22 18:38:11] Gesamtzeit: 1.15h (~ 2.42 eps/s)
[2025-08-22 18:38:11] K4 (Shared-Policy DQN) Training abgeschlossen.
