[2025-08-21 17:13:08] New Training (k3a2): Snapshot-Selfplay DQN
[2025-08-21 17:13:08] Deck_Size: 64
[2025-08-21 17:13:08] Episodes: 10000
[2025-08-21 17:13:08] Path: /home/wasterix/OpenSpiel/open_spiel/President/models/k3a2/model_05
[2025-08-21 17:15:04] 
[2025-08-21 17:15:04] Benchmark @train_ep     500 (bench_eps: 2000)
[2025-08-21 17:15:04] Macro Winrate          :   9.7%
[2025-08-21 17:15:04] Macro Ø-Reward         :  0.784
[2025-08-21 17:15:04] Winrate vs max_combo   :   1.8% | Σ-Reward:  594.0 | Ø-Reward:  0.297 | Places: [36 (0.02), 79 (0.04), 328 (0.16), 1557 (0.78)]
[2025-08-21 17:15:04] Winrate vs random2     :  14.7% | Σ-Reward:  2202.0 | Ø-Reward:  1.101 | Places: [294 (0.15), 391 (0.20), 538 (0.27), 777 (0.39)]
[2025-08-21 17:15:04] Winrate vs single_only :  12.5% | Σ-Reward:  1909.0 | Ø-Reward:  0.955 | Places: [250 (0.12), 297 (0.15), 565 (0.28), 888 (0.44)]
[2025-08-21 17:15:06] Timing @ep 500: episode 47.2s | train 0.000s | eval 45.4s | plot 1.6s | save 0.003s | cum 0.03h
[2025-08-21 17:17:11] 
[2025-08-21 17:17:11] Benchmark @train_ep    1000 (bench_eps: 2000)
[2025-08-21 17:17:11] Macro Winrate          :  10.7%
[2025-08-21 17:17:11] Macro Ø-Reward         :  0.835
[2025-08-21 17:17:11] Winrate vs max_combo   :   2.8% | Σ-Reward:  769.0 | Ø-Reward:  0.385 | Places: [55 (0.03), 128 (0.06), 348 (0.17), 1469 (0.73)]
[2025-08-21 17:17:11] Winrate vs random2     :  16.1% | Σ-Reward:  2324.0 | Ø-Reward:  1.162 | Places: [321 (0.16), 413 (0.21), 535 (0.27), 731 (0.37)]
[2025-08-21 17:17:11] Winrate vs single_only :  13.3% | Σ-Reward:  1918.0 | Ø-Reward:  0.959 | Places: [266 (0.13), 326 (0.16), 468 (0.23), 940 (0.47)]
[2025-08-21 17:17:13] Timing @ep 1000: episode 48.8s | train 0.000s | eval 46.7s | plot 2.0s | save 0.001s | cum 0.07h
[2025-08-21 17:19:27] 
[2025-08-21 17:19:27] Benchmark @train_ep    1500 (bench_eps: 2000)
[2025-08-21 17:19:27] Macro Winrate          :  10.1%
[2025-08-21 17:19:27] Macro Ø-Reward         :  0.862
[2025-08-21 17:19:27] Winrate vs max_combo   :   2.6% | Σ-Reward:  792.0 | Ø-Reward:  0.396 | Places: [52 (0.03), 128 (0.06), 380 (0.19), 1440 (0.72)]
[2025-08-21 17:19:27] Winrate vs random2     :  14.5% | Σ-Reward:  2251.0 | Ø-Reward:  1.125 | Places: [290 (0.14), 398 (0.20), 585 (0.29), 727 (0.36)]
[2025-08-21 17:19:27] Winrate vs single_only :  13.3% | Σ-Reward:  2131.0 | Ø-Reward:  1.065 | Places: [266 (0.13), 409 (0.20), 515 (0.26), 810 (0.41)]
[2025-08-21 17:19:29] Timing @ep 1500: episode 48.3s | train 0.000s | eval 46.4s | plot 1.7s | save 0.001s | cum 0.11h
[2025-08-21 17:21:47] 
[2025-08-21 17:21:47] Benchmark @train_ep    2000 (bench_eps: 2000)
[2025-08-21 17:21:47] Macro Winrate          :  14.1%
[2025-08-21 17:21:47] Macro Ø-Reward         :  1.017
[2025-08-21 17:21:47] Winrate vs max_combo   :   3.5% | Σ-Reward:  934.0 | Ø-Reward:  0.467 | Places: [71 (0.04), 152 (0.08), 417 (0.21), 1360 (0.68)]
[2025-08-21 17:21:47] Winrate vs random2     :  20.7% | Σ-Reward:  2798.0 | Ø-Reward:  1.399 | Places: [414 (0.21), 504 (0.25), 548 (0.27), 534 (0.27)]
[2025-08-21 17:21:47] Winrate vs single_only :  18.1% | Σ-Reward:  2372.0 | Ø-Reward:  1.186 | Places: [361 (0.18), 369 (0.18), 551 (0.28), 719 (0.36)]
[2025-08-21 17:21:49] Timing @ep 2000: episode 53.9s | train 0.000s | eval 51.6s | plot 2.1s | save 0.001s | cum 0.14h
[2025-08-21 17:24:13] 
[2025-08-21 17:24:13] Benchmark @train_ep    2500 (bench_eps: 2000)
[2025-08-21 17:24:13] Macro Winrate          :  11.6%
[2025-08-21 17:24:13] Macro Ø-Reward         :  0.880
[2025-08-21 17:24:13] Winrate vs max_combo   :   3.0% | Σ-Reward:  860.0 | Ø-Reward:  0.430 | Places: [60 (0.03), 160 (0.08), 360 (0.18), 1420 (0.71)]
[2025-08-21 17:24:13] Winrate vs random2     :  16.6% | Σ-Reward:  2400.0 | Ø-Reward:  1.200 | Places: [332 (0.17), 430 (0.21), 544 (0.27), 694 (0.35)]
[2025-08-21 17:24:13] Winrate vs single_only :  15.2% | Σ-Reward:  2020.0 | Ø-Reward:  1.010 | Places: [305 (0.15), 315 (0.16), 475 (0.24), 905 (0.45)]
[2025-08-21 17:24:15] Timing @ep 2500: episode 46.2s | train 0.000s | eval 44.1s | plot 1.9s | save 0.002s | cum 0.19h
[2025-08-21 17:26:34] 
[2025-08-21 17:26:34] Benchmark @train_ep    3000 (bench_eps: 2000)
[2025-08-21 17:26:34] Macro Winrate          :  10.8%
[2025-08-21 17:26:34] Macro Ø-Reward         :  0.952
[2025-08-21 17:26:34] Winrate vs max_combo   :   3.8% | Σ-Reward:  934.0 | Ø-Reward:  0.467 | Places: [75 (0.04), 139 (0.07), 431 (0.22), 1355 (0.68)]
[2025-08-21 17:26:34] Winrate vs random2     :  15.9% | Σ-Reward:  2508.0 | Ø-Reward:  1.254 | Places: [319 (0.16), 493 (0.25), 565 (0.28), 623 (0.31)]
[2025-08-21 17:26:34] Winrate vs single_only :  12.8% | Σ-Reward:  2271.0 | Ø-Reward:  1.135 | Places: [257 (0.13), 459 (0.23), 582 (0.29), 702 (0.35)]
[2025-08-21 17:26:36] Timing @ep 3000: episode 49.2s | train 0.000s | eval 46.7s | plot 2.3s | save 0.001s | cum 0.22h
[2025-08-21 17:29:08] 
[2025-08-21 17:29:08] Benchmark @train_ep    3500 (bench_eps: 2000)
[2025-08-21 17:29:08] Macro Winrate          :  13.4%
[2025-08-21 17:29:08] Macro Ø-Reward         :  1.018
[2025-08-21 17:29:08] Winrate vs max_combo   :   4.5% | Σ-Reward:  1084.0 | Ø-Reward:  0.542 | Places: [90 (0.04), 178 (0.09), 458 (0.23), 1274 (0.64)]
[2025-08-21 17:29:08] Winrate vs random2     :  20.1% | Σ-Reward:  2691.0 | Ø-Reward:  1.345 | Places: [402 (0.20), 463 (0.23), 559 (0.28), 576 (0.29)]
[2025-08-21 17:29:08] Winrate vs single_only :  15.5% | Σ-Reward:  2330.0 | Ø-Reward:  1.165 | Places: [310 (0.15), 399 (0.20), 602 (0.30), 689 (0.34)]
[2025-08-21 17:29:10] Timing @ep 3500: episode 53.0s | train 0.000s | eval 50.5s | plot 2.4s | save 0.002s | cum 0.27h
[2025-08-21 17:31:39] 
[2025-08-21 17:31:39] Benchmark @train_ep    4000 (bench_eps: 2000)
[2025-08-21 17:31:39] Macro Winrate          :  12.2%
[2025-08-21 17:31:39] Macro Ø-Reward         :  0.988
[2025-08-21 17:31:39] Winrate vs max_combo   :   4.1% | Σ-Reward:  1114.0 | Ø-Reward:  0.557 | Places: [82 (0.04), 193 (0.10), 482 (0.24), 1243 (0.62)]
[2025-08-21 17:31:39] Winrate vs random2     :  16.1% | Σ-Reward:  2501.0 | Ø-Reward:  1.250 | Places: [323 (0.16), 469 (0.23), 594 (0.30), 614 (0.31)]
[2025-08-21 17:31:39] Winrate vs single_only :  16.3% | Σ-Reward:  2316.0 | Ø-Reward:  1.158 | Places: [326 (0.16), 373 (0.19), 592 (0.30), 709 (0.35)]
[2025-08-21 17:31:42] Timing @ep 4000: episode 54.8s | train 0.000s | eval 52.4s | plot 2.2s | save 0.002s | cum 0.31h
[2025-08-21 17:34:14] 
[2025-08-21 17:34:14] Benchmark @train_ep    4500 (bench_eps: 2000)
[2025-08-21 17:34:14] Macro Winrate          :  10.8%
[2025-08-21 17:34:14] Macro Ø-Reward         :  0.869
[2025-08-21 17:34:14] Winrate vs max_combo   :   3.1% | Σ-Reward:  856.0 | Ø-Reward:  0.428 | Places: [63 (0.03), 135 (0.07), 397 (0.20), 1405 (0.70)]
[2025-08-21 17:34:14] Winrate vs random2     :  15.0% | Σ-Reward:  2397.0 | Ø-Reward:  1.198 | Places: [300 (0.15), 458 (0.23), 581 (0.29), 661 (0.33)]
[2025-08-21 17:34:14] Winrate vs single_only :  14.2% | Σ-Reward:  1961.0 | Ø-Reward:  0.981 | Places: [284 (0.14), 307 (0.15), 495 (0.25), 914 (0.46)]
[2025-08-21 17:34:17] Timing @ep 4500: episode 49.2s | train 0.000s | eval 46.5s | plot 2.4s | save 0.002s | cum 0.35h
[2025-08-21 17:36:50] 
[2025-08-21 17:36:50] Benchmark @train_ep    5000 (bench_eps: 2000)
[2025-08-21 17:36:50] Macro Winrate          :  16.4%
[2025-08-21 17:36:50] Macro Ø-Reward         :  1.094
[2025-08-21 17:36:50] Winrate vs max_combo   :   4.0% | Σ-Reward:  1072.0 | Ø-Reward:  0.536 | Places: [81 (0.04), 184 (0.09), 461 (0.23), 1274 (0.64)]
[2025-08-21 17:36:50] Winrate vs random2     :  21.1% | Σ-Reward:  2703.0 | Ø-Reward:  1.351 | Places: [423 (0.21), 470 (0.23), 494 (0.25), 613 (0.31)]
[2025-08-21 17:36:50] Winrate vs single_only :  23.9% | Σ-Reward:  2790.0 | Ø-Reward:  1.395 | Places: [478 (0.24), 425 (0.21), 506 (0.25), 591 (0.30)]
[2025-08-21 17:36:52] Timing @ep 5000: episode 54.0s | train 0.000s | eval 51.2s | plot 2.5s | save 0.002s | cum 0.40h
[2025-08-21 17:39:06] 
[2025-08-21 17:39:06] Benchmark @train_ep    5500 (bench_eps: 2000)
[2025-08-21 17:39:06] Macro Winrate          :  15.3%
[2025-08-21 17:39:06] Macro Ø-Reward         :  1.058
[2025-08-21 17:39:06] Winrate vs max_combo   :   4.6% | Σ-Reward:  1074.0 | Ø-Reward:  0.537 | Places: [92 (0.05), 180 (0.09), 438 (0.22), 1290 (0.65)]
[2025-08-21 17:39:06] Winrate vs random2     :  24.7% | Σ-Reward:  2956.0 | Ø-Reward:  1.478 | Places: [494 (0.25), 477 (0.24), 520 (0.26), 509 (0.25)]
[2025-08-21 17:39:06] Winrate vs single_only :  16.7% | Σ-Reward:  2315.0 | Ø-Reward:  1.157 | Places: [334 (0.17), 354 (0.18), 605 (0.30), 707 (0.35)]
[2025-08-21 17:39:08] Timing @ep 5500: episode 34.6s | train 0.000s | eval 32.6s | plot 1.9s | save 0.001s | cum 0.43h
[2025-08-21 17:41:03] 
[2025-08-21 17:41:03] Benchmark @train_ep    6000 (bench_eps: 2000)
[2025-08-21 17:41:03] Macro Winrate          :  14.1%
[2025-08-21 17:41:03] Macro Ø-Reward         :  1.000
[2025-08-21 17:41:03] Winrate vs max_combo   :   3.8% | Σ-Reward:  958.0 | Ø-Reward:  0.479 | Places: [75 (0.04), 154 (0.08), 425 (0.21), 1346 (0.67)]
[2025-08-21 17:41:03] Winrate vs random2     :  16.8% | Σ-Reward:  2535.0 | Ø-Reward:  1.268 | Places: [335 (0.17), 491 (0.25), 548 (0.27), 626 (0.31)]
[2025-08-21 17:41:03] Winrate vs single_only :  21.8% | Σ-Reward:  2510.0 | Ø-Reward:  1.255 | Places: [435 (0.22), 342 (0.17), 521 (0.26), 702 (0.35)]
[2025-08-21 17:41:05] Timing @ep 6000: episode 37.4s | train 0.000s | eval 35.1s | plot 2.1s | save 0.001s | cum 0.47h
[2025-08-21 17:43:02] 
[2025-08-21 17:43:02] Benchmark @train_ep    6500 (bench_eps: 2000)
[2025-08-21 17:43:02] Macro Winrate          :  19.5%
[2025-08-21 17:43:02] Macro Ø-Reward         :  1.217
[2025-08-21 17:43:02] Winrate vs max_combo   :   5.5% | Σ-Reward:  1235.0 | Ø-Reward:  0.618 | Places: [109 (0.05), 213 (0.11), 482 (0.24), 1196 (0.60)]
[2025-08-21 17:43:02] Winrate vs random2     :  22.6% | Σ-Reward:  2914.0 | Ø-Reward:  1.457 | Places: [451 (0.23), 499 (0.25), 563 (0.28), 487 (0.24)]
[2025-08-21 17:43:02] Winrate vs single_only :  30.5% | Σ-Reward:  3151.0 | Ø-Reward:  1.575 | Places: [610 (0.30), 413 (0.21), 495 (0.25), 482 (0.24)]
[2025-08-21 17:43:04] Timing @ep 6500: episode 35.3s | train 0.000s | eval 33.1s | plot 2.0s | save 0.001s | cum 0.50h
[2025-08-21 17:45:10] 
[2025-08-21 17:45:10] Benchmark @train_ep    7000 (bench_eps: 2000)
[2025-08-21 17:45:10] Macro Winrate          :  18.5%
[2025-08-21 17:45:10] Macro Ø-Reward         :  1.185
[2025-08-21 17:45:10] Winrate vs max_combo   :   5.3% | Σ-Reward:  1178.0 | Ø-Reward:  0.589 | Places: [107 (0.05), 196 (0.10), 465 (0.23), 1232 (0.62)]
[2025-08-21 17:45:10] Winrate vs random2     :  20.1% | Σ-Reward:  2806.0 | Ø-Reward:  1.403 | Places: [403 (0.20), 512 (0.26), 573 (0.29), 512 (0.26)]
[2025-08-21 17:45:10] Winrate vs single_only :  30.1% | Σ-Reward:  3128.0 | Ø-Reward:  1.564 | Places: [601 (0.30), 399 (0.20), 527 (0.26), 473 (0.24)]
[2025-08-21 17:45:13] Timing @ep 7000: episode 38.2s | train 0.000s | eval 35.6s | plot 2.4s | save 0.001s | cum 0.53h
[2025-08-21 17:47:28] 
[2025-08-21 17:47:28] Benchmark @train_ep    7500 (bench_eps: 2000)
[2025-08-21 17:47:28] Macro Winrate          :  14.3%
[2025-08-21 17:47:28] Macro Ø-Reward         :  1.039
[2025-08-21 17:47:28] Winrate vs max_combo   :   3.4% | Σ-Reward:  986.0 | Ø-Reward:  0.493 | Places: [68 (0.03), 168 (0.08), 446 (0.22), 1318 (0.66)]
[2025-08-21 17:47:28] Winrate vs random2     :  19.6% | Σ-Reward:  2741.0 | Ø-Reward:  1.371 | Places: [393 (0.20), 509 (0.25), 544 (0.27), 554 (0.28)]
[2025-08-21 17:47:28] Winrate vs single_only :  19.9% | Σ-Reward:  2505.0 | Ø-Reward:  1.252 | Places: [399 (0.20), 364 (0.18), 580 (0.29), 657 (0.33)]
[2025-08-21 17:47:30] Timing @ep 7500: episode 41.0s | train 0.000s | eval 38.5s | plot 2.3s | save 0.001s | cum 0.57h
[2025-08-21 17:49:44] 
[2025-08-21 17:49:44] Benchmark @train_ep    8000 (bench_eps: 2000)
[2025-08-21 17:49:44] Macro Winrate          :  17.4%
[2025-08-21 17:49:44] Macro Ø-Reward         :  1.144
[2025-08-21 17:49:44] Winrate vs max_combo   :   5.0% | Σ-Reward:  1152.0 | Ø-Reward:  0.576 | Places: [101 (0.05), 211 (0.11), 427 (0.21), 1261 (0.63)]
[2025-08-21 17:49:44] Winrate vs random2     :  23.2% | Σ-Reward:  2783.0 | Ø-Reward:  1.391 | Places: [465 (0.23), 445 (0.22), 498 (0.25), 592 (0.30)]
[2025-08-21 17:49:44] Winrate vs single_only :  23.9% | Σ-Reward:  2927.0 | Ø-Reward:  1.464 | Places: [477 (0.24), 501 (0.25), 494 (0.25), 528 (0.26)]
[2025-08-21 17:49:46] Timing @ep 8000: episode 35.9s | train 0.000s | eval 33.5s | plot 2.3s | save 0.002s | cum 0.61h
[2025-08-21 17:52:01] 
[2025-08-21 17:52:01] Benchmark @train_ep    8500 (bench_eps: 2000)
[2025-08-21 17:52:01] Macro Winrate          :  13.4%
[2025-08-21 17:52:01] Macro Ø-Reward         :  0.945
[2025-08-21 17:52:01] Winrate vs max_combo   :   2.8% | Σ-Reward:  766.0 | Ø-Reward:  0.383 | Places: [55 (0.03), 139 (0.07), 323 (0.16), 1483 (0.74)]
[2025-08-21 17:52:01] Winrate vs random2     :  20.5% | Σ-Reward:  2553.0 | Ø-Reward:  1.276 | Places: [410 (0.20), 419 (0.21), 485 (0.24), 686 (0.34)]
[2025-08-21 17:52:01] Winrate vs single_only :  16.9% | Σ-Reward:  2348.0 | Ø-Reward:  1.174 | Places: [338 (0.17), 434 (0.22), 466 (0.23), 762 (0.38)]
[2025-08-21 17:52:04] Timing @ep 8500: episode 42.4s | train 0.000s | eval 39.4s | plot 2.8s | save 0.001s | cum 0.65h
[2025-08-21 17:54:06] 
[2025-08-21 17:54:06] Benchmark @train_ep    9000 (bench_eps: 2000)
[2025-08-21 17:54:06] Macro Winrate          :  14.9%
[2025-08-21 17:54:06] Macro Ø-Reward         :  1.013
[2025-08-21 17:54:06] Winrate vs max_combo   :   4.2% | Σ-Reward:  991.0 | Ø-Reward:  0.495 | Places: [84 (0.04), 172 (0.09), 395 (0.20), 1349 (0.67)]
[2025-08-21 17:54:06] Winrate vs random2     :  19.6% | Σ-Reward:  2615.0 | Ø-Reward:  1.308 | Places: [392 (0.20), 434 (0.22), 571 (0.29), 603 (0.30)]
[2025-08-21 17:54:06] Winrate vs single_only :  20.9% | Σ-Reward:  2471.0 | Ø-Reward:  1.236 | Places: [419 (0.21), 396 (0.20), 422 (0.21), 763 (0.38)]
[2025-08-21 17:54:08] Timing @ep 9000: episode 35.2s | train 0.000s | eval 32.7s | plot 2.4s | save 0.001s | cum 0.68h
[2025-08-21 17:56:29] 
[2025-08-21 17:56:29] Benchmark @train_ep    9500 (bench_eps: 2000)
[2025-08-21 17:56:29] Macro Winrate          :  12.6%
[2025-08-21 17:56:29] Macro Ø-Reward         :  0.908
[2025-08-21 17:56:29] Winrate vs max_combo   :   3.4% | Σ-Reward:  783.0 | Ø-Reward:  0.392 | Places: [67 (0.03), 122 (0.06), 338 (0.17), 1473 (0.74)]
[2025-08-21 17:56:29] Winrate vs random2     :  21.3% | Σ-Reward:  2573.0 | Ø-Reward:  1.286 | Places: [426 (0.21), 392 (0.20), 511 (0.26), 671 (0.34)]
[2025-08-21 17:56:29] Winrate vs single_only :  13.2% | Σ-Reward:  2091.0 | Ø-Reward:  1.046 | Places: [265 (0.13), 386 (0.19), 524 (0.26), 825 (0.41)]
[2025-08-21 17:56:31] Timing @ep 9500: episode 41.0s | train 0.000s | eval 38.2s | plot 2.6s | save 0.001s | cum 0.72h
[2025-08-21 17:58:57] 
[2025-08-21 17:58:57] Benchmark @train_ep   10000 (bench_eps: 2000)
[2025-08-21 17:58:57] Macro Winrate          :  16.2%
[2025-08-21 17:58:57] Macro Ø-Reward         :  1.069
[2025-08-21 17:58:57] Winrate vs max_combo   :   5.5% | Σ-Reward:  1106.0 | Ø-Reward:  0.553 | Places: [110 (0.06), 192 (0.10), 392 (0.20), 1306 (0.65)]
[2025-08-21 17:58:57] Winrate vs random2     :  19.7% | Σ-Reward:  2647.0 | Ø-Reward:  1.323 | Places: [394 (0.20), 442 (0.22), 581 (0.29), 583 (0.29)]
[2025-08-21 17:58:57] Winrate vs single_only :  23.4% | Σ-Reward:  2663.0 | Ø-Reward:  1.331 | Places: [467 (0.23), 378 (0.19), 506 (0.25), 649 (0.32)]
[2025-08-21 17:59:01] Timing @ep 10000: episode 41.0s | train 0.000s | eval 37.3s | plot 3.5s | save 0.001s | cum 0.76h
[2025-08-21 17:59:01] 
[2025-08-21 17:59:01] Gesamtzeit: 0.76h (~ 3.63 eps/s)
[2025-08-21 17:59:01] K3 (Snapshot-Selfplay, DQN) Training abgeschlossen.
