[2025-09-10 08:52:43] New Training (k1a2): DQN Single-Agent vs Heuristiken (P0→P0)
[2025-09-10 08:52:43] Deck_Size: 64
[2025-09-10 08:52:43] Episodes: 100000
[2025-09-10 08:52:43] Path: /home/wasterix/OpenSpiel/open_spiel/President/models/k1a2/model_31
[2025-09-10 08:57:17] 
[2025-09-10 08:57:17] Benchmark @train_ep    5000 (bench_eps: 2000)
[2025-09-10 08:57:17] Macro Winrate          :  35.2%
[2025-09-10 08:57:17] Macro Ø-Reward         :  1.944
[2025-09-10 08:57:17] Winrate vs max_combo   :  16.4% | Σ-Reward:  2794.0 | Ø-Reward:  1.397 | Places: [327 (0.16), 598 (0.30), 617 (0.31), 458 (0.23)]
[2025-09-10 08:57:17] Winrate vs random2     :  47.8% | Σ-Reward:  4568.0 | Ø-Reward:  2.284 | Places: [955 (0.48), 714 (0.36), 275 (0.14), 56 (0.03)]
[2025-09-10 08:57:17] Winrate vs single_only :  41.5% | Σ-Reward:  4301.0 | Ø-Reward:  2.151 | Places: [830 (0.41), 711 (0.36), 389 (0.19), 70 (0.04)]
[2025-09-10 08:57:18] Timing @ep 5000: episode 42.2s | train 0.039s | eval 40.8s | plot 1.3s | save 0.002s | cum 0.08h
[2025-09-10 09:02:18] 
[2025-09-10 09:02:18] Benchmark @train_ep   10000 (bench_eps: 2000)
[2025-09-10 09:02:18] Macro Winrate          :  47.4%
[2025-09-10 09:02:18] Macro Ø-Reward         :  2.211
[2025-09-10 09:02:18] Winrate vs max_combo   :  27.6% | Σ-Reward:  3530.0 | Ø-Reward:  1.765 | Places: [553 (0.28), 678 (0.34), 515 (0.26), 254 (0.13)]
[2025-09-10 09:02:18] Winrate vs random2     :  62.0% | Σ-Reward:  5030.0 | Ø-Reward:  2.515 | Places: [1239 (0.62), 566 (0.28), 181 (0.09), 14 (0.01)]
[2025-09-10 09:02:18] Winrate vs single_only :  52.6% | Σ-Reward:  4708.0 | Ø-Reward:  2.354 | Places: [1053 (0.53), 627 (0.31), 295 (0.15), 25 (0.01)]
[2025-09-10 09:02:20] Timing @ep 10000: episode 41.2s | train 0.081s | eval 39.7s | plot 1.4s | save 0.003s | cum 0.16h
[2025-09-10 09:08:19] 
[2025-09-10 09:08:19] Benchmark @train_ep   15000 (bench_eps: 2000)
[2025-09-10 09:08:19] Macro Winrate          :  50.9%
[2025-09-10 09:08:19] Macro Ø-Reward         :  2.279
[2025-09-10 09:08:19] Winrate vs max_combo   :  33.0% | Σ-Reward:  3682.0 | Ø-Reward:  1.841 | Places: [659 (0.33), 625 (0.31), 455 (0.23), 261 (0.13)]
[2025-09-10 09:08:19] Winrate vs random2     :  65.8% | Σ-Reward:  5159.0 | Ø-Reward:  2.579 | Places: [1315 (0.66), 546 (0.27), 122 (0.06), 17 (0.01)]
[2025-09-10 09:08:19] Winrate vs single_only :  53.9% | Σ-Reward:  4831.0 | Ø-Reward:  2.416 | Places: [1078 (0.54), 692 (0.35), 213 (0.11), 17 (0.01)]
[2025-09-10 09:08:20] Timing @ep 15000: episode 43.3s | train 0.063s | eval 41.9s | plot 1.3s | save 0.002s | cum 0.26h
[2025-09-10 09:15:24] 
[2025-09-10 09:15:24] Benchmark @train_ep   20000 (bench_eps: 2000)
[2025-09-10 09:15:24] Macro Winrate          :  46.1%
[2025-09-10 09:15:24] Macro Ø-Reward         :  2.227
[2025-09-10 09:15:24] Winrate vs max_combo   :  34.0% | Σ-Reward:  3809.0 | Ø-Reward:  1.905 | Places: [679 (0.34), 671 (0.34), 430 (0.21), 220 (0.11)]
[2025-09-10 09:15:24] Winrate vs random2     :  58.5% | Σ-Reward:  4963.0 | Ø-Reward:  2.482 | Places: [1170 (0.58), 647 (0.32), 159 (0.08), 24 (0.01)]
[2025-09-10 09:15:24] Winrate vs single_only :  45.9% | Σ-Reward:  4588.0 | Ø-Reward:  2.294 | Places: [917 (0.46), 781 (0.39), 275 (0.14), 27 (0.01)]
[2025-09-10 09:15:25] Timing @ep 20000: episode 38.0s | train 0.077s | eval 36.5s | plot 1.5s | save 0.002s | cum 0.38h
[2025-09-10 09:23:31] 
[2025-09-10 09:23:31] Benchmark @train_ep   25000 (bench_eps: 2000)
[2025-09-10 09:23:31] Macro Winrate          :  45.7%
[2025-09-10 09:23:31] Macro Ø-Reward         :  2.215
[2025-09-10 09:23:31] Winrate vs max_combo   :  33.0% | Σ-Reward:  3761.0 | Ø-Reward:  1.881 | Places: [659 (0.33), 670 (0.34), 444 (0.22), 227 (0.11)]
[2025-09-10 09:23:31] Winrate vs random2     :  58.6% | Σ-Reward:  4927.0 | Ø-Reward:  2.463 | Places: [1172 (0.59), 614 (0.31), 183 (0.09), 31 (0.02)]
[2025-09-10 09:23:31] Winrate vs single_only :  45.5% | Σ-Reward:  4604.0 | Ø-Reward:  2.302 | Places: [911 (0.46), 810 (0.41), 251 (0.13), 28 (0.01)]
[2025-09-10 09:23:33] Timing @ep 25000: episode 46.0s | train 0.045s | eval 44.2s | plot 1.8s | save 0.002s | cum 0.51h
[2025-09-10 09:32:23] 
[2025-09-10 09:32:23] Benchmark @train_ep   30000 (bench_eps: 2000)
[2025-09-10 09:32:23] Macro Winrate          :  68.4%
[2025-09-10 09:32:23] Macro Ø-Reward         :  2.555
[2025-09-10 09:32:23] Winrate vs max_combo   :  49.2% | Σ-Reward:  4373.0 | Ø-Reward:  2.187 | Places: [985 (0.49), 565 (0.28), 288 (0.14), 162 (0.08)]
[2025-09-10 09:32:23] Winrate vs random2     :  80.0% | Σ-Reward:  5541.0 | Ø-Reward:  2.771 | Places: [1601 (0.80), 346 (0.17), 46 (0.02), 7 (0.00)]
[2025-09-10 09:32:23] Winrate vs single_only :  76.0% | Σ-Reward:  5414.0 | Ø-Reward:  2.707 | Places: [1520 (0.76), 380 (0.19), 94 (0.05), 6 (0.00)]
[2025-09-10 09:32:25] Timing @ep 30000: episode 32.7s | train 0.089s | eval 31.1s | plot 1.5s | save 0.002s | cum 0.66h
[2025-09-10 09:40:22] 
[2025-09-10 09:40:22] Benchmark @train_ep   35000 (bench_eps: 2000)
[2025-09-10 09:40:22] Macro Winrate          :  67.2%
[2025-09-10 09:40:22] Macro Ø-Reward         :  2.545
[2025-09-10 09:40:22] Winrate vs max_combo   :  48.9% | Σ-Reward:  4402.0 | Ø-Reward:  2.201 | Places: [978 (0.49), 583 (0.29), 302 (0.15), 137 (0.07)]
[2025-09-10 09:40:22] Winrate vs random2     :  77.6% | Σ-Reward:  5478.0 | Ø-Reward:  2.739 | Places: [1552 (0.78), 381 (0.19), 60 (0.03), 7 (0.00)]
[2025-09-10 09:40:22] Winrate vs single_only :  75.0% | Σ-Reward:  5389.0 | Ø-Reward:  2.695 | Places: [1501 (0.75), 396 (0.20), 94 (0.05), 9 (0.00)]
[2025-09-10 09:40:24] Timing @ep 35000: episode 34.3s | train 0.068s | eval 32.8s | plot 1.5s | save 0.002s | cum 0.79h
[2025-09-10 09:48:31] 
[2025-09-10 09:48:31] Benchmark @train_ep   40000 (bench_eps: 2000)
[2025-09-10 09:48:31] Macro Winrate          :  69.7%
[2025-09-10 09:48:31] Macro Ø-Reward         :  2.594
[2025-09-10 09:48:31] Winrate vs max_combo   :  56.4% | Σ-Reward:  4702.0 | Ø-Reward:  2.351 | Places: [1127 (0.56), 543 (0.27), 235 (0.12), 95 (0.05)]
[2025-09-10 09:48:31] Winrate vs random2     :  83.1% | Σ-Reward:  5603.0 | Ø-Reward:  2.801 | Places: [1662 (0.83), 286 (0.14), 45 (0.02), 7 (0.00)]
[2025-09-10 09:48:31] Winrate vs single_only :  69.7% | Σ-Reward:  5257.0 | Ø-Reward:  2.628 | Places: [1393 (0.70), 490 (0.24), 98 (0.05), 19 (0.01)]
[2025-09-10 09:48:32] Timing @ep 40000: episode 31.5s | train 0.065s | eval 30.0s | plot 1.4s | save 0.002s | cum 0.93h
[2025-09-10 09:58:26] 
[2025-09-10 09:58:26] Benchmark @train_ep   45000 (bench_eps: 2000)
[2025-09-10 09:58:26] Macro Winrate          :  71.7%
[2025-09-10 09:58:26] Macro Ø-Reward         :  2.629
[2025-09-10 09:58:26] Winrate vs max_combo   :  55.3% | Σ-Reward:  4694.0 | Ø-Reward:  2.347 | Places: [1106 (0.55), 559 (0.28), 258 (0.13), 77 (0.04)]
[2025-09-10 09:58:26] Winrate vs random2     :  82.8% | Σ-Reward:  5606.0 | Ø-Reward:  2.803 | Places: [1657 (0.83), 294 (0.15), 47 (0.02), 2 (0.00)]
[2025-09-10 09:58:26] Winrate vs single_only :  77.0% | Σ-Reward:  5476.0 | Ø-Reward:  2.738 | Places: [1540 (0.77), 403 (0.20), 50 (0.03), 7 (0.00)]
[2025-09-10 09:58:28] Timing @ep 45000: episode 38.1s | train 0.170s | eval 35.8s | plot 2.1s | save 0.002s | cum 1.10h
[2025-09-10 10:07:34] 
[2025-09-10 10:07:34] Benchmark @train_ep   50000 (bench_eps: 2000)
[2025-09-10 10:07:34] Macro Winrate          :  71.7%
[2025-09-10 10:07:34] Macro Ø-Reward         :  2.625
[2025-09-10 10:07:34] Winrate vs max_combo   :  56.1% | Σ-Reward:  4728.0 | Ø-Reward:  2.364 | Places: [1123 (0.56), 585 (0.29), 189 (0.09), 103 (0.05)]
[2025-09-10 10:07:34] Winrate vs random2     :  82.0% | Σ-Reward:  5584.0 | Ø-Reward:  2.792 | Places: [1641 (0.82), 310 (0.15), 41 (0.02), 8 (0.00)]
[2025-09-10 10:07:34] Winrate vs single_only :  76.8% | Σ-Reward:  5436.0 | Ø-Reward:  2.718 | Places: [1536 (0.77), 383 (0.19), 62 (0.03), 19 (0.01)]
[2025-09-10 10:07:35] Timing @ep 50000: episode 27.2s | train 0.102s | eval 25.9s | plot 1.2s | save 0.001s | cum 1.25h
[2025-09-10 10:15:47] 
[2025-09-10 10:15:47] Benchmark @train_ep   55000 (bench_eps: 2000)
[2025-09-10 10:15:47] Macro Winrate          :  68.8%
[2025-09-10 10:15:47] Macro Ø-Reward         :  2.580
[2025-09-10 10:15:47] Winrate vs max_combo   :  51.4% | Σ-Reward:  4532.0 | Ø-Reward:  2.266 | Places: [1028 (0.51), 586 (0.29), 276 (0.14), 110 (0.06)]
[2025-09-10 10:15:47] Winrate vs random2     :  80.2% | Σ-Reward:  5548.0 | Ø-Reward:  2.774 | Places: [1604 (0.80), 344 (0.17), 48 (0.02), 4 (0.00)]
[2025-09-10 10:15:47] Winrate vs single_only :  74.7% | Σ-Reward:  5400.0 | Ø-Reward:  2.700 | Places: [1494 (0.75), 425 (0.21), 68 (0.03), 13 (0.01)]
[2025-09-10 10:15:48] Timing @ep 55000: episode 26.1s | train 0.073s | eval 24.9s | plot 1.1s | save 0.002s | cum 1.38h
[2025-09-10 10:23:14] 
[2025-09-10 10:23:14] Benchmark @train_ep   60000 (bench_eps: 2000)
[2025-09-10 10:23:14] Macro Winrate          :  70.9%
[2025-09-10 10:23:14] Macro Ø-Reward         :  2.613
[2025-09-10 10:23:14] Winrate vs max_combo   :  54.6% | Σ-Reward:  4642.0 | Ø-Reward:  2.321 | Places: [1092 (0.55), 558 (0.28), 250 (0.12), 100 (0.05)]
[2025-09-10 10:23:14] Winrate vs random2     :  81.7% | Σ-Reward:  5576.0 | Ø-Reward:  2.788 | Places: [1633 (0.82), 317 (0.16), 43 (0.02), 7 (0.00)]
[2025-09-10 10:23:14] Winrate vs single_only :  76.5% | Σ-Reward:  5458.0 | Ø-Reward:  2.729 | Places: [1529 (0.76), 410 (0.20), 51 (0.03), 10 (0.01)]
[2025-09-10 10:23:16] Timing @ep 60000: episode 27.2s | train 0.065s | eval 25.6s | plot 1.5s | save 0.001s | cum 1.51h
[2025-09-10 10:31:26] 
[2025-09-10 10:31:26] Benchmark @train_ep   65000 (bench_eps: 2000)
[2025-09-10 10:31:26] Macro Winrate          :  70.7%
[2025-09-10 10:31:26] Macro Ø-Reward         :  2.602
[2025-09-10 10:31:26] Winrate vs max_combo   :  55.6% | Σ-Reward:  4661.0 | Ø-Reward:  2.330 | Places: [1112 (0.56), 539 (0.27), 247 (0.12), 102 (0.05)]
[2025-09-10 10:31:26] Winrate vs random2     :  83.3% | Σ-Reward:  5613.0 | Ø-Reward:  2.807 | Places: [1666 (0.83), 290 (0.14), 35 (0.02), 9 (0.00)]
[2025-09-10 10:31:26] Winrate vs single_only :  73.2% | Σ-Reward:  5340.0 | Ø-Reward:  2.670 | Places: [1463 (0.73), 428 (0.21), 95 (0.05), 14 (0.01)]
[2025-09-10 10:31:27] Timing @ep 65000: episode 42.0s | train 0.106s | eval 40.4s | plot 1.6s | save 0.002s | cum 1.65h
[2025-09-10 10:43:04] 
[2025-09-10 10:43:04] Benchmark @train_ep   70000 (bench_eps: 2000)
[2025-09-10 10:43:04] Macro Winrate          :  73.1%
[2025-09-10 10:43:04] Macro Ø-Reward         :  2.642
[2025-09-10 10:43:04] Winrate vs max_combo   :  57.5% | Σ-Reward:  4768.0 | Ø-Reward:  2.384 | Places: [1150 (0.57), 560 (0.28), 198 (0.10), 92 (0.05)]
[2025-09-10 10:43:04] Winrate vs random2     :  84.8% | Σ-Reward:  5655.0 | Ø-Reward:  2.828 | Places: [1696 (0.85), 268 (0.13), 31 (0.02), 5 (0.00)]
[2025-09-10 10:43:04] Winrate vs single_only :  77.2% | Σ-Reward:  5430.0 | Ø-Reward:  2.715 | Places: [1543 (0.77), 363 (0.18), 75 (0.04), 19 (0.01)]
[2025-09-10 10:43:05] Timing @ep 70000: episode 27.1s | train 0.059s | eval 25.9s | plot 1.1s | save 0.002s | cum 1.84h
[2025-09-10 10:51:57] 
[2025-09-10 10:51:57] Benchmark @train_ep   75000 (bench_eps: 2000)
[2025-09-10 10:51:57] Macro Winrate          :  69.5%
[2025-09-10 10:51:57] Macro Ø-Reward         :  2.584
[2025-09-10 10:51:57] Winrate vs max_combo   :  51.9% | Σ-Reward:  4520.0 | Ø-Reward:  2.260 | Places: [1037 (0.52), 578 (0.29), 253 (0.13), 132 (0.07)]
[2025-09-10 10:51:57] Winrate vs random2     :  82.8% | Σ-Reward:  5589.0 | Ø-Reward:  2.795 | Places: [1657 (0.83), 288 (0.14), 42 (0.02), 13 (0.01)]
[2025-09-10 10:51:57] Winrate vs single_only :  73.8% | Σ-Reward:  5395.0 | Ø-Reward:  2.697 | Places: [1476 (0.74), 455 (0.23), 57 (0.03), 12 (0.01)]
[2025-09-10 10:51:58] Timing @ep 75000: episode 28.4s | train 0.074s | eval 26.8s | plot 1.5s | save 0.001s | cum 1.99h
[2025-09-10 11:02:53] 
[2025-09-10 11:02:53] Benchmark @train_ep   80000 (bench_eps: 2000)
[2025-09-10 11:02:53] Macro Winrate          :  75.0%
[2025-09-10 11:02:53] Macro Ø-Reward         :  2.667
[2025-09-10 11:02:53] Winrate vs max_combo   :  60.1% | Σ-Reward:  4830.0 | Ø-Reward:  2.415 | Places: [1203 (0.60), 524 (0.26), 173 (0.09), 100 (0.05)]
[2025-09-10 11:02:53] Winrate vs random2     :  84.8% | Σ-Reward:  5649.0 | Ø-Reward:  2.825 | Places: [1695 (0.85), 269 (0.13), 26 (0.01), 10 (0.01)]
[2025-09-10 11:02:53] Winrate vs single_only :  80.0% | Σ-Reward:  5526.0 | Ø-Reward:  2.763 | Places: [1599 (0.80), 336 (0.17), 57 (0.03), 8 (0.00)]
[2025-09-10 11:02:55] Timing @ep 80000: episode 40.2s | train 0.107s | eval 38.3s | plot 1.8s | save 0.002s | cum 2.17h
[2025-09-10 11:14:16] 
[2025-09-10 11:14:16] Benchmark @train_ep   85000 (bench_eps: 2000)
[2025-09-10 11:14:16] Macro Winrate          :  66.7%
[2025-09-10 11:14:16] Macro Ø-Reward         :  2.520
[2025-09-10 11:14:16] Winrate vs max_combo   :  52.9% | Σ-Reward:  4427.0 | Ø-Reward:  2.213 | Places: [1058 (0.53), 507 (0.25), 239 (0.12), 196 (0.10)]
[2025-09-10 11:14:16] Winrate vs random2     :  81.3% | Σ-Reward:  5528.0 | Ø-Reward:  2.764 | Places: [1626 (0.81), 294 (0.15), 62 (0.03), 18 (0.01)]
[2025-09-10 11:14:16] Winrate vs single_only :  65.8% | Σ-Reward:  5163.0 | Ø-Reward:  2.582 | Places: [1316 (0.66), 552 (0.28), 111 (0.06), 21 (0.01)]
[2025-09-10 11:14:18] Timing @ep 85000: episode 44.0s | train 0.107s | eval 42.4s | plot 1.5s | save 0.002s | cum 2.36h
[2025-09-10 11:25:53] 
[2025-09-10 11:25:53] Benchmark @train_ep   90000 (bench_eps: 2000)
[2025-09-10 11:25:53] Macro Winrate          :  72.6%
[2025-09-10 11:25:53] Macro Ø-Reward         :  2.623
[2025-09-10 11:25:53] Winrate vs max_combo   :  57.0% | Σ-Reward:  4678.0 | Ø-Reward:  2.339 | Places: [1139 (0.57), 526 (0.26), 209 (0.10), 126 (0.06)]
[2025-09-10 11:25:53] Winrate vs random2     :  82.3% | Σ-Reward:  5570.0 | Ø-Reward:  2.785 | Places: [1646 (0.82), 289 (0.14), 54 (0.03), 11 (0.01)]
[2025-09-10 11:25:53] Winrate vs single_only :  78.5% | Σ-Reward:  5488.0 | Ø-Reward:  2.744 | Places: [1571 (0.79), 362 (0.18), 51 (0.03), 16 (0.01)]
[2025-09-10 11:25:56] Timing @ep 90000: episode 40.1s | train 0.158s | eval 37.5s | plot 2.5s | save 0.002s | cum 2.55h
[2025-09-10 11:36:07] 
[2025-09-10 11:36:07] Benchmark @train_ep   95000 (bench_eps: 2000)
[2025-09-10 11:36:07] Macro Winrate          :  72.7%
[2025-09-10 11:36:07] Macro Ø-Reward         :  2.619
[2025-09-10 11:36:07] Winrate vs max_combo   :  56.1% | Σ-Reward:  4642.0 | Ø-Reward:  2.321 | Places: [1123 (0.56), 538 (0.27), 197 (0.10), 142 (0.07)]
[2025-09-10 11:36:07] Winrate vs random2     :  83.2% | Σ-Reward:  5612.0 | Ø-Reward:  2.806 | Places: [1665 (0.83), 291 (0.15), 35 (0.02), 9 (0.00)]
[2025-09-10 11:36:07] Winrate vs single_only :  78.8% | Σ-Reward:  5461.0 | Ø-Reward:  2.731 | Places: [1576 (0.79), 330 (0.17), 73 (0.04), 21 (0.01)]
[2025-09-10 11:36:08] Timing @ep 95000: episode 35.7s | train 0.124s | eval 34.1s | plot 1.5s | save 0.002s | cum 2.72h
[2025-09-10 11:48:35] 
[2025-09-10 11:48:35] Benchmark @train_ep  100000 (bench_eps: 2000)
[2025-09-10 11:48:35] Macro Winrate          :  72.6%
[2025-09-10 11:48:35] Macro Ø-Reward         :  2.629
[2025-09-10 11:48:35] Winrate vs max_combo   :  56.5% | Σ-Reward:  4708.0 | Ø-Reward:  2.354 | Places: [1131 (0.57), 560 (0.28), 195 (0.10), 114 (0.06)]
[2025-09-10 11:48:35] Winrate vs random2     :  82.7% | Σ-Reward:  5575.0 | Ø-Reward:  2.788 | Places: [1654 (0.83), 282 (0.14), 49 (0.02), 15 (0.01)]
[2025-09-10 11:48:35] Winrate vs single_only :  78.5% | Σ-Reward:  5492.0 | Ø-Reward:  2.746 | Places: [1571 (0.79), 364 (0.18), 51 (0.03), 14 (0.01)]
[2025-09-10 11:48:37] Timing @ep 100000: episode 37.4s | train 0.171s | eval 35.7s | plot 1.5s | save 0.002s | cum 2.93h
[2025-09-10 11:48:37] 
[2025-09-10 11:48:37] Gesamtzeit: 2.93h (~ 9.48 eps/s)
[2025-09-10 11:48:37] k1a2, Single Agent vs Heuristiken (max_combo). Training abgeschlossen.
[2025-09-10 11:48:37] Path: /home/wasterix/OpenSpiel/open_spiel/President/models/k1a2/model_31
