[2025-08-25 16:26:09] New Training (k1a2): DQN Single-Agent vs Heuristiken (P0→P0)
[2025-08-25 16:26:09] Deck_Size: 16
[2025-08-25 16:26:09] Episodes: 100000
[2025-08-25 16:26:09] Path: /home/wasterix/OpenSpiel/open_spiel/President/models/k1a2/model_01
[2025-08-25 16:27:46] 
[2025-08-25 16:27:46] Benchmark @train_ep    5000 (bench_eps: 2000)
[2025-08-25 16:27:46] Macro Winrate          :  47.4%
[2025-08-25 16:27:46] Macro Ø-Reward         :  2.045
[2025-08-25 16:27:46] Winrate vs max_combo   :  37.3% | Σ-Reward:  3613.0 | Ø-Reward:  1.806 | Places: [746 (0.37), 459 (0.23), 457 (0.23), 338 (0.17)]
[2025-08-25 16:27:46] Winrate vs random2     :  39.7% | Σ-Reward:  3975.0 | Ø-Reward:  1.988 | Places: [794 (0.40), 604 (0.30), 385 (0.19), 217 (0.11)]
[2025-08-25 16:27:46] Winrate vs single_only :  65.0% | Σ-Reward:  4683.0 | Ø-Reward:  2.341 | Places: [1301 (0.65), 243 (0.12), 294 (0.15), 162 (0.08)]
[2025-08-25 16:27:48] Timing @ep 5000: episode 11.2s | train 0.004s | eval 9.8s | plot 1.3s | save 0.003s | cum 0.03h
[2025-08-25 16:29:07] 
[2025-08-25 16:29:07] Benchmark @train_ep   10000 (bench_eps: 2000)
[2025-08-25 16:29:07] Macro Winrate          :  45.7%
[2025-08-25 16:29:07] Macro Ø-Reward         :  2.025
[2025-08-25 16:29:07] Winrate vs max_combo   :  35.5% | Σ-Reward:  3563.0 | Ø-Reward:  1.782 | Places: [710 (0.35), 481 (0.24), 471 (0.24), 338 (0.17)]
[2025-08-25 16:29:07] Winrate vs random2     :  38.9% | Σ-Reward:  3953.0 | Ø-Reward:  1.976 | Places: [778 (0.39), 601 (0.30), 417 (0.21), 204 (0.10)]
[2025-08-25 16:29:07] Winrate vs single_only :  62.8% | Σ-Reward:  4634.0 | Ø-Reward:  2.317 | Places: [1255 (0.63), 279 (0.14), 311 (0.16), 155 (0.08)]
[2025-08-25 16:29:08] Timing @ep 10000: episode 8.1s | train 0.008s | eval 7.1s | plot 1.0s | save 0.001s | cum 0.05h
[2025-08-25 16:30:19] 
[2025-08-25 16:30:19] Benchmark @train_ep   15000 (bench_eps: 2000)
[2025-08-25 16:30:19] Macro Winrate          :  47.0%
[2025-08-25 16:30:19] Macro Ø-Reward         :  2.045
[2025-08-25 16:30:19] Winrate vs max_combo   :  38.1% | Σ-Reward:  3670.0 | Ø-Reward:  1.835 | Places: [763 (0.38), 470 (0.23), 441 (0.22), 326 (0.16)]
[2025-08-25 16:30:19] Winrate vs random2     :  40.8% | Σ-Reward:  4023.0 | Ø-Reward:  2.011 | Places: [816 (0.41), 585 (0.29), 405 (0.20), 194 (0.10)]
[2025-08-25 16:30:19] Winrate vs single_only :  62.0% | Σ-Reward:  4578.0 | Ø-Reward:  2.289 | Places: [1240 (0.62), 264 (0.13), 330 (0.17), 166 (0.08)]
[2025-08-25 16:30:20] Timing @ep 15000: episode 8.0s | train 0.007s | eval 7.0s | plot 1.0s | save 0.001s | cum 0.07h
[2025-08-25 16:31:35] 
[2025-08-25 16:31:35] Benchmark @train_ep   20000 (bench_eps: 2000)
[2025-08-25 16:31:35] Macro Winrate          :  47.6%
[2025-08-25 16:31:35] Macro Ø-Reward         :  2.065
[2025-08-25 16:31:35] Winrate vs max_combo   :  39.5% | Σ-Reward:  3752.0 | Ø-Reward:  1.876 | Places: [791 (0.40), 489 (0.24), 401 (0.20), 319 (0.16)]
[2025-08-25 16:31:35] Winrate vs random2     :  41.0% | Σ-Reward:  4047.0 | Ø-Reward:  2.023 | Places: [820 (0.41), 584 (0.29), 419 (0.21), 177 (0.09)]
[2025-08-25 16:31:35] Winrate vs single_only :  62.4% | Σ-Reward:  4588.0 | Ø-Reward:  2.294 | Places: [1247 (0.62), 254 (0.13), 339 (0.17), 160 (0.08)]
[2025-08-25 16:31:36] Timing @ep 20000: episode 7.9s | train 0.013s | eval 6.8s | plot 1.0s | save 0.001s | cum 0.09h
[2025-08-25 16:32:58] 
[2025-08-25 16:32:58] Benchmark @train_ep   25000 (bench_eps: 2000)
[2025-08-25 16:32:58] Macro Winrate          :  48.1%
[2025-08-25 16:32:58] Macro Ø-Reward         :  2.060
[2025-08-25 16:32:58] Winrate vs max_combo   :  37.6% | Σ-Reward:  3664.0 | Ø-Reward:  1.832 | Places: [752 (0.38), 477 (0.24), 454 (0.23), 317 (0.16)]
[2025-08-25 16:32:58] Winrate vs random2     :  42.1% | Σ-Reward:  4038.0 | Ø-Reward:  2.019 | Places: [842 (0.42), 557 (0.28), 398 (0.20), 203 (0.10)]
[2025-08-25 16:32:58] Winrate vs single_only :  64.5% | Σ-Reward:  4661.0 | Ø-Reward:  2.330 | Places: [1291 (0.65), 246 (0.12), 296 (0.15), 167 (0.08)]
[2025-08-25 16:32:59] Timing @ep 25000: episode 7.9s | train 0.012s | eval 6.9s | plot 1.0s | save 0.001s | cum 0.11h
[2025-08-25 16:34:25] 
[2025-08-25 16:34:25] Benchmark @train_ep   30000 (bench_eps: 2000)
[2025-08-25 16:34:25] Macro Winrate          :  48.3%
[2025-08-25 16:34:25] Macro Ø-Reward         :  2.073
[2025-08-25 16:34:25] Winrate vs max_combo   :  38.6% | Σ-Reward:  3714.0 | Ø-Reward:  1.857 | Places: [772 (0.39), 491 (0.25), 416 (0.21), 321 (0.16)]
[2025-08-25 16:34:25] Winrate vs random2     :  41.9% | Σ-Reward:  4042.0 | Ø-Reward:  2.021 | Places: [838 (0.42), 558 (0.28), 412 (0.21), 192 (0.10)]
[2025-08-25 16:34:25] Winrate vs single_only :  64.3% | Σ-Reward:  4680.0 | Ø-Reward:  2.340 | Places: [1287 (0.64), 240 (0.12), 339 (0.17), 134 (0.07)]
[2025-08-25 16:34:26] Timing @ep 30000: episode 8.2s | train 0.013s | eval 7.2s | plot 1.0s | save 0.001s | cum 0.14h
[2025-08-25 16:36:02] 
[2025-08-25 16:36:02] Benchmark @train_ep   35000 (bench_eps: 2000)
[2025-08-25 16:36:02] Macro Winrate          :  46.1%
[2025-08-25 16:36:02] Macro Ø-Reward         :  2.025
[2025-08-25 16:36:02] Winrate vs max_combo   :  36.4% | Σ-Reward:  3613.0 | Ø-Reward:  1.806 | Places: [727 (0.36), 508 (0.25), 416 (0.21), 349 (0.17)]
[2025-08-25 16:36:02] Winrate vs random2     :  41.9% | Σ-Reward:  4038.0 | Ø-Reward:  2.019 | Places: [838 (0.42), 557 (0.28), 410 (0.20), 195 (0.10)]
[2025-08-25 16:36:02] Winrate vs single_only :  60.0% | Σ-Reward:  4501.0 | Ø-Reward:  2.251 | Places: [1201 (0.60), 267 (0.13), 364 (0.18), 168 (0.08)]
[2025-08-25 16:36:03] Timing @ep 35000: episode 8.3s | train 0.009s | eval 7.3s | plot 1.0s | save 0.001s | cum 0.16h
[2025-08-25 16:37:40] 
[2025-08-25 16:37:40] Benchmark @train_ep   40000 (bench_eps: 2000)
[2025-08-25 16:37:40] Macro Winrate          :  46.2%
[2025-08-25 16:37:40] Macro Ø-Reward         :  2.036
[2025-08-25 16:37:40] Winrate vs max_combo   :  36.5% | Σ-Reward:  3616.0 | Ø-Reward:  1.808 | Places: [729 (0.36), 501 (0.25), 427 (0.21), 343 (0.17)]
[2025-08-25 16:37:40] Winrate vs random2     :  39.1% | Σ-Reward:  3960.0 | Ø-Reward:  1.980 | Places: [783 (0.39), 584 (0.29), 443 (0.22), 190 (0.10)]
[2025-08-25 16:37:40] Winrate vs single_only :  63.1% | Σ-Reward:  4638.0 | Ø-Reward:  2.319 | Places: [1262 (0.63), 278 (0.14), 296 (0.15), 164 (0.08)]
[2025-08-25 16:37:42] Timing @ep 40000: episode 8.5s | train 0.020s | eval 7.3s | plot 1.2s | save 0.001s | cum 0.19h
[2025-08-25 16:39:17] 
[2025-08-25 16:39:17] Benchmark @train_ep   45000 (bench_eps: 2000)
[2025-08-25 16:39:17] Macro Winrate          :  48.0%
[2025-08-25 16:39:17] Macro Ø-Reward         :  2.047
[2025-08-25 16:39:17] Winrate vs max_combo   :  39.2% | Σ-Reward:  3655.0 | Ø-Reward:  1.827 | Places: [785 (0.39), 445 (0.22), 410 (0.20), 360 (0.18)]
[2025-08-25 16:39:17] Winrate vs random2     :  40.9% | Σ-Reward:  4000.0 | Ø-Reward:  2.000 | Places: [817 (0.41), 550 (0.28), 449 (0.22), 184 (0.09)]
[2025-08-25 16:39:17] Winrate vs single_only :  63.9% | Σ-Reward:  4626.0 | Ø-Reward:  2.313 | Places: [1278 (0.64), 249 (0.12), 294 (0.15), 179 (0.09)]
[2025-08-25 16:39:18] Timing @ep 45000: episode 8.1s | train 0.017s | eval 7.1s | plot 1.0s | save 0.001s | cum 0.22h
[2025-08-25 16:40:56] 
[2025-08-25 16:40:56] Benchmark @train_ep   50000 (bench_eps: 2000)
[2025-08-25 16:40:56] Macro Winrate          :  48.2%
[2025-08-25 16:40:56] Macro Ø-Reward         :  2.066
[2025-08-25 16:40:56] Winrate vs max_combo   :  40.3% | Σ-Reward:  3769.0 | Ø-Reward:  1.885 | Places: [806 (0.40), 464 (0.23), 423 (0.21), 307 (0.15)]
[2025-08-25 16:40:56] Winrate vs random2     :  42.6% | Σ-Reward:  4071.0 | Ø-Reward:  2.035 | Places: [853 (0.43), 564 (0.28), 384 (0.19), 199 (0.10)]
[2025-08-25 16:40:56] Winrate vs single_only :  61.5% | Σ-Reward:  4558.0 | Ø-Reward:  2.279 | Places: [1231 (0.62), 274 (0.14), 317 (0.16), 178 (0.09)]
[2025-08-25 16:40:57] Timing @ep 50000: episode 8.2s | train 0.016s | eval 7.2s | plot 1.0s | save 0.001s | cum 0.25h
[2025-08-25 16:42:34] 
[2025-08-25 16:42:34] Benchmark @train_ep   55000 (bench_eps: 2000)
[2025-08-25 16:42:34] Macro Winrate          :  47.9%
[2025-08-25 16:42:34] Macro Ø-Reward         :  2.070
[2025-08-25 16:42:34] Winrate vs max_combo   :  38.6% | Σ-Reward:  3722.0 | Ø-Reward:  1.861 | Places: [773 (0.39), 483 (0.24), 437 (0.22), 307 (0.15)]
[2025-08-25 16:42:34] Winrate vs random2     :  41.1% | Σ-Reward:  4032.0 | Ø-Reward:  2.016 | Places: [823 (0.41), 559 (0.28), 445 (0.22), 173 (0.09)]
[2025-08-25 16:42:34] Winrate vs single_only :  63.9% | Σ-Reward:  4666.0 | Ø-Reward:  2.333 | Places: [1278 (0.64), 264 (0.13), 304 (0.15), 154 (0.08)]
[2025-08-25 16:42:35] Timing @ep 55000: episode 8.4s | train 0.027s | eval 7.1s | plot 1.2s | save 0.001s | cum 0.27h
[2025-08-25 16:44:13] 
[2025-08-25 16:44:13] Benchmark @train_ep   60000 (bench_eps: 2000)
[2025-08-25 16:44:13] Macro Winrate          :  46.7%
[2025-08-25 16:44:13] Macro Ø-Reward         :  2.040
[2025-08-25 16:44:13] Winrate vs max_combo   :  37.3% | Σ-Reward:  3629.0 | Ø-Reward:  1.815 | Places: [746 (0.37), 473 (0.24), 445 (0.22), 336 (0.17)]
[2025-08-25 16:44:13] Winrate vs random2     :  41.4% | Σ-Reward:  4026.0 | Ø-Reward:  2.013 | Places: [827 (0.41), 569 (0.28), 407 (0.20), 197 (0.10)]
[2025-08-25 16:44:13] Winrate vs single_only :  61.4% | Σ-Reward:  4585.0 | Ø-Reward:  2.292 | Places: [1228 (0.61), 278 (0.14), 345 (0.17), 149 (0.07)]
[2025-08-25 16:44:14] Timing @ep 60000: episode 8.0s | train 0.023s | eval 6.9s | plot 1.0s | save 0.001s | cum 0.30h
[2025-08-25 16:45:50] 
[2025-08-25 16:45:50] Benchmark @train_ep   65000 (bench_eps: 2000)
[2025-08-25 16:45:50] Macro Winrate          :  48.0%
[2025-08-25 16:45:50] Macro Ø-Reward         :  2.070
[2025-08-25 16:45:50] Winrate vs max_combo   :  39.7% | Σ-Reward:  3715.0 | Ø-Reward:  1.857 | Places: [794 (0.40), 464 (0.23), 405 (0.20), 337 (0.17)]
[2025-08-25 16:45:50] Winrate vs random2     :  41.2% | Σ-Reward:  4056.0 | Ø-Reward:  2.028 | Places: [824 (0.41), 592 (0.30), 400 (0.20), 184 (0.09)]
[2025-08-25 16:45:50] Winrate vs single_only :  63.0% | Σ-Reward:  4646.0 | Ø-Reward:  2.323 | Places: [1259 (0.63), 283 (0.14), 303 (0.15), 155 (0.08)]
[2025-08-25 16:45:51] Timing @ep 65000: episode 8.3s | train 0.021s | eval 7.3s | plot 1.0s | save 0.001s | cum 0.33h
[2025-08-25 16:47:28] 
[2025-08-25 16:47:28] Benchmark @train_ep   70000 (bench_eps: 2000)
[2025-08-25 16:47:28] Macro Winrate          :  47.3%
[2025-08-25 16:47:28] Macro Ø-Reward         :  2.039
[2025-08-25 16:47:28] Winrate vs max_combo   :  37.8% | Σ-Reward:  3648.0 | Ø-Reward:  1.824 | Places: [756 (0.38), 478 (0.24), 424 (0.21), 342 (0.17)]
[2025-08-25 16:47:28] Winrate vs random2     :  42.9% | Σ-Reward:  4044.0 | Ø-Reward:  2.022 | Places: [857 (0.43), 527 (0.26), 419 (0.21), 197 (0.10)]
[2025-08-25 16:47:28] Winrate vs single_only :  61.4% | Σ-Reward:  4544.0 | Ø-Reward:  2.272 | Places: [1227 (0.61), 257 (0.13), 349 (0.17), 167 (0.08)]
[2025-08-25 16:47:29] Timing @ep 70000: episode 8.3s | train 0.016s | eval 7.1s | plot 1.2s | save 0.001s | cum 0.36h
[2025-08-25 16:49:10] 
[2025-08-25 16:49:10] Benchmark @train_ep   75000 (bench_eps: 2000)
[2025-08-25 16:49:10] Macro Winrate          :  46.2%
[2025-08-25 16:49:10] Macro Ø-Reward         :  2.026
[2025-08-25 16:49:10] Winrate vs max_combo   :  35.0% | Σ-Reward:  3554.0 | Ø-Reward:  1.777 | Places: [699 (0.35), 517 (0.26), 423 (0.21), 361 (0.18)]
[2025-08-25 16:49:10] Winrate vs random2     :  40.2% | Σ-Reward:  3966.0 | Ø-Reward:  1.983 | Places: [804 (0.40), 576 (0.29), 402 (0.20), 218 (0.11)]
[2025-08-25 16:49:10] Winrate vs single_only :  63.6% | Σ-Reward:  4638.0 | Ø-Reward:  2.319 | Places: [1272 (0.64), 269 (0.13), 284 (0.14), 175 (0.09)]
[2025-08-25 16:49:11] Timing @ep 75000: episode 9.3s | train 0.013s | eval 8.2s | plot 1.1s | save 0.001s | cum 0.38h
[2025-08-25 16:51:31] 
[2025-08-25 16:51:31] Benchmark @train_ep   80000 (bench_eps: 2000)
[2025-08-25 16:51:31] Macro Winrate          :  48.0%
[2025-08-25 16:51:31] Macro Ø-Reward         :  2.066
[2025-08-25 16:51:31] Winrate vs max_combo   :  38.2% | Σ-Reward:  3721.0 | Ø-Reward:  1.861 | Places: [764 (0.38), 497 (0.25), 435 (0.22), 304 (0.15)]
[2025-08-25 16:51:31] Winrate vs random2     :  41.5% | Σ-Reward:  3992.0 | Ø-Reward:  1.996 | Places: [831 (0.42), 540 (0.27), 419 (0.21), 210 (0.10)]
[2025-08-25 16:51:31] Winrate vs single_only :  64.3% | Σ-Reward:  4683.0 | Ø-Reward:  2.341 | Places: [1286 (0.64), 275 (0.14), 275 (0.14), 164 (0.08)]
[2025-08-25 16:51:33] Timing @ep 80000: episode 11.9s | train 0.035s | eval 10.4s | plot 1.4s | save 0.002s | cum 0.42h
[2025-08-25 16:53:57] 
[2025-08-25 16:53:57] Benchmark @train_ep   85000 (bench_eps: 2000)
[2025-08-25 16:53:57] Macro Winrate          :  48.0%
[2025-08-25 16:53:57] Macro Ø-Reward         :  2.067
[2025-08-25 16:53:57] Winrate vs max_combo   :  38.6% | Σ-Reward:  3731.0 | Ø-Reward:  1.865 | Places: [773 (0.39), 499 (0.25), 414 (0.21), 314 (0.16)]
[2025-08-25 16:53:57] Winrate vs random2     :  40.3% | Σ-Reward:  3994.0 | Ø-Reward:  1.997 | Places: [806 (0.40), 590 (0.29), 396 (0.20), 208 (0.10)]
[2025-08-25 16:53:57] Winrate vs single_only :  65.2% | Σ-Reward:  4674.0 | Ø-Reward:  2.337 | Places: [1304 (0.65), 236 (0.12), 290 (0.14), 170 (0.09)]
[2025-08-25 16:53:58] Timing @ep 85000: episode 12.8s | train 0.023s | eval 11.0s | plot 1.8s | save 0.002s | cum 0.46h
[2025-08-25 16:56:29] 
[2025-08-25 16:56:29] Benchmark @train_ep   90000 (bench_eps: 2000)
[2025-08-25 16:56:29] Macro Winrate          :  47.0%
[2025-08-25 16:56:29] Macro Ø-Reward         :  2.050
[2025-08-25 16:56:29] Winrate vs max_combo   :  38.6% | Σ-Reward:  3707.0 | Ø-Reward:  1.853 | Places: [773 (0.39), 484 (0.24), 420 (0.21), 323 (0.16)]
[2025-08-25 16:56:29] Winrate vs random2     :  39.6% | Σ-Reward:  3970.0 | Ø-Reward:  1.985 | Places: [793 (0.40), 574 (0.29), 443 (0.22), 190 (0.10)]
[2025-08-25 16:56:29] Winrate vs single_only :  62.8% | Σ-Reward:  4621.0 | Ø-Reward:  2.311 | Places: [1256 (0.63), 266 (0.13), 321 (0.16), 157 (0.08)]
[2025-08-25 16:56:30] Timing @ep 90000: episode 11.5s | train 0.040s | eval 10.1s | plot 1.4s | save 0.002s | cum 0.51h
[2025-08-25 16:58:42] 
[2025-08-25 16:58:42] Benchmark @train_ep   95000 (bench_eps: 2000)
[2025-08-25 16:58:42] Macro Winrate          :  47.9%
[2025-08-25 16:58:42] Macro Ø-Reward         :  2.070
[2025-08-25 16:58:42] Winrate vs max_combo   :  36.5% | Σ-Reward:  3639.0 | Ø-Reward:  1.819 | Places: [730 (0.36), 497 (0.25), 455 (0.23), 318 (0.16)]
[2025-08-25 16:58:42] Winrate vs random2     :  43.6% | Σ-Reward:  4103.0 | Ø-Reward:  2.051 | Places: [873 (0.44), 543 (0.27), 398 (0.20), 186 (0.09)]
[2025-08-25 16:58:42] Winrate vs single_only :  63.7% | Σ-Reward:  4679.0 | Ø-Reward:  2.340 | Places: [1274 (0.64), 262 (0.13), 333 (0.17), 131 (0.07)]
[2025-08-25 16:58:43] Timing @ep 95000: episode 11.6s | train 0.028s | eval 10.2s | plot 1.4s | save 0.002s | cum 0.54h
[2025-08-25 17:00:50] 
[2025-08-25 17:00:50] Benchmark @train_ep  100000 (bench_eps: 2000)
[2025-08-25 17:00:50] Macro Winrate          :  48.4%
[2025-08-25 17:00:50] Macro Ø-Reward         :  2.088
[2025-08-25 17:00:50] Winrate vs max_combo   :  39.0% | Σ-Reward:  3786.0 | Ø-Reward:  1.893 | Places: [780 (0.39), 506 (0.25), 434 (0.22), 280 (0.14)]
[2025-08-25 17:00:50] Winrate vs random2     :  42.1% | Σ-Reward:  4051.0 | Ø-Reward:  2.026 | Places: [843 (0.42), 562 (0.28), 398 (0.20), 197 (0.10)]
[2025-08-25 17:00:50] Winrate vs single_only :  64.1% | Σ-Reward:  4693.0 | Ø-Reward:  2.346 | Places: [1282 (0.64), 271 (0.14), 305 (0.15), 142 (0.07)]
[2025-08-25 17:00:52] Timing @ep 100000: episode 11.5s | train 0.029s | eval 10.0s | plot 1.4s | save 0.002s | cum 0.58h
[2025-08-25 17:00:52] 
[2025-08-25 17:00:52] Gesamtzeit: 0.58h (~ 48.03 eps/s)
[2025-08-25 17:00:52] k1a2, Single Agent vs Heuristiken (max_combo). Training abgeschlossen.
[2025-08-25 17:00:52] Path: /home/wasterix/OpenSpiel/open_spiel/President/models/k1a2/model_01
