[2025-08-25 10:42:34] New Training (k4a1): Shared-Policy PPO — In-Proc External Trainer (Bundle-Updates)
[2025-08-25 10:42:34] Deck_Size: 64
[2025-08-25 10:42:34] Episodes: 10000
[2025-08-25 10:42:34] Path: /home/wasterix/OpenSpiel/open_spiel/President/models/k4a1/model_42
[2025-08-25 10:44:11] 
[2025-08-25 10:44:11] Benchmark @train_ep    2000 (bench_eps: 200)
[2025-08-25 10:44:11] Macro Winrate          :  67.2%
[2025-08-25 10:44:11] Macro Ø-Reward         :  2.497
[2025-08-25 10:44:11] Winrate vs max_combo   :  39.5% | Σ-Reward:  387.0 | Ø-Reward:  1.935 | Places: [79 (0.40), 56 (0.28), 38 (0.19), 27 (0.14)]
[2025-08-25 10:44:11] Winrate vs random2     :  81.0% | Σ-Reward:  556.0 | Ø-Reward:  2.780 | Places: [162 (0.81), 33 (0.17), 4 (0.02), 1 (0.01)]
[2025-08-25 10:44:11] Winrate vs single_only :  81.0% | Σ-Reward:  555.0 | Ø-Reward:  2.775 | Places: [162 (0.81), 33 (0.17), 3 (0.01), 2 (0.01)]
[2025-08-25 10:44:12] Timing @ep 2000: episode 4.6s | train 0.086s | eval 3.4s | plot 1.0s | save 0.002s | cum 0.03h
[2025-08-25 10:45:32] 
[2025-08-25 10:45:32] Benchmark @train_ep    4000 (bench_eps: 200)
[2025-08-25 10:45:32] Macro Winrate          :  67.0%
[2025-08-25 10:45:32] Macro Ø-Reward         :  2.448
[2025-08-25 10:45:32] Winrate vs max_combo   :  35.0% | Σ-Reward:  369.0 | Ø-Reward:  1.845 | Places: [70 (0.35), 59 (0.29), 41 (0.20), 30 (0.15)]
[2025-08-25 10:45:32] Winrate vs random2     :  80.0% | Σ-Reward:  539.0 | Ø-Reward:  2.695 | Places: [160 (0.80), 24 (0.12), 11 (0.06), 5 (0.03)]
[2025-08-25 10:45:32] Winrate vs single_only :  86.0% | Σ-Reward:  561.0 | Ø-Reward:  2.805 | Places: [172 (0.86), 21 (0.10), 3 (0.01), 4 (0.02)]
[2025-08-25 10:45:33] Timing @ep 4000: episode 4.6s | train 0.098s | eval 3.4s | plot 1.1s | save 0.001s | cum 0.05h
[2025-08-25 10:46:54] 
[2025-08-25 10:46:54] Benchmark @train_ep    6000 (bench_eps: 200)
[2025-08-25 10:46:54] Macro Winrate          :  67.0%
[2025-08-25 10:46:54] Macro Ø-Reward         :  2.510
[2025-08-25 10:46:54] Winrate vs max_combo   :  36.0% | Σ-Reward:  391.0 | Ø-Reward:  1.955 | Places: [72 (0.36), 66 (0.33), 43 (0.21), 19 (0.10)]
[2025-08-25 10:46:54] Winrate vs random2     :  80.5% | Σ-Reward:  554.0 | Ø-Reward:  2.770 | Places: [161 (0.81), 32 (0.16), 7 (0.04), 0 (0.00)]
[2025-08-25 10:46:54] Winrate vs single_only :  84.5% | Σ-Reward:  561.0 | Ø-Reward:  2.805 | Places: [169 (0.84), 25 (0.12), 4 (0.02), 2 (0.01)]
[2025-08-25 10:46:55] Timing @ep 6000: episode 4.8s | train 0.084s | eval 3.6s | plot 1.1s | save 0.001s | cum 0.07h
[2025-08-25 10:48:19] 
[2025-08-25 10:48:19] Benchmark @train_ep    8000 (bench_eps: 200)
[2025-08-25 10:48:19] Macro Winrate          :  64.8%
[2025-08-25 10:48:19] Macro Ø-Reward         :  2.467
[2025-08-25 10:48:19] Winrate vs max_combo   :  35.0% | Σ-Reward:  389.0 | Ø-Reward:  1.945 | Places: [70 (0.35), 67 (0.34), 45 (0.23), 18 (0.09)]
[2025-08-25 10:48:19] Winrate vs random2     :  77.0% | Σ-Reward:  534.0 | Ø-Reward:  2.670 | Places: [154 (0.77), 30 (0.15), 12 (0.06), 4 (0.02)]
[2025-08-25 10:48:19] Winrate vs single_only :  82.5% | Σ-Reward:  557.0 | Ø-Reward:  2.785 | Places: [165 (0.82), 28 (0.14), 6 (0.03), 1 (0.01)]
[2025-08-25 10:48:21] Timing @ep 8000: episode 4.7s | train 0.088s | eval 3.4s | plot 1.2s | save 0.001s | cum 0.10h
[2025-08-25 10:50:09] 
[2025-08-25 10:50:09] Benchmark @train_ep   10000 (bench_eps: 200)
[2025-08-25 10:50:09] Macro Winrate          :  68.5%
[2025-08-25 10:50:09] Macro Ø-Reward         :  2.528
[2025-08-25 10:50:09] Winrate vs max_combo   :  45.5% | Σ-Reward:  416.0 | Ø-Reward:  2.080 | Places: [91 (0.46), 51 (0.26), 41 (0.20), 17 (0.09)]
[2025-08-25 10:50:09] Winrate vs random2     :  80.5% | Σ-Reward:  552.0 | Ø-Reward:  2.760 | Places: [161 (0.81), 31 (0.15), 7 (0.04), 1 (0.01)]
[2025-08-25 10:50:09] Winrate vs single_only :  79.5% | Σ-Reward:  549.0 | Ø-Reward:  2.745 | Places: [159 (0.80), 32 (0.16), 8 (0.04), 1 (0.01)]
[2025-08-25 10:50:11] Timing @ep 10000: episode 6.0s | train 0.110s | eval 4.5s | plot 1.4s | save 0.002s | cum 0.13h
[2025-08-25 10:50:11] 
[2025-08-25 10:50:11] Gesamtzeit: 0.13h (~ 21.96 eps/s)
[2025-08-25 10:50:11] k4a1, Shared Policy Selfplay (4 Rollout, external Training). Training abgeschlossen.
[2025-08-25 10:50:11] Path: /home/wasterix/OpenSpiel/open_spiel/President/models/k4a1/model_42
