[2025-08-20 15:55:19] New Training (k3a1): Snapshot-Selfplay PPO
[2025-08-20 15:55:19] Deck_Size: 64
[2025-08-20 15:55:19] Episodes: 200
[2025-08-20 15:55:19] Path: /home/wasterix/OpenSpiel/open_spiel/President/models/k3a1/model_07
[2025-08-20 15:55:46] 
[2025-08-20 15:55:46] Benchmark @train_ep     100 (bench_eps: 500)
[2025-08-20 15:55:46] Macro Winrate          :  14.0%
[2025-08-20 15:55:46] Macro Ø-Reward         :  0.979
[2025-08-20 15:55:46] Winrate vs max_combo   :   3.4% | Σ-Reward:  222.0 | Ø-Reward:  0.444 | Places: [17 (0.03), 36 (0.07), 99 (0.20), 348 (0.70)]
[2025-08-20 15:55:46] Winrate vs random2     :  20.2% | Σ-Reward:  667.0 | Ø-Reward:  1.334 | Places: [101 (0.20), 120 (0.24), 124 (0.25), 155 (0.31)]
[2025-08-20 15:55:46] Winrate vs single_only :  18.4% | Σ-Reward:  579.0 | Ø-Reward:  1.158 | Places: [92 (0.18), 87 (0.17), 129 (0.26), 192 (0.38)]
[2025-08-20 15:55:49] Timing @ep 100: episode 14.2s | train 0.003s | eval 11.8s | plot 2.3s | save 0.002s | cum 0.01h
[2025-08-20 15:56:04] 
[2025-08-20 15:56:04] Benchmark @train_ep     200 (bench_eps: 500)
[2025-08-20 15:56:04] Macro Winrate          :  20.3%
[2025-08-20 15:56:04] Macro Ø-Reward         :  1.144
[2025-08-20 15:56:04] Winrate vs max_combo   :   7.2% | Σ-Reward:  291.0 | Ø-Reward:  0.582 | Places: [36 (0.07), 43 (0.09), 97 (0.19), 324 (0.65)]
[2025-08-20 15:56:04] Winrate vs random2     :  26.2% | Σ-Reward:  731.0 | Ø-Reward:  1.462 | Places: [131 (0.26), 110 (0.22), 118 (0.24), 141 (0.28)]
[2025-08-20 15:56:04] Winrate vs single_only :  27.4% | Σ-Reward:  694.0 | Ø-Reward:  1.388 | Places: [137 (0.27), 83 (0.17), 117 (0.23), 163 (0.33)]
[2025-08-20 15:56:06] Timing @ep 200: episode 14.2s | train 0.003s | eval 11.7s | plot 2.5s | save 0.003s | cum 0.01h
[2025-08-20 15:56:06] 
[2025-08-20 15:56:06] Gesamtzeit: 0.01h (~ 4.43 eps/s)
[2025-08-20 15:56:06] K3 (Snapshot-Selfplay) Training abgeschlossen.
