[2025-08-22 15:32:03] New Training (k2a2): 4 getrennte DQN-Agents — simultanes Lernen
[2025-08-22 15:32:03] Deck_Size: 64
[2025-08-22 15:32:03] Episodes: 10000
[2025-08-22 15:32:03] Path: /home/wasterix/OpenSpiel/open_spiel/President/models/k2a2/model_16
[2025-08-22 15:34:26] 
[2025-08-22 15:34:26] Benchmark @train_ep     500 (bench_eps: 2000)
[2025-08-22 15:34:26] Macro Winrate          :  23.8%
[2025-08-22 15:34:26] Macro Ø-Reward         :  1.411
[2025-08-22 15:34:26] Winrate vs max_combo   :   9.1% | Σ-Reward:  1645.0 | Ø-Reward:  0.823 | Places: [182 (0.09), 295 (0.15), 509 (0.25), 1014 (0.51)]
[2025-08-22 15:34:26] Winrate vs random2     :  34.1% | Σ-Reward:  3525.0 | Ø-Reward:  1.762 | Places: [682 (0.34), 534 (0.27), 411 (0.21), 373 (0.19)]
[2025-08-22 15:34:26] Winrate vs single_only :  28.2% | Σ-Reward:  3294.0 | Ø-Reward:  1.647 | Places: [565 (0.28), 564 (0.28), 471 (0.24), 400 (0.20)]
[2025-08-22 15:34:28] Timing @ep 500: episode 29.3s | train 0.000s | eval 27.1s | plot 2.0s | save 0.006s | cum 0.04h
[2025-08-22 15:36:42] 
[2025-08-22 15:36:42] Benchmark @train_ep    1000 (bench_eps: 2000)
[2025-08-22 15:36:42] Macro Winrate          :  40.9%
[2025-08-22 15:36:42] Macro Ø-Reward         :  1.797
[2025-08-22 15:36:42] Winrate vs max_combo   :  13.4% | Σ-Reward:  2039.0 | Ø-Reward:  1.020 | Places: [269 (0.13), 369 (0.18), 494 (0.25), 868 (0.43)]
[2025-08-22 15:36:42] Winrate vs random2     :  47.4% | Σ-Reward:  4141.0 | Ø-Reward:  2.071 | Places: [948 (0.47), 490 (0.24), 317 (0.16), 245 (0.12)]
[2025-08-22 15:36:42] Winrate vs single_only :  61.8% | Σ-Reward:  4603.0 | Ø-Reward:  2.301 | Places: [1235 (0.62), 339 (0.17), 220 (0.11), 206 (0.10)]
[2025-08-22 15:36:44] Timing @ep 1000: episode 26.1s | train 0.000s | eval 23.9s | plot 2.0s | save 0.009s | cum 0.08h
[2025-08-22 15:38:49] 
[2025-08-22 15:38:49] Benchmark @train_ep    1500 (bench_eps: 2000)
[2025-08-22 15:38:49] Macro Winrate          :  48.8%
[2025-08-22 15:38:49] Macro Ø-Reward         :  2.020
[2025-08-22 15:38:49] Winrate vs max_combo   :  20.4% | Σ-Reward:  2608.0 | Ø-Reward:  1.304 | Places: [409 (0.20), 455 (0.23), 471 (0.24), 665 (0.33)]
[2025-08-22 15:38:49] Winrate vs random2     :  55.7% | Σ-Reward:  4546.0 | Ø-Reward:  2.273 | Places: [1114 (0.56), 480 (0.24), 244 (0.12), 162 (0.08)]
[2025-08-22 15:38:49] Winrate vs single_only :  70.2% | Σ-Reward:  4964.0 | Ø-Reward:  2.482 | Places: [1403 (0.70), 289 (0.14), 177 (0.09), 131 (0.07)]
[2025-08-22 15:38:51] Timing @ep 1500: episode 24.2s | train 0.000s | eval 22.1s | plot 1.9s | save 0.004s | cum 0.11h
[2025-08-22 15:40:54] 
[2025-08-22 15:40:54] Benchmark @train_ep    2000 (bench_eps: 2000)
[2025-08-22 15:40:54] Macro Winrate          :  50.1%
[2025-08-22 15:40:54] Macro Ø-Reward         :  2.100
[2025-08-22 15:40:54] Winrate vs max_combo   :  20.8% | Σ-Reward:  2760.0 | Ø-Reward:  1.380 | Places: [416 (0.21), 513 (0.26), 486 (0.24), 585 (0.29)]
[2025-08-22 15:40:54] Winrate vs random2     :  60.1% | Σ-Reward:  4761.0 | Ø-Reward:  2.381 | Places: [1202 (0.60), 466 (0.23), 223 (0.11), 109 (0.05)]
[2025-08-22 15:40:54] Winrate vs single_only :  69.4% | Σ-Reward:  5079.0 | Ø-Reward:  2.539 | Places: [1388 (0.69), 391 (0.20), 133 (0.07), 88 (0.04)]
[2025-08-22 15:40:56] Timing @ep 2000: episode 25.5s | train 0.000s | eval 23.1s | plot 2.2s | save 0.005s | cum 0.15h
[2025-08-22 15:42:59] 
[2025-08-22 15:42:59] Benchmark @train_ep    2500 (bench_eps: 2000)
[2025-08-22 15:42:59] Macro Winrate          :  57.2%
[2025-08-22 15:42:59] Macro Ø-Reward         :  2.242
[2025-08-22 15:42:59] Winrate vs max_combo   :  27.4% | Σ-Reward:  3093.0 | Ø-Reward:  1.546 | Places: [548 (0.27), 502 (0.25), 445 (0.22), 505 (0.25)]
[2025-08-22 15:42:59] Winrate vs random2     :  66.6% | Σ-Reward:  5033.0 | Ø-Reward:  2.517 | Places: [1332 (0.67), 445 (0.22), 147 (0.07), 76 (0.04)]
[2025-08-22 15:42:59] Winrate vs single_only :  77.8% | Σ-Reward:  5327.0 | Ø-Reward:  2.663 | Places: [1555 (0.78), 281 (0.14), 100 (0.05), 64 (0.03)]
[2025-08-22 15:43:02] Timing @ep 2500: episode 24.6s | train 0.000s | eval 21.9s | plot 2.5s | save 0.005s | cum 0.18h
[2025-08-22 15:45:11] 
[2025-08-22 15:45:11] Benchmark @train_ep    3000 (bench_eps: 2000)
[2025-08-22 15:45:11] Macro Winrate          :  57.0%
[2025-08-22 15:45:11] Macro Ø-Reward         :  2.244
[2025-08-22 15:45:11] Winrate vs max_combo   :  25.4% | Σ-Reward:  3033.0 | Ø-Reward:  1.516 | Places: [509 (0.25), 522 (0.26), 462 (0.23), 507 (0.25)]
[2025-08-22 15:45:11] Winrate vs random2     :  68.7% | Σ-Reward:  5107.0 | Ø-Reward:  2.554 | Places: [1374 (0.69), 426 (0.21), 133 (0.07), 67 (0.03)]
[2025-08-22 15:45:11] Winrate vs single_only :  76.8% | Σ-Reward:  5323.0 | Ø-Reward:  2.662 | Places: [1535 (0.77), 313 (0.16), 92 (0.05), 60 (0.03)]
[2025-08-22 15:45:13] Timing @ep 3000: episode 25.6s | train 0.000s | eval 23.3s | plot 2.1s | save 0.007s | cum 0.22h
[2025-08-22 15:48:00] 
[2025-08-22 15:48:00] Benchmark @train_ep    3500 (bench_eps: 2000)
[2025-08-22 15:48:00] Macro Winrate          :  58.3%
[2025-08-22 15:48:00] Macro Ø-Reward         :  2.256
[2025-08-22 15:48:00] Winrate vs max_combo   :  28.8% | Σ-Reward:  3116.0 | Ø-Reward:  1.558 | Places: [576 (0.29), 480 (0.24), 428 (0.21), 516 (0.26)]
[2025-08-22 15:48:00] Winrate vs random2     :  68.8% | Σ-Reward:  5126.0 | Ø-Reward:  2.563 | Places: [1375 (0.69), 432 (0.22), 137 (0.07), 56 (0.03)]
[2025-08-22 15:48:00] Winrate vs single_only :  77.2% | Σ-Reward:  5292.0 | Ø-Reward:  2.646 | Places: [1545 (0.77), 262 (0.13), 133 (0.07), 60 (0.03)]
[2025-08-22 15:48:03] Timing @ep 3500: episode 27.2s | train 0.000s | eval 24.3s | plot 2.6s | save 0.008s | cum 0.27h
[2025-08-22 15:50:15] 
[2025-08-22 15:50:15] Benchmark @train_ep    4000 (bench_eps: 2000)
[2025-08-22 15:50:15] Macro Winrate          :  52.4%
[2025-08-22 15:50:15] Macro Ø-Reward         :  2.153
[2025-08-22 15:50:15] Winrate vs max_combo   :  24.1% | Σ-Reward:  2927.0 | Ø-Reward:  1.464 | Places: [483 (0.24), 530 (0.27), 418 (0.21), 569 (0.28)]
[2025-08-22 15:50:15] Winrate vs random2     :  66.5% | Σ-Reward:  5040.0 | Ø-Reward:  2.520 | Places: [1330 (0.67), 440 (0.22), 170 (0.09), 60 (0.03)]
[2025-08-22 15:50:15] Winrate vs single_only :  66.5% | Σ-Reward:  4951.0 | Ø-Reward:  2.475 | Places: [1329 (0.66), 391 (0.20), 182 (0.09), 98 (0.05)]
[2025-08-22 15:50:17] Timing @ep 4000: episode 25.3s | train 0.000s | eval 22.9s | plot 2.1s | save 0.005s | cum 0.30h
[2025-08-22 15:52:34] 
[2025-08-22 15:52:34] Benchmark @train_ep    4500 (bench_eps: 2000)
[2025-08-22 15:52:34] Macro Winrate          :  56.0%
[2025-08-22 15:52:34] Macro Ø-Reward         :  2.259
[2025-08-22 15:52:34] Winrate vs max_combo   :  29.4% | Σ-Reward:  3345.0 | Ø-Reward:  1.673 | Places: [589 (0.29), 572 (0.29), 434 (0.22), 405 (0.20)]
[2025-08-22 15:52:34] Winrate vs random2     :  71.2% | Σ-Reward:  5225.0 | Ø-Reward:  2.612 | Places: [1424 (0.71), 421 (0.21), 111 (0.06), 44 (0.02)]
[2025-08-22 15:52:34] Winrate vs single_only :  67.4% | Σ-Reward:  4982.0 | Ø-Reward:  2.491 | Places: [1348 (0.67), 365 (0.18), 208 (0.10), 79 (0.04)]
[2025-08-22 15:52:36] Timing @ep 4500: episode 24.5s | train 0.000s | eval 22.2s | plot 2.1s | save 0.005s | cum 0.34h
[2025-08-22 15:55:20] 
[2025-08-22 15:55:20] Benchmark @train_ep    5000 (bench_eps: 2000)
[2025-08-22 15:55:20] Macro Winrate          :  55.8%
[2025-08-22 15:55:20] Macro Ø-Reward         :  2.264
[2025-08-22 15:55:20] Winrate vs max_combo   :  32.0% | Σ-Reward:  3480.0 | Ø-Reward:  1.740 | Places: [640 (0.32), 560 (0.28), 440 (0.22), 360 (0.18)]
[2025-08-22 15:55:20] Winrate vs random2     :  71.2% | Σ-Reward:  5213.0 | Ø-Reward:  2.607 | Places: [1425 (0.71), 412 (0.21), 114 (0.06), 49 (0.02)]
[2025-08-22 15:55:20] Winrate vs single_only :  64.2% | Σ-Reward:  4890.0 | Ø-Reward:  2.445 | Places: [1284 (0.64), 420 (0.21), 198 (0.10), 98 (0.05)]
[2025-08-22 15:55:22] Timing @ep 5000: episode 28.6s | train 0.000s | eval 26.1s | plot 2.2s | save 0.005s | cum 0.39h
[2025-08-22 15:57:53] 
[2025-08-22 15:57:53] Benchmark @train_ep    5500 (bench_eps: 2000)
[2025-08-22 15:57:53] Macro Winrate          :  60.4%
[2025-08-22 15:57:53] Macro Ø-Reward         :  2.349
[2025-08-22 15:57:53] Winrate vs max_combo   :  36.0% | Σ-Reward:  3672.0 | Ø-Reward:  1.836 | Places: [721 (0.36), 554 (0.28), 401 (0.20), 324 (0.16)]
[2025-08-22 15:57:53] Winrate vs random2     :  75.0% | Σ-Reward:  5351.0 | Ø-Reward:  2.675 | Places: [1500 (0.75), 381 (0.19), 89 (0.04), 30 (0.01)]
[2025-08-22 15:57:53] Winrate vs single_only :  70.3% | Σ-Reward:  5068.0 | Ø-Reward:  2.534 | Places: [1406 (0.70), 335 (0.17), 180 (0.09), 79 (0.04)]
[2025-08-22 15:57:55] Timing @ep 5500: episode 24.0s | train 0.000s | eval 21.5s | plot 2.2s | save 0.005s | cum 0.43h
[2025-08-22 16:01:00] 
[2025-08-22 16:01:00] Benchmark @train_ep    6000 (bench_eps: 2000)
[2025-08-22 16:01:00] Macro Winrate          :  65.4%
[2025-08-22 16:01:00] Macro Ø-Reward         :  2.448
[2025-08-22 16:01:00] Winrate vs max_combo   :  39.0% | Σ-Reward:  3864.0 | Ø-Reward:  1.932 | Places: [780 (0.39), 559 (0.28), 406 (0.20), 255 (0.13)]
[2025-08-22 16:01:00] Winrate vs random2     :  80.2% | Σ-Reward:  5500.0 | Ø-Reward:  2.750 | Places: [1605 (0.80), 308 (0.15), 69 (0.03), 18 (0.01)]
[2025-08-22 16:01:00] Winrate vs single_only :  77.0% | Σ-Reward:  5323.0 | Ø-Reward:  2.662 | Places: [1540 (0.77), 298 (0.15), 107 (0.05), 55 (0.03)]
[2025-08-22 16:01:04] Timing @ep 6000: episode 30.7s | train 0.000s | eval 26.7s | plot 3.7s | save 0.006s | cum 0.48h
[2025-08-22 16:04:31] 
[2025-08-22 16:04:31] Benchmark @train_ep    6500 (bench_eps: 2000)
[2025-08-22 16:04:31] Macro Winrate          :  65.2%
[2025-08-22 16:04:31] Macro Ø-Reward         :  2.425
[2025-08-22 16:04:31] Winrate vs max_combo   :  39.3% | Σ-Reward:  3808.0 | Ø-Reward:  1.904 | Places: [786 (0.39), 535 (0.27), 380 (0.19), 299 (0.15)]
[2025-08-22 16:04:31] Winrate vs random2     :  78.2% | Σ-Reward:  5414.0 | Ø-Reward:  2.707 | Places: [1565 (0.78), 312 (0.16), 95 (0.05), 28 (0.01)]
[2025-08-22 16:04:31] Winrate vs single_only :  78.2% | Σ-Reward:  5328.0 | Ø-Reward:  2.664 | Places: [1564 (0.78), 260 (0.13), 116 (0.06), 60 (0.03)]
[2025-08-22 16:04:34] Timing @ep 6500: episode 27.2s | train 0.000s | eval 24.4s | plot 2.6s | save 0.006s | cum 0.54h
[2025-08-22 16:08:06] 
[2025-08-22 16:08:06] Benchmark @train_ep    7000 (bench_eps: 2000)
[2025-08-22 16:08:06] Macro Winrate          :  64.2%
[2025-08-22 16:08:06] Macro Ø-Reward         :  2.421
[2025-08-22 16:08:06] Winrate vs max_combo   :  41.6% | Σ-Reward:  3967.0 | Ø-Reward:  1.984 | Places: [832 (0.42), 556 (0.28), 359 (0.18), 253 (0.13)]
[2025-08-22 16:08:06] Winrate vs random2     :  76.4% | Σ-Reward:  5377.0 | Ø-Reward:  2.688 | Places: [1528 (0.76), 348 (0.17), 97 (0.05), 27 (0.01)]
[2025-08-22 16:08:06] Winrate vs single_only :  74.5% | Σ-Reward:  5184.0 | Ø-Reward:  2.592 | Places: [1489 (0.74), 287 (0.14), 143 (0.07), 81 (0.04)]
[2025-08-22 16:08:09] Timing @ep 7000: episode 28.8s | train 0.000s | eval 25.5s | plot 2.9s | save 0.006s | cum 0.60h
[2025-08-22 16:11:29] 
[2025-08-22 16:11:29] Benchmark @train_ep    7500 (bench_eps: 2000)
[2025-08-22 16:11:29] Macro Winrate          :  64.6%
[2025-08-22 16:11:29] Macro Ø-Reward         :  2.421
[2025-08-22 16:11:29] Winrate vs max_combo   :  41.5% | Σ-Reward:  3946.0 | Ø-Reward:  1.973 | Places: [831 (0.42), 544 (0.27), 365 (0.18), 260 (0.13)]
[2025-08-22 16:11:29] Winrate vs random2     :  77.3% | Σ-Reward:  5380.0 | Ø-Reward:  2.690 | Places: [1546 (0.77), 321 (0.16), 100 (0.05), 33 (0.02)]
[2025-08-22 16:11:29] Winrate vs single_only :  75.0% | Σ-Reward:  5203.0 | Ø-Reward:  2.602 | Places: [1499 (0.75), 281 (0.14), 144 (0.07), 76 (0.04)]
[2025-08-22 16:11:32] Timing @ep 7500: episode 26.3s | train 0.000s | eval 22.9s | plot 3.1s | save 0.006s | cum 0.66h
[2025-08-22 16:14:42] 
[2025-08-22 16:14:42] Benchmark @train_ep    8000 (bench_eps: 2000)
[2025-08-22 16:14:42] Macro Winrate          :  66.9%
[2025-08-22 16:14:42] Macro Ø-Reward         :  2.459
[2025-08-22 16:14:42] Winrate vs max_combo   :  42.2% | Σ-Reward:  3937.0 | Ø-Reward:  1.968 | Places: [844 (0.42), 514 (0.26), 377 (0.19), 265 (0.13)]
[2025-08-22 16:14:42] Winrate vs random2     :  78.9% | Σ-Reward:  5420.0 | Ø-Reward:  2.710 | Places: [1578 (0.79), 302 (0.15), 82 (0.04), 38 (0.02)]
[2025-08-22 16:14:42] Winrate vs single_only :  79.5% | Σ-Reward:  5399.0 | Ø-Reward:  2.700 | Places: [1591 (0.80), 263 (0.13), 100 (0.05), 46 (0.02)]
[2025-08-22 16:14:45] Timing @ep 8000: episode 24.7s | train 0.000s | eval 21.5s | plot 2.9s | save 0.007s | cum 0.71h
[2025-08-22 16:17:47] 
[2025-08-22 16:17:47] Benchmark @train_ep    8500 (bench_eps: 2000)
[2025-08-22 16:17:47] Macro Winrate          :  67.5%
[2025-08-22 16:17:47] Macro Ø-Reward         :  2.471
[2025-08-22 16:17:47] Winrate vs max_combo   :  44.1% | Σ-Reward:  4007.0 | Ø-Reward:  2.003 | Places: [883 (0.44), 509 (0.25), 340 (0.17), 268 (0.13)]
[2025-08-22 16:17:47] Winrate vs random2     :  77.2% | Σ-Reward:  5390.0 | Ø-Reward:  2.695 | Places: [1543 (0.77), 334 (0.17), 93 (0.05), 30 (0.01)]
[2025-08-22 16:17:47] Winrate vs single_only :  81.3% | Σ-Reward:  5431.0 | Ø-Reward:  2.716 | Places: [1627 (0.81), 215 (0.11), 120 (0.06), 38 (0.02)]
[2025-08-22 16:17:50] Timing @ep 8500: episode 21.6s | train 0.000s | eval 18.8s | plot 2.5s | save 0.006s | cum 0.76h
[2025-08-22 16:20:54] 
[2025-08-22 16:20:54] Benchmark @train_ep    9000 (bench_eps: 2000)
[2025-08-22 16:20:54] Macro Winrate          :  67.1%
[2025-08-22 16:20:54] Macro Ø-Reward         :  2.482
[2025-08-22 16:20:54] Winrate vs max_combo   :  42.5% | Σ-Reward:  4003.0 | Ø-Reward:  2.002 | Places: [851 (0.43), 550 (0.28), 350 (0.17), 249 (0.12)]
[2025-08-22 16:20:54] Winrate vs random2     :  79.2% | Σ-Reward:  5439.0 | Ø-Reward:  2.720 | Places: [1583 (0.79), 311 (0.16), 68 (0.03), 38 (0.02)]
[2025-08-22 16:20:54] Winrate vs single_only :  79.5% | Σ-Reward:  5450.0 | Ø-Reward:  2.725 | Places: [1590 (0.80), 295 (0.15), 90 (0.04), 25 (0.01)]
[2025-08-22 16:20:57] Timing @ep 9000: episode 23.0s | train 0.000s | eval 20.1s | plot 2.6s | save 0.006s | cum 0.81h
[2025-08-22 16:24:02] 
[2025-08-22 16:24:02] Benchmark @train_ep    9500 (bench_eps: 2000)
[2025-08-22 16:24:02] Macro Winrate          :  66.5%
[2025-08-22 16:24:02] Macro Ø-Reward         :  2.460
[2025-08-22 16:24:02] Winrate vs max_combo   :  43.1% | Σ-Reward:  4004.0 | Ø-Reward:  2.002 | Places: [863 (0.43), 529 (0.26), 357 (0.18), 251 (0.13)]
[2025-08-22 16:24:02] Winrate vs random2     :  76.6% | Σ-Reward:  5356.0 | Ø-Reward:  2.678 | Places: [1532 (0.77), 330 (0.17), 100 (0.05), 38 (0.02)]
[2025-08-22 16:24:02] Winrate vs single_only :  79.9% | Σ-Reward:  5398.0 | Ø-Reward:  2.699 | Places: [1598 (0.80), 244 (0.12), 116 (0.06), 42 (0.02)]
[2025-08-22 16:24:05] Timing @ep 9500: episode 24.5s | train 0.000s | eval 20.9s | plot 3.2s | save 0.010s | cum 0.87h
[2025-08-22 16:27:20] 
[2025-08-22 16:27:20] Benchmark @train_ep   10000 (bench_eps: 2000)
[2025-08-22 16:27:20] Macro Winrate          :  68.8%
[2025-08-22 16:27:20] Macro Ø-Reward         :  2.503
[2025-08-22 16:27:20] Winrate vs max_combo   :  44.4% | Σ-Reward:  4087.0 | Ø-Reward:  2.043 | Places: [888 (0.44), 549 (0.27), 325 (0.16), 238 (0.12)]
[2025-08-22 16:27:20] Winrate vs random2     :  81.3% | Σ-Reward:  5489.0 | Ø-Reward:  2.744 | Places: [1626 (0.81), 266 (0.13), 79 (0.04), 29 (0.01)]
[2025-08-22 16:27:20] Winrate vs single_only :  80.7% | Σ-Reward:  5444.0 | Ø-Reward:  2.722 | Places: [1614 (0.81), 257 (0.13), 88 (0.04), 41 (0.02)]
[2025-08-22 16:27:23] Timing @ep 10000: episode 23.9s | train 0.000s | eval 20.5s | plot 3.0s | save 0.005s | cum 0.92h
[2025-08-22 16:27:23] 
[2025-08-22 16:27:23] Gesamtzeit: 0.92h (~ 3.01 eps/s)
[2025-08-22 16:27:23] K2 (4 DQN Agents simultan) Training abgeschlossen.
