[2025-09-09 10:41:22] New Training (k1a1)
[2025-09-09 10:41:22] Deck_Size: 16
[2025-09-09 10:41:22] Episodes: 20000
[2025-09-09 10:41:22] Path: /home/wasterix/OpenSpiel/open_spiel/President/models/k1a1/model_12
[2025-09-09 10:41:23] [Population] Initiales Lineup: ['random2', 'single_only', 'random2']
[2025-09-09 10:41:23] [Population] Episode 1: Lineup -> ['random2', 'max_combo', 'random2']
[2025-09-09 10:41:24] [Population] Episode 101: Lineup -> ['random2', 'random2', 'max_combo']
[2025-09-09 10:41:24] [Population] Episode 201: Lineup -> ['single_only', 'single_only', 'random2']
[2025-09-09 10:41:25] [Population] Episode 301: Lineup -> ['single_only', 'random2', 'single_only']
[2025-09-09 10:41:26] [Population] Episode 401: Lineup -> ['max_combo', 'single_only', 'max_combo']
[2025-09-09 10:41:49] 
[2025-09-09 10:41:49] Benchmark @train_ep     500 (bench_eps: 2000)
[2025-09-09 10:41:49] Macro Winrate          :  30.5%
[2025-09-09 10:41:49] Macro Ø-Reward         :  1.519
[2025-09-09 10:41:49] Winrate vs max_combo   :  26.3% | Σ-Reward:  2901.0 | Ø-Reward:  1.450 | Places: [526 (0.26), 440 (0.22), 443 (0.22), 591 (0.30)]
[2025-09-09 10:41:49] Winrate vs random2     :  28.8% | Σ-Reward:  3270.0 | Ø-Reward:  1.635 | Places: [575 (0.29), 530 (0.27), 485 (0.24), 410 (0.20)]
[2025-09-09 10:41:49] Winrate vs single_only :  50.3% | Σ-Reward:  3899.0 | Ø-Reward:  1.950 | Places: [1006 (0.50), 254 (0.13), 373 (0.19), 367 (0.18)]
[2025-09-09 10:41:49] Winrate vs v_table     :  16.8% | Σ-Reward:  2084.0 | Ø-Reward:  1.042 | Places: [336 (0.17), 372 (0.19), 332 (0.17), 960 (0.48)]
[2025-09-09 10:41:51] Timing @ep 500: episode 24.5s | train 0.002s | eval 23.1s | plot 1.4s | save 0.003s | cum 0.01h
[2025-09-09 10:41:51] [Population] Episode 501: Lineup -> ['random2', 'single_only', 'random2']
[2025-09-09 10:41:53] [Population] Episode 601: Lineup -> ['single_only', 'random2', 'random2']
[2025-09-09 10:41:54] [Population] Episode 701: Lineup -> ['random2', 'max_combo', 'single_only']
[2025-09-09 10:41:55] [Population] Episode 801: Lineup -> ['max_combo', 'max_combo', 'random2']
[2025-09-09 10:41:56] [Population] Episode 901: Lineup -> ['random2', 'random2', 'max_combo']
[2025-09-09 10:42:22] 
[2025-09-09 10:42:22] Benchmark @train_ep    1000 (bench_eps: 2000)
[2025-09-09 10:42:22] Macro Winrate          :  32.9%
[2025-09-09 10:42:22] Macro Ø-Reward         :  1.631
[2025-09-09 10:42:22] Winrate vs max_combo   :  28.7% | Σ-Reward:  3080.0 | Ø-Reward:  1.540 | Places: [574 (0.29), 454 (0.23), 450 (0.23), 522 (0.26)]
[2025-09-09 10:42:22] Winrate vs random2     :  32.5% | Σ-Reward:  3521.0 | Ø-Reward:  1.760 | Places: [649 (0.32), 565 (0.28), 444 (0.22), 342 (0.17)]
[2025-09-09 10:42:22] Winrate vs single_only :  53.4% | Σ-Reward:  4185.0 | Ø-Reward:  2.092 | Places: [1068 (0.53), 298 (0.15), 385 (0.19), 249 (0.12)]
[2025-09-09 10:42:22] Winrate vs v_table     :  17.2% | Σ-Reward:  2265.0 | Ø-Reward:  1.133 | Places: [344 (0.17), 444 (0.22), 345 (0.17), 867 (0.43)]
[2025-09-09 10:42:23] Timing @ep 1000: episode 26.6s | train 0.003s | eval 25.1s | plot 1.5s | save 0.001s | cum 0.02h
[2025-09-09 10:42:23] [Population] Episode 1001: Lineup -> ['single_only', 'single_only', 'max_combo']
[2025-09-09 10:42:24] [Population] Episode 1101: Lineup -> ['max_combo', 'single_only', 'max_combo']
[2025-09-09 10:42:25] [Population] Episode 1201: Lineup -> ['random2', 'single_only', 'random2']
[2025-09-09 10:42:26] [Population] Episode 1301: Lineup -> ['random2', 'max_combo', 'random2']
[2025-09-09 10:42:27] [Population] Episode 1401: Lineup -> ['random2', 'single_only', 'max_combo']
[2025-09-09 10:43:05] 
[2025-09-09 10:43:05] Benchmark @train_ep    1500 (bench_eps: 2000)
[2025-09-09 10:43:05] Macro Winrate          :  33.5%
[2025-09-09 10:43:05] Macro Ø-Reward         :  1.635
[2025-09-09 10:43:05] Winrate vs max_combo   :  29.0% | Σ-Reward:  3148.0 | Ø-Reward:  1.574 | Places: [580 (0.29), 476 (0.24), 456 (0.23), 488 (0.24)]
[2025-09-09 10:43:05] Winrate vs random2     :  32.6% | Σ-Reward:  3458.0 | Ø-Reward:  1.729 | Places: [652 (0.33), 527 (0.26), 448 (0.22), 373 (0.19)]
[2025-09-09 10:43:05] Winrate vs single_only :  53.7% | Σ-Reward:  4147.0 | Ø-Reward:  2.074 | Places: [1074 (0.54), 272 (0.14), 381 (0.19), 273 (0.14)]
[2025-09-09 10:43:05] Winrate vs v_table     :  18.8% | Σ-Reward:  2325.0 | Ø-Reward:  1.163 | Places: [375 (0.19), 415 (0.21), 370 (0.18), 840 (0.42)]
[2025-09-09 10:43:06] Timing @ep 1500: episode 37.7s | train 0.004s | eval 36.3s | plot 1.4s | save 0.002s | cum 0.03h
[2025-09-09 10:43:06] [Population] Episode 1501: Lineup -> ['random2', 'max_combo', 'max_combo']
[2025-09-09 10:43:07] [Population] Episode 1601: Lineup -> ['max_combo', 'random2', 'single_only']
[2025-09-09 10:43:08] [Population] Episode 1701: Lineup -> ['random2', 'random2', 'single_only']
[2025-09-09 10:43:09] [Population] Episode 1801: Lineup -> ['single_only', 'max_combo', 'max_combo']
[2025-09-09 10:43:10] [Population] Episode 1901: Lineup -> ['random2', 'single_only', 'single_only']
[2025-09-09 10:43:40] 
[2025-09-09 10:43:40] Benchmark @train_ep    2000 (bench_eps: 2000)
[2025-09-09 10:43:40] Macro Winrate          :  34.0%
[2025-09-09 10:43:40] Macro Ø-Reward         :  1.621
[2025-09-09 10:43:40] Winrate vs max_combo   :  29.8% | Σ-Reward:  3113.0 | Ø-Reward:  1.556 | Places: [596 (0.30), 447 (0.22), 431 (0.22), 526 (0.26)]
[2025-09-09 10:43:40] Winrate vs random2     :  33.8% | Σ-Reward:  3490.0 | Ø-Reward:  1.745 | Places: [675 (0.34), 514 (0.26), 437 (0.22), 374 (0.19)]
[2025-09-09 10:43:40] Winrate vs single_only :  53.9% | Σ-Reward:  4105.0 | Ø-Reward:  2.053 | Places: [1077 (0.54), 240 (0.12), 394 (0.20), 289 (0.14)]
[2025-09-09 10:43:40] Winrate vs v_table     :  18.5% | Σ-Reward:  2260.0 | Ø-Reward:  1.130 | Places: [370 (0.18), 386 (0.19), 378 (0.19), 866 (0.43)]
[2025-09-09 10:43:42] Timing @ep 2000: episode 31.3s | train 0.004s | eval 29.6s | plot 1.7s | save 0.002s | cum 0.04h
[2025-09-09 10:43:42] [Population] Episode 2001: Lineup -> ['random2', 'single_only', 'single_only']
[2025-09-09 10:43:43] [Population] Episode 2101: Lineup -> ['single_only', 'max_combo', 'max_combo']
[2025-09-09 10:43:44] [Population] Episode 2201: Lineup -> ['single_only', 'max_combo', 'single_only']
[2025-09-09 10:43:45] [Population] Episode 2301: Lineup -> ['random2', 'max_combo', 'max_combo']
[2025-09-09 10:43:46] [Population] Episode 2401: Lineup -> ['max_combo', 'max_combo', 'single_only']
[2025-09-09 10:44:14] 
[2025-09-09 10:44:14] Benchmark @train_ep    2500 (bench_eps: 2000)
[2025-09-09 10:44:14] Macro Winrate          :  33.5%
[2025-09-09 10:44:14] Macro Ø-Reward         :  1.620
[2025-09-09 10:44:14] Winrate vs max_combo   :  29.8% | Σ-Reward:  3117.0 | Ø-Reward:  1.558 | Places: [596 (0.30), 438 (0.22), 453 (0.23), 513 (0.26)]
[2025-09-09 10:44:14] Winrate vs random2     :  32.3% | Σ-Reward:  3409.0 | Ø-Reward:  1.704 | Places: [646 (0.32), 515 (0.26), 441 (0.22), 398 (0.20)]
[2025-09-09 10:44:14] Winrate vs single_only :  53.9% | Σ-Reward:  4093.0 | Ø-Reward:  2.046 | Places: [1077 (0.54), 249 (0.12), 364 (0.18), 310 (0.15)]
[2025-09-09 10:44:14] Winrate vs v_table     :  17.9% | Σ-Reward:  2341.0 | Ø-Reward:  1.171 | Places: [357 (0.18), 447 (0.22), 376 (0.19), 820 (0.41)]
[2025-09-09 10:44:15] Timing @ep 2500: episode 28.2s | train 0.003s | eval 26.7s | plot 1.4s | save 0.001s | cum 0.05h
[2025-09-09 10:44:15] [Population] Episode 2501: Lineup -> ['single_only', 'random2', 'single_only']
[2025-09-09 10:44:16] [Population] Episode 2601: Lineup -> ['single_only', 'random2', 'max_combo']
[2025-09-09 10:44:17] [Population] Episode 2701: Lineup -> ['max_combo', 'max_combo', 'random2']
[2025-09-09 10:44:18] [Population] Episode 2801: Lineup -> ['single_only', 'max_combo', 'single_only']
[2025-09-09 10:44:19] [Population] Episode 2901: Lineup -> ['max_combo', 'random2', 'single_only']
[2025-09-09 10:44:44] 
[2025-09-09 10:44:44] Benchmark @train_ep    3000 (bench_eps: 2000)
[2025-09-09 10:44:44] Macro Winrate          :  34.0%
[2025-09-09 10:44:44] Macro Ø-Reward         :  1.624
[2025-09-09 10:44:44] Winrate vs max_combo   :  30.1% | Σ-Reward:  3081.0 | Ø-Reward:  1.540 | Places: [603 (0.30), 421 (0.21), 430 (0.21), 546 (0.27)]
[2025-09-09 10:44:44] Winrate vs random2     :  30.2% | Σ-Reward:  3353.0 | Ø-Reward:  1.677 | Places: [605 (0.30), 541 (0.27), 456 (0.23), 398 (0.20)]
[2025-09-09 10:44:44] Winrate vs single_only :  55.5% | Σ-Reward:  4188.0 | Ø-Reward:  2.094 | Places: [1110 (0.56), 255 (0.13), 348 (0.17), 287 (0.14)]
[2025-09-09 10:44:44] Winrate vs v_table     :  20.0% | Σ-Reward:  2369.0 | Ø-Reward:  1.185 | Places: [400 (0.20), 416 (0.21), 337 (0.17), 847 (0.42)]
[2025-09-09 10:44:46] Timing @ep 3000: episode 25.8s | train 0.003s | eval 24.1s | plot 1.7s | save 0.002s | cum 0.06h
[2025-09-09 10:44:46] [Population] Episode 3001: Lineup -> ['single_only', 'max_combo', 'single_only']
[2025-09-09 10:44:46] [Population] Episode 3101: Lineup -> ['single_only', 'max_combo', 'max_combo']
[2025-09-09 10:44:47] [Population] Episode 3201: Lineup -> ['random2', 'random2', 'random2']
[2025-09-09 10:44:48] [Population] Episode 3301: Lineup -> ['max_combo', 'random2', 'random2']
[2025-09-09 10:44:49] [Population] Episode 3401: Lineup -> ['random2', 'single_only', 'max_combo']
[2025-09-09 10:45:21] 
[2025-09-09 10:45:21] Benchmark @train_ep    3500 (bench_eps: 2000)
[2025-09-09 10:45:21] Macro Winrate          :  35.1%
[2025-09-09 10:45:21] Macro Ø-Reward         :  1.655
[2025-09-09 10:45:21] Winrate vs max_combo   :  30.4% | Σ-Reward:  3132.0 | Ø-Reward:  1.566 | Places: [608 (0.30), 442 (0.22), 424 (0.21), 526 (0.26)]
[2025-09-09 10:45:21] Winrate vs random2     :  33.0% | Σ-Reward:  3493.0 | Ø-Reward:  1.746 | Places: [660 (0.33), 530 (0.27), 453 (0.23), 357 (0.18)]
[2025-09-09 10:45:21] Winrate vs single_only :  57.0% | Σ-Reward:  4243.0 | Ø-Reward:  2.122 | Places: [1141 (0.57), 231 (0.12), 358 (0.18), 270 (0.14)]
[2025-09-09 10:45:21] Winrate vs v_table     :  20.1% | Σ-Reward:  2375.0 | Ø-Reward:  1.188 | Places: [401 (0.20), 416 (0.21), 340 (0.17), 843 (0.42)]
[2025-09-09 10:45:22] Timing @ep 3500: episode 32.1s | train 0.003s | eval 30.3s | plot 1.8s | save 0.002s | cum 0.07h
[2025-09-09 10:45:22] [Population] Episode 3501: Lineup -> ['max_combo', 'random2', 'single_only']
[2025-09-09 10:45:24] [Population] Episode 3601: Lineup -> ['max_combo', 'max_combo', 'single_only']
[2025-09-09 10:45:25] [Population] Episode 3701: Lineup -> ['max_combo', 'random2', 'random2']
[2025-09-09 10:45:25] [Population] Episode 3801: Lineup -> ['random2', 'single_only', 'single_only']
[2025-09-09 10:45:26] [Population] Episode 3901: Lineup -> ['single_only', 'single_only', 'max_combo']
[2025-09-09 10:45:51] 
[2025-09-09 10:45:51] Benchmark @train_ep    4000 (bench_eps: 2000)
[2025-09-09 10:45:51] Macro Winrate          :  35.1%
[2025-09-09 10:45:51] Macro Ø-Reward         :  1.675
[2025-09-09 10:45:51] Winrate vs max_combo   :  30.5% | Σ-Reward:  3152.0 | Ø-Reward:  1.576 | Places: [610 (0.30), 428 (0.21), 466 (0.23), 496 (0.25)]
[2025-09-09 10:45:51] Winrate vs random2     :  32.3% | Σ-Reward:  3496.0 | Ø-Reward:  1.748 | Places: [646 (0.32), 542 (0.27), 474 (0.24), 338 (0.17)]
[2025-09-09 10:45:51] Winrate vs single_only :  59.3% | Σ-Reward:  4400.0 | Ø-Reward:  2.200 | Places: [1186 (0.59), 248 (0.12), 346 (0.17), 220 (0.11)]
[2025-09-09 10:45:51] Winrate vs v_table     :  18.5% | Σ-Reward:  2350.0 | Ø-Reward:  1.175 | Places: [370 (0.18), 409 (0.20), 422 (0.21), 799 (0.40)]
[2025-09-09 10:45:53] Timing @ep 4000: episode 26.0s | train 0.002s | eval 24.5s | plot 1.5s | save 0.002s | cum 0.08h
[2025-09-09 10:45:53] [Population] Episode 4001: Lineup -> ['single_only', 'max_combo', 'single_only']
[2025-09-09 10:45:54] [Population] Episode 4101: Lineup -> ['max_combo', 'max_combo', 'max_combo']
[2025-09-09 10:45:55] [Population] Episode 4201: Lineup -> ['single_only', 'max_combo', 'random2']
[2025-09-09 10:45:56] [Population] Episode 4301: Lineup -> ['single_only', 'single_only', 'single_only']
[2025-09-09 10:45:58] [Population] Episode 4401: Lineup -> ['max_combo', 'random2', 'single_only']
[2025-09-09 10:46:25] 
[2025-09-09 10:46:25] Benchmark @train_ep    4500 (bench_eps: 2000)
[2025-09-09 10:46:25] Macro Winrate          :  34.5%
[2025-09-09 10:46:25] Macro Ø-Reward         :  1.641
[2025-09-09 10:46:25] Winrate vs max_combo   :  30.1% | Σ-Reward:  3086.0 | Ø-Reward:  1.543 | Places: [603 (0.30), 409 (0.20), 459 (0.23), 529 (0.26)]
[2025-09-09 10:46:25] Winrate vs random2     :  32.2% | Σ-Reward:  3408.0 | Ø-Reward:  1.704 | Places: [644 (0.32), 524 (0.26), 428 (0.21), 404 (0.20)]
[2025-09-09 10:46:25] Winrate vs single_only :  56.3% | Σ-Reward:  4250.0 | Ø-Reward:  2.125 | Places: [1126 (0.56), 274 (0.14), 324 (0.16), 276 (0.14)]
[2025-09-09 10:46:25] Winrate vs v_table     :  19.4% | Σ-Reward:  2385.0 | Ø-Reward:  1.192 | Places: [388 (0.19), 425 (0.21), 371 (0.19), 816 (0.41)]
[2025-09-09 10:46:26] Timing @ep 4500: episode 27.8s | train 0.003s | eval 26.3s | plot 1.6s | save 0.002s | cum 0.08h
[2025-09-09 10:46:26] [Population] Episode 4501: Lineup -> ['random2', 'max_combo', 'single_only']
[2025-09-09 10:46:27] [Population] Episode 4601: Lineup -> ['single_only', 'random2', 'single_only']
[2025-09-09 10:46:28] [Population] Episode 4701: Lineup -> ['single_only', 'max_combo', 'max_combo']
[2025-09-09 10:46:29] [Population] Episode 4801: Lineup -> ['single_only', 'single_only', 'max_combo']
[2025-09-09 10:46:30] [Population] Episode 4901: Lineup -> ['random2', 'random2', 'max_combo']
[2025-09-09 10:47:00] 
[2025-09-09 10:47:00] Benchmark @train_ep    5000 (bench_eps: 2000)
[2025-09-09 10:47:00] Macro Winrate          :  33.8%
[2025-09-09 10:47:00] Macro Ø-Reward         :  1.632
[2025-09-09 10:47:00] Winrate vs max_combo   :  29.4% | Σ-Reward:  3142.0 | Ø-Reward:  1.571 | Places: [589 (0.29), 483 (0.24), 409 (0.20), 519 (0.26)]
[2025-09-09 10:47:00] Winrate vs random2     :  32.4% | Σ-Reward:  3405.0 | Ø-Reward:  1.702 | Places: [647 (0.32), 514 (0.26), 436 (0.22), 403 (0.20)]
[2025-09-09 10:47:00] Winrate vs single_only :  55.8% | Σ-Reward:  4200.0 | Ø-Reward:  2.100 | Places: [1115 (0.56), 266 (0.13), 323 (0.16), 296 (0.15)]
[2025-09-09 10:47:00] Winrate vs v_table     :  17.8% | Σ-Reward:  2309.0 | Ø-Reward:  1.155 | Places: [355 (0.18), 449 (0.22), 346 (0.17), 850 (0.42)]
[2025-09-09 10:47:02] Timing @ep 5000: episode 30.8s | train 0.003s | eval 28.8s | plot 2.0s | save 0.003s | cum 0.09h
[2025-09-09 10:47:02] [Population] Episode 5001: Lineup -> ['single_only', 'max_combo', 'random2']
[2025-09-09 10:47:03] [Population] Episode 5101: Lineup -> ['max_combo', 'single_only', 'random2']
[2025-09-09 10:47:04] [Population] Episode 5201: Lineup -> ['random2', 'max_combo', 'random2']
[2025-09-09 10:47:04] [Population] Episode 5301: Lineup -> ['max_combo', 'max_combo', 'single_only']
[2025-09-09 10:47:05] [Population] Episode 5401: Lineup -> ['single_only', 'random2', 'random2']
[2025-09-09 10:47:35] 
[2025-09-09 10:47:35] Benchmark @train_ep    5500 (bench_eps: 2000)
[2025-09-09 10:47:35] Macro Winrate          :  35.1%
[2025-09-09 10:47:35] Macro Ø-Reward         :  1.695
[2025-09-09 10:47:35] Winrate vs max_combo   :  30.2% | Σ-Reward:  3235.0 | Ø-Reward:  1.617 | Places: [605 (0.30), 474 (0.24), 472 (0.24), 449 (0.22)]
[2025-09-09 10:47:35] Winrate vs random2     :  34.1% | Σ-Reward:  3554.0 | Ø-Reward:  1.777 | Places: [682 (0.34), 529 (0.26), 450 (0.23), 339 (0.17)]
[2025-09-09 10:47:35] Winrate vs single_only :  58.4% | Σ-Reward:  4413.0 | Ø-Reward:  2.207 | Places: [1168 (0.58), 263 (0.13), 383 (0.19), 186 (0.09)]
[2025-09-09 10:47:35] Winrate vs v_table     :  17.8% | Σ-Reward:  2361.0 | Ø-Reward:  1.181 | Places: [355 (0.18), 450 (0.23), 396 (0.20), 799 (0.40)]
[2025-09-09 10:47:37] Timing @ep 5500: episode 30.8s | train 0.003s | eval 28.9s | plot 1.9s | save 0.003s | cum 0.10h
[2025-09-09 10:47:37] [Population] Episode 5501: Lineup -> ['max_combo', 'random2', 'max_combo']
[2025-09-09 10:47:38] [Population] Episode 5601: Lineup -> ['single_only', 'max_combo', 'random2']
[2025-09-09 10:47:39] [Population] Episode 5701: Lineup -> ['max_combo', 'max_combo', 'single_only']
[2025-09-09 10:47:40] [Population] Episode 5801: Lineup -> ['random2', 'random2', 'random2']
[2025-09-09 10:47:41] [Population] Episode 5901: Lineup -> ['random2', 'random2', 'single_only']
[2025-09-09 10:48:10] 
[2025-09-09 10:48:10] Benchmark @train_ep    6000 (bench_eps: 2000)
[2025-09-09 10:48:10] Macro Winrate          :  32.2%
[2025-09-09 10:48:10] Macro Ø-Reward         :  1.652
[2025-09-09 10:48:10] Winrate vs max_combo   :  27.4% | Σ-Reward:  3069.0 | Ø-Reward:  1.534 | Places: [548 (0.27), 470 (0.23), 485 (0.24), 497 (0.25)]
[2025-09-09 10:48:10] Winrate vs random2     :  35.5% | Σ-Reward:  3669.0 | Ø-Reward:  1.835 | Places: [711 (0.36), 552 (0.28), 432 (0.22), 305 (0.15)]
[2025-09-09 10:48:10] Winrate vs single_only :  49.6% | Σ-Reward:  4112.0 | Ø-Reward:  2.056 | Places: [992 (0.50), 381 (0.19), 374 (0.19), 253 (0.13)]
[2025-09-09 10:48:10] Winrate vs v_table     :  16.1% | Σ-Reward:  2368.0 | Ø-Reward:  1.184 | Places: [323 (0.16), 488 (0.24), 423 (0.21), 766 (0.38)]
[2025-09-09 10:48:11] Timing @ep 6000: episode 29.7s | train 0.004s | eval 28.1s | plot 1.7s | save 0.002s | cum 0.11h
[2025-09-09 10:48:11] [Population] Episode 6001: Lineup -> ['max_combo', 'random2', 'single_only']
[2025-09-09 10:48:12] [Population] Episode 6101: Lineup -> ['single_only', 'max_combo', 'random2']
[2025-09-09 10:48:13] [Population] Episode 6201: Lineup -> ['max_combo', 'random2', 'max_combo']
[2025-09-09 10:48:14] [Population] Episode 6301: Lineup -> ['max_combo', 'random2', 'max_combo']
[2025-09-09 10:48:15] [Population] Episode 6401: Lineup -> ['max_combo', 'single_only', 'random2']
[2025-09-09 10:48:40] 
[2025-09-09 10:48:40] Benchmark @train_ep    6500 (bench_eps: 2000)
[2025-09-09 10:48:40] Macro Winrate          :  35.5%
[2025-09-09 10:48:40] Macro Ø-Reward         :  1.696
[2025-09-09 10:48:40] Winrate vs max_combo   :  30.9% | Σ-Reward:  3200.0 | Ø-Reward:  1.600 | Places: [617 (0.31), 445 (0.22), 459 (0.23), 479 (0.24)]
[2025-09-09 10:48:40] Winrate vs random2     :  33.1% | Σ-Reward:  3589.0 | Ø-Reward:  1.794 | Places: [663 (0.33), 584 (0.29), 432 (0.22), 321 (0.16)]
[2025-09-09 10:48:40] Winrate vs single_only :  58.8% | Σ-Reward:  4382.0 | Ø-Reward:  2.191 | Places: [1176 (0.59), 262 (0.13), 330 (0.17), 232 (0.12)]
[2025-09-09 10:48:40] Winrate vs v_table     :  19.1% | Σ-Reward:  2393.0 | Ø-Reward:  1.196 | Places: [381 (0.19), 433 (0.22), 384 (0.19), 802 (0.40)]
[2025-09-09 10:48:42] Timing @ep 6500: episode 26.5s | train 0.004s | eval 24.8s | plot 1.6s | save 0.001s | cum 0.12h
[2025-09-09 10:48:42] [Population] Episode 6501: Lineup -> ['max_combo', 'max_combo', 'random2']
[2025-09-09 10:48:43] [Population] Episode 6601: Lineup -> ['random2', 'single_only', 'max_combo']
[2025-09-09 10:48:44] [Population] Episode 6701: Lineup -> ['max_combo', 'max_combo', 'max_combo']
[2025-09-09 10:48:45] [Population] Episode 6801: Lineup -> ['random2', 'max_combo', 'single_only']
[2025-09-09 10:48:46] [Population] Episode 6901: Lineup -> ['random2', 'single_only', 'max_combo']
[2025-09-09 10:49:14] 
[2025-09-09 10:49:14] Benchmark @train_ep    7000 (bench_eps: 2000)
[2025-09-09 10:49:14] Macro Winrate          :  37.8%
[2025-09-09 10:49:14] Macro Ø-Reward         :  1.765
[2025-09-09 10:49:14] Winrate vs max_combo   :  32.8% | Σ-Reward:  3335.0 | Ø-Reward:  1.667 | Places: [655 (0.33), 460 (0.23), 450 (0.23), 435 (0.22)]
[2025-09-09 10:49:14] Winrate vs random2     :  36.7% | Σ-Reward:  3791.0 | Ø-Reward:  1.895 | Places: [734 (0.37), 561 (0.28), 467 (0.23), 238 (0.12)]
[2025-09-09 10:49:14] Winrate vs single_only :  60.5% | Σ-Reward:  4431.0 | Ø-Reward:  2.216 | Places: [1211 (0.61), 231 (0.12), 336 (0.17), 222 (0.11)]
[2025-09-09 10:49:14] Winrate vs v_table     :  21.4% | Σ-Reward:  2566.0 | Ø-Reward:  1.283 | Places: [427 (0.21), 447 (0.22), 391 (0.20), 735 (0.37)]
[2025-09-09 10:49:16] Timing @ep 7000: episode 28.6s | train 0.004s | eval 26.9s | plot 1.7s | save 0.002s | cum 0.13h
[2025-09-09 10:49:16] [Population] Episode 7001: Lineup -> ['random2', 'random2', 'random2']
[2025-09-09 10:49:17] [Population] Episode 7101: Lineup -> ['max_combo', 'max_combo', 'random2']
[2025-09-09 10:49:18] [Population] Episode 7201: Lineup -> ['single_only', 'max_combo', 'single_only']
[2025-09-09 10:49:18] [Population] Episode 7301: Lineup -> ['single_only', 'random2', 'max_combo']
[2025-09-09 10:49:19] [Population] Episode 7401: Lineup -> ['random2', 'max_combo', 'single_only']
[2025-09-09 10:49:44] 
[2025-09-09 10:49:44] Benchmark @train_ep    7500 (bench_eps: 2000)
[2025-09-09 10:49:44] Macro Winrate          :  37.3%
[2025-09-09 10:49:44] Macro Ø-Reward         :  1.736
[2025-09-09 10:49:44] Winrate vs max_combo   :  31.4% | Σ-Reward:  3242.0 | Ø-Reward:  1.621 | Places: [627 (0.31), 456 (0.23), 449 (0.22), 468 (0.23)]
[2025-09-09 10:49:44] Winrate vs random2     :  34.5% | Σ-Reward:  3623.0 | Ø-Reward:  1.812 | Places: [689 (0.34), 559 (0.28), 438 (0.22), 314 (0.16)]
[2025-09-09 10:49:44] Winrate vs single_only :  61.1% | Σ-Reward:  4456.0 | Ø-Reward:  2.228 | Places: [1222 (0.61), 231 (0.12), 328 (0.16), 219 (0.11)]
[2025-09-09 10:49:44] Winrate vs v_table     :  22.2% | Σ-Reward:  2568.0 | Ø-Reward:  1.284 | Places: [444 (0.22), 430 (0.21), 376 (0.19), 750 (0.38)]
[2025-09-09 10:49:46] Timing @ep 7500: episode 26.0s | train 0.003s | eval 24.4s | plot 1.5s | save 0.002s | cum 0.14h
[2025-09-09 10:49:46] [Population] Episode 7501: Lineup -> ['single_only', 'max_combo', 'max_combo']
[2025-09-09 10:49:47] [Population] Episode 7601: Lineup -> ['single_only', 'random2', 'single_only']
[2025-09-09 10:49:47] [Population] Episode 7701: Lineup -> ['random2', 'random2', 'single_only']
[2025-09-09 10:49:48] [Population] Episode 7801: Lineup -> ['random2', 'max_combo', 'max_combo']
[2025-09-09 10:49:49] [Population] Episode 7901: Lineup -> ['random2', 'random2', 'max_combo']
[2025-09-09 10:50:14] 
[2025-09-09 10:50:14] Benchmark @train_ep    8000 (bench_eps: 2000)
[2025-09-09 10:50:14] Macro Winrate          :  34.8%
[2025-09-09 10:50:14] Macro Ø-Reward         :  1.716
[2025-09-09 10:50:14] Winrate vs max_combo   :  28.9% | Σ-Reward:  3200.0 | Ø-Reward:  1.600 | Places: [578 (0.29), 498 (0.25), 470 (0.23), 454 (0.23)]
[2025-09-09 10:50:14] Winrate vs random2     :  34.3% | Σ-Reward:  3636.0 | Ø-Reward:  1.818 | Places: [686 (0.34), 562 (0.28), 454 (0.23), 298 (0.15)]
[2025-09-09 10:50:14] Winrate vs single_only :  57.0% | Σ-Reward:  4421.0 | Ø-Reward:  2.211 | Places: [1141 (0.57), 305 (0.15), 388 (0.19), 166 (0.08)]
[2025-09-09 10:50:14] Winrate vs v_table     :  18.8% | Σ-Reward:  2474.0 | Ø-Reward:  1.237 | Places: [376 (0.19), 471 (0.24), 404 (0.20), 749 (0.37)]
[2025-09-09 10:50:16] Timing @ep 8000: episode 25.9s | train 0.005s | eval 24.4s | plot 1.5s | save 0.003s | cum 0.15h
[2025-09-09 10:50:16] [Population] Episode 8001: Lineup -> ['single_only', 'single_only', 'random2']
[2025-09-09 10:50:17] [Population] Episode 8101: Lineup -> ['single_only', 'single_only', 'single_only']
[2025-09-09 10:50:18] [Population] Episode 8201: Lineup -> ['single_only', 'single_only', 'random2']
[2025-09-09 10:50:19] [Population] Episode 8301: Lineup -> ['single_only', 'max_combo', 'max_combo']
[2025-09-09 10:50:20] [Population] Episode 8401: Lineup -> ['random2', 'random2', 'max_combo']
[2025-09-09 10:50:46] 
[2025-09-09 10:50:46] Benchmark @train_ep    8500 (bench_eps: 2000)
[2025-09-09 10:50:46] Macro Winrate          :  34.5%
[2025-09-09 10:50:46] Macro Ø-Reward         :  1.676
[2025-09-09 10:50:46] Winrate vs max_combo   :  28.6% | Σ-Reward:  3120.0 | Ø-Reward:  1.560 | Places: [573 (0.29), 459 (0.23), 483 (0.24), 485 (0.24)]
[2025-09-09 10:50:46] Winrate vs random2     :  33.4% | Σ-Reward:  3557.0 | Ø-Reward:  1.778 | Places: [668 (0.33), 548 (0.27), 457 (0.23), 327 (0.16)]
[2025-09-09 10:50:46] Winrate vs single_only :  57.9% | Σ-Reward:  4363.0 | Ø-Reward:  2.182 | Places: [1158 (0.58), 287 (0.14), 315 (0.16), 240 (0.12)]
[2025-09-09 10:50:46] Winrate vs v_table     :  17.9% | Σ-Reward:  2368.0 | Ø-Reward:  1.184 | Places: [359 (0.18), 443 (0.22), 405 (0.20), 793 (0.40)]
[2025-09-09 10:50:48] Timing @ep 8500: episode 26.6s | train 0.003s | eval 24.9s | plot 1.7s | save 0.002s | cum 0.16h
[2025-09-09 10:50:48] [Population] Episode 8501: Lineup -> ['max_combo', 'single_only', 'max_combo']
[2025-09-09 10:50:48] [Population] Episode 8601: Lineup -> ['random2', 'max_combo', 'max_combo']
[2025-09-09 10:50:49] [Population] Episode 8701: Lineup -> ['random2', 'max_combo', 'max_combo']
[2025-09-09 10:50:50] [Population] Episode 8801: Lineup -> ['max_combo', 'max_combo', 'max_combo']
[2025-09-09 10:50:51] [Population] Episode 8901: Lineup -> ['max_combo', 'max_combo', 'max_combo']
[2025-09-09 10:51:17] 
[2025-09-09 10:51:17] Benchmark @train_ep    9000 (bench_eps: 2000)
[2025-09-09 10:51:17] Macro Winrate          :  34.4%
[2025-09-09 10:51:17] Macro Ø-Reward         :  1.678
[2025-09-09 10:51:17] Winrate vs max_combo   :  29.0% | Σ-Reward:  3115.0 | Ø-Reward:  1.558 | Places: [580 (0.29), 470 (0.23), 435 (0.22), 515 (0.26)]
[2025-09-09 10:51:17] Winrate vs random2     :  32.9% | Σ-Reward:  3531.0 | Ø-Reward:  1.766 | Places: [657 (0.33), 559 (0.28), 442 (0.22), 342 (0.17)]
[2025-09-09 10:51:17] Winrate vs single_only :  57.4% | Σ-Reward:  4353.0 | Ø-Reward:  2.176 | Places: [1148 (0.57), 283 (0.14), 343 (0.17), 226 (0.11)]
[2025-09-09 10:51:17] Winrate vs v_table     :  18.3% | Σ-Reward:  2424.0 | Ø-Reward:  1.212 | Places: [366 (0.18), 468 (0.23), 390 (0.20), 776 (0.39)]
[2025-09-09 10:51:19] Timing @ep 9000: episode 27.0s | train 0.011s | eval 25.4s | plot 1.6s | save 0.002s | cum 0.17h
[2025-09-09 10:51:19] [Population] Episode 9001: Lineup -> ['single_only', 'random2', 'single_only']
[2025-09-09 10:51:20] [Population] Episode 9101: Lineup -> ['max_combo', 'single_only', 'random2']
[2025-09-09 10:51:21] [Population] Episode 9201: Lineup -> ['random2', 'max_combo', 'max_combo']
[2025-09-09 10:51:22] [Population] Episode 9301: Lineup -> ['max_combo', 'max_combo', 'single_only']
[2025-09-09 10:51:23] [Population] Episode 9401: Lineup -> ['single_only', 'max_combo', 'single_only']
[2025-09-09 10:51:48] 
[2025-09-09 10:51:48] Benchmark @train_ep    9500 (bench_eps: 2000)
[2025-09-09 10:51:48] Macro Winrate          :  35.9%
[2025-09-09 10:51:48] Macro Ø-Reward         :  1.720
[2025-09-09 10:51:48] Winrate vs max_combo   :  31.1% | Σ-Reward:  3303.0 | Ø-Reward:  1.651 | Places: [621 (0.31), 499 (0.25), 442 (0.22), 438 (0.22)]
[2025-09-09 10:51:48] Winrate vs random2     :  36.6% | Σ-Reward:  3713.0 | Ø-Reward:  1.857 | Places: [733 (0.37), 547 (0.27), 420 (0.21), 300 (0.15)]
[2025-09-09 10:51:48] Winrate vs single_only :  57.8% | Σ-Reward:  4363.0 | Ø-Reward:  2.182 | Places: [1156 (0.58), 269 (0.13), 357 (0.18), 218 (0.11)]
[2025-09-09 10:51:48] Winrate vs v_table     :  17.9% | Σ-Reward:  2384.0 | Ø-Reward:  1.192 | Places: [359 (0.18), 448 (0.22), 411 (0.21), 782 (0.39)]
[2025-09-09 10:51:50] Timing @ep 9500: episode 26.1s | train 0.004s | eval 24.6s | plot 1.5s | save 0.002s | cum 0.17h
[2025-09-09 10:51:50] [Population] Episode 9501: Lineup -> ['single_only', 'max_combo', 'random2']
[2025-09-09 10:51:51] [Population] Episode 9601: Lineup -> ['max_combo', 'random2', 'max_combo']
[2025-09-09 10:51:52] [Population] Episode 9701: Lineup -> ['random2', 'random2', 'random2']
[2025-09-09 10:51:53] [Population] Episode 9801: Lineup -> ['random2', 'random2', 'single_only']
[2025-09-09 10:51:54] [Population] Episode 9901: Lineup -> ['random2', 'max_combo', 'single_only']
[2025-09-09 10:52:23] 
[2025-09-09 10:52:23] Benchmark @train_ep   10000 (bench_eps: 2000)
[2025-09-09 10:52:23] Macro Winrate          :  35.0%
[2025-09-09 10:52:23] Macro Ø-Reward         :  1.723
[2025-09-09 10:52:23] Winrate vs max_combo   :  30.3% | Σ-Reward:  3333.0 | Ø-Reward:  1.667 | Places: [606 (0.30), 543 (0.27), 429 (0.21), 422 (0.21)]
[2025-09-09 10:52:23] Winrate vs random2     :  32.2% | Σ-Reward:  3558.0 | Ø-Reward:  1.779 | Places: [644 (0.32), 585 (0.29), 456 (0.23), 315 (0.16)]
[2025-09-09 10:52:23] Winrate vs single_only :  58.5% | Σ-Reward:  4416.0 | Ø-Reward:  2.208 | Places: [1170 (0.58), 275 (0.14), 356 (0.18), 199 (0.10)]
[2025-09-09 10:52:23] Winrate vs v_table     :  18.8% | Σ-Reward:  2474.0 | Ø-Reward:  1.237 | Places: [376 (0.19), 473 (0.24), 400 (0.20), 751 (0.38)]
[2025-09-09 10:52:25] Timing @ep 10000: episode 29.6s | train 0.004s | eval 28.0s | plot 1.6s | save 0.002s | cum 0.18h
[2025-09-09 10:52:25] [Population] Episode 10001: Lineup -> ['single_only', 'random2', 'single_only']
[2025-09-09 10:52:26] [Population] Episode 10101: Lineup -> ['single_only', 'single_only', 'max_combo']
[2025-09-09 10:52:26] [Population] Episode 10201: Lineup -> ['max_combo', 'single_only', 'single_only']
[2025-09-09 10:52:27] [Population] Episode 10301: Lineup -> ['max_combo', 'single_only', 'single_only']
[2025-09-09 10:52:28] [Population] Episode 10401: Lineup -> ['max_combo', 'single_only', 'random2']
[2025-09-09 10:52:53] 
[2025-09-09 10:52:53] Benchmark @train_ep   10500 (bench_eps: 2000)
[2025-09-09 10:52:53] Macro Winrate          :  35.2%
[2025-09-09 10:52:53] Macro Ø-Reward         :  1.718
[2025-09-09 10:52:53] Winrate vs max_combo   :  31.3% | Σ-Reward:  3351.0 | Ø-Reward:  1.675 | Places: [626 (0.31), 532 (0.27), 409 (0.20), 433 (0.22)]
[2025-09-09 10:52:53] Winrate vs random2     :  34.6% | Σ-Reward:  3668.0 | Ø-Reward:  1.834 | Places: [693 (0.35), 555 (0.28), 479 (0.24), 273 (0.14)]
[2025-09-09 10:52:53] Winrate vs single_only :  56.1% | Σ-Reward:  4282.0 | Ø-Reward:  2.141 | Places: [1122 (0.56), 250 (0.12), 416 (0.21), 212 (0.11)]
[2025-09-09 10:52:53] Winrate vs v_table     :  18.9% | Σ-Reward:  2445.0 | Ø-Reward:  1.222 | Places: [377 (0.19), 430 (0.21), 454 (0.23), 739 (0.37)]
[2025-09-09 10:52:55] Timing @ep 10500: episode 25.5s | train 0.005s | eval 24.0s | plot 1.6s | save 0.001s | cum 0.19h
[2025-09-09 10:52:55] [Population] Episode 10501: Lineup -> ['max_combo', 'random2', 'random2']
[2025-09-09 10:52:56] [Population] Episode 10601: Lineup -> ['single_only', 'max_combo', 'single_only']
[2025-09-09 10:52:57] [Population] Episode 10701: Lineup -> ['random2', 'single_only', 'random2']
[2025-09-09 10:52:57] [Population] Episode 10801: Lineup -> ['single_only', 'single_only', 'max_combo']
[2025-09-09 10:52:58] [Population] Episode 10901: Lineup -> ['random2', 'max_combo', 'random2']
[2025-09-09 10:53:25] 
[2025-09-09 10:53:25] Benchmark @train_ep   11000 (bench_eps: 2000)
[2025-09-09 10:53:25] Macro Winrate          :  37.0%
[2025-09-09 10:53:25] Macro Ø-Reward         :  1.751
[2025-09-09 10:53:25] Winrate vs max_combo   :  31.9% | Σ-Reward:  3347.0 | Ø-Reward:  1.673 | Places: [637 (0.32), 494 (0.25), 448 (0.22), 421 (0.21)]
[2025-09-09 10:53:25] Winrate vs random2     :  37.0% | Σ-Reward:  3716.0 | Ø-Reward:  1.858 | Places: [741 (0.37), 520 (0.26), 453 (0.23), 286 (0.14)]
[2025-09-09 10:53:25] Winrate vs single_only :  60.4% | Σ-Reward:  4441.0 | Ø-Reward:  2.220 | Places: [1207 (0.60), 246 (0.12), 328 (0.16), 219 (0.11)]
[2025-09-09 10:53:25] Winrate vs v_table     :  18.9% | Σ-Reward:  2504.0 | Ø-Reward:  1.252 | Places: [377 (0.19), 475 (0.24), 423 (0.21), 725 (0.36)]
[2025-09-09 10:53:26] Timing @ep 11000: episode 26.8s | train 0.005s | eval 25.2s | plot 1.5s | save 0.002s | cum 0.20h
[2025-09-09 10:53:26] [Population] Episode 11001: Lineup -> ['random2', 'max_combo', 'single_only']
[2025-09-09 10:53:27] [Population] Episode 11101: Lineup -> ['max_combo', 'random2', 'max_combo']
[2025-09-09 10:53:28] [Population] Episode 11201: Lineup -> ['random2', 'max_combo', 'random2']
[2025-09-09 10:53:29] [Population] Episode 11301: Lineup -> ['random2', 'single_only', 'random2']
[2025-09-09 10:53:30] [Population] Episode 11401: Lineup -> ['random2', 'random2', 'max_combo']
[2025-09-09 10:53:55] 
[2025-09-09 10:53:55] Benchmark @train_ep   11500 (bench_eps: 2000)
[2025-09-09 10:53:55] Macro Winrate          :  36.1%
[2025-09-09 10:53:55] Macro Ø-Reward         :  1.702
[2025-09-09 10:53:55] Winrate vs max_combo   :  33.1% | Σ-Reward:  3275.0 | Ø-Reward:  1.637 | Places: [663 (0.33), 440 (0.22), 406 (0.20), 491 (0.25)]
[2025-09-09 10:53:55] Winrate vs random2     :  34.6% | Σ-Reward:  3540.0 | Ø-Reward:  1.770 | Places: [692 (0.35), 529 (0.26), 406 (0.20), 373 (0.19)]
[2025-09-09 10:53:55] Winrate vs single_only :  57.8% | Σ-Reward:  4305.0 | Ø-Reward:  2.152 | Places: [1155 (0.58), 251 (0.13), 338 (0.17), 256 (0.13)]
[2025-09-09 10:53:55] Winrate vs v_table     :  19.0% | Σ-Reward:  2496.0 | Ø-Reward:  1.248 | Places: [380 (0.19), 492 (0.25), 372 (0.19), 756 (0.38)]
[2025-09-09 10:53:57] Timing @ep 11500: episode 26.5s | train 0.004s | eval 24.7s | plot 1.8s | save 0.001s | cum 0.21h
[2025-09-09 10:53:57] [Population] Episode 11501: Lineup -> ['single_only', 'max_combo', 'single_only']
[2025-09-09 10:53:58] [Population] Episode 11601: Lineup -> ['max_combo', 'single_only', 'single_only']
[2025-09-09 10:53:59] [Population] Episode 11701: Lineup -> ['single_only', 'single_only', 'random2']
[2025-09-09 10:54:02] [Population] Episode 11801: Lineup -> ['random2', 'single_only', 'single_only']
[2025-09-09 10:54:03] [Population] Episode 11901: Lineup -> ['random2', 'max_combo', 'max_combo']
[2025-09-09 10:54:38] 
[2025-09-09 10:54:38] Benchmark @train_ep   12000 (bench_eps: 2000)
[2025-09-09 10:54:38] Macro Winrate          :  38.1%
[2025-09-09 10:54:38] Macro Ø-Reward         :  1.758
[2025-09-09 10:54:38] Winrate vs max_combo   :  35.2% | Σ-Reward:  3391.0 | Ø-Reward:  1.696 | Places: [704 (0.35), 431 (0.22), 417 (0.21), 448 (0.22)]
[2025-09-09 10:54:38] Winrate vs random2     :  36.5% | Σ-Reward:  3707.0 | Ø-Reward:  1.853 | Places: [731 (0.37), 546 (0.27), 422 (0.21), 301 (0.15)]
[2025-09-09 10:54:38] Winrate vs single_only :  62.0% | Σ-Reward:  4507.0 | Ø-Reward:  2.253 | Places: [1240 (0.62), 235 (0.12), 317 (0.16), 208 (0.10)]
[2025-09-09 10:54:38] Winrate vs v_table     :  18.5% | Σ-Reward:  2459.0 | Ø-Reward:  1.230 | Places: [370 (0.18), 474 (0.24), 401 (0.20), 755 (0.38)]
[2025-09-09 10:54:40] Timing @ep 12000: episode 35.8s | train 0.004s | eval 34.0s | plot 1.9s | save 0.002s | cum 0.22h
[2025-09-09 10:54:40] [Population] Episode 12001: Lineup -> ['max_combo', 'single_only', 'single_only']
[2025-09-09 10:54:41] [Population] Episode 12101: Lineup -> ['random2', 'random2', 'single_only']
[2025-09-09 10:54:42] [Population] Episode 12201: Lineup -> ['random2', 'random2', 'max_combo']
[2025-09-09 10:54:43] [Population] Episode 12301: Lineup -> ['single_only', 'max_combo', 'max_combo']
[2025-09-09 10:54:44] [Population] Episode 12401: Lineup -> ['max_combo', 'random2', 'single_only']
[2025-09-09 10:55:15] 
[2025-09-09 10:55:15] Benchmark @train_ep   12500 (bench_eps: 2000)
[2025-09-09 10:55:15] Macro Winrate          :  35.8%
[2025-09-09 10:55:15] Macro Ø-Reward         :  1.747
[2025-09-09 10:55:15] Winrate vs max_combo   :  30.8% | Σ-Reward:  3321.0 | Ø-Reward:  1.661 | Places: [616 (0.31), 507 (0.25), 459 (0.23), 418 (0.21)]
[2025-09-09 10:55:15] Winrate vs random2     :  36.6% | Σ-Reward:  3792.0 | Ø-Reward:  1.896 | Places: [733 (0.37), 585 (0.29), 423 (0.21), 259 (0.13)]
[2025-09-09 10:55:15] Winrate vs single_only :  56.8% | Σ-Reward:  4337.0 | Ø-Reward:  2.168 | Places: [1135 (0.57), 279 (0.14), 374 (0.19), 212 (0.11)]
[2025-09-09 10:55:15] Winrate vs v_table     :  19.1% | Σ-Reward:  2523.0 | Ø-Reward:  1.262 | Places: [382 (0.19), 495 (0.25), 387 (0.19), 736 (0.37)]
[2025-09-09 10:55:16] Timing @ep 12500: episode 31.0s | train 0.004s | eval 29.3s | plot 1.7s | save 0.002s | cum 0.23h
[2025-09-09 10:55:16] [Population] Episode 12501: Lineup -> ['single_only', 'random2', 'single_only']
[2025-09-09 10:55:17] [Population] Episode 12601: Lineup -> ['random2', 'random2', 'single_only']
[2025-09-09 10:55:18] [Population] Episode 12701: Lineup -> ['single_only', 'random2', 'random2']
[2025-09-09 10:55:20] [Population] Episode 12801: Lineup -> ['random2', 'max_combo', 'random2']
[2025-09-09 10:55:21] [Population] Episode 12901: Lineup -> ['single_only', 'max_combo', 'single_only']
[2025-09-09 10:55:48] 
[2025-09-09 10:55:48] Benchmark @train_ep   13000 (bench_eps: 2000)
[2025-09-09 10:55:48] Macro Winrate          :  36.0%
[2025-09-09 10:55:48] Macro Ø-Reward         :  1.741
[2025-09-09 10:55:48] Winrate vs max_combo   :  31.4% | Σ-Reward:  3401.0 | Ø-Reward:  1.700 | Places: [628 (0.31), 555 (0.28), 407 (0.20), 410 (0.20)]
[2025-09-09 10:55:48] Winrate vs random2     :  37.5% | Σ-Reward:  3754.0 | Ø-Reward:  1.877 | Places: [749 (0.37), 540 (0.27), 427 (0.21), 284 (0.14)]
[2025-09-09 10:55:48] Winrate vs single_only :  56.6% | Σ-Reward:  4349.0 | Ø-Reward:  2.175 | Places: [1132 (0.57), 292 (0.15), 369 (0.18), 207 (0.10)]
[2025-09-09 10:55:48] Winrate vs v_table     :  18.4% | Σ-Reward:  2426.0 | Ø-Reward:  1.213 | Places: [368 (0.18), 455 (0.23), 412 (0.21), 765 (0.38)]
[2025-09-09 10:55:50] Timing @ep 13000: episode 28.1s | train 0.004s | eval 26.3s | plot 1.8s | save 0.001s | cum 0.24h
[2025-09-09 10:55:50] [Population] Episode 13001: Lineup -> ['random2', 'max_combo', 'single_only']
[2025-09-09 10:55:51] [Population] Episode 13101: Lineup -> ['random2', 'max_combo', 'single_only']
[2025-09-09 10:55:52] [Population] Episode 13201: Lineup -> ['single_only', 'max_combo', 'random2']
[2025-09-09 10:55:53] [Population] Episode 13301: Lineup -> ['random2', 'max_combo', 'random2']
[2025-09-09 10:55:54] [Population] Episode 13401: Lineup -> ['random2', 'max_combo', 'random2']
[2025-09-09 10:56:23] 
[2025-09-09 10:56:23] Benchmark @train_ep   13500 (bench_eps: 2000)
[2025-09-09 10:56:23] Macro Winrate          :  34.4%
[2025-09-09 10:56:23] Macro Ø-Reward         :  1.727
[2025-09-09 10:56:23] Winrate vs max_combo   :  30.1% | Σ-Reward:  3303.0 | Ø-Reward:  1.651 | Places: [602 (0.30), 520 (0.26), 457 (0.23), 421 (0.21)]
[2025-09-09 10:56:23] Winrate vs random2     :  34.9% | Σ-Reward:  3753.0 | Ø-Reward:  1.877 | Places: [697 (0.35), 621 (0.31), 420 (0.21), 262 (0.13)]
[2025-09-09 10:56:23] Winrate vs single_only :  53.4% | Σ-Reward:  4259.0 | Ø-Reward:  2.130 | Places: [1068 (0.53), 337 (0.17), 381 (0.19), 214 (0.11)]
[2025-09-09 10:56:23] Winrate vs v_table     :  19.1% | Σ-Reward:  2502.0 | Ø-Reward:  1.251 | Places: [381 (0.19), 443 (0.22), 473 (0.24), 703 (0.35)]
[2025-09-09 10:56:25] Timing @ep 13500: episode 30.0s | train 0.004s | eval 28.1s | plot 1.8s | save 0.002s | cum 0.25h
[2025-09-09 10:56:25] [Population] Episode 13501: Lineup -> ['max_combo', 'random2', 'single_only']
[2025-09-09 10:56:26] [Population] Episode 13601: Lineup -> ['single_only', 'max_combo', 'random2']
[2025-09-09 10:56:27] [Population] Episode 13701: Lineup -> ['max_combo', 'max_combo', 'max_combo']
[2025-09-09 10:56:28] [Population] Episode 13801: Lineup -> ['random2', 'max_combo', 'random2']
[2025-09-09 10:56:29] [Population] Episode 13901: Lineup -> ['single_only', 'max_combo', 'max_combo']
[2025-09-09 10:56:55] 
[2025-09-09 10:56:55] Benchmark @train_ep   14000 (bench_eps: 2000)
[2025-09-09 10:56:55] Macro Winrate          :  36.1%
[2025-09-09 10:56:55] Macro Ø-Reward         :  1.744
[2025-09-09 10:56:55] Winrate vs max_combo   :  30.6% | Σ-Reward:  3304.0 | Ø-Reward:  1.652 | Places: [612 (0.31), 504 (0.25), 460 (0.23), 424 (0.21)]
[2025-09-09 10:56:55] Winrate vs random2     :  36.3% | Σ-Reward:  3735.0 | Ø-Reward:  1.867 | Places: [726 (0.36), 583 (0.29), 391 (0.20), 300 (0.15)]
[2025-09-09 10:56:55] Winrate vs single_only :  59.6% | Σ-Reward:  4463.0 | Ø-Reward:  2.232 | Places: [1193 (0.60), 265 (0.13), 354 (0.18), 188 (0.09)]
[2025-09-09 10:56:55] Winrate vs v_table     :  18.1% | Σ-Reward:  2448.0 | Ø-Reward:  1.224 | Places: [361 (0.18), 476 (0.24), 413 (0.21), 750 (0.38)]
[2025-09-09 10:56:57] Timing @ep 14000: episode 27.0s | train 0.003s | eval 25.3s | plot 1.7s | save 0.002s | cum 0.26h
[2025-09-09 10:56:57] [Population] Episode 14001: Lineup -> ['max_combo', 'single_only', 'random2']
[2025-09-09 10:56:58] [Population] Episode 14101: Lineup -> ['max_combo', 'random2', 'max_combo']
[2025-09-09 10:56:58] [Population] Episode 14201: Lineup -> ['random2', 'random2', 'random2']
[2025-09-09 10:56:59] [Population] Episode 14301: Lineup -> ['random2', 'random2', 'max_combo']
[2025-09-09 10:57:01] [Population] Episode 14401: Lineup -> ['max_combo', 'max_combo', 'single_only']
[2025-09-09 10:57:29] 
[2025-09-09 10:57:29] Benchmark @train_ep   14500 (bench_eps: 2000)
[2025-09-09 10:57:29] Macro Winrate          :  34.1%
[2025-09-09 10:57:29] Macro Ø-Reward         :  1.701
[2025-09-09 10:57:29] Winrate vs max_combo   :  29.6% | Σ-Reward:  3258.0 | Ø-Reward:  1.629 | Places: [592 (0.30), 503 (0.25), 476 (0.24), 429 (0.21)]
[2025-09-09 10:57:29] Winrate vs random2     :  35.8% | Σ-Reward:  3705.0 | Ø-Reward:  1.853 | Places: [716 (0.36), 561 (0.28), 435 (0.22), 288 (0.14)]
[2025-09-09 10:57:29] Winrate vs single_only :  54.0% | Σ-Reward:  4242.0 | Ø-Reward:  2.121 | Places: [1079 (0.54), 320 (0.16), 365 (0.18), 236 (0.12)]
[2025-09-09 10:57:29] Winrate vs v_table     :  16.9% | Σ-Reward:  2400.0 | Ø-Reward:  1.200 | Places: [338 (0.17), 487 (0.24), 412 (0.21), 763 (0.38)]
[2025-09-09 10:57:30] Timing @ep 14500: episode 28.3s | train 0.004s | eval 26.7s | plot 1.6s | save 0.002s | cum 0.27h
[2025-09-09 10:57:30] [Population] Episode 14501: Lineup -> ['random2', 'single_only', 'random2']
[2025-09-09 10:57:31] [Population] Episode 14601: Lineup -> ['max_combo', 'random2', 'max_combo']
[2025-09-09 10:57:32] [Population] Episode 14701: Lineup -> ['max_combo', 'random2', 'random2']
[2025-09-09 10:57:33] [Population] Episode 14801: Lineup -> ['single_only', 'max_combo', 'single_only']
[2025-09-09 10:57:34] [Population] Episode 14901: Lineup -> ['max_combo', 'random2', 'random2']
[2025-09-09 10:57:57] 
[2025-09-09 10:57:57] Benchmark @train_ep   15000 (bench_eps: 2000)
[2025-09-09 10:57:57] Macro Winrate          :  34.6%
[2025-09-09 10:57:57] Macro Ø-Reward         :  1.727
[2025-09-09 10:57:57] Winrate vs max_combo   :  28.5% | Σ-Reward:  3201.0 | Ø-Reward:  1.601 | Places: [570 (0.28), 506 (0.25), 479 (0.24), 445 (0.22)]
[2025-09-09 10:57:57] Winrate vs random2     :  36.0% | Σ-Reward:  3796.0 | Ø-Reward:  1.898 | Places: [719 (0.36), 589 (0.29), 461 (0.23), 231 (0.12)]
[2025-09-09 10:57:57] Winrate vs single_only :  55.7% | Σ-Reward:  4309.0 | Ø-Reward:  2.155 | Places: [1114 (0.56), 298 (0.15), 371 (0.19), 217 (0.11)]
[2025-09-09 10:57:57] Winrate vs v_table     :  18.2% | Σ-Reward:  2507.0 | Ø-Reward:  1.254 | Places: [365 (0.18), 487 (0.24), 438 (0.22), 710 (0.35)]
[2025-09-09 10:57:59] Timing @ep 15000: episode 24.0s | train 0.004s | eval 22.2s | plot 1.7s | save 0.003s | cum 0.28h
[2025-09-09 10:57:59] [Population] Episode 15001: Lineup -> ['max_combo', 'max_combo', 'max_combo']
[2025-09-09 10:58:01] [Population] Episode 15101: Lineup -> ['random2', 'single_only', 'random2']
[2025-09-09 10:58:02] [Population] Episode 15201: Lineup -> ['single_only', 'single_only', 'max_combo']
[2025-09-09 10:58:03] [Population] Episode 15301: Lineup -> ['random2', 'max_combo', 'single_only']
[2025-09-09 10:58:04] [Population] Episode 15401: Lineup -> ['random2', 'single_only', 'random2']
[2025-09-09 10:58:31] 
[2025-09-09 10:58:31] Benchmark @train_ep   15500 (bench_eps: 2000)
[2025-09-09 10:58:31] Macro Winrate          :  34.2%
[2025-09-09 10:58:31] Macro Ø-Reward         :  1.683
[2025-09-09 10:58:31] Winrate vs max_combo   :  30.4% | Σ-Reward:  3232.0 | Ø-Reward:  1.616 | Places: [608 (0.30), 475 (0.24), 458 (0.23), 459 (0.23)]
[2025-09-09 10:58:31] Winrate vs random2     :  32.9% | Σ-Reward:  3625.0 | Ø-Reward:  1.812 | Places: [658 (0.33), 596 (0.30), 459 (0.23), 287 (0.14)]
[2025-09-09 10:58:31] Winrate vs single_only :  55.0% | Σ-Reward:  4218.0 | Ø-Reward:  2.109 | Places: [1099 (0.55), 263 (0.13), 395 (0.20), 243 (0.12)]
[2025-09-09 10:58:31] Winrate vs v_table     :  18.4% | Σ-Reward:  2393.0 | Ø-Reward:  1.196 | Places: [369 (0.18), 431 (0.22), 424 (0.21), 776 (0.39)]
[2025-09-09 10:58:33] Timing @ep 15500: episode 27.5s | train 0.003s | eval 25.8s | plot 1.7s | save 0.003s | cum 0.29h
[2025-09-09 10:58:33] [Population] Episode 15501: Lineup -> ['max_combo', 'single_only', 'single_only']
[2025-09-09 10:58:33] [Population] Episode 15601: Lineup -> ['single_only', 'max_combo', 'max_combo']
[2025-09-09 10:58:34] [Population] Episode 15701: Lineup -> ['max_combo', 'max_combo', 'single_only']
[2025-09-09 10:58:35] [Population] Episode 15801: Lineup -> ['single_only', 'single_only', 'single_only']
[2025-09-09 10:58:36] [Population] Episode 15901: Lineup -> ['single_only', 'max_combo', 'single_only']
[2025-09-09 10:59:03] 
[2025-09-09 10:59:03] Benchmark @train_ep   16000 (bench_eps: 2000)
[2025-09-09 10:59:03] Macro Winrate          :  37.5%
[2025-09-09 10:59:03] Macro Ø-Reward         :  1.750
[2025-09-09 10:59:03] Winrate vs max_combo   :  31.8% | Σ-Reward:  3339.0 | Ø-Reward:  1.669 | Places: [636 (0.32), 506 (0.25), 419 (0.21), 439 (0.22)]
[2025-09-09 10:59:03] Winrate vs random2     :  35.7% | Σ-Reward:  3685.0 | Ø-Reward:  1.843 | Places: [714 (0.36), 570 (0.28), 403 (0.20), 313 (0.16)]
[2025-09-09 10:59:03] Winrate vs single_only :  62.5% | Σ-Reward:  4492.0 | Ø-Reward:  2.246 | Places: [1250 (0.62), 217 (0.11), 308 (0.15), 225 (0.11)]
[2025-09-09 10:59:03] Winrate vs v_table     :  20.0% | Σ-Reward:  2488.0 | Ø-Reward:  1.244 | Places: [400 (0.20), 446 (0.22), 396 (0.20), 758 (0.38)]
[2025-09-09 10:59:05] Timing @ep 16000: episode 28.0s | train 0.003s | eval 26.3s | plot 1.7s | save 0.002s | cum 0.30h
[2025-09-09 10:59:05] [Population] Episode 16001: Lineup -> ['max_combo', 'max_combo', 'single_only']
[2025-09-09 10:59:06] [Population] Episode 16101: Lineup -> ['single_only', 'max_combo', 'single_only']
[2025-09-09 10:59:07] [Population] Episode 16201: Lineup -> ['single_only', 'random2', 'single_only']
[2025-09-09 10:59:08] [Population] Episode 16301: Lineup -> ['single_only', 'max_combo', 'random2']
[2025-09-09 10:59:09] [Population] Episode 16401: Lineup -> ['single_only', 'single_only', 'single_only']
[2025-09-09 10:59:36] 
[2025-09-09 10:59:36] Benchmark @train_ep   16500 (bench_eps: 2000)
[2025-09-09 10:59:36] Macro Winrate          :  37.9%
[2025-09-09 10:59:36] Macro Ø-Reward         :  1.736
[2025-09-09 10:59:36] Winrate vs max_combo   :  31.8% | Σ-Reward:  3224.0 | Ø-Reward:  1.612 | Places: [635 (0.32), 469 (0.23), 381 (0.19), 515 (0.26)]
[2025-09-09 10:59:36] Winrate vs random2     :  36.6% | Σ-Reward:  3653.0 | Ø-Reward:  1.827 | Places: [733 (0.37), 521 (0.26), 412 (0.21), 334 (0.17)]
[2025-09-09 10:59:36] Winrate vs single_only :  61.8% | Σ-Reward:  4480.0 | Ø-Reward:  2.240 | Places: [1236 (0.62), 232 (0.12), 308 (0.15), 224 (0.11)]
[2025-09-09 10:59:36] Winrate vs v_table     :  21.4% | Σ-Reward:  2532.0 | Ø-Reward:  1.266 | Places: [428 (0.21), 446 (0.22), 356 (0.18), 770 (0.39)]
[2025-09-09 10:59:38] Timing @ep 16500: episode 27.8s | train 0.003s | eval 25.9s | plot 1.8s | save 0.002s | cum 0.30h
[2025-09-09 10:59:38] [Population] Episode 16501: Lineup -> ['single_only', 'single_only', 'random2']
[2025-09-09 10:59:39] [Population] Episode 16601: Lineup -> ['random2', 'random2', 'single_only']
[2025-09-09 10:59:40] [Population] Episode 16701: Lineup -> ['single_only', 'random2', 'max_combo']
[2025-09-09 10:59:41] [Population] Episode 16801: Lineup -> ['random2', 'single_only', 'max_combo']
[2025-09-09 10:59:42] [Population] Episode 16901: Lineup -> ['max_combo', 'random2', 'max_combo']
[2025-09-09 11:00:11] 
[2025-09-09 11:00:11] Benchmark @train_ep   17000 (bench_eps: 2000)
[2025-09-09 11:00:11] Macro Winrate          :  34.5%
[2025-09-09 11:00:11] Macro Ø-Reward         :  1.668
[2025-09-09 11:00:11] Winrate vs max_combo   :  30.4% | Σ-Reward:  3172.0 | Ø-Reward:  1.586 | Places: [609 (0.30), 459 (0.23), 427 (0.21), 505 (0.25)]
[2025-09-09 11:00:11] Winrate vs random2     :  35.3% | Σ-Reward:  3600.0 | Ø-Reward:  1.800 | Places: [706 (0.35), 531 (0.27), 420 (0.21), 343 (0.17)]
[2025-09-09 11:00:11] Winrate vs single_only :  54.5% | Σ-Reward:  4210.0 | Ø-Reward:  2.105 | Places: [1090 (0.55), 302 (0.15), 336 (0.17), 272 (0.14)]
[2025-09-09 11:00:11] Winrate vs v_table     :  17.8% | Σ-Reward:  2364.0 | Ø-Reward:  1.182 | Places: [355 (0.18), 463 (0.23), 373 (0.19), 809 (0.40)]
[2025-09-09 11:00:12] Timing @ep 17000: episode 29.4s | train 0.003s | eval 27.7s | plot 1.6s | save 0.002s | cum 0.31h
[2025-09-09 11:00:12] [Population] Episode 17001: Lineup -> ['max_combo', 'single_only', 'max_combo']
[2025-09-09 11:00:13] [Population] Episode 17101: Lineup -> ['max_combo', 'random2', 'max_combo']
[2025-09-09 11:00:14] [Population] Episode 17201: Lineup -> ['random2', 'random2', 'single_only']
[2025-09-09 11:00:15] [Population] Episode 17301: Lineup -> ['max_combo', 'single_only', 'max_combo']
[2025-09-09 11:00:16] [Population] Episode 17401: Lineup -> ['single_only', 'random2', 'random2']
[2025-09-09 11:00:43] 
[2025-09-09 11:00:43] Benchmark @train_ep   17500 (bench_eps: 2000)
[2025-09-09 11:00:43] Macro Winrate          :  32.9%
[2025-09-09 11:00:43] Macro Ø-Reward         :  1.681
[2025-09-09 11:00:43] Winrate vs max_combo   :  27.9% | Σ-Reward:  3193.0 | Ø-Reward:  1.597 | Places: [557 (0.28), 523 (0.26), 476 (0.24), 444 (0.22)]
[2025-09-09 11:00:43] Winrate vs random2     :  34.4% | Σ-Reward:  3631.0 | Ø-Reward:  1.815 | Places: [688 (0.34), 562 (0.28), 443 (0.22), 307 (0.15)]
[2025-09-09 11:00:43] Winrate vs single_only :  53.4% | Σ-Reward:  4242.0 | Ø-Reward:  2.121 | Places: [1068 (0.53), 337 (0.17), 364 (0.18), 231 (0.12)]
[2025-09-09 11:00:43] Winrate vs v_table     :  16.0% | Σ-Reward:  2383.0 | Ø-Reward:  1.192 | Places: [320 (0.16), 502 (0.25), 419 (0.21), 759 (0.38)]
[2025-09-09 11:00:45] Timing @ep 17500: episode 27.5s | train 0.004s | eval 25.8s | plot 1.7s | save 0.003s | cum 0.32h
[2025-09-09 11:00:45] [Population] Episode 17501: Lineup -> ['random2', 'max_combo', 'random2']
[2025-09-09 11:00:46] [Population] Episode 17601: Lineup -> ['random2', 'single_only', 'single_only']
[2025-09-09 11:00:47] [Population] Episode 17701: Lineup -> ['max_combo', 'max_combo', 'single_only']
[2025-09-09 11:00:47] [Population] Episode 17801: Lineup -> ['max_combo', 'max_combo', 'random2']
[2025-09-09 11:00:49] [Population] Episode 17901: Lineup -> ['random2', 'single_only', 'random2']
[2025-09-09 11:01:18] 
[2025-09-09 11:01:18] Benchmark @train_ep   18000 (bench_eps: 2000)
[2025-09-09 11:01:18] Macro Winrate          :  34.5%
[2025-09-09 11:01:18] Macro Ø-Reward         :  1.673
[2025-09-09 11:01:18] Winrate vs max_combo   :  30.5% | Σ-Reward:  3247.0 | Ø-Reward:  1.623 | Places: [610 (0.30), 480 (0.24), 457 (0.23), 453 (0.23)]
[2025-09-09 11:01:18] Winrate vs random2     :  35.0% | Σ-Reward:  3608.0 | Ø-Reward:  1.804 | Places: [700 (0.35), 533 (0.27), 442 (0.22), 325 (0.16)]
[2025-09-09 11:01:18] Winrate vs single_only :  53.8% | Σ-Reward:  4141.0 | Ø-Reward:  2.071 | Places: [1075 (0.54), 262 (0.13), 392 (0.20), 271 (0.14)]
[2025-09-09 11:01:18] Winrate vs v_table     :  18.6% | Σ-Reward:  2392.0 | Ø-Reward:  1.196 | Places: [372 (0.19), 452 (0.23), 372 (0.19), 804 (0.40)]
[2025-09-09 11:01:19] Timing @ep 18000: episode 29.3s | train 0.003s | eval 28.1s | plot 1.2s | save 0.002s | cum 0.33h
[2025-09-09 11:01:19] [Population] Episode 18001: Lineup -> ['random2', 'max_combo', 'single_only']
[2025-09-09 11:01:20] [Population] Episode 18101: Lineup -> ['single_only', 'max_combo', 'random2']
[2025-09-09 11:01:20] [Population] Episode 18201: Lineup -> ['single_only', 'single_only', 'max_combo']
[2025-09-09 11:01:21] [Population] Episode 18301: Lineup -> ['max_combo', 'random2', 'max_combo']
[2025-09-09 11:01:22] [Population] Episode 18401: Lineup -> ['max_combo', 'max_combo', 'single_only']
[2025-09-09 11:01:41] 
[2025-09-09 11:01:41] Benchmark @train_ep   18500 (bench_eps: 2000)
[2025-09-09 11:01:41] Macro Winrate          :  36.5%
[2025-09-09 11:01:41] Macro Ø-Reward         :  1.708
[2025-09-09 11:01:41] Winrate vs max_combo   :  32.5% | Σ-Reward:  3217.0 | Ø-Reward:  1.609 | Places: [649 (0.32), 450 (0.23), 370 (0.18), 531 (0.27)]
[2025-09-09 11:01:41] Winrate vs random2     :  37.3% | Σ-Reward:  3718.0 | Ø-Reward:  1.859 | Places: [746 (0.37), 538 (0.27), 404 (0.20), 312 (0.16)]
[2025-09-09 11:01:41] Winrate vs single_only :  58.5% | Σ-Reward:  4312.0 | Ø-Reward:  2.156 | Places: [1169 (0.58), 229 (0.11), 347 (0.17), 255 (0.13)]
[2025-09-09 11:01:41] Winrate vs v_table     :  17.6% | Σ-Reward:  2413.0 | Ø-Reward:  1.206 | Places: [353 (0.18), 482 (0.24), 390 (0.20), 775 (0.39)]
[2025-09-09 11:01:42] Timing @ep 18500: episode 19.5s | train 0.003s | eval 18.2s | plot 1.3s | save 0.001s | cum 0.34h
[2025-09-09 11:01:42] [Population] Episode 18501: Lineup -> ['single_only', 'single_only', 'max_combo']
[2025-09-09 11:01:43] [Population] Episode 18601: Lineup -> ['max_combo', 'random2', 'single_only']
[2025-09-09 11:01:43] [Population] Episode 18701: Lineup -> ['single_only', 'random2', 'random2']
[2025-09-09 11:01:44] [Population] Episode 18801: Lineup -> ['max_combo', 'single_only', 'single_only']
[2025-09-09 11:01:45] [Population] Episode 18901: Lineup -> ['single_only', 'random2', 'single_only']
[2025-09-09 11:02:04] 
[2025-09-09 11:02:04] Benchmark @train_ep   19000 (bench_eps: 2000)
[2025-09-09 11:02:04] Macro Winrate          :  35.1%
[2025-09-09 11:02:04] Macro Ø-Reward         :  1.692
[2025-09-09 11:02:04] Winrate vs max_combo   :  30.9% | Σ-Reward:  3278.0 | Ø-Reward:  1.639 | Places: [617 (0.31), 496 (0.25), 435 (0.22), 452 (0.23)]
[2025-09-09 11:02:04] Winrate vs random2     :  35.0% | Σ-Reward:  3558.0 | Ø-Reward:  1.779 | Places: [701 (0.35), 517 (0.26), 421 (0.21), 361 (0.18)]
[2025-09-09 11:02:04] Winrate vs single_only :  55.6% | Σ-Reward:  4241.0 | Ø-Reward:  2.120 | Places: [1112 (0.56), 277 (0.14), 351 (0.18), 260 (0.13)]
[2025-09-09 11:02:04] Winrate vs v_table     :  18.9% | Σ-Reward:  2458.0 | Ø-Reward:  1.229 | Places: [377 (0.19), 467 (0.23), 393 (0.20), 763 (0.38)]
[2025-09-09 11:02:05] Timing @ep 19000: episode 19.5s | train 0.003s | eval 18.3s | plot 1.1s | save 0.002s | cum 0.34h
[2025-09-09 11:02:05] [Population] Episode 19001: Lineup -> ['random2', 'random2', 'single_only']
[2025-09-09 11:02:05] [Population] Episode 19101: Lineup -> ['random2', 'single_only', 'random2']
[2025-09-09 11:02:06] [Population] Episode 19201: Lineup -> ['single_only', 'single_only', 'single_only']
[2025-09-09 11:02:07] [Population] Episode 19301: Lineup -> ['max_combo', 'single_only', 'random2']
[2025-09-09 11:02:07] [Population] Episode 19401: Lineup -> ['single_only', 'max_combo', 'single_only']
[2025-09-09 11:02:25] 
[2025-09-09 11:02:25] Benchmark @train_ep   19500 (bench_eps: 2000)
[2025-09-09 11:02:25] Macro Winrate          :  35.8%
[2025-09-09 11:02:25] Macro Ø-Reward         :  1.722
[2025-09-09 11:02:25] Winrate vs max_combo   :  31.8% | Σ-Reward:  3319.0 | Ø-Reward:  1.659 | Places: [636 (0.32), 498 (0.25), 415 (0.21), 451 (0.23)]
[2025-09-09 11:02:25] Winrate vs random2     :  33.2% | Σ-Reward:  3585.0 | Ø-Reward:  1.792 | Places: [664 (0.33), 575 (0.29), 443 (0.22), 318 (0.16)]
[2025-09-09 11:02:25] Winrate vs single_only :  59.9% | Σ-Reward:  4411.0 | Ø-Reward:  2.205 | Places: [1197 (0.60), 243 (0.12), 334 (0.17), 226 (0.11)]
[2025-09-09 11:02:25] Winrate vs v_table     :  18.4% | Σ-Reward:  2459.0 | Ø-Reward:  1.230 | Places: [368 (0.18), 478 (0.24), 399 (0.20), 755 (0.38)]
[2025-09-09 11:02:27] Timing @ep 19500: episode 18.7s | train 0.002s | eval 17.4s | plot 1.3s | save 0.001s | cum 0.35h
[2025-09-09 11:02:27] [Population] Episode 19501: Lineup -> ['max_combo', 'max_combo', 'random2']
[2025-09-09 11:02:27] [Population] Episode 19601: Lineup -> ['single_only', 'max_combo', 'single_only']
[2025-09-09 11:02:28] [Population] Episode 19701: Lineup -> ['max_combo', 'max_combo', 'random2']
[2025-09-09 11:02:29] [Population] Episode 19801: Lineup -> ['single_only', 'random2', 'single_only']
[2025-09-09 11:02:29] [Population] Episode 19901: Lineup -> ['single_only', 'random2', 'random2']
[2025-09-09 11:02:49] 
[2025-09-09 11:02:49] Benchmark @train_ep   20000 (bench_eps: 2000)
[2025-09-09 11:02:49] Macro Winrate          :  35.9%
[2025-09-09 11:02:49] Macro Ø-Reward         :  1.698
[2025-09-09 11:02:49] Winrate vs max_combo   :  32.4% | Σ-Reward:  3261.0 | Ø-Reward:  1.631 | Places: [647 (0.32), 439 (0.22), 442 (0.22), 472 (0.24)]
[2025-09-09 11:02:49] Winrate vs random2     :  34.5% | Σ-Reward:  3598.0 | Ø-Reward:  1.799 | Places: [689 (0.34), 548 (0.27), 435 (0.22), 328 (0.16)]
[2025-09-09 11:02:49] Winrate vs single_only :  57.0% | Σ-Reward:  4269.0 | Ø-Reward:  2.135 | Places: [1141 (0.57), 235 (0.12), 376 (0.19), 248 (0.12)]
[2025-09-09 11:02:49] Winrate vs v_table     :  19.6% | Σ-Reward:  2459.0 | Ø-Reward:  1.230 | Places: [393 (0.20), 454 (0.23), 372 (0.19), 781 (0.39)]
[2025-09-09 11:02:50] Timing @ep 20000: episode 19.9s | train 0.003s | eval 18.5s | plot 1.4s | save 0.001s | cum 0.36h
[2025-09-09 11:02:50] Opponent-Usage gespeichert: /home/wasterix/OpenSpiel/open_spiel/President/models/k1a1/model_12/plots/opponent_usage.csv
[2025-09-09 11:02:50] 
[2025-09-09 11:02:50] Gesamtzeit: 0.36h (~ 15.54 eps/s)
[2025-09-09 11:02:50] k1a1, Single Agent vs Population. Training abgeschlossen.
[2025-09-09 11:02:50] Path: /home/wasterix/OpenSpiel/open_spiel/President/models/k1a1/model_12
