[2025-09-03 22:45:35] New Training (k1a1)
[2025-09-03 22:45:35] Deck_Size: 16
[2025-09-03 22:45:35] Episodes: 1000000
[2025-09-03 22:45:35] Path: /home/wasterix/Multiagent/OpenSpiel_neu/open_spiel/President/models/k1a1/model_05
[2025-09-03 22:45:36] [Population] Initiales Lineup: ['v_table', 'v_table', 'v_table']
[2025-09-03 22:48:46] 
[2025-09-03 22:48:46] Benchmark @train_ep   20000 (bench_eps: 5000)
[2025-09-03 22:48:46] Macro Winrate          :  27.9%
[2025-09-03 22:48:46] Macro Ø-Reward         :  1.578
[2025-09-03 22:48:46] Winrate vs max_combo   :  23.8% | Σ-Reward:  7449.0 | Ø-Reward:  1.490 | Places: [1189 (0.24), 1261 (0.25), 1360 (0.27), 1190 (0.24)]
[2025-09-03 22:48:46] Winrate vs random2     :  29.4% | Σ-Reward:  8697.0 | Ø-Reward:  1.739 | Places: [1468 (0.29), 1470 (0.29), 1353 (0.27), 709 (0.14)]
[2025-09-03 22:48:46] Winrate vs single_only :  42.7% | Σ-Reward:  9499.0 | Ø-Reward:  1.900 | Places: [2137 (0.43), 972 (0.19), 1144 (0.23), 747 (0.15)]
[2025-09-03 22:48:46] Winrate vs v_table     :  15.9% | Σ-Reward:  5918.0 | Ø-Reward:  1.184 | Places: [793 (0.16), 1158 (0.23), 1223 (0.24), 1826 (0.37)]
[2025-09-03 22:51:52] 
[2025-09-03 22:51:52] Benchmark @train_ep   40000 (bench_eps: 5000)
[2025-09-03 22:51:52] Macro Winrate          :  34.7%
[2025-09-03 22:51:52] Macro Ø-Reward         :  1.699
[2025-09-03 22:51:52] Winrate vs max_combo   :  30.8% | Σ-Reward:  8069.0 | Ø-Reward:  1.614 | Places: [1542 (0.31), 1166 (0.23), 1111 (0.22), 1181 (0.24)]
[2025-09-03 22:51:52] Winrate vs random2     :  35.8% | Σ-Reward:  9306.0 | Ø-Reward:  1.861 | Places: [1789 (0.36), 1428 (0.29), 1083 (0.22), 700 (0.14)]
[2025-09-03 22:51:52] Winrate vs single_only :  50.4% | Σ-Reward:  10119.0 | Ø-Reward:  2.024 | Places: [2521 (0.50), 797 (0.16), 962 (0.19), 720 (0.14)]
[2025-09-03 22:51:52] Winrate vs v_table     :  21.6% | Σ-Reward:  6479.0 | Ø-Reward:  1.296 | Places: [1079 (0.22), 1073 (0.21), 1096 (0.22), 1752 (0.35)]
[2025-09-03 22:55:00] 
[2025-09-03 22:55:00] Benchmark @train_ep   60000 (bench_eps: 5000)
[2025-09-03 22:55:00] Macro Winrate          :  35.1%
[2025-09-03 22:55:00] Macro Ø-Reward         :  1.735
[2025-09-03 22:55:00] Winrate vs max_combo   :  31.5% | Σ-Reward:  8252.0 | Ø-Reward:  1.650 | Places: [1576 (0.32), 1186 (0.24), 1152 (0.23), 1086 (0.22)]
[2025-09-03 22:55:00] Winrate vs random2     :  34.5% | Σ-Reward:  9307.0 | Ø-Reward:  1.861 | Places: [1725 (0.34), 1509 (0.30), 1114 (0.22), 652 (0.13)]
[2025-09-03 22:55:00] Winrate vs single_only :  53.2% | Σ-Reward:  10464.0 | Ø-Reward:  2.093 | Places: [2660 (0.53), 778 (0.16), 928 (0.19), 634 (0.13)]
[2025-09-03 22:55:00] Winrate vs v_table     :  21.0% | Σ-Reward:  6677.0 | Ø-Reward:  1.335 | Places: [1051 (0.21), 1186 (0.24), 1152 (0.23), 1611 (0.32)]
[2025-09-03 22:58:07] 
[2025-09-03 22:58:07] Benchmark @train_ep   80000 (bench_eps: 5000)
[2025-09-03 22:58:07] Macro Winrate          :  36.5%
[2025-09-03 22:58:07] Macro Ø-Reward         :  1.779
[2025-09-03 22:58:07] Winrate vs max_combo   :  32.5% | Σ-Reward:  8469.0 | Ø-Reward:  1.694 | Places: [1625 (0.33), 1216 (0.24), 1162 (0.23), 997 (0.20)]
[2025-09-03 22:58:07] Winrate vs random2     :  36.6% | Σ-Reward:  9499.0 | Ø-Reward:  1.900 | Places: [1832 (0.37), 1466 (0.29), 1071 (0.21), 631 (0.13)]
[2025-09-03 22:58:07] Winrate vs single_only :  55.8% | Σ-Reward:  10717.0 | Ø-Reward:  2.143 | Places: [2792 (0.56), 709 (0.14), 923 (0.18), 576 (0.12)]
[2025-09-03 22:58:07] Winrate vs v_table     :  21.1% | Σ-Reward:  6894.0 | Ø-Reward:  1.379 | Places: [1056 (0.21), 1252 (0.25), 1222 (0.24), 1470 (0.29)]
[2025-09-03 23:01:13] 
[2025-09-03 23:01:13] Benchmark @train_ep  100000 (bench_eps: 5000)
[2025-09-03 23:01:13] Macro Winrate          :  34.3%
[2025-09-03 23:01:13] Macro Ø-Reward         :  1.712
[2025-09-03 23:01:13] Winrate vs max_combo   :  30.3% | Σ-Reward:  8124.0 | Ø-Reward:  1.625 | Places: [1517 (0.30), 1170 (0.23), 1233 (0.25), 1080 (0.22)]
[2025-09-03 23:01:13] Winrate vs random2     :  35.1% | Σ-Reward:  9314.0 | Ø-Reward:  1.863 | Places: [1755 (0.35), 1448 (0.29), 1153 (0.23), 644 (0.13)]
[2025-09-03 23:01:13] Winrate vs single_only :  51.8% | Σ-Reward:  10241.0 | Ø-Reward:  2.048 | Places: [2588 (0.52), 742 (0.15), 993 (0.20), 677 (0.14)]
[2025-09-03 23:01:13] Winrate vs v_table     :  19.9% | Σ-Reward:  6562.0 | Ø-Reward:  1.312 | Places: [993 (0.20), 1179 (0.24), 1225 (0.24), 1603 (0.32)]
[2025-09-03 23:04:21] 
[2025-09-03 23:04:21] Benchmark @train_ep  120000 (bench_eps: 5000)
[2025-09-03 23:04:21] Macro Winrate          :  35.4%
[2025-09-03 23:04:21] Macro Ø-Reward         :  1.729
[2025-09-03 23:04:21] Winrate vs max_combo   :  31.6% | Σ-Reward:  8264.0 | Ø-Reward:  1.653 | Places: [1578 (0.32), 1165 (0.23), 1200 (0.24), 1057 (0.21)]
[2025-09-03 23:04:21] Winrate vs random2     :  36.5% | Σ-Reward:  9463.0 | Ø-Reward:  1.893 | Places: [1823 (0.36), 1448 (0.29), 1098 (0.22), 631 (0.13)]
[2025-09-03 23:04:21] Winrate vs single_only :  52.7% | Σ-Reward:  10277.0 | Ø-Reward:  2.055 | Places: [2634 (0.53), 671 (0.13), 1033 (0.21), 662 (0.13)]
[2025-09-03 23:04:21] Winrate vs v_table     :  21.0% | Σ-Reward:  6566.0 | Ø-Reward:  1.313 | Places: [1050 (0.21), 1064 (0.21), 1288 (0.26), 1598 (0.32)]
[2025-09-03 23:07:30] 
[2025-09-03 23:07:30] Benchmark @train_ep  140000 (bench_eps: 5000)
[2025-09-03 23:07:30] Macro Winrate          :  35.7%
[2025-09-03 23:07:30] Macro Ø-Reward         :  1.746
[2025-09-03 23:07:30] Winrate vs max_combo   :  31.0% | Σ-Reward:  8307.0 | Ø-Reward:  1.661 | Places: [1551 (0.31), 1189 (0.24), 1276 (0.26), 984 (0.20)]
[2025-09-03 23:07:30] Winrate vs random2     :  36.8% | Σ-Reward:  9519.0 | Ø-Reward:  1.904 | Places: [1839 (0.37), 1424 (0.28), 1154 (0.23), 583 (0.12)]
[2025-09-03 23:07:30] Winrate vs single_only :  52.5% | Σ-Reward:  10294.0 | Ø-Reward:  2.059 | Places: [2627 (0.53), 684 (0.14), 1045 (0.21), 644 (0.13)]
[2025-09-03 23:07:30] Winrate vs v_table     :  22.6% | Σ-Reward:  6804.0 | Ø-Reward:  1.361 | Places: [1131 (0.23), 1138 (0.23), 1135 (0.23), 1596 (0.32)]
[2025-09-03 23:10:41] 
[2025-09-03 23:10:41] Benchmark @train_ep  160000 (bench_eps: 5000)
[2025-09-03 23:10:41] Macro Winrate          :  34.9%
[2025-09-03 23:10:41] Macro Ø-Reward         :  1.735
[2025-09-03 23:10:41] Winrate vs max_combo   :  30.7% | Σ-Reward:  8222.0 | Ø-Reward:  1.644 | Places: [1536 (0.31), 1182 (0.24), 1250 (0.25), 1032 (0.21)]
[2025-09-03 23:10:41] Winrate vs random2     :  36.2% | Σ-Reward:  9506.0 | Ø-Reward:  1.901 | Places: [1808 (0.36), 1501 (0.30), 1080 (0.22), 611 (0.12)]
[2025-09-03 23:10:41] Winrate vs single_only :  50.5% | Σ-Reward:  10263.0 | Ø-Reward:  2.053 | Places: [2527 (0.51), 796 (0.16), 1090 (0.22), 587 (0.12)]
[2025-09-03 23:10:41] Winrate vs v_table     :  22.4% | Σ-Reward:  6709.0 | Ø-Reward:  1.342 | Places: [1119 (0.22), 1115 (0.22), 1122 (0.22), 1644 (0.33)]
[2025-09-03 23:13:49] 
[2025-09-03 23:13:49] Benchmark @train_ep  180000 (bench_eps: 5000)
[2025-09-03 23:13:49] Macro Winrate          :  36.5%
[2025-09-03 23:13:49] Macro Ø-Reward         :  1.753
[2025-09-03 23:13:49] Winrate vs max_combo   :  33.4% | Σ-Reward:  8459.0 | Ø-Reward:  1.692 | Places: [1670 (0.33), 1079 (0.22), 1291 (0.26), 960 (0.19)]
[2025-09-03 23:13:49] Winrate vs random2     :  36.8% | Σ-Reward:  9410.0 | Ø-Reward:  1.882 | Places: [1838 (0.37), 1309 (0.26), 1278 (0.26), 575 (0.12)]
[2025-09-03 23:13:49] Winrate vs single_only :  52.8% | Σ-Reward:  10364.0 | Ø-Reward:  2.073 | Places: [2641 (0.53), 637 (0.13), 1167 (0.23), 555 (0.11)]
[2025-09-03 23:13:49] Winrate vs v_table     :  23.1% | Σ-Reward:  6821.0 | Ø-Reward:  1.364 | Places: [1156 (0.23), 1095 (0.22), 1163 (0.23), 1586 (0.32)]
[2025-09-03 23:16:58] 
[2025-09-03 23:16:58] Benchmark @train_ep  200000 (bench_eps: 5000)
[2025-09-03 23:16:58] Macro Winrate          :  36.4%
[2025-09-03 23:16:58] Macro Ø-Reward         :  1.748
[2025-09-03 23:16:58] Winrate vs max_combo   :  32.2% | Σ-Reward:  8340.0 | Ø-Reward:  1.668 | Places: [1612 (0.32), 1140 (0.23), 1224 (0.24), 1024 (0.20)]
[2025-09-03 23:16:58] Winrate vs random2     :  37.2% | Σ-Reward:  9495.0 | Ø-Reward:  1.899 | Places: [1862 (0.37), 1394 (0.28), 1121 (0.22), 623 (0.12)]
[2025-09-03 23:16:58] Winrate vs single_only :  53.6% | Σ-Reward:  10428.0 | Ø-Reward:  2.086 | Places: [2682 (0.54), 691 (0.14), 1000 (0.20), 627 (0.13)]
[2025-09-03 23:16:58] Winrate vs v_table     :  22.7% | Σ-Reward:  6704.0 | Ø-Reward:  1.341 | Places: [1133 (0.23), 1086 (0.22), 1133 (0.23), 1648 (0.33)]
[2025-09-03 23:20:07] 
[2025-09-03 23:20:07] Benchmark @train_ep  220000 (bench_eps: 5000)
[2025-09-03 23:20:07] Macro Winrate          :  36.9%
[2025-09-03 23:20:07] Macro Ø-Reward         :  1.758
[2025-09-03 23:20:07] Winrate vs max_combo   :  32.5% | Σ-Reward:  8330.0 | Ø-Reward:  1.666 | Places: [1626 (0.33), 1137 (0.23), 1178 (0.24), 1059 (0.21)]
[2025-09-03 23:20:07] Winrate vs random2     :  37.1% | Σ-Reward:  9427.0 | Ø-Reward:  1.885 | Places: [1857 (0.37), 1349 (0.27), 1158 (0.23), 636 (0.13)]
[2025-09-03 23:20:07] Winrate vs single_only :  54.7% | Σ-Reward:  10471.0 | Ø-Reward:  2.094 | Places: [2734 (0.55), 631 (0.13), 1007 (0.20), 628 (0.13)]
[2025-09-03 23:20:07] Winrate vs v_table     :  23.4% | Σ-Reward:  6933.0 | Ø-Reward:  1.387 | Places: [1168 (0.23), 1118 (0.22), 1193 (0.24), 1521 (0.30)]
[2025-09-03 23:23:16] 
[2025-09-03 23:23:16] Benchmark @train_ep  240000 (bench_eps: 5000)
[2025-09-03 23:23:16] Macro Winrate          :  35.2%
[2025-09-03 23:23:16] Macro Ø-Reward         :  1.752
[2025-09-03 23:23:16] Winrate vs max_combo   :  30.4% | Σ-Reward:  8156.0 | Ø-Reward:  1.631 | Places: [1521 (0.30), 1182 (0.24), 1229 (0.25), 1068 (0.21)]
[2025-09-03 23:23:16] Winrate vs random2     :  36.1% | Σ-Reward:  9579.0 | Ø-Reward:  1.916 | Places: [1803 (0.36), 1523 (0.30), 1124 (0.22), 550 (0.11)]
[2025-09-03 23:23:16] Winrate vs single_only :  52.7% | Σ-Reward:  10426.0 | Ø-Reward:  2.085 | Places: [2634 (0.53), 740 (0.15), 1044 (0.21), 582 (0.12)]
[2025-09-03 23:23:16] Winrate vs v_table     :  21.6% | Σ-Reward:  6889.0 | Ø-Reward:  1.378 | Places: [1079 (0.22), 1217 (0.24), 1218 (0.24), 1486 (0.30)]
[2025-09-03 23:26:27] 
[2025-09-03 23:26:27] Benchmark @train_ep  260000 (bench_eps: 5000)
[2025-09-03 23:26:27] Macro Winrate          :  37.3%
[2025-09-03 23:26:27] Macro Ø-Reward         :  1.772
[2025-09-03 23:26:27] Winrate vs max_combo   :  32.7% | Σ-Reward:  8352.0 | Ø-Reward:  1.670 | Places: [1635 (0.33), 1108 (0.22), 1231 (0.25), 1026 (0.21)]
[2025-09-03 23:26:27] Winrate vs random2     :  38.2% | Σ-Reward:  9683.0 | Ø-Reward:  1.937 | Places: [1912 (0.38), 1403 (0.28), 1141 (0.23), 544 (0.11)]
[2025-09-03 23:26:27] Winrate vs single_only :  55.5% | Σ-Reward:  10541.0 | Ø-Reward:  2.108 | Places: [2776 (0.56), 593 (0.12), 1027 (0.21), 604 (0.12)]
[2025-09-03 23:26:27] Winrate vs v_table     :  22.9% | Σ-Reward:  6858.0 | Ø-Reward:  1.372 | Places: [1143 (0.23), 1128 (0.23), 1173 (0.23), 1556 (0.31)]
[2025-09-03 23:29:36] 
[2025-09-03 23:29:36] Benchmark @train_ep  280000 (bench_eps: 5000)
[2025-09-03 23:29:36] Macro Winrate          :  37.8%
[2025-09-03 23:29:36] Macro Ø-Reward         :  1.779
[2025-09-03 23:29:36] Winrate vs max_combo   :  33.2% | Σ-Reward:  8436.0 | Ø-Reward:  1.687 | Places: [1662 (0.33), 1127 (0.23), 1196 (0.24), 1015 (0.20)]
[2025-09-03 23:29:36] Winrate vs random2     :  35.8% | Σ-Reward:  9358.0 | Ø-Reward:  1.872 | Places: [1792 (0.36), 1424 (0.28), 1134 (0.23), 650 (0.13)]
[2025-09-03 23:29:36] Winrate vs single_only :  58.0% | Σ-Reward:  10818.0 | Ø-Reward:  2.164 | Places: [2898 (0.58), 610 (0.12), 904 (0.18), 588 (0.12)]
[2025-09-03 23:29:36] Winrate vs v_table     :  24.2% | Σ-Reward:  6971.0 | Ø-Reward:  1.394 | Places: [1211 (0.24), 1103 (0.22), 1132 (0.23), 1554 (0.31)]
[2025-09-03 23:32:44] 
[2025-09-03 23:32:44] Benchmark @train_ep  300000 (bench_eps: 5000)
[2025-09-03 23:32:44] Macro Winrate          :  34.7%
[2025-09-03 23:32:44] Macro Ø-Reward         :  1.741
[2025-09-03 23:32:44] Winrate vs max_combo   :  30.3% | Σ-Reward:  8122.0 | Ø-Reward:  1.624 | Places: [1517 (0.30), 1199 (0.24), 1173 (0.23), 1111 (0.22)]
[2025-09-03 23:32:44] Winrate vs random2     :  35.6% | Σ-Reward:  9530.0 | Ø-Reward:  1.906 | Places: [1778 (0.36), 1528 (0.31), 1140 (0.23), 554 (0.11)]
[2025-09-03 23:32:44] Winrate vs single_only :  51.6% | Σ-Reward:  10351.0 | Ø-Reward:  2.070 | Places: [2580 (0.52), 815 (0.16), 981 (0.20), 624 (0.12)]
[2025-09-03 23:32:44] Winrate vs v_table     :  21.2% | Σ-Reward:  6812.0 | Ø-Reward:  1.362 | Places: [1061 (0.21), 1213 (0.24), 1203 (0.24), 1523 (0.30)]
[2025-09-03 23:35:54] 
[2025-09-03 23:35:54] Benchmark @train_ep  320000 (bench_eps: 5000)
[2025-09-03 23:35:54] Macro Winrate          :  37.5%
[2025-09-03 23:35:54] Macro Ø-Reward         :  1.775
[2025-09-03 23:35:54] Winrate vs max_combo   :  32.7% | Σ-Reward:  8413.0 | Ø-Reward:  1.683 | Places: [1635 (0.33), 1154 (0.23), 1200 (0.24), 1011 (0.20)]
[2025-09-03 23:35:54] Winrate vs random2     :  37.2% | Σ-Reward:  9498.0 | Ø-Reward:  1.900 | Places: [1861 (0.37), 1395 (0.28), 1125 (0.23), 619 (0.12)]
[2025-09-03 23:35:54] Winrate vs single_only :  56.8% | Σ-Reward:  10707.0 | Ø-Reward:  2.141 | Places: [2838 (0.57), 628 (0.13), 937 (0.19), 597 (0.12)]
[2025-09-03 23:35:54] Winrate vs v_table     :  23.2% | Σ-Reward:  6874.0 | Ø-Reward:  1.375 | Places: [1161 (0.23), 1125 (0.23), 1141 (0.23), 1573 (0.31)]
[2025-09-03 23:39:03] 
[2025-09-03 23:39:03] Benchmark @train_ep  340000 (bench_eps: 5000)
[2025-09-03 23:39:03] Macro Winrate          :  36.4%
[2025-09-03 23:39:03] Macro Ø-Reward         :  1.743
[2025-09-03 23:39:03] Winrate vs max_combo   :  31.2% | Σ-Reward:  8104.0 | Ø-Reward:  1.621 | Places: [1560 (0.31), 1119 (0.22), 1186 (0.24), 1135 (0.23)]
[2025-09-03 23:39:03] Winrate vs random2     :  36.0% | Σ-Reward:  9299.0 | Ø-Reward:  1.860 | Places: [1800 (0.36), 1342 (0.27), 1215 (0.24), 643 (0.13)]
[2025-09-03 23:39:03] Winrate vs single_only :  55.9% | Σ-Reward:  10517.0 | Ø-Reward:  2.103 | Places: [2796 (0.56), 562 (0.11), 1005 (0.20), 637 (0.13)]
[2025-09-03 23:39:03] Winrate vs v_table     :  22.5% | Σ-Reward:  6946.0 | Ø-Reward:  1.389 | Places: [1124 (0.22), 1198 (0.24), 1178 (0.24), 1500 (0.30)]
[2025-09-03 23:42:14] 
[2025-09-03 23:42:14] Benchmark @train_ep  360000 (bench_eps: 5000)
[2025-09-03 23:42:14] Macro Winrate          :  37.4%
[2025-09-03 23:42:14] Macro Ø-Reward         :  1.770
[2025-09-03 23:42:14] Winrate vs max_combo   :  32.9% | Σ-Reward:  8350.0 | Ø-Reward:  1.670 | Places: [1645 (0.33), 1172 (0.23), 1071 (0.21), 1112 (0.22)]
[2025-09-03 23:42:14] Winrate vs random2     :  36.5% | Σ-Reward:  9398.0 | Ø-Reward:  1.880 | Places: [1826 (0.37), 1408 (0.28), 1104 (0.22), 662 (0.13)]
[2025-09-03 23:42:14] Winrate vs single_only :  55.7% | Σ-Reward:  10609.0 | Ø-Reward:  2.122 | Places: [2787 (0.56), 661 (0.13), 926 (0.19), 626 (0.13)]
[2025-09-03 23:42:14] Winrate vs v_table     :  24.5% | Σ-Reward:  7047.0 | Ø-Reward:  1.409 | Places: [1225 (0.24), 1150 (0.23), 1072 (0.21), 1553 (0.31)]
[2025-09-03 23:45:23] 
[2025-09-03 23:45:23] Benchmark @train_ep  380000 (bench_eps: 5000)
[2025-09-03 23:45:23] Macro Winrate          :  36.9%
[2025-09-03 23:45:23] Macro Ø-Reward         :  1.796
[2025-09-03 23:45:23] Winrate vs max_combo   :  30.8% | Σ-Reward:  8360.0 | Ø-Reward:  1.672 | Places: [1539 (0.31), 1277 (0.26), 1189 (0.24), 995 (0.20)]
[2025-09-03 23:45:23] Winrate vs random2     :  37.3% | Σ-Reward:  9653.0 | Ø-Reward:  1.931 | Places: [1866 (0.37), 1462 (0.29), 1131 (0.23), 541 (0.11)]
[2025-09-03 23:45:23] Winrate vs single_only :  56.9% | Σ-Reward:  10938.0 | Ø-Reward:  2.188 | Places: [2847 (0.57), 719 (0.14), 959 (0.19), 475 (0.10)]
[2025-09-03 23:45:23] Winrate vs v_table     :  22.7% | Σ-Reward:  6976.0 | Ø-Reward:  1.395 | Places: [1137 (0.23), 1169 (0.23), 1227 (0.25), 1467 (0.29)]
[2025-09-03 23:48:32] 
[2025-09-03 23:48:32] Benchmark @train_ep  400000 (bench_eps: 5000)
[2025-09-03 23:48:32] Macro Winrate          :  38.1%
[2025-09-03 23:48:32] Macro Ø-Reward         :  1.798
[2025-09-03 23:48:32] Winrate vs max_combo   :  33.6% | Σ-Reward:  8482.0 | Ø-Reward:  1.696 | Places: [1682 (0.34), 1125 (0.23), 1186 (0.24), 1007 (0.20)]
[2025-09-03 23:48:32] Winrate vs random2     :  37.5% | Σ-Reward:  9553.0 | Ø-Reward:  1.911 | Places: [1874 (0.37), 1409 (0.28), 1113 (0.22), 604 (0.12)]
[2025-09-03 23:48:32] Winrate vs single_only :  57.1% | Σ-Reward:  10833.0 | Ø-Reward:  2.167 | Places: [2854 (0.57), 652 (0.13), 967 (0.19), 527 (0.11)]
[2025-09-03 23:48:32] Winrate vs v_table     :  24.2% | Σ-Reward:  7090.0 | Ø-Reward:  1.418 | Places: [1210 (0.24), 1116 (0.22), 1228 (0.25), 1446 (0.29)]
[2025-09-03 23:51:39] 
[2025-09-03 23:51:39] Benchmark @train_ep  420000 (bench_eps: 5000)
[2025-09-03 23:51:39] Macro Winrate          :  37.6%
[2025-09-03 23:51:39] Macro Ø-Reward         :  1.772
[2025-09-03 23:51:39] Winrate vs max_combo   :  32.4% | Σ-Reward:  8319.0 | Ø-Reward:  1.664 | Places: [1620 (0.32), 1178 (0.24), 1103 (0.22), 1099 (0.22)]
[2025-09-03 23:51:39] Winrate vs random2     :  37.3% | Σ-Reward:  9496.0 | Ø-Reward:  1.899 | Places: [1867 (0.37), 1418 (0.28), 1059 (0.21), 656 (0.13)]
[2025-09-03 23:51:39] Winrate vs single_only :  57.5% | Σ-Reward:  10771.0 | Ø-Reward:  2.154 | Places: [2874 (0.57), 616 (0.12), 917 (0.18), 593 (0.12)]
[2025-09-03 23:51:39] Winrate vs v_table     :  23.3% | Σ-Reward:  6852.0 | Ø-Reward:  1.370 | Places: [1167 (0.23), 1087 (0.22), 1177 (0.24), 1569 (0.31)]
[2025-09-03 23:54:48] 
[2025-09-03 23:54:48] Benchmark @train_ep  440000 (bench_eps: 5000)
[2025-09-03 23:54:48] Macro Winrate          :  36.8%
[2025-09-03 23:54:48] Macro Ø-Reward         :  1.754
[2025-09-03 23:54:48] Winrate vs max_combo   :  32.4% | Σ-Reward:  8204.0 | Ø-Reward:  1.641 | Places: [1620 (0.32), 1114 (0.22), 1116 (0.22), 1150 (0.23)]
[2025-09-03 23:54:48] Winrate vs random2     :  36.4% | Σ-Reward:  9403.0 | Ø-Reward:  1.881 | Places: [1818 (0.36), 1410 (0.28), 1129 (0.23), 643 (0.13)]
[2025-09-03 23:54:48] Winrate vs single_only :  55.1% | Σ-Reward:  10527.0 | Ø-Reward:  2.105 | Places: [2756 (0.55), 658 (0.13), 943 (0.19), 643 (0.13)]
[2025-09-03 23:54:48] Winrate vs v_table     :  23.3% | Σ-Reward:  6936.0 | Ø-Reward:  1.387 | Places: [1167 (0.23), 1124 (0.22), 1187 (0.24), 1522 (0.30)]
[2025-09-03 23:57:59] 
[2025-09-03 23:57:59] Benchmark @train_ep  460000 (bench_eps: 5000)
[2025-09-03 23:57:59] Macro Winrate          :  36.9%
[2025-09-03 23:57:59] Macro Ø-Reward         :  1.775
[2025-09-03 23:57:59] Winrate vs max_combo   :  32.3% | Σ-Reward:  8423.0 | Ø-Reward:  1.685 | Places: [1615 (0.32), 1203 (0.24), 1172 (0.23), 1010 (0.20)]
[2025-09-03 23:57:59] Winrate vs random2     :  37.3% | Σ-Reward:  9564.0 | Ø-Reward:  1.913 | Places: [1867 (0.37), 1425 (0.28), 1113 (0.22), 595 (0.12)]
[2025-09-03 23:57:59] Winrate vs single_only :  55.3% | Σ-Reward:  10657.0 | Ø-Reward:  2.131 | Places: [2765 (0.55), 673 (0.13), 1016 (0.20), 546 (0.11)]
[2025-09-03 23:57:59] Winrate vs v_table     :  22.5% | Σ-Reward:  6859.0 | Ø-Reward:  1.372 | Places: [1126 (0.23), 1151 (0.23), 1179 (0.24), 1544 (0.31)]
[2025-09-04 00:01:08] 
[2025-09-04 00:01:08] Benchmark @train_ep  480000 (bench_eps: 5000)
[2025-09-04 00:01:08] Macro Winrate          :  35.9%
[2025-09-04 00:01:08] Macro Ø-Reward         :  1.753
[2025-09-04 00:01:08] Winrate vs max_combo   :  31.3% | Σ-Reward:  8274.0 | Ø-Reward:  1.655 | Places: [1565 (0.31), 1185 (0.24), 1209 (0.24), 1041 (0.21)]
[2025-09-04 00:01:08] Winrate vs random2     :  36.4% | Σ-Reward:  9423.0 | Ø-Reward:  1.885 | Places: [1820 (0.36), 1409 (0.28), 1145 (0.23), 626 (0.13)]
[2025-09-04 00:01:08] Winrate vs single_only :  53.1% | Σ-Reward:  10426.0 | Ø-Reward:  2.085 | Places: [2656 (0.53), 711 (0.14), 1036 (0.21), 597 (0.12)]
[2025-09-04 00:01:08] Winrate vs v_table     :  22.8% | Σ-Reward:  6937.0 | Ø-Reward:  1.387 | Places: [1142 (0.23), 1153 (0.23), 1205 (0.24), 1500 (0.30)]
[2025-09-04 00:04:18] 
[2025-09-04 00:04:18] Benchmark @train_ep  500000 (bench_eps: 5000)
[2025-09-04 00:04:18] Macro Winrate          :  35.3%
[2025-09-04 00:04:18] Macro Ø-Reward         :  1.733
[2025-09-04 00:04:18] Winrate vs max_combo   :  30.5% | Σ-Reward:  8196.0 | Ø-Reward:  1.639 | Places: [1526 (0.31), 1208 (0.24), 1202 (0.24), 1064 (0.21)]
[2025-09-04 00:04:18] Winrate vs random2     :  35.6% | Σ-Reward:  9309.0 | Ø-Reward:  1.862 | Places: [1779 (0.36), 1431 (0.29), 1110 (0.22), 680 (0.14)]
[2025-09-04 00:04:18] Winrate vs single_only :  51.8% | Σ-Reward:  10211.0 | Ø-Reward:  2.042 | Places: [2589 (0.52), 699 (0.14), 1046 (0.21), 666 (0.13)]
[2025-09-04 00:04:18] Winrate vs v_table     :  23.2% | Σ-Reward:  6950.0 | Ø-Reward:  1.390 | Places: [1158 (0.23), 1151 (0.23), 1174 (0.23), 1517 (0.30)]
[2025-09-04 00:07:27] 
[2025-09-04 00:07:27] Benchmark @train_ep  520000 (bench_eps: 5000)
[2025-09-04 00:07:27] Macro Winrate          :  34.2%
[2025-09-04 00:07:27] Macro Ø-Reward         :  1.720
[2025-09-04 00:07:27] Winrate vs max_combo   :  30.8% | Σ-Reward:  8235.0 | Ø-Reward:  1.647 | Places: [1539 (0.31), 1179 (0.24), 1260 (0.25), 1022 (0.20)]
[2025-09-04 00:07:27] Winrate vs random2     :  35.5% | Σ-Reward:  9288.0 | Ø-Reward:  1.858 | Places: [1775 (0.35), 1400 (0.28), 1163 (0.23), 662 (0.13)]
[2025-09-04 00:07:27] Winrate vs single_only :  48.8% | Σ-Reward:  10103.0 | Ø-Reward:  2.021 | Places: [2438 (0.49), 860 (0.17), 1069 (0.21), 633 (0.13)]
[2025-09-04 00:07:27] Winrate vs v_table     :  21.6% | Σ-Reward:  6779.0 | Ø-Reward:  1.356 | Places: [1082 (0.22), 1128 (0.23), 1277 (0.26), 1513 (0.30)]
[2025-09-04 00:10:36] 
[2025-09-04 00:10:36] Benchmark @train_ep  540000 (bench_eps: 5000)
[2025-09-04 00:10:36] Macro Winrate          :  36.2%
[2025-09-04 00:10:36] Macro Ø-Reward         :  1.735
[2025-09-04 00:10:36] Winrate vs max_combo   :  32.2% | Σ-Reward:  8323.0 | Ø-Reward:  1.665 | Places: [1608 (0.32), 1156 (0.23), 1187 (0.24), 1049 (0.21)]
[2025-09-04 00:10:36] Winrate vs random2     :  36.3% | Σ-Reward:  9200.0 | Ø-Reward:  1.840 | Places: [1813 (0.36), 1304 (0.26), 1153 (0.23), 730 (0.15)]
[2025-09-04 00:10:36] Winrate vs single_only :  54.3% | Σ-Reward:  10391.0 | Ø-Reward:  2.078 | Places: [2717 (0.54), 605 (0.12), 1030 (0.21), 648 (0.13)]
[2025-09-04 00:10:36] Winrate vs v_table     :  22.2% | Σ-Reward:  6787.0 | Ø-Reward:  1.357 | Places: [1109 (0.22), 1173 (0.23), 1114 (0.22), 1604 (0.32)]
[2025-09-04 00:13:47] 
[2025-09-04 00:13:47] Benchmark @train_ep  560000 (bench_eps: 5000)
[2025-09-04 00:13:47] Macro Winrate          :  35.6%
[2025-09-04 00:13:47] Macro Ø-Reward         :  1.702
[2025-09-04 00:13:47] Winrate vs max_combo   :  31.6% | Σ-Reward:  7984.0 | Ø-Reward:  1.597 | Places: [1581 (0.32), 1039 (0.21), 1163 (0.23), 1217 (0.24)]
[2025-09-04 00:13:47] Winrate vs random2     :  35.5% | Σ-Reward:  9078.0 | Ø-Reward:  1.816 | Places: [1777 (0.36), 1341 (0.27), 1065 (0.21), 817 (0.16)]
[2025-09-04 00:13:47] Winrate vs single_only :  53.8% | Σ-Reward:  10306.0 | Ø-Reward:  2.061 | Places: [2688 (0.54), 667 (0.13), 908 (0.18), 737 (0.15)]
[2025-09-04 00:13:47] Winrate vs v_table     :  21.5% | Σ-Reward:  6679.0 | Ø-Reward:  1.336 | Places: [1074 (0.21), 1161 (0.23), 1135 (0.23), 1630 (0.33)]
[2025-09-04 00:17:06] 
[2025-09-04 00:17:06] Benchmark @train_ep  580000 (bench_eps: 5000)
[2025-09-04 00:17:06] Macro Winrate          :  34.4%
[2025-09-04 00:17:06] Macro Ø-Reward         :  1.718
[2025-09-04 00:17:06] Winrate vs max_combo   :  30.8% | Σ-Reward:  8097.0 | Ø-Reward:  1.619 | Places: [1542 (0.31), 1137 (0.23), 1197 (0.24), 1124 (0.22)]
[2025-09-04 00:17:06] Winrate vs random2     :  36.5% | Σ-Reward:  9374.0 | Ø-Reward:  1.875 | Places: [1823 (0.36), 1376 (0.28), 1153 (0.23), 648 (0.13)]
[2025-09-04 00:17:06] Winrate vs single_only :  50.4% | Σ-Reward:  10218.0 | Ø-Reward:  2.044 | Places: [2521 (0.50), 784 (0.16), 1087 (0.22), 608 (0.12)]
[2025-09-04 00:17:06] Winrate vs v_table     :  19.9% | Σ-Reward:  6673.0 | Ø-Reward:  1.335 | Places: [995 (0.20), 1210 (0.24), 1268 (0.25), 1527 (0.31)]
[2025-09-04 00:20:16] 
[2025-09-04 00:20:16] Benchmark @train_ep  600000 (bench_eps: 5000)
[2025-09-04 00:20:16] Macro Winrate          :  31.3%
[2025-09-04 00:20:16] Macro Ø-Reward         :  1.668
[2025-09-04 00:20:16] Winrate vs max_combo   :  27.7% | Σ-Reward:  7962.0 | Ø-Reward:  1.592 | Places: [1384 (0.28), 1276 (0.26), 1258 (0.25), 1082 (0.22)]
[2025-09-04 00:20:16] Winrate vs random2     :  32.5% | Σ-Reward:  9030.0 | Ø-Reward:  1.806 | Places: [1627 (0.33), 1480 (0.30), 1189 (0.24), 704 (0.14)]
[2025-09-04 00:20:16] Winrate vs single_only :  45.9% | Σ-Reward:  9777.0 | Ø-Reward:  1.955 | Places: [2295 (0.46), 882 (0.18), 1128 (0.23), 695 (0.14)]
[2025-09-04 00:20:16] Winrate vs v_table     :  19.1% | Σ-Reward:  6584.0 | Ø-Reward:  1.317 | Places: [953 (0.19), 1218 (0.24), 1289 (0.26), 1540 (0.31)]
[2025-09-04 00:23:27] 
[2025-09-04 00:23:27] Benchmark @train_ep  620000 (bench_eps: 5000)
[2025-09-04 00:23:27] Macro Winrate          :  33.6%
[2025-09-04 00:23:27] Macro Ø-Reward         :  1.694
[2025-09-04 00:23:27] Winrate vs max_combo   :  29.6% | Σ-Reward:  7988.0 | Ø-Reward:  1.598 | Places: [1481 (0.30), 1148 (0.23), 1249 (0.25), 1122 (0.22)]
[2025-09-04 00:23:27] Winrate vs random2     :  34.2% | Σ-Reward:  9160.0 | Ø-Reward:  1.832 | Places: [1708 (0.34), 1414 (0.28), 1208 (0.24), 670 (0.13)]
[2025-09-04 00:23:27] Winrate vs single_only :  51.1% | Σ-Reward:  10165.0 | Ø-Reward:  2.033 | Places: [2554 (0.51), 733 (0.15), 1037 (0.21), 676 (0.14)]
[2025-09-04 00:23:27] Winrate vs v_table     :  19.6% | Σ-Reward:  6566.0 | Ø-Reward:  1.313 | Places: [981 (0.20), 1197 (0.24), 1229 (0.25), 1593 (0.32)]
[2025-09-04 00:26:37] 
[2025-09-04 00:26:37] Benchmark @train_ep  640000 (bench_eps: 5000)
[2025-09-04 00:26:37] Macro Winrate          :  36.7%
[2025-09-04 00:26:37] Macro Ø-Reward         :  1.789
[2025-09-04 00:26:37] Winrate vs max_combo   :  32.2% | Σ-Reward:  8472.0 | Ø-Reward:  1.694 | Places: [1611 (0.32), 1252 (0.25), 1135 (0.23), 1002 (0.20)]
[2025-09-04 00:26:37] Winrate vs random2     :  38.4% | Σ-Reward:  9678.0 | Ø-Reward:  1.936 | Places: [1918 (0.38), 1446 (0.29), 1032 (0.21), 604 (0.12)]
[2025-09-04 00:26:37] Winrate vs single_only :  54.7% | Σ-Reward:  10679.0 | Ø-Reward:  2.136 | Places: [2733 (0.55), 770 (0.15), 940 (0.19), 557 (0.11)]
[2025-09-04 00:26:37] Winrate vs v_table     :  21.7% | Σ-Reward:  6952.0 | Ø-Reward:  1.390 | Places: [1085 (0.22), 1213 (0.24), 1271 (0.25), 1431 (0.29)]
[2025-09-04 00:29:49] 
[2025-09-04 00:29:49] Benchmark @train_ep  660000 (bench_eps: 5000)
[2025-09-04 00:29:49] Macro Winrate          :  34.0%
[2025-09-04 00:29:49] Macro Ø-Reward         :  1.711
[2025-09-04 00:29:49] Winrate vs max_combo   :  31.3% | Σ-Reward:  8233.0 | Ø-Reward:  1.647 | Places: [1563 (0.31), 1166 (0.23), 1212 (0.24), 1059 (0.21)]
[2025-09-04 00:29:49] Winrate vs random2     :  34.3% | Σ-Reward:  9202.0 | Ø-Reward:  1.840 | Places: [1714 (0.34), 1449 (0.29), 1162 (0.23), 675 (0.14)]
[2025-09-04 00:29:49] Winrate vs single_only :  50.3% | Σ-Reward:  10133.0 | Ø-Reward:  2.027 | Places: [2514 (0.50), 790 (0.16), 1011 (0.20), 685 (0.14)]
[2025-09-04 00:29:49] Winrate vs v_table     :  20.2% | Σ-Reward:  6647.0 | Ø-Reward:  1.329 | Places: [1009 (0.20), 1197 (0.24), 1226 (0.25), 1568 (0.31)]
[2025-09-04 00:32:59] 
[2025-09-04 00:32:59] Benchmark @train_ep  680000 (bench_eps: 5000)
[2025-09-04 00:32:59] Macro Winrate          :  36.6%
[2025-09-04 00:32:59] Macro Ø-Reward         :  1.762
[2025-09-04 00:32:59] Winrate vs max_combo   :  32.8% | Σ-Reward:  8380.0 | Ø-Reward:  1.676 | Places: [1640 (0.33), 1163 (0.23), 1134 (0.23), 1063 (0.21)]
[2025-09-04 00:32:59] Winrate vs random2     :  36.3% | Σ-Reward:  9413.0 | Ø-Reward:  1.883 | Places: [1813 (0.36), 1423 (0.28), 1128 (0.23), 636 (0.13)]
[2025-09-04 00:32:59] Winrate vs single_only :  54.5% | Σ-Reward:  10490.0 | Ø-Reward:  2.098 | Places: [2727 (0.55), 700 (0.14), 909 (0.18), 664 (0.13)]
[2025-09-04 00:32:59] Winrate vs v_table     :  22.8% | Σ-Reward:  6960.0 | Ø-Reward:  1.392 | Places: [1140 (0.23), 1176 (0.24), 1188 (0.24), 1496 (0.30)]
[2025-09-04 00:36:08] 
[2025-09-04 00:36:08] Benchmark @train_ep  700000 (bench_eps: 5000)
[2025-09-04 00:36:08] Macro Winrate          :  36.3%
[2025-09-04 00:36:08] Macro Ø-Reward         :  1.732
[2025-09-04 00:36:08] Winrate vs max_combo   :  32.6% | Σ-Reward:  8296.0 | Ø-Reward:  1.659 | Places: [1630 (0.33), 1133 (0.23), 1140 (0.23), 1097 (0.22)]
[2025-09-04 00:36:08] Winrate vs random2     :  36.1% | Σ-Reward:  9186.0 | Ø-Reward:  1.837 | Places: [1803 (0.36), 1326 (0.27), 1125 (0.23), 746 (0.15)]
[2025-09-04 00:36:08] Winrate vs single_only :  56.2% | Σ-Reward:  10628.0 | Ø-Reward:  2.126 | Places: [2811 (0.56), 661 (0.13), 873 (0.17), 655 (0.13)]
[2025-09-04 00:36:08] Winrate vs v_table     :  20.2% | Σ-Reward:  6526.0 | Ø-Reward:  1.305 | Places: [1009 (0.20), 1161 (0.23), 1177 (0.24), 1653 (0.33)]
[2025-09-04 00:39:18] 
[2025-09-04 00:39:18] Benchmark @train_ep  720000 (bench_eps: 5000)
[2025-09-04 00:39:18] Macro Winrate          :  34.4%
[2025-09-04 00:39:18] Macro Ø-Reward         :  1.712
[2025-09-04 00:39:18] Winrate vs max_combo   :  31.5% | Σ-Reward:  8201.0 | Ø-Reward:  1.640 | Places: [1575 (0.32), 1152 (0.23), 1172 (0.23), 1101 (0.22)]
[2025-09-04 00:39:18] Winrate vs random2     :  33.8% | Σ-Reward:  9106.0 | Ø-Reward:  1.821 | Places: [1688 (0.34), 1432 (0.29), 1178 (0.24), 702 (0.14)]
[2025-09-04 00:39:18] Winrate vs single_only :  50.8% | Σ-Reward:  10173.0 | Ø-Reward:  2.035 | Places: [2542 (0.51), 754 (0.15), 1039 (0.21), 665 (0.13)]
[2025-09-04 00:39:18] Winrate vs v_table     :  21.6% | Σ-Reward:  6754.0 | Ø-Reward:  1.351 | Places: [1081 (0.22), 1148 (0.23), 1215 (0.24), 1556 (0.31)]
[2025-09-04 00:42:29] 
[2025-09-04 00:42:29] Benchmark @train_ep  740000 (bench_eps: 5000)
[2025-09-04 00:42:29] Macro Winrate          :  35.1%
[2025-09-04 00:42:29] Macro Ø-Reward         :  1.730
[2025-09-04 00:42:29] Winrate vs max_combo   :  31.5% | Σ-Reward:  8293.0 | Ø-Reward:  1.659 | Places: [1573 (0.31), 1194 (0.24), 1186 (0.24), 1047 (0.21)]
[2025-09-04 00:42:29] Winrate vs random2     :  35.8% | Σ-Reward:  9328.0 | Ø-Reward:  1.866 | Places: [1788 (0.36), 1399 (0.28), 1166 (0.23), 647 (0.13)]
[2025-09-04 00:42:29] Winrate vs single_only :  52.0% | Σ-Reward:  10219.0 | Ø-Reward:  2.044 | Places: [2601 (0.52), 724 (0.14), 968 (0.19), 707 (0.14)]
[2025-09-04 00:42:29] Winrate vs v_table     :  21.0% | Σ-Reward:  6751.0 | Ø-Reward:  1.350 | Places: [1048 (0.21), 1183 (0.24), 1241 (0.25), 1528 (0.31)]
[2025-09-04 00:45:39] 
[2025-09-04 00:45:39] Benchmark @train_ep  760000 (bench_eps: 5000)
[2025-09-04 00:45:39] Macro Winrate          :  34.7%
[2025-09-04 00:45:39] Macro Ø-Reward         :  1.693
[2025-09-04 00:45:39] Winrate vs max_combo   :  30.0% | Σ-Reward:  7831.0 | Ø-Reward:  1.566 | Places: [1499 (0.30), 1110 (0.22), 1114 (0.22), 1277 (0.26)]
[2025-09-04 00:45:39] Winrate vs random2     :  35.2% | Σ-Reward:  9091.0 | Ø-Reward:  1.818 | Places: [1759 (0.35), 1342 (0.27), 1130 (0.23), 769 (0.15)]
[2025-09-04 00:45:39] Winrate vs single_only :  52.0% | Σ-Reward:  10174.0 | Ø-Reward:  2.035 | Places: [2599 (0.52), 694 (0.14), 989 (0.20), 718 (0.14)]
[2025-09-04 00:45:39] Winrate vs v_table     :  21.7% | Σ-Reward:  6768.0 | Ø-Reward:  1.354 | Places: [1084 (0.22), 1205 (0.24), 1106 (0.22), 1605 (0.32)]
[2025-09-04 00:48:49] 
[2025-09-04 00:48:49] Benchmark @train_ep  780000 (bench_eps: 5000)
[2025-09-04 00:48:49] Macro Winrate          :  34.3%
[2025-09-04 00:48:49] Macro Ø-Reward         :  1.721
[2025-09-04 00:48:49] Winrate vs max_combo   :  30.7% | Σ-Reward:  8210.0 | Ø-Reward:  1.642 | Places: [1533 (0.31), 1215 (0.24), 1181 (0.24), 1071 (0.21)]
[2025-09-04 00:48:49] Winrate vs random2     :  34.2% | Σ-Reward:  9147.0 | Ø-Reward:  1.829 | Places: [1708 (0.34), 1398 (0.28), 1227 (0.25), 667 (0.13)]
[2025-09-04 00:48:49] Winrate vs single_only :  51.6% | Σ-Reward:  10377.0 | Ø-Reward:  2.075 | Places: [2580 (0.52), 807 (0.16), 1023 (0.20), 590 (0.12)]
[2025-09-04 00:48:49] Winrate vs v_table     :  20.7% | Σ-Reward:  6693.0 | Ø-Reward:  1.339 | Places: [1035 (0.21), 1194 (0.24), 1200 (0.24), 1571 (0.31)]
[2025-09-04 00:51:58] 
[2025-09-04 00:51:58] Benchmark @train_ep  800000 (bench_eps: 5000)
[2025-09-04 00:51:58] Macro Winrate          :  36.4%
[2025-09-04 00:51:58] Macro Ø-Reward         :  1.771
[2025-09-04 00:51:58] Winrate vs max_combo   :  31.7% | Σ-Reward:  8384.0 | Ø-Reward:  1.677 | Places: [1586 (0.32), 1196 (0.24), 1234 (0.25), 984 (0.20)]
[2025-09-04 00:51:58] Winrate vs random2     :  38.0% | Σ-Reward:  9569.0 | Ø-Reward:  1.914 | Places: [1899 (0.38), 1363 (0.27), 1146 (0.23), 592 (0.12)]
[2025-09-04 00:51:58] Winrate vs single_only :  53.4% | Σ-Reward:  10519.0 | Ø-Reward:  2.104 | Places: [2672 (0.53), 754 (0.15), 995 (0.20), 579 (0.12)]
[2025-09-04 00:51:58] Winrate vs v_table     :  22.6% | Σ-Reward:  6948.0 | Ø-Reward:  1.390 | Places: [1128 (0.23), 1141 (0.23), 1282 (0.26), 1449 (0.29)]
[2025-09-04 00:55:08] 
[2025-09-04 00:55:08] Benchmark @train_ep  820000 (bench_eps: 5000)
[2025-09-04 00:55:08] Macro Winrate          :  36.0%
[2025-09-04 00:55:08] Macro Ø-Reward         :  1.728
[2025-09-04 00:55:08] Winrate vs max_combo   :  32.1% | Σ-Reward:  8214.0 | Ø-Reward:  1.643 | Places: [1606 (0.32), 1107 (0.22), 1182 (0.24), 1105 (0.22)]
[2025-09-04 00:55:08] Winrate vs random2     :  35.9% | Σ-Reward:  9169.0 | Ø-Reward:  1.834 | Places: [1797 (0.36), 1324 (0.26), 1130 (0.23), 749 (0.15)]
[2025-09-04 00:55:08] Winrate vs single_only :  52.3% | Σ-Reward:  10143.0 | Ø-Reward:  2.029 | Places: [2617 (0.52), 646 (0.13), 1000 (0.20), 737 (0.15)]
[2025-09-04 00:55:08] Winrate vs v_table     :  23.8% | Σ-Reward:  7035.0 | Ø-Reward:  1.407 | Places: [1189 (0.24), 1150 (0.23), 1168 (0.23), 1493 (0.30)]
[2025-09-04 00:58:18] 
[2025-09-04 00:58:18] Benchmark @train_ep  840000 (bench_eps: 5000)
[2025-09-04 00:58:18] Macro Winrate          :  37.8%
[2025-09-04 00:58:18] Macro Ø-Reward         :  1.783
[2025-09-04 00:58:18] Winrate vs max_combo   :  33.7% | Σ-Reward:  8475.0 | Ø-Reward:  1.695 | Places: [1685 (0.34), 1165 (0.23), 1090 (0.22), 1060 (0.21)]
[2025-09-04 00:58:18] Winrate vs random2     :  38.1% | Σ-Reward:  9441.0 | Ø-Reward:  1.888 | Places: [1907 (0.38), 1303 (0.26), 1114 (0.22), 676 (0.14)]
[2025-09-04 00:58:18] Winrate vs single_only :  56.5% | Σ-Reward:  10701.0 | Ø-Reward:  2.140 | Places: [2825 (0.56), 660 (0.13), 906 (0.18), 609 (0.12)]
[2025-09-04 00:58:18] Winrate vs v_table     :  22.9% | Σ-Reward:  7036.0 | Ø-Reward:  1.407 | Places: [1145 (0.23), 1205 (0.24), 1191 (0.24), 1459 (0.29)]
[2025-09-04 01:01:29] 
[2025-09-04 01:01:29] Benchmark @train_ep  860000 (bench_eps: 5000)
[2025-09-04 01:01:29] Macro Winrate          :  33.6%
[2025-09-04 01:01:29] Macro Ø-Reward         :  1.707
[2025-09-04 01:01:29] Winrate vs max_combo   :  29.4% | Σ-Reward:  7921.0 | Ø-Reward:  1.584 | Places: [1468 (0.29), 1119 (0.22), 1279 (0.26), 1134 (0.23)]
[2025-09-04 01:01:29] Winrate vs random2     :  34.4% | Σ-Reward:  9263.0 | Ø-Reward:  1.853 | Places: [1719 (0.34), 1451 (0.29), 1204 (0.24), 626 (0.13)]
[2025-09-04 01:01:29] Winrate vs single_only :  50.6% | Σ-Reward:  10198.0 | Ø-Reward:  2.040 | Places: [2530 (0.51), 792 (0.16), 1024 (0.20), 654 (0.13)]
[2025-09-04 01:01:29] Winrate vs v_table     :  20.2% | Σ-Reward:  6766.0 | Ø-Reward:  1.353 | Places: [1009 (0.20), 1231 (0.25), 1277 (0.26), 1483 (0.30)]
[2025-09-04 01:04:38] 
[2025-09-04 01:04:38] Benchmark @train_ep  880000 (bench_eps: 5000)
[2025-09-04 01:04:38] Macro Winrate          :  34.4%
[2025-09-04 01:04:38] Macro Ø-Reward         :  1.722
[2025-09-04 01:04:38] Winrate vs max_combo   :  31.6% | Σ-Reward:  8233.0 | Ø-Reward:  1.647 | Places: [1580 (0.32), 1172 (0.23), 1149 (0.23), 1099 (0.22)]
[2025-09-04 01:04:38] Winrate vs random2     :  35.5% | Σ-Reward:  9304.0 | Ø-Reward:  1.861 | Places: [1774 (0.35), 1438 (0.29), 1106 (0.22), 682 (0.14)]
[2025-09-04 01:04:38] Winrate vs single_only :  48.0% | Σ-Reward:  9921.0 | Ø-Reward:  1.984 | Places: [2401 (0.48), 870 (0.17), 978 (0.20), 751 (0.15)]
[2025-09-04 01:04:38] Winrate vs v_table     :  22.4% | Σ-Reward:  6973.0 | Ø-Reward:  1.395 | Places: [1119 (0.22), 1228 (0.25), 1160 (0.23), 1493 (0.30)]
[2025-09-04 01:07:49] 
[2025-09-04 01:07:49] Benchmark @train_ep  900000 (bench_eps: 5000)
[2025-09-04 01:07:49] Macro Winrate          :  34.6%
[2025-09-04 01:07:49] Macro Ø-Reward         :  1.705
[2025-09-04 01:07:49] Winrate vs max_combo   :  31.9% | Σ-Reward:  8211.0 | Ø-Reward:  1.642 | Places: [1594 (0.32), 1143 (0.23), 1143 (0.23), 1120 (0.22)]
[2025-09-04 01:07:49] Winrate vs random2     :  35.3% | Σ-Reward:  9099.0 | Ø-Reward:  1.820 | Places: [1763 (0.35), 1382 (0.28), 1046 (0.21), 809 (0.16)]
[2025-09-04 01:07:49] Winrate vs single_only :  50.8% | Σ-Reward:  10065.0 | Ø-Reward:  2.013 | Places: [2542 (0.51), 739 (0.15), 961 (0.19), 758 (0.15)]
[2025-09-04 01:07:49] Winrate vs v_table     :  20.3% | Σ-Reward:  6731.0 | Ø-Reward:  1.346 | Places: [1015 (0.20), 1273 (0.25), 1140 (0.23), 1572 (0.31)]
[2025-09-04 01:11:00] 
[2025-09-04 01:11:00] Benchmark @train_ep  920000 (bench_eps: 5000)
[2025-09-04 01:11:00] Macro Winrate          :  35.2%
[2025-09-04 01:11:00] Macro Ø-Reward         :  1.731
[2025-09-04 01:11:00] Winrate vs max_combo   :  30.3% | Σ-Reward:  8119.0 | Ø-Reward:  1.624 | Places: [1514 (0.30), 1190 (0.24), 1197 (0.24), 1099 (0.22)]
[2025-09-04 01:11:00] Winrate vs random2     :  35.6% | Σ-Reward:  9230.0 | Ø-Reward:  1.846 | Places: [1778 (0.36), 1401 (0.28), 1094 (0.22), 727 (0.15)]
[2025-09-04 01:11:00] Winrate vs single_only :  52.9% | Σ-Reward:  10393.0 | Ø-Reward:  2.079 | Places: [2644 (0.53), 766 (0.15), 929 (0.19), 661 (0.13)]
[2025-09-04 01:11:00] Winrate vs v_table     :  22.2% | Σ-Reward:  6873.0 | Ø-Reward:  1.375 | Places: [1112 (0.22), 1161 (0.23), 1215 (0.24), 1512 (0.30)]
[2025-09-04 01:14:11] 
[2025-09-04 01:14:11] Benchmark @train_ep  940000 (bench_eps: 5000)
[2025-09-04 01:14:11] Macro Winrate          :  34.7%
[2025-09-04 01:14:11] Macro Ø-Reward         :  1.718
[2025-09-04 01:14:11] Winrate vs max_combo   :  31.5% | Σ-Reward:  8210.0 | Ø-Reward:  1.642 | Places: [1573 (0.31), 1144 (0.23), 1203 (0.24), 1080 (0.22)]
[2025-09-04 01:14:11] Winrate vs random2     :  34.4% | Σ-Reward:  9125.0 | Ø-Reward:  1.825 | Places: [1720 (0.34), 1399 (0.28), 1167 (0.23), 714 (0.14)]
[2025-09-04 01:14:11] Winrate vs single_only :  51.4% | Σ-Reward:  10248.0 | Ø-Reward:  2.050 | Places: [2568 (0.51), 776 (0.16), 992 (0.20), 664 (0.13)]
[2025-09-04 01:14:11] Winrate vs v_table     :  21.6% | Σ-Reward:  6782.0 | Ø-Reward:  1.356 | Places: [1080 (0.22), 1147 (0.23), 1248 (0.25), 1525 (0.30)]
[2025-09-04 01:17:22] 
[2025-09-04 01:17:22] Benchmark @train_ep  960000 (bench_eps: 5000)
[2025-09-04 01:17:22] Macro Winrate          :  33.2%
[2025-09-04 01:17:22] Macro Ø-Reward         :  1.674
[2025-09-04 01:17:22] Winrate vs max_combo   :  29.0% | Σ-Reward:  7841.0 | Ø-Reward:  1.568 | Places: [1449 (0.29), 1118 (0.22), 1258 (0.25), 1175 (0.23)]
[2025-09-04 01:17:22] Winrate vs random2     :  34.1% | Σ-Reward:  8964.0 | Ø-Reward:  1.793 | Places: [1706 (0.34), 1339 (0.27), 1168 (0.23), 787 (0.16)]
[2025-09-04 01:17:22] Winrate vs single_only :  48.8% | Σ-Reward:  9964.0 | Ø-Reward:  1.993 | Places: [2440 (0.49), 795 (0.16), 1054 (0.21), 711 (0.14)]
[2025-09-04 01:17:22] Winrate vs v_table     :  21.0% | Σ-Reward:  6709.0 | Ø-Reward:  1.342 | Places: [1049 (0.21), 1186 (0.24), 1190 (0.24), 1575 (0.32)]
[2025-09-04 01:20:31] 
[2025-09-04 01:20:31] Benchmark @train_ep  980000 (bench_eps: 5000)
[2025-09-04 01:20:31] Macro Winrate          :  33.4%
[2025-09-04 01:20:31] Macro Ø-Reward         :  1.690
[2025-09-04 01:20:31] Winrate vs max_combo   :  29.6% | Σ-Reward:  7900.0 | Ø-Reward:  1.580 | Places: [1480 (0.30), 1111 (0.22), 1238 (0.25), 1171 (0.23)]
[2025-09-04 01:20:31] Winrate vs random2     :  33.3% | Σ-Reward:  9052.0 | Ø-Reward:  1.810 | Places: [1665 (0.33), 1430 (0.29), 1197 (0.24), 708 (0.14)]
[2025-09-04 01:20:31] Winrate vs single_only :  51.1% | Σ-Reward:  10215.0 | Ø-Reward:  2.043 | Places: [2555 (0.51), 779 (0.16), 992 (0.20), 674 (0.13)]
[2025-09-04 01:20:31] Winrate vs v_table     :  19.8% | Σ-Reward:  6637.0 | Ø-Reward:  1.327 | Places: [988 (0.20), 1188 (0.24), 1297 (0.26), 1527 (0.31)]
[2025-09-04 01:23:42] 
[2025-09-04 01:23:42] Benchmark @train_ep 1000000 (bench_eps: 5000)
[2025-09-04 01:23:42] Macro Winrate          :  35.2%
[2025-09-04 01:23:42] Macro Ø-Reward         :  1.716
[2025-09-04 01:23:42] Winrate vs max_combo   :  30.0% | Σ-Reward:  7956.0 | Ø-Reward:  1.591 | Places: [1498 (0.30), 1110 (0.22), 1242 (0.25), 1150 (0.23)]
[2025-09-04 01:23:42] Winrate vs random2     :  35.6% | Σ-Reward:  9131.0 | Ø-Reward:  1.826 | Places: [1782 (0.36), 1290 (0.26), 1205 (0.24), 723 (0.14)]
[2025-09-04 01:23:42] Winrate vs single_only :  53.0% | Σ-Reward:  10373.0 | Ø-Reward:  2.075 | Places: [2648 (0.53), 718 (0.14), 993 (0.20), 641 (0.13)]
[2025-09-04 01:23:42] Winrate vs v_table     :  22.1% | Σ-Reward:  6860.0 | Ø-Reward:  1.372 | Places: [1103 (0.22), 1148 (0.23), 1255 (0.25), 1494 (0.30)]
[2025-09-04 01:23:44] Opponent-Usage gespeichert: /home/wasterix/Multiagent/OpenSpiel_neu/open_spiel/President/models/k1a1/model_05/plots/opponent_usage.csv
[2025-09-04 01:23:44] 
[2025-09-04 01:23:44] Gesamtzeit: 2.77h (~ 100.24 eps/s)
[2025-09-04 01:23:44] k1a1, Single Agent vs Population. Training abgeschlossen.
[2025-09-04 01:23:44] Path: /home/wasterix/Multiagent/OpenSpiel_neu/open_spiel/President/models/k1a1/model_05
