[2025-08-25 08:25:59] New Training (k1a1)
[2025-08-25 08:25:59] Deck_Size: 64
[2025-08-25 08:25:59] Episodes: 2000
[2025-08-25 08:25:59] Path: /home/wasterix/OpenSpiel/open_spiel/President/models/k1a1/model_93
[2025-08-25 08:26:17] 
[2025-08-25 08:26:17] Benchmark @train_ep     500 (bench_eps: 500)
[2025-08-25 08:26:17] Macro Winrate          :  31.8%
[2025-08-25 08:26:17] Macro Ø-Reward         :  1.651
[2025-08-25 08:26:17] Winrate vs max_combo   :  12.6% | Σ-Reward:  514.0 | Ø-Reward:  1.028 | Places: [63 (0.13), 89 (0.18), 147 (0.29), 201 (0.40)]
[2025-08-25 08:26:17] Winrate vs random2     :  43.2% | Σ-Reward:  1006.0 | Ø-Reward:  2.012 | Places: [216 (0.43), 130 (0.26), 98 (0.20), 56 (0.11)]
[2025-08-25 08:26:17] Winrate vs single_only :  39.6% | Σ-Reward:  957.0 | Ø-Reward:  1.914 | Places: [198 (0.40), 133 (0.27), 97 (0.19), 72 (0.14)]
[2025-08-25 08:26:20] Timing @ep 500: episode 12.4s | train 0.003s | eval 10.0s | plot 2.4s | save 0.002s | cum 0.01h
[2025-08-25 08:26:35] 
[2025-08-25 08:26:35] Benchmark @train_ep    1000 (bench_eps: 500)
[2025-08-25 08:26:35] Macro Winrate          :  39.9%
[2025-08-25 08:26:35] Macro Ø-Reward         :  1.844
[2025-08-25 08:26:35] Winrate vs max_combo   :  16.2% | Σ-Reward:  554.0 | Ø-Reward:  1.108 | Places: [81 (0.16), 83 (0.17), 145 (0.29), 191 (0.38)]
[2025-08-25 08:26:35] Winrate vs random2     :  48.6% | Σ-Reward:  1089.0 | Ø-Reward:  2.178 | Places: [243 (0.49), 141 (0.28), 78 (0.16), 38 (0.08)]
[2025-08-25 08:26:35] Winrate vs single_only :  54.8% | Σ-Reward:  1123.0 | Ø-Reward:  2.246 | Places: [274 (0.55), 125 (0.25), 51 (0.10), 50 (0.10)]
[2025-08-25 08:26:37] Timing @ep 1000: episode 11.7s | train 0.003s | eval 9.0s | plot 2.6s | save 0.001s | cum 0.01h
[2025-08-25 08:26:52] 
[2025-08-25 08:26:52] Benchmark @train_ep    1500 (bench_eps: 500)
[2025-08-25 08:26:52] Macro Winrate          :  48.1%
[2025-08-25 08:26:52] Macro Ø-Reward         :  2.029
[2025-08-25 08:26:52] Winrate vs max_combo   :  17.2% | Σ-Reward:  607.0 | Ø-Reward:  1.214 | Places: [86 (0.17), 99 (0.20), 151 (0.30), 164 (0.33)]
[2025-08-25 08:26:52] Winrate vs random2     :  55.0% | Σ-Reward:  1155.0 | Ø-Reward:  2.310 | Places: [275 (0.55), 139 (0.28), 52 (0.10), 34 (0.07)]
[2025-08-25 08:26:52] Winrate vs single_only :  72.0% | Σ-Reward:  1281.0 | Ø-Reward:  2.562 | Places: [360 (0.72), 84 (0.17), 33 (0.07), 23 (0.05)]
[2025-08-25 08:26:55] Timing @ep 1500: episode 11.5s | train 0.003s | eval 8.8s | plot 2.7s | save 0.001s | cum 0.02h
[2025-08-25 08:27:10] 
[2025-08-25 08:27:10] Benchmark @train_ep    2000 (bench_eps: 500)
[2025-08-25 08:27:10] Macro Winrate          :  46.1%
[2025-08-25 08:27:10] Macro Ø-Reward         :  1.924
[2025-08-25 08:27:10] Winrate vs max_combo   :  15.4% | Σ-Reward:  581.0 | Ø-Reward:  1.162 | Places: [77 (0.15), 106 (0.21), 138 (0.28), 179 (0.36)]
[2025-08-25 08:27:10] Winrate vs random2     :  52.0% | Σ-Reward:  1084.0 | Ø-Reward:  2.168 | Places: [260 (0.52), 114 (0.23), 76 (0.15), 50 (0.10)]
[2025-08-25 08:27:10] Winrate vs single_only :  71.0% | Σ-Reward:  1221.0 | Ø-Reward:  2.442 | Places: [355 (0.71), 55 (0.11), 46 (0.09), 44 (0.09)]
[2025-08-25 08:27:13] Timing @ep 2000: episode 12.0s | train 0.003s | eval 9.1s | plot 2.9s | save 0.001s | cum 0.02h
[2025-08-25 08:27:13] 
[2025-08-25 08:27:13] Gesamtzeit: 0.02h (~ 27.21 eps/s)
[2025-08-25 08:27:13] k1a1, Single Agent vs Heuristiken (max_combo). Training abgeschlossen.
[2025-08-25 08:27:13] Path: /home/wasterix/OpenSpiel/open_spiel/President/models/k1a1/model_93
