[2025-08-19 12:34:27] New Training
[2025-08-19 12:34:27] Deck_Size: 64
[2025-08-19 12:34:27] Episodes : 4000
[2025-08-19 12:34:27] Path     : /home/wasterix/OpenSpiel/open_spiel/President/models/k1a1/model_34
[2025-08-19 12:35:22] 
[2025-08-19 12:35:22] Benchmark    1000 episodes
[2025-08-19 12:35:22] Macro Average          :  34.5%
[2025-08-19 12:35:22] Winrate vs single_only :  46.0%
[2025-08-19 12:35:22] Winrate vs max_combo   :  13.1%
[2025-08-19 12:35:22] Winrate vs random2     :  44.4%
[2025-08-19 12:35:23] Timing: episode 39.0s | train 0.002s | eval 37.7s | plot 1.3s | save 0.004s | cum 0.02h
[2025-08-19 12:36:18] 
[2025-08-19 12:36:18] Benchmark    2000 episodes
[2025-08-19 12:36:18] Macro Average          :  46.4%
[2025-08-19 12:36:18] Winrate vs single_only :  58.6%
[2025-08-19 12:36:18] Winrate vs max_combo   :  20.6%
[2025-08-19 12:36:18] Winrate vs random2     :  59.8%
[2025-08-19 12:36:19] Timing: episode 41.2s | train 0.002s | eval 39.8s | plot 1.4s | save 0.001s | cum 0.03h
[2025-08-19 12:37:09] 
[2025-08-19 12:37:09] Benchmark    3000 episodes
[2025-08-19 12:37:09] Macro Average          :  54.2%
[2025-08-19 12:37:09] Winrate vs single_only :  64.0%
[2025-08-19 12:37:09] Winrate vs max_combo   :  30.1%
[2025-08-19 12:37:09] Winrate vs random2     :  68.6%
[2025-08-19 12:37:11] Timing: episode 37.7s | train 0.003s | eval 36.2s | plot 1.5s | save 0.001s | cum 0.05h
[2025-08-19 12:38:05] 
[2025-08-19 12:38:05] Benchmark    4000 episodes
[2025-08-19 12:38:05] Macro Average          :  55.7%
[2025-08-19 12:38:05] Winrate vs single_only :  60.2%
[2025-08-19 12:38:05] Winrate vs max_combo   :  31.1%
[2025-08-19 12:38:05] Winrate vs random2     :  75.7%
[2025-08-19 12:38:06] Timing: episode 39.1s | train 0.003s | eval 37.5s | plot 1.6s | save 0.002s | cum 0.06h
[2025-08-19 12:38:06] 
[2025-08-19 12:38:06] Gesamtzeit: 0.06h (~ 18.32 eps/s)
[2025-08-19 12:38:06] K1 Training abgeschlossen.
