[2025-09-14 09:00:26] New Training (k2a1): 4 getrennte PPO-Agents — simultanes Lernen
[2025-09-14 09:00:26] Deck_Size: 64
[2025-09-14 09:00:26] Episodes: 1000000
[2025-09-14 09:00:26] Path: /home/wasterix/Multiagent/OpenSpiel_neu/open_spiel/President/models/k2a1/model_06
[2025-09-14 09:08:56] 
[2025-09-14 09:08:56] Benchmark @train_ep   10000 (bench_eps: 2000)
[2025-09-14 09:08:56] Macro Winrate          :  59.2%
[2025-09-14 09:08:56] Macro Ø-Reward         :  2.299
[2025-09-14 09:08:56] Winrate vs max_combo   :  28.6% | Σ-Reward:  3277.0 | Ø-Reward:  1.639 | Places: [571 (0.29), 565 (0.28), 434 (0.22), 430 (0.21)]
[2025-09-14 09:08:56] Winrate vs random2     :  67.5% | Σ-Reward:  5018.0 | Ø-Reward:  2.509 | Places: [1351 (0.68), 382 (0.19), 201 (0.10), 66 (0.03)]
[2025-09-14 09:08:56] Winrate vs single_only :  81.6% | Σ-Reward:  5498.0 | Ø-Reward:  2.749 | Places: [1632 (0.82), 263 (0.13), 76 (0.04), 29 (0.01)]
[2025-09-14 09:09:00] Timing @ep 10000: episode 38.9s | train 0.005s | eval 35.5s | plot 3.3s | save 0.011s | cum 0.13h
[2025-09-14 09:21:34] 
[2025-09-14 09:21:34] Benchmark @train_ep   20000 (bench_eps: 2000)
[2025-09-14 09:21:34] Macro Winrate          :  63.4%
[2025-09-14 09:21:34] Macro Ø-Reward         :  2.403
[2025-09-14 09:21:34] Winrate vs max_combo   :  34.0% | Σ-Reward:  3602.0 | Ø-Reward:  1.801 | Places: [679 (0.34), 582 (0.29), 401 (0.20), 338 (0.17)]
[2025-09-14 09:21:34] Winrate vs random2     :  74.2% | Σ-Reward:  5316.0 | Ø-Reward:  2.658 | Places: [1484 (0.74), 381 (0.19), 102 (0.05), 33 (0.02)]
[2025-09-14 09:21:34] Winrate vs single_only :  82.0% | Σ-Reward:  5502.0 | Ø-Reward:  2.751 | Places: [1639 (0.82), 244 (0.12), 97 (0.05), 20 (0.01)]
[2025-09-14 09:21:39] Timing @ep 20000: episode 47.5s | train 0.004s | eval 42.3s | plot 5.1s | save 0.012s | cum 0.33h
[2025-09-14 09:33:32] 
[2025-09-14 09:33:32] Benchmark @train_ep   30000 (bench_eps: 2000)
[2025-09-14 09:33:32] Macro Winrate          :  65.5%
[2025-09-14 09:33:32] Macro Ø-Reward         :  2.420
[2025-09-14 09:33:32] Winrate vs max_combo   :  34.5% | Σ-Reward:  3588.0 | Ø-Reward:  1.794 | Places: [690 (0.34), 564 (0.28), 390 (0.20), 356 (0.18)]
[2025-09-14 09:33:32] Winrate vs random2     :  71.8% | Σ-Reward:  5203.0 | Ø-Reward:  2.602 | Places: [1437 (0.72), 395 (0.20), 102 (0.05), 66 (0.03)]
[2025-09-14 09:33:32] Winrate vs single_only :  90.0% | Σ-Reward:  5728.0 | Ø-Reward:  2.864 | Places: [1800 (0.90), 140 (0.07), 48 (0.02), 12 (0.01)]
[2025-09-14 09:33:37] Timing @ep 30000: episode 41.4s | train 0.005s | eval 35.7s | plot 5.6s | save 0.006s | cum 0.52h
[2025-09-14 09:44:07] 
[2025-09-14 09:44:07] Benchmark @train_ep   40000 (bench_eps: 2000)
[2025-09-14 09:44:07] Macro Winrate          :  66.0%
[2025-09-14 09:44:07] Macro Ø-Reward         :  2.430
[2025-09-14 09:44:07] Winrate vs max_combo   :  35.1% | Σ-Reward:  3661.0 | Ø-Reward:  1.831 | Places: [703 (0.35), 567 (0.28), 418 (0.21), 312 (0.16)]
[2025-09-14 09:44:07] Winrate vs random2     :  74.4% | Σ-Reward:  5275.0 | Ø-Reward:  2.638 | Places: [1488 (0.74), 345 (0.17), 121 (0.06), 46 (0.02)]
[2025-09-14 09:44:07] Winrate vs single_only :  88.5% | Σ-Reward:  5646.0 | Ø-Reward:  2.823 | Places: [1769 (0.88), 134 (0.07), 71 (0.04), 26 (0.01)]
[2025-09-14 09:44:15] Timing @ep 40000: episode 35.7s | train 0.005s | eval 30.2s | plot 5.4s | save 0.006s | cum 0.68h
[2025-09-14 09:54:11] 
[2025-09-14 09:54:11] Benchmark @train_ep   50000 (bench_eps: 2000)
[2025-09-14 09:54:11] Macro Winrate          :  67.1%
[2025-09-14 09:54:11] Macro Ø-Reward         :  2.467
[2025-09-14 09:54:11] Winrate vs max_combo   :  37.8% | Σ-Reward:  3779.0 | Ø-Reward:  1.889 | Places: [755 (0.38), 544 (0.27), 426 (0.21), 275 (0.14)]
[2025-09-14 09:54:11] Winrate vs random2     :  74.7% | Σ-Reward:  5310.0 | Ø-Reward:  2.655 | Places: [1494 (0.75), 357 (0.18), 114 (0.06), 35 (0.02)]
[2025-09-14 09:54:11] Winrate vs single_only :  89.0% | Σ-Reward:  5714.0 | Ø-Reward:  2.857 | Places: [1779 (0.89), 166 (0.08), 45 (0.02), 10 (0.01)]
[2025-09-14 09:54:17] Timing @ep 50000: episode 37.1s | train 0.003s | eval 31.0s | plot 6.0s | save 0.006s | cum 0.84h
[2025-09-14 10:03:51] 
[2025-09-14 10:03:51] Benchmark @train_ep   60000 (bench_eps: 2000)
[2025-09-14 10:03:51] Macro Winrate          :  65.2%
[2025-09-14 10:03:51] Macro Ø-Reward         :  2.474
[2025-09-14 10:03:51] Winrate vs max_combo   :  38.4% | Σ-Reward:  3947.0 | Ø-Reward:  1.974 | Places: [768 (0.38), 626 (0.31), 391 (0.20), 215 (0.11)]
[2025-09-14 10:03:51] Winrate vs random2     :  77.7% | Σ-Reward:  5425.0 | Ø-Reward:  2.712 | Places: [1554 (0.78), 341 (0.17), 81 (0.04), 24 (0.01)]
[2025-09-14 10:03:51] Winrate vs single_only :  79.6% | Σ-Reward:  5471.0 | Ø-Reward:  2.736 | Places: [1592 (0.80), 297 (0.15), 101 (0.05), 10 (0.01)]
[2025-09-14 10:03:58] Timing @ep 60000: episode 37.9s | train 0.004s | eval 31.0s | plot 6.8s | save 0.005s | cum 0.99h
[2025-09-14 10:14:47] 
[2025-09-14 10:14:47] Benchmark @train_ep   70000 (bench_eps: 2000)
[2025-09-14 10:14:47] Macro Winrate          :  66.2%
[2025-09-14 10:14:47] Macro Ø-Reward         :  2.469
[2025-09-14 10:14:47] Winrate vs max_combo   :  36.1% | Σ-Reward:  3801.0 | Ø-Reward:  1.901 | Places: [722 (0.36), 612 (0.31), 411 (0.21), 255 (0.13)]
[2025-09-14 10:14:47] Winrate vs random2     :  76.0% | Σ-Reward:  5370.0 | Ø-Reward:  2.685 | Places: [1520 (0.76), 359 (0.18), 92 (0.05), 29 (0.01)]
[2025-09-14 10:14:47] Winrate vs single_only :  86.5% | Σ-Reward:  5640.0 | Ø-Reward:  2.820 | Places: [1729 (0.86), 198 (0.10), 57 (0.03), 16 (0.01)]
[2025-09-14 10:14:55] Timing @ep 70000: episode 40.6s | train 0.004s | eval 32.3s | plot 8.3s | save 0.006s | cum 1.16h
[2025-09-14 10:24:36] 
[2025-09-14 10:24:36] Benchmark @train_ep   80000 (bench_eps: 2000)
[2025-09-14 10:24:36] Macro Winrate          :  66.7%
[2025-09-14 10:24:36] Macro Ø-Reward         :  2.470
[2025-09-14 10:24:36] Winrate vs max_combo   :  37.5% | Σ-Reward:  3803.0 | Ø-Reward:  1.901 | Places: [750 (0.38), 563 (0.28), 427 (0.21), 260 (0.13)]
[2025-09-14 10:24:36] Winrate vs random2     :  74.8% | Σ-Reward:  5324.0 | Ø-Reward:  2.662 | Places: [1496 (0.75), 366 (0.18), 104 (0.05), 34 (0.02)]
[2025-09-14 10:24:36] Winrate vs single_only :  87.9% | Σ-Reward:  5693.0 | Ø-Reward:  2.846 | Places: [1758 (0.88), 186 (0.09), 47 (0.02), 9 (0.00)]
[2025-09-14 10:24:45] Timing @ep 80000: episode 44.0s | train 0.005s | eval 34.7s | plot 9.3s | save 0.006s | cum 1.32h
[2025-09-14 10:34:19] 
[2025-09-14 10:34:19] Benchmark @train_ep   90000 (bench_eps: 2000)
[2025-09-14 10:34:19] Macro Winrate          :  67.2%
[2025-09-14 10:34:19] Macro Ø-Reward         :  2.500
[2025-09-14 10:34:19] Winrate vs max_combo   :  37.1% | Σ-Reward:  3906.0 | Ø-Reward:  1.953 | Places: [742 (0.37), 641 (0.32), 398 (0.20), 219 (0.11)]
[2025-09-14 10:34:19] Winrate vs random2     :  78.5% | Σ-Reward:  5458.0 | Ø-Reward:  2.729 | Places: [1569 (0.78), 339 (0.17), 73 (0.04), 19 (0.01)]
[2025-09-14 10:34:19] Winrate vs single_only :  86.0% | Σ-Reward:  5637.0 | Ø-Reward:  2.818 | Places: [1720 (0.86), 209 (0.10), 59 (0.03), 12 (0.01)]
[2025-09-14 10:34:28] Timing @ep 90000: episode 40.2s | train 0.004s | eval 30.6s | plot 9.5s | save 0.005s | cum 1.47h
[2025-09-14 13:30:05] 
[2025-09-14 13:30:05] Benchmark @train_ep  100000 (bench_eps: 2000)
[2025-09-14 13:30:05] Macro Winrate          :  63.4%
[2025-09-14 13:30:05] Macro Ø-Reward         :  2.466
[2025-09-14 13:30:05] Winrate vs max_combo   :  38.2% | Σ-Reward:  4004.0 | Ø-Reward:  2.002 | Places: [765 (0.38), 658 (0.33), 393 (0.20), 184 (0.09)]
[2025-09-14 13:30:05] Winrate vs random2     :  77.4% | Σ-Reward:  5442.0 | Ø-Reward:  2.721 | Places: [1548 (0.77), 362 (0.18), 74 (0.04), 16 (0.01)]
[2025-09-14 13:30:05] Winrate vs single_only :  74.4% | Σ-Reward:  5352.0 | Ø-Reward:  2.676 | Places: [1488 (0.74), 391 (0.20), 106 (0.05), 15 (0.01)]
[2025-09-14 13:30:15] Timing @ep 100000: episode 39.7s | train 0.003s | eval 30.6s | plot 9.1s | save 0.006s | cum 1.60h
[2025-09-14 13:38:17] 
[2025-09-14 13:38:17] Benchmark @train_ep  110000 (bench_eps: 2000)
[2025-09-14 13:38:17] Macro Winrate          :  69.9%
[2025-09-14 13:38:17] Macro Ø-Reward         :  2.541
[2025-09-14 13:38:17] Winrate vs max_combo   :  43.4% | Σ-Reward:  4084.0 | Ø-Reward:  2.042 | Places: [867 (0.43), 547 (0.27), 389 (0.19), 197 (0.10)]
[2025-09-14 13:38:17] Winrate vs random2     :  79.2% | Σ-Reward:  5465.0 | Ø-Reward:  2.732 | Places: [1583 (0.79), 319 (0.16), 78 (0.04), 20 (0.01)]
[2025-09-14 13:38:17] Winrate vs single_only :  87.2% | Σ-Reward:  5700.0 | Ø-Reward:  2.850 | Places: [1745 (0.87), 214 (0.11), 37 (0.02), 4 (0.00)]
[2025-09-14 13:38:30] Timing @ep 110000: episode 39.7s | train 0.003s | eval 29.2s | plot 10.4s | save 0.005s | cum 1.73h
[2025-09-14 13:46:41] 
[2025-09-14 13:46:41] Benchmark @train_ep  120000 (bench_eps: 2000)
[2025-09-14 13:46:41] Macro Winrate          :  68.7%
[2025-09-14 13:46:41] Macro Ø-Reward         :  2.541
[2025-09-14 13:46:41] Winrate vs max_combo   :  44.2% | Σ-Reward:  4178.0 | Ø-Reward:  2.089 | Places: [884 (0.44), 577 (0.29), 372 (0.19), 167 (0.08)]
[2025-09-14 13:46:41] Winrate vs random2     :  79.5% | Σ-Reward:  5511.0 | Ø-Reward:  2.756 | Places: [1591 (0.80), 338 (0.17), 62 (0.03), 9 (0.00)]
[2025-09-14 13:46:41] Winrate vs single_only :  82.3% | Σ-Reward:  5560.0 | Ø-Reward:  2.780 | Places: [1647 (0.82), 276 (0.14), 67 (0.03), 10 (0.01)]
[2025-09-14 13:46:54] Timing @ep 120000: episode 40.9s | train 0.003s | eval 29.7s | plot 11.2s | save 0.005s | cum 1.86h
[2025-09-14 14:19:57] 
[2025-09-14 14:19:57] Benchmark @train_ep  130000 (bench_eps: 2000)
[2025-09-14 14:19:57] Macro Winrate          :  69.2%
[2025-09-14 14:19:57] Macro Ø-Reward         :  2.544
[2025-09-14 14:19:57] Winrate vs max_combo   :  40.8% | Σ-Reward:  4102.0 | Ø-Reward:  2.051 | Places: [815 (0.41), 646 (0.32), 365 (0.18), 174 (0.09)]
[2025-09-14 14:19:57] Winrate vs random2     :  81.5% | Σ-Reward:  5530.0 | Ø-Reward:  2.765 | Places: [1629 (0.81), 288 (0.14), 67 (0.03), 16 (0.01)]
[2025-09-14 14:19:57] Winrate vs single_only :  85.5% | Σ-Reward:  5630.0 | Ø-Reward:  2.815 | Places: [1709 (0.85), 220 (0.11), 63 (0.03), 8 (0.00)]
[2025-09-14 14:20:09] Timing @ep 130000: episode 40.6s | train 0.003s | eval 28.7s | plot 11.9s | save 0.005s | cum 1.99h
[2025-09-14 14:28:06] 
[2025-09-14 14:28:06] Benchmark @train_ep  140000 (bench_eps: 2000)
[2025-09-14 14:28:06] Macro Winrate          :  68.4%
[2025-09-14 14:28:06] Macro Ø-Reward         :  2.544
[2025-09-14 14:28:06] Winrate vs max_combo   :  39.5% | Σ-Reward:  4122.0 | Ø-Reward:  2.061 | Places: [790 (0.40), 698 (0.35), 356 (0.18), 156 (0.08)]
[2025-09-14 14:28:06] Winrate vs random2     :  82.0% | Σ-Reward:  5559.0 | Ø-Reward:  2.780 | Places: [1639 (0.82), 294 (0.15), 54 (0.03), 13 (0.01)]
[2025-09-14 14:28:06] Winrate vs single_only :  83.7% | Σ-Reward:  5581.0 | Ø-Reward:  2.791 | Places: [1674 (0.84), 242 (0.12), 75 (0.04), 9 (0.00)]
[2025-09-14 14:28:19] Timing @ep 140000: episode 42.6s | train 0.003s | eval 29.9s | plot 12.6s | save 0.005s | cum 2.12h
[2025-09-14 14:36:22] 
[2025-09-14 14:36:22] Benchmark @train_ep  150000 (bench_eps: 2000)
[2025-09-14 14:36:22] Macro Winrate          :  69.0%
[2025-09-14 14:36:22] Macro Ø-Reward         :  2.552
[2025-09-14 14:36:22] Winrate vs max_combo   :  42.9% | Σ-Reward:  4221.0 | Ø-Reward:  2.111 | Places: [857 (0.43), 676 (0.34), 298 (0.15), 169 (0.08)]
[2025-09-14 14:36:22] Winrate vs random2     :  79.0% | Σ-Reward:  5465.0 | Ø-Reward:  2.732 | Places: [1581 (0.79), 323 (0.16), 76 (0.04), 20 (0.01)]
[2025-09-14 14:36:22] Winrate vs single_only :  85.2% | Σ-Reward:  5624.0 | Ø-Reward:  2.812 | Places: [1704 (0.85), 225 (0.11), 62 (0.03), 9 (0.00)]
[2025-09-14 14:36:37] Timing @ep 150000: episode 42.5s | train 0.004s | eval 28.9s | plot 13.6s | save 0.005s | cum 2.25h
[2025-09-14 14:44:47] 
[2025-09-14 14:44:47] Benchmark @train_ep  160000 (bench_eps: 2000)
[2025-09-14 14:44:47] Macro Winrate          :  69.3%
[2025-09-14 14:44:47] Macro Ø-Reward         :  2.558
[2025-09-14 14:44:47] Winrate vs max_combo   :  44.5% | Σ-Reward:  4238.0 | Ø-Reward:  2.119 | Places: [889 (0.44), 622 (0.31), 327 (0.16), 162 (0.08)]
[2025-09-14 14:44:47] Winrate vs random2     :  81.2% | Σ-Reward:  5557.0 | Ø-Reward:  2.779 | Places: [1624 (0.81), 321 (0.16), 43 (0.02), 12 (0.01)]
[2025-09-14 14:44:47] Winrate vs single_only :  82.2% | Σ-Reward:  5553.0 | Ø-Reward:  2.776 | Places: [1643 (0.82), 274 (0.14), 76 (0.04), 7 (0.00)]
[2025-09-14 14:45:01] Timing @ep 160000: episode 43.9s | train 0.003s | eval 29.7s | plot 14.1s | save 0.006s | cum 2.39h
[2025-09-14 14:53:08] 
[2025-09-14 14:53:08] Benchmark @train_ep  170000 (bench_eps: 2000)
[2025-09-14 14:53:08] Macro Winrate          :  70.1%
[2025-09-14 14:53:08] Macro Ø-Reward         :  2.542
[2025-09-14 14:53:08] Winrate vs max_combo   :  42.0% | Σ-Reward:  4047.0 | Ø-Reward:  2.023 | Places: [840 (0.42), 585 (0.29), 357 (0.18), 218 (0.11)]
[2025-09-14 14:53:08] Winrate vs random2     :  82.0% | Σ-Reward:  5548.0 | Ø-Reward:  2.774 | Places: [1641 (0.82), 290 (0.14), 45 (0.02), 24 (0.01)]
[2025-09-14 14:53:08] Winrate vs single_only :  86.2% | Σ-Reward:  5655.0 | Ø-Reward:  2.828 | Places: [1725 (0.86), 208 (0.10), 64 (0.03), 3 (0.00)]
[2025-09-14 14:53:23] Timing @ep 170000: episode 43.0s | train 0.003s | eval 28.4s | plot 14.6s | save 0.005s | cum 2.52h
[2025-09-14 15:01:33] 
[2025-09-14 15:01:33] Benchmark @train_ep  180000 (bench_eps: 2000)
[2025-09-14 15:01:33] Macro Winrate          :  69.9%
[2025-09-14 15:01:33] Macro Ø-Reward         :  2.549
[2025-09-14 15:01:33] Winrate vs max_combo   :  44.3% | Σ-Reward:  4153.0 | Ø-Reward:  2.076 | Places: [886 (0.44), 580 (0.29), 335 (0.17), 199 (0.10)]
[2025-09-14 15:01:33] Winrate vs random2     :  82.0% | Σ-Reward:  5565.0 | Ø-Reward:  2.783 | Places: [1639 (0.82), 297 (0.15), 54 (0.03), 10 (0.01)]
[2025-09-14 15:01:33] Winrate vs single_only :  83.4% | Σ-Reward:  5578.0 | Ø-Reward:  2.789 | Places: [1668 (0.83), 255 (0.13), 64 (0.03), 13 (0.01)]
[2025-09-14 15:01:51] Timing @ep 180000: episode 43.8s | train 0.004s | eval 28.3s | plot 15.5s | save 0.006s | cum 2.65h
[2025-09-14 15:10:00] 
[2025-09-14 15:10:00] Benchmark @train_ep  190000 (bench_eps: 2000)
[2025-09-14 15:10:00] Macro Winrate          :  69.7%
[2025-09-14 15:10:00] Macro Ø-Reward         :  2.552
[2025-09-14 15:10:00] Winrate vs max_combo   :  45.2% | Σ-Reward:  4246.0 | Ø-Reward:  2.123 | Places: [904 (0.45), 606 (0.30), 322 (0.16), 168 (0.08)]
[2025-09-14 15:10:00] Winrate vs random2     :  81.2% | Σ-Reward:  5524.0 | Ø-Reward:  2.762 | Places: [1625 (0.81), 292 (0.15), 65 (0.03), 18 (0.01)]
[2025-09-14 15:10:00] Winrate vs single_only :  82.7% | Σ-Reward:  5543.0 | Ø-Reward:  2.772 | Places: [1653 (0.83), 248 (0.12), 88 (0.04), 11 (0.01)]
[2025-09-14 15:10:19] Timing @ep 190000: episode 46.9s | train 0.003s | eval 30.0s | plot 16.8s | save 0.006s | cum 2.78h
[2025-09-14 15:18:22] 
[2025-09-14 15:18:22] Benchmark @train_ep  200000 (bench_eps: 2000)
[2025-09-14 15:18:22] Macro Winrate          :  67.9%
[2025-09-14 15:18:22] Macro Ø-Reward         :  2.547
[2025-09-14 15:18:22] Winrate vs max_combo   :  42.8% | Σ-Reward:  4247.0 | Ø-Reward:  2.123 | Places: [855 (0.43), 678 (0.34), 326 (0.16), 141 (0.07)]
[2025-09-14 15:18:22] Winrate vs random2     :  82.2% | Σ-Reward:  5600.0 | Ø-Reward:  2.800 | Places: [1645 (0.82), 315 (0.16), 35 (0.02), 5 (0.00)]
[2025-09-14 15:18:22] Winrate vs single_only :  78.7% | Σ-Reward:  5436.0 | Ø-Reward:  2.718 | Places: [1573 (0.79), 302 (0.15), 113 (0.06), 12 (0.01)]
[2025-09-14 15:18:39] Timing @ep 200000: episode 46.9s | train 0.003s | eval 29.7s | plot 17.2s | save 0.006s | cum 2.91h
[2025-09-14 15:26:41] 
[2025-09-14 15:26:41] Benchmark @train_ep  210000 (bench_eps: 2000)
[2025-09-14 15:26:41] Macro Winrate          :  66.8%
[2025-09-14 15:26:41] Macro Ø-Reward         :  2.529
[2025-09-14 15:26:41] Winrate vs max_combo   :  42.0% | Σ-Reward:  4189.0 | Ø-Reward:  2.095 | Places: [841 (0.42), 630 (0.32), 406 (0.20), 123 (0.06)]
[2025-09-14 15:26:41] Winrate vs random2     :  81.2% | Σ-Reward:  5574.0 | Ø-Reward:  2.787 | Places: [1624 (0.81), 331 (0.17), 40 (0.02), 5 (0.00)]
[2025-09-14 15:26:41] Winrate vs single_only :  77.2% | Σ-Reward:  5408.0 | Ø-Reward:  2.704 | Places: [1545 (0.77), 327 (0.16), 119 (0.06), 9 (0.00)]
[2025-09-14 15:27:01] Timing @ep 210000: episode 47.2s | train 0.004s | eval 29.5s | plot 17.6s | save 0.006s | cum 3.05h
[2025-09-14 15:34:59] 
[2025-09-14 15:34:59] Benchmark @train_ep  220000 (bench_eps: 2000)
[2025-09-14 15:34:59] Macro Winrate          :  68.5%
[2025-09-14 15:34:59] Macro Ø-Reward         :  2.538
[2025-09-14 15:34:59] Winrate vs max_combo   :  45.6% | Σ-Reward:  4254.0 | Ø-Reward:  2.127 | Places: [913 (0.46), 604 (0.30), 307 (0.15), 176 (0.09)]
[2025-09-14 15:34:59] Winrate vs random2     :  81.0% | Σ-Reward:  5538.0 | Ø-Reward:  2.769 | Places: [1621 (0.81), 307 (0.15), 61 (0.03), 11 (0.01)]
[2025-09-14 15:34:59] Winrate vs single_only :  79.0% | Σ-Reward:  5436.0 | Ø-Reward:  2.718 | Places: [1579 (0.79), 295 (0.15), 109 (0.05), 17 (0.01)]
[2025-09-14 15:35:19] Timing @ep 220000: episode 47.1s | train 0.003s | eval 28.7s | plot 18.3s | save 0.006s | cum 3.18h
[2025-09-14 15:43:21] 
[2025-09-14 15:43:21] Benchmark @train_ep  230000 (bench_eps: 2000)
[2025-09-14 15:43:21] Macro Winrate          :  64.3%
[2025-09-14 15:43:21] Macro Ø-Reward         :  2.508
[2025-09-14 15:43:21] Winrate vs max_combo   :  44.0% | Σ-Reward:  4304.0 | Ø-Reward:  2.152 | Places: [880 (0.44), 678 (0.34), 308 (0.15), 134 (0.07)]
[2025-09-14 15:43:21] Winrate vs random2     :  80.3% | Σ-Reward:  5549.0 | Ø-Reward:  2.775 | Places: [1607 (0.80), 341 (0.17), 46 (0.02), 6 (0.00)]
[2025-09-14 15:43:21] Winrate vs single_only :  68.7% | Σ-Reward:  5192.0 | Ø-Reward:  2.596 | Places: [1373 (0.69), 470 (0.23), 133 (0.07), 24 (0.01)]
[2025-09-14 15:43:40] Timing @ep 230000: episode 50.4s | train 0.003s | eval 31.2s | plot 19.1s | save 0.006s | cum 3.31h
[2025-09-14 15:51:38] 
[2025-09-14 15:51:38] Benchmark @train_ep  240000 (bench_eps: 2000)
[2025-09-14 15:51:38] Macro Winrate          :  69.4%
[2025-09-14 15:51:38] Macro Ø-Reward         :  2.526
[2025-09-14 15:51:38] Winrate vs max_combo   :  45.5% | Σ-Reward:  4145.0 | Ø-Reward:  2.072 | Places: [909 (0.45), 532 (0.27), 354 (0.18), 205 (0.10)]
[2025-09-14 15:51:38] Winrate vs random2     :  82.8% | Σ-Reward:  5565.0 | Ø-Reward:  2.783 | Places: [1655 (0.83), 270 (0.14), 60 (0.03), 15 (0.01)]
[2025-09-14 15:51:38] Winrate vs single_only :  80.0% | Σ-Reward:  5449.0 | Ø-Reward:  2.724 | Places: [1599 (0.80), 275 (0.14), 102 (0.05), 24 (0.01)]
[2025-09-14 15:52:00] Timing @ep 240000: episode 49.3s | train 0.003s | eval 29.1s | plot 20.1s | save 0.005s | cum 3.44h
[2025-09-14 15:59:56] 
[2025-09-14 15:59:56] Benchmark @train_ep  250000 (bench_eps: 2000)
[2025-09-14 15:59:56] Macro Winrate          :  67.7%
[2025-09-14 15:59:56] Macro Ø-Reward         :  2.508
[2025-09-14 15:59:56] Winrate vs max_combo   :  42.7% | Σ-Reward:  4126.0 | Ø-Reward:  2.063 | Places: [854 (0.43), 613 (0.31), 338 (0.17), 195 (0.10)]
[2025-09-14 15:59:56] Winrate vs random2     :  81.5% | Σ-Reward:  5535.0 | Ø-Reward:  2.768 | Places: [1630 (0.81), 286 (0.14), 73 (0.04), 11 (0.01)]
[2025-09-14 15:59:56] Winrate vs single_only :  78.8% | Σ-Reward:  5384.0 | Ø-Reward:  2.692 | Places: [1576 (0.79), 258 (0.13), 140 (0.07), 26 (0.01)]
[2025-09-14 16:00:17] Timing @ep 250000: episode 50.2s | train 0.003s | eval 29.3s | plot 20.8s | save 0.013s | cum 3.57h
[2025-09-14 16:08:22] 
[2025-09-14 16:08:22] Benchmark @train_ep  260000 (bench_eps: 2000)
[2025-09-14 16:08:22] Macro Winrate          :  64.9%
[2025-09-14 16:08:22] Macro Ø-Reward         :  2.443
[2025-09-14 16:08:22] Winrate vs max_combo   :  43.5% | Σ-Reward:  4083.0 | Ø-Reward:  2.042 | Places: [871 (0.44), 563 (0.28), 344 (0.17), 222 (0.11)]
[2025-09-14 16:08:22] Winrate vs random2     :  76.8% | Σ-Reward:  5413.0 | Ø-Reward:  2.707 | Places: [1537 (0.77), 353 (0.18), 96 (0.05), 14 (0.01)]
[2025-09-14 16:08:22] Winrate vs single_only :  74.2% | Σ-Reward:  5162.0 | Ø-Reward:  2.581 | Places: [1484 (0.74), 253 (0.13), 204 (0.10), 59 (0.03)]
[2025-09-14 16:08:44] Timing @ep 260000: episode 51.6s | train 0.003s | eval 29.7s | plot 21.9s | save 0.005s | cum 3.70h
[2025-09-14 16:16:41] 
[2025-09-14 16:16:41] Benchmark @train_ep  270000 (bench_eps: 2000)
[2025-09-14 16:16:41] Macro Winrate          :  69.5%
[2025-09-14 16:16:41] Macro Ø-Reward         :  2.539
[2025-09-14 16:16:41] Winrate vs max_combo   :  46.4% | Σ-Reward:  4244.0 | Ø-Reward:  2.122 | Places: [928 (0.46), 582 (0.29), 296 (0.15), 194 (0.10)]
[2025-09-14 16:16:41] Winrate vs random2     :  81.1% | Σ-Reward:  5550.0 | Ø-Reward:  2.775 | Places: [1622 (0.81), 318 (0.16), 48 (0.02), 12 (0.01)]
[2025-09-14 16:16:41] Winrate vs single_only :  81.0% | Σ-Reward:  5437.0 | Ø-Reward:  2.719 | Places: [1620 (0.81), 228 (0.11), 121 (0.06), 31 (0.02)]
[2025-09-14 16:17:06] Timing @ep 270000: episode 51.6s | train 0.003s | eval 29.0s | plot 22.5s | save 0.005s | cum 3.83h
[2025-09-14 16:25:05] 
[2025-09-14 16:25:05] Benchmark @train_ep  280000 (bench_eps: 2000)
[2025-09-14 16:25:05] Macro Winrate          :  67.9%
[2025-09-14 16:25:05] Macro Ø-Reward         :  2.526
[2025-09-14 16:25:05] Winrate vs max_combo   :  45.4% | Σ-Reward:  4245.0 | Ø-Reward:  2.123 | Places: [908 (0.45), 594 (0.30), 333 (0.17), 165 (0.08)]
[2025-09-14 16:25:05] Winrate vs random2     :  79.4% | Σ-Reward:  5516.0 | Ø-Reward:  2.758 | Places: [1588 (0.79), 347 (0.17), 58 (0.03), 7 (0.00)]
[2025-09-14 16:25:05] Winrate vs single_only :  79.0% | Σ-Reward:  5396.0 | Ø-Reward:  2.698 | Places: [1579 (0.79), 264 (0.13), 131 (0.07), 26 (0.01)]
[2025-09-14 16:25:31] Timing @ep 280000: episode 54.0s | train 0.003s | eval 29.4s | plot 24.5s | save 0.005s | cum 3.97h
[2025-09-14 16:33:34] 
[2025-09-14 16:33:34] Benchmark @train_ep  290000 (bench_eps: 2000)
[2025-09-14 16:33:34] Macro Winrate          :  69.8%
[2025-09-14 16:33:34] Macro Ø-Reward         :  2.533
[2025-09-14 16:33:34] Winrate vs max_combo   :  48.0% | Σ-Reward:  4256.0 | Ø-Reward:  2.128 | Places: [960 (0.48), 536 (0.27), 304 (0.15), 200 (0.10)]
[2025-09-14 16:33:34] Winrate vs random2     :  80.2% | Σ-Reward:  5500.0 | Ø-Reward:  2.750 | Places: [1603 (0.80), 312 (0.16), 67 (0.03), 18 (0.01)]
[2025-09-14 16:33:34] Winrate vs single_only :  81.2% | Σ-Reward:  5441.0 | Ø-Reward:  2.720 | Places: [1624 (0.81), 221 (0.11), 127 (0.06), 28 (0.01)]
[2025-09-14 16:34:01] Timing @ep 290000: episode 54.6s | train 0.003s | eval 29.1s | plot 25.5s | save 0.005s | cum 4.10h
[2025-09-14 16:42:11] 
[2025-09-14 16:42:11] Benchmark @train_ep  300000 (bench_eps: 2000)
[2025-09-14 16:42:11] Macro Winrate          :  69.0%
[2025-09-14 16:42:11] Macro Ø-Reward         :  2.528
[2025-09-14 16:42:11] Winrate vs max_combo   :  45.9% | Σ-Reward:  4234.0 | Ø-Reward:  2.117 | Places: [917 (0.46), 588 (0.29), 307 (0.15), 188 (0.09)]
[2025-09-14 16:42:11] Winrate vs random2     :  81.0% | Σ-Reward:  5507.0 | Ø-Reward:  2.753 | Places: [1619 (0.81), 289 (0.14), 72 (0.04), 20 (0.01)]
[2025-09-14 16:42:11] Winrate vs single_only :  80.3% | Σ-Reward:  5428.0 | Ø-Reward:  2.714 | Places: [1606 (0.80), 244 (0.12), 122 (0.06), 28 (0.01)]
[2025-09-14 16:42:40] Timing @ep 300000: episode 57.4s | train 0.003s | eval 30.5s | plot 26.8s | save 0.005s | cum 4.24h
[2025-09-14 16:50:53] 
[2025-09-14 16:50:53] Benchmark @train_ep  310000 (bench_eps: 2000)
[2025-09-14 16:50:53] Macro Winrate          :  65.1%
[2025-09-14 16:50:53] Macro Ø-Reward         :  2.474
[2025-09-14 16:50:53] Winrate vs max_combo   :  45.9% | Σ-Reward:  4252.0 | Ø-Reward:  2.126 | Places: [917 (0.46), 587 (0.29), 327 (0.16), 169 (0.08)]
[2025-09-14 16:50:53] Winrate vs random2     :  78.4% | Σ-Reward:  5469.0 | Ø-Reward:  2.735 | Places: [1568 (0.78), 344 (0.17), 77 (0.04), 11 (0.01)]
[2025-09-14 16:50:53] Winrate vs single_only :  71.0% | Σ-Reward:  5121.0 | Ø-Reward:  2.561 | Places: [1421 (0.71), 330 (0.17), 198 (0.10), 51 (0.03)]
[2025-09-14 16:51:23] Timing @ep 310000: episode 58.6s | train 0.003s | eval 30.3s | plot 28.3s | save 0.006s | cum 4.37h
[2025-09-14 16:59:36] 
[2025-09-14 16:59:36] Benchmark @train_ep  320000 (bench_eps: 2000)
[2025-09-14 16:59:36] Macro Winrate          :  66.7%
[2025-09-14 16:59:36] Macro Ø-Reward         :  2.511
[2025-09-14 16:59:36] Winrate vs max_combo   :  45.1% | Σ-Reward:  4276.0 | Ø-Reward:  2.138 | Places: [903 (0.45), 627 (0.31), 313 (0.16), 157 (0.08)]
[2025-09-14 16:59:36] Winrate vs random2     :  79.9% | Σ-Reward:  5496.0 | Ø-Reward:  2.748 | Places: [1598 (0.80), 314 (0.16), 74 (0.04), 14 (0.01)]
[2025-09-14 16:59:36] Winrate vs single_only :  75.0% | Σ-Reward:  5292.0 | Ø-Reward:  2.646 | Places: [1500 (0.75), 329 (0.16), 134 (0.07), 37 (0.02)]
[2025-09-14 17:00:06] Timing @ep 320000: episode 58.7s | train 0.003s | eval 30.2s | plot 28.4s | save 0.006s | cum 4.51h
[2025-09-14 17:08:17] 
[2025-09-14 17:08:17] Benchmark @train_ep  330000 (bench_eps: 2000)
[2025-09-14 17:08:17] Macro Winrate          :  69.2%
[2025-09-14 17:08:17] Macro Ø-Reward         :  2.542
[2025-09-14 17:08:17] Winrate vs max_combo   :  47.9% | Σ-Reward:  4338.0 | Ø-Reward:  2.169 | Places: [958 (0.48), 587 (0.29), 290 (0.14), 165 (0.08)]
[2025-09-14 17:08:17] Winrate vs random2     :  81.7% | Σ-Reward:  5551.0 | Ø-Reward:  2.776 | Places: [1634 (0.82), 301 (0.15), 47 (0.02), 18 (0.01)]
[2025-09-14 17:08:17] Winrate vs single_only :  78.2% | Σ-Reward:  5364.0 | Ø-Reward:  2.682 | Places: [1563 (0.78), 267 (0.13), 141 (0.07), 29 (0.01)]
[2025-09-14 17:08:48] Timing @ep 330000: episode 59.4s | train 0.003s | eval 29.4s | plot 29.9s | save 0.006s | cum 4.65h
[2025-09-14 17:16:54] 
[2025-09-14 17:16:54] Benchmark @train_ep  340000 (bench_eps: 2000)
[2025-09-14 17:16:54] Macro Winrate          :  65.2%
[2025-09-14 17:16:54] Macro Ø-Reward         :  2.492
[2025-09-14 17:16:54] Winrate vs max_combo   :  41.9% | Σ-Reward:  4202.0 | Ø-Reward:  2.101 | Places: [837 (0.42), 671 (0.34), 349 (0.17), 143 (0.07)]
[2025-09-14 17:16:54] Winrate vs random2     :  79.5% | Σ-Reward:  5488.0 | Ø-Reward:  2.744 | Places: [1591 (0.80), 321 (0.16), 73 (0.04), 15 (0.01)]
[2025-09-14 17:16:54] Winrate vs single_only :  74.3% | Σ-Reward:  5259.0 | Ø-Reward:  2.630 | Places: [1486 (0.74), 320 (0.16), 161 (0.08), 33 (0.02)]
[2025-09-14 17:17:25] Timing @ep 340000: episode 60.9s | train 0.003s | eval 30.6s | plot 30.3s | save 0.006s | cum 4.79h
[2025-09-14 17:25:31] 
[2025-09-14 17:25:31] Benchmark @train_ep  350000 (bench_eps: 2000)
[2025-09-14 17:25:31] Macro Winrate          :  68.3%
[2025-09-14 17:25:31] Macro Ø-Reward         :  2.526
[2025-09-14 17:25:31] Winrate vs max_combo   :  45.7% | Σ-Reward:  4269.0 | Ø-Reward:  2.135 | Places: [914 (0.46), 614 (0.31), 299 (0.15), 173 (0.09)]
[2025-09-14 17:25:31] Winrate vs random2     :  78.8% | Σ-Reward:  5454.0 | Ø-Reward:  2.727 | Places: [1575 (0.79), 327 (0.16), 75 (0.04), 23 (0.01)]
[2025-09-14 17:25:31] Winrate vs single_only :  80.4% | Σ-Reward:  5435.0 | Ø-Reward:  2.717 | Places: [1608 (0.80), 257 (0.13), 97 (0.05), 38 (0.02)]
[2025-09-14 17:26:02] Timing @ep 350000: episode 59.2s | train 0.003s | eval 29.5s | plot 29.6s | save 0.007s | cum 4.93h
[2025-09-14 17:34:06] 
[2025-09-14 17:34:06] Benchmark @train_ep  360000 (bench_eps: 2000)
[2025-09-14 17:34:06] Macro Winrate          :  65.8%
[2025-09-14 17:34:06] Macro Ø-Reward         :  2.487
[2025-09-14 17:34:06] Winrate vs max_combo   :  45.9% | Σ-Reward:  4306.0 | Ø-Reward:  2.153 | Places: [918 (0.46), 610 (0.30), 332 (0.17), 140 (0.07)]
[2025-09-14 17:34:06] Winrate vs random2     :  78.8% | Σ-Reward:  5451.0 | Ø-Reward:  2.725 | Places: [1577 (0.79), 312 (0.16), 96 (0.05), 15 (0.01)]
[2025-09-14 17:34:06] Winrate vs single_only :  72.6% | Σ-Reward:  5165.0 | Ø-Reward:  2.583 | Places: [1452 (0.73), 310 (0.15), 189 (0.09), 49 (0.02)]
[2025-09-14 17:34:39] Timing @ep 360000: episode 62.7s | train 0.002s | eval 31.1s | plot 31.5s | save 0.007s | cum 5.07h
[2025-09-14 17:42:46] 
[2025-09-14 17:42:46] Benchmark @train_ep  370000 (bench_eps: 2000)
[2025-09-14 17:42:46] Macro Winrate          :  66.5%
[2025-09-14 17:42:46] Macro Ø-Reward         :  2.523
[2025-09-14 17:42:46] Winrate vs max_combo   :  46.0% | Σ-Reward:  4309.0 | Ø-Reward:  2.155 | Places: [921 (0.46), 613 (0.31), 320 (0.16), 146 (0.07)]
[2025-09-14 17:42:46] Winrate vs random2     :  77.8% | Σ-Reward:  5481.0 | Ø-Reward:  2.740 | Places: [1555 (0.78), 379 (0.19), 58 (0.03), 8 (0.00)]
[2025-09-14 17:42:46] Winrate vs single_only :  75.5% | Σ-Reward:  5349.0 | Ø-Reward:  2.675 | Places: [1511 (0.76), 346 (0.17), 124 (0.06), 19 (0.01)]
[2025-09-14 17:43:18] Timing @ep 370000: episode 61.6s | train 0.004s | eval 30.0s | plot 31.6s | save 0.007s | cum 5.21h
[2025-09-14 17:51:27] 
[2025-09-14 17:51:27] Benchmark @train_ep  380000 (bench_eps: 2000)
[2025-09-14 17:51:27] Macro Winrate          :  69.9%
[2025-09-14 17:51:27] Macro Ø-Reward         :  2.567
[2025-09-14 17:51:27] Winrate vs max_combo   :  49.5% | Σ-Reward:  4446.0 | Ø-Reward:  2.223 | Places: [990 (0.49), 585 (0.29), 306 (0.15), 119 (0.06)]
[2025-09-14 17:51:27] Winrate vs random2     :  82.1% | Σ-Reward:  5571.0 | Ø-Reward:  2.785 | Places: [1642 (0.82), 298 (0.15), 49 (0.02), 11 (0.01)]
[2025-09-14 17:51:27] Winrate vs single_only :  78.1% | Σ-Reward:  5386.0 | Ø-Reward:  2.693 | Places: [1562 (0.78), 288 (0.14), 124 (0.06), 26 (0.01)]
[2025-09-14 17:52:01] Timing @ep 380000: episode 62.1s | train 0.003s | eval 29.3s | plot 32.8s | save 0.006s | cum 5.35h
[2025-09-14 18:00:15] 
[2025-09-14 18:00:15] Benchmark @train_ep  390000 (bench_eps: 2000)
[2025-09-14 18:00:15] Macro Winrate          :  65.9%
[2025-09-14 18:00:15] Macro Ø-Reward         :  2.498
[2025-09-14 18:00:15] Winrate vs max_combo   :  46.8% | Σ-Reward:  4326.0 | Ø-Reward:  2.163 | Places: [935 (0.47), 604 (0.30), 313 (0.16), 148 (0.07)]
[2025-09-14 18:00:15] Winrate vs random2     :  75.5% | Σ-Reward:  5396.0 | Ø-Reward:  2.698 | Places: [1510 (0.76), 391 (0.20), 84 (0.04), 15 (0.01)]
[2025-09-14 18:00:15] Winrate vs single_only :  75.3% | Σ-Reward:  5264.0 | Ø-Reward:  2.632 | Places: [1506 (0.75), 277 (0.14), 192 (0.10), 25 (0.01)]
[2025-09-14 18:00:50] Timing @ep 390000: episode 63.4s | train 0.003s | eval 29.7s | plot 33.6s | save 0.007s | cum 5.49h
[2025-09-14 18:09:00] 
[2025-09-14 18:09:00] Benchmark @train_ep  400000 (bench_eps: 2000)
[2025-09-14 18:09:00] Macro Winrate          :  69.6%
[2025-09-14 18:09:00] Macro Ø-Reward         :  2.536
[2025-09-14 18:09:00] Winrate vs max_combo   :  48.7% | Σ-Reward:  4351.0 | Ø-Reward:  2.175 | Places: [974 (0.49), 564 (0.28), 301 (0.15), 161 (0.08)]
[2025-09-14 18:09:00] Winrate vs random2     :  79.2% | Σ-Reward:  5473.0 | Ø-Reward:  2.736 | Places: [1583 (0.79), 321 (0.16), 82 (0.04), 14 (0.01)]
[2025-09-14 18:09:00] Winrate vs single_only :  81.0% | Σ-Reward:  5394.0 | Ø-Reward:  2.697 | Places: [1619 (0.81), 203 (0.10), 131 (0.07), 47 (0.02)]
[2025-09-14 18:09:36] Timing @ep 400000: episode 63.3s | train 0.003s | eval 29.3s | plot 34.0s | save 0.006s | cum 5.63h
