[2025-08-21 10:05:01] New Training (k1a1)
[2025-08-21 10:05:01] Deck_Size: 64
[2025-08-21 10:05:01] Episodes: 200
[2025-08-21 10:05:01] Path: /home/wasterix/OpenSpiel/open_spiel/President/models/k1a1/model_62
[2025-08-21 10:05:13] 
[2025-08-21 10:05:13] Benchmark @train_ep     100 (bench_eps: 500)
[2025-08-21 10:05:13] Macro Winrate          :  22.1%
[2025-08-21 10:05:13] Macro Ø-Reward         :  1.270
[2025-08-21 10:05:13] Winrate vs max_combo   :   5.8% | Σ-Reward:  325.0 | Ø-Reward:  0.650 | Places: [29 (0.06), 54 (0.11), 130 (0.26), 287 (0.57)]
[2025-08-21 10:05:13] Winrate vs random2     :  26.8% | Σ-Reward:  761.0 | Ø-Reward:  1.522 | Places: [134 (0.27), 122 (0.24), 115 (0.23), 129 (0.26)]
[2025-08-21 10:05:13] Winrate vs single_only :  33.8% | Σ-Reward:  819.0 | Ø-Reward:  1.638 | Places: [169 (0.34), 98 (0.20), 116 (0.23), 117 (0.23)]
[2025-08-21 10:05:16] Timing @ep 100: episode 12.5s | train 0.003s | eval 10.2s | plot 2.3s | save 0.003s | cum 0.00h
[2025-08-21 10:05:27] 
[2025-08-21 10:05:27] Benchmark @train_ep     200 (bench_eps: 500)
[2025-08-21 10:05:27] Macro Winrate          :  28.6%
[2025-08-21 10:05:27] Macro Ø-Reward         :  1.449
[2025-08-21 10:05:27] Winrate vs max_combo   :   7.6% | Σ-Reward:  357.0 | Ø-Reward:  0.714 | Places: [38 (0.08), 64 (0.13), 115 (0.23), 283 (0.57)]
[2025-08-21 10:05:27] Winrate vs random2     :  32.2% | Σ-Reward:  837.0 | Ø-Reward:  1.674 | Places: [161 (0.32), 122 (0.24), 110 (0.22), 107 (0.21)]
[2025-08-21 10:05:27] Winrate vs single_only :  46.0% | Σ-Reward:  980.0 | Ø-Reward:  1.960 | Places: [230 (0.46), 107 (0.21), 76 (0.15), 87 (0.17)]
[2025-08-21 10:05:29] Timing @ep 200: episode 12.4s | train 0.003s | eval 9.8s | plot 2.6s | save 0.001s | cum 0.01h
[2025-08-21 10:05:29] 
[2025-08-21 10:05:29] Gesamtzeit: 0.01h (~ 7.17 eps/s)
[2025-08-21 10:05:29] K1 Training abgeschlossen.
