[2025-08-25 08:33:10] New Training (k1a1)
[2025-08-25 08:33:10] Deck_Size: 64
[2025-08-25 08:33:10] Episodes: 100000
[2025-08-25 08:33:10] Path: /home/wasterix/OpenSpiel/open_spiel/President/models/k1a1/model_94
[2025-08-25 08:34:46] 
[2025-08-25 08:34:46] Benchmark @train_ep    5000 (bench_eps: 2000)
[2025-08-25 08:34:46] Macro Winrate          :  58.5%
[2025-08-25 08:34:46] Macro Ø-Reward         :  2.241
[2025-08-25 08:34:46] Winrate vs max_combo   :  24.7% | Σ-Reward:  2950.0 | Ø-Reward:  1.475 | Places: [494 (0.25), 483 (0.24), 502 (0.25), 521 (0.26)]
[2025-08-25 08:34:46] Winrate vs random2     :  63.6% | Σ-Reward:  4874.0 | Ø-Reward:  2.437 | Places: [1273 (0.64), 431 (0.22), 193 (0.10), 103 (0.05)]
[2025-08-25 08:34:46] Winrate vs single_only :  87.0% | Σ-Reward:  5625.0 | Ø-Reward:  2.812 | Places: [1741 (0.87), 170 (0.09), 62 (0.03), 27 (0.01)]
[2025-08-25 08:34:49] Timing @ep 5000: episode 37.3s | train 0.002s | eval 33.8s | plot 3.5s | save 0.003s | cum 0.03h
[2025-08-25 08:36:35] 
[2025-08-25 08:36:35] Benchmark @train_ep   10000 (bench_eps: 2000)
[2025-08-25 08:36:35] Macro Winrate          :  59.9%
[2025-08-25 08:36:35] Macro Ø-Reward         :  2.350
[2025-08-25 08:36:35] Winrate vs max_combo   :  36.5% | Σ-Reward:  3649.0 | Ø-Reward:  1.825 | Places: [731 (0.37), 529 (0.26), 398 (0.20), 342 (0.17)]
[2025-08-25 08:36:35] Winrate vs random2     :  72.3% | Σ-Reward:  5219.0 | Ø-Reward:  2.610 | Places: [1447 (0.72), 378 (0.19), 122 (0.06), 53 (0.03)]
[2025-08-25 08:36:35] Winrate vs single_only :  70.8% | Σ-Reward:  5229.0 | Ø-Reward:  2.615 | Places: [1415 (0.71), 449 (0.22), 86 (0.04), 50 (0.03)]
[2025-08-25 08:36:40] Timing @ep 10000: episode 46.1s | train 0.003s | eval 40.6s | plot 5.6s | save 0.001s | cum 0.06h
[2025-08-25 08:38:25] 
[2025-08-25 08:38:25] Benchmark @train_ep   15000 (bench_eps: 2000)
[2025-08-25 08:38:25] Macro Winrate          :  63.1%
[2025-08-25 08:38:25] Macro Ø-Reward         :  2.392
[2025-08-25 08:38:25] Winrate vs max_combo   :  37.1% | Σ-Reward:  3665.0 | Ø-Reward:  1.833 | Places: [743 (0.37), 507 (0.25), 422 (0.21), 328 (0.16)]
[2025-08-25 08:38:25] Winrate vs random2     :  75.0% | Σ-Reward:  5319.0 | Ø-Reward:  2.659 | Places: [1499 (0.75), 361 (0.18), 100 (0.05), 40 (0.02)]
[2025-08-25 08:38:25] Winrate vs single_only :  77.1% | Σ-Reward:  5367.0 | Ø-Reward:  2.683 | Places: [1542 (0.77), 319 (0.16), 103 (0.05), 36 (0.02)]
[2025-08-25 08:38:32] Timing @ep 15000: episode 43.6s | train 0.004s | eval 36.5s | plot 7.1s | save 0.001s | cum 0.09h
[2025-08-25 08:40:20] 
[2025-08-25 08:40:20] Benchmark @train_ep   20000 (bench_eps: 2000)
[2025-08-25 08:40:20] Macro Winrate          :  62.8%
[2025-08-25 08:40:20] Macro Ø-Reward         :  2.478
[2025-08-25 08:40:20] Winrate vs max_combo   :  38.4% | Σ-Reward:  4062.0 | Ø-Reward:  2.031 | Places: [768 (0.38), 692 (0.35), 374 (0.19), 166 (0.08)]
[2025-08-25 08:40:20] Winrate vs random2     :  78.1% | Σ-Reward:  5481.0 | Ø-Reward:  2.740 | Places: [1562 (0.78), 368 (0.18), 59 (0.03), 11 (0.01)]
[2025-08-25 08:40:20] Winrate vs single_only :  72.0% | Σ-Reward:  5323.0 | Ø-Reward:  2.662 | Places: [1441 (0.72), 460 (0.23), 80 (0.04), 19 (0.01)]
[2025-08-25 08:40:29] Timing @ep 20000: episode 50.7s | train 0.004s | eval 42.4s | plot 8.3s | save 0.002s | cum 0.12h
[2025-08-25 08:42:15] 
[2025-08-25 08:42:15] Benchmark @train_ep   25000 (bench_eps: 2000)
[2025-08-25 08:42:15] Macro Winrate          :  63.9%
[2025-08-25 08:42:15] Macro Ø-Reward         :  2.484
[2025-08-25 08:42:15] Winrate vs max_combo   :  40.7% | Σ-Reward:  4073.0 | Ø-Reward:  2.037 | Places: [814 (0.41), 624 (0.31), 383 (0.19), 179 (0.09)]
[2025-08-25 08:42:15] Winrate vs random2     :  77.9% | Σ-Reward:  5495.0 | Ø-Reward:  2.748 | Places: [1558 (0.78), 385 (0.19), 51 (0.03), 6 (0.00)]
[2025-08-25 08:42:15] Winrate vs single_only :  73.2% | Σ-Reward:  5335.0 | Ø-Reward:  2.667 | Places: [1463 (0.73), 423 (0.21), 100 (0.05), 14 (0.01)]
[2025-08-25 08:42:24] Timing @ep 25000: episode 50.0s | train 0.003s | eval 41.3s | plot 8.7s | save 0.001s | cum 0.15h
[2025-08-25 08:44:11] 
[2025-08-25 08:44:11] Benchmark @train_ep   30000 (bench_eps: 2000)
[2025-08-25 08:44:11] Macro Winrate          :  62.8%
[2025-08-25 08:44:11] Macro Ø-Reward         :  2.437
[2025-08-25 08:44:11] Winrate vs max_combo   :  41.1% | Σ-Reward:  3963.0 | Ø-Reward:  1.982 | Places: [823 (0.41), 569 (0.28), 356 (0.18), 252 (0.13)]
[2025-08-25 08:44:11] Winrate vs random2     :  79.8% | Σ-Reward:  5481.0 | Ø-Reward:  2.740 | Places: [1596 (0.80), 307 (0.15), 79 (0.04), 18 (0.01)]
[2025-08-25 08:44:11] Winrate vs single_only :  67.3% | Σ-Reward:  5175.0 | Ø-Reward:  2.587 | Places: [1347 (0.67), 508 (0.25), 118 (0.06), 27 (0.01)]
[2025-08-25 08:44:20] Timing @ep 30000: episode 50.9s | train 0.003s | eval 41.2s | plot 9.7s | save 0.001s | cum 0.19h
[2025-08-25 08:45:58] 
[2025-08-25 08:45:58] Benchmark @train_ep   35000 (bench_eps: 2000)
[2025-08-25 08:45:58] Macro Winrate          :  66.7%
[2025-08-25 08:45:58] Macro Ø-Reward         :  2.486
[2025-08-25 08:45:58] Winrate vs max_combo   :  40.5% | Σ-Reward:  3961.0 | Ø-Reward:  1.980 | Places: [809 (0.40), 586 (0.29), 362 (0.18), 243 (0.12)]
[2025-08-25 08:45:58] Winrate vs random2     :  81.9% | Σ-Reward:  5511.0 | Ø-Reward:  2.756 | Places: [1638 (0.82), 263 (0.13), 71 (0.04), 28 (0.01)]
[2025-08-25 08:45:58] Winrate vs single_only :  77.8% | Σ-Reward:  5443.0 | Ø-Reward:  2.721 | Places: [1555 (0.78), 354 (0.18), 70 (0.04), 21 (0.01)]
[2025-08-25 08:46:09] Timing @ep 35000: episode 49.0s | train 0.003s | eval 38.0s | plot 11.0s | save 0.001s | cum 0.22h
[2025-08-25 08:47:51] 
[2025-08-25 08:47:51] Benchmark @train_ep   40000 (bench_eps: 2000)
[2025-08-25 08:47:51] Macro Winrate          :  64.6%
[2025-08-25 08:47:51] Macro Ø-Reward         :  2.488
[2025-08-25 08:47:51] Winrate vs max_combo   :  42.2% | Σ-Reward:  4120.0 | Ø-Reward:  2.060 | Places: [844 (0.42), 613 (0.31), 362 (0.18), 181 (0.09)]
[2025-08-25 08:47:51] Winrate vs random2     :  81.1% | Σ-Reward:  5557.0 | Ø-Reward:  2.779 | Places: [1622 (0.81), 322 (0.16), 47 (0.02), 9 (0.00)]
[2025-08-25 08:47:51] Winrate vs single_only :  70.6% | Σ-Reward:  5252.0 | Ø-Reward:  2.626 | Places: [1412 (0.71), 452 (0.23), 112 (0.06), 24 (0.01)]
[2025-08-25 08:48:03] Timing @ep 40000: episode 49.7s | train 0.003s | eval 38.0s | plot 11.7s | save 0.001s | cum 0.25h
[2025-08-25 08:49:45] 
[2025-08-25 08:49:45] Benchmark @train_ep   45000 (bench_eps: 2000)
[2025-08-25 08:49:45] Macro Winrate          :  65.4%
[2025-08-25 08:49:45] Macro Ø-Reward         :  2.474
[2025-08-25 08:49:45] Winrate vs max_combo   :  42.5% | Σ-Reward:  4034.0 | Ø-Reward:  2.017 | Places: [849 (0.42), 569 (0.28), 349 (0.17), 233 (0.12)]
[2025-08-25 08:49:45] Winrate vs random2     :  80.2% | Σ-Reward:  5472.0 | Ø-Reward:  2.736 | Places: [1603 (0.80), 293 (0.15), 77 (0.04), 27 (0.01)]
[2025-08-25 08:49:45] Winrate vs single_only :  73.7% | Σ-Reward:  5335.0 | Ø-Reward:  2.667 | Places: [1474 (0.74), 410 (0.20), 93 (0.05), 23 (0.01)]
[2025-08-25 08:49:57] Timing @ep 45000: episode 50.2s | train 0.003s | eval 37.6s | plot 12.6s | save 0.001s | cum 0.28h
[2025-08-25 08:51:48] 
[2025-08-25 08:51:48] Benchmark @train_ep   50000 (bench_eps: 2000)
[2025-08-25 08:51:48] Macro Winrate          :  60.6%
[2025-08-25 08:51:48] Macro Ø-Reward         :  2.426
[2025-08-25 08:51:48] Winrate vs max_combo   :  39.5% | Σ-Reward:  3990.0 | Ø-Reward:  1.995 | Places: [789 (0.39), 631 (0.32), 361 (0.18), 219 (0.11)]
[2025-08-25 08:51:48] Winrate vs random2     :  77.1% | Σ-Reward:  5442.0 | Ø-Reward:  2.721 | Places: [1542 (0.77), 371 (0.19), 74 (0.04), 13 (0.01)]
[2025-08-25 08:51:48] Winrate vs single_only :  65.2% | Σ-Reward:  5122.0 | Ø-Reward:  2.561 | Places: [1304 (0.65), 547 (0.27), 116 (0.06), 33 (0.02)]
[2025-08-25 08:52:00] Timing @ep 50000: episode 55.7s | train 0.003s | eval 43.2s | plot 12.6s | save 0.002s | cum 0.31h
[2025-08-25 08:53:47] 
[2025-08-25 08:53:47] Benchmark @train_ep   55000 (bench_eps: 2000)
[2025-08-25 08:53:47] Macro Winrate          :  63.1%
[2025-08-25 08:53:47] Macro Ø-Reward         :  2.462
[2025-08-25 08:53:47] Winrate vs max_combo   :  41.6% | Σ-Reward:  4071.0 | Ø-Reward:  2.035 | Places: [833 (0.42), 615 (0.31), 342 (0.17), 210 (0.10)]
[2025-08-25 08:53:47] Winrate vs random2     :  79.8% | Σ-Reward:  5488.0 | Ø-Reward:  2.744 | Places: [1595 (0.80), 318 (0.16), 67 (0.03), 20 (0.01)]
[2025-08-25 08:53:47] Winrate vs single_only :  67.9% | Σ-Reward:  5213.0 | Ø-Reward:  2.607 | Places: [1358 (0.68), 520 (0.26), 99 (0.05), 23 (0.01)]
[2025-08-25 08:54:00] Timing @ep 55000: episode 54.6s | train 0.003s | eval 41.5s | plot 13.1s | save 0.004s | cum 0.35h
[2025-08-25 08:55:44] 
[2025-08-25 08:55:44] Benchmark @train_ep   60000 (bench_eps: 2000)
[2025-08-25 08:55:44] Macro Winrate          :  68.7%
[2025-08-25 08:55:44] Macro Ø-Reward         :  2.537
[2025-08-25 08:55:44] Winrate vs max_combo   :  45.0% | Σ-Reward:  4156.0 | Ø-Reward:  2.078 | Places: [900 (0.45), 572 (0.29), 312 (0.16), 216 (0.11)]
[2025-08-25 08:55:44] Winrate vs random2     :  82.3% | Σ-Reward:  5575.0 | Ø-Reward:  2.788 | Places: [1647 (0.82), 294 (0.15), 46 (0.02), 13 (0.01)]
[2025-08-25 08:55:44] Winrate vs single_only :  78.8% | Σ-Reward:  5494.0 | Ø-Reward:  2.747 | Places: [1577 (0.79), 354 (0.18), 55 (0.03), 14 (0.01)]
[2025-08-25 08:56:00] Timing @ep 60000: episode 52.6s | train 0.003s | eval 37.4s | plot 15.2s | save 0.002s | cum 0.38h
[2025-08-25 08:57:44] 
[2025-08-25 08:57:44] Benchmark @train_ep   65000 (bench_eps: 2000)
[2025-08-25 08:57:44] Macro Winrate          :  66.2%
[2025-08-25 08:57:44] Macro Ø-Reward         :  2.514
[2025-08-25 08:57:44] Winrate vs max_combo   :  41.6% | Σ-Reward:  4121.0 | Ø-Reward:  2.061 | Places: [833 (0.42), 651 (0.33), 320 (0.16), 196 (0.10)]
[2025-08-25 08:57:44] Winrate vs random2     :  83.1% | Σ-Reward:  5586.0 | Ø-Reward:  2.793 | Places: [1662 (0.83), 278 (0.14), 44 (0.02), 16 (0.01)]
[2025-08-25 08:57:44] Winrate vs single_only :  74.0% | Σ-Reward:  5374.0 | Ø-Reward:  2.687 | Places: [1480 (0.74), 431 (0.22), 72 (0.04), 17 (0.01)]
[2025-08-25 08:58:02] Timing @ep 65000: episode 55.6s | train 0.003s | eval 38.3s | plot 17.3s | save 0.001s | cum 0.41h
[2025-08-25 08:59:45] 
[2025-08-25 08:59:45] Benchmark @train_ep   70000 (bench_eps: 2000)
[2025-08-25 08:59:45] Macro Winrate          :  68.1%
[2025-08-25 08:59:45] Macro Ø-Reward         :  2.527
[2025-08-25 08:59:45] Winrate vs max_combo   :  44.9% | Σ-Reward:  4170.0 | Ø-Reward:  2.085 | Places: [898 (0.45), 569 (0.28), 338 (0.17), 195 (0.10)]
[2025-08-25 08:59:45] Winrate vs random2     :  83.0% | Σ-Reward:  5584.0 | Ø-Reward:  2.792 | Places: [1661 (0.83), 275 (0.14), 51 (0.03), 13 (0.01)]
[2025-08-25 08:59:45] Winrate vs single_only :  76.3% | Σ-Reward:  5409.0 | Ø-Reward:  2.704 | Places: [1526 (0.76), 369 (0.18), 93 (0.05), 12 (0.01)]
[2025-08-25 09:00:01] Timing @ep 70000: episode 55.7s | train 0.004s | eval 39.6s | plot 16.1s | save 0.001s | cum 0.45h
[2025-08-25 09:01:48] 
[2025-08-25 09:01:48] Benchmark @train_ep   75000 (bench_eps: 2000)
[2025-08-25 09:01:48] Macro Winrate          :  65.9%
[2025-08-25 09:01:48] Macro Ø-Reward         :  2.486
[2025-08-25 09:01:48] Winrate vs max_combo   :  44.0% | Σ-Reward:  4085.0 | Ø-Reward:  2.042 | Places: [879 (0.44), 564 (0.28), 320 (0.16), 237 (0.12)]
[2025-08-25 09:01:48] Winrate vs random2     :  82.4% | Σ-Reward:  5546.0 | Ø-Reward:  2.773 | Places: [1648 (0.82), 275 (0.14), 52 (0.03), 25 (0.01)]
[2025-08-25 09:01:48] Winrate vs single_only :  71.4% | Σ-Reward:  5285.0 | Ø-Reward:  2.643 | Places: [1428 (0.71), 460 (0.23), 81 (0.04), 31 (0.02)]
[2025-08-25 09:02:04] Timing @ep 75000: episode 54.9s | train 0.003s | eval 38.8s | plot 16.1s | save 0.001s | cum 0.48h
[2025-08-25 09:03:50] 
[2025-08-25 09:03:50] Benchmark @train_ep   80000 (bench_eps: 2000)
[2025-08-25 09:03:50] Macro Winrate          :  64.6%
[2025-08-25 09:03:50] Macro Ø-Reward         :  2.506
[2025-08-25 09:03:50] Winrate vs max_combo   :  44.1% | Σ-Reward:  4237.0 | Ø-Reward:  2.119 | Places: [882 (0.44), 640 (0.32), 311 (0.16), 167 (0.08)]
[2025-08-25 09:03:50] Winrate vs random2     :  83.0% | Σ-Reward:  5602.0 | Ø-Reward:  2.801 | Places: [1660 (0.83), 290 (0.14), 42 (0.02), 8 (0.00)]
[2025-08-25 09:03:50] Winrate vs single_only :  66.7% | Σ-Reward:  5194.0 | Ø-Reward:  2.597 | Places: [1333 (0.67), 545 (0.27), 105 (0.05), 17 (0.01)]
[2025-08-25 09:04:07] Timing @ep 80000: episode 57.3s | train 0.003s | eval 40.6s | plot 16.7s | save 0.001s | cum 0.52h
[2025-08-25 09:05:51] 
[2025-08-25 09:05:51] Benchmark @train_ep   85000 (bench_eps: 2000)
[2025-08-25 09:05:51] Macro Winrate          :  68.1%
[2025-08-25 09:05:51] Macro Ø-Reward         :  2.530
[2025-08-25 09:05:51] Winrate vs max_combo   :  45.0% | Σ-Reward:  4198.0 | Ø-Reward:  2.099 | Places: [900 (0.45), 602 (0.30), 294 (0.15), 204 (0.10)]
[2025-08-25 09:05:51] Winrate vs random2     :  81.5% | Σ-Reward:  5529.0 | Ø-Reward:  2.764 | Places: [1629 (0.81), 291 (0.15), 60 (0.03), 20 (0.01)]
[2025-08-25 09:05:51] Winrate vs single_only :  77.8% | Σ-Reward:  5452.0 | Ø-Reward:  2.726 | Places: [1556 (0.78), 357 (0.18), 70 (0.04), 17 (0.01)]
[2025-08-25 09:06:08] Timing @ep 85000: episode 52.8s | train 0.003s | eval 36.1s | plot 16.7s | save 0.001s | cum 0.55h
[2025-08-25 09:07:51] 
[2025-08-25 09:07:51] Benchmark @train_ep   90000 (bench_eps: 2000)
[2025-08-25 09:07:51] Macro Winrate          :  65.4%
[2025-08-25 09:07:51] Macro Ø-Reward         :  2.516
[2025-08-25 09:07:51] Winrate vs max_combo   :  44.1% | Σ-Reward:  4222.0 | Ø-Reward:  2.111 | Places: [883 (0.44), 623 (0.31), 327 (0.16), 167 (0.08)]
[2025-08-25 09:07:51] Winrate vs random2     :  82.2% | Σ-Reward:  5576.0 | Ø-Reward:  2.788 | Places: [1643 (0.82), 300 (0.15), 47 (0.02), 10 (0.01)]
[2025-08-25 09:07:51] Winrate vs single_only :  69.8% | Σ-Reward:  5296.0 | Ø-Reward:  2.648 | Places: [1395 (0.70), 517 (0.26), 77 (0.04), 11 (0.01)]
[2025-08-25 09:08:08] Timing @ep 90000: episode 56.1s | train 0.003s | eval 39.0s | plot 17.1s | save 0.001s | cum 0.58h
[2025-08-25 09:09:50] 
[2025-08-25 09:09:50] Benchmark @train_ep   95000 (bench_eps: 2000)
[2025-08-25 09:09:50] Macro Winrate          :  68.9%
[2025-08-25 09:09:50] Macro Ø-Reward         :  2.552
[2025-08-25 09:09:50] Winrate vs max_combo   :  46.1% | Σ-Reward:  4277.0 | Ø-Reward:  2.139 | Places: [923 (0.46), 603 (0.30), 302 (0.15), 172 (0.09)]
[2025-08-25 09:09:50] Winrate vs random2     :  82.1% | Σ-Reward:  5563.0 | Ø-Reward:  2.781 | Places: [1642 (0.82), 294 (0.15), 49 (0.02), 15 (0.01)]
[2025-08-25 09:09:50] Winrate vs single_only :  78.4% | Σ-Reward:  5469.0 | Ø-Reward:  2.735 | Places: [1568 (0.78), 345 (0.17), 75 (0.04), 12 (0.01)]
[2025-08-25 09:10:08] Timing @ep 95000: episode 55.2s | train 0.004s | eval 37.5s | plot 17.7s | save 0.002s | cum 0.62h
[2025-08-25 09:11:57] 
[2025-08-25 09:11:57] Benchmark @train_ep  100000 (bench_eps: 2000)
[2025-08-25 09:11:57] Macro Winrate          :  66.9%
[2025-08-25 09:11:57] Macro Ø-Reward         :  2.539
[2025-08-25 09:11:57] Winrate vs max_combo   :  45.0% | Σ-Reward:  4283.0 | Ø-Reward:  2.142 | Places: [899 (0.45), 619 (0.31), 348 (0.17), 134 (0.07)]
[2025-08-25 09:11:57] Winrate vs random2     :  81.4% | Σ-Reward:  5561.0 | Ø-Reward:  2.780 | Places: [1628 (0.81), 314 (0.16), 49 (0.02), 9 (0.00)]
[2025-08-25 09:11:57] Winrate vs single_only :  74.2% | Σ-Reward:  5393.0 | Ø-Reward:  2.696 | Places: [1485 (0.74), 430 (0.21), 78 (0.04), 7 (0.00)]
[2025-08-25 09:12:16] Timing @ep 100000: episode 62.2s | train 0.003s | eval 43.0s | plot 19.2s | save 0.002s | cum 0.65h
[2025-08-25 09:12:16] 
[2025-08-25 09:12:16] Gesamtzeit: 0.65h (~ 42.64 eps/s)
[2025-08-25 09:12:16] k1a1, Single Agent vs Heuristiken (max_combo). Training abgeschlossen.
[2025-08-25 09:12:16] Path: /home/wasterix/OpenSpiel/open_spiel/President/models/k1a1/model_94
