[2025-09-14 20:52:11] New Training (k3a1): Snapshot-Selfplay PPO
[2025-09-14 20:52:11] Deck_Size: 64
[2025-09-14 20:52:11] Episodes: 1000000
[2025-09-14 20:52:11] Path: /home/wasterix/Multiagent/OpenSpiel_neu/open_spiel/President/models/k3a1/model_32
[2025-09-14 20:57:28] 
[2025-09-14 20:57:28] Benchmark @train_ep   10000 (bench_eps: 2000)
[2025-09-14 20:57:28] Macro Winrate          :  62.4%
[2025-09-14 20:57:28] Macro Ø-Reward         :  2.369
[2025-09-14 20:57:28] Winrate vs max_combo   :  31.6% | Σ-Reward:  3505.0 | Ø-Reward:  1.752 | Places: [633 (0.32), 589 (0.29), 428 (0.21), 350 (0.17)]
[2025-09-14 20:57:28] Winrate vs random2     :  71.0% | Σ-Reward:  5163.0 | Ø-Reward:  2.582 | Places: [1421 (0.71), 393 (0.20), 114 (0.06), 72 (0.04)]
[2025-09-14 20:57:28] Winrate vs single_only :  84.6% | Σ-Reward:  5543.0 | Ø-Reward:  2.772 | Places: [1692 (0.85), 208 (0.10), 51 (0.03), 49 (0.02)]
[2025-09-14 20:57:31] Timing @ep 10000: episode 33.7s | train 0.004s | eval 30.1s | plot 3.6s | save 0.010s | cum 0.09h
[2025-09-14 21:02:35] 
[2025-09-14 21:02:35] Benchmark @train_ep   20000 (bench_eps: 2000)
[2025-09-14 21:02:35] Macro Winrate          :  65.1%
[2025-09-14 21:02:35] Macro Ø-Reward         :  2.424
[2025-09-14 21:02:35] Winrate vs max_combo   :  35.0% | Σ-Reward:  3649.0 | Ø-Reward:  1.825 | Places: [701 (0.35), 562 (0.28), 422 (0.21), 315 (0.16)]
[2025-09-14 21:02:35] Winrate vs random2     :  72.0% | Σ-Reward:  5196.0 | Ø-Reward:  2.598 | Places: [1440 (0.72), 375 (0.19), 126 (0.06), 59 (0.03)]
[2025-09-14 21:02:35] Winrate vs single_only :  88.3% | Σ-Reward:  5697.0 | Ø-Reward:  2.849 | Places: [1766 (0.88), 177 (0.09), 45 (0.02), 12 (0.01)]
[2025-09-14 21:02:40] Timing @ep 20000: episode 34.1s | train 0.003s | eval 29.2s | plot 4.8s | save 0.002s | cum 0.17h
[2025-09-14 21:07:53] 
[2025-09-14 21:07:53] Benchmark @train_ep   30000 (bench_eps: 2000)
[2025-09-14 21:07:53] Macro Winrate          :  63.2%
[2025-09-14 21:07:53] Macro Ø-Reward         :  2.432
[2025-09-14 21:07:53] Winrate vs max_combo   :  37.5% | Σ-Reward:  3813.0 | Ø-Reward:  1.907 | Places: [751 (0.38), 571 (0.29), 418 (0.21), 260 (0.13)]
[2025-09-14 21:07:53] Winrate vs random2     :  71.7% | Σ-Reward:  5259.0 | Ø-Reward:  2.630 | Places: [1434 (0.72), 426 (0.21), 105 (0.05), 35 (0.02)]
[2025-09-14 21:07:53] Winrate vs single_only :  80.4% | Σ-Reward:  5520.0 | Ø-Reward:  2.760 | Places: [1608 (0.80), 313 (0.16), 70 (0.04), 9 (0.00)]
[2025-09-14 21:07:59] Timing @ep 30000: episode 36.1s | train 0.002s | eval 30.4s | plot 5.7s | save 0.002s | cum 0.25h
[2025-09-14 21:13:13] 
[2025-09-14 21:13:13] Benchmark @train_ep   40000 (bench_eps: 2000)
[2025-09-14 21:13:13] Macro Winrate          :  66.3%
[2025-09-14 21:13:13] Macro Ø-Reward         :  2.439
[2025-09-14 21:13:13] Winrate vs max_combo   :  37.0% | Σ-Reward:  3739.0 | Ø-Reward:  1.869 | Places: [740 (0.37), 557 (0.28), 405 (0.20), 298 (0.15)]
[2025-09-14 21:13:13] Winrate vs random2     :  74.7% | Σ-Reward:  5263.0 | Ø-Reward:  2.631 | Places: [1493 (0.75), 340 (0.17), 104 (0.05), 63 (0.03)]
[2025-09-14 21:13:13] Winrate vs single_only :  87.3% | Σ-Reward:  5630.0 | Ø-Reward:  2.815 | Places: [1747 (0.87), 166 (0.08), 57 (0.03), 30 (0.01)]
[2025-09-14 21:13:19] Timing @ep 40000: episode 35.4s | train 0.003s | eval 29.0s | plot 6.4s | save 0.002s | cum 0.34h
[2025-09-14 21:18:39] 
[2025-09-14 21:18:39] Benchmark @train_ep   50000 (bench_eps: 2000)
[2025-09-14 21:18:39] Macro Winrate          :  64.1%
[2025-09-14 21:18:39] Macro Ø-Reward         :  2.469
[2025-09-14 21:18:39] Winrate vs max_combo   :  35.8% | Σ-Reward:  3862.0 | Ø-Reward:  1.931 | Places: [716 (0.36), 671 (0.34), 372 (0.19), 241 (0.12)]
[2025-09-14 21:18:39] Winrate vs random2     :  76.1% | Σ-Reward:  5425.0 | Ø-Reward:  2.712 | Places: [1522 (0.76), 391 (0.20), 77 (0.04), 10 (0.01)]
[2025-09-14 21:18:39] Winrate vs single_only :  80.4% | Σ-Reward:  5528.0 | Ø-Reward:  2.764 | Places: [1608 (0.80), 317 (0.16), 70 (0.04), 5 (0.00)]
[2025-09-14 21:18:47] Timing @ep 50000: episode 39.5s | train 0.003s | eval 31.9s | plot 7.6s | save 0.002s | cum 0.43h
[2025-09-14 21:24:12] 
[2025-09-14 21:24:12] Benchmark @train_ep   60000 (bench_eps: 2000)
[2025-09-14 21:24:12] Macro Winrate          :  67.8%
[2025-09-14 21:24:12] Macro Ø-Reward         :  2.515
[2025-09-14 21:24:12] Winrate vs max_combo   :  41.9% | Σ-Reward:  4047.0 | Ø-Reward:  2.023 | Places: [837 (0.42), 588 (0.29), 360 (0.18), 215 (0.11)]
[2025-09-14 21:24:12] Winrate vs random2     :  77.2% | Σ-Reward:  5453.0 | Ø-Reward:  2.727 | Places: [1545 (0.77), 374 (0.19), 70 (0.04), 11 (0.01)]
[2025-09-14 21:24:12] Winrate vs single_only :  84.2% | Σ-Reward:  5593.0 | Ø-Reward:  2.796 | Places: [1684 (0.84), 236 (0.12), 69 (0.03), 11 (0.01)]
[2025-09-14 21:24:21] Timing @ep 60000: episode 40.0s | train 0.004s | eval 31.5s | plot 8.5s | save 0.002s | cum 0.52h
[2025-09-14 21:29:35] 
[2025-09-14 21:29:35] Benchmark @train_ep   70000 (bench_eps: 2000)
[2025-09-14 21:29:35] Macro Winrate          :  68.0%
[2025-09-14 21:29:35] Macro Ø-Reward         :  2.504
[2025-09-14 21:29:35] Winrate vs max_combo   :  40.1% | Σ-Reward:  3973.0 | Ø-Reward:  1.986 | Places: [803 (0.40), 589 (0.29), 386 (0.19), 222 (0.11)]
[2025-09-14 21:29:35] Winrate vs random2     :  76.1% | Σ-Reward:  5379.0 | Ø-Reward:  2.689 | Places: [1522 (0.76), 360 (0.18), 93 (0.05), 25 (0.01)]
[2025-09-14 21:29:35] Winrate vs single_only :  87.7% | Σ-Reward:  5672.0 | Ø-Reward:  2.836 | Places: [1754 (0.88), 175 (0.09), 60 (0.03), 11 (0.01)]
[2025-09-14 21:29:45] Timing @ep 70000: episode 38.4s | train 0.002s | eval 29.0s | plot 9.4s | save 0.002s | cum 0.61h
[2025-09-14 21:35:02] 
[2025-09-14 21:35:02] Benchmark @train_ep   80000 (bench_eps: 2000)
[2025-09-14 21:35:02] Macro Winrate          :  69.2%
[2025-09-14 21:35:02] Macro Ø-Reward         :  2.526
[2025-09-14 21:35:02] Winrate vs max_combo   :  38.5% | Σ-Reward:  3931.0 | Ø-Reward:  1.966 | Places: [770 (0.39), 616 (0.31), 389 (0.19), 225 (0.11)]
[2025-09-14 21:35:02] Winrate vs random2     :  81.9% | Σ-Reward:  5548.0 | Ø-Reward:  2.774 | Places: [1638 (0.82), 288 (0.14), 58 (0.03), 16 (0.01)]
[2025-09-14 21:35:02] Winrate vs single_only :  87.1% | Σ-Reward:  5675.0 | Ø-Reward:  2.837 | Places: [1742 (0.87), 199 (0.10), 51 (0.03), 8 (0.00)]
[2025-09-14 21:35:13] Timing @ep 80000: episode 40.2s | train 0.003s | eval 29.9s | plot 10.2s | save 0.002s | cum 0.69h
[2025-09-14 21:40:30] 
[2025-09-14 21:40:30] Benchmark @train_ep   90000 (bench_eps: 2000)
[2025-09-14 21:40:30] Macro Winrate          :  69.4%
[2025-09-14 21:40:30] Macro Ø-Reward         :  2.536
[2025-09-14 21:40:30] Winrate vs max_combo   :  40.1% | Σ-Reward:  4019.0 | Ø-Reward:  2.010 | Places: [802 (0.40), 617 (0.31), 379 (0.19), 202 (0.10)]
[2025-09-14 21:40:30] Winrate vs random2     :  79.3% | Σ-Reward:  5480.0 | Ø-Reward:  2.740 | Places: [1587 (0.79), 328 (0.16), 63 (0.03), 22 (0.01)]
[2025-09-14 21:40:30] Winrate vs single_only :  88.8% | Σ-Reward:  5716.0 | Ø-Reward:  2.858 | Places: [1777 (0.89), 166 (0.08), 53 (0.03), 4 (0.00)]
[2025-09-14 21:40:41] Timing @ep 90000: episode 40.4s | train 0.003s | eval 29.3s | plot 11.0s | save 0.002s | cum 0.78h
[2025-09-14 21:46:00] 
[2025-09-14 21:46:00] Benchmark @train_ep  100000 (bench_eps: 2000)
[2025-09-14 21:46:00] Macro Winrate          :  68.3%
[2025-09-14 21:46:00] Macro Ø-Reward         :  2.534
[2025-09-14 21:46:00] Winrate vs max_combo   :  39.6% | Σ-Reward:  4068.0 | Ø-Reward:  2.034 | Places: [793 (0.40), 640 (0.32), 409 (0.20), 158 (0.08)]
[2025-09-14 21:46:00] Winrate vs random2     :  79.6% | Σ-Reward:  5527.0 | Ø-Reward:  2.764 | Places: [1592 (0.80), 353 (0.18), 45 (0.02), 10 (0.01)]
[2025-09-14 21:46:00] Winrate vs single_only :  85.7% | Σ-Reward:  5611.0 | Ø-Reward:  2.805 | Places: [1714 (0.86), 198 (0.10), 73 (0.04), 15 (0.01)]
[2025-09-14 21:46:12] Timing @ep 100000: episode 42.0s | train 0.003s | eval 29.8s | plot 12.2s | save 0.002s | cum 0.87h
[2025-09-14 21:51:33] 
[2025-09-14 21:51:33] Benchmark @train_ep  110000 (bench_eps: 2000)
[2025-09-14 21:51:33] Macro Winrate          :  68.8%
[2025-09-14 21:51:33] Macro Ø-Reward         :  2.523
[2025-09-14 21:51:33] Winrate vs max_combo   :  40.7% | Σ-Reward:  4040.0 | Ø-Reward:  2.020 | Places: [814 (0.41), 602 (0.30), 394 (0.20), 190 (0.10)]
[2025-09-14 21:51:33] Winrate vs random2     :  81.1% | Σ-Reward:  5522.0 | Ø-Reward:  2.761 | Places: [1622 (0.81), 296 (0.15), 64 (0.03), 18 (0.01)]
[2025-09-14 21:51:33] Winrate vs single_only :  84.5% | Σ-Reward:  5574.0 | Ø-Reward:  2.787 | Places: [1690 (0.84), 213 (0.11), 78 (0.04), 19 (0.01)]
[2025-09-14 21:51:46] Timing @ep 110000: episode 42.4s | train 0.003s | eval 29.8s | plot 12.6s | save 0.002s | cum 0.96h
[2025-09-14 21:57:05] 
[2025-09-14 21:57:05] Benchmark @train_ep  120000 (bench_eps: 2000)
[2025-09-14 21:57:05] Macro Winrate          :  70.0%
[2025-09-14 21:57:05] Macro Ø-Reward         :  2.568
[2025-09-14 21:57:05] Winrate vs max_combo   :  44.9% | Σ-Reward:  4225.0 | Ø-Reward:  2.112 | Places: [897 (0.45), 592 (0.30), 350 (0.17), 161 (0.08)]
[2025-09-14 21:57:05] Winrate vs random2     :  81.8% | Σ-Reward:  5573.0 | Ø-Reward:  2.787 | Places: [1636 (0.82), 309 (0.15), 47 (0.02), 8 (0.00)]
[2025-09-14 21:57:05] Winrate vs single_only :  83.5% | Σ-Reward:  5610.0 | Ø-Reward:  2.805 | Places: [1670 (0.83), 271 (0.14), 58 (0.03), 1 (0.00)]
[2025-09-14 21:57:19] Timing @ep 120000: episode 44.9s | train 0.004s | eval 31.1s | plot 13.8s | save 0.002s | cum 1.05h
[2025-09-14 22:02:40] 
[2025-09-14 22:02:40] Benchmark @train_ep  130000 (bench_eps: 2000)
[2025-09-14 22:02:40] Macro Winrate          :  70.1%
[2025-09-14 22:02:40] Macro Ø-Reward         :  2.548
[2025-09-14 22:02:40] Winrate vs max_combo   :  42.4% | Σ-Reward:  4061.0 | Ø-Reward:  2.030 | Places: [847 (0.42), 579 (0.29), 362 (0.18), 212 (0.11)]
[2025-09-14 22:02:40] Winrate vs random2     :  83.2% | Σ-Reward:  5594.0 | Ø-Reward:  2.797 | Places: [1663 (0.83), 279 (0.14), 47 (0.02), 11 (0.01)]
[2025-09-14 22:02:40] Winrate vs single_only :  84.8% | Σ-Reward:  5632.0 | Ø-Reward:  2.816 | Places: [1697 (0.85), 244 (0.12), 53 (0.03), 6 (0.00)]
[2025-09-14 22:02:55] Timing @ep 130000: episode 45.5s | train 0.003s | eval 30.8s | plot 14.6s | save 0.002s | cum 1.14h
[2025-09-14 22:08:07] 
[2025-09-14 22:08:07] Benchmark @train_ep  140000 (bench_eps: 2000)
[2025-09-14 22:08:07] Macro Winrate          :  69.4%
[2025-09-14 22:08:07] Macro Ø-Reward         :  2.531
[2025-09-14 22:08:07] Winrate vs max_combo   :  40.4% | Σ-Reward:  3980.0 | Ø-Reward:  1.990 | Places: [808 (0.40), 578 (0.29), 400 (0.20), 214 (0.11)]
[2025-09-14 22:08:07] Winrate vs random2     :  80.5% | Σ-Reward:  5528.0 | Ø-Reward:  2.764 | Places: [1609 (0.80), 321 (0.16), 59 (0.03), 11 (0.01)]
[2025-09-14 22:08:07] Winrate vs single_only :  87.3% | Σ-Reward:  5679.0 | Ø-Reward:  2.840 | Places: [1746 (0.87), 191 (0.10), 59 (0.03), 4 (0.00)]
[2025-09-14 22:08:24] Timing @ep 140000: episode 44.8s | train 0.003s | eval 29.2s | plot 15.6s | save 0.002s | cum 1.23h
[2025-09-14 22:13:36] 
[2025-09-14 22:13:36] Benchmark @train_ep  150000 (bench_eps: 2000)
[2025-09-14 22:13:36] Macro Winrate          :  69.1%
[2025-09-14 22:13:36] Macro Ø-Reward         :  2.539
[2025-09-14 22:13:36] Winrate vs max_combo   :  42.6% | Σ-Reward:  4118.0 | Ø-Reward:  2.059 | Places: [853 (0.43), 601 (0.30), 357 (0.18), 189 (0.09)]
[2025-09-14 22:13:36] Winrate vs random2     :  77.5% | Σ-Reward:  5424.0 | Ø-Reward:  2.712 | Places: [1550 (0.78), 341 (0.17), 92 (0.05), 17 (0.01)]
[2025-09-14 22:13:36] Winrate vs single_only :  87.2% | Σ-Reward:  5689.0 | Ø-Reward:  2.845 | Places: [1744 (0.87), 206 (0.10), 45 (0.02), 5 (0.00)]
[2025-09-14 22:13:54] Timing @ep 150000: episode 45.7s | train 0.003s | eval 29.0s | plot 16.7s | save 0.002s | cum 1.32h
[2025-09-14 22:19:03] 
[2025-09-14 22:19:03] Benchmark @train_ep  160000 (bench_eps: 2000)
[2025-09-14 22:19:03] Macro Winrate          :  69.5%
[2025-09-14 22:19:03] Macro Ø-Reward         :  2.541
[2025-09-14 22:19:03] Winrate vs max_combo   :  41.9% | Σ-Reward:  4092.0 | Ø-Reward:  2.046 | Places: [837 (0.42), 606 (0.30), 369 (0.18), 188 (0.09)]
[2025-09-14 22:19:03] Winrate vs random2     :  80.5% | Σ-Reward:  5529.0 | Ø-Reward:  2.764 | Places: [1611 (0.81), 311 (0.16), 74 (0.04), 4 (0.00)]
[2025-09-14 22:19:03] Winrate vs single_only :  86.0% | Σ-Reward:  5626.0 | Ø-Reward:  2.813 | Places: [1721 (0.86), 191 (0.10), 81 (0.04), 7 (0.00)]
[2025-09-14 22:19:21] Timing @ep 160000: episode 46.3s | train 0.003s | eval 28.7s | plot 17.5s | save 0.002s | cum 1.41h
[2025-09-14 22:24:33] 
[2025-09-14 22:24:33] Benchmark @train_ep  170000 (bench_eps: 2000)
[2025-09-14 22:24:33] Macro Winrate          :  65.7%
[2025-09-14 22:24:33] Macro Ø-Reward         :  2.503
[2025-09-14 22:24:33] Winrate vs max_combo   :  42.6% | Σ-Reward:  4141.0 | Ø-Reward:  2.071 | Places: [852 (0.43), 617 (0.31), 351 (0.18), 180 (0.09)]
[2025-09-14 22:24:33] Winrate vs random2     :  78.7% | Σ-Reward:  5480.0 | Ø-Reward:  2.740 | Places: [1573 (0.79), 345 (0.17), 71 (0.04), 11 (0.01)]
[2025-09-14 22:24:33] Winrate vs single_only :  75.8% | Σ-Reward:  5396.0 | Ø-Reward:  2.698 | Places: [1517 (0.76), 369 (0.18), 107 (0.05), 7 (0.00)]
[2025-09-14 22:24:52] Timing @ep 170000: episode 48.5s | train 0.003s | eval 29.7s | plot 18.7s | save 0.002s | cum 1.49h
[2025-09-14 22:30:08] 
[2025-09-14 22:30:08] Benchmark @train_ep  180000 (bench_eps: 2000)
[2025-09-14 22:30:08] Macro Winrate          :  70.1%
[2025-09-14 22:30:08] Macro Ø-Reward         :  2.561
[2025-09-14 22:30:08] Winrate vs max_combo   :  47.7% | Σ-Reward:  4300.0 | Ø-Reward:  2.150 | Places: [954 (0.48), 558 (0.28), 322 (0.16), 166 (0.08)]
[2025-09-14 22:30:08] Winrate vs random2     :  81.8% | Σ-Reward:  5548.0 | Ø-Reward:  2.774 | Places: [1637 (0.82), 292 (0.15), 53 (0.03), 18 (0.01)]
[2025-09-14 22:30:08] Winrate vs single_only :  80.8% | Σ-Reward:  5518.0 | Ø-Reward:  2.759 | Places: [1617 (0.81), 297 (0.15), 73 (0.04), 13 (0.01)]
[2025-09-14 22:30:27] Timing @ep 180000: episode 49.4s | train 0.003s | eval 29.6s | plot 19.8s | save 0.002s | cum 1.59h
[2025-09-14 22:35:44] 
[2025-09-14 22:35:44] Benchmark @train_ep  190000 (bench_eps: 2000)
[2025-09-14 22:35:44] Macro Winrate          :  67.5%
[2025-09-14 22:35:44] Macro Ø-Reward         :  2.530
[2025-09-14 22:35:44] Winrate vs max_combo   :  44.2% | Σ-Reward:  4217.0 | Ø-Reward:  2.108 | Places: [884 (0.44), 628 (0.31), 309 (0.15), 179 (0.09)]
[2025-09-14 22:35:44] Winrate vs random2     :  82.2% | Σ-Reward:  5557.0 | Ø-Reward:  2.779 | Places: [1644 (0.82), 291 (0.15), 43 (0.02), 22 (0.01)]
[2025-09-14 22:35:44] Winrate vs single_only :  76.0% | Σ-Reward:  5405.0 | Ø-Reward:  2.703 | Places: [1520 (0.76), 376 (0.19), 93 (0.05), 11 (0.01)]
[2025-09-14 22:36:04] Timing @ep 190000: episode 50.8s | train 0.003s | eval 30.7s | plot 20.2s | save 0.002s | cum 1.68h
[2025-09-14 22:41:21] 
[2025-09-14 22:41:21] Benchmark @train_ep  200000 (bench_eps: 2000)
[2025-09-14 22:41:21] Macro Winrate          :  67.0%
[2025-09-14 22:41:21] Macro Ø-Reward         :  2.521
[2025-09-14 22:41:21] Winrate vs max_combo   :  44.9% | Σ-Reward:  4240.0 | Ø-Reward:  2.120 | Places: [897 (0.45), 618 (0.31), 313 (0.16), 172 (0.09)]
[2025-09-14 22:41:21] Winrate vs random2     :  80.8% | Σ-Reward:  5514.0 | Ø-Reward:  2.757 | Places: [1616 (0.81), 299 (0.15), 68 (0.03), 17 (0.01)]
[2025-09-14 22:41:21] Winrate vs single_only :  75.4% | Σ-Reward:  5374.0 | Ø-Reward:  2.687 | Places: [1508 (0.75), 376 (0.19), 98 (0.05), 18 (0.01)]
[2025-09-14 22:41:44] Timing @ep 200000: episode 52.2s | train 0.003s | eval 30.5s | plot 21.6s | save 0.002s | cum 1.77h
[2025-09-14 22:47:01] 
[2025-09-14 22:47:01] Benchmark @train_ep  210000 (bench_eps: 2000)
[2025-09-14 22:47:01] Macro Winrate          :  66.8%
[2025-09-14 22:47:01] Macro Ø-Reward         :  2.514
[2025-09-14 22:47:01] Winrate vs max_combo   :  42.9% | Σ-Reward:  4162.0 | Ø-Reward:  2.081 | Places: [857 (0.43), 633 (0.32), 325 (0.16), 185 (0.09)]
[2025-09-14 22:47:01] Winrate vs random2     :  80.0% | Σ-Reward:  5485.0 | Ø-Reward:  2.743 | Places: [1600 (0.80), 311 (0.16), 63 (0.03), 26 (0.01)]
[2025-09-14 22:47:01] Winrate vs single_only :  77.7% | Σ-Reward:  5438.0 | Ø-Reward:  2.719 | Places: [1553 (0.78), 342 (0.17), 95 (0.05), 10 (0.01)]
[2025-09-14 22:47:25] Timing @ep 210000: episode 53.2s | train 0.003s | eval 30.0s | plot 23.1s | save 0.002s | cum 1.86h
[2025-09-14 22:52:38] 
[2025-09-14 22:52:38] Benchmark @train_ep  220000 (bench_eps: 2000)
[2025-09-14 22:52:38] Macro Winrate          :  68.4%
[2025-09-14 22:52:38] Macro Ø-Reward         :  2.537
[2025-09-14 22:52:38] Winrate vs max_combo   :  43.2% | Σ-Reward:  4217.0 | Ø-Reward:  2.108 | Places: [864 (0.43), 642 (0.32), 341 (0.17), 153 (0.08)]
[2025-09-14 22:52:38] Winrate vs random2     :  80.9% | Σ-Reward:  5523.0 | Ø-Reward:  2.761 | Places: [1618 (0.81), 301 (0.15), 67 (0.03), 14 (0.01)]
[2025-09-14 22:52:38] Winrate vs single_only :  81.1% | Σ-Reward:  5480.0 | Ø-Reward:  2.740 | Places: [1622 (0.81), 255 (0.13), 104 (0.05), 19 (0.01)]
[2025-09-14 22:53:03] Timing @ep 220000: episode 52.8s | train 0.003s | eval 29.1s | plot 23.7s | save 0.002s | cum 1.95h
[2025-09-14 22:58:12] 
[2025-09-14 22:58:12] Benchmark @train_ep  230000 (bench_eps: 2000)
[2025-09-14 22:58:12] Macro Winrate          :  72.2%
[2025-09-14 22:58:12] Macro Ø-Reward         :  2.578
[2025-09-14 22:58:12] Winrate vs max_combo   :  46.4% | Σ-Reward:  4253.0 | Ø-Reward:  2.127 | Places: [927 (0.46), 586 (0.29), 300 (0.15), 187 (0.09)]
[2025-09-14 22:58:12] Winrate vs random2     :  80.8% | Σ-Reward:  5495.0 | Ø-Reward:  2.748 | Places: [1616 (0.81), 291 (0.15), 65 (0.03), 28 (0.01)]
[2025-09-14 22:58:12] Winrate vs single_only :  89.5% | Σ-Reward:  5719.0 | Ø-Reward:  2.860 | Places: [1789 (0.89), 151 (0.08), 50 (0.03), 10 (0.01)]
[2025-09-14 22:58:38] Timing @ep 230000: episode 53.7s | train 0.003s | eval 28.8s | plot 24.9s | save 0.002s | cum 2.04h
[2025-09-14 23:03:52] 
[2025-09-14 23:03:52] Benchmark @train_ep  240000 (bench_eps: 2000)
[2025-09-14 23:03:52] Macro Winrate          :  69.0%
[2025-09-14 23:03:52] Macro Ø-Reward         :  2.541
[2025-09-14 23:03:52] Winrate vs max_combo   :  46.0% | Σ-Reward:  4236.0 | Ø-Reward:  2.118 | Places: [921 (0.46), 585 (0.29), 303 (0.15), 191 (0.10)]
[2025-09-14 23:03:52] Winrate vs random2     :  81.5% | Σ-Reward:  5552.0 | Ø-Reward:  2.776 | Places: [1630 (0.81), 305 (0.15), 52 (0.03), 13 (0.01)]
[2025-09-14 23:03:52] Winrate vs single_only :  79.3% | Σ-Reward:  5457.0 | Ø-Reward:  2.728 | Places: [1587 (0.79), 300 (0.15), 96 (0.05), 17 (0.01)]
[2025-09-14 23:04:17] Timing @ep 240000: episode 54.3s | train 0.003s | eval 29.7s | plot 24.6s | save 0.002s | cum 2.14h
[2025-09-14 23:09:31] 
[2025-09-14 23:09:31] Benchmark @train_ep  250000 (bench_eps: 2000)
[2025-09-14 23:09:31] Macro Winrate          :  66.6%
[2025-09-14 23:09:31] Macro Ø-Reward         :  2.506
[2025-09-14 23:09:31] Winrate vs max_combo   :  45.8% | Σ-Reward:  4232.0 | Ø-Reward:  2.116 | Places: [915 (0.46), 588 (0.29), 311 (0.16), 186 (0.09)]
[2025-09-14 23:09:31] Winrate vs random2     :  78.2% | Σ-Reward:  5473.0 | Ø-Reward:  2.736 | Places: [1564 (0.78), 357 (0.18), 67 (0.03), 12 (0.01)]
[2025-09-14 23:09:31] Winrate vs single_only :  75.8% | Σ-Reward:  5333.0 | Ø-Reward:  2.667 | Places: [1517 (0.76), 322 (0.16), 138 (0.07), 23 (0.01)]
[2025-09-14 23:09:57] Timing @ep 250000: episode 55.8s | train 0.003s | eval 30.3s | plot 25.5s | save 0.002s | cum 2.23h
[2025-09-14 23:15:09] 
[2025-09-14 23:15:09] Benchmark @train_ep  260000 (bench_eps: 2000)
[2025-09-14 23:15:09] Macro Winrate          :  68.0%
[2025-09-14 23:15:09] Macro Ø-Reward         :  2.547
[2025-09-14 23:15:09] Winrate vs max_combo   :  46.8% | Σ-Reward:  4370.0 | Ø-Reward:  2.185 | Places: [935 (0.47), 631 (0.32), 303 (0.15), 131 (0.07)]
[2025-09-14 23:15:09] Winrate vs random2     :  79.1% | Σ-Reward:  5492.0 | Ø-Reward:  2.746 | Places: [1582 (0.79), 343 (0.17), 60 (0.03), 15 (0.01)]
[2025-09-14 23:15:09] Winrate vs single_only :  78.2% | Σ-Reward:  5420.0 | Ø-Reward:  2.710 | Places: [1565 (0.78), 304 (0.15), 117 (0.06), 14 (0.01)]
[2025-09-14 23:15:36] Timing @ep 260000: episode 56.5s | train 0.003s | eval 29.7s | plot 26.7s | save 0.002s | cum 2.32h
[2025-09-14 23:20:47] 
[2025-09-14 23:20:47] Benchmark @train_ep  270000 (bench_eps: 2000)
[2025-09-14 23:20:47] Macro Winrate          :  66.2%
[2025-09-14 23:20:47] Macro Ø-Reward         :  2.499
[2025-09-14 23:20:47] Winrate vs max_combo   :  45.1% | Σ-Reward:  4263.0 | Ø-Reward:  2.131 | Places: [902 (0.45), 602 (0.30), 353 (0.18), 143 (0.07)]
[2025-09-14 23:20:47] Winrate vs random2     :  78.4% | Σ-Reward:  5464.0 | Ø-Reward:  2.732 | Places: [1568 (0.78), 345 (0.17), 70 (0.04), 17 (0.01)]
[2025-09-14 23:20:47] Winrate vs single_only :  75.1% | Σ-Reward:  5265.0 | Ø-Reward:  2.632 | Places: [1502 (0.75), 296 (0.15), 167 (0.08), 35 (0.02)]
[2025-09-14 23:21:16] Timing @ep 270000: episode 58.3s | train 0.003s | eval 30.3s | plot 28.0s | save 0.002s | cum 2.41h
[2025-09-14 23:26:30] 
[2025-09-14 23:26:30] Benchmark @train_ep  280000 (bench_eps: 2000)
[2025-09-14 23:26:30] Macro Winrate          :  68.6%
[2025-09-14 23:26:30] Macro Ø-Reward         :  2.533
[2025-09-14 23:26:30] Winrate vs max_combo   :  47.6% | Σ-Reward:  4289.0 | Ø-Reward:  2.144 | Places: [953 (0.48), 555 (0.28), 320 (0.16), 172 (0.09)]
[2025-09-14 23:26:30] Winrate vs random2     :  79.2% | Σ-Reward:  5486.0 | Ø-Reward:  2.743 | Places: [1584 (0.79), 331 (0.17), 72 (0.04), 13 (0.01)]
[2025-09-14 23:26:30] Winrate vs single_only :  79.0% | Σ-Reward:  5420.0 | Ø-Reward:  2.710 | Places: [1581 (0.79), 278 (0.14), 121 (0.06), 20 (0.01)]
[2025-09-14 23:26:59] Timing @ep 280000: episode 58.5s | train 0.003s | eval 29.7s | plot 28.8s | save 0.002s | cum 2.50h
[2025-09-14 23:32:13] 
[2025-09-14 23:32:13] Benchmark @train_ep  290000 (bench_eps: 2000)
[2025-09-14 23:32:13] Macro Winrate          :  62.9%
[2025-09-14 23:32:13] Macro Ø-Reward         :  2.471
[2025-09-14 23:32:13] Winrate vs max_combo   :  41.3% | Σ-Reward:  4202.0 | Ø-Reward:  2.101 | Places: [826 (0.41), 678 (0.34), 368 (0.18), 128 (0.06)]
[2025-09-14 23:32:13] Winrate vs random2     :  72.8% | Σ-Reward:  5322.0 | Ø-Reward:  2.661 | Places: [1456 (0.73), 424 (0.21), 106 (0.05), 14 (0.01)]
[2025-09-14 23:32:13] Winrate vs single_only :  74.8% | Σ-Reward:  5302.0 | Ø-Reward:  2.651 | Places: [1495 (0.75), 331 (0.17), 155 (0.08), 19 (0.01)]
[2025-09-14 23:32:43] Timing @ep 290000: episode 60.0s | train 0.003s | eval 30.5s | plot 29.4s | save 0.002s | cum 2.60h
[2025-09-14 23:37:54] 
[2025-09-14 23:37:54] Benchmark @train_ep  300000 (bench_eps: 2000)
[2025-09-14 23:37:54] Macro Winrate          :  60.0%
[2025-09-14 23:37:54] Macro Ø-Reward         :  2.361
[2025-09-14 23:37:54] Winrate vs max_combo   :  38.2% | Σ-Reward:  3969.0 | Ø-Reward:  1.984 | Places: [765 (0.38), 630 (0.32), 414 (0.21), 191 (0.10)]
[2025-09-14 23:37:54] Winrate vs random2     :  67.2% | Σ-Reward:  5074.0 | Ø-Reward:  2.537 | Places: [1344 (0.67), 425 (0.21), 192 (0.10), 39 (0.02)]
[2025-09-14 23:37:54] Winrate vs single_only :  74.4% | Σ-Reward:  5122.0 | Ø-Reward:  2.561 | Places: [1488 (0.74), 236 (0.12), 186 (0.09), 90 (0.04)]
[2025-09-14 23:38:25] Timing @ep 300000: episode 61.1s | train 0.003s | eval 30.9s | plot 30.2s | save 0.002s | cum 2.69h
[2025-09-14 23:43:35] 
[2025-09-14 23:43:35] Benchmark @train_ep  310000 (bench_eps: 2000)
[2025-09-14 23:43:35] Macro Winrate          :  69.3%
[2025-09-14 23:43:35] Macro Ø-Reward         :  2.538
[2025-09-14 23:43:35] Winrate vs max_combo   :  46.5% | Σ-Reward:  4264.0 | Ø-Reward:  2.132 | Places: [931 (0.47), 574 (0.29), 323 (0.16), 172 (0.09)]
[2025-09-14 23:43:35] Winrate vs random2     :  80.7% | Σ-Reward:  5516.0 | Ø-Reward:  2.758 | Places: [1614 (0.81), 303 (0.15), 68 (0.03), 15 (0.01)]
[2025-09-14 23:43:35] Winrate vs single_only :  80.5% | Σ-Reward:  5449.0 | Ø-Reward:  2.724 | Places: [1611 (0.81), 249 (0.12), 118 (0.06), 22 (0.01)]
[2025-09-14 23:44:07] Timing @ep 310000: episode 61.3s | train 0.003s | eval 29.6s | plot 31.7s | save 0.002s | cum 2.78h
[2025-09-14 23:49:16] 
[2025-09-14 23:49:16] Benchmark @train_ep  320000 (bench_eps: 2000)
[2025-09-14 23:49:16] Macro Winrate          :  69.8%
[2025-09-14 23:49:16] Macro Ø-Reward         :  2.546
[2025-09-14 23:49:16] Winrate vs max_combo   :  45.8% | Σ-Reward:  4249.0 | Ø-Reward:  2.124 | Places: [915 (0.46), 603 (0.30), 298 (0.15), 184 (0.09)]
[2025-09-14 23:49:16] Winrate vs random2     :  80.4% | Σ-Reward:  5512.0 | Ø-Reward:  2.756 | Places: [1608 (0.80), 312 (0.16), 64 (0.03), 16 (0.01)]
[2025-09-14 23:49:16] Winrate vs single_only :  83.2% | Σ-Reward:  5513.0 | Ø-Reward:  2.756 | Places: [1664 (0.83), 211 (0.11), 99 (0.05), 26 (0.01)]
[2025-09-14 23:49:49] Timing @ep 320000: episode 62.1s | train 0.002s | eval 30.0s | plot 32.1s | save 0.002s | cum 2.87h
[2025-09-14 23:54:58] 
[2025-09-14 23:54:58] Benchmark @train_ep  330000 (bench_eps: 2000)
[2025-09-14 23:54:58] Macro Winrate          :  68.8%
[2025-09-14 23:54:58] Macro Ø-Reward         :  2.532
[2025-09-14 23:54:58] Winrate vs max_combo   :  47.5% | Σ-Reward:  4302.0 | Ø-Reward:  2.151 | Places: [951 (0.48), 573 (0.29), 303 (0.15), 173 (0.09)]
[2025-09-14 23:54:58] Winrate vs random2     :  79.8% | Σ-Reward:  5496.0 | Ø-Reward:  2.748 | Places: [1595 (0.80), 323 (0.16), 65 (0.03), 17 (0.01)]
[2025-09-14 23:54:58] Winrate vs single_only :  79.1% | Σ-Reward:  5393.0 | Ø-Reward:  2.696 | Places: [1582 (0.79), 254 (0.13), 139 (0.07), 25 (0.01)]
[2025-09-14 23:55:33] Timing @ep 330000: episode 62.9s | train 0.004s | eval 29.4s | plot 33.5s | save 0.002s | cum 2.97h
[2025-09-15 00:00:44] 
[2025-09-15 00:00:44] Benchmark @train_ep  340000 (bench_eps: 2000)
[2025-09-15 00:00:44] Macro Winrate          :  67.2%
[2025-09-15 00:00:44] Macro Ø-Reward         :  2.521
[2025-09-15 00:00:44] Winrate vs max_combo   :  47.0% | Σ-Reward:  4342.0 | Ø-Reward:  2.171 | Places: [939 (0.47), 605 (0.30), 315 (0.16), 141 (0.07)]
[2025-09-15 00:00:44] Winrate vs random2     :  76.2% | Σ-Reward:  5403.0 | Ø-Reward:  2.701 | Places: [1523 (0.76), 377 (0.19), 80 (0.04), 20 (0.01)]
[2025-09-15 00:00:44] Winrate vs single_only :  78.6% | Σ-Reward:  5381.0 | Ø-Reward:  2.691 | Places: [1572 (0.79), 264 (0.13), 137 (0.07), 27 (0.01)]
[2025-09-15 00:01:18] Timing @ep 340000: episode 62.9s | train 0.003s | eval 29.4s | plot 33.5s | save 0.002s | cum 3.06h
[2025-09-15 00:06:27] 
[2025-09-15 00:06:27] Benchmark @train_ep  350000 (bench_eps: 2000)
[2025-09-15 00:06:27] Macro Winrate          :  67.0%
[2025-09-15 00:06:27] Macro Ø-Reward         :  2.526
[2025-09-15 00:06:27] Winrate vs max_combo   :  46.6% | Σ-Reward:  4315.0 | Ø-Reward:  2.158 | Places: [932 (0.47), 592 (0.30), 335 (0.17), 141 (0.07)]
[2025-09-15 00:06:27] Winrate vs random2     :  77.1% | Σ-Reward:  5440.0 | Ø-Reward:  2.720 | Places: [1542 (0.77), 371 (0.19), 72 (0.04), 15 (0.01)]
[2025-09-15 00:06:27] Winrate vs single_only :  77.3% | Σ-Reward:  5399.0 | Ø-Reward:  2.700 | Places: [1546 (0.77), 323 (0.16), 115 (0.06), 16 (0.01)]
[2025-09-15 00:07:02] Timing @ep 350000: episode 64.4s | train 0.003s | eval 29.6s | plot 34.8s | save 0.002s | cum 3.15h
[2025-09-15 00:12:10] 
[2025-09-15 00:12:10] Benchmark @train_ep  360000 (bench_eps: 2000)
[2025-09-15 00:12:10] Macro Winrate          :  68.2%
[2025-09-15 00:12:10] Macro Ø-Reward         :  2.523
[2025-09-15 00:12:10] Winrate vs max_combo   :  45.6% | Σ-Reward:  4275.0 | Ø-Reward:  2.138 | Places: [913 (0.46), 624 (0.31), 288 (0.14), 175 (0.09)]
[2025-09-15 00:12:10] Winrate vs random2     :  78.8% | Σ-Reward:  5422.0 | Ø-Reward:  2.711 | Places: [1575 (0.79), 308 (0.15), 81 (0.04), 36 (0.02)]
[2025-09-15 00:12:10] Winrate vs single_only :  80.2% | Σ-Reward:  5440.0 | Ø-Reward:  2.720 | Places: [1603 (0.80), 257 (0.13), 117 (0.06), 23 (0.01)]
[2025-09-15 00:12:47] Timing @ep 360000: episode 64.4s | train 0.003s | eval 28.8s | plot 35.6s | save 0.002s | cum 3.25h
[2025-09-15 00:17:57] 
[2025-09-15 00:17:57] Benchmark @train_ep  370000 (bench_eps: 2000)
[2025-09-15 00:17:57] Macro Winrate          :  69.5%
[2025-09-15 00:17:57] Macro Ø-Reward         :  2.530
[2025-09-15 00:17:57] Winrate vs max_combo   :  47.8% | Σ-Reward:  4233.0 | Ø-Reward:  2.116 | Places: [955 (0.48), 527 (0.26), 314 (0.16), 204 (0.10)]
[2025-09-15 00:17:57] Winrate vs random2     :  79.5% | Σ-Reward:  5479.0 | Ø-Reward:  2.740 | Places: [1591 (0.80), 322 (0.16), 62 (0.03), 25 (0.01)]
[2025-09-15 00:17:57] Winrate vs single_only :  81.2% | Σ-Reward:  5467.0 | Ø-Reward:  2.733 | Places: [1623 (0.81), 243 (0.12), 112 (0.06), 22 (0.01)]
[2025-09-15 00:18:35] Timing @ep 370000: episode 66.9s | train 0.003s | eval 29.5s | plot 37.4s | save 0.002s | cum 3.34h
[2025-09-15 00:23:44] 
[2025-09-15 00:23:44] Benchmark @train_ep  380000 (bench_eps: 2000)
[2025-09-15 00:23:44] Macro Winrate          :  65.0%
[2025-09-15 00:23:44] Macro Ø-Reward         :  2.481
[2025-09-15 00:23:44] Winrate vs max_combo   :  44.4% | Σ-Reward:  4229.0 | Ø-Reward:  2.115 | Places: [888 (0.44), 618 (0.31), 329 (0.16), 165 (0.08)]
[2025-09-15 00:23:44] Winrate vs random2     :  73.3% | Σ-Reward:  5319.0 | Ø-Reward:  2.659 | Places: [1467 (0.73), 410 (0.20), 98 (0.05), 25 (0.01)]
[2025-09-15 00:23:44] Winrate vs single_only :  77.2% | Σ-Reward:  5340.0 | Ø-Reward:  2.670 | Places: [1545 (0.77), 278 (0.14), 149 (0.07), 28 (0.01)]
[2025-09-15 00:24:22] Timing @ep 380000: episode 66.9s | train 0.003s | eval 29.4s | plot 37.4s | save 0.002s | cum 3.44h
[2025-09-15 00:29:28] 
[2025-09-15 00:29:28] Benchmark @train_ep  390000 (bench_eps: 2000)
[2025-09-15 00:29:28] Macro Winrate          :  68.0%
[2025-09-15 00:29:28] Macro Ø-Reward         :  2.558
[2025-09-15 00:29:28] Winrate vs max_combo   :  46.0% | Σ-Reward:  4381.0 | Ø-Reward:  2.191 | Places: [919 (0.46), 658 (0.33), 308 (0.15), 115 (0.06)]
[2025-09-15 00:29:28] Winrate vs random2     :  80.3% | Σ-Reward:  5533.0 | Ø-Reward:  2.767 | Places: [1606 (0.80), 330 (0.17), 55 (0.03), 9 (0.00)]
[2025-09-15 00:29:28] Winrate vs single_only :  77.9% | Σ-Reward:  5431.0 | Ø-Reward:  2.716 | Places: [1558 (0.78), 326 (0.16), 105 (0.05), 11 (0.01)]
[2025-09-15 00:30:07] Timing @ep 390000: episode 68.3s | train 0.003s | eval 29.6s | plot 38.7s | save 0.002s | cum 3.53h
[2025-09-15 00:35:15] 
[2025-09-15 00:35:15] Benchmark @train_ep  400000 (bench_eps: 2000)
[2025-09-15 00:35:15] Macro Winrate          :  68.5%
[2025-09-15 00:35:15] Macro Ø-Reward         :  2.555
[2025-09-15 00:35:15] Winrate vs max_combo   :  49.4% | Σ-Reward:  4491.0 | Ø-Reward:  2.245 | Places: [988 (0.49), 619 (0.31), 289 (0.14), 104 (0.05)]
[2025-09-15 00:35:15] Winrate vs random2     :  78.3% | Σ-Reward:  5460.0 | Ø-Reward:  2.730 | Places: [1566 (0.78), 351 (0.18), 60 (0.03), 23 (0.01)]
[2025-09-15 00:35:15] Winrate vs single_only :  77.8% | Σ-Reward:  5381.0 | Ø-Reward:  2.691 | Places: [1557 (0.78), 290 (0.14), 130 (0.07), 23 (0.01)]
[2025-09-15 00:35:55] Timing @ep 400000: episode 68.5s | train 0.003s | eval 29.6s | plot 38.9s | save 0.003s | cum 3.62h
[2025-09-15 00:41:01] 
[2025-09-15 00:41:01] Benchmark @train_ep  410000 (bench_eps: 2000)
[2025-09-15 00:41:01] Macro Winrate          :  65.6%
[2025-09-15 00:41:01] Macro Ø-Reward         :  2.493
[2025-09-15 00:41:01] Winrate vs max_combo   :  45.1% | Σ-Reward:  4248.0 | Ø-Reward:  2.124 | Places: [903 (0.45), 604 (0.30), 331 (0.17), 162 (0.08)]
[2025-09-15 00:41:01] Winrate vs random2     :  77.5% | Σ-Reward:  5434.0 | Ø-Reward:  2.717 | Places: [1551 (0.78), 356 (0.18), 69 (0.03), 24 (0.01)]
[2025-09-15 00:41:01] Winrate vs single_only :  74.0% | Σ-Reward:  5278.0 | Ø-Reward:  2.639 | Places: [1480 (0.74), 345 (0.17), 148 (0.07), 27 (0.01)]
[2025-09-15 00:41:43] Timing @ep 410000: episode 71.2s | train 0.002s | eval 30.4s | plot 40.8s | save 0.002s | cum 3.72h
[2025-09-15 00:46:51] 
[2025-09-15 00:46:51] Benchmark @train_ep  420000 (bench_eps: 2000)
[2025-09-15 00:46:51] Macro Winrate          :  66.4%
[2025-09-15 00:46:51] Macro Ø-Reward         :  2.521
[2025-09-15 00:46:51] Winrate vs max_combo   :  46.2% | Σ-Reward:  4363.0 | Ø-Reward:  2.182 | Places: [924 (0.46), 646 (0.32), 299 (0.15), 131 (0.07)]
[2025-09-15 00:46:51] Winrate vs random2     :  78.3% | Σ-Reward:  5476.0 | Ø-Reward:  2.738 | Places: [1566 (0.78), 350 (0.17), 78 (0.04), 6 (0.00)]
[2025-09-15 00:46:51] Winrate vs single_only :  74.7% | Σ-Reward:  5287.0 | Ø-Reward:  2.643 | Places: [1494 (0.75), 321 (0.16), 163 (0.08), 22 (0.01)]
[2025-09-15 00:47:32] Timing @ep 420000: episode 70.3s | train 0.004s | eval 29.7s | plot 40.6s | save 0.002s | cum 3.81h
[2025-09-15 00:52:39] 
[2025-09-15 00:52:39] Benchmark @train_ep  430000 (bench_eps: 2000)
[2025-09-15 00:52:39] Macro Winrate          :  67.4%
[2025-09-15 00:52:39] Macro Ø-Reward         :  2.528
[2025-09-15 00:52:39] Winrate vs max_combo   :  46.8% | Σ-Reward:  4372.0 | Ø-Reward:  2.186 | Places: [936 (0.47), 620 (0.31), 324 (0.16), 120 (0.06)]
[2025-09-15 00:52:39] Winrate vs random2     :  78.2% | Σ-Reward:  5441.0 | Ø-Reward:  2.720 | Places: [1563 (0.78), 339 (0.17), 74 (0.04), 24 (0.01)]
[2025-09-15 00:52:39] Winrate vs single_only :  77.3% | Σ-Reward:  5358.0 | Ø-Reward:  2.679 | Places: [1546 (0.77), 294 (0.15), 132 (0.07), 28 (0.01)]
[2025-09-15 00:53:23] Timing @ep 430000: episode 72.1s | train 0.003s | eval 29.3s | plot 42.7s | save 0.002s | cum 3.91h
[2025-09-15 00:58:25] 
[2025-09-15 00:58:25] Benchmark @train_ep  440000 (bench_eps: 2000)
[2025-09-15 00:58:25] Macro Winrate          :  67.7%
[2025-09-15 00:58:25] Macro Ø-Reward         :  2.537
[2025-09-15 00:58:25] Winrate vs max_combo   :  47.6% | Σ-Reward:  4394.0 | Ø-Reward:  2.197 | Places: [953 (0.48), 623 (0.31), 289 (0.14), 135 (0.07)]
[2025-09-15 00:58:25] Winrate vs random2     :  78.8% | Σ-Reward:  5449.0 | Ø-Reward:  2.724 | Places: [1575 (0.79), 332 (0.17), 60 (0.03), 33 (0.02)]
[2025-09-15 00:58:25] Winrate vs single_only :  76.7% | Σ-Reward:  5380.0 | Ø-Reward:  2.690 | Places: [1533 (0.77), 335 (0.17), 111 (0.06), 21 (0.01)]
[2025-09-15 00:59:08] Timing @ep 440000: episode 72.3s | train 0.003s | eval 29.4s | plot 42.8s | save 0.002s | cum 4.00h
[2025-09-15 01:04:11] 
[2025-09-15 01:04:11] Benchmark @train_ep  450000 (bench_eps: 2000)
[2025-09-15 01:04:11] Macro Winrate          :  67.5%
[2025-09-15 01:04:11] Macro Ø-Reward         :  2.534
[2025-09-15 01:04:11] Winrate vs max_combo   :  48.1% | Σ-Reward:  4396.0 | Ø-Reward:  2.198 | Places: [963 (0.48), 611 (0.31), 285 (0.14), 141 (0.07)]
[2025-09-15 01:04:11] Winrate vs random2     :  78.2% | Σ-Reward:  5464.0 | Ø-Reward:  2.732 | Places: [1565 (0.78), 346 (0.17), 77 (0.04), 12 (0.01)]
[2025-09-15 01:04:11] Winrate vs single_only :  76.0% | Σ-Reward:  5346.0 | Ø-Reward:  2.673 | Places: [1519 (0.76), 327 (0.16), 135 (0.07), 19 (0.01)]
[2025-09-15 01:04:57] Timing @ep 450000: episode 73.1s | train 0.003s | eval 29.6s | plot 43.5s | save 0.002s | cum 4.10h
[2025-09-15 01:09:57] 
[2025-09-15 01:09:57] Benchmark @train_ep  460000 (bench_eps: 2000)
[2025-09-15 01:09:57] Macro Winrate          :  69.0%
[2025-09-15 01:09:57] Macro Ø-Reward         :  2.556
[2025-09-15 01:09:57] Winrate vs max_combo   :  48.4% | Σ-Reward:  4412.0 | Ø-Reward:  2.206 | Places: [968 (0.48), 601 (0.30), 306 (0.15), 125 (0.06)]
[2025-09-15 01:09:57] Winrate vs random2     :  79.3% | Σ-Reward:  5488.0 | Ø-Reward:  2.744 | Places: [1587 (0.79), 321 (0.16), 85 (0.04), 7 (0.00)]
[2025-09-15 01:09:57] Winrate vs single_only :  79.2% | Σ-Reward:  5439.0 | Ø-Reward:  2.720 | Places: [1584 (0.79), 293 (0.15), 101 (0.05), 22 (0.01)]
[2025-09-15 01:10:41] Timing @ep 460000: episode 72.2s | train 0.003s | eval 28.4s | plot 43.8s | save 0.002s | cum 4.19h
[2025-09-15 01:15:43] 
[2025-09-15 01:15:43] Benchmark @train_ep  470000 (bench_eps: 2000)
[2025-09-15 01:15:43] Macro Winrate          :  65.9%
[2025-09-15 01:15:43] Macro Ø-Reward         :  2.490
[2025-09-15 01:15:43] Winrate vs max_combo   :  46.8% | Σ-Reward:  4248.0 | Ø-Reward:  2.124 | Places: [936 (0.47), 560 (0.28), 320 (0.16), 184 (0.09)]
[2025-09-15 01:15:43] Winrate vs random2     :  76.5% | Σ-Reward:  5393.0 | Ø-Reward:  2.696 | Places: [1530 (0.77), 360 (0.18), 83 (0.04), 27 (0.01)]
[2025-09-15 01:15:43] Winrate vs single_only :  74.5% | Σ-Reward:  5297.0 | Ø-Reward:  2.648 | Places: [1489 (0.74), 343 (0.17), 144 (0.07), 24 (0.01)]
[2025-09-15 01:16:29] Timing @ep 470000: episode 74.4s | train 0.003s | eval 29.3s | plot 45.0s | save 0.002s | cum 4.28h
[2025-09-15 01:21:29] 
[2025-09-15 01:21:29] Benchmark @train_ep  480000 (bench_eps: 2000)
[2025-09-15 01:21:29] Macro Winrate          :  66.6%
[2025-09-15 01:21:29] Macro Ø-Reward         :  2.488
[2025-09-15 01:21:29] Winrate vs max_combo   :  44.6% | Σ-Reward:  4186.0 | Ø-Reward:  2.093 | Places: [892 (0.45), 590 (0.29), 330 (0.17), 188 (0.09)]
[2025-09-15 01:21:29] Winrate vs random2     :  76.0% | Σ-Reward:  5372.0 | Ø-Reward:  2.686 | Places: [1520 (0.76), 349 (0.17), 114 (0.06), 17 (0.01)]
[2025-09-15 01:21:29] Winrate vs single_only :  79.3% | Σ-Reward:  5368.0 | Ø-Reward:  2.684 | Places: [1586 (0.79), 234 (0.12), 142 (0.07), 38 (0.02)]
[2025-09-15 01:22:17] Timing @ep 480000: episode 74.8s | train 0.003s | eval 29.0s | plot 45.8s | save 0.002s | cum 4.38h
[2025-09-15 01:27:17] 
[2025-09-15 01:27:17] Benchmark @train_ep  490000 (bench_eps: 2000)
[2025-09-15 01:27:17] Macro Winrate          :  69.0%
[2025-09-15 01:27:17] Macro Ø-Reward         :  2.546
[2025-09-15 01:27:17] Winrate vs max_combo   :  47.6% | Σ-Reward:  4358.0 | Ø-Reward:  2.179 | Places: [953 (0.48), 601 (0.30), 297 (0.15), 149 (0.07)]
[2025-09-15 01:27:17] Winrate vs random2     :  79.8% | Σ-Reward:  5490.0 | Ø-Reward:  2.745 | Places: [1597 (0.80), 312 (0.16), 75 (0.04), 16 (0.01)]
[2025-09-15 01:27:17] Winrate vs single_only :  79.5% | Σ-Reward:  5429.0 | Ø-Reward:  2.715 | Places: [1591 (0.80), 270 (0.14), 116 (0.06), 23 (0.01)]
[2025-09-15 01:28:05] Timing @ep 490000: episode 76.3s | train 0.003s | eval 29.3s | plot 47.0s | save 0.002s | cum 4.47h
[2025-09-15 01:33:07] 
[2025-09-15 01:33:07] Benchmark @train_ep  500000 (bench_eps: 2000)
[2025-09-15 01:33:07] Macro Winrate          :  69.5%
[2025-09-15 01:33:07] Macro Ø-Reward         :  2.552
[2025-09-15 01:33:07] Winrate vs max_combo   :  48.6% | Σ-Reward:  4351.0 | Ø-Reward:  2.175 | Places: [972 (0.49), 564 (0.28), 307 (0.15), 157 (0.08)]
[2025-09-15 01:33:07] Winrate vs random2     :  79.7% | Σ-Reward:  5495.0 | Ø-Reward:  2.748 | Places: [1594 (0.80), 321 (0.16), 71 (0.04), 14 (0.01)]
[2025-09-15 01:33:07] Winrate vs single_only :  80.3% | Σ-Reward:  5463.0 | Ø-Reward:  2.732 | Places: [1606 (0.80), 266 (0.13), 113 (0.06), 15 (0.01)]
[2025-09-15 01:33:56] Timing @ep 500000: episode 77.0s | train 0.003s | eval 29.1s | plot 47.9s | save 0.002s | cum 4.57h
[2025-09-15 01:39:00] 
[2025-09-15 01:39:00] Benchmark @train_ep  510000 (bench_eps: 2000)
[2025-09-15 01:39:00] Macro Winrate          :  69.4%
[2025-09-15 01:39:00] Macro Ø-Reward         :  2.565
[2025-09-15 01:39:00] Winrate vs max_combo   :  46.9% | Σ-Reward:  4404.0 | Ø-Reward:  2.202 | Places: [938 (0.47), 638 (0.32), 314 (0.16), 110 (0.06)]
[2025-09-15 01:39:00] Winrate vs random2     :  80.7% | Σ-Reward:  5512.0 | Ø-Reward:  2.756 | Places: [1613 (0.81), 302 (0.15), 69 (0.03), 16 (0.01)]
[2025-09-15 01:39:00] Winrate vs single_only :  80.5% | Σ-Reward:  5471.0 | Ø-Reward:  2.736 | Places: [1610 (0.81), 267 (0.13), 107 (0.05), 16 (0.01)]
[2025-09-15 01:39:49] Timing @ep 510000: episode 77.8s | train 0.003s | eval 29.1s | plot 48.6s | save 0.002s | cum 4.66h
[2025-09-15 01:44:49] 
[2025-09-15 01:44:49] Benchmark @train_ep  520000 (bench_eps: 2000)
[2025-09-15 01:44:49] Macro Winrate          :  69.0%
[2025-09-15 01:44:49] Macro Ø-Reward         :  2.541
[2025-09-15 01:44:49] Winrate vs max_combo   :  46.4% | Σ-Reward:  4268.0 | Ø-Reward:  2.134 | Places: [928 (0.46), 590 (0.29), 304 (0.15), 178 (0.09)]
[2025-09-15 01:44:50] Winrate vs random2     :  80.0% | Σ-Reward:  5493.0 | Ø-Reward:  2.747 | Places: [1600 (0.80), 310 (0.15), 73 (0.04), 17 (0.01)]
[2025-09-15 01:44:50] Winrate vs single_only :  80.8% | Σ-Reward:  5482.0 | Ø-Reward:  2.741 | Places: [1615 (0.81), 271 (0.14), 95 (0.05), 19 (0.01)]
[2025-09-15 01:45:41] Timing @ep 520000: episode 78.3s | train 0.003s | eval 28.8s | plot 49.5s | save 0.002s | cum 4.76h
[2025-09-15 01:50:41] 
[2025-09-15 01:50:41] Benchmark @train_ep  530000 (bench_eps: 2000)
[2025-09-15 01:50:41] Macro Winrate          :  69.9%
[2025-09-15 01:50:41] Macro Ø-Reward         :  2.576
[2025-09-15 01:50:41] Winrate vs max_combo   :  50.4% | Σ-Reward:  4495.0 | Ø-Reward:  2.248 | Places: [1008 (0.50), 600 (0.30), 271 (0.14), 121 (0.06)]
[2025-09-15 01:50:41] Winrate vs random2     :  79.4% | Σ-Reward:  5510.0 | Ø-Reward:  2.755 | Places: [1588 (0.79), 342 (0.17), 62 (0.03), 8 (0.00)]
[2025-09-15 01:50:41] Winrate vs single_only :  79.8% | Σ-Reward:  5452.0 | Ø-Reward:  2.726 | Places: [1595 (0.80), 274 (0.14), 119 (0.06), 12 (0.01)]
[2025-09-15 01:51:32] Timing @ep 530000: episode 79.2s | train 0.003s | eval 28.8s | plot 50.4s | save 0.002s | cum 4.86h
[2025-09-15 01:56:32] 
[2025-09-15 01:56:32] Benchmark @train_ep  540000 (bench_eps: 2000)
[2025-09-15 01:56:32] Macro Winrate          :  72.6%
[2025-09-15 01:56:32] Macro Ø-Reward         :  2.602
[2025-09-15 01:56:32] Winrate vs max_combo   :  53.2% | Σ-Reward:  4502.0 | Ø-Reward:  2.251 | Places: [1064 (0.53), 537 (0.27), 236 (0.12), 163 (0.08)]
[2025-09-15 01:56:32] Winrate vs random2     :  84.2% | Σ-Reward:  5611.0 | Ø-Reward:  2.805 | Places: [1684 (0.84), 258 (0.13), 43 (0.02), 15 (0.01)]
[2025-09-15 01:56:32] Winrate vs single_only :  80.5% | Σ-Reward:  5498.0 | Ø-Reward:  2.749 | Places: [1611 (0.81), 288 (0.14), 89 (0.04), 12 (0.01)]
[2025-09-15 01:57:25] Timing @ep 540000: episode 79.7s | train 0.003s | eval 28.6s | plot 51.1s | save 0.002s | cum 4.95h
[2025-09-15 02:02:27] 
[2025-09-15 02:02:27] Benchmark @train_ep  550000 (bench_eps: 2000)
[2025-09-15 02:02:27] Macro Winrate          :  72.3%
[2025-09-15 02:02:27] Macro Ø-Reward         :  2.587
[2025-09-15 02:02:27] Winrate vs max_combo   :  55.0% | Σ-Reward:  4489.0 | Ø-Reward:  2.244 | Places: [1099 (0.55), 472 (0.24), 248 (0.12), 181 (0.09)]
[2025-09-15 02:02:27] Winrate vs random2     :  82.8% | Σ-Reward:  5554.0 | Ø-Reward:  2.777 | Places: [1656 (0.83), 265 (0.13), 56 (0.03), 23 (0.01)]
[2025-09-15 02:02:27] Winrate vs single_only :  79.2% | Σ-Reward:  5480.0 | Ø-Reward:  2.740 | Places: [1584 (0.79), 323 (0.16), 82 (0.04), 11 (0.01)]
[2025-09-15 02:03:22] Timing @ep 550000: episode 82.8s | train 0.002s | eval 29.9s | plot 52.9s | save 0.002s | cum 5.05h
[2025-09-15 02:08:21] 
[2025-09-15 02:08:21] Benchmark @train_ep  560000 (bench_eps: 2000)
[2025-09-15 02:08:21] Macro Winrate          :  66.4%
[2025-09-15 02:08:21] Macro Ø-Reward         :  2.513
[2025-09-15 02:08:21] Winrate vs max_combo   :  45.7% | Σ-Reward:  4323.0 | Ø-Reward:  2.162 | Places: [914 (0.46), 629 (0.31), 323 (0.16), 134 (0.07)]
[2025-09-15 02:08:21] Winrate vs random2     :  77.2% | Σ-Reward:  5433.0 | Ø-Reward:  2.716 | Places: [1544 (0.77), 354 (0.18), 93 (0.05), 9 (0.00)]
[2025-09-15 02:08:21] Winrate vs single_only :  76.2% | Σ-Reward:  5321.0 | Ø-Reward:  2.660 | Places: [1524 (0.76), 291 (0.15), 167 (0.08), 18 (0.01)]
[2025-09-15 02:09:15] Timing @ep 560000: episode 81.5s | train 0.003s | eval 29.0s | plot 52.5s | save 0.002s | cum 5.14h
[2025-09-15 02:14:15] 
[2025-09-15 02:14:15] Benchmark @train_ep  570000 (bench_eps: 2000)
[2025-09-15 02:14:15] Macro Winrate          :  67.9%
[2025-09-15 02:14:15] Macro Ø-Reward         :  2.563
[2025-09-15 02:14:15] Winrate vs max_combo   :  48.1% | Σ-Reward:  4473.0 | Ø-Reward:  2.236 | Places: [963 (0.48), 639 (0.32), 306 (0.15), 92 (0.05)]
[2025-09-15 02:14:15] Winrate vs random2     :  79.3% | Σ-Reward:  5513.0 | Ø-Reward:  2.756 | Places: [1587 (0.79), 344 (0.17), 64 (0.03), 5 (0.00)]
[2025-09-15 02:14:15] Winrate vs single_only :  76.2% | Σ-Reward:  5390.0 | Ø-Reward:  2.695 | Places: [1523 (0.76), 351 (0.18), 119 (0.06), 7 (0.00)]
[2025-09-15 02:15:11] Timing @ep 570000: episode 84.4s | train 0.003s | eval 29.5s | plot 54.9s | save 0.002s | cum 5.24h
[2025-09-15 02:20:12] 
[2025-09-15 02:20:12] Benchmark @train_ep  580000 (bench_eps: 2000)
[2025-09-15 02:20:12] Macro Winrate          :  73.2%
[2025-09-15 02:20:12] Macro Ø-Reward         :  2.614
[2025-09-15 02:20:12] Winrate vs max_combo   :  54.2% | Σ-Reward:  4586.0 | Ø-Reward:  2.293 | Places: [1084 (0.54), 541 (0.27), 252 (0.13), 123 (0.06)]
[2025-09-15 02:20:12] Winrate vs random2     :  82.2% | Σ-Reward:  5564.0 | Ø-Reward:  2.782 | Places: [1643 (0.82), 289 (0.14), 57 (0.03), 11 (0.01)]
[2025-09-15 02:20:12] Winrate vs single_only :  83.2% | Σ-Reward:  5536.0 | Ø-Reward:  2.768 | Places: [1665 (0.83), 222 (0.11), 97 (0.05), 16 (0.01)]
[2025-09-15 02:21:10] Timing @ep 580000: episode 83.6s | train 0.003s | eval 28.0s | plot 55.6s | save 0.002s | cum 5.34h
[2025-09-15 02:26:09] 
[2025-09-15 02:26:09] Benchmark @train_ep  590000 (bench_eps: 2000)
[2025-09-15 02:26:09] Macro Winrate          :  71.0%
[2025-09-15 02:26:09] Macro Ø-Reward         :  2.575
[2025-09-15 02:26:09] Winrate vs max_combo   :  50.0% | Σ-Reward:  4389.0 | Ø-Reward:  2.195 | Places: [1001 (0.50), 551 (0.28), 284 (0.14), 164 (0.08)]
[2025-09-15 02:26:09] Winrate vs random2     :  82.5% | Σ-Reward:  5579.0 | Ø-Reward:  2.789 | Places: [1651 (0.83), 288 (0.14), 50 (0.03), 11 (0.01)]
[2025-09-15 02:26:09] Winrate vs single_only :  80.2% | Σ-Reward:  5484.0 | Ø-Reward:  2.742 | Places: [1605 (0.80), 286 (0.14), 97 (0.05), 12 (0.01)]
[2025-09-15 02:27:07] Timing @ep 590000: episode 85.9s | train 0.004s | eval 28.9s | plot 56.9s | save 0.002s | cum 5.43h
[2025-09-15 02:32:06] 
[2025-09-15 02:32:06] Benchmark @train_ep  600000 (bench_eps: 2000)
[2025-09-15 02:32:06] Macro Winrate          :  69.0%
[2025-09-15 02:32:06] Macro Ø-Reward         :  2.541
[2025-09-15 02:32:06] Winrate vs max_combo   :  47.9% | Σ-Reward:  4303.0 | Ø-Reward:  2.151 | Places: [958 (0.48), 565 (0.28), 299 (0.15), 178 (0.09)]
[2025-09-15 02:32:06] Winrate vs random2     :  79.2% | Σ-Reward:  5478.0 | Ø-Reward:  2.739 | Places: [1583 (0.79), 325 (0.16), 79 (0.04), 13 (0.01)]
[2025-09-15 02:32:06] Winrate vs single_only :  80.1% | Σ-Reward:  5466.0 | Ø-Reward:  2.733 | Places: [1602 (0.80), 277 (0.14), 106 (0.05), 15 (0.01)]
[2025-09-15 02:33:04] Timing @ep 600000: episode 84.9s | train 0.003s | eval 28.0s | plot 56.8s | save 0.002s | cum 5.53h
[2025-09-15 02:38:04] 
[2025-09-15 02:38:04] Benchmark @train_ep  610000 (bench_eps: 2000)
[2025-09-15 02:38:04] Macro Winrate          :  70.2%
[2025-09-15 02:38:04] Macro Ø-Reward         :  2.556
[2025-09-15 02:38:04] Winrate vs max_combo   :  48.6% | Σ-Reward:  4313.0 | Ø-Reward:  2.156 | Places: [972 (0.49), 549 (0.27), 299 (0.15), 180 (0.09)]
[2025-09-15 02:38:04] Winrate vs random2     :  80.9% | Σ-Reward:  5525.0 | Ø-Reward:  2.763 | Places: [1618 (0.81), 302 (0.15), 67 (0.03), 13 (0.01)]
[2025-09-15 02:38:04] Winrate vs single_only :  81.1% | Σ-Reward:  5497.0 | Ø-Reward:  2.748 | Places: [1622 (0.81), 271 (0.14), 89 (0.04), 18 (0.01)]
[2025-09-15 02:39:03] Timing @ep 610000: episode 87.1s | train 0.003s | eval 29.1s | plot 58.0s | save 0.002s | cum 5.63h
[2025-09-15 02:44:00] 
[2025-09-15 02:44:00] Benchmark @train_ep  620000 (bench_eps: 2000)
[2025-09-15 02:44:00] Macro Winrate          :  70.5%
[2025-09-15 02:44:00] Macro Ø-Reward         :  2.577
[2025-09-15 02:44:00] Winrate vs max_combo   :  49.0% | Σ-Reward:  4415.0 | Ø-Reward:  2.208 | Places: [979 (0.49), 606 (0.30), 266 (0.13), 149 (0.07)]
[2025-09-15 02:44:00] Winrate vs random2     :  81.2% | Σ-Reward:  5542.0 | Ø-Reward:  2.771 | Places: [1623 (0.81), 302 (0.15), 69 (0.03), 6 (0.00)]
[2025-09-15 02:44:00] Winrate vs single_only :  81.5% | Σ-Reward:  5506.0 | Ø-Reward:  2.753 | Places: [1629 (0.81), 262 (0.13), 95 (0.05), 14 (0.01)]
[2025-09-15 02:45:02] Timing @ep 620000: episode 88.7s | train 0.003s | eval 28.7s | plot 59.9s | save 0.002s | cum 5.72h
[2025-09-15 02:50:01] 
[2025-09-15 02:50:01] Benchmark @train_ep  630000 (bench_eps: 2000)
[2025-09-15 02:50:01] Macro Winrate          :  67.4%
[2025-09-15 02:50:01] Macro Ø-Reward         :  2.542
[2025-09-15 02:50:01] Winrate vs max_combo   :  48.5% | Σ-Reward:  4435.0 | Ø-Reward:  2.217 | Places: [969 (0.48), 619 (0.31), 290 (0.14), 122 (0.06)]
[2025-09-15 02:50:01] Winrate vs random2     :  79.6% | Σ-Reward:  5523.0 | Ø-Reward:  2.761 | Places: [1592 (0.80), 346 (0.17), 55 (0.03), 7 (0.00)]
[2025-09-15 02:50:01] Winrate vs single_only :  74.1% | Σ-Reward:  5297.0 | Ø-Reward:  2.648 | Places: [1482 (0.74), 347 (0.17), 157 (0.08), 14 (0.01)]
[2025-09-15 02:51:02] Timing @ep 630000: episode 88.6s | train 0.003s | eval 29.2s | plot 59.3s | save 0.002s | cum 5.82h
[2025-09-15 02:56:03] 
[2025-09-15 02:56:03] Benchmark @train_ep  640000 (bench_eps: 2000)
[2025-09-15 02:56:03] Macro Winrate          :  71.5%
[2025-09-15 02:56:03] Macro Ø-Reward         :  2.600
[2025-09-15 02:56:03] Winrate vs max_combo   :  52.1% | Σ-Reward:  4529.0 | Ø-Reward:  2.264 | Places: [1043 (0.52), 578 (0.29), 244 (0.12), 135 (0.07)]
[2025-09-15 02:56:03] Winrate vs random2     :  82.2% | Σ-Reward:  5589.0 | Ø-Reward:  2.795 | Places: [1643 (0.82), 309 (0.15), 42 (0.02), 6 (0.00)]
[2025-09-15 02:56:03] Winrate vs single_only :  80.3% | Σ-Reward:  5485.0 | Ø-Reward:  2.743 | Places: [1607 (0.80), 283 (0.14), 98 (0.05), 12 (0.01)]
[2025-09-15 02:57:06] Timing @ep 640000: episode 89.9s | train 0.003s | eval 29.0s | plot 60.8s | save 0.002s | cum 5.92h
[2025-09-15 03:02:06] 
[2025-09-15 03:02:06] Benchmark @train_ep  650000 (bench_eps: 2000)
[2025-09-15 03:02:06] Macro Winrate          :  69.5%
[2025-09-15 03:02:06] Macro Ø-Reward         :  2.564
[2025-09-15 03:02:06] Winrate vs max_combo   :  49.1% | Σ-Reward:  4453.0 | Ø-Reward:  2.227 | Places: [982 (0.49), 610 (0.30), 287 (0.14), 121 (0.06)]
[2025-09-15 03:02:06] Winrate vs random2     :  80.1% | Σ-Reward:  5516.0 | Ø-Reward:  2.758 | Places: [1602 (0.80), 321 (0.16), 68 (0.03), 9 (0.00)]
[2025-09-15 03:02:06] Winrate vs single_only :  79.2% | Σ-Reward:  5416.0 | Ø-Reward:  2.708 | Places: [1584 (0.79), 270 (0.14), 124 (0.06), 22 (0.01)]
[2025-09-15 03:03:09] Timing @ep 650000: episode 91.4s | train 0.003s | eval 29.2s | plot 62.2s | save 0.002s | cum 6.02h
[2025-09-15 03:08:06] 
[2025-09-15 03:08:06] Benchmark @train_ep  660000 (bench_eps: 2000)
[2025-09-15 03:08:06] Macro Winrate          :  67.3%
[2025-09-15 03:08:06] Macro Ø-Reward         :  2.521
[2025-09-15 03:08:06] Winrate vs max_combo   :  48.3% | Σ-Reward:  4382.0 | Ø-Reward:  2.191 | Places: [966 (0.48), 577 (0.29), 330 (0.17), 127 (0.06)]
[2025-09-15 03:08:06] Winrate vs random2     :  77.7% | Σ-Reward:  5453.0 | Ø-Reward:  2.727 | Places: [1554 (0.78), 355 (0.18), 81 (0.04), 10 (0.01)]
[2025-09-15 03:08:06] Winrate vs single_only :  76.0% | Σ-Reward:  5292.0 | Ø-Reward:  2.646 | Places: [1520 (0.76), 270 (0.14), 192 (0.10), 18 (0.01)]
[2025-09-15 03:09:11] Timing @ep 660000: episode 92.3s | train 0.003s | eval 29.0s | plot 63.3s | save 0.002s | cum 6.12h
[2025-09-15 03:14:10] 
[2025-09-15 03:14:10] Benchmark @train_ep  670000 (bench_eps: 2000)
[2025-09-15 03:14:10] Macro Winrate          :  67.8%
[2025-09-15 03:14:10] Macro Ø-Reward         :  2.536
[2025-09-15 03:14:10] Winrate vs max_combo   :  45.6% | Σ-Reward:  4322.0 | Ø-Reward:  2.161 | Places: [913 (0.46), 644 (0.32), 295 (0.15), 148 (0.07)]
[2025-09-15 03:14:10] Winrate vs random2     :  80.3% | Σ-Reward:  5510.0 | Ø-Reward:  2.755 | Places: [1606 (0.80), 312 (0.16), 68 (0.03), 14 (0.01)]
[2025-09-15 03:14:10] Winrate vs single_only :  77.3% | Σ-Reward:  5385.0 | Ø-Reward:  2.692 | Places: [1546 (0.77), 302 (0.15), 143 (0.07), 9 (0.00)]
[2025-09-15 03:15:16] Timing @ep 670000: episode 94.1s | train 0.003s | eval 28.7s | plot 65.4s | save 0.002s | cum 6.22h
[2025-09-15 03:20:12] 
[2025-09-15 03:20:12] Benchmark @train_ep  680000 (bench_eps: 2000)
[2025-09-15 03:20:12] Macro Winrate          :  68.9%
[2025-09-15 03:20:12] Macro Ø-Reward         :  2.547
[2025-09-15 03:20:12] Winrate vs max_combo   :  47.0% | Σ-Reward:  4338.0 | Ø-Reward:  2.169 | Places: [941 (0.47), 596 (0.30), 323 (0.16), 140 (0.07)]
[2025-09-15 03:20:12] Winrate vs random2     :  79.7% | Σ-Reward:  5501.0 | Ø-Reward:  2.751 | Places: [1593 (0.80), 330 (0.17), 62 (0.03), 15 (0.01)]
[2025-09-15 03:20:12] Winrate vs single_only :  79.9% | Σ-Reward:  5444.0 | Ø-Reward:  2.722 | Places: [1598 (0.80), 262 (0.13), 126 (0.06), 14 (0.01)]
[2025-09-15 03:21:19] Timing @ep 680000: episode 95.1s | train 0.003s | eval 29.5s | plot 65.5s | save 0.002s | cum 6.32h
[2025-09-15 03:26:17] 
[2025-09-15 03:26:17] Benchmark @train_ep  690000 (bench_eps: 2000)
[2025-09-15 03:26:17] Macro Winrate          :  67.0%
[2025-09-15 03:26:17] Macro Ø-Reward         :  2.518
[2025-09-15 03:26:17] Winrate vs max_combo   :  48.9% | Σ-Reward:  4406.0 | Ø-Reward:  2.203 | Places: [978 (0.49), 587 (0.29), 298 (0.15), 137 (0.07)]
[2025-09-15 03:26:17] Winrate vs random2     :  76.4% | Σ-Reward:  5410.0 | Ø-Reward:  2.705 | Places: [1528 (0.76), 368 (0.18), 90 (0.04), 14 (0.01)]
[2025-09-15 03:26:17] Winrate vs single_only :  75.8% | Σ-Reward:  5290.0 | Ø-Reward:  2.645 | Places: [1516 (0.76), 281 (0.14), 180 (0.09), 23 (0.01)]
[2025-09-15 03:27:24] Timing @ep 690000: episode 95.5s | train 0.003s | eval 29.4s | plot 66.1s | save 0.002s | cum 6.42h
[2025-09-15 03:32:20] 
[2025-09-15 03:32:20] Benchmark @train_ep  700000 (bench_eps: 2000)
[2025-09-15 03:32:20] Macro Winrate          :  68.9%
[2025-09-15 03:32:20] Macro Ø-Reward         :  2.562
[2025-09-15 03:32:20] Winrate vs max_combo   :  50.4% | Σ-Reward:  4485.0 | Ø-Reward:  2.243 | Places: [1008 (0.50), 576 (0.29), 309 (0.15), 107 (0.05)]
[2025-09-15 03:32:20] Winrate vs random2     :  78.8% | Σ-Reward:  5501.0 | Ø-Reward:  2.751 | Places: [1576 (0.79), 355 (0.18), 63 (0.03), 6 (0.00)]
[2025-09-15 03:32:20] Winrate vs single_only :  77.4% | Σ-Reward:  5385.0 | Ø-Reward:  2.692 | Places: [1548 (0.77), 304 (0.15), 133 (0.07), 15 (0.01)]
[2025-09-15 03:33:29] Timing @ep 700000: episode 96.5s | train 0.003s | eval 28.9s | plot 67.6s | save 0.003s | cum 6.52h
[2025-09-15 03:38:24] 
[2025-09-15 03:38:24] Benchmark @train_ep  710000 (bench_eps: 2000)
[2025-09-15 03:38:24] Macro Winrate          :  69.8%
[2025-09-15 03:38:24] Macro Ø-Reward         :  2.558
[2025-09-15 03:38:24] Winrate vs max_combo   :  49.6% | Σ-Reward:  4438.0 | Ø-Reward:  2.219 | Places: [993 (0.50), 583 (0.29), 293 (0.15), 131 (0.07)]
[2025-09-15 03:38:24] Winrate vs random2     :  79.3% | Σ-Reward:  5484.0 | Ø-Reward:  2.742 | Places: [1586 (0.79), 324 (0.16), 78 (0.04), 12 (0.01)]
[2025-09-15 03:38:24] Winrate vs single_only :  80.5% | Σ-Reward:  5426.0 | Ø-Reward:  2.713 | Places: [1609 (0.80), 227 (0.11), 145 (0.07), 19 (0.01)]
[2025-09-15 03:39:33] Timing @ep 710000: episode 97.1s | train 0.004s | eval 28.7s | plot 68.3s | save 0.002s | cum 6.62h
[2025-09-15 03:44:30] 
[2025-09-15 03:44:30] Benchmark @train_ep  720000 (bench_eps: 2000)
[2025-09-15 03:44:30] Macro Winrate          :  71.0%
[2025-09-15 03:44:30] Macro Ø-Reward         :  2.586
[2025-09-15 03:44:30] Winrate vs max_combo   :  51.0% | Σ-Reward:  4508.0 | Ø-Reward:  2.254 | Places: [1021 (0.51), 603 (0.30), 239 (0.12), 137 (0.07)]
[2025-09-15 03:44:30] Winrate vs random2     :  81.2% | Σ-Reward:  5520.0 | Ø-Reward:  2.760 | Places: [1623 (0.81), 290 (0.14), 71 (0.04), 16 (0.01)]
[2025-09-15 03:44:30] Winrate vs single_only :  81.0% | Σ-Reward:  5488.0 | Ø-Reward:  2.744 | Places: [1619 (0.81), 267 (0.13), 97 (0.05), 17 (0.01)]
[2025-09-15 03:45:41] Timing @ep 720000: episode 98.6s | train 0.003s | eval 29.1s | plot 69.5s | save 0.002s | cum 6.72h
[2025-09-15 03:50:36] 
[2025-09-15 03:50:36] Benchmark @train_ep  730000 (bench_eps: 2000)
[2025-09-15 03:50:36] Macro Winrate          :  69.6%
[2025-09-15 03:50:36] Macro Ø-Reward         :  2.568
[2025-09-15 03:50:36] Winrate vs max_combo   :  48.6% | Σ-Reward:  4435.0 | Ø-Reward:  2.217 | Places: [972 (0.49), 620 (0.31), 279 (0.14), 129 (0.06)]
[2025-09-15 03:50:36] Winrate vs random2     :  81.0% | Σ-Reward:  5534.0 | Ø-Reward:  2.767 | Places: [1621 (0.81), 301 (0.15), 69 (0.03), 9 (0.00)]
[2025-09-15 03:50:36] Winrate vs single_only :  79.1% | Σ-Reward:  5439.0 | Ø-Reward:  2.720 | Places: [1582 (0.79), 293 (0.15), 107 (0.05), 18 (0.01)]
[2025-09-15 03:51:47] Timing @ep 730000: episode 97.5s | train 0.003s | eval 28.1s | plot 69.3s | save 0.002s | cum 6.82h
[2025-09-15 03:56:41] 
[2025-09-15 03:56:41] Benchmark @train_ep  740000 (bench_eps: 2000)
[2025-09-15 03:56:41] Macro Winrate          :  69.8%
[2025-09-15 03:56:41] Macro Ø-Reward         :  2.579
[2025-09-15 03:56:41] Winrate vs max_combo   :  52.2% | Σ-Reward:  4539.0 | Ø-Reward:  2.269 | Places: [1044 (0.52), 574 (0.29), 259 (0.13), 123 (0.06)]
[2025-09-15 03:56:41] Winrate vs random2     :  78.8% | Σ-Reward:  5488.0 | Ø-Reward:  2.744 | Places: [1576 (0.79), 347 (0.17), 66 (0.03), 11 (0.01)]
[2025-09-15 03:56:41] Winrate vs single_only :  78.5% | Σ-Reward:  5446.0 | Ø-Reward:  2.723 | Places: [1570 (0.79), 317 (0.16), 102 (0.05), 11 (0.01)]
[2025-09-15 03:57:53] Timing @ep 740000: episode 99.6s | train 0.003s | eval 29.0s | plot 70.6s | save 0.002s | cum 6.91h
[2025-09-15 04:02:54] 
[2025-09-15 04:02:54] Benchmark @train_ep  750000 (bench_eps: 2000)
[2025-09-15 04:02:54] Macro Winrate          :  69.2%
[2025-09-15 04:02:54] Macro Ø-Reward         :  2.570
[2025-09-15 04:02:54] Winrate vs max_combo   :  48.5% | Σ-Reward:  4425.0 | Ø-Reward:  2.212 | Places: [970 (0.48), 616 (0.31), 283 (0.14), 131 (0.07)]
[2025-09-15 04:02:54] Winrate vs random2     :  80.0% | Σ-Reward:  5523.0 | Ø-Reward:  2.761 | Places: [1600 (0.80), 333 (0.17), 57 (0.03), 10 (0.01)]
[2025-09-15 04:02:54] Winrate vs single_only :  79.2% | Σ-Reward:  5470.0 | Ø-Reward:  2.735 | Places: [1584 (0.79), 312 (0.16), 94 (0.05), 10 (0.01)]
[2025-09-15 04:04:08] Timing @ep 750000: episode 101.4s | train 0.003s | eval 29.3s | plot 72.0s | save 0.002s | cum 7.02h
[2025-09-15 04:09:06] 
[2025-09-15 04:09:06] Benchmark @train_ep  760000 (bench_eps: 2000)
[2025-09-15 04:09:06] Macro Winrate          :  72.0%
[2025-09-15 04:09:06] Macro Ø-Reward         :  2.591
[2025-09-15 04:09:06] Winrate vs max_combo   :  51.5% | Σ-Reward:  4439.0 | Ø-Reward:  2.220 | Places: [1031 (0.52), 534 (0.27), 278 (0.14), 157 (0.08)]
[2025-09-15 04:09:06] Winrate vs random2     :  83.2% | Σ-Reward:  5600.0 | Ø-Reward:  2.800 | Places: [1664 (0.83), 282 (0.14), 44 (0.02), 10 (0.01)]
[2025-09-15 04:09:06] Winrate vs single_only :  81.3% | Σ-Reward:  5509.0 | Ø-Reward:  2.755 | Places: [1627 (0.81), 266 (0.13), 96 (0.05), 11 (0.01)]
[2025-09-15 04:10:21] Timing @ep 760000: episode 101.3s | train 0.003s | eval 28.0s | plot 73.3s | save 0.002s | cum 7.12h
[2025-09-15 04:15:19] 
[2025-09-15 04:15:19] Benchmark @train_ep  770000 (bench_eps: 2000)
[2025-09-15 04:15:19] Macro Winrate          :  72.5%
[2025-09-15 04:15:19] Macro Ø-Reward         :  2.592
[2025-09-15 04:15:19] Winrate vs max_combo   :  52.8% | Σ-Reward:  4460.0 | Ø-Reward:  2.230 | Places: [1055 (0.53), 510 (0.26), 275 (0.14), 160 (0.08)]
[2025-09-15 04:15:19] Winrate vs random2     :  83.8% | Σ-Reward:  5588.0 | Ø-Reward:  2.794 | Places: [1676 (0.84), 252 (0.13), 56 (0.03), 16 (0.01)]
[2025-09-15 04:15:19] Winrate vs single_only :  81.0% | Σ-Reward:  5505.0 | Ø-Reward:  2.752 | Places: [1619 (0.81), 283 (0.14), 82 (0.04), 16 (0.01)]
[2025-09-15 04:16:36] Timing @ep 770000: episode 102.4s | train 0.003s | eval 28.1s | plot 74.3s | save 0.002s | cum 7.22h
[2025-09-15 04:21:33] 
[2025-09-15 04:21:33] Benchmark @train_ep  780000 (bench_eps: 2000)
[2025-09-15 04:21:33] Macro Winrate          :  71.1%
[2025-09-15 04:21:33] Macro Ø-Reward         :  2.592
[2025-09-15 04:21:33] Winrate vs max_combo   :  51.6% | Σ-Reward:  4517.0 | Ø-Reward:  2.259 | Places: [1033 (0.52), 578 (0.29), 262 (0.13), 127 (0.06)]
[2025-09-15 04:21:33] Winrate vs random2     :  80.8% | Σ-Reward:  5535.0 | Ø-Reward:  2.768 | Places: [1617 (0.81), 310 (0.15), 64 (0.03), 9 (0.00)]
[2025-09-15 04:21:33] Winrate vs single_only :  81.0% | Σ-Reward:  5500.0 | Ø-Reward:  2.750 | Places: [1619 (0.81), 278 (0.14), 87 (0.04), 16 (0.01)]
[2025-09-15 04:22:49] Timing @ep 780000: episode 102.8s | train 0.003s | eval 28.6s | plot 74.3s | save 0.002s | cum 7.32h
[2025-09-15 04:27:46] 
[2025-09-15 04:27:46] Benchmark @train_ep  790000 (bench_eps: 2000)
[2025-09-15 04:27:46] Macro Winrate          :  69.0%
[2025-09-15 04:27:46] Macro Ø-Reward         :  2.556
[2025-09-15 04:27:46] Winrate vs max_combo   :  48.4% | Σ-Reward:  4454.0 | Ø-Reward:  2.227 | Places: [968 (0.48), 635 (0.32), 280 (0.14), 117 (0.06)]
[2025-09-15 04:27:46] Winrate vs random2     :  79.2% | Σ-Reward:  5496.0 | Ø-Reward:  2.748 | Places: [1584 (0.79), 335 (0.17), 74 (0.04), 7 (0.00)]
[2025-09-15 04:27:46] Winrate vs single_only :  79.3% | Σ-Reward:  5387.0 | Ø-Reward:  2.693 | Places: [1587 (0.79), 243 (0.12), 140 (0.07), 30 (0.01)]
[2025-09-15 04:29:05] Timing @ep 790000: episode 105.4s | train 0.003s | eval 28.5s | plot 77.0s | save 0.002s | cum 7.42h
[2025-09-15 04:34:03] 
[2025-09-15 04:34:03] Benchmark @train_ep  800000 (bench_eps: 2000)
[2025-09-15 04:34:03] Macro Winrate          :  69.8%
[2025-09-15 04:34:03] Macro Ø-Reward         :  2.581
[2025-09-15 04:34:03] Winrate vs max_combo   :  50.1% | Σ-Reward:  4503.0 | Ø-Reward:  2.252 | Places: [1003 (0.50), 605 (0.30), 284 (0.14), 108 (0.05)]
[2025-09-15 04:34:03] Winrate vs random2     :  81.2% | Σ-Reward:  5561.0 | Ø-Reward:  2.780 | Places: [1624 (0.81), 317 (0.16), 55 (0.03), 4 (0.00)]
[2025-09-15 04:34:03] Winrate vs single_only :  78.2% | Σ-Reward:  5421.0 | Ø-Reward:  2.711 | Places: [1563 (0.78), 310 (0.15), 112 (0.06), 15 (0.01)]
[2025-09-15 04:35:21] Timing @ep 800000: episode 104.7s | train 0.003s | eval 28.9s | plot 75.8s | save 0.002s | cum 7.53h
[2025-09-15 04:40:18] 
[2025-09-15 04:40:18] Benchmark @train_ep  810000 (bench_eps: 2000)
[2025-09-15 04:40:18] Macro Winrate          :  71.1%
[2025-09-15 04:40:18] Macro Ø-Reward         :  2.582
[2025-09-15 04:40:18] Winrate vs max_combo   :  50.9% | Σ-Reward:  4495.0 | Ø-Reward:  2.248 | Places: [1017 (0.51), 592 (0.30), 260 (0.13), 131 (0.07)]
[2025-09-15 04:40:18] Winrate vs random2     :  81.4% | Σ-Reward:  5533.0 | Ø-Reward:  2.767 | Places: [1628 (0.81), 291 (0.15), 67 (0.03), 14 (0.01)]
[2025-09-15 04:40:18] Winrate vs single_only :  81.0% | Σ-Reward:  5464.0 | Ø-Reward:  2.732 | Places: [1619 (0.81), 242 (0.12), 123 (0.06), 16 (0.01)]
[2025-09-15 04:41:37] Timing @ep 810000: episode 106.5s | train 0.003s | eval 28.8s | plot 77.7s | save 0.002s | cum 7.63h
[2025-09-15 04:46:34] 
[2025-09-15 04:46:34] Benchmark @train_ep  820000 (bench_eps: 2000)
[2025-09-15 04:46:34] Macro Winrate          :  71.8%
[2025-09-15 04:46:34] Macro Ø-Reward         :  2.594
[2025-09-15 04:46:34] Winrate vs max_combo   :  53.1% | Σ-Reward:  4560.0 | Ø-Reward:  2.280 | Places: [1062 (0.53), 565 (0.28), 244 (0.12), 129 (0.06)]
[2025-09-15 04:46:34] Winrate vs random2     :  81.3% | Σ-Reward:  5544.0 | Ø-Reward:  2.772 | Places: [1626 (0.81), 302 (0.15), 62 (0.03), 10 (0.01)]
[2025-09-15 04:46:34] Winrate vs single_only :  81.0% | Σ-Reward:  5462.0 | Ø-Reward:  2.731 | Places: [1621 (0.81), 244 (0.12), 111 (0.06), 24 (0.01)]
[2025-09-15 04:47:55] Timing @ep 820000: episode 108.0s | train 0.005s | eval 28.1s | plot 79.8s | save 0.002s | cum 7.73h
[2025-09-15 04:52:58] 
[2025-09-15 04:52:58] Benchmark @train_ep  830000 (bench_eps: 2000)
[2025-09-15 04:52:58] Macro Winrate          :  70.2%
[2025-09-15 04:52:58] Macro Ø-Reward         :  2.573
[2025-09-15 04:52:58] Winrate vs max_combo   :  53.6% | Σ-Reward:  4559.0 | Ø-Reward:  2.280 | Places: [1073 (0.54), 545 (0.27), 250 (0.12), 132 (0.07)]
[2025-09-15 04:52:58] Winrate vs random2     :  80.6% | Σ-Reward:  5532.0 | Ø-Reward:  2.766 | Places: [1612 (0.81), 314 (0.16), 68 (0.03), 6 (0.00)]
[2025-09-15 04:52:58] Winrate vs single_only :  76.5% | Σ-Reward:  5346.0 | Ø-Reward:  2.673 | Places: [1529 (0.76), 305 (0.15), 149 (0.07), 17 (0.01)]
[2025-09-15 04:54:18] Timing @ep 830000: episode 107.8s | train 0.003s | eval 29.0s | plot 78.8s | save 0.003s | cum 7.84h
[2025-09-15 04:59:16] 
[2025-09-15 04:59:16] Benchmark @train_ep  840000 (bench_eps: 2000)
[2025-09-15 04:59:16] Macro Winrate          :  70.4%
[2025-09-15 04:59:16] Macro Ø-Reward         :  2.568
[2025-09-15 04:59:16] Winrate vs max_combo   :  50.6% | Σ-Reward:  4445.0 | Ø-Reward:  2.223 | Places: [1013 (0.51), 575 (0.29), 256 (0.13), 156 (0.08)]
[2025-09-15 04:59:16] Winrate vs random2     :  81.2% | Σ-Reward:  5528.0 | Ø-Reward:  2.764 | Places: [1624 (0.81), 289 (0.14), 78 (0.04), 9 (0.00)]
[2025-09-15 04:59:16] Winrate vs single_only :  79.4% | Σ-Reward:  5436.0 | Ø-Reward:  2.718 | Places: [1588 (0.79), 280 (0.14), 112 (0.06), 20 (0.01)]
[2025-09-15 05:00:40] Timing @ep 840000: episode 111.2s | train 0.003s | eval 29.1s | plot 82.1s | save 0.002s | cum 7.94h
[2025-09-15 05:05:37] 
[2025-09-15 05:05:37] Benchmark @train_ep  850000 (bench_eps: 2000)
[2025-09-15 05:05:37] Macro Winrate          :  71.8%
[2025-09-15 05:05:37] Macro Ø-Reward         :  2.599
[2025-09-15 05:05:37] Winrate vs max_combo   :  53.8% | Σ-Reward:  4581.0 | Ø-Reward:  2.291 | Places: [1075 (0.54), 553 (0.28), 250 (0.12), 122 (0.06)]
[2025-09-15 05:05:37] Winrate vs random2     :  82.3% | Σ-Reward:  5577.0 | Ø-Reward:  2.788 | Places: [1647 (0.82), 292 (0.15), 52 (0.03), 9 (0.00)]
[2025-09-15 05:05:37] Winrate vs single_only :  79.3% | Σ-Reward:  5434.0 | Ø-Reward:  2.717 | Places: [1587 (0.79), 278 (0.14), 117 (0.06), 18 (0.01)]
[2025-09-15 05:07:00] Timing @ep 850000: episode 109.9s | train 0.003s | eval 29.0s | plot 80.9s | save 0.002s | cum 8.04h
[2025-09-15 05:11:58] 
[2025-09-15 05:11:58] Benchmark @train_ep  860000 (bench_eps: 2000)
[2025-09-15 05:11:58] Macro Winrate          :  67.4%
[2025-09-15 05:11:58] Macro Ø-Reward         :  2.470
[2025-09-15 05:11:58] Winrate vs max_combo   :  49.1% | Σ-Reward:  4265.0 | Ø-Reward:  2.132 | Places: [983 (0.49), 507 (0.25), 302 (0.15), 208 (0.10)]
[2025-09-15 05:11:58] Winrate vs random2     :  75.2% | Σ-Reward:  5296.0 | Ø-Reward:  2.648 | Places: [1503 (0.75), 332 (0.17), 123 (0.06), 42 (0.02)]
[2025-09-15 05:11:58] Winrate vs single_only :  77.8% | Σ-Reward:  5260.0 | Ø-Reward:  2.630 | Places: [1557 (0.78), 213 (0.11), 163 (0.08), 67 (0.03)]
[2025-09-15 05:13:23] Timing @ep 860000: episode 112.3s | train 0.003s | eval 28.9s | plot 83.4s | save 0.002s | cum 8.15h
[2025-09-15 05:18:19] 
[2025-09-15 05:18:19] Benchmark @train_ep  870000 (bench_eps: 2000)
[2025-09-15 05:18:19] Macro Winrate          :  68.8%
[2025-09-15 05:18:19] Macro Ø-Reward         :  2.549
[2025-09-15 05:18:19] Winrate vs max_combo   :  49.4% | Σ-Reward:  4432.0 | Ø-Reward:  2.216 | Places: [988 (0.49), 581 (0.29), 306 (0.15), 125 (0.06)]
[2025-09-15 05:18:19] Winrate vs random2     :  77.0% | Σ-Reward:  5432.0 | Ø-Reward:  2.716 | Places: [1541 (0.77), 364 (0.18), 81 (0.04), 14 (0.01)]
[2025-09-15 05:18:19] Winrate vs single_only :  79.8% | Σ-Reward:  5428.0 | Ø-Reward:  2.714 | Places: [1596 (0.80), 265 (0.13), 110 (0.06), 29 (0.01)]
[2025-09-15 05:19:44] Timing @ep 870000: episode 111.9s | train 0.003s | eval 28.6s | plot 83.3s | save 0.002s | cum 8.25h
[2025-09-15 05:24:40] 
[2025-09-15 05:24:40] Benchmark @train_ep  880000 (bench_eps: 2000)
[2025-09-15 05:24:40] Macro Winrate          :  70.6%
[2025-09-15 05:24:40] Macro Ø-Reward         :  2.571
[2025-09-15 05:24:40] Winrate vs max_combo   :  51.0% | Σ-Reward:  4469.0 | Ø-Reward:  2.235 | Places: [1019 (0.51), 568 (0.28), 276 (0.14), 137 (0.07)]
[2025-09-15 05:24:40] Winrate vs random2     :  80.0% | Σ-Reward:  5506.0 | Ø-Reward:  2.753 | Places: [1600 (0.80), 318 (0.16), 70 (0.04), 12 (0.01)]
[2025-09-15 05:24:40] Winrate vs single_only :  81.0% | Σ-Reward:  5454.0 | Ø-Reward:  2.727 | Places: [1620 (0.81), 237 (0.12), 120 (0.06), 23 (0.01)]
[2025-09-15 05:26:05] Timing @ep 880000: episode 112.3s | train 0.003s | eval 28.6s | plot 83.7s | save 0.002s | cum 8.36h
[2025-09-15 05:31:02] 
[2025-09-15 05:31:02] Benchmark @train_ep  890000 (bench_eps: 2000)
[2025-09-15 05:31:02] Macro Winrate          :  67.6%
[2025-09-15 05:31:02] Macro Ø-Reward         :  2.526
[2025-09-15 05:31:02] Winrate vs max_combo   :  48.5% | Σ-Reward:  4406.0 | Ø-Reward:  2.203 | Places: [971 (0.49), 591 (0.30), 311 (0.16), 127 (0.06)]
[2025-09-15 05:31:02] Winrate vs random2     :  78.0% | Σ-Reward:  5436.0 | Ø-Reward:  2.718 | Places: [1559 (0.78), 331 (0.17), 97 (0.05), 13 (0.01)]
[2025-09-15 05:31:02] Winrate vs single_only :  76.3% | Σ-Reward:  5312.0 | Ø-Reward:  2.656 | Places: [1526 (0.76), 291 (0.15), 152 (0.08), 31 (0.02)]
[2025-09-15 05:32:28] Timing @ep 890000: episode 116.2s | train 0.003s | eval 29.9s | plot 86.3s | save 0.002s | cum 8.46h
[2025-09-15 05:37:24] 
[2025-09-15 05:37:24] Benchmark @train_ep  900000 (bench_eps: 2000)
[2025-09-15 05:37:24] Macro Winrate          :  67.2%
[2025-09-15 05:37:24] Macro Ø-Reward         :  2.507
[2025-09-15 05:37:24] Winrate vs max_combo   :  51.4% | Σ-Reward:  4441.0 | Ø-Reward:  2.220 | Places: [1027 (0.51), 516 (0.26), 328 (0.16), 129 (0.06)]
[2025-09-15 05:37:24] Winrate vs random2     :  75.5% | Σ-Reward:  5372.0 | Ø-Reward:  2.686 | Places: [1510 (0.76), 363 (0.18), 116 (0.06), 11 (0.01)]
[2025-09-15 05:37:24] Winrate vs single_only :  74.8% | Σ-Reward:  5232.0 | Ø-Reward:  2.616 | Places: [1497 (0.75), 288 (0.14), 165 (0.08), 50 (0.03)]
[2025-09-15 05:38:51] Timing @ep 900000: episode 116.9s | train 0.003s | eval 30.0s | plot 86.9s | save 0.002s | cum 8.57h
[2025-09-15 05:43:47] 
[2025-09-15 05:43:47] Benchmark @train_ep  910000 (bench_eps: 2000)
[2025-09-15 05:43:47] Macro Winrate          :  70.5%
[2025-09-15 05:43:47] Macro Ø-Reward         :  2.575
[2025-09-15 05:43:47] Winrate vs max_combo   :  53.0% | Σ-Reward:  4532.0 | Ø-Reward:  2.266 | Places: [1059 (0.53), 545 (0.27), 265 (0.13), 131 (0.07)]
[2025-09-15 05:43:47] Winrate vs random2     :  80.4% | Σ-Reward:  5526.0 | Ø-Reward:  2.763 | Places: [1608 (0.80), 318 (0.16), 66 (0.03), 8 (0.00)]
[2025-09-15 05:43:47] Winrate vs single_only :  78.0% | Σ-Reward:  5389.0 | Ø-Reward:  2.695 | Places: [1561 (0.78), 287 (0.14), 132 (0.07), 20 (0.01)]
[2025-09-15 05:45:14] Timing @ep 910000: episode 116.5s | train 0.003s | eval 29.2s | plot 87.2s | save 0.002s | cum 8.68h
[2025-09-15 05:50:09] 
[2025-09-15 05:50:09] Benchmark @train_ep  920000 (bench_eps: 2000)
[2025-09-15 05:50:09] Macro Winrate          :  68.0%
[2025-09-15 05:50:09] Macro Ø-Reward         :  2.516
[2025-09-15 05:50:09] Winrate vs max_combo   :  47.8% | Σ-Reward:  4321.0 | Ø-Reward:  2.160 | Places: [955 (0.48), 578 (0.29), 300 (0.15), 167 (0.08)]
[2025-09-15 05:50:09] Winrate vs random2     :  76.3% | Σ-Reward:  5374.0 | Ø-Reward:  2.687 | Places: [1526 (0.76), 350 (0.17), 96 (0.05), 28 (0.01)]
[2025-09-15 05:50:09] Winrate vs single_only :  80.1% | Σ-Reward:  5403.0 | Ø-Reward:  2.701 | Places: [1602 (0.80), 228 (0.11), 141 (0.07), 29 (0.01)]
[2025-09-15 05:51:39] Timing @ep 920000: episode 118.2s | train 0.003s | eval 29.0s | plot 89.2s | save 0.003s | cum 8.78h
[2025-09-15 05:56:33] 
[2025-09-15 05:56:33] Benchmark @train_ep  930000 (bench_eps: 2000)
[2025-09-15 05:56:33] Macro Winrate          :  68.2%
[2025-09-15 05:56:33] Macro Ø-Reward         :  2.514
[2025-09-15 05:56:33] Winrate vs max_combo   :  47.5% | Σ-Reward:  4269.0 | Ø-Reward:  2.135 | Places: [949 (0.47), 540 (0.27), 342 (0.17), 169 (0.08)]
[2025-09-15 05:56:33] Winrate vs random2     :  76.8% | Σ-Reward:  5406.0 | Ø-Reward:  2.703 | Places: [1537 (0.77), 342 (0.17), 111 (0.06), 10 (0.01)]
[2025-09-15 05:56:33] Winrate vs single_only :  80.4% | Σ-Reward:  5408.0 | Ø-Reward:  2.704 | Places: [1608 (0.80), 228 (0.11), 128 (0.06), 36 (0.02)]
[2025-09-15 05:58:02] Timing @ep 930000: episode 118.1s | train 0.003s | eval 29.6s | plot 88.5s | save 0.002s | cum 8.89h
[2025-09-15 06:02:58] 
[2025-09-15 06:02:58] Benchmark @train_ep  940000 (bench_eps: 2000)
[2025-09-15 06:02:58] Macro Winrate          :  71.1%
[2025-09-15 06:02:58] Macro Ø-Reward         :  2.583
[2025-09-15 06:02:58] Winrate vs max_combo   :  53.4% | Σ-Reward:  4562.0 | Ø-Reward:  2.281 | Places: [1067 (0.53), 543 (0.27), 275 (0.14), 115 (0.06)]
[2025-09-15 06:02:58] Winrate vs random2     :  83.2% | Σ-Reward:  5600.0 | Ø-Reward:  2.800 | Places: [1665 (0.83), 276 (0.14), 53 (0.03), 6 (0.00)]
[2025-09-15 06:02:58] Winrate vs single_only :  76.6% | Σ-Reward:  5339.0 | Ø-Reward:  2.670 | Places: [1532 (0.77), 301 (0.15), 141 (0.07), 26 (0.01)]
[2025-09-15 06:04:30] Timing @ep 940000: episode 120.7s | train 0.003s | eval 29.2s | plot 91.4s | save 0.002s | cum 9.00h
[2025-09-15 06:09:24] 
[2025-09-15 06:09:24] Benchmark @train_ep  950000 (bench_eps: 2000)
[2025-09-15 06:09:24] Macro Winrate          :  69.4%
[2025-09-15 06:09:24] Macro Ø-Reward         :  2.558
[2025-09-15 06:09:24] Winrate vs max_combo   :  51.2% | Σ-Reward:  4494.0 | Ø-Reward:  2.247 | Places: [1024 (0.51), 567 (0.28), 288 (0.14), 121 (0.06)]
[2025-09-15 06:09:24] Winrate vs random2     :  78.5% | Σ-Reward:  5470.0 | Ø-Reward:  2.735 | Places: [1571 (0.79), 337 (0.17), 83 (0.04), 9 (0.00)]
[2025-09-15 06:09:24] Winrate vs single_only :  78.3% | Σ-Reward:  5384.0 | Ø-Reward:  2.692 | Places: [1566 (0.78), 278 (0.14), 130 (0.07), 26 (0.01)]
[2025-09-15 06:10:54] Timing @ep 950000: episode 119.7s | train 0.003s | eval 29.2s | plot 90.5s | save 0.002s | cum 9.10h
[2025-09-15 06:15:49] 
[2025-09-15 06:15:49] Benchmark @train_ep  960000 (bench_eps: 2000)
[2025-09-15 06:15:49] Macro Winrate          :  68.1%
[2025-09-15 06:15:49] Macro Ø-Reward         :  2.536
[2025-09-15 06:15:49] Winrate vs max_combo   :  53.0% | Σ-Reward:  4576.0 | Ø-Reward:  2.288 | Places: [1060 (0.53), 563 (0.28), 270 (0.14), 107 (0.05)]
[2025-09-15 06:15:49] Winrate vs random2     :  75.9% | Σ-Reward:  5402.0 | Ø-Reward:  2.701 | Places: [1518 (0.76), 378 (0.19), 92 (0.05), 12 (0.01)]
[2025-09-15 06:15:49] Winrate vs single_only :  75.3% | Σ-Reward:  5236.0 | Ø-Reward:  2.618 | Places: [1506 (0.75), 260 (0.13), 198 (0.10), 36 (0.02)]
[2025-09-15 06:17:23] Timing @ep 960000: episode 123.8s | train 0.003s | eval 30.0s | plot 93.8s | save 0.002s | cum 9.21h
[2025-09-15 06:22:18] 
[2025-09-15 06:22:18] Benchmark @train_ep  970000 (bench_eps: 2000)
[2025-09-15 06:22:18] Macro Winrate          :  68.6%
[2025-09-15 06:22:18] Macro Ø-Reward         :  2.554
[2025-09-15 06:22:18] Winrate vs max_combo   :  50.6% | Σ-Reward:  4532.0 | Ø-Reward:  2.266 | Places: [1013 (0.51), 622 (0.31), 249 (0.12), 116 (0.06)]
[2025-09-15 06:22:18] Winrate vs random2     :  78.5% | Σ-Reward:  5477.0 | Ø-Reward:  2.739 | Places: [1571 (0.79), 351 (0.18), 62 (0.03), 16 (0.01)]
[2025-09-15 06:22:18] Winrate vs single_only :  76.6% | Σ-Reward:  5318.0 | Ø-Reward:  2.659 | Places: [1532 (0.77), 286 (0.14), 150 (0.07), 32 (0.02)]
[2025-09-15 06:23:51] Timing @ep 970000: episode 123.0s | train 0.003s | eval 29.9s | plot 93.0s | save 0.002s | cum 9.32h
[2025-09-15 06:28:46] 
[2025-09-15 06:28:46] Benchmark @train_ep  980000 (bench_eps: 2000)
[2025-09-15 06:28:46] Macro Winrate          :  70.5%
[2025-09-15 06:28:46] Macro Ø-Reward         :  2.575
[2025-09-15 06:28:46] Winrate vs max_combo   :  51.8% | Σ-Reward:  4499.0 | Ø-Reward:  2.249 | Places: [1035 (0.52), 578 (0.29), 238 (0.12), 149 (0.07)]
[2025-09-15 06:28:46] Winrate vs random2     :  80.9% | Σ-Reward:  5529.0 | Ø-Reward:  2.764 | Places: [1618 (0.81), 309 (0.15), 57 (0.03), 16 (0.01)]
[2025-09-15 06:28:46] Winrate vs single_only :  78.7% | Σ-Reward:  5425.0 | Ø-Reward:  2.712 | Places: [1574 (0.79), 290 (0.14), 123 (0.06), 13 (0.01)]
[2025-09-15 06:30:22] Timing @ep 980000: episode 125.6s | train 0.003s | eval 29.6s | plot 96.0s | save 0.002s | cum 9.43h
[2025-09-15 06:35:16] 
[2025-09-15 06:35:16] Benchmark @train_ep  990000 (bench_eps: 2000)
[2025-09-15 06:35:16] Macro Winrate          :  69.1%
[2025-09-15 06:35:16] Macro Ø-Reward         :  2.533
[2025-09-15 06:35:16] Winrate vs max_combo   :  51.9% | Σ-Reward:  4504.0 | Ø-Reward:  2.252 | Places: [1038 (0.52), 562 (0.28), 266 (0.13), 134 (0.07)]
[2025-09-15 06:35:16] Winrate vs random2     :  77.3% | Σ-Reward:  5413.0 | Ø-Reward:  2.707 | Places: [1546 (0.77), 345 (0.17), 85 (0.04), 24 (0.01)]
[2025-09-15 06:35:16] Winrate vs single_only :  78.0% | Σ-Reward:  5279.0 | Ø-Reward:  2.639 | Places: [1560 (0.78), 206 (0.10), 187 (0.09), 47 (0.02)]
[2025-09-15 06:36:52] Timing @ep 990000: episode 125.0s | train 0.003s | eval 29.1s | plot 95.9s | save 0.002s | cum 9.53h
[2025-09-15 06:41:50] 
[2025-09-15 06:41:50] Benchmark @train_ep 1000000 (bench_eps: 2000)
[2025-09-15 06:41:50] Macro Winrate          :  71.7%
[2025-09-15 06:41:50] Macro Ø-Reward         :  2.589
[2025-09-15 06:41:50] Winrate vs max_combo   :  55.9% | Σ-Reward:  4626.0 | Ø-Reward:  2.313 | Places: [1117 (0.56), 516 (0.26), 243 (0.12), 124 (0.06)]
[2025-09-15 06:41:50] Winrate vs random2     :  80.7% | Σ-Reward:  5532.0 | Ø-Reward:  2.766 | Places: [1614 (0.81), 313 (0.16), 64 (0.03), 9 (0.00)]
[2025-09-15 06:41:50] Winrate vs single_only :  78.5% | Σ-Reward:  5378.0 | Ø-Reward:  2.689 | Places: [1570 (0.79), 261 (0.13), 146 (0.07), 23 (0.01)]
[2025-09-15 06:43:25] Timing @ep 1000000: episode 124.6s | train 0.003s | eval 29.3s | plot 95.4s | save 0.002s | cum 9.64h
[2025-09-15 06:43:25] 
[2025-09-15 06:43:25] Gesamtzeit: 9.64h (~ 28.80 eps/s)
[2025-09-15 06:43:25] k3a1, Snapshot Selfplay (1 Learner, 3 Sparring). Training abgeschlossen.
[2025-09-15 06:43:25] Path: /home/wasterix/Multiagent/OpenSpiel_neu/open_spiel/President/models/k3a1/model_32
