[2025-08-22 10:36:28] New Training (k2a2): 4 getrennte DQN-Agents — simultanes Lernen
[2025-08-22 10:36:28] Deck_Size: 64
[2025-08-22 10:36:28] Episodes: 20000
[2025-08-22 10:36:28] Path: /home/wasterix/OpenSpiel/open_spiel/President/models/k2a2/model_15
[2025-08-22 10:40:15] 
[2025-08-22 10:40:15] Benchmark @train_ep    1000 (bench_eps: 2000)
[2025-08-22 10:40:15] Macro Winrate          :  31.7%
[2025-08-22 10:40:15] Macro Ø-Reward         :  1.608
[2025-08-22 10:40:15] Winrate vs max_combo   :  15.9% | Σ-Reward:  2214.0 | Ø-Reward:  1.107 | Places: [318 (0.16), 379 (0.19), 502 (0.25), 801 (0.40)]
[2025-08-22 10:40:15] Winrate vs random2     :  45.1% | Σ-Reward:  4047.0 | Ø-Reward:  2.023 | Places: [903 (0.45), 503 (0.25), 332 (0.17), 262 (0.13)]
[2025-08-22 10:40:15] Winrate vs single_only :  34.0% | Σ-Reward:  3388.0 | Ø-Reward:  1.694 | Places: [680 (0.34), 464 (0.23), 420 (0.21), 436 (0.22)]
[2025-08-22 10:40:17] Timing @ep 1000: episode 26.1s | train 0.000s | eval 24.3s | plot 1.7s | save 0.007s | cum 0.06h
[2025-08-22 10:43:34] 
[2025-08-22 10:43:34] Benchmark @train_ep    2000 (bench_eps: 2000)
[2025-08-22 10:43:34] Macro Winrate          :  57.0%
[2025-08-22 10:43:34] Macro Ø-Reward         :  2.187
[2025-08-22 10:43:34] Winrate vs max_combo   :  25.1% | Σ-Reward:  2857.0 | Ø-Reward:  1.429 | Places: [501 (0.25), 445 (0.22), 464 (0.23), 590 (0.29)]
[2025-08-22 10:43:34] Winrate vs random2     :  64.9% | Σ-Reward:  4930.0 | Ø-Reward:  2.465 | Places: [1298 (0.65), 429 (0.21), 178 (0.09), 95 (0.05)]
[2025-08-22 10:43:34] Winrate vs single_only :  81.1% | Σ-Reward:  5337.0 | Ø-Reward:  2.668 | Places: [1622 (0.81), 180 (0.09), 111 (0.06), 87 (0.04)]
[2025-08-22 10:43:36] Timing @ep 2000: episode 22.6s | train 0.000s | eval 20.6s | plot 1.8s | save 0.005s | cum 0.12h
