[2025-08-20 16:38:52] New Training (k4a1): Shared-Policy PPO
[2025-08-20 16:38:52] Deck_Size: 64
[2025-08-20 16:38:52] Episodes: 200
[2025-08-20 16:38:52] Path: /home/wasterix/OpenSpiel/open_spiel/President/models/k4a1/model_09
[2025-08-20 16:39:07] 
[2025-08-20 16:39:07] Benchmark @train_ep     100 (bench_eps: 500)
[2025-08-20 16:39:07] Macro Winrate          :  43.0%
[2025-08-20 16:39:07] Macro Ø-Reward         :  1.871
[2025-08-20 16:39:07] Winrate vs max_combo   :  17.2% | Σ-Reward:  593.0 | Ø-Reward:  1.186 | Places: [86 (0.17), 102 (0.20), 131 (0.26), 181 (0.36)]
[2025-08-20 16:39:07] Winrate vs random2     :  40.6% | Σ-Reward:  967.0 | Ø-Reward:  1.934 | Places: [203 (0.41), 135 (0.27), 88 (0.18), 74 (0.15)]
[2025-08-20 16:39:07] Winrate vs single_only :  71.2% | Σ-Reward:  1246.0 | Ø-Reward:  2.492 | Places: [356 (0.71), 65 (0.13), 48 (0.10), 31 (0.06)]
[2025-08-20 16:39:09] Timing @ep 100: episode 10.8s | train 0.010s | eval 8.7s | plot 2.0s | save 0.004s | cum 0.00h
[2025-08-20 16:39:22] 
[2025-08-20 16:39:22] Benchmark @train_ep     200 (bench_eps: 500)
[2025-08-20 16:39:22] Macro Winrate          :  43.6%
[2025-08-20 16:39:22] Macro Ø-Reward         :  1.841
[2025-08-20 16:39:22] Winrate vs max_combo   :  17.0% | Σ-Reward:  583.0 | Ø-Reward:  1.166 | Places: [85 (0.17), 96 (0.19), 136 (0.27), 183 (0.37)]
[2025-08-20 16:39:22] Winrate vs random2     :  43.4% | Σ-Reward:  950.0 | Ø-Reward:  1.900 | Places: [217 (0.43), 106 (0.21), 87 (0.17), 90 (0.18)]
[2025-08-20 16:39:22] Winrate vs single_only :  70.4% | Σ-Reward:  1229.0 | Ø-Reward:  2.458 | Places: [352 (0.70), 66 (0.13), 41 (0.08), 41 (0.08)]
[2025-08-20 16:39:24] Timing @ep 200: episode 11.0s | train 0.010s | eval 8.7s | plot 2.3s | save 0.001s | cum 0.01h
[2025-08-20 16:39:24] 
[2025-08-20 16:39:24] Gesamtzeit: 0.01h (~ 6.57 eps/s)
[2025-08-20 16:39:24] K4 (Shared-Policy) Training abgeschlossen.
