[2025-08-24 11:21:42] New Training (k1a1)
[2025-08-24 11:21:42] Deck_Size: 16
[2025-08-24 11:21:42] Episodes: 5000
[2025-08-24 11:21:42] Path: /home/wasterix/OpenSpiel/open_spiel/President/models/k1a1/model_76
[2025-08-24 11:21:52] 
[2025-08-24 11:21:52] Benchmark @train_ep    1000 (bench_eps: 500)
[2025-08-24 11:21:52] Macro Winrate          :  31.3%
[2025-08-24 11:21:52] Macro Ø-Reward         :  1.565
[2025-08-24 11:21:52] Winrate vs max_combo   :  21.8% | Σ-Reward:  648.0 | Ø-Reward:  1.296 | Places: [109 (0.22), 97 (0.19), 127 (0.25), 167 (0.33)]
[2025-08-24 11:21:52] Winrate vs random2     :  25.8% | Σ-Reward:  759.0 | Ø-Reward:  1.518 | Places: [129 (0.26), 117 (0.23), 138 (0.28), 116 (0.23)]
[2025-08-24 11:21:52] Winrate vs single_only :  46.2% | Σ-Reward:  941.0 | Ø-Reward:  1.882 | Places: [231 (0.46), 72 (0.14), 104 (0.21), 93 (0.19)]
[2025-08-24 11:21:55] Timing @ep 1000: episode 5.7s | train 0.002s | eval 3.2s | plot 2.5s | save 0.003s | cum 0.00h
[2025-08-24 11:22:04] 
[2025-08-24 11:22:04] Benchmark @train_ep    2000 (bench_eps: 500)
[2025-08-24 11:22:04] Macro Winrate          :  37.8%
[2025-08-24 11:22:04] Macro Ø-Reward         :  1.763
[2025-08-24 11:22:04] Winrate vs max_combo   :  27.6% | Σ-Reward:  742.0 | Ø-Reward:  1.484 | Places: [138 (0.28), 100 (0.20), 128 (0.26), 134 (0.27)]
[2025-08-24 11:22:04] Winrate vs random2     :  27.6% | Σ-Reward:  845.0 | Ø-Reward:  1.690 | Places: [138 (0.28), 158 (0.32), 115 (0.23), 89 (0.18)]
[2025-08-24 11:22:04] Winrate vs single_only :  58.2% | Σ-Reward:  1058.0 | Ø-Reward:  2.116 | Places: [291 (0.58), 48 (0.10), 89 (0.18), 72 (0.14)]
[2025-08-24 11:22:07] Timing @ep 2000: episode 5.9s | train 0.002s | eval 3.0s | plot 2.9s | save 0.001s | cum 0.01h
[2025-08-24 11:22:16] 
[2025-08-24 11:22:16] Benchmark @train_ep    3000 (bench_eps: 500)
[2025-08-24 11:22:16] Macro Winrate          :  39.1%
[2025-08-24 11:22:16] Macro Ø-Reward         :  1.811
[2025-08-24 11:22:16] Winrate vs max_combo   :  30.0% | Σ-Reward:  812.0 | Ø-Reward:  1.624 | Places: [150 (0.30), 118 (0.24), 126 (0.25), 106 (0.21)]
[2025-08-24 11:22:16] Winrate vs random2     :  28.2% | Σ-Reward:  823.0 | Ø-Reward:  1.646 | Places: [141 (0.28), 139 (0.28), 122 (0.24), 98 (0.20)]
[2025-08-24 11:22:16] Winrate vs single_only :  59.2% | Σ-Reward:  1082.0 | Ø-Reward:  2.164 | Places: [296 (0.59), 55 (0.11), 84 (0.17), 65 (0.13)]
[2025-08-24 11:22:19] Timing @ep 3000: episode 6.3s | train 0.003s | eval 3.2s | plot 3.0s | save 0.001s | cum 0.01h
[2025-08-24 11:22:28] 
[2025-08-24 11:22:28] Benchmark @train_ep    4000 (bench_eps: 500)
[2025-08-24 11:22:28] Macro Winrate          :  39.9%
[2025-08-24 11:22:28] Macro Ø-Reward         :  1.827
[2025-08-24 11:22:28] Winrate vs max_combo   :  27.8% | Σ-Reward:  784.0 | Ø-Reward:  1.568 | Places: [139 (0.28), 133 (0.27), 101 (0.20), 127 (0.25)]
[2025-08-24 11:22:28] Winrate vs random2     :  33.4% | Σ-Reward:  861.0 | Ø-Reward:  1.722 | Places: [167 (0.33), 122 (0.24), 116 (0.23), 95 (0.19)]
[2025-08-24 11:22:28] Winrate vs single_only :  58.4% | Σ-Reward:  1096.0 | Ø-Reward:  2.192 | Places: [292 (0.58), 68 (0.14), 84 (0.17), 56 (0.11)]
[2025-08-24 11:22:32] Timing @ep 4000: episode 6.4s | train 0.003s | eval 2.9s | plot 3.5s | save 0.002s | cum 0.01h
[2025-08-24 11:22:41] 
[2025-08-24 11:22:41] Benchmark @train_ep    5000 (bench_eps: 500)
[2025-08-24 11:22:41] Macro Winrate          :  39.3%
[2025-08-24 11:22:41] Macro Ø-Reward         :  1.824
[2025-08-24 11:22:41] Winrate vs max_combo   :  29.6% | Σ-Reward:  784.0 | Ø-Reward:  1.568 | Places: [148 (0.30), 110 (0.22), 120 (0.24), 122 (0.24)]
[2025-08-24 11:22:41] Winrate vs random2     :  36.2% | Σ-Reward:  938.0 | Ø-Reward:  1.876 | Places: [181 (0.36), 150 (0.30), 95 (0.19), 74 (0.15)]
[2025-08-24 11:22:41] Winrate vs single_only :  52.0% | Σ-Reward:  1014.0 | Ø-Reward:  2.028 | Places: [260 (0.52), 62 (0.12), 110 (0.22), 68 (0.14)]
[2025-08-24 11:22:44] Timing @ep 5000: episode 6.4s | train 0.003s | eval 2.8s | plot 3.6s | save 0.002s | cum 0.02h
[2025-08-24 11:22:44] 
[2025-08-24 11:22:44] Gesamtzeit: 0.02h (~ 80.83 eps/s)
[2025-08-24 11:22:44] k1a1, Single Agent vs Heuristiken (max_combo). Training abgeschlossen.
[2025-08-24 11:22:44] Path: /home/wasterix/OpenSpiel/open_spiel/President/models/k1a1/model_76
