[2025-09-13 23:09:15] New Training (k4a2): Shared-Policy DQN — In-Proc External Trainer (Bundle-Updates)
[2025-09-13 23:09:15] Deck_Size: 16
[2025-09-13 23:09:15] Episodes: 40000
[2025-09-13 23:09:15] Path: /home/wasterix/OpenSpiel/open_spiel/President/models/k4a2/model_31
[2025-09-13 23:09:43] 
[2025-09-13 23:09:43] Benchmark @train_ep    5000 (bench_eps: 2000)
[2025-09-13 23:09:43] Macro Winrate          :  19.4%
[2025-09-13 23:09:43] Macro Ø-Reward         :  1.161
[2025-09-13 23:09:43] Winrate vs max_combo   :  15.4% | Σ-Reward:  1961.0 | Ø-Reward:  0.981 | Places: [309 (0.15), 304 (0.15), 426 (0.21), 961 (0.48)]
[2025-09-13 23:09:43] Winrate vs random2     :  19.0% | Σ-Reward:  2604.0 | Ø-Reward:  1.302 | Places: [380 (0.19), 444 (0.22), 576 (0.29), 600 (0.30)]
[2025-09-13 23:09:43] Winrate vs single_only :  29.9% | Σ-Reward:  2882.0 | Ø-Reward:  1.441 | Places: [598 (0.30), 296 (0.15), 496 (0.25), 610 (0.30)]
[2025-09-13 23:09:43] Winrate vs v_table     :  13.4% | Σ-Reward:  1837.0 | Ø-Reward:  0.918 | Places: [268 (0.13), 284 (0.14), 465 (0.23), 983 (0.49)]
[2025-09-13 23:09:45] Timing @ep 5000: episode 15.1s | train 0.035s | eval 12.6s | plot 2.5s | save 0.002s | cum 0.01h
[2025-09-13 23:10:18] 
[2025-09-13 23:10:18] Benchmark @train_ep   10000 (bench_eps: 2000)
[2025-09-13 23:10:18] Macro Winrate          :  26.6%
[2025-09-13 23:10:18] Macro Ø-Reward         :  1.385
[2025-09-13 23:10:18] Winrate vs max_combo   :  22.4% | Σ-Reward:  2493.0 | Ø-Reward:  1.246 | Places: [449 (0.22), 358 (0.18), 430 (0.21), 763 (0.38)]
[2025-09-13 23:10:18] Winrate vs random2     :  24.9% | Σ-Reward:  3028.0 | Ø-Reward:  1.514 | Places: [499 (0.25), 511 (0.26), 509 (0.25), 481 (0.24)]
[2025-09-13 23:10:18] Winrate vs single_only :  42.5% | Σ-Reward:  3566.0 | Ø-Reward:  1.783 | Places: [851 (0.43), 313 (0.16), 387 (0.19), 449 (0.22)]
[2025-09-13 23:10:18] Winrate vs v_table     :  16.2% | Σ-Reward:  1993.0 | Ø-Reward:  0.997 | Places: [325 (0.16), 285 (0.14), 448 (0.22), 942 (0.47)]
[2025-09-13 23:10:20] Timing @ep 10000: episode 14.5s | train 0.035s | eval 11.9s | plot 2.6s | save 0.001s | cum 0.02h
[2025-09-13 23:10:54] 
[2025-09-13 23:10:54] Benchmark @train_ep   15000 (bench_eps: 2000)
[2025-09-13 23:10:54] Macro Winrate          :  28.7%
[2025-09-13 23:10:54] Macro Ø-Reward         :  1.463
[2025-09-13 23:10:54] Winrate vs max_combo   :  25.9% | Σ-Reward:  2777.0 | Ø-Reward:  1.389 | Places: [517 (0.26), 383 (0.19), 460 (0.23), 640 (0.32)]
[2025-09-13 23:10:54] Winrate vs random2     :  27.8% | Σ-Reward:  3215.0 | Ø-Reward:  1.607 | Places: [556 (0.28), 524 (0.26), 499 (0.25), 421 (0.21)]
[2025-09-13 23:10:54] Winrate vs single_only :  43.0% | Σ-Reward:  3563.0 | Ø-Reward:  1.782 | Places: [859 (0.43), 277 (0.14), 432 (0.22), 432 (0.22)]
[2025-09-13 23:10:54] Winrate vs v_table     :  18.1% | Σ-Reward:  2150.0 | Ø-Reward:  1.075 | Places: [363 (0.18), 316 (0.16), 429 (0.21), 892 (0.45)]
[2025-09-13 23:10:57] Timing @ep 15000: episode 15.2s | train 0.037s | eval 12.1s | plot 3.1s | save 0.001s | cum 0.03h
[2025-09-13 23:11:33] 
[2025-09-13 23:11:33] Benchmark @train_ep   20000 (bench_eps: 2000)
[2025-09-13 23:11:33] Macro Winrate          :  28.4%
[2025-09-13 23:11:33] Macro Ø-Reward         :  1.512
[2025-09-13 23:11:33] Winrate vs max_combo   :  25.8% | Σ-Reward:  2896.0 | Ø-Reward:  1.448 | Places: [515 (0.26), 441 (0.22), 469 (0.23), 575 (0.29)]
[2025-09-13 23:11:33] Winrate vs random2     :  28.2% | Σ-Reward:  3244.0 | Ø-Reward:  1.622 | Places: [565 (0.28), 526 (0.26), 497 (0.25), 412 (0.21)]
[2025-09-13 23:11:33] Winrate vs single_only :  42.1% | Σ-Reward:  3666.0 | Ø-Reward:  1.833 | Places: [842 (0.42), 366 (0.18), 408 (0.20), 384 (0.19)]
[2025-09-13 23:11:33] Winrate vs v_table     :  17.7% | Σ-Reward:  2287.0 | Ø-Reward:  1.143 | Places: [354 (0.18), 378 (0.19), 469 (0.23), 799 (0.40)]
[2025-09-13 23:11:38] Timing @ep 20000: episode 17.9s | train 0.048s | eval 12.9s | plot 5.0s | save 0.002s | cum 0.04h
[2025-09-13 23:12:19] 
[2025-09-13 23:12:19] Benchmark @train_ep   25000 (bench_eps: 2000)
[2025-09-13 23:12:19] Macro Winrate          :  37.3%
[2025-09-13 23:12:19] Macro Ø-Reward         :  1.734
[2025-09-13 23:12:19] Winrate vs max_combo   :  33.7% | Σ-Reward:  3396.0 | Ø-Reward:  1.698 | Places: [674 (0.34), 468 (0.23), 438 (0.22), 420 (0.21)]
[2025-09-13 23:12:19] Winrate vs random2     :  34.3% | Σ-Reward:  3557.0 | Ø-Reward:  1.778 | Places: [686 (0.34), 516 (0.26), 467 (0.23), 331 (0.17)]
[2025-09-13 23:12:19] Winrate vs single_only :  58.7% | Σ-Reward:  4315.0 | Ø-Reward:  2.158 | Places: [1174 (0.59), 196 (0.10), 401 (0.20), 229 (0.11)]
[2025-09-13 23:12:19] Winrate vs v_table     :  22.6% | Σ-Reward:  2600.0 | Ø-Reward:  1.300 | Places: [453 (0.23), 426 (0.21), 389 (0.19), 732 (0.37)]
[2025-09-13 23:12:22] Timing @ep 25000: episode 14.8s | train 0.045s | eval 11.2s | plot 3.5s | save 0.001s | cum 0.05h
