[2025-08-19 16:09:43] New Training
[2025-08-19 16:09:43] Deck_Size: 12
[2025-08-19 16:09:43] Episodes: 100
[2025-08-19 16:09:43] Path: /home/wasterix/OpenSpiel/open_spiel/President/models/k1a1/model_48
[2025-08-19 16:09:46] 
[2025-08-19 16:09:46] Benchmark      20 episodes
[2025-08-19 16:09:46] Macro Winrate          :  21.8%
[2025-08-19 16:09:46] Macro Ø-Reward         :  1.253
[2025-08-19 16:09:46] Winrate vs max_combo   :  18.5% | Ø-Reward:  1.090 | Places: [0.18, 0.14, 0.24, 0.42]
[2025-08-19 16:09:46] Winrate vs random2     :  20.0% | Ø-Reward:  1.275 | Places: [0.20, 0.21, 0.24, 0.34]
[2025-08-19 16:09:46] Winrate vs single_only :  27.0% | Ø-Reward:  1.395 | Places: [0.27, 0.15, 0.28, 0.30]
[2025-08-19 16:09:48] Timing @ep 20: episode 3.7s | train 0.002s | eval 1.1s | plot 2.6s | save 0.004s | cum 0.00h
[2025-08-19 16:09:49] 
[2025-08-19 16:09:49] Benchmark      40 episodes
[2025-08-19 16:09:49] Macro Winrate          :  22.0%
[2025-08-19 16:09:49] Macro Ø-Reward         :  1.258
[2025-08-19 16:09:49] Winrate vs max_combo   :  20.0% | Ø-Reward:  1.100 | Places: [0.20, 0.13, 0.24, 0.43]
[2025-08-19 16:09:49] Winrate vs random2     :  16.5% | Ø-Reward:  1.290 | Places: [0.17, 0.26, 0.28, 0.29]
[2025-08-19 16:09:49] Winrate vs single_only :  29.5% | Ø-Reward:  1.385 | Places: [0.29, 0.12, 0.25, 0.33]
[2025-08-19 16:09:52] Timing @ep 40: episode 3.6s | train 0.002s | eval 1.0s | plot 2.6s | save 0.001s | cum 0.00h
[2025-08-19 16:09:53] 
[2025-08-19 16:09:53] Benchmark      60 episodes
[2025-08-19 16:09:53] Macro Winrate          :  28.3%
[2025-08-19 16:09:53] Macro Ø-Reward         :  1.420
[2025-08-19 16:09:53] Winrate vs max_combo   :  22.5% | Ø-Reward:  1.135 | Places: [0.23, 0.12, 0.21, 0.44]
[2025-08-19 16:09:53] Winrate vs random2     :  27.5% | Ø-Reward:  1.455 | Places: [0.28, 0.20, 0.24, 0.29]
[2025-08-19 16:09:53] Winrate vs single_only :  35.0% | Ø-Reward:  1.670 | Places: [0.35, 0.18, 0.25, 0.21]
[2025-08-19 16:09:56] Timing @ep 60: episode 3.4s | train 0.002s | eval 1.0s | plot 2.4s | save 0.001s | cum 0.00h
[2025-08-19 16:09:57] 
[2025-08-19 16:09:57] Benchmark      80 episodes
[2025-08-19 16:09:57] Macro Winrate          :  26.3%
[2025-08-19 16:09:57] Macro Ø-Reward         :  1.343
[2025-08-19 16:09:57] Winrate vs max_combo   :  17.5% | Ø-Reward:  1.090 | Places: [0.17, 0.15, 0.26, 0.41]
[2025-08-19 16:09:57] Winrate vs random2     :  24.5% | Ø-Reward:  1.360 | Places: [0.24, 0.21, 0.20, 0.34]
[2025-08-19 16:09:57] Winrate vs single_only :  37.0% | Ø-Reward:  1.580 | Places: [0.37, 0.14, 0.20, 0.29]
[2025-08-19 16:09:59] Timing @ep 80: episode 3.4s | train 0.002s | eval 1.0s | plot 2.3s | save 0.001s | cum 0.00h
[2025-08-19 16:10:00] 
[2025-08-19 16:10:00] Benchmark     100 episodes
[2025-08-19 16:10:00] Macro Winrate          :  30.0%
[2025-08-19 16:10:00] Macro Ø-Reward         :  1.413
[2025-08-19 16:10:00] Winrate vs max_combo   :  22.5% | Ø-Reward:  1.180 | Places: [0.23, 0.14, 0.23, 0.41]
[2025-08-19 16:10:00] Winrate vs random2     :  29.0% | Ø-Reward:  1.465 | Places: [0.29, 0.16, 0.28, 0.28]
[2025-08-19 16:10:00] Winrate vs single_only :  38.5% | Ø-Reward:  1.595 | Places: [0.39, 0.12, 0.19, 0.30]
[2025-08-19 16:10:03] Timing @ep 100: episode 3.9s | train 0.003s | eval 1.1s | plot 2.8s | save 0.001s | cum 0.01h
[2025-08-19 16:10:03] 
[2025-08-19 16:10:03] Gesamtzeit: 0.01h (~ 5.35 eps/s)
[2025-08-19 16:10:03] K1 Training abgeschlossen.
