[2025-08-20 16:00:06] New Training (k4a1): Shared-Policy PPO
[2025-08-20 16:00:06] Deck_Size: 64
[2025-08-20 16:00:06] Episodes: 200
[2025-08-20 16:00:06] Path: /home/wasterix/OpenSpiel/open_spiel/President/models/k4a1/model_07
[2025-08-20 16:00:29] 
[2025-08-20 16:00:29] Benchmark @train_ep     100 (bench_eps: 500)
[2025-08-20 16:00:29] Macro Winrate          :  26.9%
[2025-08-20 16:00:29] Macro Ø-Reward         :  1.433
[2025-08-20 16:00:29] Winrate vs max_combo   :   8.2% | Σ-Reward:  372.0 | Ø-Reward:  0.744 | Places: [41 (0.08), 59 (0.12), 131 (0.26), 269 (0.54)]
[2025-08-20 16:00:29] Winrate vs random2     :  36.6% | Σ-Reward:  905.0 | Ø-Reward:  1.810 | Places: [183 (0.37), 129 (0.26), 98 (0.20), 90 (0.18)]
[2025-08-20 16:00:29] Winrate vs single_only :  35.8% | Σ-Reward:  872.0 | Ø-Reward:  1.744 | Places: [179 (0.36), 117 (0.23), 101 (0.20), 103 (0.21)]
[2025-08-20 16:00:31] Timing @ep 100: episode 12.1s | train 0.009s | eval 10.0s | plot 2.1s | save 0.002s | cum 0.01h
[2025-08-20 16:00:45] 
[2025-08-20 16:00:45] Benchmark @train_ep     200 (bench_eps: 500)
[2025-08-20 16:00:45] Macro Winrate          :  34.3%
[2025-08-20 16:00:45] Macro Ø-Reward         :  1.698
[2025-08-20 16:00:45] Winrate vs max_combo   :   9.8% | Σ-Reward:  452.0 | Ø-Reward:  0.904 | Places: [49 (0.10), 95 (0.19), 115 (0.23), 241 (0.48)]
[2025-08-20 16:00:45] Winrate vs random2     :  44.4% | Σ-Reward:  1030.0 | Ø-Reward:  2.060 | Places: [222 (0.44), 142 (0.28), 80 (0.16), 56 (0.11)]
[2025-08-20 16:00:45] Winrate vs single_only :  48.8% | Σ-Reward:  1065.0 | Ø-Reward:  2.130 | Places: [244 (0.49), 129 (0.26), 75 (0.15), 52 (0.10)]
[2025-08-20 16:00:47] Timing @ep 200: episode 11.9s | train 0.014s | eval 9.5s | plot 2.3s | save 0.001s | cum 0.01h
[2025-08-20 16:00:47] 
[2025-08-20 16:00:47] Gesamtzeit: 0.01h (~ 5.03 eps/s)
[2025-08-20 16:00:47] K4 (Shared-Policy) Training abgeschlossen.
