[2025-09-14 08:18:04] New Training (k1a1)
[2025-09-14 08:18:04] Deck_Size: 64
[2025-09-14 08:18:04] Episodes: 100000
[2025-09-14 08:18:04] Path: /home/wasterix/OpenSpiel/open_spiel/President/models/k1a1/model_53
[2025-09-14 08:19:50] 
[2025-09-14 08:19:50] Benchmark @train_ep    5000 (bench_eps: 2000)
[2025-09-14 08:19:50] Macro Winrate          :  46.9%
[2025-09-14 08:19:50] Macro Ø-Reward         :  2.012
[2025-09-14 08:19:50] Winrate vs max_combo   :  20.6% | Σ-Reward:  2855.0 | Ø-Reward:  1.427 | Places: [413 (0.21), 540 (0.27), 536 (0.27), 511 (0.26)]
[2025-09-14 08:19:50] Winrate vs random2     :  59.5% | Σ-Reward:  4697.0 | Ø-Reward:  2.349 | Places: [1191 (0.60), 461 (0.23), 202 (0.10), 146 (0.07)]
[2025-09-14 08:19:50] Winrate vs single_only :  60.6% | Σ-Reward:  4523.0 | Ø-Reward:  2.261 | Places: [1213 (0.61), 345 (0.17), 194 (0.10), 248 (0.12)]
[2025-09-14 08:19:53] Timing @ep 5000: episode 43.9s | train 0.004s | eval 41.3s | plot 2.6s | save 0.004s | cum 0.03h
[2025-09-14 08:21:43] 
[2025-09-14 08:21:43] Benchmark @train_ep   10000 (bench_eps: 2000)
[2025-09-14 08:21:43] Macro Winrate          :  55.8%
[2025-09-14 08:21:43] Macro Ø-Reward         :  2.219
[2025-09-14 08:21:43] Winrate vs max_combo   :  29.6% | Σ-Reward:  3277.0 | Ø-Reward:  1.639 | Places: [592 (0.30), 525 (0.26), 451 (0.23), 432 (0.22)]
[2025-09-14 08:21:43] Winrate vs random2     :  68.8% | Σ-Reward:  4976.0 | Ø-Reward:  2.488 | Places: [1375 (0.69), 348 (0.17), 155 (0.08), 122 (0.06)]
[2025-09-14 08:21:43] Winrate vs single_only :  69.0% | Σ-Reward:  5059.0 | Ø-Reward:  2.530 | Places: [1379 (0.69), 393 (0.20), 136 (0.07), 92 (0.05)]
[2025-09-14 08:21:47] Timing @ep 10000: episode 52.3s | train 0.003s | eval 48.2s | plot 4.0s | save 0.001s | cum 0.06h
[2025-09-14 08:23:44] 
[2025-09-14 08:23:44] Benchmark @train_ep   15000 (bench_eps: 2000)
[2025-09-14 08:23:44] Macro Winrate          :  58.6%
[2025-09-14 08:23:44] Macro Ø-Reward         :  2.385
[2025-09-14 08:23:44] Winrate vs max_combo   :  36.8% | Σ-Reward:  3855.0 | Ø-Reward:  1.927 | Places: [736 (0.37), 627 (0.31), 393 (0.20), 244 (0.12)]
[2025-09-14 08:23:44] Winrate vs random2     :  76.3% | Σ-Reward:  5397.0 | Ø-Reward:  2.699 | Places: [1527 (0.76), 370 (0.18), 76 (0.04), 27 (0.01)]
[2025-09-14 08:23:44] Winrate vs single_only :  62.5% | Σ-Reward:  5061.0 | Ø-Reward:  2.530 | Places: [1251 (0.63), 583 (0.29), 142 (0.07), 24 (0.01)]
[2025-09-14 08:23:47] Timing @ep 15000: episode 44.2s | train 0.003s | eval 40.7s | plot 3.5s | save 0.002s | cum 0.09h
[2025-09-14 08:25:26] 
[2025-09-14 08:25:26] Benchmark @train_ep   20000 (bench_eps: 2000)
[2025-09-14 08:25:26] Macro Winrate          :  62.9%
[2025-09-14 08:25:26] Macro Ø-Reward         :  2.414
[2025-09-14 08:25:26] Winrate vs max_combo   :  37.4% | Σ-Reward:  3811.0 | Ø-Reward:  1.905 | Places: [747 (0.37), 582 (0.29), 406 (0.20), 265 (0.13)]
[2025-09-14 08:25:26] Winrate vs random2     :  79.5% | Σ-Reward:  5447.0 | Ø-Reward:  2.724 | Places: [1590 (0.80), 300 (0.15), 77 (0.04), 33 (0.02)]
[2025-09-14 08:25:26] Winrate vs single_only :  71.7% | Σ-Reward:  5229.0 | Ø-Reward:  2.615 | Places: [1434 (0.72), 402 (0.20), 123 (0.06), 41 (0.02)]
[2025-09-14 08:25:29] Timing @ep 20000: episode 42.4s | train 0.003s | eval 38.8s | plot 3.6s | save 0.001s | cum 0.12h
[2025-09-14 08:27:09] 
[2025-09-14 08:27:09] Benchmark @train_ep   25000 (bench_eps: 2000)
[2025-09-14 08:27:09] Macro Winrate          :  57.5%
[2025-09-14 08:27:09] Macro Ø-Reward         :  2.401
[2025-09-14 08:27:09] Winrate vs max_combo   :  39.0% | Σ-Reward:  4012.0 | Ø-Reward:  2.006 | Places: [779 (0.39), 666 (0.33), 343 (0.17), 212 (0.11)]
[2025-09-14 08:27:09] Winrate vs random2     :  75.2% | Σ-Reward:  5396.0 | Ø-Reward:  2.698 | Places: [1504 (0.75), 411 (0.21), 62 (0.03), 23 (0.01)]
[2025-09-14 08:27:09] Winrate vs single_only :  58.4% | Σ-Reward:  4998.0 | Ø-Reward:  2.499 | Places: [1168 (0.58), 682 (0.34), 130 (0.07), 20 (0.01)]
[2025-09-14 08:27:13] Timing @ep 25000: episode 44.2s | train 0.003s | eval 40.4s | plot 3.7s | save 0.001s | cum 0.15h
[2025-09-14 08:28:53] 
[2025-09-14 08:28:53] Benchmark @train_ep   30000 (bench_eps: 2000)
[2025-09-14 08:28:53] Macro Winrate          :  56.5%
[2025-09-14 08:28:53] Macro Ø-Reward         :  2.375
[2025-09-14 08:28:53] Winrate vs max_combo   :  37.5% | Σ-Reward:  3901.0 | Ø-Reward:  1.950 | Places: [750 (0.38), 641 (0.32), 369 (0.18), 240 (0.12)]
[2025-09-14 08:28:53] Winrate vs random2     :  75.2% | Σ-Reward:  5395.0 | Ø-Reward:  2.697 | Places: [1503 (0.75), 407 (0.20), 72 (0.04), 18 (0.01)]
[2025-09-14 08:28:53] Winrate vs single_only :  56.7% | Σ-Reward:  4952.0 | Ø-Reward:  2.476 | Places: [1134 (0.57), 713 (0.36), 124 (0.06), 29 (0.01)]
[2025-09-14 08:28:57] Timing @ep 30000: episode 44.6s | train 0.002s | eval 40.3s | plot 4.3s | save 0.001s | cum 0.18h
[2025-09-14 08:30:33] 
[2025-09-14 08:30:33] Benchmark @train_ep   35000 (bench_eps: 2000)
[2025-09-14 08:30:33] Macro Winrate          :  68.1%
[2025-09-14 08:30:33] Macro Ø-Reward         :  2.503
[2025-09-14 08:30:33] Winrate vs max_combo   :  40.6% | Σ-Reward:  3963.0 | Ø-Reward:  1.982 | Places: [813 (0.41), 584 (0.29), 356 (0.18), 247 (0.12)]
[2025-09-14 08:30:33] Winrate vs random2     :  78.3% | Σ-Reward:  5429.0 | Ø-Reward:  2.715 | Places: [1566 (0.78), 323 (0.16), 85 (0.04), 26 (0.01)]
[2025-09-14 08:30:33] Winrate vs single_only :  85.2% | Σ-Reward:  5629.0 | Ø-Reward:  2.814 | Places: [1705 (0.85), 233 (0.12), 48 (0.02), 14 (0.01)]
[2025-09-14 08:30:38] Timing @ep 35000: episode 42.7s | train 0.003s | eval 37.6s | plot 5.2s | save 0.001s | cum 0.21h
[2025-09-14 08:32:19] 
[2025-09-14 08:32:19] Benchmark @train_ep   40000 (bench_eps: 2000)
[2025-09-14 08:32:19] Macro Winrate          :  66.6%
[2025-09-14 08:32:19] Macro Ø-Reward         :  2.486
[2025-09-14 08:32:19] Winrate vs max_combo   :  40.4% | Σ-Reward:  3981.0 | Ø-Reward:  1.990 | Places: [808 (0.40), 589 (0.29), 379 (0.19), 224 (0.11)]
[2025-09-14 08:32:19] Winrate vs random2     :  80.0% | Σ-Reward:  5464.0 | Ø-Reward:  2.732 | Places: [1601 (0.80), 288 (0.14), 85 (0.04), 26 (0.01)]
[2025-09-14 08:32:19] Winrate vs single_only :  79.5% | Σ-Reward:  5473.0 | Ø-Reward:  2.736 | Places: [1590 (0.80), 320 (0.16), 63 (0.03), 27 (0.01)]
[2025-09-14 08:32:23] Timing @ep 40000: episode 44.1s | train 0.003s | eval 39.2s | plot 4.9s | save 0.001s | cum 0.24h
