[2025-08-21 23:51:54] New Training (k1a2): DQN Single-Agent vs Heuristiken (P0→P0)
[2025-08-21 23:51:54] Deck_Size: 64
[2025-08-21 23:51:54] Episodes: 10000
[2025-08-21 23:51:54] Path: /home/wasterix/OpenSpiel/open_spiel/President/models/k1a2/model_34
[2025-08-21 23:56:15] 
[2025-08-21 23:56:15] Benchmark @train_ep     500 (bench_eps: 2000)
[2025-08-21 23:56:15] Macro Winrate          :  19.0%
[2025-08-21 23:56:15] Macro Ø-Reward         :  1.345
[2025-08-21 23:56:15] Winrate vs max_combo   :   9.7% | Σ-Reward:  1725.0 | Ø-Reward:  0.863 | Places: [194 (0.10), 307 (0.15), 529 (0.26), 970 (0.48)]
[2025-08-21 23:56:15] Winrate vs random2     :  33.8% | Σ-Reward:  3636.0 | Ø-Reward:  1.818 | Places: [675 (0.34), 586 (0.29), 439 (0.22), 300 (0.15)]
[2025-08-21 23:56:15] Winrate vs single_only :  13.7% | Σ-Reward:  2707.0 | Ø-Reward:  1.353 | Places: [273 (0.14), 633 (0.32), 622 (0.31), 472 (0.24)]
[2025-08-21 23:56:17] Timing @ep 500: episode 141.1s | train 0.853s | eval 137.9s | plot 2.3s | save 0.005s | cum 0.07h
[2025-08-22 00:00:08] 
[2025-08-22 00:00:08] Benchmark @train_ep    1000 (bench_eps: 2000)
[2025-08-22 00:00:08] Macro Winrate          :  23.2%
[2025-08-22 00:00:08] Macro Ø-Reward         :  1.478
[2025-08-22 00:00:08] Winrate vs max_combo   :  12.6% | Σ-Reward:  2000.0 | Ø-Reward:  1.000 | Places: [252 (0.13), 352 (0.18), 540 (0.27), 856 (0.43)]
[2025-08-22 00:00:08] Winrate vs random2     :  39.5% | Σ-Reward:  3954.0 | Ø-Reward:  1.977 | Places: [791 (0.40), 621 (0.31), 339 (0.17), 249 (0.12)]
[2025-08-22 00:00:08] Winrate vs single_only :  17.5% | Σ-Reward:  2914.0 | Ø-Reward:  1.457 | Places: [350 (0.17), 636 (0.32), 592 (0.30), 422 (0.21)]
[2025-08-22 00:00:10] Timing @ep 1000: episode 110.5s | train 0.109s | eval 107.9s | plot 2.5s | save 0.003s | cum 0.14h
[2025-08-22 00:03:42] 
[2025-08-22 00:03:42] Benchmark @train_ep    1500 (bench_eps: 2000)
[2025-08-22 00:03:42] Macro Winrate          :  39.5%
[2025-08-22 00:03:42] Macro Ø-Reward         :  1.878
[2025-08-22 00:03:42] Winrate vs max_combo   :  18.1% | Σ-Reward:  2517.0 | Ø-Reward:  1.258 | Places: [362 (0.18), 444 (0.22), 543 (0.27), 651 (0.33)]
[2025-08-22 00:03:42] Winrate vs random2     :  50.4% | Σ-Reward:  4455.0 | Ø-Reward:  2.228 | Places: [1007 (0.50), 593 (0.30), 248 (0.12), 152 (0.08)]
[2025-08-22 00:03:42] Winrate vs single_only :  50.0% | Σ-Reward:  4297.0 | Ø-Reward:  2.148 | Places: [1000 (0.50), 489 (0.24), 319 (0.16), 192 (0.10)]
[2025-08-22 00:03:44] Timing @ep 1500: episode 108.0s | train 0.220s | eval 105.5s | plot 2.3s | save 0.003s | cum 0.20h
[2025-08-22 00:07:08] 
[2025-08-22 00:07:08] Benchmark @train_ep    2000 (bench_eps: 2000)
[2025-08-22 00:07:08] Macro Winrate          :  44.0%
[2025-08-22 00:07:08] Macro Ø-Reward         :  2.015
[2025-08-22 00:07:08] Winrate vs max_combo   :  22.4% | Σ-Reward:  2821.0 | Ø-Reward:  1.411 | Places: [449 (0.22), 470 (0.23), 534 (0.27), 547 (0.27)]
[2025-08-22 00:07:08] Winrate vs random2     :  54.7% | Σ-Reward:  4627.0 | Ø-Reward:  2.313 | Places: [1094 (0.55), 549 (0.27), 247 (0.12), 110 (0.06)]
[2025-08-22 00:07:08] Winrate vs single_only :  54.8% | Σ-Reward:  4641.0 | Ø-Reward:  2.321 | Places: [1095 (0.55), 546 (0.27), 264 (0.13), 95 (0.05)]
[2025-08-22 00:07:11] Timing @ep 2000: episode 113.6s | train 0.041s | eval 111.0s | plot 2.6s | save 0.003s | cum 0.25h
[2025-08-22 00:10:25] 
[2025-08-22 00:10:25] Benchmark @train_ep    2500 (bench_eps: 2000)
[2025-08-22 00:10:25] Macro Winrate          :  43.6%
[2025-08-22 00:10:25] Macro Ø-Reward         :  2.026
[2025-08-22 00:10:25] Winrate vs max_combo   :  20.4% | Σ-Reward:  2835.0 | Ø-Reward:  1.417 | Places: [408 (0.20), 525 (0.26), 561 (0.28), 506 (0.25)]
[2025-08-22 00:10:25] Winrate vs random2     :  53.9% | Σ-Reward:  4591.0 | Ø-Reward:  2.296 | Places: [1077 (0.54), 547 (0.27), 266 (0.13), 110 (0.06)]
[2025-08-22 00:10:25] Winrate vs single_only :  56.4% | Σ-Reward:  4728.0 | Ø-Reward:  2.364 | Places: [1128 (0.56), 531 (0.27), 282 (0.14), 59 (0.03)]
[2025-08-22 00:10:27] Timing @ep 2500: episode 120.7s | train 0.134s | eval 118.1s | plot 2.4s | save 0.003s | cum 0.31h
[2025-08-22 00:13:52] 
[2025-08-22 00:13:52] Benchmark @train_ep    3000 (bench_eps: 2000)
[2025-08-22 00:13:52] Macro Winrate          :  51.2%
[2025-08-22 00:13:52] Macro Ø-Reward         :  2.195
[2025-08-22 00:13:52] Winrate vs max_combo   :  29.4% | Σ-Reward:  3354.0 | Ø-Reward:  1.677 | Places: [589 (0.29), 587 (0.29), 413 (0.21), 411 (0.21)]
[2025-08-22 00:13:52] Winrate vs random2     :  60.4% | Σ-Reward:  4883.0 | Ø-Reward:  2.442 | Places: [1207 (0.60), 538 (0.27), 186 (0.09), 69 (0.03)]
[2025-08-22 00:13:52] Winrate vs single_only :  63.7% | Σ-Reward:  4933.0 | Ø-Reward:  2.466 | Places: [1274 (0.64), 452 (0.23), 207 (0.10), 67 (0.03)]
[2025-08-22 00:13:55] Timing @ep 3000: episode 113.7s | train 0.052s | eval 111.1s | plot 2.5s | save 0.003s | cum 0.37h
[2025-08-22 00:17:36] 
[2025-08-22 00:17:36] Benchmark @train_ep    3500 (bench_eps: 2000)
[2025-08-22 00:17:36] Macro Winrate          :  48.9%
[2025-08-22 00:17:36] Macro Ø-Reward         :  2.171
[2025-08-22 00:17:36] Winrate vs max_combo   :  27.8% | Σ-Reward:  3307.0 | Ø-Reward:  1.653 | Places: [555 (0.28), 589 (0.29), 464 (0.23), 392 (0.20)]
[2025-08-22 00:17:36] Winrate vs random2     :  60.4% | Σ-Reward:  4926.0 | Ø-Reward:  2.463 | Places: [1208 (0.60), 560 (0.28), 182 (0.09), 50 (0.03)]
[2025-08-22 00:17:36] Winrate vs single_only :  58.5% | Σ-Reward:  4794.0 | Ø-Reward:  2.397 | Places: [1170 (0.58), 532 (0.27), 220 (0.11), 78 (0.04)]
[2025-08-22 00:17:39] Timing @ep 3500: episode 120.6s | train 0.164s | eval 117.8s | plot 2.6s | save 0.003s | cum 0.43h
[2025-08-22 00:20:52] 
[2025-08-22 00:20:52] Benchmark @train_ep    4000 (bench_eps: 2000)
[2025-08-22 00:20:52] Macro Winrate          :  56.1%
[2025-08-22 00:20:52] Macro Ø-Reward         :  2.305
[2025-08-22 00:20:52] Winrate vs max_combo   :  35.2% | Σ-Reward:  3710.0 | Ø-Reward:  1.855 | Places: [704 (0.35), 592 (0.30), 414 (0.21), 290 (0.14)]
[2025-08-22 00:20:52] Winrate vs random2     :  68.8% | Σ-Reward:  5180.0 | Ø-Reward:  2.590 | Places: [1377 (0.69), 462 (0.23), 125 (0.06), 36 (0.02)]
[2025-08-22 00:20:52] Winrate vs single_only :  64.3% | Σ-Reward:  4940.0 | Ø-Reward:  2.470 | Places: [1286 (0.64), 435 (0.22), 212 (0.11), 67 (0.03)]
[2025-08-22 00:20:55] Timing @ep 4000: episode 95.7s | train 0.052s | eval 92.9s | plot 2.7s | save 0.003s | cum 0.48h
[2025-08-22 00:24:50] 
[2025-08-22 00:24:50] Benchmark @train_ep    4500 (bench_eps: 2000)
[2025-08-22 00:24:50] Macro Winrate          :  58.3%
[2025-08-22 00:24:50] Macro Ø-Reward         :  2.352
[2025-08-22 00:24:50] Winrate vs max_combo   :  38.3% | Σ-Reward:  3848.0 | Ø-Reward:  1.924 | Places: [766 (0.38), 579 (0.29), 392 (0.20), 263 (0.13)]
[2025-08-22 00:24:50] Winrate vs random2     :  67.8% | Σ-Reward:  5179.0 | Ø-Reward:  2.590 | Places: [1355 (0.68), 496 (0.25), 122 (0.06), 27 (0.01)]
[2025-08-22 00:24:50] Winrate vs single_only :  69.0% | Σ-Reward:  5087.0 | Ø-Reward:  2.543 | Places: [1379 (0.69), 382 (0.19), 186 (0.09), 53 (0.03)]
[2025-08-22 00:24:53] Timing @ep 4500: episode 115.2s | train 0.194s | eval 111.9s | plot 3.0s | save 0.003s | cum 0.55h
[2025-08-22 00:28:25] 
[2025-08-22 00:28:25] Benchmark @train_ep    5000 (bench_eps: 2000)
[2025-08-22 00:28:25] Macro Winrate          :  57.0%
[2025-08-22 00:28:25] Macro Ø-Reward         :  2.351
[2025-08-22 00:28:25] Winrate vs max_combo   :  37.3% | Σ-Reward:  3860.0 | Ø-Reward:  1.930 | Places: [746 (0.37), 609 (0.30), 404 (0.20), 241 (0.12)]
[2025-08-22 00:28:25] Winrate vs random2     :  72.7% | Σ-Reward:  5303.0 | Ø-Reward:  2.651 | Places: [1454 (0.73), 411 (0.21), 119 (0.06), 16 (0.01)]
[2025-08-22 00:28:25] Winrate vs single_only :  61.1% | Σ-Reward:  4944.0 | Ø-Reward:  2.472 | Places: [1222 (0.61), 544 (0.27), 190 (0.10), 44 (0.02)]
[2025-08-22 00:28:28] Timing @ep 5000: episode 116.9s | train 0.046s | eval 114.0s | plot 2.9s | save 0.003s | cum 0.61h
[2025-08-22 00:32:14] 
[2025-08-22 00:32:14] Benchmark @train_ep    5500 (bench_eps: 2000)
[2025-08-22 00:32:14] Macro Winrate          :  60.4%
[2025-08-22 00:32:14] Macro Ø-Reward         :  2.412
[2025-08-22 00:32:14] Winrate vs max_combo   :  41.4% | Σ-Reward:  4046.0 | Ø-Reward:  2.023 | Places: [828 (0.41), 600 (0.30), 362 (0.18), 210 (0.10)]
[2025-08-22 00:32:14] Winrate vs random2     :  69.5% | Σ-Reward:  5253.0 | Ø-Reward:  2.627 | Places: [1390 (0.69), 489 (0.24), 105 (0.05), 16 (0.01)]
[2025-08-22 00:32:14] Winrate vs single_only :  70.3% | Σ-Reward:  5175.0 | Ø-Reward:  2.587 | Places: [1407 (0.70), 399 (0.20), 156 (0.08), 38 (0.02)]
[2025-08-22 00:32:17] Timing @ep 5500: episode 110.6s | train 0.053s | eval 107.7s | plot 2.8s | save 0.003s | cum 0.67h
[2025-08-22 00:35:16] 
[2025-08-22 00:35:16] Benchmark @train_ep    6000 (bench_eps: 2000)
[2025-08-22 00:35:16] Macro Winrate          :  61.5%
[2025-08-22 00:35:16] Macro Ø-Reward         :  2.443
[2025-08-22 00:35:16] Winrate vs max_combo   :  41.9% | Σ-Reward:  4164.0 | Ø-Reward:  2.082 | Places: [838 (0.42), 641 (0.32), 368 (0.18), 153 (0.08)]
[2025-08-22 00:35:16] Winrate vs random2     :  74.3% | Σ-Reward:  5354.0 | Ø-Reward:  2.677 | Places: [1486 (0.74), 404 (0.20), 88 (0.04), 22 (0.01)]
[2025-08-22 00:35:16] Winrate vs single_only :  68.3% | Σ-Reward:  5142.0 | Ø-Reward:  2.571 | Places: [1367 (0.68), 434 (0.22), 173 (0.09), 26 (0.01)]
[2025-08-22 00:35:20] Timing @ep 6000: episode 87.0s | train 0.075s | eval 83.7s | plot 3.3s | save 0.002s | cum 0.72h
[2025-08-22 00:39:19] 
[2025-08-22 00:39:19] Benchmark @train_ep    6500 (bench_eps: 2000)
[2025-08-22 00:39:19] Macro Winrate          :  64.9%
[2025-08-22 00:39:19] Macro Ø-Reward         :  2.483
[2025-08-22 00:39:19] Winrate vs max_combo   :  46.1% | Σ-Reward:  4264.0 | Ø-Reward:  2.132 | Places: [922 (0.46), 591 (0.30), 316 (0.16), 171 (0.09)]
[2025-08-22 00:39:19] Winrate vs random2     :  75.7% | Σ-Reward:  5402.0 | Ø-Reward:  2.701 | Places: [1513 (0.76), 388 (0.19), 87 (0.04), 12 (0.01)]
[2025-08-22 00:39:19] Winrate vs single_only :  73.0% | Σ-Reward:  5231.0 | Ø-Reward:  2.615 | Places: [1461 (0.73), 350 (0.17), 148 (0.07), 41 (0.02)]
[2025-08-22 00:39:22] Timing @ep 6500: episode 121.1s | train 0.057s | eval 117.9s | plot 3.1s | save 0.003s | cum 0.79h
[2025-08-22 00:42:39] 
[2025-08-22 00:42:39] Benchmark @train_ep    7000 (bench_eps: 2000)
[2025-08-22 00:42:39] Macro Winrate          :  62.1%
[2025-08-22 00:42:39] Macro Ø-Reward         :  2.431
[2025-08-22 00:42:39] Winrate vs max_combo   :  46.0% | Σ-Reward:  4225.0 | Ø-Reward:  2.112 | Places: [921 (0.46), 569 (0.28), 324 (0.16), 186 (0.09)]
[2025-08-22 00:42:39] Winrate vs random2     :  78.6% | Σ-Reward:  5453.0 | Ø-Reward:  2.727 | Places: [1572 (0.79), 327 (0.16), 83 (0.04), 18 (0.01)]
[2025-08-22 00:42:39] Winrate vs single_only :  61.6% | Σ-Reward:  4911.0 | Ø-Reward:  2.455 | Places: [1232 (0.62), 502 (0.25), 211 (0.11), 55 (0.03)]
[2025-08-22 00:42:42] Timing @ep 7000: episode 99.1s | train 0.225s | eval 95.6s | plot 3.3s | save 0.003s | cum 0.85h
[2025-08-22 00:46:38] 
[2025-08-22 00:46:38] Benchmark @train_ep    7500 (bench_eps: 2000)
[2025-08-22 00:46:38] Macro Winrate          :  62.1%
[2025-08-22 00:46:38] Macro Ø-Reward         :  2.444
[2025-08-22 00:46:38] Winrate vs max_combo   :  49.0% | Σ-Reward:  4368.0 | Ø-Reward:  2.184 | Places: [979 (0.49), 576 (0.29), 279 (0.14), 166 (0.08)]
[2025-08-22 00:46:38] Winrate vs random2     :  76.8% | Σ-Reward:  5428.0 | Ø-Reward:  2.714 | Places: [1535 (0.77), 377 (0.19), 69 (0.03), 19 (0.01)]
[2025-08-22 00:46:38] Winrate vs single_only :  60.6% | Σ-Reward:  4865.0 | Ø-Reward:  2.433 | Places: [1212 (0.61), 512 (0.26), 205 (0.10), 71 (0.04)]
[2025-08-22 00:46:41] Timing @ep 7500: episode 123.5s | train 0.058s | eval 120.1s | plot 3.4s | save 0.003s | cum 0.91h
[2025-08-22 00:50:27] 
[2025-08-22 00:50:27] Benchmark @train_ep    8000 (bench_eps: 2000)
[2025-08-22 00:50:27] Macro Winrate          :  60.2%
[2025-08-22 00:50:27] Macro Ø-Reward         :  2.418
[2025-08-22 00:50:27] Winrate vs max_combo   :  47.1% | Σ-Reward:  4288.0 | Ø-Reward:  2.144 | Places: [942 (0.47), 577 (0.29), 308 (0.15), 173 (0.09)]
[2025-08-22 00:50:27] Winrate vs random2     :  77.3% | Σ-Reward:  5440.0 | Ø-Reward:  2.720 | Places: [1547 (0.77), 362 (0.18), 75 (0.04), 16 (0.01)]
[2025-08-22 00:50:27] Winrate vs single_only :  56.3% | Σ-Reward:  4779.0 | Ø-Reward:  2.389 | Places: [1126 (0.56), 587 (0.29), 227 (0.11), 60 (0.03)]
[2025-08-22 00:50:31] Timing @ep 8000: episode 104.2s | train 0.044s | eval 101.0s | plot 3.2s | save 0.003s | cum 0.98h
[2025-08-22 00:53:49] 
[2025-08-22 00:53:49] Benchmark @train_ep    8500 (bench_eps: 2000)
[2025-08-22 00:53:49] Macro Winrate          :  63.4%
[2025-08-22 00:53:49] Macro Ø-Reward         :  2.478
[2025-08-22 00:53:49] Winrate vs max_combo   :  50.0% | Σ-Reward:  4420.0 | Ø-Reward:  2.210 | Places: [999 (0.50), 570 (0.28), 283 (0.14), 148 (0.07)]
[2025-08-22 00:53:49] Winrate vs random2     :  76.7% | Σ-Reward:  5440.0 | Ø-Reward:  2.720 | Places: [1534 (0.77), 385 (0.19), 68 (0.03), 13 (0.01)]
[2025-08-22 00:53:49] Winrate vs single_only :  63.6% | Σ-Reward:  5008.0 | Ø-Reward:  2.504 | Places: [1272 (0.64), 500 (0.25), 192 (0.10), 36 (0.02)]
[2025-08-22 00:53:52] Timing @ep 8500: episode 111.5s | train 0.059s | eval 108.0s | plot 3.4s | save 0.003s | cum 1.03h
[2025-08-22 00:57:07] 
[2025-08-22 00:57:07] Benchmark @train_ep    9000 (bench_eps: 2000)
[2025-08-22 00:57:07] Macro Winrate          :  68.6%
[2025-08-22 00:57:07] Macro Ø-Reward         :  2.543
[2025-08-22 00:57:07] Winrate vs max_combo   :  50.5% | Σ-Reward:  4414.0 | Ø-Reward:  2.207 | Places: [1009 (0.50), 556 (0.28), 275 (0.14), 160 (0.08)]
[2025-08-22 00:57:07] Winrate vs random2     :  80.0% | Σ-Reward:  5501.0 | Ø-Reward:  2.751 | Places: [1599 (0.80), 319 (0.16), 66 (0.03), 16 (0.01)]
[2025-08-22 00:57:07] Winrate vs single_only :  75.3% | Σ-Reward:  5343.0 | Ø-Reward:  2.671 | Places: [1506 (0.75), 362 (0.18), 101 (0.05), 31 (0.02)]
[2025-08-22 00:57:10] Timing @ep 9000: episode 76.2s | train 0.059s | eval 72.7s | plot 3.5s | save 0.002s | cum 1.09h
[2025-08-22 01:00:17] 
[2025-08-22 01:00:17] Benchmark @train_ep    9500 (bench_eps: 2000)
[2025-08-22 01:00:17] Macro Winrate          :  68.0%
[2025-08-22 01:00:17] Macro Ø-Reward         :  2.559
[2025-08-22 01:00:17] Winrate vs max_combo   :  52.2% | Σ-Reward:  4538.0 | Ø-Reward:  2.269 | Places: [1045 (0.52), 570 (0.28), 263 (0.13), 122 (0.06)]
[2025-08-22 01:00:17] Winrate vs random2     :  79.4% | Σ-Reward:  5528.0 | Ø-Reward:  2.764 | Places: [1588 (0.79), 361 (0.18), 42 (0.02), 9 (0.00)]
[2025-08-22 01:00:17] Winrate vs single_only :  72.2% | Σ-Reward:  5287.0 | Ø-Reward:  2.643 | Places: [1444 (0.72), 422 (0.21), 111 (0.06), 23 (0.01)]
[2025-08-22 01:00:20] Timing @ep 9500: episode 73.2s | train 0.146s | eval 69.8s | plot 3.2s | save 0.003s | cum 1.14h
[2025-08-22 01:03:26] 
[2025-08-22 01:03:26] Benchmark @train_ep   10000 (bench_eps: 2000)
[2025-08-22 01:03:26] Macro Winrate          :  69.6%
[2025-08-22 01:03:26] Macro Ø-Reward         :  2.572
[2025-08-22 01:03:26] Winrate vs max_combo   :  52.5% | Σ-Reward:  4532.0 | Ø-Reward:  2.266 | Places: [1051 (0.53), 554 (0.28), 271 (0.14), 124 (0.06)]
[2025-08-22 01:03:26] Winrate vs random2     :  80.2% | Σ-Reward:  5534.0 | Ø-Reward:  2.767 | Places: [1605 (0.80), 332 (0.17), 55 (0.03), 8 (0.00)]
[2025-08-22 01:03:26] Winrate vs single_only :  75.9% | Σ-Reward:  5366.0 | Ø-Reward:  2.683 | Places: [1518 (0.76), 352 (0.18), 108 (0.05), 22 (0.01)]
[2025-08-22 01:03:30] Timing @ep 10000: episode 86.0s | train 0.058s | eval 82.0s | plot 4.0s | save 0.003s | cum 1.19h
[2025-08-22 01:03:30] 
[2025-08-22 01:03:30] Gesamtzeit: 1.19h (~ 2.33 eps/s)
[2025-08-22 01:03:30] K1 (DQN) Training abgeschlossen.
