[2025-09-25 13:07:30] New Training (k4a2): Shared-Policy DQN — In-Proc External Trainer (Bundle-Updates)
[2025-09-25 13:07:30] Deck_Size: 64
[2025-09-25 13:07:30] Episodes: 100000
[2025-09-25 13:07:30] Path: /home/wasterix/Multiagent/OpenSpiel_neu/open_spiel/President/models/k4a2/model_51
[2025-09-25 13:09:22] 
[2025-09-25 13:09:22] Benchmark @train_ep    5000 (bench_eps: 2000)
[2025-09-25 13:09:22] Macro Winrate          :  38.9%
[2025-09-25 13:09:22] Macro Ø-Reward         :  1.709
[2025-09-25 13:09:22] Winrate vs max_combo   :  10.8% | Σ-Reward:  1886.0 | Ø-Reward:  0.943 | Places: [216 (0.11), 339 (0.17), 560 (0.28), 885 (0.44)]
[2025-09-25 13:09:22] Winrate vs random2     :  27.1% | Σ-Reward:  3204.0 | Ø-Reward:  1.602 | Places: [541 (0.27), 567 (0.28), 447 (0.22), 445 (0.22)]
[2025-09-25 13:09:22] Winrate vs single_only :  78.9% | Σ-Reward:  5163.0 | Ø-Reward:  2.582 | Places: [1578 (0.79), 150 (0.07), 129 (0.06), 143 (0.07)]
[2025-09-25 13:09:30] Timing @ep 5000: episode 36.6s | train 0.266s | eval 28.6s | plot 7.6s | save 0.021s | cum 0.03h
[2025-09-25 13:11:36] 
[2025-09-25 13:11:36] Benchmark @train_ep   10000 (bench_eps: 2000)
[2025-09-25 13:11:36] Macro Winrate          :  34.8%
[2025-09-25 13:11:36] Macro Ø-Reward         :  1.672
[2025-09-25 13:11:36] Winrate vs max_combo   :  14.2% | Σ-Reward:  2071.0 | Ø-Reward:  1.036 | Places: [283 (0.14), 354 (0.18), 514 (0.26), 849 (0.42)]
[2025-09-25 13:11:36] Winrate vs random2     :  28.6% | Σ-Reward:  3324.0 | Ø-Reward:  1.662 | Places: [571 (0.29), 566 (0.28), 479 (0.24), 384 (0.19)]
[2025-09-25 13:11:36] Winrate vs single_only :  61.5% | Σ-Reward:  4639.0 | Ø-Reward:  2.320 | Places: [1231 (0.62), 354 (0.18), 238 (0.12), 177 (0.09)]
[2025-09-25 13:11:42] Timing @ep 10000: episode 38.4s | train 0.251s | eval 30.0s | plot 8.1s | save 0.002s | cum 0.07h
[2025-09-25 13:13:42] 
[2025-09-25 13:13:42] Benchmark @train_ep   15000 (bench_eps: 2000)
[2025-09-25 13:13:42] Macro Winrate          :  48.7%
[2025-09-25 13:13:42] Macro Ø-Reward         :  1.985
[2025-09-25 13:13:42] Winrate vs max_combo   :  19.6% | Σ-Reward:  2502.0 | Ø-Reward:  1.251 | Places: [393 (0.20), 418 (0.21), 487 (0.24), 702 (0.35)]
[2025-09-25 13:13:42] Winrate vs random2     :  46.6% | Σ-Reward:  4067.0 | Ø-Reward:  2.034 | Places: [932 (0.47), 485 (0.24), 301 (0.15), 282 (0.14)]
[2025-09-25 13:13:42] Winrate vs single_only :  79.8% | Σ-Reward:  5340.0 | Ø-Reward:  2.670 | Places: [1595 (0.80), 217 (0.11), 121 (0.06), 67 (0.03)]
[2025-09-25 13:13:52] Timing @ep 15000: episode 37.0s | train 0.306s | eval 27.3s | plot 9.4s | save 0.002s | cum 0.11h
[2025-09-25 13:15:45] 
[2025-09-25 13:15:45] Benchmark @train_ep   20000 (bench_eps: 2000)
[2025-09-25 13:15:45] Macro Winrate          :  56.6%
[2025-09-25 13:15:45] Macro Ø-Reward         :  2.228
[2025-09-25 13:15:45] Winrate vs max_combo   :  26.9% | Σ-Reward:  3156.0 | Ø-Reward:  1.578 | Places: [537 (0.27), 513 (0.26), 519 (0.26), 431 (0.22)]
[2025-09-25 13:15:45] Winrate vs random2     :  61.9% | Σ-Reward:  4831.0 | Ø-Reward:  2.416 | Places: [1237 (0.62), 461 (0.23), 198 (0.10), 104 (0.05)]
[2025-09-25 13:15:45] Winrate vs single_only :  81.0% | Σ-Reward:  5379.0 | Ø-Reward:  2.689 | Places: [1621 (0.81), 204 (0.10), 108 (0.05), 67 (0.03)]
[2025-09-25 13:15:56] Timing @ep 20000: episode 37.5s | train 0.243s | eval 26.1s | plot 11.1s | save 0.002s | cum 0.15h
[2025-09-25 13:17:46] 
[2025-09-25 13:17:46] Benchmark @train_ep   25000 (bench_eps: 2000)
[2025-09-25 13:17:46] Macro Winrate          :  59.8%
[2025-09-25 13:17:46] Macro Ø-Reward         :  2.265
[2025-09-25 13:17:46] Winrate vs max_combo   :  30.6% | Σ-Reward:  3262.0 | Ø-Reward:  1.631 | Places: [612 (0.31), 476 (0.24), 474 (0.24), 438 (0.22)]
[2025-09-25 13:17:46] Winrate vs random2     :  63.2% | Σ-Reward:  4834.0 | Ø-Reward:  2.417 | Places: [1264 (0.63), 435 (0.22), 172 (0.09), 129 (0.06)]
[2025-09-25 13:17:46] Winrate vs single_only :  85.5% | Σ-Reward:  5494.0 | Ø-Reward:  2.747 | Places: [1709 (0.85), 145 (0.07), 77 (0.04), 69 (0.03)]
[2025-09-25 13:17:58] Timing @ep 25000: episode 37.9s | train 0.237s | eval 25.5s | plot 12.1s | save 0.002s | cum 0.19h
[2025-09-25 13:19:47] 
[2025-09-25 13:19:47] Benchmark @train_ep   30000 (bench_eps: 2000)
[2025-09-25 13:19:47] Macro Winrate          :  59.0%
[2025-09-25 13:19:47] Macro Ø-Reward         :  2.288
[2025-09-25 13:19:47] Winrate vs max_combo   :  31.4% | Σ-Reward:  3378.0 | Ø-Reward:  1.689 | Places: [627 (0.31), 522 (0.26), 453 (0.23), 398 (0.20)]
[2025-09-25 13:19:47] Winrate vs random2     :  64.1% | Σ-Reward:  4901.0 | Ø-Reward:  2.450 | Places: [1282 (0.64), 434 (0.22), 187 (0.09), 97 (0.05)]
[2025-09-25 13:19:47] Winrate vs single_only :  81.7% | Σ-Reward:  5452.0 | Ø-Reward:  2.726 | Places: [1633 (0.82), 231 (0.12), 91 (0.05), 45 (0.02)]
[2025-09-25 13:20:00] Timing @ep 30000: episode 39.6s | train 0.234s | eval 26.1s | plot 13.2s | save 0.002s | cum 0.22h
[2025-09-25 13:21:48] 
[2025-09-25 13:21:48] Benchmark @train_ep   35000 (bench_eps: 2000)
[2025-09-25 13:21:48] Macro Winrate          :  65.6%
[2025-09-25 13:21:48] Macro Ø-Reward         :  2.440
[2025-09-25 13:21:48] Winrate vs max_combo   :  38.8% | Σ-Reward:  3814.0 | Ø-Reward:  1.907 | Places: [775 (0.39), 549 (0.27), 391 (0.20), 285 (0.14)]
[2025-09-25 13:21:48] Winrate vs random2     :  72.5% | Σ-Reward:  5172.0 | Ø-Reward:  2.586 | Places: [1449 (0.72), 344 (0.17), 137 (0.07), 70 (0.04)]
[2025-09-25 13:21:48] Winrate vs single_only :  85.5% | Σ-Reward:  5652.0 | Ø-Reward:  2.826 | Places: [1711 (0.86), 240 (0.12), 39 (0.02), 10 (0.01)]
[2025-09-25 13:22:03] Timing @ep 35000: episode 40.4s | train 0.255s | eval 25.5s | plot 14.7s | save 0.002s | cum 0.26h
[2025-09-25 13:23:53] 
[2025-09-25 13:23:53] Benchmark @train_ep   40000 (bench_eps: 2000)
[2025-09-25 13:23:53] Macro Winrate          :  62.8%
[2025-09-25 13:23:53] Macro Ø-Reward         :  2.405
[2025-09-25 13:23:53] Winrate vs max_combo   :  38.2% | Σ-Reward:  3739.0 | Ø-Reward:  1.869 | Places: [764 (0.38), 529 (0.26), 389 (0.19), 318 (0.16)]
[2025-09-25 13:23:53] Winrate vs random2     :  70.2% | Σ-Reward:  5173.0 | Ø-Reward:  2.587 | Places: [1405 (0.70), 420 (0.21), 118 (0.06), 57 (0.03)]
[2025-09-25 13:23:53] Winrate vs single_only :  79.8% | Σ-Reward:  5518.0 | Ø-Reward:  2.759 | Places: [1596 (0.80), 333 (0.17), 64 (0.03), 7 (0.00)]
[2025-09-25 13:24:09] Timing @ep 40000: episode 42.8s | train 0.322s | eval 26.4s | plot 16.0s | save 0.003s | cum 0.30h
[2025-09-25 13:26:00] 
[2025-09-25 13:26:00] Benchmark @train_ep   45000 (bench_eps: 2000)
[2025-09-25 13:26:00] Macro Winrate          :  68.1%
[2025-09-25 13:26:00] Macro Ø-Reward         :  2.497
[2025-09-25 13:26:00] Winrate vs max_combo   :  49.0% | Σ-Reward:  4180.0 | Ø-Reward:  2.090 | Places: [980 (0.49), 469 (0.23), 302 (0.15), 249 (0.12)]
[2025-09-25 13:26:00] Winrate vs random2     :  75.8% | Σ-Reward:  5337.0 | Ø-Reward:  2.668 | Places: [1516 (0.76), 355 (0.18), 79 (0.04), 50 (0.03)]
[2025-09-25 13:26:00] Winrate vs single_only :  79.5% | Σ-Reward:  5467.0 | Ø-Reward:  2.733 | Places: [1590 (0.80), 309 (0.15), 79 (0.04), 22 (0.01)]
[2025-09-25 13:26:14] Timing @ep 45000: episode 44.5s | train 0.228s | eval 27.4s | plot 16.9s | save 0.002s | cum 0.34h
[2025-09-25 13:28:07] 
[2025-09-25 13:28:07] Benchmark @train_ep   50000 (bench_eps: 2000)
[2025-09-25 13:28:07] Macro Winrate          :  68.1%
[2025-09-25 13:28:07] Macro Ø-Reward         :  2.483
[2025-09-25 13:28:07] Winrate vs max_combo   :  46.1% | Σ-Reward:  4117.0 | Ø-Reward:  2.058 | Places: [923 (0.46), 501 (0.25), 346 (0.17), 230 (0.12)]
[2025-09-25 13:28:07] Winrate vs random2     :  75.5% | Σ-Reward:  5290.0 | Ø-Reward:  2.645 | Places: [1510 (0.76), 328 (0.16), 104 (0.05), 58 (0.03)]
[2025-09-25 13:28:07] Winrate vs single_only :  82.5% | Σ-Reward:  5493.0 | Ø-Reward:  2.747 | Places: [1651 (0.83), 220 (0.11), 100 (0.05), 29 (0.01)]
[2025-09-25 13:28:22] Timing @ep 50000: episode 43.8s | train 0.257s | eval 26.0s | plot 17.5s | save 0.002s | cum 0.37h
[2025-09-25 13:30:11] 
[2025-09-25 13:30:11] Benchmark @train_ep   55000 (bench_eps: 2000)
[2025-09-25 13:30:11] Macro Winrate          :  72.1%
[2025-09-25 13:30:11] Macro Ø-Reward         :  2.556
[2025-09-25 13:30:11] Winrate vs max_combo   :  51.0% | Σ-Reward:  4318.0 | Ø-Reward:  2.159 | Places: [1019 (0.51), 507 (0.25), 247 (0.12), 227 (0.11)]
[2025-09-25 13:30:11] Winrate vs random2     :  79.6% | Σ-Reward:  5412.0 | Ø-Reward:  2.706 | Places: [1592 (0.80), 278 (0.14), 80 (0.04), 50 (0.03)]
[2025-09-25 13:30:11] Winrate vs single_only :  85.8% | Σ-Reward:  5609.0 | Ø-Reward:  2.804 | Places: [1716 (0.86), 197 (0.10), 67 (0.03), 20 (0.01)]
[2025-09-25 13:30:30] Timing @ep 55000: episode 45.6s | train 0.237s | eval 26.8s | plot 18.6s | save 0.003s | cum 0.41h
[2025-09-25 13:32:17] 
[2025-09-25 13:32:17] Benchmark @train_ep   60000 (bench_eps: 2000)
[2025-09-25 13:32:17] Macro Winrate          :  73.4%
[2025-09-25 13:32:17] Macro Ø-Reward         :  2.588
[2025-09-25 13:32:17] Winrate vs max_combo   :  52.8% | Σ-Reward:  4442.0 | Ø-Reward:  2.221 | Places: [1056 (0.53), 497 (0.25), 280 (0.14), 167 (0.08)]
[2025-09-25 13:32:17] Winrate vs random2     :  82.7% | Σ-Reward:  5530.0 | Ø-Reward:  2.765 | Places: [1653 (0.83), 251 (0.13), 69 (0.03), 27 (0.01)]
[2025-09-25 13:32:17] Winrate vs single_only :  84.7% | Σ-Reward:  5558.0 | Ø-Reward:  2.779 | Places: [1693 (0.85), 203 (0.10), 73 (0.04), 31 (0.02)]
[2025-09-25 13:32:37] Timing @ep 60000: episode 45.4s | train 0.309s | eval 25.2s | plot 19.9s | save 0.002s | cum 0.45h
[2025-09-25 13:34:27] 
[2025-09-25 13:34:27] Benchmark @train_ep   65000 (bench_eps: 2000)
[2025-09-25 13:34:27] Macro Winrate          :  72.0%
[2025-09-25 13:34:27] Macro Ø-Reward         :  2.553
[2025-09-25 13:34:27] Winrate vs max_combo   :  51.0% | Σ-Reward:  4361.0 | Ø-Reward:  2.180 | Places: [1020 (0.51), 525 (0.26), 251 (0.13), 204 (0.10)]
[2025-09-25 13:34:27] Winrate vs random2     :  82.2% | Σ-Reward:  5461.0 | Ø-Reward:  2.731 | Places: [1643 (0.82), 230 (0.12), 72 (0.04), 55 (0.03)]
[2025-09-25 13:34:27] Winrate vs single_only :  83.0% | Σ-Reward:  5495.0 | Ø-Reward:  2.748 | Places: [1659 (0.83), 223 (0.11), 72 (0.04), 46 (0.02)]
[2025-09-25 13:34:47] Timing @ep 65000: episode 48.5s | train 0.235s | eval 26.4s | plot 21.8s | save 0.002s | cum 0.49h
[2025-09-25 13:36:40] 
[2025-09-25 13:36:40] Benchmark @train_ep   70000 (bench_eps: 2000)
[2025-09-25 13:36:40] Macro Winrate          :  73.9%
[2025-09-25 13:36:40] Macro Ø-Reward         :  2.594
[2025-09-25 13:36:40] Winrate vs max_combo   :  51.7% | Σ-Reward:  4428.0 | Ø-Reward:  2.214 | Places: [1034 (0.52), 533 (0.27), 260 (0.13), 173 (0.09)]
[2025-09-25 13:36:40] Winrate vs random2     :  83.7% | Σ-Reward:  5555.0 | Ø-Reward:  2.777 | Places: [1673 (0.84), 239 (0.12), 58 (0.03), 30 (0.01)]
[2025-09-25 13:36:40] Winrate vs single_only :  86.3% | Σ-Reward:  5583.0 | Ø-Reward:  2.792 | Places: [1726 (0.86), 170 (0.09), 65 (0.03), 39 (0.02)]
[2025-09-25 13:37:00] Timing @ep 70000: episode 49.7s | train 0.263s | eval 26.9s | plot 22.5s | save 0.002s | cum 0.53h
[2025-09-25 13:38:48] 
[2025-09-25 13:38:48] Benchmark @train_ep   75000 (bench_eps: 2000)
[2025-09-25 13:38:48] Macro Winrate          :  70.4%
[2025-09-25 13:38:48] Macro Ø-Reward         :  2.516
[2025-09-25 13:38:48] Winrate vs max_combo   :  50.6% | Σ-Reward:  4303.0 | Ø-Reward:  2.151 | Places: [1012 (0.51), 486 (0.24), 295 (0.15), 207 (0.10)]
[2025-09-25 13:38:48] Winrate vs random2     :  77.2% | Σ-Reward:  5261.0 | Ø-Reward:  2.631 | Places: [1545 (0.77), 263 (0.13), 100 (0.05), 92 (0.05)]
[2025-09-25 13:38:48] Winrate vs single_only :  83.3% | Σ-Reward:  5534.0 | Ø-Reward:  2.767 | Places: [1666 (0.83), 227 (0.11), 82 (0.04), 25 (0.01)]
[2025-09-25 13:39:11] Timing @ep 75000: episode 48.8s | train 0.246s | eval 25.3s | plot 23.3s | save 0.003s | cum 0.57h
[2025-09-25 13:41:00] 
[2025-09-25 13:41:00] Benchmark @train_ep   80000 (bench_eps: 2000)
[2025-09-25 13:41:00] Macro Winrate          :  74.1%
[2025-09-25 13:41:00] Macro Ø-Reward         :  2.594
[2025-09-25 13:41:00] Winrate vs max_combo   :  56.4% | Σ-Reward:  4577.0 | Ø-Reward:  2.288 | Places: [1128 (0.56), 497 (0.25), 199 (0.10), 176 (0.09)]
[2025-09-25 13:41:00] Winrate vs random2     :  82.0% | Σ-Reward:  5464.0 | Ø-Reward:  2.732 | Places: [1640 (0.82), 235 (0.12), 74 (0.04), 51 (0.03)]
[2025-09-25 13:41:00] Winrate vs single_only :  84.0% | Σ-Reward:  5522.0 | Ø-Reward:  2.761 | Places: [1679 (0.84), 204 (0.10), 77 (0.04), 40 (0.02)]
[2025-09-25 13:41:22] Timing @ep 80000: episode 50.6s | train 0.224s | eval 26.1s | plot 24.3s | save 0.002s | cum 0.61h
[2025-09-25 13:43:10] 
[2025-09-25 13:43:10] Benchmark @train_ep   85000 (bench_eps: 2000)
[2025-09-25 13:43:10] Macro Winrate          :  74.2%
[2025-09-25 13:43:10] Macro Ø-Reward         :  2.596
[2025-09-25 13:43:10] Winrate vs max_combo   :  57.4% | Σ-Reward:  4624.0 | Ø-Reward:  2.312 | Places: [1147 (0.57), 494 (0.25), 195 (0.10), 164 (0.08)]
[2025-09-25 13:43:10] Winrate vs random2     :  81.7% | Σ-Reward:  5457.0 | Ø-Reward:  2.728 | Places: [1634 (0.82), 241 (0.12), 73 (0.04), 52 (0.03)]
[2025-09-25 13:43:10] Winrate vs single_only :  83.5% | Σ-Reward:  5493.0 | Ø-Reward:  2.747 | Places: [1671 (0.84), 197 (0.10), 86 (0.04), 46 (0.02)]
[2025-09-25 13:43:34] Timing @ep 85000: episode 48.9s | train 0.279s | eval 24.3s | plot 24.3s | save 0.002s | cum 0.64h
[2025-09-25 13:45:23] 
[2025-09-25 13:45:23] Benchmark @train_ep   90000 (bench_eps: 2000)
[2025-09-25 13:45:23] Macro Winrate          :  75.9%
[2025-09-25 13:45:23] Macro Ø-Reward         :  2.629
[2025-09-25 13:45:23] Winrate vs max_combo   :  58.0% | Σ-Reward:  4641.0 | Ø-Reward:  2.321 | Places: [1160 (0.58), 460 (0.23), 241 (0.12), 139 (0.07)]
[2025-09-25 13:45:23] Winrate vs random2     :  84.0% | Σ-Reward:  5538.0 | Ø-Reward:  2.769 | Places: [1681 (0.84), 216 (0.11), 63 (0.03), 40 (0.02)]
[2025-09-25 13:45:23] Winrate vs single_only :  85.5% | Σ-Reward:  5597.0 | Ø-Reward:  2.799 | Places: [1711 (0.86), 198 (0.10), 68 (0.03), 23 (0.01)]
[2025-09-25 13:45:48] Timing @ep 90000: episode 48.4s | train 0.220s | eval 23.6s | plot 24.6s | save 0.002s | cum 0.68h
[2025-09-25 13:47:37] 
[2025-09-25 13:47:37] Benchmark @train_ep   95000 (bench_eps: 2000)
[2025-09-25 13:47:37] Macro Winrate          :  73.4%
[2025-09-25 13:47:37] Macro Ø-Reward         :  2.577
[2025-09-25 13:47:37] Winrate vs max_combo   :  57.6% | Σ-Reward:  4561.0 | Ø-Reward:  2.280 | Places: [1153 (0.58), 440 (0.22), 222 (0.11), 185 (0.09)]
[2025-09-25 13:47:37] Winrate vs random2     :  80.2% | Σ-Reward:  5416.0 | Ø-Reward:  2.708 | Places: [1605 (0.80), 251 (0.13), 99 (0.05), 45 (0.02)]
[2025-09-25 13:47:37] Winrate vs single_only :  82.2% | Σ-Reward:  5486.0 | Ø-Reward:  2.743 | Places: [1644 (0.82), 221 (0.11), 112 (0.06), 23 (0.01)]
[2025-09-25 13:48:02] Timing @ep 95000: episode 48.9s | train 0.212s | eval 23.3s | plot 25.4s | save 0.002s | cum 0.72h
[2025-09-25 13:49:52] 
[2025-09-25 13:49:52] Benchmark @train_ep  100000 (bench_eps: 2000)
[2025-09-25 13:49:52] Macro Winrate          :  74.6%
[2025-09-25 13:49:52] Macro Ø-Reward         :  2.611
[2025-09-25 13:49:52] Winrate vs max_combo   :  55.6% | Σ-Reward:  4589.0 | Ø-Reward:  2.295 | Places: [1112 (0.56), 508 (0.25), 237 (0.12), 143 (0.07)]
[2025-09-25 13:49:52] Winrate vs random2     :  83.0% | Σ-Reward:  5504.0 | Ø-Reward:  2.752 | Places: [1660 (0.83), 228 (0.11), 68 (0.03), 44 (0.02)]
[2025-09-25 13:49:52] Winrate vs single_only :  85.2% | Σ-Reward:  5573.0 | Ø-Reward:  2.787 | Places: [1703 (0.85), 202 (0.10), 60 (0.03), 35 (0.02)]
[2025-09-25 13:50:19] Timing @ep 100000: episode 51.6s | train 0.225s | eval 24.7s | plot 26.6s | save 0.002s | cum 0.76h
[2025-09-25 13:50:19] 
[2025-09-25 13:50:19] Gesamtzeit: 0.76h (~ 36.68 eps/s)
[2025-09-25 13:50:19] k4a2, Shared Policy Selfplay (DQN, Bundle-Updates, 1 Prozess). Training abgeschlossen.
[2025-09-25 13:50:19] Path: /home/wasterix/Multiagent/OpenSpiel_neu/open_spiel/President/models/k4a2/model_51
