[2025-09-04 07:36:02] New Training (k1a2): DQN Single-Agent vs Heuristiken/Population (P0→P0)
[2025-09-04 07:36:02] Deck_Size: 16
[2025-09-04 07:36:02] Episodes: 100000
[2025-09-04 07:36:02] Path: /home/wasterix/OpenSpiel/open_spiel/President/models/k1a2/model_06
[2025-09-04 07:36:03] [Population] Initiales Lineup: ['single_only', 'single_only', 'single_only']
[2025-09-04 07:38:23] 
[2025-09-04 07:38:23] Benchmark @train_ep    5000 (bench_eps: 4000)
[2025-09-04 07:38:23] Macro Winrate          :  37.4%
[2025-09-04 07:38:23] Macro Ø-Reward         :  1.761
[2025-09-04 07:38:23] Winrate vs max_combo   :  30.4% | Σ-Reward:  6589.0 | Ø-Reward:  1.647 | Places: [1218 (0.30), 1000 (0.25), 935 (0.23), 847 (0.21)]
[2025-09-04 07:38:23] Winrate vs random2     :  32.2% | Σ-Reward:  7186.0 | Ø-Reward:  1.796 | Places: [1289 (0.32), 1163 (0.29), 993 (0.25), 555 (0.14)]
[2025-09-04 07:38:23] Winrate vs single_only :  66.8% | Σ-Reward:  9498.0 | Ø-Reward:  2.374 | Places: [2674 (0.67), 434 (0.11), 608 (0.15), 284 (0.07)]
[2025-09-04 07:38:23] Winrate vs v_table     :  20.0% | Σ-Reward:  4903.0 | Ø-Reward:  1.226 | Places: [800 (0.20), 788 (0.20), 927 (0.23), 1485 (0.37)]
[2025-09-04 07:40:36] 
[2025-09-04 07:40:36] Benchmark @train_ep   10000 (bench_eps: 4000)
[2025-09-04 07:40:36] Macro Winrate          :  38.1%
[2025-09-04 07:40:36] Macro Ø-Reward         :  1.789
[2025-09-04 07:40:36] Winrate vs max_combo   :  31.0% | Σ-Reward:  6714.0 | Ø-Reward:  1.679 | Places: [1241 (0.31), 1023 (0.26), 945 (0.24), 791 (0.20)]
[2025-09-04 07:40:36] Winrate vs random2     :  34.5% | Σ-Reward:  7372.0 | Ø-Reward:  1.843 | Places: [1379 (0.34), 1146 (0.29), 943 (0.24), 532 (0.13)]
[2025-09-04 07:40:36] Winrate vs single_only :  67.8% | Σ-Reward:  9581.0 | Ø-Reward:  2.395 | Places: [2713 (0.68), 427 (0.11), 588 (0.15), 272 (0.07)]
[2025-09-04 07:40:36] Winrate vs v_table     :  19.1% | Σ-Reward:  4950.0 | Ø-Reward:  1.238 | Places: [762 (0.19), 890 (0.22), 884 (0.22), 1464 (0.37)]
[2025-09-04 07:42:54] 
[2025-09-04 07:42:54] Benchmark @train_ep   15000 (bench_eps: 4000)
[2025-09-04 07:42:54] Macro Winrate          :  36.5%
[2025-09-04 07:42:54] Macro Ø-Reward         :  1.751
[2025-09-04 07:42:54] Winrate vs max_combo   :  30.6% | Σ-Reward:  6589.0 | Ø-Reward:  1.647 | Places: [1222 (0.31), 997 (0.25), 929 (0.23), 852 (0.21)]
[2025-09-04 07:42:54] Winrate vs random2     :  32.9% | Σ-Reward:  7302.0 | Ø-Reward:  1.825 | Places: [1317 (0.33), 1233 (0.31), 885 (0.22), 565 (0.14)]
[2025-09-04 07:42:54] Winrate vs single_only :  66.0% | Σ-Reward:  9454.0 | Ø-Reward:  2.364 | Places: [2638 (0.66), 448 (0.11), 644 (0.16), 270 (0.07)]
[2025-09-04 07:42:54] Winrate vs v_table     :  16.7% | Σ-Reward:  4668.0 | Ø-Reward:  1.167 | Places: [668 (0.17), 879 (0.22), 906 (0.23), 1547 (0.39)]
[2025-09-04 07:45:19] 
[2025-09-04 07:45:19] Benchmark @train_ep   20000 (bench_eps: 4000)
[2025-09-04 07:45:19] Macro Winrate          :  36.3%
[2025-09-04 07:45:19] Macro Ø-Reward         :  1.741
[2025-09-04 07:45:19] Winrate vs max_combo   :  28.7% | Σ-Reward:  6355.0 | Ø-Reward:  1.589 | Places: [1149 (0.29), 970 (0.24), 968 (0.24), 913 (0.23)]
[2025-09-04 07:45:19] Winrate vs random2     :  33.6% | Σ-Reward:  7301.0 | Ø-Reward:  1.825 | Places: [1343 (0.34), 1175 (0.29), 922 (0.23), 560 (0.14)]
[2025-09-04 07:45:19] Winrate vs single_only :  66.4% | Σ-Reward:  9460.0 | Ø-Reward:  2.365 | Places: [2656 (0.66), 434 (0.11), 624 (0.16), 286 (0.07)]
[2025-09-04 07:45:19] Winrate vs v_table     :  16.5% | Σ-Reward:  4738.0 | Ø-Reward:  1.185 | Places: [659 (0.16), 932 (0.23), 897 (0.22), 1512 (0.38)]
[2025-09-04 07:47:48] 
[2025-09-04 07:47:48] Benchmark @train_ep   25000 (bench_eps: 4000)
[2025-09-04 07:47:48] Macro Winrate          :  38.5%
[2025-09-04 07:47:48] Macro Ø-Reward         :  1.806
[2025-09-04 07:47:48] Winrate vs max_combo   :  33.6% | Σ-Reward:  6834.0 | Ø-Reward:  1.708 | Places: [1343 (0.34), 958 (0.24), 889 (0.22), 810 (0.20)]
[2025-09-04 07:47:48] Winrate vs random2     :  35.4% | Σ-Reward:  7503.0 | Ø-Reward:  1.876 | Places: [1417 (0.35), 1193 (0.30), 866 (0.22), 524 (0.13)]
[2025-09-04 07:47:48] Winrate vs single_only :  67.2% | Σ-Reward:  9586.0 | Ø-Reward:  2.397 | Places: [2689 (0.67), 476 (0.12), 567 (0.14), 268 (0.07)]
[2025-09-04 07:47:48] Winrate vs v_table     :  17.6% | Σ-Reward:  4965.0 | Ø-Reward:  1.241 | Places: [704 (0.18), 958 (0.24), 937 (0.23), 1401 (0.35)]
[2025-09-04 07:50:26] 
[2025-09-04 07:50:26] Benchmark @train_ep   30000 (bench_eps: 4000)
[2025-09-04 07:50:26] Macro Winrate          :  38.1%
[2025-09-04 07:50:26] Macro Ø-Reward         :  1.807
[2025-09-04 07:50:26] Winrate vs max_combo   :  31.9% | Σ-Reward:  6746.0 | Ø-Reward:  1.687 | Places: [1276 (0.32), 1010 (0.25), 898 (0.22), 816 (0.20)]
[2025-09-04 07:50:26] Winrate vs random2     :  35.9% | Σ-Reward:  7573.0 | Ø-Reward:  1.893 | Places: [1434 (0.36), 1214 (0.30), 843 (0.21), 509 (0.13)]
[2025-09-04 07:50:26] Winrate vs single_only :  65.8% | Σ-Reward:  9460.0 | Ø-Reward:  2.365 | Places: [2634 (0.66), 491 (0.12), 576 (0.14), 299 (0.07)]
[2025-09-04 07:50:26] Winrate vs v_table     :  18.7% | Σ-Reward:  5125.0 | Ø-Reward:  1.281 | Places: [749 (0.19), 995 (0.25), 888 (0.22), 1368 (0.34)]
[2025-09-04 07:53:19] 
[2025-09-04 07:53:19] Benchmark @train_ep   35000 (bench_eps: 4000)
[2025-09-04 07:53:19] Macro Winrate          :  38.1%
[2025-09-04 07:53:19] Macro Ø-Reward         :  1.798
[2025-09-04 07:53:19] Winrate vs max_combo   :  32.8% | Σ-Reward:  6787.0 | Ø-Reward:  1.697 | Places: [1312 (0.33), 969 (0.24), 913 (0.23), 806 (0.20)]
[2025-09-04 07:53:19] Winrate vs random2     :  35.0% | Σ-Reward:  7436.0 | Ø-Reward:  1.859 | Places: [1401 (0.35), 1174 (0.29), 885 (0.22), 540 (0.14)]
[2025-09-04 07:53:19] Winrate vs single_only :  66.2% | Σ-Reward:  9468.0 | Ø-Reward:  2.367 | Places: [2646 (0.66), 466 (0.12), 598 (0.15), 290 (0.07)]
[2025-09-04 07:53:19] Winrate vs v_table     :  18.4% | Σ-Reward:  5072.0 | Ø-Reward:  1.268 | Places: [734 (0.18), 1000 (0.25), 870 (0.22), 1396 (0.35)]
[2025-09-04 07:56:10] 
[2025-09-04 07:56:10] Benchmark @train_ep   40000 (bench_eps: 4000)
[2025-09-04 07:56:10] Macro Winrate          :  39.6%
[2025-09-04 07:56:10] Macro Ø-Reward         :  1.835
[2025-09-04 07:56:10] Winrate vs max_combo   :  34.4% | Σ-Reward:  6956.0 | Ø-Reward:  1.739 | Places: [1376 (0.34), 987 (0.25), 854 (0.21), 783 (0.20)]
[2025-09-04 07:56:10] Winrate vs random2     :  37.4% | Σ-Reward:  7650.0 | Ø-Reward:  1.913 | Places: [1496 (0.37), 1150 (0.29), 862 (0.22), 492 (0.12)]
[2025-09-04 07:56:10] Winrate vs single_only :  67.7% | Σ-Reward:  9619.0 | Ø-Reward:  2.405 | Places: [2706 (0.68), 474 (0.12), 553 (0.14), 267 (0.07)]
[2025-09-04 07:56:10] Winrate vs v_table     :  18.8% | Σ-Reward:  5130.0 | Ø-Reward:  1.282 | Places: [750 (0.19), 971 (0.24), 938 (0.23), 1341 (0.34)]
[2025-09-04 07:58:58] 
[2025-09-04 07:58:58] Benchmark @train_ep   45000 (bench_eps: 4000)
[2025-09-04 07:58:58] Macro Winrate          :  38.6%
[2025-09-04 07:58:58] Macro Ø-Reward         :  1.796
[2025-09-04 07:58:58] Winrate vs max_combo   :  32.2% | Σ-Reward:  6657.0 | Ø-Reward:  1.664 | Places: [1289 (0.32), 919 (0.23), 952 (0.24), 840 (0.21)]
[2025-09-04 07:58:58] Winrate vs random2     :  33.4% | Σ-Reward:  7286.0 | Ø-Reward:  1.821 | Places: [1337 (0.33), 1158 (0.29), 959 (0.24), 546 (0.14)]
[2025-09-04 07:58:58] Winrate vs single_only :  67.8% | Σ-Reward:  9634.0 | Ø-Reward:  2.409 | Places: [2712 (0.68), 459 (0.11), 580 (0.14), 249 (0.06)]
[2025-09-04 07:58:58] Winrate vs v_table     :  20.9% | Σ-Reward:  5164.0 | Ø-Reward:  1.291 | Places: [836 (0.21), 885 (0.22), 886 (0.22), 1393 (0.35)]
[2025-09-04 08:01:40] 
[2025-09-04 08:01:40] Benchmark @train_ep   50000 (bench_eps: 4000)
[2025-09-04 08:01:40] Macro Winrate          :  39.7%
[2025-09-04 08:01:40] Macro Ø-Reward         :  1.838
[2025-09-04 08:01:40] Winrate vs max_combo   :  34.1% | Σ-Reward:  6941.0 | Ø-Reward:  1.735 | Places: [1363 (0.34), 980 (0.24), 892 (0.22), 765 (0.19)]
[2025-09-04 08:01:40] Winrate vs random2     :  38.9% | Σ-Reward:  7745.0 | Ø-Reward:  1.936 | Places: [1554 (0.39), 1135 (0.28), 813 (0.20), 498 (0.12)]
[2025-09-04 08:01:40] Winrate vs single_only :  66.0% | Σ-Reward:  9507.0 | Ø-Reward:  2.377 | Places: [2640 (0.66), 487 (0.12), 613 (0.15), 260 (0.07)]
[2025-09-04 08:01:40] Winrate vs v_table     :  20.1% | Σ-Reward:  5222.0 | Ø-Reward:  1.306 | Places: [802 (0.20), 962 (0.24), 892 (0.22), 1344 (0.34)]
[2025-09-04 08:04:30] 
[2025-09-04 08:04:30] Benchmark @train_ep   55000 (bench_eps: 4000)
[2025-09-04 08:04:30] Macro Winrate          :  39.5%
[2025-09-04 08:04:30] Macro Ø-Reward         :  1.822
[2025-09-04 08:04:30] Winrate vs max_combo   :  33.2% | Σ-Reward:  6765.0 | Ø-Reward:  1.691 | Places: [1327 (0.33), 949 (0.24), 886 (0.22), 838 (0.21)]
[2025-09-04 08:04:30] Winrate vs random2     :  37.1% | Σ-Reward:  7633.0 | Ø-Reward:  1.908 | Places: [1486 (0.37), 1179 (0.29), 817 (0.20), 518 (0.13)]
[2025-09-04 08:04:30] Winrate vs single_only :  67.8% | Σ-Reward:  9598.0 | Ø-Reward:  2.400 | Places: [2714 (0.68), 437 (0.11), 582 (0.15), 267 (0.07)]
[2025-09-04 08:04:30] Winrate vs v_table     :  19.9% | Σ-Reward:  5153.0 | Ø-Reward:  1.288 | Places: [797 (0.20), 966 (0.24), 830 (0.21), 1407 (0.35)]
[2025-09-04 08:07:34] 
[2025-09-04 08:07:34] Benchmark @train_ep   60000 (bench_eps: 4000)
[2025-09-04 08:07:34] Macro Winrate          :  38.3%
[2025-09-04 08:07:34] Macro Ø-Reward         :  1.781
[2025-09-04 08:07:34] Winrate vs max_combo   :  32.0% | Σ-Reward:  6590.0 | Ø-Reward:  1.647 | Places: [1279 (0.32), 905 (0.23), 943 (0.24), 873 (0.22)]
[2025-09-04 08:07:34] Winrate vs random2     :  35.4% | Σ-Reward:  7493.0 | Ø-Reward:  1.873 | Places: [1417 (0.35), 1207 (0.30), 828 (0.21), 548 (0.14)]
[2025-09-04 08:07:34] Winrate vs single_only :  67.2% | Σ-Reward:  9525.0 | Ø-Reward:  2.381 | Places: [2689 (0.67), 431 (0.11), 596 (0.15), 284 (0.07)]
[2025-09-04 08:07:34] Winrate vs v_table     :  18.6% | Σ-Reward:  4891.0 | Ø-Reward:  1.223 | Places: [743 (0.19), 889 (0.22), 884 (0.22), 1484 (0.37)]
[2025-09-04 08:09:47] 
[2025-09-04 08:09:47] Benchmark @train_ep   65000 (bench_eps: 4000)
[2025-09-04 08:09:47] Macro Winrate          :  38.9%
[2025-09-04 08:09:47] Macro Ø-Reward         :  1.814
[2025-09-04 08:09:47] Winrate vs max_combo   :  34.2% | Σ-Reward:  6905.0 | Ø-Reward:  1.726 | Places: [1370 (0.34), 976 (0.24), 843 (0.21), 811 (0.20)]
[2025-09-04 08:09:47] Winrate vs random2     :  37.0% | Σ-Reward:  7595.0 | Ø-Reward:  1.899 | Places: [1481 (0.37), 1156 (0.29), 840 (0.21), 523 (0.13)]
[2025-09-04 08:09:47] Winrate vs single_only :  65.5% | Σ-Reward:  9423.0 | Ø-Reward:  2.356 | Places: [2618 (0.65), 463 (0.12), 643 (0.16), 276 (0.07)]
[2025-09-04 08:09:47] Winrate vs v_table     :  18.9% | Σ-Reward:  5098.0 | Ø-Reward:  1.274 | Places: [757 (0.19), 977 (0.24), 873 (0.22), 1393 (0.35)]
[2025-09-04 08:11:42] 
[2025-09-04 08:11:42] Benchmark @train_ep   70000 (bench_eps: 4000)
[2025-09-04 08:11:42] Macro Winrate          :  39.6%
[2025-09-04 08:11:42] Macro Ø-Reward         :  1.837
[2025-09-04 08:11:42] Winrate vs max_combo   :  33.7% | Σ-Reward:  6863.0 | Ø-Reward:  1.716 | Places: [1347 (0.34), 972 (0.24), 878 (0.22), 803 (0.20)]
[2025-09-04 08:11:42] Winrate vs random2     :  36.7% | Σ-Reward:  7592.0 | Ø-Reward:  1.898 | Places: [1468 (0.37), 1178 (0.29), 832 (0.21), 522 (0.13)]
[2025-09-04 08:11:42] Winrate vs single_only :  68.4% | Σ-Reward:  9690.0 | Ø-Reward:  2.422 | Places: [2736 (0.68), 457 (0.11), 568 (0.14), 239 (0.06)]
[2025-09-04 08:11:42] Winrate vs v_table     :  19.6% | Σ-Reward:  5252.0 | Ø-Reward:  1.313 | Places: [783 (0.20), 1030 (0.26), 843 (0.21), 1344 (0.34)]
[2025-09-04 08:13:31] 
[2025-09-04 08:13:31] Benchmark @train_ep   75000 (bench_eps: 4000)
[2025-09-04 08:13:31] Macro Winrate          :  38.5%
[2025-09-04 08:13:31] Macro Ø-Reward         :  1.807
[2025-09-04 08:13:31] Winrate vs max_combo   :  33.0% | Σ-Reward:  6773.0 | Ø-Reward:  1.693 | Places: [1321 (0.33), 965 (0.24), 880 (0.22), 834 (0.21)]
[2025-09-04 08:13:31] Winrate vs random2     :  34.8% | Σ-Reward:  7531.0 | Ø-Reward:  1.883 | Places: [1392 (0.35), 1245 (0.31), 865 (0.22), 498 (0.12)]
[2025-09-04 08:13:31] Winrate vs single_only :  67.8% | Σ-Reward:  9590.0 | Ø-Reward:  2.397 | Places: [2713 (0.68), 442 (0.11), 567 (0.14), 278 (0.07)]
[2025-09-04 08:13:31] Winrate vs v_table     :  18.3% | Σ-Reward:  5012.0 | Ø-Reward:  1.253 | Places: [733 (0.18), 986 (0.25), 841 (0.21), 1440 (0.36)]
[2025-09-04 08:15:23] 
[2025-09-04 08:15:23] Benchmark @train_ep   80000 (bench_eps: 4000)
[2025-09-04 08:15:23] Macro Winrate          :  40.0%
[2025-09-04 08:15:23] Macro Ø-Reward         :  1.831
[2025-09-04 08:15:23] Winrate vs max_combo   :  33.5% | Σ-Reward:  6888.0 | Ø-Reward:  1.722 | Places: [1341 (0.34), 978 (0.24), 909 (0.23), 772 (0.19)]
[2025-09-04 08:15:23] Winrate vs random2     :  38.0% | Σ-Reward:  7649.0 | Ø-Reward:  1.912 | Places: [1518 (0.38), 1127 (0.28), 841 (0.21), 514 (0.13)]
[2025-09-04 08:15:23] Winrate vs single_only :  68.4% | Σ-Reward:  9579.0 | Ø-Reward:  2.395 | Places: [2735 (0.68), 418 (0.10), 538 (0.13), 309 (0.08)]
[2025-09-04 08:15:23] Winrate vs v_table     :  20.1% | Σ-Reward:  5188.0 | Ø-Reward:  1.297 | Places: [802 (0.20), 970 (0.24), 842 (0.21), 1386 (0.35)]
[2025-09-04 08:17:14] 
[2025-09-04 08:17:14] Benchmark @train_ep   85000 (bench_eps: 4000)
[2025-09-04 08:17:14] Macro Winrate          :  39.4%
[2025-09-04 08:17:14] Macro Ø-Reward         :  1.825
[2025-09-04 08:17:14] Winrate vs max_combo   :  34.1% | Σ-Reward:  6952.0 | Ø-Reward:  1.738 | Places: [1366 (0.34), 1000 (0.25), 854 (0.21), 780 (0.20)]
[2025-09-04 08:17:14] Winrate vs random2     :  38.2% | Σ-Reward:  7649.0 | Ø-Reward:  1.912 | Places: [1529 (0.38), 1112 (0.28), 838 (0.21), 521 (0.13)]
[2025-09-04 08:17:14] Winrate vs single_only :  66.2% | Σ-Reward:  9512.0 | Ø-Reward:  2.378 | Places: [2648 (0.66), 470 (0.12), 628 (0.16), 254 (0.06)]
[2025-09-04 08:17:14] Winrate vs v_table     :  19.1% | Σ-Reward:  5094.0 | Ø-Reward:  1.274 | Places: [764 (0.19), 962 (0.24), 878 (0.22), 1396 (0.35)]
[2025-09-04 08:19:08] 
[2025-09-04 08:19:08] Benchmark @train_ep   90000 (bench_eps: 4000)
[2025-09-04 08:19:08] Macro Winrate          :  38.1%
[2025-09-04 08:19:08] Macro Ø-Reward         :  1.800
[2025-09-04 08:19:08] Winrate vs max_combo   :  32.0% | Σ-Reward:  6756.0 | Ø-Reward:  1.689 | Places: [1279 (0.32), 987 (0.25), 945 (0.24), 789 (0.20)]
[2025-09-04 08:19:08] Winrate vs random2     :  35.4% | Σ-Reward:  7463.0 | Ø-Reward:  1.866 | Places: [1415 (0.35), 1171 (0.29), 876 (0.22), 538 (0.13)]
[2025-09-04 08:19:08] Winrate vs single_only :  67.1% | Σ-Reward:  9605.0 | Ø-Reward:  2.401 | Places: [2685 (0.67), 472 (0.12), 606 (0.15), 237 (0.06)]
[2025-09-04 08:19:08] Winrate vs v_table     :  18.1% | Σ-Reward:  4984.0 | Ø-Reward:  1.246 | Places: [724 (0.18), 932 (0.23), 948 (0.24), 1396 (0.35)]
[2025-09-04 08:21:04] 
[2025-09-04 08:21:04] Benchmark @train_ep   95000 (bench_eps: 4000)
[2025-09-04 08:21:04] Macro Winrate          :  38.2%
[2025-09-04 08:21:04] Macro Ø-Reward         :  1.789
[2025-09-04 08:21:04] Winrate vs max_combo   :  30.7% | Σ-Reward:  6606.0 | Ø-Reward:  1.651 | Places: [1228 (0.31), 1016 (0.25), 890 (0.22), 866 (0.22)]
[2025-09-04 08:21:04] Winrate vs random2     :  37.5% | Σ-Reward:  7566.0 | Ø-Reward:  1.891 | Places: [1501 (0.38), 1101 (0.28), 861 (0.22), 537 (0.13)]
[2025-09-04 08:21:04] Winrate vs single_only :  66.3% | Σ-Reward:  9485.0 | Ø-Reward:  2.371 | Places: [2652 (0.66), 472 (0.12), 585 (0.15), 291 (0.07)]
[2025-09-04 08:21:04] Winrate vs v_table     :  18.2% | Σ-Reward:  4964.0 | Ø-Reward:  1.241 | Places: [729 (0.18), 936 (0.23), 905 (0.23), 1430 (0.36)]
[2025-09-04 08:22:56] 
[2025-09-04 08:22:56] Benchmark @train_ep  100000 (bench_eps: 4000)
[2025-09-04 08:22:56] Macro Winrate          :  39.1%
[2025-09-04 08:22:56] Macro Ø-Reward         :  1.806
[2025-09-04 08:22:56] Winrate vs max_combo   :  32.7% | Σ-Reward:  6723.0 | Ø-Reward:  1.681 | Places: [1307 (0.33), 955 (0.24), 892 (0.22), 846 (0.21)]
[2025-09-04 08:22:56] Winrate vs random2     :  37.2% | Σ-Reward:  7560.0 | Ø-Reward:  1.890 | Places: [1489 (0.37), 1108 (0.28), 877 (0.22), 526 (0.13)]
[2025-09-04 08:22:56] Winrate vs single_only :  67.6% | Σ-Reward:  9591.0 | Ø-Reward:  2.398 | Places: [2704 (0.68), 464 (0.12), 551 (0.14), 281 (0.07)]
[2025-09-04 08:22:56] Winrate vs v_table     :  19.0% | Σ-Reward:  5028.0 | Ø-Reward:  1.257 | Places: [761 (0.19), 946 (0.24), 853 (0.21), 1440 (0.36)]
[2025-09-04 08:22:57] Opponent-Usage gespeichert: /home/wasterix/OpenSpiel/open_spiel/President/models/k1a2/model_06/plots/opponent_usage.csv
[2025-09-04 08:22:57] 
[2025-09-04 08:22:57] Gesamtzeit: 0.78h (~ 35.54 eps/s)
[2025-09-04 08:22:57] k1a2, Single Agent vs Population. Training abgeschlossen.
[2025-09-04 08:22:57] Path: /home/wasterix/OpenSpiel/open_spiel/President/models/k1a2/model_06
