[2025-08-23 23:34:17] New Training (k3a1): Snapshot-Selfplay PPO
[2025-08-23 23:34:17] Deck_Size: 16
[2025-08-23 23:34:17] Episodes: 500000
[2025-08-23 23:34:17] Path: /home/wasterix/OpenSpiel/open_spiel/President/models/k3a1/model_16
[2025-08-23 23:35:53] 
[2025-08-23 23:35:53] Benchmark @train_ep    5000 (bench_eps: 2000)
[2025-08-23 23:35:53] Macro Winrate          :  41.5%
[2025-08-23 23:35:53] Macro Ø-Reward         :  1.882
[2025-08-23 23:35:53] Winrate vs max_combo   :  31.1% | Σ-Reward:  3292.0 | Ø-Reward:  1.646 | Places: [623 (0.31), 492 (0.25), 439 (0.22), 446 (0.22)]
[2025-08-23 23:35:53] Winrate vs random2     :  33.5% | Σ-Reward:  3602.0 | Ø-Reward:  1.801 | Places: [670 (0.34), 569 (0.28), 454 (0.23), 307 (0.15)]
[2025-08-23 23:35:53] Winrate vs single_only :  60.0% | Σ-Reward:  4399.0 | Ø-Reward:  2.200 | Places: [1199 (0.60), 227 (0.11), 348 (0.17), 226 (0.11)]
[2025-08-23 23:35:58] Timing @ep 5000: episode 19.4s | train 0.003s | eval 15.0s | plot 4.3s | save 0.003s | cum 0.03h
[2025-08-23 23:37:31] 
[2025-08-23 23:37:31] Benchmark @train_ep   10000 (bench_eps: 2000)
[2025-08-23 23:37:31] Macro Winrate          :  40.0%
[2025-08-23 23:37:31] Macro Ø-Reward         :  1.866
[2025-08-23 23:37:31] Winrate vs max_combo   :  30.9% | Σ-Reward:  3241.0 | Ø-Reward:  1.621 | Places: [618 (0.31), 472 (0.24), 443 (0.22), 467 (0.23)]
[2025-08-23 23:37:31] Winrate vs random2     :  33.4% | Σ-Reward:  3665.0 | Ø-Reward:  1.833 | Places: [667 (0.33), 608 (0.30), 448 (0.22), 277 (0.14)]
[2025-08-23 23:37:31] Winrate vs single_only :  55.9% | Σ-Reward:  4287.0 | Ø-Reward:  2.143 | Places: [1117 (0.56), 293 (0.15), 350 (0.17), 240 (0.12)]
[2025-08-23 23:37:38] Timing @ep 10000: episode 20.4s | train 0.004s | eval 13.4s | plot 7.0s | save 0.002s | cum 0.06h
[2025-08-23 23:39:07] 
[2025-08-23 23:39:07] Benchmark @train_ep   15000 (bench_eps: 2000)
[2025-08-23 23:39:07] Macro Winrate          :  38.3%
[2025-08-23 23:39:07] Macro Ø-Reward         :  1.840
[2025-08-23 23:39:07] Winrate vs max_combo   :  31.1% | Σ-Reward:  3302.0 | Ø-Reward:  1.651 | Places: [622 (0.31), 498 (0.25), 440 (0.22), 440 (0.22)]
[2025-08-23 23:39:07] Winrate vs random2     :  32.6% | Σ-Reward:  3630.0 | Ø-Reward:  1.815 | Places: [653 (0.33), 605 (0.30), 461 (0.23), 281 (0.14)]
[2025-08-23 23:39:07] Winrate vs single_only :  51.2% | Σ-Reward:  4109.0 | Ø-Reward:  2.054 | Places: [1024 (0.51), 311 (0.16), 415 (0.21), 250 (0.12)]
[2025-08-23 23:39:16] Timing @ep 15000: episode 24.0s | train 0.003s | eval 15.0s | plot 9.0s | save 0.002s | cum 0.08h
[2025-08-23 23:40:47] 
[2025-08-23 23:40:47] Benchmark @train_ep   20000 (bench_eps: 2000)
[2025-08-23 23:40:47] Macro Winrate          :  40.5%
[2025-08-23 23:40:47] Macro Ø-Reward         :  1.889
[2025-08-23 23:40:47] Winrate vs max_combo   :  31.1% | Σ-Reward:  3344.0 | Ø-Reward:  1.672 | Places: [623 (0.31), 494 (0.25), 487 (0.24), 396 (0.20)]
[2025-08-23 23:40:47] Winrate vs random2     :  35.7% | Σ-Reward:  3753.0 | Ø-Reward:  1.877 | Places: [714 (0.36), 576 (0.29), 459 (0.23), 251 (0.13)]
[2025-08-23 23:40:47] Winrate vs single_only :  54.7% | Σ-Reward:  4239.0 | Ø-Reward:  2.119 | Places: [1094 (0.55), 282 (0.14), 393 (0.20), 231 (0.12)]
[2025-08-23 23:40:58] Timing @ep 20000: episode 28.9s | train 0.003s | eval 17.7s | plot 11.1s | save 0.002s | cum 0.11h
[2025-08-23 23:43:23] 
[2025-08-23 23:43:23] Benchmark @train_ep   25000 (bench_eps: 2000)
[2025-08-23 23:43:23] Macro Winrate          :  41.3%
[2025-08-23 23:43:23] Macro Ø-Reward         :  1.871
[2025-08-23 23:43:23] Winrate vs max_combo   :  32.8% | Σ-Reward:  3310.0 | Ø-Reward:  1.655 | Places: [656 (0.33), 465 (0.23), 412 (0.21), 467 (0.23)]
[2025-08-23 23:43:23] Winrate vs random2     :  36.5% | Σ-Reward:  3694.0 | Ø-Reward:  1.847 | Places: [731 (0.37), 537 (0.27), 427 (0.21), 305 (0.15)]
[2025-08-23 23:43:23] Winrate vs single_only :  54.6% | Σ-Reward:  4225.0 | Ø-Reward:  2.112 | Places: [1092 (0.55), 296 (0.15), 357 (0.18), 255 (0.13)]
[2025-08-23 23:43:35] Timing @ep 25000: episode 31.0s | train 0.005s | eval 18.9s | plot 12.1s | save 0.002s | cum 0.15h
[2025-08-23 23:45:03] 
[2025-08-23 23:45:03] Benchmark @train_ep   30000 (bench_eps: 2000)
[2025-08-23 23:45:03] Macro Winrate          :  41.7%
[2025-08-23 23:45:03] Macro Ø-Reward         :  1.883
[2025-08-23 23:45:03] Winrate vs max_combo   :  31.8% | Σ-Reward:  3327.0 | Ø-Reward:  1.663 | Places: [636 (0.32), 481 (0.24), 457 (0.23), 426 (0.21)]
[2025-08-23 23:45:03] Winrate vs random2     :  35.8% | Σ-Reward:  3713.0 | Ø-Reward:  1.857 | Places: [715 (0.36), 542 (0.27), 484 (0.24), 259 (0.13)]
[2025-08-23 23:45:03] Winrate vs single_only :  57.6% | Σ-Reward:  4259.0 | Ø-Reward:  2.130 | Places: [1153 (0.58), 217 (0.11), 366 (0.18), 264 (0.13)]
[2025-08-23 23:45:16] Timing @ep 30000: episode 26.7s | train 0.003s | eval 13.5s | plot 13.1s | save 0.002s | cum 0.18h
[2025-08-23 23:46:48] 
[2025-08-23 23:46:48] Benchmark @train_ep   35000 (bench_eps: 2000)
[2025-08-23 23:46:48] Macro Winrate          :  40.9%
[2025-08-23 23:46:48] Macro Ø-Reward         :  1.885
[2025-08-23 23:46:48] Winrate vs max_combo   :  30.6% | Σ-Reward:  3275.0 | Ø-Reward:  1.637 | Places: [613 (0.31), 488 (0.24), 460 (0.23), 439 (0.22)]
[2025-08-23 23:46:48] Winrate vs random2     :  35.7% | Σ-Reward:  3750.0 | Ø-Reward:  1.875 | Places: [714 (0.36), 580 (0.29), 448 (0.22), 258 (0.13)]
[2025-08-23 23:46:48] Winrate vs single_only :  56.2% | Σ-Reward:  4282.0 | Ø-Reward:  2.141 | Places: [1125 (0.56), 275 (0.14), 357 (0.18), 243 (0.12)]
[2025-08-23 23:47:02] Timing @ep 35000: episode 29.5s | train 0.003s | eval 16.1s | plot 13.4s | save 0.002s | cum 0.21h
[2025-08-23 23:48:26] 
[2025-08-23 23:48:26] Benchmark @train_ep   40000 (bench_eps: 2000)
[2025-08-23 23:48:26] Macro Winrate          :  40.9%
[2025-08-23 23:48:26] Macro Ø-Reward         :  1.889
[2025-08-23 23:48:26] Winrate vs max_combo   :  30.4% | Σ-Reward:  3287.0 | Ø-Reward:  1.643 | Places: [609 (0.30), 498 (0.25), 464 (0.23), 429 (0.21)]
[2025-08-23 23:48:26] Winrate vs random2     :  35.1% | Σ-Reward:  3722.0 | Ø-Reward:  1.861 | Places: [703 (0.35), 568 (0.28), 477 (0.24), 252 (0.13)]
[2025-08-23 23:48:26] Winrate vs single_only :  57.1% | Σ-Reward:  4324.0 | Ø-Reward:  2.162 | Places: [1142 (0.57), 281 (0.14), 336 (0.17), 241 (0.12)]
[2025-08-23 23:48:42] Timing @ep 40000: episode 29.0s | train 0.003s | eval 13.6s | plot 15.3s | save 0.002s | cum 0.24h
[2025-08-23 23:50:08] 
[2025-08-23 23:50:08] Benchmark @train_ep   45000 (bench_eps: 2000)
[2025-08-23 23:50:08] Macro Winrate          :  42.3%
[2025-08-23 23:50:08] Macro Ø-Reward         :  1.929
[2025-08-23 23:50:08] Winrate vs max_combo   :  31.6% | Σ-Reward:  3339.0 | Ø-Reward:  1.669 | Places: [631 (0.32), 476 (0.24), 494 (0.25), 399 (0.20)]
[2025-08-23 23:50:08] Winrate vs random2     :  38.0% | Σ-Reward:  3878.0 | Ø-Reward:  1.939 | Places: [761 (0.38), 586 (0.29), 423 (0.21), 230 (0.12)]
[2025-08-23 23:50:08] Winrate vs single_only :  57.2% | Σ-Reward:  4357.0 | Ø-Reward:  2.179 | Places: [1144 (0.57), 278 (0.14), 369 (0.18), 209 (0.10)]
[2025-08-23 23:50:23] Timing @ep 45000: episode 29.7s | train 0.004s | eval 14.6s | plot 15.1s | save 0.002s | cum 0.27h
[2025-08-23 23:51:50] 
[2025-08-23 23:51:50] Benchmark @train_ep   50000 (bench_eps: 2000)
[2025-08-23 23:51:50] Macro Winrate          :  43.5%
[2025-08-23 23:51:50] Macro Ø-Reward         :  1.947
[2025-08-23 23:51:50] Winrate vs max_combo   :  33.4% | Σ-Reward:  3422.0 | Ø-Reward:  1.711 | Places: [668 (0.33), 492 (0.25), 434 (0.22), 406 (0.20)]
[2025-08-23 23:51:50] Winrate vs random2     :  35.7% | Σ-Reward:  3737.0 | Ø-Reward:  1.869 | Places: [714 (0.36), 576 (0.29), 443 (0.22), 267 (0.13)]
[2025-08-23 23:51:50] Winrate vs single_only :  61.4% | Σ-Reward:  4523.0 | Ø-Reward:  2.261 | Places: [1228 (0.61), 250 (0.12), 339 (0.17), 183 (0.09)]
[2025-08-23 23:52:07] Timing @ep 50000: episode 30.6s | train 0.003s | eval 13.4s | plot 17.2s | save 0.002s | cum 0.30h
[2025-08-23 23:53:35] 
[2025-08-23 23:53:35] Benchmark @train_ep   55000 (bench_eps: 2000)
[2025-08-23 23:53:35] Macro Winrate          :  42.1%
[2025-08-23 23:53:35] Macro Ø-Reward         :  1.902
[2025-08-23 23:53:35] Winrate vs max_combo   :  32.5% | Σ-Reward:  3375.0 | Ø-Reward:  1.688 | Places: [651 (0.33), 468 (0.23), 486 (0.24), 395 (0.20)]
[2025-08-23 23:53:35] Winrate vs random2     :  35.1% | Σ-Reward:  3666.0 | Ø-Reward:  1.833 | Places: [703 (0.35), 545 (0.27), 467 (0.23), 285 (0.14)]
[2025-08-23 23:53:35] Winrate vs single_only :  58.6% | Σ-Reward:  4374.0 | Ø-Reward:  2.187 | Places: [1172 (0.59), 255 (0.13), 348 (0.17), 225 (0.11)]
[2025-08-23 23:53:51] Timing @ep 55000: episode 31.3s | train 0.003s | eval 15.4s | plot 15.9s | save 0.002s | cum 0.33h
[2025-08-23 23:55:14] 
[2025-08-23 23:55:14] Benchmark @train_ep   60000 (bench_eps: 2000)
[2025-08-23 23:55:14] Macro Winrate          :  42.1%
[2025-08-23 23:55:14] Macro Ø-Reward         :  1.897
[2025-08-23 23:55:14] Winrate vs max_combo   :  32.5% | Σ-Reward:  3370.0 | Ø-Reward:  1.685 | Places: [651 (0.33), 491 (0.25), 435 (0.22), 423 (0.21)]
[2025-08-23 23:55:14] Winrate vs random2     :  36.1% | Σ-Reward:  3684.0 | Ø-Reward:  1.842 | Places: [722 (0.36), 515 (0.26), 488 (0.24), 275 (0.14)]
[2025-08-23 23:55:14] Winrate vs single_only :  57.6% | Σ-Reward:  4330.0 | Ø-Reward:  2.165 | Places: [1152 (0.58), 236 (0.12), 402 (0.20), 210 (0.10)]
[2025-08-23 23:55:34] Timing @ep 60000: episode 31.8s | train 0.003s | eval 12.6s | plot 19.1s | save 0.002s | cum 0.35h
[2025-08-23 23:56:52] 
[2025-08-23 23:56:52] Benchmark @train_ep   65000 (bench_eps: 2000)
[2025-08-23 23:56:52] Macro Winrate          :  42.6%
[2025-08-23 23:56:52] Macro Ø-Reward         :  1.925
[2025-08-23 23:56:52] Winrate vs max_combo   :  33.5% | Σ-Reward:  3420.0 | Ø-Reward:  1.710 | Places: [669 (0.33), 484 (0.24), 445 (0.22), 402 (0.20)]
[2025-08-23 23:56:52] Winrate vs random2     :  37.0% | Σ-Reward:  3783.0 | Ø-Reward:  1.891 | Places: [739 (0.37), 559 (0.28), 448 (0.22), 254 (0.13)]
[2025-08-23 23:56:52] Winrate vs single_only :  57.2% | Σ-Reward:  4347.0 | Ø-Reward:  2.174 | Places: [1145 (0.57), 272 (0.14), 368 (0.18), 215 (0.11)]
[2025-08-23 23:57:08] Timing @ep 65000: episode 26.6s | train 0.003s | eval 10.9s | plot 15.7s | save 0.002s | cum 0.38h
[2025-08-23 23:58:14] 
[2025-08-23 23:58:14] Benchmark @train_ep   70000 (bench_eps: 2000)
[2025-08-23 23:58:14] Macro Winrate          :  43.3%
[2025-08-23 23:58:14] Macro Ø-Reward         :  1.944
[2025-08-23 23:58:14] Winrate vs max_combo   :  32.1% | Σ-Reward:  3432.0 | Ø-Reward:  1.716 | Places: [643 (0.32), 517 (0.26), 469 (0.23), 371 (0.19)]
[2025-08-23 23:58:14] Winrate vs random2     :  38.2% | Σ-Reward:  3807.0 | Ø-Reward:  1.903 | Places: [765 (0.38), 525 (0.26), 462 (0.23), 248 (0.12)]
[2025-08-23 23:58:14] Winrate vs single_only :  59.5% | Σ-Reward:  4424.0 | Ø-Reward:  2.212 | Places: [1190 (0.59), 247 (0.12), 360 (0.18), 203 (0.10)]
[2025-08-23 23:58:30] Timing @ep 70000: episode 26.9s | train 0.002s | eval 11.4s | plot 15.4s | save 0.002s | cum 0.40h
[2025-08-23 23:59:37] 
[2025-08-23 23:59:37] Benchmark @train_ep   75000 (bench_eps: 2000)
[2025-08-23 23:59:37] Macro Winrate          :  42.0%
[2025-08-23 23:59:37] Macro Ø-Reward         :  1.898
[2025-08-23 23:59:37] Winrate vs max_combo   :  34.4% | Σ-Reward:  3428.0 | Ø-Reward:  1.714 | Places: [687 (0.34), 452 (0.23), 463 (0.23), 398 (0.20)]
[2025-08-23 23:59:37] Winrate vs random2     :  36.5% | Σ-Reward:  3722.0 | Ø-Reward:  1.861 | Places: [729 (0.36), 527 (0.26), 481 (0.24), 263 (0.13)]
[2025-08-23 23:59:37] Winrate vs single_only :  55.3% | Σ-Reward:  4237.0 | Ø-Reward:  2.119 | Places: [1106 (0.55), 265 (0.13), 389 (0.19), 240 (0.12)]
[2025-08-23 23:59:54] Timing @ep 75000: episode 28.5s | train 0.003s | eval 11.4s | plot 17.1s | save 0.002s | cum 0.43h
[2025-08-24 00:00:59] 
[2025-08-24 00:00:59] Benchmark @train_ep   80000 (bench_eps: 2000)
[2025-08-24 00:00:59] Macro Winrate          :  43.5%
[2025-08-24 00:00:59] Macro Ø-Reward         :  1.921
[2025-08-24 00:00:59] Winrate vs max_combo   :  33.8% | Σ-Reward:  3373.0 | Ø-Reward:  1.687 | Places: [675 (0.34), 454 (0.23), 440 (0.22), 431 (0.22)]
[2025-08-24 00:00:59] Winrate vs random2     :  38.2% | Σ-Reward:  3718.0 | Ø-Reward:  1.859 | Places: [765 (0.38), 470 (0.23), 483 (0.24), 282 (0.14)]
[2025-08-24 00:00:59] Winrate vs single_only :  58.5% | Σ-Reward:  4436.0 | Ø-Reward:  2.218 | Places: [1171 (0.59), 294 (0.15), 335 (0.17), 200 (0.10)]
[2025-08-24 00:01:16] Timing @ep 80000: episode 27.3s | train 0.003s | eval 11.0s | plot 16.3s | save 0.001s | cum 0.45h
[2025-08-24 00:02:23] 
[2025-08-24 00:02:23] Benchmark @train_ep   85000 (bench_eps: 2000)
[2025-08-24 00:02:23] Macro Winrate          :  43.8%
[2025-08-24 00:02:23] Macro Ø-Reward         :  1.925
[2025-08-24 00:02:23] Winrate vs max_combo   :  34.6% | Σ-Reward:  3452.0 | Ø-Reward:  1.726 | Places: [692 (0.35), 445 (0.22), 486 (0.24), 377 (0.19)]
[2025-08-24 00:02:23] Winrate vs random2     :  35.5% | Σ-Reward:  3678.0 | Ø-Reward:  1.839 | Places: [710 (0.35), 523 (0.26), 502 (0.25), 265 (0.13)]
[2025-08-24 00:02:23] Winrate vs single_only :  61.3% | Σ-Reward:  4421.0 | Ø-Reward:  2.211 | Places: [1226 (0.61), 204 (0.10), 335 (0.17), 235 (0.12)]
[2025-08-24 00:02:39] Timing @ep 85000: episode 27.0s | train 0.002s | eval 10.9s | plot 16.1s | save 0.001s | cum 0.47h
[2025-08-24 00:03:46] 
[2025-08-24 00:03:46] Benchmark @train_ep   90000 (bench_eps: 2000)
[2025-08-24 00:03:46] Macro Winrate          :  44.7%
[2025-08-24 00:03:46] Macro Ø-Reward         :  1.969
[2025-08-24 00:03:46] Winrate vs max_combo   :  32.9% | Σ-Reward:  3438.0 | Ø-Reward:  1.719 | Places: [658 (0.33), 500 (0.25), 464 (0.23), 378 (0.19)]
[2025-08-24 00:03:46] Winrate vs random2     :  38.1% | Σ-Reward:  3776.0 | Ø-Reward:  1.888 | Places: [762 (0.38), 516 (0.26), 458 (0.23), 264 (0.13)]
[2025-08-24 00:03:46] Winrate vs single_only :  63.1% | Σ-Reward:  4600.0 | Ø-Reward:  2.300 | Places: [1262 (0.63), 244 (0.12), 326 (0.16), 168 (0.08)]
[2025-08-24 00:04:03] Timing @ep 90000: episode 28.0s | train 0.002s | eval 11.0s | plot 17.0s | save 0.001s | cum 0.50h
[2025-08-24 00:05:10] 
[2025-08-24 00:05:10] Benchmark @train_ep   95000 (bench_eps: 2000)
[2025-08-24 00:05:10] Macro Winrate          :  43.0%
[2025-08-24 00:05:10] Macro Ø-Reward         :  1.923
[2025-08-24 00:05:10] Winrate vs max_combo   :  32.6% | Σ-Reward:  3399.0 | Ø-Reward:  1.700 | Places: [653 (0.33), 485 (0.24), 470 (0.23), 392 (0.20)]
[2025-08-24 00:05:10] Winrate vs random2     :  35.1% | Σ-Reward:  3700.0 | Ø-Reward:  1.850 | Places: [702 (0.35), 576 (0.29), 442 (0.22), 280 (0.14)]
[2025-08-24 00:05:10] Winrate vs single_only :  61.3% | Σ-Reward:  4440.0 | Ø-Reward:  2.220 | Places: [1226 (0.61), 201 (0.10), 360 (0.18), 213 (0.11)]
[2025-08-24 00:05:27] Timing @ep 95000: episode 28.0s | train 0.002s | eval 11.4s | plot 16.6s | save 0.002s | cum 0.52h
[2025-08-24 00:06:33] 
[2025-08-24 00:06:33] Benchmark @train_ep  100000 (bench_eps: 2000)
[2025-08-24 00:06:33] Macro Winrate          :  42.5%
[2025-08-24 00:06:33] Macro Ø-Reward         :  1.933
[2025-08-24 00:06:33] Winrate vs max_combo   :  32.7% | Σ-Reward:  3395.0 | Ø-Reward:  1.698 | Places: [654 (0.33), 481 (0.24), 471 (0.24), 394 (0.20)]
[2025-08-24 00:06:33] Winrate vs random2     :  37.2% | Σ-Reward:  3801.0 | Ø-Reward:  1.901 | Places: [744 (0.37), 563 (0.28), 443 (0.22), 250 (0.12)]
[2025-08-24 00:06:33] Winrate vs single_only :  57.6% | Σ-Reward:  4400.0 | Ø-Reward:  2.200 | Places: [1153 (0.58), 290 (0.14), 361 (0.18), 196 (0.10)]
[2025-08-24 00:06:51] Timing @ep 100000: episode 29.7s | train 0.002s | eval 11.2s | plot 18.5s | save 0.002s | cum 0.54h
[2025-08-24 00:07:58] 
[2025-08-24 00:07:58] Benchmark @train_ep  105000 (bench_eps: 2000)
[2025-08-24 00:07:58] Macro Winrate          :  44.2%
[2025-08-24 00:07:58] Macro Ø-Reward         :  1.943
[2025-08-24 00:07:58] Winrate vs max_combo   :  33.4% | Σ-Reward:  3432.0 | Ø-Reward:  1.716 | Places: [668 (0.33), 484 (0.24), 460 (0.23), 388 (0.19)]
[2025-08-24 00:07:58] Winrate vs random2     :  38.0% | Σ-Reward:  3768.0 | Ø-Reward:  1.884 | Places: [761 (0.38), 521 (0.26), 443 (0.22), 275 (0.14)]
[2025-08-24 00:07:58] Winrate vs single_only :  61.1% | Σ-Reward:  4456.0 | Ø-Reward:  2.228 | Places: [1222 (0.61), 236 (0.12), 318 (0.16), 224 (0.11)]
[2025-08-24 00:08:17] Timing @ep 105000: episode 29.8s | train 0.002s | eval 10.9s | plot 18.8s | save 0.001s | cum 0.57h
[2025-08-24 00:09:22] 
[2025-08-24 00:09:22] Benchmark @train_ep  110000 (bench_eps: 2000)
[2025-08-24 00:09:22] Macro Winrate          :  44.5%
[2025-08-24 00:09:22] Macro Ø-Reward         :  1.970
[2025-08-24 00:09:22] Winrate vs max_combo   :  34.0% | Σ-Reward:  3424.0 | Ø-Reward:  1.712 | Places: [679 (0.34), 468 (0.23), 451 (0.23), 402 (0.20)]
[2025-08-24 00:09:22] Winrate vs random2     :  39.0% | Σ-Reward:  3906.0 | Ø-Reward:  1.953 | Places: [779 (0.39), 562 (0.28), 445 (0.22), 214 (0.11)]
[2025-08-24 00:09:22] Winrate vs single_only :  60.7% | Σ-Reward:  4492.0 | Ø-Reward:  2.246 | Places: [1214 (0.61), 243 (0.12), 364 (0.18), 179 (0.09)]
[2025-08-24 00:09:40] Timing @ep 110000: episode 28.4s | train 0.002s | eval 10.8s | plot 17.6s | save 0.001s | cum 0.59h
[2025-08-24 00:10:47] 
[2025-08-24 00:10:47] Benchmark @train_ep  115000 (bench_eps: 2000)
[2025-08-24 00:10:47] Macro Winrate          :  42.1%
[2025-08-24 00:10:47] Macro Ø-Reward         :  1.897
[2025-08-24 00:10:47] Winrate vs max_combo   :  32.7% | Σ-Reward:  3354.0 | Ø-Reward:  1.677 | Places: [654 (0.33), 471 (0.24), 450 (0.23), 425 (0.21)]
[2025-08-24 00:10:47] Winrate vs random2     :  36.5% | Σ-Reward:  3737.0 | Ø-Reward:  1.869 | Places: [730 (0.36), 548 (0.27), 451 (0.23), 271 (0.14)]
[2025-08-24 00:10:47] Winrate vs single_only :  57.2% | Σ-Reward:  4288.0 | Ø-Reward:  2.144 | Places: [1145 (0.57), 226 (0.11), 401 (0.20), 228 (0.11)]
[2025-08-24 00:11:05] Timing @ep 115000: episode 29.2s | train 0.003s | eval 11.1s | plot 18.1s | save 0.001s | cum 0.61h
[2025-08-24 00:12:12] 
[2025-08-24 00:12:12] Benchmark @train_ep  120000 (bench_eps: 2000)
[2025-08-24 00:12:12] Macro Winrate          :  45.9%
[2025-08-24 00:12:12] Macro Ø-Reward         :  1.999
[2025-08-24 00:12:12] Winrate vs max_combo   :  36.2% | Σ-Reward:  3573.0 | Ø-Reward:  1.786 | Places: [725 (0.36), 484 (0.24), 430 (0.21), 361 (0.18)]
[2025-08-24 00:12:12] Winrate vs random2     :  39.1% | Σ-Reward:  3876.0 | Ø-Reward:  1.938 | Places: [782 (0.39), 561 (0.28), 408 (0.20), 249 (0.12)]
[2025-08-24 00:12:12] Winrate vs single_only :  62.2% | Σ-Reward:  4544.0 | Ø-Reward:  2.272 | Places: [1244 (0.62), 247 (0.12), 318 (0.16), 191 (0.10)]
[2025-08-24 00:12:30] Timing @ep 120000: episode 29.6s | train 0.002s | eval 10.9s | plot 18.7s | save 0.001s | cum 0.64h
[2025-08-24 00:13:37] 
[2025-08-24 00:13:37] Benchmark @train_ep  125000 (bench_eps: 2000)
[2025-08-24 00:13:37] Macro Winrate          :  44.1%
[2025-08-24 00:13:37] Macro Ø-Reward         :  1.953
[2025-08-24 00:13:37] Winrate vs max_combo   :  34.2% | Σ-Reward:  3423.0 | Ø-Reward:  1.712 | Places: [685 (0.34), 462 (0.23), 444 (0.22), 409 (0.20)]
[2025-08-24 00:13:37] Winrate vs random2     :  37.1% | Σ-Reward:  3789.0 | Ø-Reward:  1.895 | Places: [743 (0.37), 551 (0.28), 458 (0.23), 248 (0.12)]
[2025-08-24 00:13:37] Winrate vs single_only :  61.0% | Σ-Reward:  4507.0 | Ø-Reward:  2.253 | Places: [1221 (0.61), 264 (0.13), 316 (0.16), 199 (0.10)]
[2025-08-24 00:13:56] Timing @ep 125000: episode 30.2s | train 0.003s | eval 11.6s | plot 18.6s | save 0.001s | cum 0.66h
[2025-08-24 00:15:03] 
[2025-08-24 00:15:03] Benchmark @train_ep  130000 (bench_eps: 2000)
[2025-08-24 00:15:03] Macro Winrate          :  45.1%
[2025-08-24 00:15:03] Macro Ø-Reward         :  1.939
[2025-08-24 00:15:03] Winrate vs max_combo   :  34.8% | Σ-Reward:  3464.0 | Ø-Reward:  1.732 | Places: [695 (0.35), 474 (0.24), 431 (0.22), 400 (0.20)]
[2025-08-24 00:15:03] Winrate vs random2     :  38.2% | Σ-Reward:  3679.0 | Ø-Reward:  1.839 | Places: [764 (0.38), 461 (0.23), 465 (0.23), 310 (0.15)]
[2025-08-24 00:15:03] Winrate vs single_only :  62.2% | Σ-Reward:  4489.0 | Ø-Reward:  2.244 | Places: [1244 (0.62), 223 (0.11), 311 (0.16), 222 (0.11)]
[2025-08-24 00:15:22] Timing @ep 130000: episode 30.4s | train 0.002s | eval 11.0s | plot 19.3s | save 0.001s | cum 0.68h
[2025-08-24 00:16:28] 
[2025-08-24 00:16:28] Benchmark @train_ep  135000 (bench_eps: 2000)
[2025-08-24 00:16:28] Macro Winrate          :  42.2%
[2025-08-24 00:16:28] Macro Ø-Reward         :  1.880
[2025-08-24 00:16:28] Winrate vs max_combo   :  34.0% | Σ-Reward:  3370.0 | Ø-Reward:  1.685 | Places: [680 (0.34), 435 (0.22), 460 (0.23), 425 (0.21)]
[2025-08-24 00:16:28] Winrate vs random2     :  36.2% | Σ-Reward:  3653.0 | Ø-Reward:  1.827 | Places: [724 (0.36), 490 (0.24), 501 (0.25), 285 (0.14)]
[2025-08-24 00:16:28] Winrate vs single_only :  56.5% | Σ-Reward:  4255.0 | Ø-Reward:  2.127 | Places: [1131 (0.57), 239 (0.12), 384 (0.19), 246 (0.12)]
[2025-08-24 00:16:47] Timing @ep 135000: episode 29.6s | train 0.002s | eval 10.8s | plot 18.8s | save 0.001s | cum 0.71h
[2025-08-24 00:17:54] 
[2025-08-24 00:17:54] Benchmark @train_ep  140000 (bench_eps: 2000)
[2025-08-24 00:17:54] Macro Winrate          :  43.4%
[2025-08-24 00:17:54] Macro Ø-Reward         :  1.923
[2025-08-24 00:17:54] Winrate vs max_combo   :  33.0% | Σ-Reward:  3353.0 | Ø-Reward:  1.677 | Places: [661 (0.33), 453 (0.23), 464 (0.23), 422 (0.21)]
[2025-08-24 00:17:54] Winrate vs random2     :  37.9% | Σ-Reward:  3788.0 | Ø-Reward:  1.894 | Places: [757 (0.38), 529 (0.26), 459 (0.23), 255 (0.13)]
[2025-08-24 00:17:54] Winrate vs single_only :  59.5% | Σ-Reward:  4399.0 | Ø-Reward:  2.200 | Places: [1189 (0.59), 235 (0.12), 362 (0.18), 214 (0.11)]
[2025-08-24 00:18:13] Timing @ep 140000: episode 30.1s | train 0.002s | eval 11.0s | plot 19.1s | save 0.001s | cum 0.73h
[2025-08-24 00:19:19] 
[2025-08-24 00:19:19] Benchmark @train_ep  145000 (bench_eps: 2000)
[2025-08-24 00:19:19] Macro Winrate          :  43.5%
[2025-08-24 00:19:19] Macro Ø-Reward         :  1.933
[2025-08-24 00:19:19] Winrate vs max_combo   :  32.8% | Σ-Reward:  3406.0 | Ø-Reward:  1.703 | Places: [656 (0.33), 479 (0.24), 480 (0.24), 385 (0.19)]
[2025-08-24 00:19:19] Winrate vs random2     :  38.6% | Σ-Reward:  3794.0 | Ø-Reward:  1.897 | Places: [773 (0.39), 521 (0.26), 433 (0.22), 273 (0.14)]
[2025-08-24 00:19:19] Winrate vs single_only :  59.1% | Σ-Reward:  4398.0 | Ø-Reward:  2.199 | Places: [1183 (0.59), 242 (0.12), 365 (0.18), 210 (0.10)]
[2025-08-24 00:19:39] Timing @ep 145000: episode 30.7s | train 0.002s | eval 11.3s | plot 19.3s | save 0.001s | cum 0.76h
[2025-08-24 00:20:44] 
[2025-08-24 00:20:44] Benchmark @train_ep  150000 (bench_eps: 2000)
[2025-08-24 00:20:44] Macro Winrate          :  45.4%
[2025-08-24 00:20:44] Macro Ø-Reward         :  1.975
[2025-08-24 00:20:44] Winrate vs max_combo   :  34.9% | Σ-Reward:  3461.0 | Ø-Reward:  1.730 | Places: [698 (0.35), 445 (0.22), 477 (0.24), 380 (0.19)]
[2025-08-24 00:20:44] Winrate vs random2     :  37.2% | Σ-Reward:  3774.0 | Ø-Reward:  1.887 | Places: [744 (0.37), 556 (0.28), 430 (0.21), 270 (0.14)]
[2025-08-24 00:20:44] Winrate vs single_only :  64.0% | Σ-Reward:  4617.0 | Ø-Reward:  2.308 | Places: [1279 (0.64), 242 (0.12), 296 (0.15), 183 (0.09)]
[2025-08-24 00:21:05] Timing @ep 150000: episode 31.5s | train 0.002s | eval 11.0s | plot 20.6s | save 0.002s | cum 0.78h
[2025-08-24 00:22:11] 
[2025-08-24 00:22:11] Benchmark @train_ep  155000 (bench_eps: 2000)
[2025-08-24 00:22:11] Macro Winrate          :  42.1%
[2025-08-24 00:22:11] Macro Ø-Reward         :  1.912
[2025-08-24 00:22:11] Winrate vs max_combo   :  34.1% | Σ-Reward:  3429.0 | Ø-Reward:  1.714 | Places: [683 (0.34), 461 (0.23), 458 (0.23), 398 (0.20)]
[2025-08-24 00:22:11] Winrate vs random2     :  34.9% | Σ-Reward:  3710.0 | Ø-Reward:  1.855 | Places: [697 (0.35), 558 (0.28), 503 (0.25), 242 (0.12)]
[2025-08-24 00:22:11] Winrate vs single_only :  57.1% | Σ-Reward:  4332.0 | Ø-Reward:  2.166 | Places: [1143 (0.57), 269 (0.13), 365 (0.18), 223 (0.11)]
[2025-08-24 00:22:30] Timing @ep 155000: episode 31.0s | train 0.003s | eval 11.4s | plot 19.6s | save 0.001s | cum 0.80h
[2025-08-24 00:23:36] 
[2025-08-24 00:23:36] Benchmark @train_ep  160000 (bench_eps: 2000)
[2025-08-24 00:23:36] Macro Winrate          :  44.9%
[2025-08-24 00:23:36] Macro Ø-Reward         :  1.969
[2025-08-24 00:23:36] Winrate vs max_combo   :  34.7% | Σ-Reward:  3512.0 | Ø-Reward:  1.756 | Places: [694 (0.35), 505 (0.25), 420 (0.21), 381 (0.19)]
[2025-08-24 00:23:36] Winrate vs random2     :  38.4% | Σ-Reward:  3827.0 | Ø-Reward:  1.913 | Places: [767 (0.38), 536 (0.27), 454 (0.23), 243 (0.12)]
[2025-08-24 00:23:36] Winrate vs single_only :  61.6% | Σ-Reward:  4477.0 | Ø-Reward:  2.239 | Places: [1232 (0.62), 215 (0.11), 351 (0.18), 202 (0.10)]
[2025-08-24 00:23:57] Timing @ep 160000: episode 30.8s | train 0.003s | eval 10.7s | plot 20.1s | save 0.002s | cum 0.83h
[2025-08-24 00:25:02] 
[2025-08-24 00:25:02] Benchmark @train_ep  165000 (bench_eps: 2000)
[2025-08-24 00:25:02] Macro Winrate          :  45.3%
[2025-08-24 00:25:02] Macro Ø-Reward         :  1.971
[2025-08-24 00:25:02] Winrate vs max_combo   :  35.7% | Σ-Reward:  3497.0 | Ø-Reward:  1.748 | Places: [714 (0.36), 465 (0.23), 425 (0.21), 396 (0.20)]
[2025-08-24 00:25:02] Winrate vs random2     :  37.5% | Σ-Reward:  3807.0 | Ø-Reward:  1.903 | Places: [751 (0.38), 562 (0.28), 430 (0.21), 257 (0.13)]
[2025-08-24 00:25:02] Winrate vs single_only :  62.8% | Σ-Reward:  4519.0 | Ø-Reward:  2.260 | Places: [1255 (0.63), 210 (0.10), 334 (0.17), 201 (0.10)]
[2025-08-24 00:25:22] Timing @ep 165000: episode 30.8s | train 0.003s | eval 10.6s | plot 20.2s | save 0.002s | cum 0.85h
[2025-08-24 00:26:29] 
[2025-08-24 00:26:29] Benchmark @train_ep  170000 (bench_eps: 2000)
[2025-08-24 00:26:29] Macro Winrate          :  43.9%
[2025-08-24 00:26:29] Macro Ø-Reward         :  1.941
[2025-08-24 00:26:29] Winrate vs max_combo   :  34.0% | Σ-Reward:  3429.0 | Ø-Reward:  1.714 | Places: [680 (0.34), 469 (0.23), 451 (0.23), 400 (0.20)]
[2025-08-24 00:26:29] Winrate vs random2     :  37.0% | Σ-Reward:  3792.0 | Ø-Reward:  1.896 | Places: [741 (0.37), 564 (0.28), 441 (0.22), 254 (0.13)]
[2025-08-24 00:26:29] Winrate vs single_only :  60.5% | Σ-Reward:  4428.0 | Ø-Reward:  2.214 | Places: [1211 (0.61), 241 (0.12), 313 (0.16), 235 (0.12)]
[2025-08-24 00:26:49] Timing @ep 170000: episode 31.4s | train 0.002s | eval 10.8s | plot 20.6s | save 0.001s | cum 0.88h
[2025-08-24 00:27:54] 
[2025-08-24 00:27:54] Benchmark @train_ep  175000 (bench_eps: 2000)
[2025-08-24 00:27:54] Macro Winrate          :  42.2%
[2025-08-24 00:27:54] Macro Ø-Reward         :  1.875
[2025-08-24 00:27:54] Winrate vs max_combo   :  33.0% | Σ-Reward:  3342.0 | Ø-Reward:  1.671 | Places: [659 (0.33), 447 (0.22), 471 (0.24), 423 (0.21)]
[2025-08-24 00:27:54] Winrate vs random2     :  35.8% | Σ-Reward:  3618.0 | Ø-Reward:  1.809 | Places: [716 (0.36), 503 (0.25), 464 (0.23), 317 (0.16)]
[2025-08-24 00:27:54] Winrate vs single_only :  57.8% | Σ-Reward:  4292.0 | Ø-Reward:  2.146 | Places: [1155 (0.58), 238 (0.12), 351 (0.18), 256 (0.13)]
[2025-08-24 00:28:15] Timing @ep 175000: episode 32.1s | train 0.002s | eval 11.4s | plot 20.7s | save 0.002s | cum 0.90h
[2025-08-24 00:29:22] 
[2025-08-24 00:29:22] Benchmark @train_ep  180000 (bench_eps: 2000)
[2025-08-24 00:29:22] Macro Winrate          :  41.8%
[2025-08-24 00:29:22] Macro Ø-Reward         :  1.880
[2025-08-24 00:29:22] Winrate vs max_combo   :  34.0% | Σ-Reward:  3395.0 | Ø-Reward:  1.698 | Places: [680 (0.34), 450 (0.23), 455 (0.23), 415 (0.21)]
[2025-08-24 00:29:22] Winrate vs random2     :  35.0% | Σ-Reward:  3647.0 | Ø-Reward:  1.823 | Places: [699 (0.35), 522 (0.26), 506 (0.25), 273 (0.14)]
[2025-08-24 00:29:22] Winrate vs single_only :  56.5% | Σ-Reward:  4237.0 | Ø-Reward:  2.119 | Places: [1130 (0.56), 236 (0.12), 375 (0.19), 259 (0.13)]
[2025-08-24 00:29:43] Timing @ep 180000: episode 32.4s | train 0.002s | eval 11.3s | plot 21.0s | save 0.001s | cum 0.92h
[2025-08-24 00:30:48] 
[2025-08-24 00:30:48] Benchmark @train_ep  185000 (bench_eps: 2000)
[2025-08-24 00:30:48] Macro Winrate          :  43.7%
[2025-08-24 00:30:48] Macro Ø-Reward         :  1.939
[2025-08-24 00:30:48] Winrate vs max_combo   :  33.0% | Σ-Reward:  3381.0 | Ø-Reward:  1.690 | Places: [661 (0.33), 463 (0.23), 472 (0.24), 404 (0.20)]
[2025-08-24 00:30:48] Winrate vs random2     :  37.2% | Σ-Reward:  3802.0 | Ø-Reward:  1.901 | Places: [745 (0.37), 560 (0.28), 447 (0.22), 248 (0.12)]
[2025-08-24 00:30:48] Winrate vs single_only :  60.9% | Σ-Reward:  4450.0 | Ø-Reward:  2.225 | Places: [1218 (0.61), 227 (0.11), 342 (0.17), 213 (0.11)]
[2025-08-24 00:31:09] Timing @ep 185000: episode 32.2s | train 0.002s | eval 10.7s | plot 21.5s | save 0.001s | cum 0.95h
[2025-08-24 00:32:16] 
[2025-08-24 00:32:16] Benchmark @train_ep  190000 (bench_eps: 2000)
[2025-08-24 00:32:16] Macro Winrate          :  40.6%
[2025-08-24 00:32:16] Macro Ø-Reward         :  1.901
[2025-08-24 00:32:16] Winrate vs max_combo   :  32.6% | Σ-Reward:  3403.0 | Ø-Reward:  1.702 | Places: [653 (0.33), 483 (0.24), 478 (0.24), 386 (0.19)]
[2025-08-24 00:32:16] Winrate vs random2     :  32.4% | Σ-Reward:  3634.0 | Ø-Reward:  1.817 | Places: [648 (0.32), 585 (0.29), 520 (0.26), 247 (0.12)]
[2025-08-24 00:32:16] Winrate vs single_only :  56.6% | Σ-Reward:  4366.0 | Ø-Reward:  2.183 | Places: [1132 (0.57), 306 (0.15), 358 (0.18), 204 (0.10)]
[2025-08-24 00:32:37] Timing @ep 190000: episode 32.7s | train 0.002s | eval 11.4s | plot 21.3s | save 0.001s | cum 0.97h
[2025-08-24 00:33:43] 
[2025-08-24 00:33:43] Benchmark @train_ep  195000 (bench_eps: 2000)
[2025-08-24 00:33:43] Macro Winrate          :  43.9%
[2025-08-24 00:33:43] Macro Ø-Reward         :  1.918
[2025-08-24 00:33:43] Winrate vs max_combo   :  33.3% | Σ-Reward:  3338.0 | Ø-Reward:  1.669 | Places: [666 (0.33), 444 (0.22), 452 (0.23), 438 (0.22)]
[2025-08-24 00:33:43] Winrate vs random2     :  40.0% | Σ-Reward:  3827.0 | Ø-Reward:  1.913 | Places: [800 (0.40), 490 (0.24), 447 (0.22), 263 (0.13)]
[2025-08-24 00:33:43] Winrate vs single_only :  58.2% | Σ-Reward:  4345.0 | Ø-Reward:  2.172 | Places: [1165 (0.58), 247 (0.12), 356 (0.18), 232 (0.12)]
[2025-08-24 00:34:04] Timing @ep 195000: episode 32.9s | train 0.004s | eval 11.3s | plot 21.6s | save 0.001s | cum 1.00h
[2025-08-24 00:35:10] 
[2025-08-24 00:35:10] Benchmark @train_ep  200000 (bench_eps: 2000)
[2025-08-24 00:35:10] Macro Winrate          :  43.8%
[2025-08-24 00:35:10] Macro Ø-Reward         :  1.889
[2025-08-24 00:35:10] Winrate vs max_combo   :  34.6% | Σ-Reward:  3365.0 | Ø-Reward:  1.683 | Places: [692 (0.35), 402 (0.20), 485 (0.24), 421 (0.21)]
[2025-08-24 00:35:10] Winrate vs random2     :  37.5% | Σ-Reward:  3659.0 | Ø-Reward:  1.829 | Places: [751 (0.38), 470 (0.23), 466 (0.23), 313 (0.16)]
[2025-08-24 00:35:10] Winrate vs single_only :  59.3% | Σ-Reward:  4309.0 | Ø-Reward:  2.155 | Places: [1186 (0.59), 202 (0.10), 347 (0.17), 265 (0.13)]
[2025-08-24 00:35:32] Timing @ep 200000: episode 32.8s | train 0.003s | eval 10.9s | plot 21.9s | save 0.001s | cum 1.02h
[2025-08-24 00:36:37] 
[2025-08-24 00:36:37] Benchmark @train_ep  205000 (bench_eps: 2000)
[2025-08-24 00:36:37] Macro Winrate          :  45.5%
[2025-08-24 00:36:37] Macro Ø-Reward         :  1.961
[2025-08-24 00:36:37] Winrate vs max_combo   :  34.8% | Σ-Reward:  3466.0 | Ø-Reward:  1.733 | Places: [695 (0.35), 467 (0.23), 447 (0.22), 391 (0.20)]
[2025-08-24 00:36:37] Winrate vs random2     :  38.5% | Σ-Reward:  3795.0 | Ø-Reward:  1.897 | Places: [771 (0.39), 511 (0.26), 460 (0.23), 258 (0.13)]
[2025-08-24 00:36:37] Winrate vs single_only :  63.2% | Σ-Reward:  4503.0 | Ø-Reward:  2.252 | Places: [1265 (0.63), 189 (0.09), 330 (0.17), 216 (0.11)]
[2025-08-24 00:36:59] Timing @ep 205000: episode 32.9s | train 0.003s | eval 11.2s | plot 21.7s | save 0.002s | cum 1.04h
[2025-08-24 00:38:05] 
[2025-08-24 00:38:05] Benchmark @train_ep  210000 (bench_eps: 2000)
[2025-08-24 00:38:05] Macro Winrate          :  43.0%
[2025-08-24 00:38:05] Macro Ø-Reward         :  1.907
[2025-08-24 00:38:05] Winrate vs max_combo   :  34.0% | Σ-Reward:  3369.0 | Ø-Reward:  1.685 | Places: [680 (0.34), 443 (0.22), 443 (0.22), 434 (0.22)]
[2025-08-24 00:38:05] Winrate vs random2     :  38.5% | Σ-Reward:  3807.0 | Ø-Reward:  1.903 | Places: [771 (0.39), 540 (0.27), 414 (0.21), 275 (0.14)]
[2025-08-24 00:38:05] Winrate vs single_only :  56.5% | Σ-Reward:  4269.0 | Ø-Reward:  2.135 | Places: [1131 (0.57), 257 (0.13), 362 (0.18), 250 (0.12)]
[2025-08-24 00:38:27] Timing @ep 210000: episode 33.7s | train 0.002s | eval 11.3s | plot 22.4s | save 0.001s | cum 1.07h
[2025-08-24 00:39:32] 
[2025-08-24 00:39:32] Benchmark @train_ep  215000 (bench_eps: 2000)
[2025-08-24 00:39:32] Macro Winrate          :  44.6%
[2025-08-24 00:39:32] Macro Ø-Reward         :  1.940
[2025-08-24 00:39:32] Winrate vs max_combo   :  34.2% | Σ-Reward:  3433.0 | Ø-Reward:  1.716 | Places: [684 (0.34), 468 (0.23), 445 (0.22), 403 (0.20)]
[2025-08-24 00:39:32] Winrate vs random2     :  38.5% | Σ-Reward:  3774.0 | Ø-Reward:  1.887 | Places: [771 (0.39), 512 (0.26), 437 (0.22), 280 (0.14)]
[2025-08-24 00:39:32] Winrate vs single_only :  61.1% | Σ-Reward:  4432.0 | Ø-Reward:  2.216 | Places: [1223 (0.61), 204 (0.10), 355 (0.18), 218 (0.11)]
[2025-08-24 00:39:55] Timing @ep 215000: episode 33.6s | train 0.003s | eval 11.1s | plot 22.5s | save 0.002s | cum 1.09h
[2025-08-24 00:41:01] 
[2025-08-24 00:41:01] Benchmark @train_ep  220000 (bench_eps: 2000)
[2025-08-24 00:41:01] Macro Winrate          :  44.2%
[2025-08-24 00:41:01] Macro Ø-Reward         :  1.877
[2025-08-24 00:41:01] Winrate vs max_combo   :  34.2% | Σ-Reward:  3320.0 | Ø-Reward:  1.660 | Places: [685 (0.34), 394 (0.20), 477 (0.24), 444 (0.22)]
[2025-08-24 00:41:01] Winrate vs random2     :  37.5% | Σ-Reward:  3610.0 | Ø-Reward:  1.805 | Places: [749 (0.37), 439 (0.22), 485 (0.24), 327 (0.16)]
[2025-08-24 00:41:01] Winrate vs single_only :  60.9% | Σ-Reward:  4334.0 | Ø-Reward:  2.167 | Places: [1218 (0.61), 171 (0.09), 338 (0.17), 273 (0.14)]
[2025-08-24 00:41:23] Timing @ep 220000: episode 33.4s | train 0.002s | eval 10.8s | plot 22.6s | save 0.003s | cum 1.12h
[2025-08-24 00:42:29] 
[2025-08-24 00:42:29] Benchmark @train_ep  225000 (bench_eps: 2000)
[2025-08-24 00:42:29] Macro Winrate          :  43.9%
[2025-08-24 00:42:29] Macro Ø-Reward         :  1.937
[2025-08-24 00:42:29] Winrate vs max_combo   :  34.1% | Σ-Reward:  3432.0 | Ø-Reward:  1.716 | Places: [682 (0.34), 459 (0.23), 468 (0.23), 391 (0.20)]
[2025-08-24 00:42:29] Winrate vs random2     :  39.0% | Σ-Reward:  3821.0 | Ø-Reward:  1.911 | Places: [779 (0.39), 498 (0.25), 488 (0.24), 235 (0.12)]
[2025-08-24 00:42:29] Winrate vs single_only :  58.5% | Σ-Reward:  4368.0 | Ø-Reward:  2.184 | Places: [1171 (0.59), 241 (0.12), 373 (0.19), 215 (0.11)]
[2025-08-24 00:42:52] Timing @ep 225000: episode 33.9s | train 0.002s | eval 10.9s | plot 23.0s | save 0.001s | cum 1.14h
[2025-08-24 00:43:57] 
[2025-08-24 00:43:57] Benchmark @train_ep  230000 (bench_eps: 2000)
[2025-08-24 00:43:57] Macro Winrate          :  42.9%
[2025-08-24 00:43:57] Macro Ø-Reward         :  1.912
[2025-08-24 00:43:57] Winrate vs max_combo   :  32.0% | Σ-Reward:  3329.0 | Ø-Reward:  1.665 | Places: [641 (0.32), 470 (0.23), 466 (0.23), 423 (0.21)]
[2025-08-24 00:43:57] Winrate vs random2     :  36.4% | Σ-Reward:  3749.0 | Ø-Reward:  1.875 | Places: [728 (0.36), 541 (0.27), 483 (0.24), 248 (0.12)]
[2025-08-24 00:43:57] Winrate vs single_only :  60.1% | Σ-Reward:  4392.0 | Ø-Reward:  2.196 | Places: [1202 (0.60), 210 (0.10), 366 (0.18), 222 (0.11)]
[2025-08-24 00:44:20] Timing @ep 230000: episode 33.7s | train 0.003s | eval 10.6s | plot 23.1s | save 0.001s | cum 1.17h
[2025-08-24 00:45:25] 
[2025-08-24 00:45:25] Benchmark @train_ep  235000 (bench_eps: 2000)
[2025-08-24 00:45:25] Macro Winrate          :  44.7%
[2025-08-24 00:45:25] Macro Ø-Reward         :  1.965
[2025-08-24 00:45:25] Winrate vs max_combo   :  35.5% | Σ-Reward:  3513.0 | Ø-Reward:  1.756 | Places: [709 (0.35), 479 (0.24), 428 (0.21), 384 (0.19)]
[2025-08-24 00:45:25] Winrate vs random2     :  38.1% | Σ-Reward:  3805.0 | Ø-Reward:  1.903 | Places: [763 (0.38), 540 (0.27), 436 (0.22), 261 (0.13)]
[2025-08-24 00:45:25] Winrate vs single_only :  60.4% | Σ-Reward:  4472.0 | Ø-Reward:  2.236 | Places: [1208 (0.60), 243 (0.12), 362 (0.18), 187 (0.09)]
[2025-08-24 00:45:49] Timing @ep 235000: episode 34.2s | train 0.002s | eval 11.1s | plot 23.1s | save 0.001s | cum 1.19h
[2025-08-24 00:46:55] 
[2025-08-24 00:46:55] Benchmark @train_ep  240000 (bench_eps: 2000)
[2025-08-24 00:46:55] Macro Winrate          :  43.8%
[2025-08-24 00:46:55] Macro Ø-Reward         :  1.939
[2025-08-24 00:46:55] Winrate vs max_combo   :  35.0% | Σ-Reward:  3435.0 | Ø-Reward:  1.718 | Places: [700 (0.35), 445 (0.22), 445 (0.22), 410 (0.20)]
[2025-08-24 00:46:55] Winrate vs random2     :  37.0% | Σ-Reward:  3760.0 | Ø-Reward:  1.880 | Places: [739 (0.37), 533 (0.27), 477 (0.24), 251 (0.13)]
[2025-08-24 00:46:55] Winrate vs single_only :  59.4% | Σ-Reward:  4436.0 | Ø-Reward:  2.218 | Places: [1187 (0.59), 258 (0.13), 359 (0.18), 196 (0.10)]
[2025-08-24 00:47:18] Timing @ep 240000: episode 34.1s | train 0.002s | eval 11.0s | plot 23.1s | save 0.002s | cum 1.22h
[2025-08-24 00:48:24] 
[2025-08-24 00:48:24] Benchmark @train_ep  245000 (bench_eps: 2000)
[2025-08-24 00:48:24] Macro Winrate          :  42.7%
[2025-08-24 00:48:24] Macro Ø-Reward         :  1.915
[2025-08-24 00:48:24] Winrate vs max_combo   :  32.4% | Σ-Reward:  3344.0 | Ø-Reward:  1.672 | Places: [648 (0.32), 481 (0.24), 438 (0.22), 433 (0.22)]
[2025-08-24 00:48:24] Winrate vs random2     :  37.2% | Σ-Reward:  3802.0 | Ø-Reward:  1.901 | Places: [744 (0.37), 544 (0.27), 482 (0.24), 230 (0.12)]
[2025-08-24 00:48:24] Winrate vs single_only :  58.4% | Σ-Reward:  4342.0 | Ø-Reward:  2.171 | Places: [1168 (0.58), 229 (0.11), 380 (0.19), 223 (0.11)]
[2025-08-24 00:48:48] Timing @ep 245000: episode 35.1s | train 0.002s | eval 11.3s | plot 23.8s | save 0.002s | cum 1.24h
[2025-08-24 00:49:54] 
[2025-08-24 00:49:54] Benchmark @train_ep  250000 (bench_eps: 2000)
[2025-08-24 00:49:54] Macro Winrate          :  42.8%
[2025-08-24 00:49:54] Macro Ø-Reward         :  1.881
[2025-08-24 00:49:54] Winrate vs max_combo   :  33.0% | Σ-Reward:  3291.0 | Ø-Reward:  1.645 | Places: [659 (0.33), 424 (0.21), 466 (0.23), 451 (0.23)]
[2025-08-24 00:49:54] Winrate vs random2     :  36.9% | Σ-Reward:  3688.0 | Ø-Reward:  1.844 | Places: [737 (0.37), 491 (0.25), 495 (0.25), 277 (0.14)]
[2025-08-24 00:49:54] Winrate vs single_only :  58.6% | Σ-Reward:  4310.0 | Ø-Reward:  2.155 | Places: [1172 (0.59), 208 (0.10), 378 (0.19), 242 (0.12)]
[2025-08-24 00:50:17] Timing @ep 250000: episode 34.8s | train 0.002s | eval 11.0s | plot 23.8s | save 0.002s | cum 1.27h
[2025-08-24 00:51:22] 
[2025-08-24 00:51:22] Benchmark @train_ep  255000 (bench_eps: 2000)
[2025-08-24 00:51:22] Macro Winrate          :  45.2%
[2025-08-24 00:51:22] Macro Ø-Reward         :  1.968
[2025-08-24 00:51:22] Winrate vs max_combo   :  35.5% | Σ-Reward:  3492.0 | Ø-Reward:  1.746 | Places: [711 (0.36), 454 (0.23), 451 (0.23), 384 (0.19)]
[2025-08-24 00:51:22] Winrate vs random2     :  38.6% | Σ-Reward:  3819.0 | Ø-Reward:  1.909 | Places: [772 (0.39), 537 (0.27), 429 (0.21), 262 (0.13)]
[2025-08-24 00:51:22] Winrate vs single_only :  61.5% | Σ-Reward:  4495.0 | Ø-Reward:  2.248 | Places: [1231 (0.62), 239 (0.12), 324 (0.16), 206 (0.10)]
[2025-08-24 00:51:46] Timing @ep 255000: episode 35.5s | train 0.003s | eval 11.1s | plot 24.4s | save 0.001s | cum 1.29h
[2025-08-24 00:52:51] 
[2025-08-24 00:52:51] Benchmark @train_ep  260000 (bench_eps: 2000)
[2025-08-24 00:52:51] Macro Winrate          :  44.5%
[2025-08-24 00:52:51] Macro Ø-Reward         :  1.914
[2025-08-24 00:52:51] Winrate vs max_combo   :  34.1% | Σ-Reward:  3310.0 | Ø-Reward:  1.655 | Places: [682 (0.34), 399 (0.20), 466 (0.23), 453 (0.23)]
[2025-08-24 00:52:51] Winrate vs random2     :  39.0% | Σ-Reward:  3794.0 | Ø-Reward:  1.897 | Places: [779 (0.39), 515 (0.26), 427 (0.21), 279 (0.14)]
[2025-08-24 00:52:51] Winrate vs single_only :  60.5% | Σ-Reward:  4382.0 | Ø-Reward:  2.191 | Places: [1209 (0.60), 215 (0.11), 325 (0.16), 251 (0.13)]
[2025-08-24 00:53:16] Timing @ep 260000: episode 35.1s | train 0.002s | eval 10.8s | plot 24.3s | save 0.002s | cum 1.32h
[2025-08-24 00:54:22] 
[2025-08-24 00:54:22] Benchmark @train_ep  265000 (bench_eps: 2000)
[2025-08-24 00:54:22] Macro Winrate          :  43.8%
[2025-08-24 00:54:22] Macro Ø-Reward         :  1.893
[2025-08-24 00:54:22] Winrate vs max_combo   :  33.8% | Σ-Reward:  3305.0 | Ø-Reward:  1.653 | Places: [675 (0.34), 430 (0.21), 420 (0.21), 475 (0.24)]
[2025-08-24 00:54:22] Winrate vs random2     :  37.9% | Σ-Reward:  3708.0 | Ø-Reward:  1.854 | Places: [758 (0.38), 491 (0.25), 452 (0.23), 299 (0.15)]
[2025-08-24 00:54:22] Winrate vs single_only :  59.6% | Σ-Reward:  4345.0 | Ø-Reward:  2.172 | Places: [1193 (0.60), 207 (0.10), 352 (0.18), 248 (0.12)]
[2025-08-24 00:54:47] Timing @ep 265000: episode 36.1s | train 0.003s | eval 11.4s | plot 24.7s | save 0.001s | cum 1.34h
[2025-08-24 00:55:52] 
[2025-08-24 00:55:52] Benchmark @train_ep  270000 (bench_eps: 2000)
[2025-08-24 00:55:52] Macro Winrate          :  42.1%
[2025-08-24 00:55:52] Macro Ø-Reward         :  1.885
[2025-08-24 00:55:52] Winrate vs max_combo   :  32.6% | Σ-Reward:  3328.0 | Ø-Reward:  1.664 | Places: [653 (0.33), 459 (0.23), 451 (0.23), 437 (0.22)]
[2025-08-24 00:55:52] Winrate vs random2     :  35.0% | Σ-Reward:  3661.0 | Ø-Reward:  1.831 | Places: [700 (0.35), 548 (0.27), 465 (0.23), 287 (0.14)]
[2025-08-24 00:55:52] Winrate vs single_only :  58.8% | Σ-Reward:  4319.0 | Ø-Reward:  2.159 | Places: [1175 (0.59), 214 (0.11), 366 (0.18), 245 (0.12)]
[2025-08-24 00:56:17] Timing @ep 270000: episode 36.1s | train 0.002s | eval 11.2s | plot 24.9s | save 0.002s | cum 1.37h
[2025-08-24 00:57:23] 
[2025-08-24 00:57:23] Benchmark @train_ep  275000 (bench_eps: 2000)
[2025-08-24 00:57:23] Macro Winrate          :  43.8%
[2025-08-24 00:57:23] Macro Ø-Reward         :  1.942
[2025-08-24 00:57:23] Winrate vs max_combo   :  33.5% | Σ-Reward:  3433.0 | Ø-Reward:  1.716 | Places: [669 (0.33), 481 (0.24), 464 (0.23), 386 (0.19)]
[2025-08-24 00:57:23] Winrate vs random2     :  36.8% | Σ-Reward:  3749.0 | Ø-Reward:  1.875 | Places: [736 (0.37), 541 (0.27), 459 (0.23), 264 (0.13)]
[2025-08-24 00:57:23] Winrate vs single_only :  61.2% | Σ-Reward:  4469.0 | Ø-Reward:  2.235 | Places: [1225 (0.61), 234 (0.12), 326 (0.16), 215 (0.11)]
[2025-08-24 00:57:48] Timing @ep 275000: episode 36.4s | train 0.003s | eval 11.1s | plot 25.2s | save 0.002s | cum 1.39h
[2025-08-24 00:58:53] 
[2025-08-24 00:58:53] Benchmark @train_ep  280000 (bench_eps: 2000)
[2025-08-24 00:58:53] Macro Winrate          :  43.9%
[2025-08-24 00:58:53] Macro Ø-Reward         :  1.927
[2025-08-24 00:58:53] Winrate vs max_combo   :  35.0% | Σ-Reward:  3400.0 | Ø-Reward:  1.700 | Places: [700 (0.35), 427 (0.21), 446 (0.22), 427 (0.21)]
[2025-08-24 00:58:53] Winrate vs random2     :  36.6% | Σ-Reward:  3737.0 | Ø-Reward:  1.869 | Places: [732 (0.37), 531 (0.27), 479 (0.24), 258 (0.13)]
[2025-08-24 00:58:53] Winrate vs single_only :  60.2% | Σ-Reward:  4428.0 | Ø-Reward:  2.214 | Places: [1204 (0.60), 223 (0.11), 370 (0.18), 203 (0.10)]
[2025-08-24 00:59:18] Timing @ep 280000: episode 36.3s | train 0.002s | eval 11.1s | plot 25.2s | save 0.002s | cum 1.42h
[2025-08-24 01:00:23] 
[2025-08-24 01:00:23] Benchmark @train_ep  285000 (bench_eps: 2000)
[2025-08-24 01:00:23] Macro Winrate          :  45.1%
[2025-08-24 01:00:23] Macro Ø-Reward         :  1.931
[2025-08-24 01:00:23] Winrate vs max_combo   :  35.4% | Σ-Reward:  3402.0 | Ø-Reward:  1.701 | Places: [707 (0.35), 426 (0.21), 429 (0.21), 438 (0.22)]
[2025-08-24 01:00:23] Winrate vs random2     :  37.6% | Σ-Reward:  3747.0 | Ø-Reward:  1.873 | Places: [753 (0.38), 521 (0.26), 446 (0.22), 280 (0.14)]
[2025-08-24 01:00:23] Winrate vs single_only :  62.4% | Σ-Reward:  4436.0 | Ø-Reward:  2.218 | Places: [1247 (0.62), 177 (0.09), 341 (0.17), 235 (0.12)]
[2025-08-24 01:00:48] Timing @ep 285000: episode 36.9s | train 0.003s | eval 11.2s | plot 25.7s | save 0.001s | cum 1.44h
[2025-08-24 01:01:56] 
[2025-08-24 01:01:56] Benchmark @train_ep  290000 (bench_eps: 2000)
[2025-08-24 01:01:56] Macro Winrate          :  44.1%
[2025-08-24 01:01:56] Macro Ø-Reward         :  1.909
[2025-08-24 01:01:56] Winrate vs max_combo   :  34.9% | Σ-Reward:  3421.0 | Ø-Reward:  1.710 | Places: [697 (0.35), 452 (0.23), 426 (0.21), 425 (0.21)]
[2025-08-24 01:01:56] Winrate vs random2     :  35.8% | Σ-Reward:  3631.0 | Ø-Reward:  1.815 | Places: [715 (0.36), 488 (0.24), 510 (0.26), 287 (0.14)]
[2025-08-24 01:01:56] Winrate vs single_only :  61.9% | Σ-Reward:  4401.0 | Ø-Reward:  2.200 | Places: [1237 (0.62), 187 (0.09), 316 (0.16), 260 (0.13)]
[2025-08-24 01:02:22] Timing @ep 290000: episode 37.2s | train 0.004s | eval 11.6s | plot 25.6s | save 0.001s | cum 1.47h
[2025-08-24 01:03:28] 
[2025-08-24 01:03:28] Benchmark @train_ep  295000 (bench_eps: 2000)
[2025-08-24 01:03:28] Macro Winrate          :  43.5%
[2025-08-24 01:03:28] Macro Ø-Reward         :  1.900
[2025-08-24 01:03:28] Winrate vs max_combo   :  35.9% | Σ-Reward:  3404.0 | Ø-Reward:  1.702 | Places: [717 (0.36), 402 (0.20), 449 (0.22), 432 (0.22)]
[2025-08-24 01:03:28] Winrate vs random2     :  36.5% | Σ-Reward:  3693.0 | Ø-Reward:  1.847 | Places: [731 (0.37), 503 (0.25), 494 (0.25), 272 (0.14)]
[2025-08-24 01:03:28] Winrate vs single_only :  58.2% | Σ-Reward:  4304.0 | Ø-Reward:  2.152 | Places: [1164 (0.58), 206 (0.10), 400 (0.20), 230 (0.12)]
[2025-08-24 01:03:54] Timing @ep 295000: episode 37.3s | train 0.002s | eval 11.1s | plot 26.2s | save 0.001s | cum 1.49h
[2025-08-24 01:05:01] 
[2025-08-24 01:05:01] Benchmark @train_ep  300000 (bench_eps: 2000)
[2025-08-24 01:05:01] Macro Winrate          :  42.1%
[2025-08-24 01:05:01] Macro Ø-Reward         :  1.912
[2025-08-24 01:05:01] Winrate vs max_combo   :  32.5% | Σ-Reward:  3390.0 | Ø-Reward:  1.695 | Places: [651 (0.33), 491 (0.25), 455 (0.23), 403 (0.20)]
[2025-08-24 01:05:01] Winrate vs random2     :  35.6% | Σ-Reward:  3694.0 | Ø-Reward:  1.847 | Places: [712 (0.36), 541 (0.27), 476 (0.24), 271 (0.14)]
[2025-08-24 01:05:01] Winrate vs single_only :  58.3% | Σ-Reward:  4387.0 | Ø-Reward:  2.193 | Places: [1166 (0.58), 278 (0.14), 333 (0.17), 223 (0.11)]
[2025-08-24 01:05:27] Timing @ep 300000: episode 38.0s | train 0.003s | eval 11.5s | plot 26.5s | save 0.001s | cum 1.52h
[2025-08-24 01:06:34] 
[2025-08-24 01:06:34] Benchmark @train_ep  305000 (bench_eps: 2000)
[2025-08-24 01:06:34] Macro Winrate          :  42.5%
[2025-08-24 01:06:34] Macro Ø-Reward         :  1.872
[2025-08-24 01:06:34] Winrate vs max_combo   :  34.9% | Σ-Reward:  3382.0 | Ø-Reward:  1.691 | Places: [697 (0.35), 421 (0.21), 449 (0.22), 433 (0.22)]
[2025-08-24 01:06:34] Winrate vs random2     :  36.5% | Σ-Reward:  3646.0 | Ø-Reward:  1.823 | Places: [730 (0.36), 495 (0.25), 466 (0.23), 309 (0.15)]
[2025-08-24 01:06:34] Winrate vs single_only :  56.2% | Σ-Reward:  4203.0 | Ø-Reward:  2.102 | Places: [1124 (0.56), 226 (0.11), 379 (0.19), 271 (0.14)]
[2025-08-24 01:07:00] Timing @ep 305000: episode 38.0s | train 0.003s | eval 11.3s | plot 26.6s | save 0.002s | cum 1.55h
[2025-08-24 01:08:05] 
[2025-08-24 01:08:05] Benchmark @train_ep  310000 (bench_eps: 2000)
[2025-08-24 01:08:05] Macro Winrate          :  45.0%
[2025-08-24 01:08:05] Macro Ø-Reward         :  1.954
[2025-08-24 01:08:05] Winrate vs max_combo   :  33.2% | Σ-Reward:  3375.0 | Ø-Reward:  1.688 | Places: [664 (0.33), 465 (0.23), 453 (0.23), 418 (0.21)]
[2025-08-24 01:08:05] Winrate vs random2     :  40.3% | Σ-Reward:  3901.0 | Ø-Reward:  1.950 | Places: [806 (0.40), 536 (0.27), 411 (0.21), 247 (0.12)]
[2025-08-24 01:08:05] Winrate vs single_only :  61.5% | Σ-Reward:  4449.0 | Ø-Reward:  2.224 | Places: [1229 (0.61), 231 (0.12), 300 (0.15), 240 (0.12)]
[2025-08-24 01:08:33] Timing @ep 310000: episode 38.2s | train 0.002s | eval 10.7s | plot 27.5s | save 0.001s | cum 1.57h
[2025-08-24 01:09:39] 
[2025-08-24 01:09:39] Benchmark @train_ep  315000 (bench_eps: 2000)
[2025-08-24 01:09:39] Macro Winrate          :  43.0%
[2025-08-24 01:09:39] Macro Ø-Reward         :  1.928
[2025-08-24 01:09:39] Winrate vs max_combo   :  34.0% | Σ-Reward:  3418.0 | Ø-Reward:  1.709 | Places: [680 (0.34), 453 (0.23), 472 (0.24), 395 (0.20)]
[2025-08-24 01:09:39] Winrate vs random2     :  37.2% | Σ-Reward:  3754.0 | Ø-Reward:  1.877 | Places: [745 (0.37), 535 (0.27), 449 (0.22), 271 (0.14)]
[2025-08-24 01:09:39] Winrate vs single_only :  57.8% | Σ-Reward:  4396.0 | Ø-Reward:  2.198 | Places: [1156 (0.58), 284 (0.14), 360 (0.18), 200 (0.10)]
[2025-08-24 01:10:06] Timing @ep 315000: episode 38.4s | train 0.003s | eval 10.9s | plot 27.4s | save 0.002s | cum 1.60h
[2025-08-24 01:11:13] 
[2025-08-24 01:11:13] Benchmark @train_ep  320000 (bench_eps: 2000)
[2025-08-24 01:11:13] Macro Winrate          :  39.3%
[2025-08-24 01:11:13] Macro Ø-Reward         :  1.810
[2025-08-24 01:11:13] Winrate vs max_combo   :  32.3% | Σ-Reward:  3246.0 | Ø-Reward:  1.623 | Places: [646 (0.32), 430 (0.21), 448 (0.22), 476 (0.24)]
[2025-08-24 01:11:13] Winrate vs random2     :  35.1% | Σ-Reward:  3600.0 | Ø-Reward:  1.800 | Places: [703 (0.35), 524 (0.26), 443 (0.22), 330 (0.17)]
[2025-08-24 01:11:13] Winrate vs single_only :  50.4% | Σ-Reward:  4016.0 | Ø-Reward:  2.008 | Places: [1008 (0.50), 319 (0.16), 354 (0.18), 319 (0.16)]
[2025-08-24 01:11:42] Timing @ep 320000: episode 40.0s | train 0.003s | eval 11.6s | plot 28.4s | save 0.001s | cum 1.62h
[2025-08-24 01:12:49] 
[2025-08-24 01:12:49] Benchmark @train_ep  325000 (bench_eps: 2000)
[2025-08-24 01:12:49] Macro Winrate          :  43.6%
[2025-08-24 01:12:49] Macro Ø-Reward         :  1.928
[2025-08-24 01:12:49] Winrate vs max_combo   :  33.9% | Σ-Reward:  3430.0 | Ø-Reward:  1.715 | Places: [677 (0.34), 465 (0.23), 469 (0.23), 389 (0.19)]
[2025-08-24 01:12:49] Winrate vs random2     :  36.6% | Σ-Reward:  3701.0 | Ø-Reward:  1.851 | Places: [733 (0.37), 519 (0.26), 464 (0.23), 284 (0.14)]
[2025-08-24 01:12:49] Winrate vs single_only :  60.3% | Σ-Reward:  4435.0 | Ø-Reward:  2.217 | Places: [1206 (0.60), 235 (0.12), 347 (0.17), 212 (0.11)]
[2025-08-24 01:13:16] Timing @ep 325000: episode 38.5s | train 0.002s | eval 11.2s | plot 27.3s | save 0.001s | cum 1.65h
[2025-08-24 01:14:21] 
[2025-08-24 01:14:21] Benchmark @train_ep  330000 (bench_eps: 2000)
[2025-08-24 01:14:21] Macro Winrate          :  45.7%
[2025-08-24 01:14:21] Macro Ø-Reward         :  1.960
[2025-08-24 01:14:21] Winrate vs max_combo   :  36.1% | Σ-Reward:  3443.0 | Ø-Reward:  1.722 | Places: [722 (0.36), 439 (0.22), 399 (0.20), 440 (0.22)]
[2025-08-24 01:14:21] Winrate vs random2     :  39.6% | Σ-Reward:  3856.0 | Ø-Reward:  1.928 | Places: [792 (0.40), 526 (0.26), 428 (0.21), 254 (0.13)]
[2025-08-24 01:14:21] Winrate vs single_only :  61.4% | Σ-Reward:  4459.0 | Ø-Reward:  2.229 | Places: [1228 (0.61), 224 (0.11), 327 (0.16), 221 (0.11)]
[2025-08-24 01:14:49] Timing @ep 330000: episode 38.8s | train 0.002s | eval 10.9s | plot 27.9s | save 0.001s | cum 1.68h
[2025-08-24 01:15:55] 
[2025-08-24 01:15:55] Benchmark @train_ep  335000 (bench_eps: 2000)
[2025-08-24 01:15:55] Macro Winrate          :  43.7%
[2025-08-24 01:15:55] Macro Ø-Reward         :  1.894
[2025-08-24 01:15:55] Winrate vs max_combo   :  33.5% | Σ-Reward:  3327.0 | Ø-Reward:  1.663 | Places: [669 (0.33), 416 (0.21), 488 (0.24), 427 (0.21)]
[2025-08-24 01:15:55] Winrate vs random2     :  36.4% | Σ-Reward:  3655.0 | Ø-Reward:  1.827 | Places: [728 (0.36), 486 (0.24), 499 (0.25), 287 (0.14)]
[2025-08-24 01:15:55] Winrate vs single_only :  61.1% | Σ-Reward:  4382.0 | Ø-Reward:  2.191 | Places: [1222 (0.61), 183 (0.09), 350 (0.17), 245 (0.12)]
[2025-08-24 01:16:23] Timing @ep 335000: episode 39.4s | train 0.002s | eval 11.3s | plot 28.1s | save 0.002s | cum 1.70h
[2025-08-24 01:17:31] 
[2025-08-24 01:17:31] Benchmark @train_ep  340000 (bench_eps: 2000)
[2025-08-24 01:17:31] Macro Winrate          :  41.8%
[2025-08-24 01:17:31] Macro Ø-Reward         :  1.852
[2025-08-24 01:17:31] Winrate vs max_combo   :  32.4% | Σ-Reward:  3247.0 | Ø-Reward:  1.623 | Places: [647 (0.32), 419 (0.21), 468 (0.23), 466 (0.23)]
[2025-08-24 01:17:31] Winrate vs random2     :  36.0% | Σ-Reward:  3643.0 | Ø-Reward:  1.821 | Places: [720 (0.36), 492 (0.25), 499 (0.25), 289 (0.14)]
[2025-08-24 01:17:31] Winrate vs single_only :  56.9% | Σ-Reward:  4222.0 | Ø-Reward:  2.111 | Places: [1138 (0.57), 231 (0.12), 346 (0.17), 285 (0.14)]
[2025-08-24 01:17:59] Timing @ep 340000: episode 39.0s | train 0.002s | eval 11.1s | plot 27.9s | save 0.002s | cum 1.73h
[2025-08-24 01:19:05] 
[2025-08-24 01:19:05] Benchmark @train_ep  345000 (bench_eps: 2000)
[2025-08-24 01:19:05] Macro Winrate          :  44.5%
[2025-08-24 01:19:05] Macro Ø-Reward         :  1.922
[2025-08-24 01:19:05] Winrate vs max_combo   :  35.2% | Σ-Reward:  3402.0 | Ø-Reward:  1.701 | Places: [704 (0.35), 420 (0.21), 450 (0.23), 426 (0.21)]
[2025-08-24 01:19:05] Winrate vs random2     :  37.0% | Σ-Reward:  3736.0 | Ø-Reward:  1.868 | Places: [741 (0.37), 522 (0.26), 469 (0.23), 268 (0.13)]
[2025-08-24 01:19:05] Winrate vs single_only :  61.2% | Σ-Reward:  4396.0 | Ø-Reward:  2.198 | Places: [1225 (0.61), 196 (0.10), 329 (0.16), 250 (0.12)]
[2025-08-24 01:19:34] Timing @ep 345000: episode 40.0s | train 0.003s | eval 11.2s | plot 28.8s | save 0.002s | cum 1.75h
[2025-08-24 01:20:40] 
[2025-08-24 01:20:40] Benchmark @train_ep  350000 (bench_eps: 2000)
[2025-08-24 01:20:40] Macro Winrate          :  45.3%
[2025-08-24 01:20:40] Macro Ø-Reward         :  1.957
[2025-08-24 01:20:40] Winrate vs max_combo   :  35.1% | Σ-Reward:  3419.0 | Ø-Reward:  1.710 | Places: [703 (0.35), 443 (0.22), 424 (0.21), 430 (0.21)]
[2025-08-24 01:20:40] Winrate vs random2     :  37.2% | Σ-Reward:  3795.0 | Ø-Reward:  1.897 | Places: [745 (0.37), 564 (0.28), 432 (0.22), 259 (0.13)]
[2025-08-24 01:20:40] Winrate vs single_only :  63.5% | Σ-Reward:  4528.0 | Ø-Reward:  2.264 | Places: [1269 (0.63), 186 (0.09), 349 (0.17), 196 (0.10)]
[2025-08-24 01:21:08] Timing @ep 350000: episode 39.5s | train 0.003s | eval 11.1s | plot 28.4s | save 0.001s | cum 1.78h
[2025-08-24 01:22:13] 
[2025-08-24 01:22:13] Benchmark @train_ep  355000 (bench_eps: 2000)
[2025-08-24 01:22:13] Macro Winrate          :  44.5%
[2025-08-24 01:22:13] Macro Ø-Reward         :  1.948
[2025-08-24 01:22:13] Winrate vs max_combo   :  34.0% | Σ-Reward:  3387.0 | Ø-Reward:  1.694 | Places: [679 (0.34), 448 (0.22), 454 (0.23), 419 (0.21)]
[2025-08-24 01:22:13] Winrate vs random2     :  37.5% | Σ-Reward:  3776.0 | Ø-Reward:  1.888 | Places: [751 (0.38), 535 (0.27), 453 (0.23), 261 (0.13)]
[2025-08-24 01:22:13] Winrate vs single_only :  62.0% | Σ-Reward:  4524.0 | Ø-Reward:  2.262 | Places: [1241 (0.62), 221 (0.11), 359 (0.18), 179 (0.09)]
[2025-08-24 01:22:42] Timing @ep 355000: episode 39.7s | train 0.002s | eval 10.9s | plot 28.7s | save 0.002s | cum 1.81h
[2025-08-24 01:23:48] 
[2025-08-24 01:23:48] Benchmark @train_ep  360000 (bench_eps: 2000)
[2025-08-24 01:23:48] Macro Winrate          :  43.4%
[2025-08-24 01:23:48] Macro Ø-Reward         :  1.893
[2025-08-24 01:23:48] Winrate vs max_combo   :  32.4% | Σ-Reward:  3274.0 | Ø-Reward:  1.637 | Places: [647 (0.32), 434 (0.22), 465 (0.23), 454 (0.23)]
[2025-08-24 01:23:48] Winrate vs random2     :  38.4% | Σ-Reward:  3742.0 | Ø-Reward:  1.871 | Places: [768 (0.38), 464 (0.23), 510 (0.26), 258 (0.13)]
[2025-08-24 01:23:48] Winrate vs single_only :  59.4% | Σ-Reward:  4341.0 | Ø-Reward:  2.171 | Places: [1188 (0.59), 203 (0.10), 371 (0.19), 238 (0.12)]
[2025-08-24 01:24:17] Timing @ep 360000: episode 40.5s | train 0.003s | eval 11.6s | plot 28.9s | save 0.001s | cum 1.83h
[2025-08-24 01:25:24] 
[2025-08-24 01:25:24] Benchmark @train_ep  365000 (bench_eps: 2000)
[2025-08-24 01:25:24] Macro Winrate          :  43.8%
[2025-08-24 01:25:24] Macro Ø-Reward         :  1.918
[2025-08-24 01:25:24] Winrate vs max_combo   :  33.6% | Σ-Reward:  3334.0 | Ø-Reward:  1.667 | Places: [672 (0.34), 426 (0.21), 466 (0.23), 436 (0.22)]
[2025-08-24 01:25:24] Winrate vs random2     :  36.2% | Σ-Reward:  3730.0 | Ø-Reward:  1.865 | Places: [725 (0.36), 554 (0.28), 447 (0.22), 274 (0.14)]
[2025-08-24 01:25:24] Winrate vs single_only :  61.5% | Σ-Reward:  4441.0 | Ø-Reward:  2.220 | Places: [1230 (0.61), 198 (0.10), 355 (0.18), 217 (0.11)]
[2025-08-24 01:25:53] Timing @ep 365000: episode 40.5s | train 0.002s | eval 11.2s | plot 29.2s | save 0.002s | cum 1.86h
[2025-08-24 01:27:00] 
[2025-08-24 01:27:00] Benchmark @train_ep  370000 (bench_eps: 2000)
[2025-08-24 01:27:00] Macro Winrate          :  44.8%
[2025-08-24 01:27:00] Macro Ø-Reward         :  1.941
[2025-08-24 01:27:00] Winrate vs max_combo   :  33.4% | Σ-Reward:  3375.0 | Ø-Reward:  1.688 | Places: [667 (0.33), 468 (0.23), 438 (0.22), 427 (0.21)]
[2025-08-24 01:27:00] Winrate vs random2     :  37.6% | Σ-Reward:  3747.0 | Ø-Reward:  1.873 | Places: [753 (0.38), 515 (0.26), 458 (0.23), 274 (0.14)]
[2025-08-24 01:27:00] Winrate vs single_only :  63.3% | Σ-Reward:  4521.0 | Ø-Reward:  2.260 | Places: [1266 (0.63), 197 (0.10), 329 (0.16), 208 (0.10)]
[2025-08-24 01:27:29] Timing @ep 370000: episode 40.0s | train 0.002s | eval 11.0s | plot 29.0s | save 0.002s | cum 1.89h
[2025-08-24 01:28:36] 
[2025-08-24 01:28:36] Benchmark @train_ep  375000 (bench_eps: 2000)
[2025-08-24 01:28:36] Macro Winrate          :  44.9%
[2025-08-24 01:28:36] Macro Ø-Reward         :  1.939
[2025-08-24 01:28:36] Winrate vs max_combo   :  35.2% | Σ-Reward:  3406.0 | Ø-Reward:  1.703 | Places: [705 (0.35), 433 (0.22), 425 (0.21), 437 (0.22)]
[2025-08-24 01:28:36] Winrate vs random2     :  37.5% | Σ-Reward:  3763.0 | Ø-Reward:  1.881 | Places: [750 (0.38), 536 (0.27), 441 (0.22), 273 (0.14)]
[2025-08-24 01:28:36] Winrate vs single_only :  61.9% | Σ-Reward:  4466.0 | Ø-Reward:  2.233 | Places: [1238 (0.62), 210 (0.10), 332 (0.17), 220 (0.11)]
[2025-08-24 01:29:06] Timing @ep 375000: episode 41.1s | train 0.003s | eval 11.4s | plot 29.6s | save 0.004s | cum 1.91h
[2025-08-24 01:30:11] 
[2025-08-24 01:30:11] Benchmark @train_ep  380000 (bench_eps: 2000)
[2025-08-24 01:30:11] Macro Winrate          :  44.5%
[2025-08-24 01:30:11] Macro Ø-Reward         :  1.931
[2025-08-24 01:30:11] Winrate vs max_combo   :  36.5% | Σ-Reward:  3448.0 | Ø-Reward:  1.724 | Places: [730 (0.36), 407 (0.20), 444 (0.22), 419 (0.21)]
[2025-08-24 01:30:11] Winrate vs random2     :  36.4% | Σ-Reward:  3691.0 | Ø-Reward:  1.845 | Places: [727 (0.36), 531 (0.27), 448 (0.22), 294 (0.15)]
[2025-08-24 01:30:11] Winrate vs single_only :  60.8% | Σ-Reward:  4449.0 | Ø-Reward:  2.224 | Places: [1215 (0.61), 242 (0.12), 320 (0.16), 223 (0.11)]
[2025-08-24 01:30:41] Timing @ep 380000: episode 40.6s | train 0.002s | eval 10.9s | plot 29.7s | save 0.002s | cum 1.94h
[2025-08-24 01:31:46] 
[2025-08-24 01:31:46] Benchmark @train_ep  385000 (bench_eps: 2000)
[2025-08-24 01:31:46] Macro Winrate          :  43.8%
[2025-08-24 01:31:46] Macro Ø-Reward         :  1.917
[2025-08-24 01:31:46] Winrate vs max_combo   :  34.5% | Σ-Reward:  3380.0 | Ø-Reward:  1.690 | Places: [689 (0.34), 436 (0.22), 441 (0.22), 434 (0.22)]
[2025-08-24 01:31:46] Winrate vs random2     :  38.1% | Σ-Reward:  3779.0 | Ø-Reward:  1.889 | Places: [762 (0.38), 525 (0.26), 443 (0.22), 270 (0.14)]
[2025-08-24 01:31:46] Winrate vs single_only :  58.9% | Σ-Reward:  4346.0 | Ø-Reward:  2.173 | Places: [1177 (0.59), 227 (0.11), 361 (0.18), 235 (0.12)]
[2025-08-24 01:32:16] Timing @ep 385000: episode 41.1s | train 0.003s | eval 11.5s | plot 29.6s | save 0.001s | cum 1.97h
[2025-08-24 01:33:23] 
[2025-08-24 01:33:23] Benchmark @train_ep  390000 (bench_eps: 2000)
[2025-08-24 01:33:23] Macro Winrate          :  44.3%
[2025-08-24 01:33:23] Macro Ø-Reward         :  1.921
[2025-08-24 01:33:23] Winrate vs max_combo   :  34.1% | Σ-Reward:  3355.0 | Ø-Reward:  1.677 | Places: [682 (0.34), 452 (0.23), 405 (0.20), 461 (0.23)]
[2025-08-24 01:33:23] Winrate vs random2     :  37.6% | Σ-Reward:  3750.0 | Ø-Reward:  1.875 | Places: [753 (0.38), 522 (0.26), 447 (0.22), 278 (0.14)]
[2025-08-24 01:33:23] Winrate vs single_only :  61.1% | Σ-Reward:  4421.0 | Ø-Reward:  2.211 | Places: [1223 (0.61), 224 (0.11), 304 (0.15), 249 (0.12)]
[2025-08-24 01:33:52] Timing @ep 390000: episode 41.2s | train 0.003s | eval 11.4s | plot 29.9s | save 0.001s | cum 1.99h
[2025-08-24 01:34:58] 
[2025-08-24 01:34:58] Benchmark @train_ep  395000 (bench_eps: 2000)
[2025-08-24 01:34:58] Macro Winrate          :  42.6%
[2025-08-24 01:34:58] Macro Ø-Reward         :  1.847
[2025-08-24 01:34:58] Winrate vs max_combo   :  33.0% | Σ-Reward:  3247.0 | Ø-Reward:  1.623 | Places: [661 (0.33), 392 (0.20), 480 (0.24), 467 (0.23)]
[2025-08-24 01:34:58] Winrate vs random2     :  34.5% | Σ-Reward:  3521.0 | Ø-Reward:  1.760 | Places: [690 (0.34), 470 (0.23), 511 (0.26), 329 (0.16)]
[2025-08-24 01:34:58] Winrate vs single_only :  60.4% | Σ-Reward:  4311.0 | Ø-Reward:  2.155 | Places: [1207 (0.60), 178 (0.09), 334 (0.17), 281 (0.14)]
[2025-08-24 01:35:28] Timing @ep 395000: episode 41.1s | train 0.002s | eval 10.9s | plot 30.1s | save 0.002s | cum 2.02h
[2025-08-24 01:36:34] 
[2025-08-24 01:36:34] Benchmark @train_ep  400000 (bench_eps: 2000)
[2025-08-24 01:36:34] Macro Winrate          :  44.1%
[2025-08-24 01:36:34] Macro Ø-Reward         :  1.923
[2025-08-24 01:36:34] Winrate vs max_combo   :  33.2% | Σ-Reward:  3354.0 | Ø-Reward:  1.677 | Places: [664 (0.33), 475 (0.24), 412 (0.21), 449 (0.22)]
[2025-08-24 01:36:34] Winrate vs random2     :  37.5% | Σ-Reward:  3717.0 | Ø-Reward:  1.859 | Places: [751 (0.38), 504 (0.25), 456 (0.23), 289 (0.14)]
[2025-08-24 01:36:34] Winrate vs single_only :  61.5% | Σ-Reward:  4464.0 | Ø-Reward:  2.232 | Places: [1231 (0.62), 228 (0.11), 315 (0.16), 226 (0.11)]
[2025-08-24 01:37:05] Timing @ep 400000: episode 41.4s | train 0.002s | eval 10.9s | plot 30.6s | save 0.002s | cum 2.05h
[2025-08-24 01:38:10] 
[2025-08-24 01:38:10] Benchmark @train_ep  405000 (bench_eps: 2000)
[2025-08-24 01:38:10] Macro Winrate          :  46.6%
[2025-08-24 01:38:10] Macro Ø-Reward         :  1.963
[2025-08-24 01:38:10] Winrate vs max_combo   :  36.5% | Σ-Reward:  3459.0 | Ø-Reward:  1.730 | Places: [731 (0.37), 412 (0.21), 442 (0.22), 415 (0.21)]
[2025-08-24 01:38:10] Winrate vs random2     :  40.2% | Σ-Reward:  3814.0 | Ø-Reward:  1.907 | Places: [804 (0.40), 472 (0.24), 458 (0.23), 266 (0.13)]
[2025-08-24 01:38:10] Winrate vs single_only :  63.1% | Σ-Reward:  4505.0 | Ø-Reward:  2.252 | Places: [1262 (0.63), 197 (0.10), 325 (0.16), 216 (0.11)]
[2025-08-24 01:38:42] Timing @ep 405000: episode 42.4s | train 0.002s | eval 10.9s | plot 31.4s | save 0.001s | cum 2.07h
[2025-08-24 01:39:48] 
[2025-08-24 01:39:48] Benchmark @train_ep  410000 (bench_eps: 2000)
[2025-08-24 01:39:48] Macro Winrate          :  43.2%
[2025-08-24 01:39:48] Macro Ø-Reward         :  1.882
[2025-08-24 01:39:48] Winrate vs max_combo   :  33.1% | Σ-Reward:  3232.0 | Ø-Reward:  1.616 | Places: [662 (0.33), 427 (0.21), 392 (0.20), 519 (0.26)]
[2025-08-24 01:39:48] Winrate vs random2     :  36.3% | Σ-Reward:  3659.0 | Ø-Reward:  1.829 | Places: [726 (0.36), 512 (0.26), 457 (0.23), 305 (0.15)]
[2025-08-24 01:39:48] Winrate vs single_only :  60.2% | Σ-Reward:  4400.0 | Ø-Reward:  2.200 | Places: [1205 (0.60), 236 (0.12), 313 (0.16), 246 (0.12)]
[2025-08-24 01:40:18] Timing @ep 410000: episode 41.8s | train 0.002s | eval 11.3s | plot 30.5s | save 0.002s | cum 2.10h
[2025-08-24 01:41:26] 
[2025-08-24 01:41:26] Benchmark @train_ep  415000 (bench_eps: 2000)
[2025-08-24 01:41:26] Macro Winrate          :  41.2%
[2025-08-24 01:41:26] Macro Ø-Reward         :  1.849
[2025-08-24 01:41:26] Winrate vs max_combo   :  31.2% | Σ-Reward:  3200.0 | Ø-Reward:  1.600 | Places: [624 (0.31), 448 (0.22), 432 (0.22), 496 (0.25)]
[2025-08-24 01:41:26] Winrate vs random2     :  36.1% | Σ-Reward:  3670.0 | Ø-Reward:  1.835 | Places: [722 (0.36), 524 (0.26), 456 (0.23), 298 (0.15)]
[2025-08-24 01:41:26] Winrate vs single_only :  56.5% | Σ-Reward:  4224.0 | Ø-Reward:  2.112 | Places: [1129 (0.56), 239 (0.12), 359 (0.18), 273 (0.14)]
[2025-08-24 01:41:56] Timing @ep 415000: episode 42.3s | train 0.003s | eval 11.7s | plot 30.5s | save 0.002s | cum 2.13h
[2025-08-24 01:43:02] 
[2025-08-24 01:43:02] Benchmark @train_ep  420000 (bench_eps: 2000)
[2025-08-24 01:43:02] Macro Winrate          :  44.8%
[2025-08-24 01:43:02] Macro Ø-Reward         :  1.926
[2025-08-24 01:43:02] Winrate vs max_combo   :  36.0% | Σ-Reward:  3443.0 | Ø-Reward:  1.722 | Places: [720 (0.36), 418 (0.21), 447 (0.22), 415 (0.21)]
[2025-08-24 01:43:02] Winrate vs random2     :  37.9% | Σ-Reward:  3730.0 | Ø-Reward:  1.865 | Places: [758 (0.38), 492 (0.25), 472 (0.24), 278 (0.14)]
[2025-08-24 01:43:02] Winrate vs single_only :  60.6% | Σ-Reward:  4382.0 | Ø-Reward:  2.191 | Places: [1212 (0.61), 188 (0.09), 370 (0.18), 230 (0.12)]
[2025-08-24 01:43:33] Timing @ep 420000: episode 41.8s | train 0.002s | eval 10.8s | plot 31.0s | save 0.001s | cum 2.15h
[2025-08-24 01:44:39] 
[2025-08-24 01:44:39] Benchmark @train_ep  425000 (bench_eps: 2000)
[2025-08-24 01:44:39] Macro Winrate          :  44.3%
[2025-08-24 01:44:39] Macro Ø-Reward         :  1.920
[2025-08-24 01:44:39] Winrate vs max_combo   :  33.1% | Σ-Reward:  3337.0 | Ø-Reward:  1.669 | Places: [662 (0.33), 451 (0.23), 449 (0.22), 438 (0.22)]
[2025-08-24 01:44:39] Winrate vs random2     :  37.9% | Σ-Reward:  3741.0 | Ø-Reward:  1.871 | Places: [757 (0.38), 506 (0.25), 458 (0.23), 279 (0.14)]
[2025-08-24 01:44:39] Winrate vs single_only :  61.9% | Σ-Reward:  4443.0 | Ø-Reward:  2.221 | Places: [1237 (0.62), 206 (0.10), 320 (0.16), 237 (0.12)]
[2025-08-24 01:45:10] Timing @ep 425000: episode 42.3s | train 0.002s | eval 10.9s | plot 31.3s | save 0.002s | cum 2.18h
[2025-08-24 01:46:17] 
[2025-08-24 01:46:17] Benchmark @train_ep  430000 (bench_eps: 2000)
[2025-08-24 01:46:17] Macro Winrate          :  44.3%
[2025-08-24 01:46:17] Macro Ø-Reward         :  1.930
[2025-08-24 01:46:17] Winrate vs max_combo   :  32.5% | Σ-Reward:  3342.0 | Ø-Reward:  1.671 | Places: [650 (0.33), 470 (0.23), 452 (0.23), 428 (0.21)]
[2025-08-24 01:46:17] Winrate vs random2     :  37.9% | Σ-Reward:  3716.0 | Ø-Reward:  1.858 | Places: [757 (0.38), 497 (0.25), 451 (0.23), 295 (0.15)]
[2025-08-24 01:46:17] Winrate vs single_only :  62.5% | Σ-Reward:  4521.0 | Ø-Reward:  2.260 | Places: [1249 (0.62), 238 (0.12), 298 (0.15), 215 (0.11)]
[2025-08-24 01:46:49] Timing @ep 430000: episode 42.7s | train 0.002s | eval 11.2s | plot 31.5s | save 0.001s | cum 2.21h
[2025-08-24 01:47:56] 
[2025-08-24 01:47:56] Benchmark @train_ep  435000 (bench_eps: 2000)
[2025-08-24 01:47:56] Macro Winrate          :  45.0%
[2025-08-24 01:47:56] Macro Ø-Reward         :  1.961
[2025-08-24 01:47:56] Winrate vs max_combo   :  34.2% | Σ-Reward:  3409.0 | Ø-Reward:  1.704 | Places: [684 (0.34), 441 (0.22), 475 (0.24), 400 (0.20)]
[2025-08-24 01:47:56] Winrate vs random2     :  38.4% | Σ-Reward:  3816.0 | Ø-Reward:  1.908 | Places: [767 (0.38), 552 (0.28), 411 (0.21), 270 (0.14)]
[2025-08-24 01:47:56] Winrate vs single_only :  62.5% | Σ-Reward:  4542.0 | Ø-Reward:  2.271 | Places: [1251 (0.63), 234 (0.12), 321 (0.16), 194 (0.10)]
[2025-08-24 01:48:27] Timing @ep 435000: episode 42.2s | train 0.003s | eval 10.9s | plot 31.2s | save 0.001s | cum 2.24h
[2025-08-24 01:49:33] 
[2025-08-24 01:49:33] Benchmark @train_ep  440000 (bench_eps: 2000)
[2025-08-24 01:49:33] Macro Winrate          :  43.4%
[2025-08-24 01:49:33] Macro Ø-Reward         :  1.890
[2025-08-24 01:49:33] Winrate vs max_combo   :  33.9% | Σ-Reward:  3303.0 | Ø-Reward:  1.651 | Places: [677 (0.34), 409 (0.20), 454 (0.23), 460 (0.23)]
[2025-08-24 01:49:33] Winrate vs random2     :  37.4% | Σ-Reward:  3704.0 | Ø-Reward:  1.852 | Places: [748 (0.37), 515 (0.26), 430 (0.21), 307 (0.15)]
[2025-08-24 01:49:33] Winrate vs single_only :  59.0% | Σ-Reward:  4331.0 | Ø-Reward:  2.166 | Places: [1180 (0.59), 222 (0.11), 347 (0.17), 251 (0.13)]
[2025-08-24 01:50:05] Timing @ep 440000: episode 43.4s | train 0.003s | eval 11.5s | plot 31.9s | save 0.001s | cum 2.26h
[2025-08-24 01:51:11] 
[2025-08-24 01:51:11] Benchmark @train_ep  445000 (bench_eps: 2000)
[2025-08-24 01:51:11] Macro Winrate          :  43.0%
[2025-08-24 01:51:11] Macro Ø-Reward         :  1.921
[2025-08-24 01:51:11] Winrate vs max_combo   :  32.8% | Σ-Reward:  3368.0 | Ø-Reward:  1.684 | Places: [655 (0.33), 449 (0.22), 505 (0.25), 391 (0.20)]
[2025-08-24 01:51:11] Winrate vs random2     :  36.6% | Σ-Reward:  3706.0 | Ø-Reward:  1.853 | Places: [733 (0.37), 516 (0.26), 475 (0.24), 276 (0.14)]
[2025-08-24 01:51:11] Winrate vs single_only :  59.6% | Σ-Reward:  4453.0 | Ø-Reward:  2.227 | Places: [1193 (0.60), 254 (0.13), 366 (0.18), 187 (0.09)]
[2025-08-24 01:51:43] Timing @ep 445000: episode 43.2s | train 0.002s | eval 11.5s | plot 31.7s | save 0.002s | cum 2.29h
[2025-08-24 01:52:49] 
[2025-08-24 01:52:49] Benchmark @train_ep  450000 (bench_eps: 2000)
[2025-08-24 01:52:49] Macro Winrate          :  45.3%
[2025-08-24 01:52:49] Macro Ø-Reward         :  1.943
[2025-08-24 01:52:49] Winrate vs max_combo   :  33.3% | Σ-Reward:  3317.0 | Ø-Reward:  1.659 | Places: [666 (0.33), 437 (0.22), 445 (0.22), 452 (0.23)]
[2025-08-24 01:52:49] Winrate vs random2     :  37.6% | Σ-Reward:  3723.0 | Ø-Reward:  1.861 | Places: [753 (0.38), 510 (0.26), 444 (0.22), 293 (0.15)]
[2025-08-24 01:52:49] Winrate vs single_only :  65.0% | Σ-Reward:  4616.0 | Ø-Reward:  2.308 | Places: [1300 (0.65), 203 (0.10), 310 (0.15), 187 (0.09)]
[2025-08-24 01:53:22] Timing @ep 450000: episode 43.2s | train 0.003s | eval 11.0s | plot 32.2s | save 0.002s | cum 2.32h
[2025-08-24 01:54:28] 
[2025-08-24 01:54:28] Benchmark @train_ep  455000 (bench_eps: 2000)
[2025-08-24 01:54:28] Macro Winrate          :  43.1%
[2025-08-24 01:54:28] Macro Ø-Reward         :  1.890
[2025-08-24 01:54:28] Winrate vs max_combo   :  33.5% | Σ-Reward:  3347.0 | Ø-Reward:  1.673 | Places: [670 (0.34), 447 (0.22), 443 (0.22), 440 (0.22)]
[2025-08-24 01:54:28] Winrate vs random2     :  36.4% | Σ-Reward:  3644.0 | Ø-Reward:  1.822 | Places: [727 (0.36), 499 (0.25), 465 (0.23), 309 (0.15)]
[2025-08-24 01:54:28] Winrate vs single_only :  59.4% | Σ-Reward:  4351.0 | Ø-Reward:  2.175 | Places: [1187 (0.59), 230 (0.12), 330 (0.17), 253 (0.13)]
[2025-08-24 01:55:00] Timing @ep 455000: episode 42.8s | train 0.002s | eval 10.9s | plot 31.9s | save 0.001s | cum 2.34h
[2025-08-24 01:56:07] 
[2025-08-24 01:56:07] Benchmark @train_ep  460000 (bench_eps: 2000)
[2025-08-24 01:56:07] Macro Winrate          :  45.8%
[2025-08-24 01:56:07] Macro Ø-Reward         :  1.937
[2025-08-24 01:56:07] Winrate vs max_combo   :  36.4% | Σ-Reward:  3432.0 | Ø-Reward:  1.716 | Places: [727 (0.36), 397 (0.20), 457 (0.23), 419 (0.21)]
[2025-08-24 01:56:07] Winrate vs random2     :  38.5% | Σ-Reward:  3722.0 | Ø-Reward:  1.861 | Places: [769 (0.38), 448 (0.22), 519 (0.26), 264 (0.13)]
[2025-08-24 01:56:07] Winrate vs single_only :  62.5% | Σ-Reward:  4469.0 | Ø-Reward:  2.235 | Places: [1249 (0.62), 187 (0.09), 348 (0.17), 216 (0.11)]
[2025-08-24 01:56:39] Timing @ep 460000: episode 43.6s | train 0.003s | eval 11.0s | plot 32.6s | save 0.002s | cum 2.37h
[2025-08-24 01:57:46] 
[2025-08-24 01:57:46] Benchmark @train_ep  465000 (bench_eps: 2000)
[2025-08-24 01:57:46] Macro Winrate          :  43.3%
[2025-08-24 01:57:46] Macro Ø-Reward         :  1.917
[2025-08-24 01:57:46] Winrate vs max_combo   :  33.0% | Σ-Reward:  3357.0 | Ø-Reward:  1.679 | Places: [661 (0.33), 444 (0.22), 486 (0.24), 409 (0.20)]
[2025-08-24 01:57:46] Winrate vs random2     :  37.5% | Σ-Reward:  3739.0 | Ø-Reward:  1.869 | Places: [751 (0.38), 490 (0.24), 506 (0.25), 253 (0.13)]
[2025-08-24 01:57:46] Winrate vs single_only :  59.4% | Σ-Reward:  4406.0 | Ø-Reward:  2.203 | Places: [1187 (0.59), 231 (0.12), 383 (0.19), 199 (0.10)]
[2025-08-24 01:58:18] Timing @ep 465000: episode 43.6s | train 0.003s | eval 11.3s | plot 32.3s | save 0.001s | cum 2.40h
[2025-08-24 01:59:25] 
[2025-08-24 01:59:25] Benchmark @train_ep  470000 (bench_eps: 2000)
[2025-08-24 01:59:25] Macro Winrate          :  43.1%
[2025-08-24 01:59:25] Macro Ø-Reward         :  1.905
[2025-08-24 01:59:25] Winrate vs max_combo   :  29.9% | Σ-Reward:  3211.0 | Ø-Reward:  1.605 | Places: [598 (0.30), 461 (0.23), 495 (0.25), 446 (0.22)]
[2025-08-24 01:59:25] Winrate vs random2     :  37.9% | Σ-Reward:  3760.0 | Ø-Reward:  1.880 | Places: [758 (0.38), 519 (0.26), 448 (0.22), 275 (0.14)]
[2025-08-24 01:59:25] Winrate vs single_only :  61.5% | Σ-Reward:  4462.0 | Ø-Reward:  2.231 | Places: [1229 (0.61), 215 (0.11), 345 (0.17), 211 (0.11)]
[2025-08-24 01:59:59] Timing @ep 470000: episode 45.6s | train 0.003s | eval 11.4s | plot 34.1s | save 0.001s | cum 2.43h
[2025-08-24 02:01:05] 
[2025-08-24 02:01:05] Benchmark @train_ep  475000 (bench_eps: 2000)
[2025-08-24 02:01:05] Macro Winrate          :  44.3%
[2025-08-24 02:01:05] Macro Ø-Reward         :  1.922
[2025-08-24 02:01:05] Winrate vs max_combo   :  34.3% | Σ-Reward:  3385.0 | Ø-Reward:  1.692 | Places: [686 (0.34), 421 (0.21), 485 (0.24), 408 (0.20)]
[2025-08-24 02:01:05] Winrate vs random2     :  37.3% | Σ-Reward:  3729.0 | Ø-Reward:  1.865 | Places: [746 (0.37), 503 (0.25), 485 (0.24), 266 (0.13)]
[2025-08-24 02:01:05] Winrate vs single_only :  61.2% | Σ-Reward:  4420.0 | Ø-Reward:  2.210 | Places: [1225 (0.61), 195 (0.10), 355 (0.18), 225 (0.11)]
[2025-08-24 02:01:38] Timing @ep 475000: episode 43.9s | train 0.002s | eval 11.2s | plot 32.7s | save 0.001s | cum 2.46h
[2025-08-24 02:02:44] 
[2025-08-24 02:02:44] Benchmark @train_ep  480000 (bench_eps: 2000)
[2025-08-24 02:02:44] Macro Winrate          :  42.9%
[2025-08-24 02:02:44] Macro Ø-Reward         :  1.884
[2025-08-24 02:02:44] Winrate vs max_combo   :  34.6% | Σ-Reward:  3367.0 | Ø-Reward:  1.683 | Places: [692 (0.35), 418 (0.21), 455 (0.23), 435 (0.22)]
[2025-08-24 02:02:44] Winrate vs random2     :  35.7% | Σ-Reward:  3632.0 | Ø-Reward:  1.816 | Places: [714 (0.36), 495 (0.25), 500 (0.25), 291 (0.15)]
[2025-08-24 02:02:44] Winrate vs single_only :  58.2% | Σ-Reward:  4306.0 | Ø-Reward:  2.153 | Places: [1165 (0.58), 219 (0.11), 373 (0.19), 243 (0.12)]
[2025-08-24 02:03:17] Timing @ep 480000: episode 43.8s | train 0.002s | eval 10.9s | plot 32.9s | save 0.002s | cum 2.48h
[2025-08-24 02:04:24] 
[2025-08-24 02:04:24] Benchmark @train_ep  485000 (bench_eps: 2000)
[2025-08-24 02:04:24] Macro Winrate          :  43.6%
[2025-08-24 02:04:24] Macro Ø-Reward         :  1.903
[2025-08-24 02:04:24] Winrate vs max_combo   :  34.3% | Σ-Reward:  3357.0 | Ø-Reward:  1.679 | Places: [686 (0.34), 415 (0.21), 469 (0.23), 430 (0.21)]
[2025-08-24 02:04:24] Winrate vs random2     :  36.3% | Σ-Reward:  3627.0 | Ø-Reward:  1.813 | Places: [726 (0.36), 478 (0.24), 493 (0.25), 303 (0.15)]
[2025-08-24 02:04:24] Winrate vs single_only :  60.2% | Σ-Reward:  4437.0 | Ø-Reward:  2.219 | Places: [1204 (0.60), 237 (0.12), 351 (0.18), 208 (0.10)]
[2025-08-24 02:04:56] Timing @ep 485000: episode 43.4s | train 0.002s | eval 10.7s | plot 32.7s | save 0.002s | cum 2.51h
[2025-08-24 02:06:03] 
[2025-08-24 02:06:03] Benchmark @train_ep  490000 (bench_eps: 2000)
[2025-08-24 02:06:03] Macro Winrate          :  41.7%
[2025-08-24 02:06:03] Macro Ø-Reward         :  1.849
[2025-08-24 02:06:03] Winrate vs max_combo   :  32.2% | Σ-Reward:  3198.0 | Ø-Reward:  1.599 | Places: [644 (0.32), 400 (0.20), 466 (0.23), 490 (0.24)]
[2025-08-24 02:06:03] Winrate vs random2     :  35.4% | Σ-Reward:  3624.0 | Ø-Reward:  1.812 | Places: [708 (0.35), 508 (0.25), 484 (0.24), 300 (0.15)]
[2025-08-24 02:06:03] Winrate vs single_only :  57.6% | Σ-Reward:  4273.0 | Ø-Reward:  2.136 | Places: [1152 (0.58), 217 (0.11), 383 (0.19), 248 (0.12)]
[2025-08-24 02:06:37] Timing @ep 490000: episode 44.8s | train 0.002s | eval 11.1s | plot 33.6s | save 0.002s | cum 2.54h
[2025-08-24 02:07:43] 
[2025-08-24 02:07:43] Benchmark @train_ep  495000 (bench_eps: 2000)
[2025-08-24 02:07:43] Macro Winrate          :  45.5%
[2025-08-24 02:07:43] Macro Ø-Reward         :  1.946
[2025-08-24 02:07:43] Winrate vs max_combo   :  34.9% | Σ-Reward:  3393.0 | Ø-Reward:  1.696 | Places: [698 (0.35), 433 (0.22), 433 (0.22), 436 (0.22)]
[2025-08-24 02:07:43] Winrate vs random2     :  36.9% | Σ-Reward:  3732.0 | Ø-Reward:  1.866 | Places: [737 (0.37), 518 (0.26), 485 (0.24), 260 (0.13)]
[2025-08-24 02:07:43] Winrate vs single_only :  64.8% | Σ-Reward:  4551.0 | Ø-Reward:  2.276 | Places: [1297 (0.65), 169 (0.08), 322 (0.16), 212 (0.11)]
[2025-08-24 02:08:16] Timing @ep 495000: episode 43.8s | train 0.003s | eval 10.6s | plot 33.2s | save 0.001s | cum 2.57h
[2025-08-24 02:09:23] 
[2025-08-24 02:09:23] Benchmark @train_ep  500000 (bench_eps: 2000)
[2025-08-24 02:09:23] Macro Winrate          :  42.1%
[2025-08-24 02:09:23] Macro Ø-Reward         :  1.850
[2025-08-24 02:09:23] Winrate vs max_combo   :  33.0% | Σ-Reward:  3282.0 | Ø-Reward:  1.641 | Places: [661 (0.33), 420 (0.21), 459 (0.23), 460 (0.23)]
[2025-08-24 02:09:23] Winrate vs random2     :  36.4% | Σ-Reward:  3623.0 | Ø-Reward:  1.812 | Places: [728 (0.36), 473 (0.24), 493 (0.25), 306 (0.15)]
[2025-08-24 02:09:23] Winrate vs single_only :  57.0% | Σ-Reward:  4196.0 | Ø-Reward:  2.098 | Places: [1139 (0.57), 217 (0.11), 345 (0.17), 299 (0.15)]
[2025-08-24 02:09:58] Timing @ep 500000: episode 46.1s | train 0.003s | eval 11.5s | plot 34.6s | save 0.001s | cum 2.59h
[2025-08-24 02:09:58] 
[2025-08-24 02:09:58] Gesamtzeit: 2.59h (~ 53.53 eps/s)
[2025-08-24 02:09:58] K3 (Snapshot-Selfplay) Training abgeschlossen.
