[2025-08-23 08:34:52] New Training (k4a1): Shared-Policy PPO — In-Proc External Trainer (Bundle-Updates)
[2025-08-23 08:34:52] Deck_Size: 64
[2025-08-23 08:34:52] Episodes: 10000
[2025-08-23 08:34:52] Path: /home/wasterix/OpenSpiel/open_spiel/President/models/k4a1/model_31
[2025-08-23 08:36:14] 
[2025-08-23 08:36:14] Benchmark @train_ep     500 (bench_eps: 2000)
[2025-08-23 08:36:14] Macro Winrate          :  26.9%
[2025-08-23 08:36:14] Macro Ø-Reward         :  1.386
[2025-08-23 08:36:14] Winrate vs max_combo   :   9.9% | Σ-Reward:  1559.0 | Ø-Reward:  0.779 | Places: [199 (0.10), 246 (0.12), 470 (0.23), 1085 (0.54)]
[2025-08-23 08:36:14] Winrate vs random2     :  30.4% | Σ-Reward:  3203.0 | Ø-Reward:  1.601 | Places: [608 (0.30), 463 (0.23), 453 (0.23), 476 (0.24)]
[2025-08-23 08:36:14] Winrate vs single_only :  40.4% | Σ-Reward:  3556.0 | Ø-Reward:  1.778 | Places: [808 (0.40), 358 (0.18), 416 (0.21), 418 (0.21)]
[2025-08-23 08:36:16] Timing @ep 500: episode 54.7s | train 0.070s | eval 53.0s | plot 1.6s | save 0.003s | cum 0.02h
[2025-08-23 08:37:42] 
[2025-08-23 08:37:42] Benchmark @train_ep    1000 (bench_eps: 2000)
[2025-08-23 08:37:42] Macro Winrate          :  28.1%
[2025-08-23 08:37:42] Macro Ø-Reward         :  1.456
[2025-08-23 08:37:42] Winrate vs max_combo   :   9.5% | Σ-Reward:  1686.0 | Ø-Reward:  0.843 | Places: [190 (0.10), 298 (0.15), 520 (0.26), 992 (0.50)]
[2025-08-23 08:37:42] Winrate vs random2     :  28.2% | Σ-Reward:  3187.0 | Ø-Reward:  1.593 | Places: [564 (0.28), 502 (0.25), 491 (0.25), 443 (0.22)]
[2025-08-23 08:37:42] Winrate vs single_only :  46.5% | Σ-Reward:  3866.0 | Ø-Reward:  1.933 | Places: [930 (0.47), 362 (0.18), 352 (0.18), 356 (0.18)]
[2025-08-23 08:37:44] Timing @ep 1000: episode 60.2s | train 0.076s | eval 58.4s | plot 1.7s | save 0.002s | cum 0.05h
[2025-08-23 08:39:09] 
[2025-08-23 08:39:09] Benchmark @train_ep    1500 (bench_eps: 2000)
[2025-08-23 08:39:09] Macro Winrate          :  31.8%
[2025-08-23 08:39:09] Macro Ø-Reward         :  1.572
[2025-08-23 08:39:09] Winrate vs max_combo   :  11.2% | Σ-Reward:  1879.0 | Ø-Reward:  0.940 | Places: [223 (0.11), 339 (0.17), 532 (0.27), 906 (0.45)]
[2025-08-23 08:39:09] Winrate vs random2     :  33.0% | Σ-Reward:  3425.0 | Ø-Reward:  1.712 | Places: [659 (0.33), 527 (0.26), 394 (0.20), 420 (0.21)]
[2025-08-23 08:39:09] Winrate vs single_only :  51.4% | Σ-Reward:  4127.0 | Ø-Reward:  2.063 | Places: [1027 (0.51), 364 (0.18), 318 (0.16), 291 (0.15)]
[2025-08-23 08:39:10] Timing @ep 1500: episode 58.8s | train 0.087s | eval 57.2s | plot 1.5s | save 0.002s | cum 0.07h
[2025-08-23 08:40:31] 
[2025-08-23 08:40:31] Benchmark @train_ep    2000 (bench_eps: 2000)
[2025-08-23 08:40:31] Macro Winrate          :  32.6%
[2025-08-23 08:40:31] Macro Ø-Reward         :  1.572
[2025-08-23 08:40:31] Winrate vs max_combo   :  12.1% | Σ-Reward:  1836.0 | Ø-Reward:  0.918 | Places: [242 (0.12), 300 (0.15), 510 (0.26), 948 (0.47)]
[2025-08-23 08:40:31] Winrate vs random2     :  31.9% | Σ-Reward:  3422.0 | Ø-Reward:  1.711 | Places: [637 (0.32), 539 (0.27), 433 (0.22), 391 (0.20)]
[2025-08-23 08:40:31] Winrate vs single_only :  53.7% | Σ-Reward:  4175.0 | Ø-Reward:  2.087 | Places: [1074 (0.54), 332 (0.17), 289 (0.14), 305 (0.15)]
[2025-08-23 08:40:33] Timing @ep 2000: episode 57.2s | train 0.079s | eval 55.4s | plot 1.7s | save 0.001s | cum 0.09h
[2025-08-23 08:41:45] 
[2025-08-23 08:41:45] Benchmark @train_ep    2500 (bench_eps: 2000)
[2025-08-23 08:41:45] Macro Winrate          :  30.8%
[2025-08-23 08:41:45] Macro Ø-Reward         :  1.541
[2025-08-23 08:41:45] Winrate vs max_combo   :  10.6% | Σ-Reward:  1814.0 | Ø-Reward:  0.907 | Places: [212 (0.11), 319 (0.16), 540 (0.27), 929 (0.46)]
[2025-08-23 08:41:45] Winrate vs random2     :  31.4% | Σ-Reward:  3380.0 | Ø-Reward:  1.690 | Places: [628 (0.31), 517 (0.26), 462 (0.23), 393 (0.20)]
[2025-08-23 08:41:45] Winrate vs single_only :  50.4% | Σ-Reward:  4050.0 | Ø-Reward:  2.025 | Places: [1008 (0.50), 359 (0.18), 308 (0.15), 325 (0.16)]
[2025-08-23 08:41:47] Timing @ep 2500: episode 52.2s | train 0.053s | eval 50.1s | plot 2.0s | save 0.002s | cum 0.12h
[2025-08-23 08:43:08] 
[2025-08-23 08:43:08] Benchmark @train_ep    3000 (bench_eps: 2000)
[2025-08-23 08:43:08] Macro Winrate          :  31.6%
[2025-08-23 08:43:08] Macro Ø-Reward         :  1.539
[2025-08-23 08:43:08] Winrate vs max_combo   :  10.8% | Σ-Reward:  1788.0 | Ø-Reward:  0.894 | Places: [216 (0.11), 308 (0.15), 524 (0.26), 952 (0.48)]
[2025-08-23 08:43:08] Winrate vs random2     :  28.9% | Σ-Reward:  3274.0 | Ø-Reward:  1.637 | Places: [579 (0.29), 529 (0.26), 479 (0.24), 413 (0.21)]
[2025-08-23 08:43:08] Winrate vs single_only :  55.1% | Σ-Reward:  4172.0 | Ø-Reward:  2.086 | Places: [1103 (0.55), 299 (0.15), 265 (0.13), 333 (0.17)]
[2025-08-23 08:43:10] Timing @ep 3000: episode 56.2s | train 0.074s | eval 54.2s | plot 1.8s | save 0.002s | cum 0.14h
[2025-08-23 08:44:39] 
[2025-08-23 08:44:39] Benchmark @train_ep    3500 (bench_eps: 2000)
[2025-08-23 08:44:39] Macro Winrate          :  26.3%
[2025-08-23 08:44:39] Macro Ø-Reward         :  1.425
[2025-08-23 08:44:39] Winrate vs max_combo   :   9.7% | Σ-Reward:  1702.0 | Ø-Reward:  0.851 | Places: [193 (0.10), 293 (0.15), 537 (0.27), 977 (0.49)]
[2025-08-23 08:44:39] Winrate vs random2     :  28.0% | Σ-Reward:  3209.0 | Ø-Reward:  1.605 | Places: [560 (0.28), 535 (0.27), 459 (0.23), 446 (0.22)]
[2025-08-23 08:44:39] Winrate vs single_only :  41.4% | Σ-Reward:  3642.0 | Ø-Reward:  1.821 | Places: [828 (0.41), 389 (0.19), 380 (0.19), 403 (0.20)]
[2025-08-23 08:44:40] Timing @ep 3500: episode 63.8s | train 0.076s | eval 61.9s | plot 1.8s | save 0.002s | cum 0.16h
[2025-08-23 08:46:02] 
[2025-08-23 08:46:02] Benchmark @train_ep    4000 (bench_eps: 2000)
[2025-08-23 08:46:02] Macro Winrate          :  22.1%
[2025-08-23 08:46:02] Macro Ø-Reward         :  1.309
[2025-08-23 08:46:02] Winrate vs max_combo   :   8.7% | Σ-Reward:  1515.0 | Ø-Reward:  0.757 | Places: [173 (0.09), 249 (0.12), 498 (0.25), 1080 (0.54)]
[2025-08-23 08:46:02] Winrate vs random2     :  23.6% | Σ-Reward:  3039.0 | Ø-Reward:  1.520 | Places: [471 (0.24), 537 (0.27), 552 (0.28), 440 (0.22)]
[2025-08-23 08:46:02] Winrate vs single_only :  34.0% | Σ-Reward:  3302.0 | Ø-Reward:  1.651 | Places: [681 (0.34), 422 (0.21), 415 (0.21), 482 (0.24)]
[2025-08-23 08:46:04] Timing @ep 4000: episode 53.7s | train 0.095s | eval 52.1s | plot 1.4s | save 0.001s | cum 0.19h
[2025-08-23 08:47:24] 
[2025-08-23 08:47:24] Benchmark @train_ep    4500 (bench_eps: 2000)
[2025-08-23 08:47:24] Macro Winrate          :  24.4%
[2025-08-23 08:47:24] Macro Ø-Reward         :  1.360
[2025-08-23 08:47:24] Winrate vs max_combo   :   9.8% | Σ-Reward:  1651.0 | Ø-Reward:  0.826 | Places: [197 (0.10), 267 (0.13), 526 (0.26), 1010 (0.51)]
[2025-08-23 08:47:24] Winrate vs random2     :  28.2% | Σ-Reward:  3155.0 | Ø-Reward:  1.577 | Places: [564 (0.28), 497 (0.25), 469 (0.23), 470 (0.23)]
[2025-08-23 08:47:24] Winrate vs single_only :  35.1% | Σ-Reward:  3356.0 | Ø-Reward:  1.678 | Places: [702 (0.35), 426 (0.21), 398 (0.20), 474 (0.24)]
[2025-08-23 08:47:26] Timing @ep 4500: episode 59.7s | train 0.076s | eval 57.9s | plot 1.7s | save 0.002s | cum 0.21h
[2025-08-23 08:48:54] 
[2025-08-23 08:48:54] Benchmark @train_ep    5000 (bench_eps: 2000)
[2025-08-23 08:48:54] Macro Winrate          :  24.3%
[2025-08-23 08:48:54] Macro Ø-Reward         :  1.389
[2025-08-23 08:48:54] Winrate vs max_combo   :   8.9% | Σ-Reward:  1708.0 | Ø-Reward:  0.854 | Places: [179 (0.09), 328 (0.16), 515 (0.26), 978 (0.49)]
[2025-08-23 08:48:54] Winrate vs random2     :  27.0% | Σ-Reward:  3203.0 | Ø-Reward:  1.601 | Places: [540 (0.27), 547 (0.27), 489 (0.24), 424 (0.21)]
[2025-08-23 08:48:54] Winrate vs single_only :  37.0% | Σ-Reward:  3424.0 | Ø-Reward:  1.712 | Places: [739 (0.37), 409 (0.20), 389 (0.19), 463 (0.23)]
[2025-08-23 08:48:56] Timing @ep 5000: episode 62.1s | train 0.086s | eval 60.1s | plot 1.9s | save 0.002s | cum 0.23h
