[2025-09-30 11:34:13] New Training (k1a2): DQN Single-Agent vs Heuristiken/Population (P0→P0)
[2025-09-30 11:34:13] Deck_Size: 64
[2025-09-30 11:34:13] Episodes: 100000
[2025-09-30 11:34:13] Path: /home/wasterix/OpenSpiel/open_spiel/President/models/k1a2/model_58
[2025-09-30 11:34:35] 
[2025-09-30 11:34:35] Benchmark @train_ep     500 (bench_eps: 200)
[2025-09-30 11:34:35] Macro Winrate          :  38.8%
[2025-09-30 11:34:35] Macro Ø-Reward         :  1.753
[2025-09-30 11:34:35] Winrate vs max_combo   :  14.5% | Σ-Reward:  210.0 | Ø-Reward:  1.050 | Places: [29 (0.14), 38 (0.19), 47 (0.23), 86 (0.43)]
[2025-09-30 11:34:35] Winrate vs random2     :  32.5% | Σ-Reward:  340.0 | Ø-Reward:  1.700 | Places: [65 (0.33), 50 (0.25), 45 (0.23), 40 (0.20)]
[2025-09-30 11:34:35] Winrate vs single_only :  69.5% | Σ-Reward:  502.0 | Ø-Reward:  2.510 | Places: [139 (0.69), 34 (0.17), 17 (0.09), 10 (0.05)]
[2025-09-30 11:34:38] Timing @ep 500: episode 4.5s | train 0.035s | eval 2.2s | plot 2.2s | save 0.007s | cum 0.01h
[2025-09-30 11:35:02] 
[2025-09-30 11:35:02] Benchmark @train_ep    1000 (bench_eps: 200)
[2025-09-30 11:35:02] Macro Winrate          :  43.0%
[2025-09-30 11:35:02] Macro Ø-Reward         :  1.855
[2025-09-30 11:35:02] Winrate vs max_combo   :  12.5% | Σ-Reward:  201.0 | Ø-Reward:  1.005 | Places: [25 (0.12), 34 (0.17), 58 (0.29), 83 (0.41)]
[2025-09-30 11:35:02] Winrate vs random2     :  41.0% | Σ-Reward:  389.0 | Ø-Reward:  1.945 | Places: [82 (0.41), 51 (0.26), 41 (0.20), 26 (0.13)]
[2025-09-30 11:35:02] Winrate vs single_only :  75.5% | Σ-Reward:  523.0 | Ø-Reward:  2.615 | Places: [151 (0.76), 30 (0.15), 10 (0.05), 9 (0.04)]
[2025-09-30 11:35:04] Timing @ep 1000: episode 4.9s | train 0.033s | eval 2.7s | plot 2.2s | save 0.003s | cum 0.01h
