[2025-08-20 21:56:53] New Training (k4a1): Shared-Policy PPO + RAM-Snapshots + External Trainer
[2025-08-20 21:56:53] Deck_Size: 64
[2025-08-20 21:56:53] Episodes: 100000
[2025-08-20 21:56:53] Path: /home/wasterix/OpenSpiel/open_spiel/President/models/k4a1/model_26
[2025-08-20 22:01:13] 
[2025-08-20 22:01:13] Benchmark @train_ep    5000 (bench_eps: 200)
[2025-08-20 22:01:13] Macro Winrate          :  16.5%
[2025-08-20 22:01:13] Macro Ø-Reward         :  1.110
[2025-08-20 22:01:13] Winrate vs max_combo   :   3.5% | Σ-Reward:  107.0 | Ø-Reward:  0.535 | Places: [7 (0.04), 21 (0.10), 44 (0.22), 128 (0.64)]
[2025-08-20 22:01:13] Winrate vs random2     :  24.0% | Σ-Reward:  299.0 | Ø-Reward:  1.495 | Places: [48 (0.24), 52 (0.26), 51 (0.26), 49 (0.24)]
[2025-08-20 22:01:13] Winrate vs single_only :  22.0% | Σ-Reward:  260.0 | Ø-Reward:  1.300 | Places: [44 (0.22), 40 (0.20), 48 (0.24), 68 (0.34)]
[2025-08-20 22:01:15] Timing @ep 5000: episode 6.1s | train 0.000s | eval 4.4s | plot 1.5s | save 0.005s | cum 0.07h
[2025-08-20 22:05:30] 
[2025-08-20 22:05:30] Benchmark @train_ep   10000 (bench_eps: 200)
[2025-08-20 22:05:30] Macro Winrate          :  14.7%
[2025-08-20 22:05:30] Macro Ø-Reward         :  1.068
[2025-08-20 22:05:30] Winrate vs max_combo   :   2.0% | Σ-Reward:  91.0 | Ø-Reward:  0.455 | Places: [4 (0.02), 15 (0.07), 49 (0.24), 132 (0.66)]
[2025-08-20 22:05:30] Winrate vs random2     :  26.0% | Σ-Reward:  302.0 | Ø-Reward:  1.510 | Places: [52 (0.26), 53 (0.27), 40 (0.20), 55 (0.28)]
[2025-08-20 22:05:30] Winrate vs single_only :  16.0% | Σ-Reward:  248.0 | Ø-Reward:  1.240 | Places: [32 (0.16), 51 (0.26), 50 (0.25), 67 (0.34)]
[2025-08-20 22:05:32] Timing @ep 10000: episode 6.8s | train 0.000s | eval 4.5s | plot 2.3s | save 0.002s | cum 0.14h
[2025-08-20 22:09:47] 
[2025-08-20 22:09:47] Benchmark @train_ep   15000 (bench_eps: 200)
[2025-08-20 22:09:47] Macro Winrate          :  14.8%
[2025-08-20 22:09:47] Macro Ø-Reward         :  1.077
[2025-08-20 22:09:47] Winrate vs max_combo   :   3.5% | Σ-Reward:  96.0 | Ø-Reward:  0.480 | Places: [7 (0.04), 20 (0.10), 35 (0.17), 138 (0.69)]
[2025-08-20 22:09:47] Winrate vs random2     :  24.5% | Σ-Reward:  308.0 | Ø-Reward:  1.540 | Places: [49 (0.24), 55 (0.28), 51 (0.26), 45 (0.23)]
[2025-08-20 22:09:47] Winrate vs single_only :  16.5% | Σ-Reward:  242.0 | Ø-Reward:  1.210 | Places: [33 (0.17), 41 (0.20), 61 (0.30), 65 (0.33)]
[2025-08-20 22:09:50] Timing @ep 15000: episode 7.2s | train 0.000s | eval 4.3s | plot 2.8s | save 0.002s | cum 0.22h
[2025-08-20 22:14:03] 
[2025-08-20 22:14:03] Benchmark @train_ep   20000 (bench_eps: 200)
[2025-08-20 22:14:03] Macro Winrate          :  16.2%
[2025-08-20 22:14:03] Macro Ø-Reward         :  1.118
[2025-08-20 22:14:03] Winrate vs max_combo   :   1.5% | Σ-Reward:  106.0 | Ø-Reward:  0.530 | Places: [3 (0.01), 19 (0.10), 59 (0.29), 119 (0.59)]
[2025-08-20 22:14:03] Winrate vs random2     :  27.0% | Σ-Reward:  307.0 | Ø-Reward:  1.535 | Places: [54 (0.27), 48 (0.24), 49 (0.24), 49 (0.24)]
[2025-08-20 22:14:03] Winrate vs single_only :  20.0% | Σ-Reward:  258.0 | Ø-Reward:  1.290 | Places: [40 (0.20), 40 (0.20), 58 (0.29), 62 (0.31)]
[2025-08-20 22:14:06] Timing @ep 20000: episode 7.8s | train 0.000s | eval 4.7s | plot 3.0s | save 0.001s | cum 0.29h
[2025-08-20 22:18:18] 
[2025-08-20 22:18:18] Benchmark @train_ep   25000 (bench_eps: 200)
[2025-08-20 22:18:18] Macro Winrate          :  14.3%
[2025-08-20 22:18:18] Macro Ø-Reward         :  1.120
[2025-08-20 22:18:18] Winrate vs max_combo   :   2.0% | Σ-Reward:  109.0 | Ø-Reward:  0.545 | Places: [4 (0.02), 26 (0.13), 45 (0.23), 125 (0.62)]
[2025-08-20 22:18:18] Winrate vs random2     :  24.0% | Σ-Reward:  318.0 | Ø-Reward:  1.590 | Places: [48 (0.24), 59 (0.29), 56 (0.28), 37 (0.18)]
[2025-08-20 22:18:18] Winrate vs single_only :  17.0% | Σ-Reward:  245.0 | Ø-Reward:  1.225 | Places: [34 (0.17), 42 (0.21), 59 (0.29), 65 (0.33)]
[2025-08-20 22:18:22] Timing @ep 25000: episode 8.0s | train 0.000s | eval 4.5s | plot 3.4s | save 0.001s | cum 0.36h
[2025-08-20 22:22:31] 
[2025-08-20 22:22:31] Benchmark @train_ep   30000 (bench_eps: 200)
[2025-08-20 22:22:31] Macro Winrate          :  17.0%
[2025-08-20 22:22:31] Macro Ø-Reward         :  1.163
[2025-08-20 22:22:31] Winrate vs max_combo   :   4.5% | Σ-Reward:  98.0 | Ø-Reward:  0.490 | Places: [9 (0.04), 18 (0.09), 35 (0.17), 138 (0.69)]
[2025-08-20 22:22:31] Winrate vs random2     :  24.0% | Σ-Reward:  319.0 | Ø-Reward:  1.595 | Places: [48 (0.24), 65 (0.33), 45 (0.23), 42 (0.21)]
[2025-08-20 22:22:31] Winrate vs single_only :  22.5% | Σ-Reward:  281.0 | Ø-Reward:  1.405 | Places: [45 (0.23), 45 (0.23), 56 (0.28), 54 (0.27)]
[2025-08-20 22:22:35] Timing @ep 30000: episode 8.5s | train 0.000s | eval 4.5s | plot 3.9s | save 0.001s | cum 0.43h
[2025-08-20 22:26:46] 
[2025-08-20 22:26:46] Benchmark @train_ep   35000 (bench_eps: 200)
[2025-08-20 22:26:46] Macro Winrate          :  13.8%
[2025-08-20 22:26:46] Macro Ø-Reward         :  1.073
[2025-08-20 22:26:46] Winrate vs max_combo   :   2.5% | Σ-Reward:  93.0 | Ø-Reward:  0.465 | Places: [5 (0.03), 15 (0.07), 48 (0.24), 132 (0.66)]
[2025-08-20 22:26:46] Winrate vs random2     :  22.0% | Σ-Reward:  308.0 | Ø-Reward:  1.540 | Places: [44 (0.22), 67 (0.34), 42 (0.21), 47 (0.23)]
[2025-08-20 22:26:46] Winrate vs single_only :  17.0% | Σ-Reward:  243.0 | Ø-Reward:  1.215 | Places: [34 (0.17), 35 (0.17), 71 (0.35), 60 (0.30)]
[2025-08-20 22:26:50] Timing @ep 35000: episode 8.6s | train 0.000s | eval 4.5s | plot 4.0s | save 0.002s | cum 0.50h
[2025-08-20 22:31:02] 
[2025-08-20 22:31:02] Benchmark @train_ep   40000 (bench_eps: 200)
[2025-08-20 22:31:02] Macro Winrate          :  15.2%
[2025-08-20 22:31:02] Macro Ø-Reward         :  1.140
[2025-08-20 22:31:02] Winrate vs max_combo   :   5.5% | Σ-Reward:  109.0 | Ø-Reward:  0.545 | Places: [11 (0.06), 12 (0.06), 52 (0.26), 125 (0.62)]
[2025-08-20 22:31:02] Winrate vs random2     :  22.5% | Σ-Reward:  316.0 | Ø-Reward:  1.580 | Places: [45 (0.23), 60 (0.30), 61 (0.30), 34 (0.17)]
[2025-08-20 22:31:02] Winrate vs single_only :  17.5% | Σ-Reward:  259.0 | Ø-Reward:  1.295 | Places: [35 (0.17), 46 (0.23), 62 (0.31), 57 (0.28)]
[2025-08-20 22:31:06] Timing @ep 40000: episode 9.2s | train 0.000s | eval 4.6s | plot 4.5s | save 0.001s | cum 0.57h
[2025-08-20 22:35:20] 
[2025-08-20 22:35:20] Benchmark @train_ep   45000 (bench_eps: 200)
[2025-08-20 22:35:20] Macro Winrate          :  15.2%
[2025-08-20 22:35:20] Macro Ø-Reward         :  1.132
[2025-08-20 22:35:20] Winrate vs max_combo   :   4.5% | Σ-Reward:  108.0 | Ø-Reward:  0.540 | Places: [9 (0.04), 21 (0.10), 39 (0.20), 131 (0.66)]
[2025-08-20 22:35:20] Winrate vs random2     :  25.0% | Σ-Reward:  324.0 | Ø-Reward:  1.620 | Places: [50 (0.25), 58 (0.29), 58 (0.29), 34 (0.17)]
[2025-08-20 22:35:20] Winrate vs single_only :  16.0% | Σ-Reward:  247.0 | Ø-Reward:  1.235 | Places: [32 (0.16), 46 (0.23), 59 (0.29), 63 (0.32)]
[2025-08-20 22:35:24] Timing @ep 45000: episode 9.6s | train 0.000s | eval 4.7s | plot 4.8s | save 0.001s | cum 0.64h
[2025-08-20 22:39:36] 
[2025-08-20 22:39:36] Benchmark @train_ep   50000 (bench_eps: 200)
[2025-08-20 22:39:36] Macro Winrate          :  16.5%
[2025-08-20 22:39:36] Macro Ø-Reward         :  1.123
[2025-08-20 22:39:36] Winrate vs max_combo   :   2.0% | Σ-Reward:  95.0 | Ø-Reward:  0.475 | Places: [4 (0.02), 15 (0.07), 53 (0.27), 128 (0.64)]
[2025-08-20 22:39:36] Winrate vs random2     :  31.0% | Σ-Reward:  331.0 | Ø-Reward:  1.655 | Places: [62 (0.31), 45 (0.23), 55 (0.28), 38 (0.19)]
[2025-08-20 22:39:36] Winrate vs single_only :  16.5% | Σ-Reward:  248.0 | Ø-Reward:  1.240 | Places: [33 (0.17), 44 (0.22), 61 (0.30), 62 (0.31)]
[2025-08-20 22:39:41] Timing @ep 50000: episode 10.7s | train 0.000s | eval 5.2s | plot 5.4s | save 0.001s | cum 0.71h
[2025-08-20 22:43:53] 
[2025-08-20 22:43:53] Benchmark @train_ep   55000 (bench_eps: 200)
[2025-08-20 22:43:53] Macro Winrate          :  14.8%
[2025-08-20 22:43:53] Macro Ø-Reward         :  1.095
[2025-08-20 22:43:53] Winrate vs max_combo   :   3.5% | Σ-Reward:  102.0 | Ø-Reward:  0.510 | Places: [7 (0.04), 12 (0.06), 57 (0.28), 124 (0.62)]
[2025-08-20 22:43:53] Winrate vs random2     :  22.5% | Σ-Reward:  295.0 | Ø-Reward:  1.475 | Places: [45 (0.23), 51 (0.26), 58 (0.29), 46 (0.23)]
[2025-08-20 22:43:53] Winrate vs single_only :  18.5% | Σ-Reward:  260.0 | Ø-Reward:  1.300 | Places: [37 (0.18), 45 (0.23), 59 (0.29), 59 (0.29)]
[2025-08-20 22:43:58] Timing @ep 55000: episode 9.3s | train 0.000s | eval 4.5s | plot 4.7s | save 0.001s | cum 0.78h
[2025-08-20 22:48:10] 
[2025-08-20 22:48:10] Benchmark @train_ep   60000 (bench_eps: 200)
[2025-08-20 22:48:10] Macro Winrate          :  15.0%
[2025-08-20 22:48:10] Macro Ø-Reward         :  1.103
[2025-08-20 22:48:10] Winrate vs max_combo   :   3.5% | Σ-Reward:  119.0 | Ø-Reward:  0.595 | Places: [7 (0.04), 22 (0.11), 54 (0.27), 117 (0.58)]
[2025-08-20 22:48:10] Winrate vs random2     :  26.0% | Σ-Reward:  306.0 | Ø-Reward:  1.530 | Places: [52 (0.26), 49 (0.24), 52 (0.26), 47 (0.23)]
[2025-08-20 22:48:10] Winrate vs single_only :  15.5% | Σ-Reward:  237.0 | Ø-Reward:  1.185 | Places: [31 (0.15), 43 (0.21), 58 (0.29), 68 (0.34)]
[2025-08-20 22:48:15] Timing @ep 60000: episode 9.4s | train 0.000s | eval 4.5s | plot 4.8s | save 0.001s | cum 0.86h
[2025-08-20 22:52:28] 
[2025-08-20 22:52:28] Benchmark @train_ep   65000 (bench_eps: 200)
[2025-08-20 22:52:28] Macro Winrate          :  14.8%
[2025-08-20 22:52:28] Macro Ø-Reward         :  1.087
[2025-08-20 22:52:28] Winrate vs max_combo   :   3.0% | Σ-Reward:  92.0 | Ø-Reward:  0.460 | Places: [6 (0.03), 11 (0.06), 52 (0.26), 131 (0.66)]
[2025-08-20 22:52:28] Winrate vs random2     :  25.0% | Σ-Reward:  320.0 | Ø-Reward:  1.600 | Places: [50 (0.25), 59 (0.29), 52 (0.26), 39 (0.20)]
[2025-08-20 22:52:28] Winrate vs single_only :  16.5% | Σ-Reward:  240.0 | Ø-Reward:  1.200 | Places: [33 (0.17), 48 (0.24), 45 (0.23), 74 (0.37)]
[2025-08-20 22:52:32] Timing @ep 65000: episode 9.3s | train 0.000s | eval 4.6s | plot 4.6s | save 0.001s | cum 0.93h
[2025-08-20 22:56:42] 
[2025-08-20 22:56:42] Benchmark @train_ep   70000 (bench_eps: 200)
[2025-08-20 22:56:42] Macro Winrate          :  13.8%
[2025-08-20 22:56:42] Macro Ø-Reward         :  1.063
[2025-08-20 22:56:42] Winrate vs max_combo   :   2.5% | Σ-Reward:  105.0 | Ø-Reward:  0.525 | Places: [5 (0.03), 23 (0.12), 44 (0.22), 128 (0.64)]
[2025-08-20 22:56:42] Winrate vs random2     :  22.5% | Σ-Reward:  291.0 | Ø-Reward:  1.455 | Places: [45 (0.23), 51 (0.26), 54 (0.27), 50 (0.25)]
[2025-08-20 22:56:42] Winrate vs single_only :  16.5% | Σ-Reward:  242.0 | Ø-Reward:  1.210 | Places: [33 (0.17), 47 (0.23), 49 (0.24), 71 (0.35)]
[2025-08-20 22:56:47] Timing @ep 70000: episode 9.7s | train 0.000s | eval 4.6s | plot 5.0s | save 0.001s | cum 1.00h
[2025-08-20 23:00:57] 
[2025-08-20 23:00:57] Benchmark @train_ep   75000 (bench_eps: 200)
[2025-08-20 23:00:57] Macro Winrate          :  16.5%
[2025-08-20 23:00:57] Macro Ø-Reward         :  1.087
[2025-08-20 23:00:57] Winrate vs max_combo   :   3.0% | Σ-Reward:  97.0 | Ø-Reward:  0.485 | Places: [6 (0.03), 17 (0.09), 45 (0.23), 132 (0.66)]
[2025-08-20 23:00:57] Winrate vs random2     :  26.0% | Σ-Reward:  300.0 | Ø-Reward:  1.500 | Places: [52 (0.26), 44 (0.22), 56 (0.28), 48 (0.24)]
[2025-08-20 23:00:57] Winrate vs single_only :  20.5% | Σ-Reward:  255.0 | Ø-Reward:  1.275 | Places: [41 (0.20), 38 (0.19), 56 (0.28), 65 (0.33)]
[2025-08-20 23:01:02] Timing @ep 75000: episode 10.1s | train 0.000s | eval 4.5s | plot 5.5s | save 0.002s | cum 1.07h
[2025-08-20 23:05:13] 
[2025-08-20 23:05:13] Benchmark @train_ep   80000 (bench_eps: 200)
[2025-08-20 23:05:13] Macro Winrate          :  15.2%
[2025-08-20 23:05:13] Macro Ø-Reward         :  1.033
[2025-08-20 23:05:13] Winrate vs max_combo   :   4.0% | Σ-Reward:  103.0 | Ø-Reward:  0.515 | Places: [8 (0.04), 18 (0.09), 43 (0.21), 131 (0.66)]
[2025-08-20 23:05:13] Winrate vs random2     :  22.5% | Σ-Reward:  269.0 | Ø-Reward:  1.345 | Places: [45 (0.23), 37 (0.18), 60 (0.30), 58 (0.29)]
[2025-08-20 23:05:13] Winrate vs single_only :  19.0% | Σ-Reward:  248.0 | Ø-Reward:  1.240 | Places: [38 (0.19), 40 (0.20), 54 (0.27), 68 (0.34)]
[2025-08-20 23:05:18] Timing @ep 80000: episode 9.8s | train 0.000s | eval 4.5s | plot 5.2s | save 0.002s | cum 1.14h
[2025-08-20 23:10:37] 
[2025-08-20 23:10:37] Benchmark @train_ep   85000 (bench_eps: 200)
[2025-08-20 23:10:37] Macro Winrate          :  17.8%
[2025-08-20 23:10:37] Macro Ø-Reward         :  1.160
[2025-08-20 23:10:37] Winrate vs max_combo   :   7.5% | Σ-Reward:  122.0 | Ø-Reward:  0.610 | Places: [15 (0.07), 16 (0.08), 45 (0.23), 124 (0.62)]
[2025-08-20 23:10:37] Winrate vs random2     :  21.5% | Σ-Reward:  284.0 | Ø-Reward:  1.420 | Places: [43 (0.21), 51 (0.26), 53 (0.27), 53 (0.27)]
[2025-08-20 23:10:37] Winrate vs single_only :  24.5% | Σ-Reward:  290.0 | Ø-Reward:  1.450 | Places: [49 (0.24), 46 (0.23), 51 (0.26), 54 (0.27)]
[2025-08-20 23:10:44] Timing @ep 85000: episode 14.9s | train 0.000s | eval 6.9s | plot 7.9s | save 0.002s | cum 1.23h
[2025-08-20 23:16:49] 
[2025-08-20 23:16:49] Benchmark @train_ep   90000 (bench_eps: 200)
[2025-08-20 23:16:49] Macro Winrate          :  15.2%
[2025-08-20 23:16:49] Macro Ø-Reward         :  1.135
[2025-08-20 23:16:49] Winrate vs max_combo   :   4.0% | Σ-Reward:  101.0 | Ø-Reward:  0.505 | Places: [8 (0.04), 17 (0.09), 43 (0.21), 132 (0.66)]
[2025-08-20 23:16:49] Winrate vs random2     :  21.5% | Σ-Reward:  312.0 | Ø-Reward:  1.560 | Places: [43 (0.21), 67 (0.34), 49 (0.24), 41 (0.20)]
[2025-08-20 23:16:49] Winrate vs single_only :  20.0% | Σ-Reward:  268.0 | Ø-Reward:  1.340 | Places: [40 (0.20), 44 (0.22), 60 (0.30), 56 (0.28)]
[2025-08-20 23:16:56] Timing @ep 90000: episode 13.4s | train 0.000s | eval 6.2s | plot 7.1s | save 0.002s | cum 1.33h
[2025-08-20 23:22:46] 
[2025-08-20 23:22:46] Benchmark @train_ep   95000 (bench_eps: 200)
[2025-08-20 23:22:46] Macro Winrate          :  13.8%
[2025-08-20 23:22:46] Macro Ø-Reward         :  1.015
[2025-08-20 23:22:46] Winrate vs max_combo   :   3.0% | Σ-Reward:  100.0 | Ø-Reward:  0.500 | Places: [6 (0.03), 19 (0.10), 44 (0.22), 131 (0.66)]
[2025-08-20 23:22:46] Winrate vs random2     :  19.0% | Σ-Reward:  267.0 | Ø-Reward:  1.335 | Places: [38 (0.19), 50 (0.25), 53 (0.27), 59 (0.29)]
[2025-08-20 23:22:46] Winrate vs single_only :  19.5% | Σ-Reward:  242.0 | Ø-Reward:  1.210 | Places: [39 (0.20), 35 (0.17), 55 (0.28), 71 (0.35)]
[2025-08-20 23:22:53] Timing @ep 95000: episode 12.4s | train 0.000s | eval 5.6s | plot 6.6s | save 0.002s | cum 1.43h
[2025-08-20 23:28:32] 
[2025-08-20 23:28:32] Benchmark @train_ep  100000 (bench_eps: 200)
[2025-08-20 23:28:32] Macro Winrate          :  14.2%
[2025-08-20 23:28:32] Macro Ø-Reward         :  1.070
[2025-08-20 23:28:32] Winrate vs max_combo   :   4.0% | Σ-Reward:  89.0 | Ø-Reward:  0.445 | Places: [8 (0.04), 14 (0.07), 37 (0.18), 141 (0.70)]
[2025-08-20 23:28:32] Winrate vs random2     :  19.5% | Σ-Reward:  287.0 | Ø-Reward:  1.435 | Places: [39 (0.20), 58 (0.29), 54 (0.27), 49 (0.24)]
[2025-08-20 23:28:32] Winrate vs single_only :  19.0% | Σ-Reward:  266.0 | Ø-Reward:  1.330 | Places: [38 (0.19), 47 (0.23), 58 (0.29), 57 (0.28)]
[2025-08-20 23:28:38] Timing @ep 100000: episode 12.3s | train 0.000s | eval 5.7s | plot 6.5s | save 0.002s | cum 1.53h
[2025-08-20 23:28:38] 
[2025-08-20 23:28:38] Gesamtzeit: 1.53h (~ 18.17 eps/s)
[2025-08-20 23:28:38] K4 (Shared-Policy + RAM-Snapshots) Training abgeschlossen.
