[2025-08-19 16:27:52] New Training
[2025-08-19 16:27:52] Deck_Size: 12
[2025-08-19 16:27:52] Episodes: 100
[2025-08-19 16:27:52] Path: /home/wasterix/OpenSpiel/open_spiel/President/models/k1a1/model_50
[2025-08-19 16:27:57] 
[2025-08-19 16:27:57] Benchmark      20 episodes
[2025-08-19 16:27:57] Macro Winrate          :  21.3%
[2025-08-19 16:27:57] Macro Ø-Reward         :  1.250
[2025-08-19 16:27:57] Winrate vs max_combo   :  18.5% | Ø-Reward:  1.105 | Places: [0.18 (37), 0.15 (30), 0.25 (50), 0.41 (83)]
[2025-08-19 16:27:57] Winrate vs random2     :  17.5% | Ø-Reward:  1.230 | Places: [0.17 (35), 0.21 (42), 0.28 (57), 0.33 (66)]
[2025-08-19 16:27:57] Winrate vs single_only :  28.0% | Ø-Reward:  1.415 | Places: [0.28 (56), 0.17 (35), 0.23 (45), 0.32 (64)]
[2025-08-19 16:27:59] Timing @ep 20: episode 4.5s | train 0.002s | eval 2.3s | plot 2.2s | save 0.004s | cum 0.00h
[2025-08-19 16:28:02] 
[2025-08-19 16:28:02] Benchmark      40 episodes
[2025-08-19 16:28:02] Macro Winrate          :  22.3%
[2025-08-19 16:28:02] Macro Ø-Reward         :  1.280
[2025-08-19 16:28:02] Winrate vs max_combo   :  19.5% | Ø-Reward:  1.140 | Places: [0.20 (39), 0.14 (29), 0.27 (53), 0.40 (79)]
[2025-08-19 16:28:02] Winrate vs random2     :  17.5% | Ø-Reward:  1.280 | Places: [0.17 (35), 0.26 (51), 0.24 (49), 0.33 (65)]
[2025-08-19 16:28:02] Winrate vs single_only :  30.0% | Ø-Reward:  1.420 | Places: [0.30 (60), 0.14 (28), 0.24 (48), 0.32 (64)]
[2025-08-19 16:28:05] Timing @ep 40: episode 4.9s | train 0.004s | eval 2.4s | plot 2.4s | save 0.002s | cum 0.00h
[2025-08-19 16:28:08] 
[2025-08-19 16:28:08] Benchmark      60 episodes
[2025-08-19 16:28:08] Macro Winrate          :  24.5%
[2025-08-19 16:28:08] Macro Ø-Reward         :  1.332
[2025-08-19 16:28:08] Winrate vs max_combo   :  22.0% | Ø-Reward:  1.185 | Places: [0.22 (44), 0.15 (30), 0.23 (45), 0.41 (81)]
[2025-08-19 16:28:08] Winrate vs random2     :  21.5% | Ø-Reward:  1.330 | Places: [0.21 (43), 0.21 (43), 0.26 (51), 0.32 (63)]
[2025-08-19 16:28:08] Winrate vs single_only :  30.0% | Ø-Reward:  1.480 | Places: [0.30 (60), 0.17 (35), 0.23 (46), 0.29 (59)]
[2025-08-19 16:28:10] Timing @ep 60: episode 5.1s | train 0.003s | eval 2.7s | plot 2.4s | save 0.001s | cum 0.00h
[2025-08-19 16:28:12] 
[2025-08-19 16:28:12] Benchmark      80 episodes
[2025-08-19 16:28:12] Macro Winrate          :  25.8%
[2025-08-19 16:28:12] Macro Ø-Reward         :  1.362
[2025-08-19 16:28:12] Winrate vs max_combo   :  19.0% | Ø-Reward:  1.060 | Places: [0.19 (38), 0.14 (29), 0.20 (40), 0.47 (93)]
[2025-08-19 16:28:12] Winrate vs random2     :  18.0% | Ø-Reward:  1.295 | Places: [0.18 (36), 0.26 (51), 0.24 (49), 0.32 (64)]
[2025-08-19 16:28:12] Winrate vs single_only :  40.5% | Ø-Reward:  1.730 | Places: [0.41 (81), 0.12 (24), 0.28 (55), 0.20 (40)]
[2025-08-19 16:28:14] Timing @ep 80: episode 4.3s | train 0.002s | eval 2.0s | plot 2.2s | save 0.001s | cum 0.01h
[2025-08-19 16:28:17] 
[2025-08-19 16:28:17] Benchmark     100 episodes
[2025-08-19 16:28:17] Macro Winrate          :  32.5%
[2025-08-19 16:28:17] Macro Ø-Reward         :  1.528
[2025-08-19 16:28:17] Winrate vs max_combo   :  26.0% | Ø-Reward:  1.365 | Places: [0.26 (52), 0.15 (31), 0.28 (55), 0.31 (62)]
[2025-08-19 16:28:17] Winrate vs random2     :  28.5% | Ø-Reward:  1.540 | Places: [0.28 (57), 0.21 (42), 0.27 (53), 0.24 (48)]
[2025-08-19 16:28:17] Winrate vs single_only :  43.0% | Ø-Reward:  1.680 | Places: [0.43 (86), 0.07 (15), 0.24 (48), 0.26 (51)]
[2025-08-19 16:28:19] Timing @ep 100: episode 4.4s | train 0.003s | eval 2.1s | plot 2.3s | save 0.001s | cum 0.01h
[2025-08-19 16:28:19] 
[2025-08-19 16:28:19] Gesamtzeit: 0.01h (~ 4.15 eps/s)
[2025-08-19 16:28:19] K1 Training abgeschlossen.
