[2025-08-25 20:11:58] New Training (k4a2): Shared-Policy DQN
[2025-08-25 20:11:58] Deck_Size: 16
[2025-08-25 20:11:58] Episodes: 100000
[2025-08-25 20:11:58] Path: /home/wasterix/OpenSpiel/open_spiel/President/models/k4a2/model_01
[2025-08-25 20:20:04] 
[2025-08-25 20:20:04] Benchmark @train_ep    5000 (bench_eps: 2000)
[2025-08-25 20:20:04] Macro Winrate          :  49.1%
[2025-08-25 20:20:04] Macro Ø-Reward         :  2.059
[2025-08-25 20:20:04] Winrate vs max_combo   :  37.8% | Σ-Reward:  3624.0 | Ø-Reward:  1.812 | Places: [755 (0.38), 476 (0.24), 407 (0.20), 362 (0.18)]
[2025-08-25 20:20:04] Winrate vs random2     :  41.9% | Σ-Reward:  3983.0 | Ø-Reward:  1.992 | Places: [837 (0.42), 539 (0.27), 394 (0.20), 230 (0.12)]
[2025-08-25 20:20:04] Winrate vs single_only :  67.7% | Σ-Reward:  4747.0 | Ø-Reward:  2.373 | Places: [1354 (0.68), 192 (0.10), 301 (0.15), 153 (0.08)]
[2025-08-25 20:20:05] Timing @ep 5000: episode 13.5s | train 0.000s | eval 11.9s | plot 1.5s | save 0.006s | cum 0.14h
[2025-08-25 20:30:42] 
[2025-08-25 20:30:42] Benchmark @train_ep   10000 (bench_eps: 2000)
[2025-08-25 20:30:42] Macro Winrate          :  46.4%
[2025-08-25 20:30:42] Macro Ø-Reward         :  2.030
[2025-08-25 20:30:42] Winrate vs max_combo   :  36.2% | Σ-Reward:  3601.0 | Ø-Reward:  1.800 | Places: [725 (0.36), 488 (0.24), 450 (0.23), 337 (0.17)]
[2025-08-25 20:30:42] Winrate vs random2     :  42.1% | Σ-Reward:  4040.0 | Ø-Reward:  2.020 | Places: [842 (0.42), 552 (0.28), 410 (0.20), 196 (0.10)]
[2025-08-25 20:30:42] Winrate vs single_only :  60.9% | Σ-Reward:  4539.0 | Ø-Reward:  2.269 | Places: [1218 (0.61), 275 (0.14), 335 (0.17), 172 (0.09)]
[2025-08-25 20:30:44] Timing @ep 10000: episode 13.4s | train 0.000s | eval 11.5s | plot 1.8s | save 0.005s | cum 0.31h
[2025-08-25 20:40:29] 
[2025-08-25 20:40:29] Benchmark @train_ep   15000 (bench_eps: 2000)
[2025-08-25 20:40:29] Macro Winrate          :  13.7%
[2025-08-25 20:40:29] Macro Ø-Reward         :  1.106
[2025-08-25 20:40:29] Winrate vs max_combo   :  10.2% | Σ-Reward:  1738.0 | Ø-Reward:  0.869 | Places: [203 (0.10), 327 (0.16), 475 (0.24), 995 (0.50)]
[2025-08-25 20:40:29] Winrate vs random2     :  13.3% | Σ-Reward:  2403.0 | Ø-Reward:  1.202 | Places: [266 (0.13), 522 (0.26), 561 (0.28), 651 (0.33)]
[2025-08-25 20:40:29] Winrate vs single_only :  17.8% | Σ-Reward:  2495.0 | Ø-Reward:  1.248 | Places: [355 (0.18), 443 (0.22), 544 (0.27), 658 (0.33)]
[2025-08-25 20:40:30] Timing @ep 15000: episode 13.4s | train 0.000s | eval 11.9s | plot 1.4s | save 0.005s | cum 0.48h
[2025-08-25 20:51:19] 
[2025-08-25 20:51:19] Benchmark @train_ep   20000 (bench_eps: 2000)
[2025-08-25 20:51:19] Macro Winrate          :   8.8%
[2025-08-25 20:51:19] Macro Ø-Reward         :  0.848
[2025-08-25 20:51:19] Winrate vs max_combo   :   5.3% | Σ-Reward:  1235.0 | Ø-Reward:  0.618 | Places: [107 (0.05), 254 (0.13), 406 (0.20), 1233 (0.62)]
[2025-08-25 20:51:19] Winrate vs random2     :   7.0% | Σ-Reward:  1802.0 | Ø-Reward:  0.901 | Places: [139 (0.07), 422 (0.21), 541 (0.27), 898 (0.45)]
[2025-08-25 20:51:19] Winrate vs single_only :  14.2% | Σ-Reward:  2050.0 | Ø-Reward:  1.025 | Places: [285 (0.14), 377 (0.19), 441 (0.22), 897 (0.45)]
[2025-08-25 20:51:20] Timing @ep 20000: episode 14.2s | train 0.000s | eval 12.5s | plot 1.6s | save 0.005s | cum 0.66h
[2025-08-25 20:59:50] 
[2025-08-25 20:59:50] Benchmark @train_ep   25000 (bench_eps: 2000)
[2025-08-25 20:59:50] Macro Winrate          :  21.3%
[2025-08-25 20:59:50] Macro Ø-Reward         :  1.294
[2025-08-25 20:59:50] Winrate vs max_combo   :  15.2% | Σ-Reward:  2079.0 | Ø-Reward:  1.040 | Places: [305 (0.15), 358 (0.18), 448 (0.22), 889 (0.44)]
[2025-08-25 20:59:50] Winrate vs random2     :  15.8% | Σ-Reward:  2506.0 | Ø-Reward:  1.253 | Places: [317 (0.16), 538 (0.27), 479 (0.24), 666 (0.33)]
[2025-08-25 20:59:50] Winrate vs single_only :  33.0% | Σ-Reward:  3182.0 | Ø-Reward:  1.591 | Places: [659 (0.33), 400 (0.20), 405 (0.20), 536 (0.27)]
[2025-08-25 20:59:51] Timing @ep 25000: episode 10.2s | train 0.000s | eval 8.9s | plot 1.2s | save 0.005s | cum 0.80h
[2025-08-25 21:07:06] 
[2025-08-25 21:07:06] Benchmark @train_ep   30000 (bench_eps: 2000)
[2025-08-25 21:07:06] Macro Winrate          :  17.5%
[2025-08-25 21:07:06] Macro Ø-Reward         :  1.144
[2025-08-25 21:07:06] Winrate vs max_combo   :  11.5% | Σ-Reward:  1847.0 | Ø-Reward:  0.923 | Places: [230 (0.12), 344 (0.17), 469 (0.23), 957 (0.48)]
[2025-08-25 21:07:06] Winrate vs random2     :  13.8% | Σ-Reward:  2239.0 | Ø-Reward:  1.119 | Places: [276 (0.14), 412 (0.21), 587 (0.29), 725 (0.36)]
[2025-08-25 21:07:06] Winrate vs single_only :  27.2% | Σ-Reward:  2776.0 | Ø-Reward:  1.388 | Places: [544 (0.27), 314 (0.16), 516 (0.26), 626 (0.31)]
[2025-08-25 21:07:07] Timing @ep 30000: episode 9.7s | train 0.000s | eval 8.6s | plot 1.0s | save 0.004s | cum 0.92h
[2025-08-25 21:14:33] 
[2025-08-25 21:14:33] Benchmark @train_ep   35000 (bench_eps: 2000)
[2025-08-25 21:14:33] Macro Winrate          :  14.5%
[2025-08-25 21:14:33] Macro Ø-Reward         :  0.938
[2025-08-25 21:14:33] Winrate vs max_combo   :   9.8% | Σ-Reward:  1472.0 | Ø-Reward:  0.736 | Places: [196 (0.10), 252 (0.13), 380 (0.19), 1172 (0.59)]
[2025-08-25 21:14:33] Winrate vs random2     :  17.1% | Σ-Reward:  2165.0 | Ø-Reward:  1.083 | Places: [342 (0.17), 352 (0.18), 435 (0.22), 871 (0.44)]
[2025-08-25 21:14:33] Winrate vs single_only :  16.6% | Σ-Reward:  1989.0 | Ø-Reward:  0.995 | Places: [331 (0.17), 312 (0.16), 372 (0.19), 985 (0.49)]
[2025-08-25 21:14:34] Timing @ep 35000: episode 11.0s | train 0.000s | eval 9.7s | plot 1.2s | save 0.005s | cum 1.04h
[2025-08-25 21:22:13] 
[2025-08-25 21:22:13] Benchmark @train_ep   40000 (bench_eps: 2000)
[2025-08-25 21:22:13] Macro Winrate          :  22.4%
[2025-08-25 21:22:13] Macro Ø-Reward         :  1.189
[2025-08-25 21:22:13] Winrate vs max_combo   :  15.7% | Σ-Reward:  2030.0 | Ø-Reward:  1.015 | Places: [314 (0.16), 338 (0.17), 412 (0.21), 936 (0.47)]
[2025-08-25 21:22:13] Winrate vs random2     :  15.9% | Σ-Reward:  2143.0 | Ø-Reward:  1.071 | Places: [319 (0.16), 348 (0.17), 490 (0.24), 843 (0.42)]
[2025-08-25 21:22:13] Winrate vs single_only :  35.5% | Σ-Reward:  2960.0 | Ø-Reward:  1.480 | Places: [711 (0.36), 219 (0.11), 389 (0.19), 681 (0.34)]
[2025-08-25 21:22:14] Timing @ep 40000: episode 10.1s | train 0.000s | eval 8.8s | plot 1.2s | save 0.006s | cum 1.17h
[2025-08-25 21:30:42] 
[2025-08-25 21:30:42] Benchmark @train_ep   45000 (bench_eps: 2000)
[2025-08-25 21:30:42] Macro Winrate          :  22.8%
[2025-08-25 21:30:42] Macro Ø-Reward         :  1.319
[2025-08-25 21:30:42] Winrate vs max_combo   :  16.8% | Σ-Reward:  2283.0 | Ø-Reward:  1.141 | Places: [336 (0.17), 408 (0.20), 459 (0.23), 797 (0.40)]
[2025-08-25 21:30:42] Winrate vs random2     :  20.9% | Σ-Reward:  2734.0 | Ø-Reward:  1.367 | Places: [418 (0.21), 472 (0.24), 536 (0.27), 574 (0.29)]
[2025-08-25 21:30:42] Winrate vs single_only :  30.8% | Σ-Reward:  2895.0 | Ø-Reward:  1.448 | Places: [616 (0.31), 310 (0.15), 427 (0.21), 647 (0.32)]
[2025-08-25 21:30:43] Timing @ep 45000: episode 11.0s | train 0.000s | eval 9.6s | plot 1.3s | save 0.006s | cum 1.31h
[2025-08-25 21:39:40] 
[2025-08-25 21:39:40] Benchmark @train_ep   50000 (bench_eps: 2000)
[2025-08-25 21:39:40] Macro Winrate          :   8.7%
[2025-08-25 21:39:40] Macro Ø-Reward         :  0.763
[2025-08-25 21:39:40] Winrate vs max_combo   :   8.1% | Σ-Reward:  1241.0 | Ø-Reward:  0.621 | Places: [162 (0.08), 187 (0.09), 381 (0.19), 1270 (0.64)]
[2025-08-25 21:39:40] Winrate vs random2     :   8.7% | Σ-Reward:  1717.0 | Ø-Reward:  0.859 | Places: [173 (0.09), 318 (0.16), 562 (0.28), 947 (0.47)]
[2025-08-25 21:39:40] Winrate vs single_only :   9.4% | Σ-Reward:  1617.0 | Ø-Reward:  0.808 | Places: [188 (0.09), 271 (0.14), 511 (0.26), 1030 (0.52)]
[2025-08-25 21:39:42] Timing @ep 50000: episode 12.7s | train 0.000s | eval 11.5s | plot 1.1s | save 0.006s | cum 1.46h
[2025-08-25 21:48:24] 
[2025-08-25 21:48:24] Benchmark @train_ep   55000 (bench_eps: 2000)
[2025-08-25 21:48:24] Macro Winrate          :   6.5%
[2025-08-25 21:48:24] Macro Ø-Reward         :  0.826
[2025-08-25 21:48:24] Winrate vs max_combo   :   4.4% | Σ-Reward:  1353.0 | Ø-Reward:  0.676 | Places: [88 (0.04), 271 (0.14), 547 (0.27), 1094 (0.55)]
[2025-08-25 21:48:24] Winrate vs random2     :   6.7% | Σ-Reward:  1835.0 | Ø-Reward:  0.917 | Places: [133 (0.07), 418 (0.21), 600 (0.30), 849 (0.42)]
[2025-08-25 21:48:24] Winrate vs single_only :   8.4% | Σ-Reward:  1771.0 | Ø-Reward:  0.885 | Places: [169 (0.08), 318 (0.16), 628 (0.31), 885 (0.44)]
[2025-08-25 21:48:25] Timing @ep 55000: episode 12.4s | train 0.000s | eval 11.2s | plot 1.1s | save 0.005s | cum 1.61h
[2025-08-25 21:57:38] 
[2025-08-25 21:57:38] Benchmark @train_ep   60000 (bench_eps: 2000)
[2025-08-25 21:57:38] Macro Winrate          :   3.2%
[2025-08-25 21:57:38] Macro Ø-Reward         :  0.552
[2025-08-25 21:57:38] Winrate vs max_combo   :   3.8% | Σ-Reward:  941.0 | Ø-Reward:  0.470 | Places: [76 (0.04), 153 (0.08), 407 (0.20), 1364 (0.68)]
[2025-08-25 21:57:38] Winrate vs random2     :   2.6% | Σ-Reward:  1153.0 | Ø-Reward:  0.577 | Places: [53 (0.03), 193 (0.10), 608 (0.30), 1146 (0.57)]
[2025-08-25 21:57:38] Winrate vs single_only :   3.2% | Σ-Reward:  1219.0 | Ø-Reward:  0.610 | Places: [64 (0.03), 230 (0.12), 567 (0.28), 1139 (0.57)]
[2025-08-25 21:57:40] Timing @ep 60000: episode 13.5s | train 0.000s | eval 12.1s | plot 1.3s | save 0.005s | cum 1.76h
[2025-08-25 22:06:53] 
[2025-08-25 22:06:53] Benchmark @train_ep   65000 (bench_eps: 2000)
[2025-08-25 22:06:53] Macro Winrate          :   5.6%
[2025-08-25 22:06:53] Macro Ø-Reward         :  0.677
[2025-08-25 22:06:53] Winrate vs max_combo   :   5.2% | Σ-Reward:  1093.0 | Ø-Reward:  0.546 | Places: [104 (0.05), 195 (0.10), 391 (0.20), 1310 (0.66)]
[2025-08-25 22:06:53] Winrate vs random2     :   7.0% | Σ-Reward:  1697.0 | Ø-Reward:  0.849 | Places: [141 (0.07), 327 (0.16), 620 (0.31), 912 (0.46)]
[2025-08-25 22:06:53] Winrate vs single_only :   4.6% | Σ-Reward:  1275.0 | Ø-Reward:  0.637 | Places: [92 (0.05), 239 (0.12), 521 (0.26), 1148 (0.57)]
[2025-08-25 22:06:54] Timing @ep 65000: episode 12.6s | train 0.000s | eval 11.3s | plot 1.2s | save 0.005s | cum 1.92h
[2025-08-25 22:16:07] 
[2025-08-25 22:16:07] Benchmark @train_ep   70000 (bench_eps: 2000)
[2025-08-25 22:16:07] Macro Winrate          :  19.3%
[2025-08-25 22:16:07] Macro Ø-Reward         :  1.234
[2025-08-25 22:16:07] Winrate vs max_combo   :  15.4% | Σ-Reward:  2089.0 | Ø-Reward:  1.044 | Places: [308 (0.15), 347 (0.17), 471 (0.24), 874 (0.44)]
[2025-08-25 22:16:07] Winrate vs random2     :  20.8% | Σ-Reward:  2676.0 | Ø-Reward:  1.338 | Places: [415 (0.21), 486 (0.24), 459 (0.23), 640 (0.32)]
[2025-08-25 22:16:07] Winrate vs single_only :  21.8% | Σ-Reward:  2641.0 | Ø-Reward:  1.321 | Places: [435 (0.22), 434 (0.22), 468 (0.23), 663 (0.33)]
[2025-08-25 22:16:08] Timing @ep 70000: episode 11.8s | train 0.000s | eval 10.3s | plot 1.3s | save 0.004s | cum 2.07h
[2025-08-25 22:25:17] 
[2025-08-25 22:25:17] Benchmark @train_ep   75000 (bench_eps: 2000)
[2025-08-25 22:25:17] Macro Winrate          :  25.7%
[2025-08-25 22:25:17] Macro Ø-Reward         :  1.216
[2025-08-25 22:25:17] Winrate vs max_combo   :  17.6% | Σ-Reward:  1959.0 | Ø-Reward:  0.980 | Places: [351 (0.18), 267 (0.13), 372 (0.19), 1010 (0.51)]
[2025-08-25 22:25:17] Winrate vs random2     :  22.4% | Σ-Reward:  2415.0 | Ø-Reward:  1.208 | Places: [448 (0.22), 314 (0.16), 443 (0.22), 795 (0.40)]
[2025-08-25 22:25:17] Winrate vs single_only :  37.2% | Σ-Reward:  2923.0 | Ø-Reward:  1.462 | Places: [744 (0.37), 164 (0.08), 363 (0.18), 729 (0.36)]
[2025-08-25 22:25:18] Timing @ep 75000: episode 11.1s | train 0.000s | eval 9.7s | plot 1.2s | save 0.007s | cum 2.22h
[2025-08-25 22:34:57] 
[2025-08-25 22:34:57] Benchmark @train_ep   80000 (bench_eps: 2000)
[2025-08-25 22:34:57] Macro Winrate          :   6.4%
[2025-08-25 22:34:57] Macro Ø-Reward         :  0.786
[2025-08-25 22:34:57] Winrate vs max_combo   :   5.7% | Σ-Reward:  1315.0 | Ø-Reward:  0.657 | Places: [114 (0.06), 260 (0.13), 453 (0.23), 1173 (0.59)]
[2025-08-25 22:34:57] Winrate vs random2     :   8.0% | Σ-Reward:  1821.0 | Ø-Reward:  0.910 | Places: [159 (0.08), 401 (0.20), 542 (0.27), 898 (0.45)]
[2025-08-25 22:34:57] Winrate vs single_only :   5.7% | Σ-Reward:  1582.0 | Ø-Reward:  0.791 | Places: [113 (0.06), 387 (0.19), 469 (0.23), 1031 (0.52)]
[2025-08-25 22:34:59] Timing @ep 80000: episode 12.7s | train 0.000s | eval 11.2s | plot 1.4s | save 0.004s | cum 2.38h
[2025-08-25 22:43:57] 
[2025-08-25 22:43:57] Benchmark @train_ep   85000 (bench_eps: 2000)
[2025-08-25 22:43:57] Macro Winrate          :  19.1%
[2025-08-25 22:43:57] Macro Ø-Reward         :  1.257
[2025-08-25 22:43:57] Winrate vs max_combo   :  12.9% | Σ-Reward:  1939.0 | Ø-Reward:  0.970 | Places: [258 (0.13), 322 (0.16), 521 (0.26), 899 (0.45)]
[2025-08-25 22:43:57] Winrate vs random2     :  20.3% | Σ-Reward:  2715.0 | Ø-Reward:  1.357 | Places: [406 (0.20), 500 (0.25), 497 (0.25), 597 (0.30)]
[2025-08-25 22:43:57] Winrate vs single_only :  24.0% | Σ-Reward:  2886.0 | Ø-Reward:  1.443 | Places: [480 (0.24), 479 (0.24), 488 (0.24), 553 (0.28)]
[2025-08-25 22:43:58] Timing @ep 85000: episode 12.0s | train 0.000s | eval 10.5s | plot 1.4s | save 0.005s | cum 2.53h
[2025-08-25 22:53:11] 
[2025-08-25 22:53:11] Benchmark @train_ep   90000 (bench_eps: 2000)
[2025-08-25 22:53:11] Macro Winrate          :  22.9%
[2025-08-25 22:53:11] Macro Ø-Reward         :  1.195
[2025-08-25 22:53:11] Winrate vs max_combo   :  13.8% | Σ-Reward:  1851.0 | Ø-Reward:  0.925 | Places: [276 (0.14), 317 (0.16), 389 (0.19), 1018 (0.51)]
[2025-08-25 22:53:11] Winrate vs random2     :  23.4% | Σ-Reward:  2552.0 | Ø-Reward:  1.276 | Places: [467 (0.23), 382 (0.19), 387 (0.19), 764 (0.38)]
[2025-08-25 22:53:11] Winrate vs single_only :  31.7% | Σ-Reward:  2767.0 | Ø-Reward:  1.383 | Places: [634 (0.32), 280 (0.14), 305 (0.15), 781 (0.39)]
[2025-08-25 22:53:12] Timing @ep 90000: episode 11.4s | train 0.000s | eval 10.2s | plot 1.1s | save 0.005s | cum 2.69h
[2025-08-25 23:02:29] 
[2025-08-25 23:02:29] Benchmark @train_ep   95000 (bench_eps: 2000)
[2025-08-25 23:02:29] Macro Winrate          :   9.0%
[2025-08-25 23:02:29] Macro Ø-Reward         :  0.867
[2025-08-25 23:02:29] Winrate vs max_combo   :   9.6% | Σ-Reward:  1621.0 | Ø-Reward:  0.810 | Places: [191 (0.10), 293 (0.15), 462 (0.23), 1054 (0.53)]
[2025-08-25 23:02:29] Winrate vs random2     :  10.3% | Σ-Reward:  1947.0 | Ø-Reward:  0.974 | Places: [207 (0.10), 410 (0.20), 506 (0.25), 877 (0.44)]
[2025-08-25 23:02:29] Winrate vs single_only :   7.0% | Σ-Reward:  1632.0 | Ø-Reward:  0.816 | Places: [140 (0.07), 359 (0.18), 494 (0.25), 1007 (0.50)]
[2025-08-25 23:02:31] Timing @ep 95000: episode 12.5s | train 0.000s | eval 11.1s | plot 1.3s | save 0.005s | cum 2.84h
[2025-08-25 23:11:46] 
[2025-08-25 23:11:46] Benchmark @train_ep  100000 (bench_eps: 2000)
[2025-08-25 23:11:46] Macro Winrate          :  16.6%
[2025-08-25 23:11:46] Macro Ø-Reward         :  0.951
[2025-08-25 23:11:46] Winrate vs max_combo   :   9.2% | Σ-Reward:  1431.0 | Ø-Reward:  0.716 | Places: [183 (0.09), 221 (0.11), 440 (0.22), 1156 (0.58)]
[2025-08-25 23:11:46] Winrate vs random2     :  14.8% | Σ-Reward:  1936.0 | Ø-Reward:  0.968 | Places: [297 (0.15), 276 (0.14), 493 (0.25), 934 (0.47)]
[2025-08-25 23:11:46] Winrate vs single_only :  25.6% | Σ-Reward:  2338.0 | Ø-Reward:  1.169 | Places: [513 (0.26), 174 (0.09), 451 (0.23), 862 (0.43)]
[2025-08-25 23:11:47] Timing @ep 100000: episode 11.9s | train 0.000s | eval 10.6s | plot 1.2s | save 0.005s | cum 3.00h
[2025-08-25 23:11:47] 
[2025-08-25 23:11:47] Gesamtzeit: 3.00h (~ 9.27 eps/s)
[2025-08-25 23:11:47] k4a2, Shared Policy Selfplay (4 Rollout). Training abgeschlossen.
[2025-08-25 23:11:47] Path: /home/wasterix/OpenSpiel/open_spiel/President/models/k4a2/model_01
