[2025-08-25 08:12:29] New Training (k1a1)
[2025-08-25 08:12:29] Deck_Size: 64
[2025-08-25 08:12:29] Episodes: 2000
[2025-08-25 08:12:29] Path: /home/wasterix/OpenSpiel/open_spiel/President/models/k1a1/model_91
[2025-08-25 08:12:47] 
[2025-08-25 08:12:47] Benchmark @train_ep     500 (bench_eps: 500)
[2025-08-25 08:12:47] Macro Winrate          :  25.4%
[2025-08-25 08:12:47] Macro Ø-Reward         :  1.409
[2025-08-25 08:12:47] Winrate vs max_combo   :   8.2% | Σ-Reward:  375.0 | Ø-Reward:  0.750 | Places: [41 (0.08), 63 (0.13), 126 (0.25), 270 (0.54)]
[2025-08-25 08:12:47] Winrate vs random2     :  30.4% | Σ-Reward:  828.0 | Ø-Reward:  1.656 | Places: [152 (0.30), 126 (0.25), 120 (0.24), 102 (0.20)]
[2025-08-25 08:12:47] Winrate vs single_only :  37.6% | Σ-Reward:  910.0 | Ø-Reward:  1.820 | Places: [188 (0.38), 114 (0.23), 118 (0.24), 80 (0.16)]
[2025-08-25 08:12:50] Timing @ep 500: episode 13.2s | train 0.003s | eval 10.6s | plot 2.5s | save 0.002s | cum 0.01h
[2025-08-25 08:13:07] 
[2025-08-25 08:13:07] Benchmark @train_ep    1000 (bench_eps: 500)
[2025-08-25 08:13:07] Macro Winrate          :  31.9%
[2025-08-25 08:13:07] Macro Ø-Reward         :  1.657
[2025-08-25 08:13:07] Winrate vs max_combo   :  13.0% | Σ-Reward:  483.0 | Ø-Reward:  0.966 | Places: [65 (0.13), 81 (0.16), 126 (0.25), 228 (0.46)]
[2025-08-25 08:13:07] Winrate vs random2     :  37.2% | Σ-Reward:  973.0 | Ø-Reward:  1.946 | Places: [186 (0.37), 164 (0.33), 87 (0.17), 63 (0.13)]
[2025-08-25 08:13:07] Winrate vs single_only :  45.4% | Σ-Reward:  1029.0 | Ø-Reward:  2.058 | Places: [227 (0.45), 122 (0.24), 104 (0.21), 47 (0.09)]
[2025-08-25 08:13:09] Timing @ep 1000: episode 13.0s | train 0.003s | eval 10.3s | plot 2.6s | save 0.001s | cum 0.01h
[2025-08-25 08:13:26] 
[2025-08-25 08:13:26] Benchmark @train_ep    1500 (bench_eps: 500)
[2025-08-25 08:13:26] Macro Winrate          :  36.1%
[2025-08-25 08:13:26] Macro Ø-Reward         :  1.781
[2025-08-25 08:13:26] Winrate vs max_combo   :  13.0% | Σ-Reward:  534.0 | Ø-Reward:  1.068 | Places: [65 (0.13), 101 (0.20), 137 (0.27), 197 (0.39)]
[2025-08-25 08:13:26] Winrate vs random2     :  46.4% | Σ-Reward:  1056.0 | Ø-Reward:  2.112 | Places: [232 (0.46), 138 (0.28), 84 (0.17), 46 (0.09)]
[2025-08-25 08:13:26] Winrate vs single_only :  48.8% | Σ-Reward:  1081.0 | Ø-Reward:  2.162 | Places: [244 (0.49), 138 (0.28), 73 (0.15), 45 (0.09)]
[2025-08-25 08:13:29] Timing @ep 1500: episode 12.8s | train 0.003s | eval 10.1s | plot 2.7s | save 0.003s | cum 0.02h
[2025-08-25 08:13:45] 
[2025-08-25 08:13:45] Benchmark @train_ep    2000 (bench_eps: 500)
[2025-08-25 08:13:45] Macro Winrate          :  45.1%
[2025-08-25 08:13:45] Macro Ø-Reward         :  1.979
[2025-08-25 08:13:45] Winrate vs max_combo   :  19.8% | Σ-Reward:  635.0 | Ø-Reward:  1.270 | Places: [99 (0.20), 103 (0.21), 132 (0.26), 166 (0.33)]
[2025-08-25 08:13:45] Winrate vs random2     :  50.2% | Σ-Reward:  1113.0 | Ø-Reward:  2.226 | Places: [251 (0.50), 149 (0.30), 62 (0.12), 38 (0.08)]
[2025-08-25 08:13:45] Winrate vs single_only :  65.2% | Σ-Reward:  1220.0 | Ø-Reward:  2.440 | Places: [326 (0.65), 90 (0.18), 62 (0.12), 22 (0.04)]
[2025-08-25 08:13:48] Timing @ep 2000: episode 12.8s | train 0.003s | eval 9.8s | plot 3.0s | save 0.001s | cum 0.02h
[2025-08-25 08:13:48] 
[2025-08-25 08:13:48] Gesamtzeit: 0.02h (~ 25.50 eps/s)
[2025-08-25 08:13:48] k1a1, Single Agent vs Heuristiken (max_combo). Training abgeschlossen.
[2025-08-25 08:13:48] Path: /home/wasterix/OpenSpiel/open_spiel/President/models/k1a1/model_91
