[2025-08-22 15:03:02] New Training (k2a1): 4 getrennte PPO-Agents — simultanes Lernen
[2025-08-22 15:03:02] Deck_Size: 64
[2025-08-22 15:03:02] Episodes: 10000
[2025-08-22 15:03:02] Path: /home/wasterix/OpenSpiel/open_spiel/President/models/k2a1/model_11
[2025-08-22 15:04:30] 
[2025-08-22 15:04:30] Benchmark @train_ep     500 (bench_eps: 2000)
[2025-08-22 15:04:30] Macro Winrate          :  28.5%
[2025-08-22 15:04:30] Macro Ø-Reward         :  1.588
[2025-08-22 15:04:30] Winrate vs max_combo   :  13.7% | Σ-Reward:  2076.0 | Ø-Reward:  1.038 | Places: [274 (0.14), 377 (0.19), 500 (0.25), 849 (0.42)]
[2025-08-22 15:04:30] Winrate vs random2     :  41.0% | Σ-Reward:  3899.0 | Ø-Reward:  1.950 | Places: [820 (0.41), 539 (0.27), 361 (0.18), 280 (0.14)]
[2025-08-22 15:04:30] Winrate vs single_only :  30.7% | Σ-Reward:  3552.0 | Ø-Reward:  1.776 | Places: [614 (0.31), 648 (0.32), 414 (0.21), 324 (0.16)]
[2025-08-22 15:04:32] Timing @ep 500: episode 47.7s | train 0.009s | eval 45.8s | plot 1.8s | save 0.007s | cum 0.02h
[2025-08-22 15:05:50] 
[2025-08-22 15:05:50] Benchmark @train_ep    1000 (bench_eps: 2000)
[2025-08-22 15:05:50] Macro Winrate          :  50.1%
[2025-08-22 15:05:50] Macro Ø-Reward         :  2.028
[2025-08-22 15:05:50] Winrate vs max_combo   :  18.1% | Σ-Reward:  2467.0 | Ø-Reward:  1.234 | Places: [363 (0.18), 428 (0.21), 522 (0.26), 687 (0.34)]
[2025-08-22 15:05:50] Winrate vs random2     :  54.6% | Σ-Reward:  4473.0 | Ø-Reward:  2.236 | Places: [1092 (0.55), 464 (0.23), 269 (0.13), 175 (0.09)]
[2025-08-22 15:05:50] Winrate vs single_only :  77.5% | Σ-Reward:  5227.0 | Ø-Reward:  2.614 | Places: [1551 (0.78), 220 (0.11), 134 (0.07), 95 (0.05)]
[2025-08-22 15:05:52] Timing @ep 1000: episode 38.5s | train 0.013s | eval 36.3s | plot 2.0s | save 0.004s | cum 0.05h
[2025-08-22 15:07:12] 
[2025-08-22 15:07:12] Benchmark @train_ep    1500 (bench_eps: 2000)
[2025-08-22 15:07:12] Macro Winrate          :  53.2%
[2025-08-22 15:07:12] Macro Ø-Reward         :  2.128
[2025-08-22 15:07:12] Winrate vs max_combo   :  20.6% | Σ-Reward:  2653.0 | Ø-Reward:  1.327 | Places: [412 (0.21), 463 (0.23), 491 (0.25), 634 (0.32)]
[2025-08-22 15:07:12] Winrate vs random2     :  60.3% | Σ-Reward:  4797.0 | Ø-Reward:  2.398 | Places: [1206 (0.60), 482 (0.24), 215 (0.11), 97 (0.05)]
[2025-08-22 15:07:12] Winrate vs single_only :  78.6% | Σ-Reward:  5317.0 | Ø-Reward:  2.659 | Places: [1572 (0.79), 250 (0.12), 101 (0.05), 77 (0.04)]
[2025-08-22 15:07:14] Timing @ep 1500: episode 39.4s | train 0.009s | eval 37.4s | plot 1.9s | save 0.006s | cum 0.07h
[2025-08-22 15:08:31] 
[2025-08-22 15:08:31] Benchmark @train_ep    2000 (bench_eps: 2000)
[2025-08-22 15:08:31] Macro Winrate          :  55.3%
[2025-08-22 15:08:31] Macro Ø-Reward         :  2.148
[2025-08-22 15:08:31] Winrate vs max_combo   :  21.4% | Σ-Reward:  2638.0 | Ø-Reward:  1.319 | Places: [427 (0.21), 419 (0.21), 519 (0.26), 635 (0.32)]
[2025-08-22 15:08:31] Winrate vs random2     :  60.9% | Σ-Reward:  4787.0 | Ø-Reward:  2.393 | Places: [1217 (0.61), 473 (0.24), 190 (0.10), 120 (0.06)]
[2025-08-22 15:08:31] Winrate vs single_only :  83.7% | Σ-Reward:  5465.0 | Ø-Reward:  2.732 | Places: [1673 (0.84), 178 (0.09), 90 (0.04), 59 (0.03)]
[2025-08-22 15:08:33] Timing @ep 2000: episode 38.2s | train 0.012s | eval 35.8s | plot 2.3s | save 0.006s | cum 0.09h
[2025-08-22 15:09:50] 
[2025-08-22 15:09:50] Benchmark @train_ep    2500 (bench_eps: 2000)
[2025-08-22 15:09:50] Macro Winrate          :  58.2%
[2025-08-22 15:09:50] Macro Ø-Reward         :  2.270
[2025-08-22 15:09:50] Winrate vs max_combo   :  25.0% | Σ-Reward:  3054.0 | Ø-Reward:  1.527 | Places: [500 (0.25), 515 (0.26), 524 (0.26), 461 (0.23)]
[2025-08-22 15:09:50] Winrate vs random2     :  68.7% | Σ-Reward:  5122.0 | Ø-Reward:  2.561 | Places: [1373 (0.69), 425 (0.21), 153 (0.08), 49 (0.02)]
[2025-08-22 15:09:50] Winrate vs single_only :  80.8% | Σ-Reward:  5442.0 | Ø-Reward:  2.721 | Places: [1617 (0.81), 249 (0.12), 93 (0.05), 41 (0.02)]
[2025-08-22 15:09:52] Timing @ep 2500: episode 36.8s | train 0.010s | eval 34.5s | plot 2.2s | save 0.005s | cum 0.11h
[2025-08-22 15:11:10] 
[2025-08-22 15:11:10] Benchmark @train_ep    3000 (bench_eps: 2000)
[2025-08-22 15:11:10] Macro Winrate          :  59.3%
[2025-08-22 15:11:10] Macro Ø-Reward         :  2.264
[2025-08-22 15:11:10] Winrate vs max_combo   :  26.1% | Σ-Reward:  3066.0 | Ø-Reward:  1.533 | Places: [521 (0.26), 498 (0.25), 507 (0.25), 474 (0.24)]
[2025-08-22 15:11:10] Winrate vs random2     :  68.4% | Σ-Reward:  5037.0 | Ø-Reward:  2.518 | Places: [1368 (0.68), 387 (0.19), 159 (0.08), 86 (0.04)]
[2025-08-22 15:11:10] Winrate vs single_only :  83.5% | Σ-Reward:  5480.0 | Ø-Reward:  2.740 | Places: [1671 (0.84), 186 (0.09), 95 (0.05), 48 (0.02)]
[2025-08-22 15:11:12] Timing @ep 3000: episode 38.6s | train 0.013s | eval 36.3s | plot 2.1s | save 0.007s | cum 0.14h
[2025-08-22 15:12:33] 
[2025-08-22 15:12:33] Benchmark @train_ep    3500 (bench_eps: 2000)
[2025-08-22 15:12:33] Macro Winrate          :  59.7%
[2025-08-22 15:12:33] Macro Ø-Reward         :  2.300
[2025-08-22 15:12:33] Winrate vs max_combo   :  27.4% | Σ-Reward:  3202.0 | Ø-Reward:  1.601 | Places: [549 (0.27), 529 (0.26), 497 (0.25), 425 (0.21)]
[2025-08-22 15:12:33] Winrate vs random2     :  68.5% | Σ-Reward:  5096.0 | Ø-Reward:  2.548 | Places: [1369 (0.68), 419 (0.21), 151 (0.08), 61 (0.03)]
[2025-08-22 15:12:33] Winrate vs single_only :  83.3% | Σ-Reward:  5505.0 | Ø-Reward:  2.752 | Places: [1666 (0.83), 209 (0.10), 89 (0.04), 36 (0.02)]
[2025-08-22 15:12:35] Timing @ep 3500: episode 37.9s | train 0.012s | eval 35.3s | plot 2.5s | save 0.004s | cum 0.16h
[2025-08-22 15:13:52] 
[2025-08-22 15:13:52] Benchmark @train_ep    4000 (bench_eps: 2000)
[2025-08-22 15:13:52] Macro Winrate          :  58.2%
[2025-08-22 15:13:52] Macro Ø-Reward         :  2.243
[2025-08-22 15:13:52] Winrate vs max_combo   :  27.6% | Σ-Reward:  3111.0 | Ø-Reward:  1.556 | Places: [552 (0.28), 476 (0.24), 503 (0.25), 469 (0.23)]
[2025-08-22 15:13:52] Winrate vs random2     :  67.3% | Σ-Reward:  5025.0 | Ø-Reward:  2.513 | Places: [1347 (0.67), 412 (0.21), 160 (0.08), 81 (0.04)]
[2025-08-22 15:13:52] Winrate vs single_only :  79.8% | Σ-Reward:  5319.0 | Ø-Reward:  2.659 | Places: [1595 (0.80), 205 (0.10), 124 (0.06), 76 (0.04)]
[2025-08-22 15:13:54] Timing @ep 4000: episode 36.6s | train 0.012s | eval 34.0s | plot 2.5s | save 0.005s | cum 0.18h
[2025-08-22 15:15:14] 
[2025-08-22 15:15:14] Benchmark @train_ep    4500 (bench_eps: 2000)
[2025-08-22 15:15:14] Macro Winrate          :  48.9%
[2025-08-22 15:15:14] Macro Ø-Reward         :  2.148
[2025-08-22 15:15:14] Winrate vs max_combo   :  25.2% | Σ-Reward:  3055.0 | Ø-Reward:  1.528 | Places: [505 (0.25), 516 (0.26), 508 (0.25), 471 (0.24)]
[2025-08-22 15:15:14] Winrate vs random2     :  65.8% | Σ-Reward:  5013.0 | Ø-Reward:  2.506 | Places: [1315 (0.66), 458 (0.23), 152 (0.08), 75 (0.04)]
[2025-08-22 15:15:14] Winrate vs single_only :  55.8% | Σ-Reward:  4819.0 | Ø-Reward:  2.409 | Places: [1115 (0.56), 644 (0.32), 186 (0.09), 55 (0.03)]
[2025-08-22 15:15:17] Timing @ep 4500: episode 41.8s | train 0.015s | eval 39.1s | plot 2.6s | save 0.004s | cum 0.20h
[2025-08-22 15:16:34] 
[2025-08-22 15:16:34] Benchmark @train_ep    5000 (bench_eps: 2000)
[2025-08-22 15:16:34] Macro Winrate          :  59.5%
[2025-08-22 15:16:34] Macro Ø-Reward         :  2.328
[2025-08-22 15:16:34] Winrate vs max_combo   :  28.6% | Σ-Reward:  3270.0 | Ø-Reward:  1.635 | Places: [572 (0.29), 533 (0.27), 488 (0.24), 407 (0.20)]
[2025-08-22 15:16:34] Winrate vs random2     :  71.9% | Σ-Reward:  5223.0 | Ø-Reward:  2.611 | Places: [1438 (0.72), 395 (0.20), 119 (0.06), 48 (0.02)]
[2025-08-22 15:16:34] Winrate vs single_only :  78.0% | Σ-Reward:  5472.0 | Ø-Reward:  2.736 | Places: [1559 (0.78), 366 (0.18), 63 (0.03), 12 (0.01)]
[2025-08-22 15:16:36] Timing @ep 5000: episode 37.6s | train 0.011s | eval 35.2s | plot 2.3s | save 0.005s | cum 0.23h
[2025-08-22 15:17:52] 
[2025-08-22 15:17:52] Benchmark @train_ep    5500 (bench_eps: 2000)
[2025-08-22 15:17:52] Macro Winrate          :  62.1%
[2025-08-22 15:17:52] Macro Ø-Reward         :  2.343
[2025-08-22 15:17:52] Winrate vs max_combo   :  27.8% | Σ-Reward:  3225.0 | Ø-Reward:  1.613 | Places: [555 (0.28), 539 (0.27), 482 (0.24), 424 (0.21)]
[2025-08-22 15:17:52] Winrate vs random2     :  72.8% | Σ-Reward:  5236.0 | Ø-Reward:  2.618 | Places: [1456 (0.73), 380 (0.19), 108 (0.05), 56 (0.03)]
[2025-08-22 15:17:52] Winrate vs single_only :  85.8% | Σ-Reward:  5596.0 | Ø-Reward:  2.798 | Places: [1716 (0.86), 197 (0.10), 54 (0.03), 33 (0.02)]
[2025-08-22 15:17:54] Timing @ep 5500: episode 37.0s | train 0.010s | eval 34.4s | plot 2.4s | save 0.007s | cum 0.25h
[2025-08-22 15:19:11] 
[2025-08-22 15:19:11] Benchmark @train_ep    6000 (bench_eps: 2000)
[2025-08-22 15:19:11] Macro Winrate          :  55.9%
[2025-08-22 15:19:11] Macro Ø-Reward         :  2.244
[2025-08-22 15:19:11] Winrate vs max_combo   :  26.8% | Σ-Reward:  3157.0 | Ø-Reward:  1.579 | Places: [536 (0.27), 539 (0.27), 471 (0.24), 454 (0.23)]
[2025-08-22 15:19:11] Winrate vs random2     :  66.2% | Σ-Reward:  5035.0 | Ø-Reward:  2.518 | Places: [1324 (0.66), 453 (0.23), 157 (0.08), 66 (0.03)]
[2025-08-22 15:19:11] Winrate vs single_only :  74.8% | Σ-Reward:  5270.0 | Ø-Reward:  2.635 | Places: [1497 (0.75), 329 (0.16), 121 (0.06), 53 (0.03)]
[2025-08-22 15:19:14] Timing @ep 6000: episode 38.3s | train 0.010s | eval 35.4s | plot 2.8s | save 0.005s | cum 0.27h
[2025-08-22 15:20:33] 
[2025-08-22 15:20:33] Benchmark @train_ep    6500 (bench_eps: 2000)
[2025-08-22 15:20:33] Macro Winrate          :  58.4%
[2025-08-22 15:20:33] Macro Ø-Reward         :  2.336
[2025-08-22 15:20:33] Winrate vs max_combo   :  27.9% | Σ-Reward:  3347.0 | Ø-Reward:  1.673 | Places: [557 (0.28), 585 (0.29), 506 (0.25), 352 (0.18)]
[2025-08-22 15:20:33] Winrate vs random2     :  69.2% | Σ-Reward:  5182.0 | Ø-Reward:  2.591 | Places: [1383 (0.69), 456 (0.23), 121 (0.06), 40 (0.02)]
[2025-08-22 15:20:33] Winrate vs single_only :  78.2% | Σ-Reward:  5487.0 | Ø-Reward:  2.744 | Places: [1564 (0.78), 366 (0.18), 63 (0.03), 7 (0.00)]
[2025-08-22 15:20:35] Timing @ep 6500: episode 39.8s | train 0.010s | eval 37.0s | plot 2.7s | save 0.006s | cum 0.29h
[2025-08-22 15:21:49] 
[2025-08-22 15:21:49] Benchmark @train_ep    7000 (bench_eps: 2000)
[2025-08-22 15:21:49] Macro Winrate          :  61.3%
[2025-08-22 15:21:49] Macro Ø-Reward         :  2.316
[2025-08-22 15:21:49] Winrate vs max_combo   :  29.0% | Σ-Reward:  3238.0 | Ø-Reward:  1.619 | Places: [580 (0.29), 504 (0.25), 490 (0.24), 426 (0.21)]
[2025-08-22 15:21:49] Winrate vs random2     :  68.9% | Σ-Reward:  5075.0 | Ø-Reward:  2.538 | Places: [1378 (0.69), 393 (0.20), 155 (0.08), 74 (0.04)]
[2025-08-22 15:21:49] Winrate vs single_only :  85.9% | Σ-Reward:  5581.0 | Ø-Reward:  2.791 | Places: [1718 (0.86), 175 (0.09), 77 (0.04), 30 (0.01)]
[2025-08-22 15:21:51] Timing @ep 7000: episode 35.1s | train 0.009s | eval 32.5s | plot 2.6s | save 0.005s | cum 0.31h
[2025-08-22 15:23:08] 
[2025-08-22 15:23:08] Benchmark @train_ep    7500 (bench_eps: 2000)
[2025-08-22 15:23:08] Macro Winrate          :  60.1%
[2025-08-22 15:23:08] Macro Ø-Reward         :  2.327
[2025-08-22 15:23:08] Winrate vs max_combo   :  27.2% | Σ-Reward:  3239.0 | Ø-Reward:  1.619 | Places: [544 (0.27), 566 (0.28), 475 (0.24), 415 (0.21)]
[2025-08-22 15:23:08] Winrate vs random2     :  72.2% | Σ-Reward:  5211.0 | Ø-Reward:  2.606 | Places: [1443 (0.72), 377 (0.19), 128 (0.06), 52 (0.03)]
[2025-08-22 15:23:08] Winrate vs single_only :  81.1% | Σ-Reward:  5513.0 | Ø-Reward:  2.756 | Places: [1622 (0.81), 294 (0.15), 59 (0.03), 25 (0.01)]
[2025-08-22 15:23:11] Timing @ep 7500: episode 38.7s | train 0.009s | eval 35.7s | plot 2.9s | save 0.005s | cum 0.34h
[2025-08-22 15:24:30] 
[2025-08-22 15:24:30] Benchmark @train_ep    8000 (bench_eps: 2000)
[2025-08-22 15:24:30] Macro Winrate          :  62.5%
[2025-08-22 15:24:30] Macro Ø-Reward         :  2.356
[2025-08-22 15:24:30] Winrate vs max_combo   :  29.5% | Σ-Reward:  3270.0 | Ø-Reward:  1.635 | Places: [590 (0.29), 518 (0.26), 464 (0.23), 428 (0.21)]
[2025-08-22 15:24:30] Winrate vs random2     :  71.2% | Σ-Reward:  5218.0 | Ø-Reward:  2.609 | Places: [1424 (0.71), 414 (0.21), 118 (0.06), 44 (0.02)]
[2025-08-22 15:24:30] Winrate vs single_only :  86.8% | Σ-Reward:  5647.0 | Ø-Reward:  2.824 | Places: [1736 (0.87), 193 (0.10), 53 (0.03), 18 (0.01)]
[2025-08-22 15:24:33] Timing @ep 8000: episode 37.1s | train 0.014s | eval 34.1s | plot 2.9s | save 0.006s | cum 0.36h
[2025-08-22 15:25:52] 
[2025-08-22 15:25:52] Benchmark @train_ep    8500 (bench_eps: 2000)
[2025-08-22 15:25:52] Macro Winrate          :  53.9%
[2025-08-22 15:25:52] Macro Ø-Reward         :  2.330
[2025-08-22 15:25:52] Winrate vs max_combo   :  33.1% | Σ-Reward:  3683.0 | Ø-Reward:  1.841 | Places: [662 (0.33), 631 (0.32), 435 (0.22), 272 (0.14)]
[2025-08-22 15:25:52] Winrate vs random2     :  68.2% | Σ-Reward:  5245.0 | Ø-Reward:  2.623 | Places: [1364 (0.68), 532 (0.27), 89 (0.04), 15 (0.01)]
[2025-08-22 15:25:52] Winrate vs single_only :  60.3% | Σ-Reward:  5051.0 | Ø-Reward:  2.526 | Places: [1206 (0.60), 653 (0.33), 127 (0.06), 14 (0.01)]
[2025-08-22 15:25:56] Timing @ep 8500: episode 41.5s | train 0.013s | eval 38.1s | plot 3.3s | save 0.007s | cum 0.38h
[2025-08-22 15:27:15] 
[2025-08-22 15:27:15] Benchmark @train_ep    9000 (bench_eps: 2000)
[2025-08-22 15:27:15] Macro Winrate          :  56.3%
[2025-08-22 15:27:15] Macro Ø-Reward         :  2.350
[2025-08-22 15:27:15] Winrate vs max_combo   :  34.0% | Σ-Reward:  3697.0 | Ø-Reward:  1.849 | Places: [680 (0.34), 626 (0.31), 405 (0.20), 289 (0.14)]
[2025-08-22 15:27:15] Winrate vs random2     :  71.0% | Σ-Reward:  5276.0 | Ø-Reward:  2.638 | Places: [1420 (0.71), 452 (0.23), 112 (0.06), 16 (0.01)]
[2025-08-22 15:27:15] Winrate vs single_only :  64.0% | Σ-Reward:  5129.0 | Ø-Reward:  2.564 | Places: [1279 (0.64), 587 (0.29), 118 (0.06), 16 (0.01)]
[2025-08-22 15:27:18] Timing @ep 9000: episode 40.2s | train 0.012s | eval 37.2s | plot 2.9s | save 0.004s | cum 0.40h
[2025-08-22 15:28:41] 
[2025-08-22 15:28:41] Benchmark @train_ep    9500 (bench_eps: 2000)
[2025-08-22 15:28:41] Macro Winrate          :  55.2%
[2025-08-22 15:28:41] Macro Ø-Reward         :  2.312
[2025-08-22 15:28:41] Winrate vs max_combo   :  33.3% | Σ-Reward:  3608.0 | Ø-Reward:  1.804 | Places: [666 (0.33), 599 (0.30), 412 (0.21), 323 (0.16)]
[2025-08-22 15:28:41] Winrate vs random2     :  71.9% | Σ-Reward:  5237.0 | Ø-Reward:  2.619 | Places: [1438 (0.72), 403 (0.20), 117 (0.06), 42 (0.02)]
[2025-08-22 15:28:41] Winrate vs single_only :  60.4% | Σ-Reward:  5029.0 | Ø-Reward:  2.514 | Places: [1208 (0.60), 641 (0.32), 123 (0.06), 28 (0.01)]
[2025-08-22 15:28:44] Timing @ep 9500: episode 42.7s | train 0.011s | eval 39.4s | plot 3.2s | save 0.005s | cum 0.43h
[2025-08-22 15:30:06] 
[2025-08-22 15:30:06] Benchmark @train_ep   10000 (bench_eps: 2000)
[2025-08-22 15:30:06] Macro Winrate          :  64.7%
[2025-08-22 15:30:06] Macro Ø-Reward         :  2.413
[2025-08-22 15:30:06] Winrate vs max_combo   :  33.3% | Σ-Reward:  3555.0 | Ø-Reward:  1.778 | Places: [666 (0.33), 568 (0.28), 421 (0.21), 345 (0.17)]
[2025-08-22 15:30:06] Winrate vs random2     :  75.3% | Σ-Reward:  5325.0 | Ø-Reward:  2.663 | Places: [1506 (0.75), 358 (0.18), 91 (0.05), 45 (0.02)]
[2025-08-22 15:30:06] Winrate vs single_only :  85.4% | Σ-Reward:  5598.0 | Ø-Reward:  2.799 | Places: [1708 (0.85), 206 (0.10), 62 (0.03), 24 (0.01)]
[2025-08-22 15:30:09] Timing @ep 10000: episode 39.3s | train 0.013s | eval 36.0s | plot 3.3s | save 0.006s | cum 0.45h
[2025-08-22 15:30:09] 
[2025-08-22 15:30:09] Gesamtzeit: 0.45h (~ 6.15 eps/s)
[2025-08-22 15:30:09] K2 (4 Agents simultan) Training abgeschlossen.
