[2025-08-20 16:06:28] New Training (k2a1): 4 getrennte PPO-Agents — simultanes Lernen
[2025-08-20 16:06:28] Deck_Size: 64
[2025-08-20 16:06:28] Episodes: 200
[2025-08-20 16:06:28] Path: /home/wasterix/OpenSpiel/open_spiel/President/models/k2a1/model_04
[2025-08-20 16:06:48] 
[2025-08-20 16:06:48] Benchmark @train_ep     100 (bench_eps: 500)
[2025-08-20 16:06:48] Macro Winrate          :  22.4%
[2025-08-20 16:06:48] Macro Ø-Reward         :  1.267
[2025-08-20 16:06:48] Winrate vs max_combo   :   8.4% | Σ-Reward:  391.0 | Ø-Reward:  0.782 | Places: [42 (0.08), 70 (0.14), 125 (0.25), 263 (0.53)]
[2025-08-20 16:06:48] Winrate vs random2     :  25.4% | Σ-Reward:  730.0 | Ø-Reward:  1.460 | Places: [127 (0.25), 113 (0.23), 123 (0.25), 137 (0.27)]
[2025-08-20 16:06:48] Winrate vs single_only :  33.4% | Σ-Reward:  780.0 | Ø-Reward:  1.560 | Places: [167 (0.33), 92 (0.18), 95 (0.19), 146 (0.29)]
[2025-08-20 16:06:50] Timing @ep 100: episode 12.6s | train 0.011s | eval 10.7s | plot 1.8s | save 0.006s | cum 0.01h
[2025-08-20 16:07:08] 
[2025-08-20 16:07:08] Benchmark @train_ep     200 (bench_eps: 500)
[2025-08-20 16:07:08] Macro Winrate          :  27.6%
[2025-08-20 16:07:08] Macro Ø-Reward         :  1.420
[2025-08-20 16:07:08] Winrate vs max_combo   :  10.6% | Σ-Reward:  418.0 | Ø-Reward:  0.836 | Places: [53 (0.11), 65 (0.13), 129 (0.26), 253 (0.51)]
[2025-08-20 16:07:08] Winrate vs random2     :  31.0% | Σ-Reward:  814.0 | Ø-Reward:  1.628 | Places: [155 (0.31), 113 (0.23), 123 (0.25), 109 (0.22)]
[2025-08-20 16:07:08] Winrate vs single_only :  41.2% | Σ-Reward:  898.0 | Ø-Reward:  1.796 | Places: [206 (0.41), 86 (0.17), 108 (0.22), 100 (0.20)]
[2025-08-20 16:07:10] Timing @ep 200: episode 12.9s | train 0.009s | eval 10.8s | plot 2.0s | save 0.005s | cum 0.01h
[2025-08-20 16:07:10] 
[2025-08-20 16:07:10] Gesamtzeit: 0.01h (~ 4.78 eps/s)
[2025-08-20 16:07:10] K2 (4 Agents simultan) Training abgeschlossen.
