[2025-08-20 19:37:20] New Training (k3a1): Snapshot-Selfplay PPO
[2025-08-20 19:37:20] Deck_Size: 64
[2025-08-20 19:37:20] Episodes: 200
[2025-08-20 19:37:20] Path: /home/wasterix/Multiagent/OpenSpiel_neu/open_spiel/President/models/k3a1/model_08
[2025-08-20 19:37:38] 
[2025-08-20 19:37:38] Benchmark @train_ep     100 (bench_eps: 500)
[2025-08-20 19:37:38] Macro Winrate          :  15.5%
[2025-08-20 19:37:38] Macro Ø-Reward         :  1.017
[2025-08-20 19:37:38] Winrate vs max_combo   :   4.6% | Σ-Reward:  216.0 | Ø-Reward:  0.432 | Places: [23 (0.05), 23 (0.05), 101 (0.20), 353 (0.71)]
[2025-08-20 19:37:38] Winrate vs random2     :  19.0% | Σ-Reward:  653.0 | Ø-Reward:  1.306 | Places: [95 (0.19), 118 (0.24), 132 (0.26), 155 (0.31)]
[2025-08-20 19:37:38] Winrate vs single_only :  22.8% | Σ-Reward:  656.0 | Ø-Reward:  1.312 | Places: [114 (0.23), 102 (0.20), 110 (0.22), 174 (0.35)]
[2025-08-20 19:37:41] Timing @ep 100: episode 13.3s | train 0.004s | eval 10.5s | plot 2.7s | save 0.003s | cum 0.01h
[2025-08-20 19:37:54] 
[2025-08-20 19:37:54] Benchmark @train_ep     200 (bench_eps: 500)
[2025-08-20 19:37:54] Macro Winrate          :  17.0%
[2025-08-20 19:37:54] Macro Ø-Reward         :  1.104
[2025-08-20 19:37:54] Winrate vs max_combo   :   5.4% | Σ-Reward:  286.0 | Ø-Reward:  0.572 | Places: [27 (0.05), 50 (0.10), 105 (0.21), 318 (0.64)]
[2025-08-20 19:37:54] Winrate vs random2     :  19.2% | Σ-Reward:  674.0 | Ø-Reward:  1.348 | Places: [96 (0.19), 125 (0.25), 136 (0.27), 143 (0.29)]
[2025-08-20 19:37:54] Winrate vs single_only :  26.4% | Σ-Reward:  696.0 | Ø-Reward:  1.392 | Places: [132 (0.26), 73 (0.15), 154 (0.31), 141 (0.28)]
[2025-08-20 19:37:57] Timing @ep 200: episode 13.4s | train 0.003s | eval 10.3s | plot 3.1s | save 0.002s | cum 0.01h
[2025-08-20 19:37:57] 
[2025-08-20 19:37:57] Gesamtzeit: 0.01h (~ 5.61 eps/s)
[2025-08-20 19:37:57] K3 (Snapshot-Selfplay) Training abgeschlossen.
