[2025-08-21 23:46:28] New Training (k1a2): DQN Single-Agent vs Heuristiken (P0→P0)
[2025-08-21 23:46:28] Deck_Size: 64
[2025-08-21 23:46:28] Episodes: 100000
[2025-08-21 23:46:28] Path: /home/wasterix/OpenSpiel/open_spiel/President/models/k1a2/model_33
[2025-08-21 23:51:51] 
[2025-08-21 23:51:51] Benchmark @train_ep    5000 (bench_eps: 2000)
[2025-08-21 23:51:51] Macro Winrate          :  59.6%
[2025-08-21 23:51:51] Macro Ø-Reward         :  2.415
[2025-08-21 23:51:51] Winrate vs max_combo   :  42.7% | Σ-Reward:  4116.0 | Ø-Reward:  2.058 | Places: [854 (0.43), 586 (0.29), 382 (0.19), 178 (0.09)]
[2025-08-21 23:51:51] Winrate vs random2     :  72.2% | Σ-Reward:  5315.0 | Ø-Reward:  2.658 | Places: [1444 (0.72), 443 (0.22), 97 (0.05), 16 (0.01)]
[2025-08-21 23:51:51] Winrate vs single_only :  63.9% | Σ-Reward:  5057.0 | Ø-Reward:  2.529 | Places: [1277 (0.64), 528 (0.26), 170 (0.09), 25 (0.01)]
[2025-08-21 23:51:54] Timing @ep 5000: episode 34.3s | train 0.056s | eval 31.5s | plot 2.7s | save 0.003s | cum 0.09h
[2025-08-22 00:08:32] 
[2025-08-22 00:08:32] Benchmark @train_ep   10000 (bench_eps: 2000)
[2025-08-22 00:08:32] Macro Winrate          :  63.5%
[2025-08-22 00:08:32] Macro Ø-Reward         :  2.469
[2025-08-22 00:08:32] Winrate vs max_combo   :  44.7% | Σ-Reward:  4215.0 | Ø-Reward:  2.107 | Places: [894 (0.45), 591 (0.30), 351 (0.18), 164 (0.08)]
[2025-08-22 00:08:32] Winrate vs random2     :  79.0% | Σ-Reward:  5485.0 | Ø-Reward:  2.743 | Places: [1579 (0.79), 345 (0.17), 58 (0.03), 18 (0.01)]
[2025-08-22 00:08:32] Winrate vs single_only :  66.7% | Σ-Reward:  5111.0 | Ø-Reward:  2.555 | Places: [1334 (0.67), 469 (0.23), 171 (0.09), 26 (0.01)]
[2025-08-22 00:08:36] Timing @ep 10000: episode 123.2s | train 0.031s | eval 119.2s | plot 3.9s | save 0.002s | cum 0.37h
[2025-08-22 00:23:32] 
[2025-08-22 00:23:32] Benchmark @train_ep   15000 (bench_eps: 2000)
[2025-08-22 00:23:32] Macro Winrate          :  67.9%
[2025-08-22 00:23:32] Macro Ø-Reward         :  2.535
[2025-08-22 00:23:32] Winrate vs max_combo   :  51.6% | Σ-Reward:  4423.0 | Ø-Reward:  2.212 | Places: [1033 (0.52), 508 (0.25), 308 (0.15), 151 (0.08)]
[2025-08-22 00:23:32] Winrate vs random2     :  80.0% | Σ-Reward:  5483.0 | Ø-Reward:  2.741 | Places: [1599 (0.80), 303 (0.15), 80 (0.04), 18 (0.01)]
[2025-08-22 00:23:32] Winrate vs single_only :  72.0% | Σ-Reward:  5306.0 | Ø-Reward:  2.653 | Places: [1439 (0.72), 452 (0.23), 85 (0.04), 24 (0.01)]
[2025-08-22 00:23:37] Timing @ep 15000: episode 86.0s | train 0.028s | eval 81.2s | plot 4.8s | save 0.002s | cum 0.62h
[2025-08-22 00:37:51] 
[2025-08-22 00:37:51] Benchmark @train_ep   20000 (bench_eps: 2000)
[2025-08-22 00:37:51] Macro Winrate          :  69.0%
[2025-08-22 00:37:51] Macro Ø-Reward         :  2.554
[2025-08-22 00:37:51] Winrate vs max_combo   :  50.6% | Σ-Reward:  4411.0 | Ø-Reward:  2.205 | Places: [1012 (0.51), 545 (0.27), 285 (0.14), 158 (0.08)]
[2025-08-22 00:37:51] Winrate vs random2     :  80.8% | Σ-Reward:  5533.0 | Ø-Reward:  2.767 | Places: [1617 (0.81), 311 (0.16), 60 (0.03), 12 (0.01)]
[2025-08-22 00:37:51] Winrate vs single_only :  75.7% | Σ-Reward:  5379.0 | Ø-Reward:  2.689 | Places: [1514 (0.76), 375 (0.19), 87 (0.04), 24 (0.01)]
[2025-08-22 00:37:56] Timing @ep 20000: episode 93.2s | train 0.028s | eval 88.0s | plot 5.1s | save 0.002s | cum 0.86h
[2025-08-22 00:53:10] 
[2025-08-22 00:53:10] Benchmark @train_ep   25000 (bench_eps: 2000)
[2025-08-22 00:53:10] Macro Winrate          :  70.1%
[2025-08-22 00:53:10] Macro Ø-Reward         :  2.553
[2025-08-22 00:53:10] Winrate vs max_combo   :  50.1% | Σ-Reward:  4383.0 | Ø-Reward:  2.192 | Places: [1002 (0.50), 558 (0.28), 261 (0.13), 179 (0.09)]
[2025-08-22 00:53:10] Winrate vs random2     :  80.2% | Σ-Reward:  5503.0 | Ø-Reward:  2.752 | Places: [1605 (0.80), 311 (0.16), 66 (0.03), 18 (0.01)]
[2025-08-22 00:53:10] Winrate vs single_only :  79.8% | Σ-Reward:  5434.0 | Ø-Reward:  2.717 | Places: [1597 (0.80), 266 (0.13), 111 (0.06), 26 (0.01)]
[2025-08-22 00:53:15] Timing @ep 25000: episode 83.2s | train 0.024s | eval 78.1s | plot 5.1s | save 0.002s | cum 1.11h
[2025-08-22 01:04:52] 
[2025-08-22 01:04:52] Benchmark @train_ep   30000 (bench_eps: 2000)
[2025-08-22 01:04:52] Macro Winrate          :  67.2%
[2025-08-22 01:04:52] Macro Ø-Reward         :  2.520
[2025-08-22 01:04:52] Winrate vs max_combo   :  52.5% | Σ-Reward:  4479.0 | Ø-Reward:  2.240 | Places: [1049 (0.52), 539 (0.27), 254 (0.13), 158 (0.08)]
[2025-08-22 01:04:52] Winrate vs random2     :  76.3% | Σ-Reward:  5393.0 | Ø-Reward:  2.696 | Places: [1527 (0.76), 370 (0.18), 72 (0.04), 31 (0.02)]
[2025-08-22 01:04:52] Winrate vs single_only :  72.7% | Σ-Reward:  5246.0 | Ø-Reward:  2.623 | Places: [1454 (0.73), 365 (0.18), 154 (0.08), 27 (0.01)]
[2025-08-22 01:04:57] Timing @ep 30000: episode 31.9s | train 0.034s | eval 26.6s | plot 5.3s | save 0.002s | cum 1.31h
[2025-08-22 01:08:48] 
[2025-08-22 01:08:48] Benchmark @train_ep   35000 (bench_eps: 2000)
[2025-08-22 01:08:48] Macro Winrate          :  68.8%
[2025-08-22 01:08:48] Macro Ø-Reward         :  2.536
[2025-08-22 01:08:48] Winrate vs max_combo   :  50.8% | Σ-Reward:  4421.0 | Ø-Reward:  2.211 | Places: [1015 (0.51), 540 (0.27), 296 (0.15), 149 (0.07)]
[2025-08-22 01:08:48] Winrate vs random2     :  81.8% | Σ-Reward:  5550.0 | Ø-Reward:  2.775 | Places: [1635 (0.82), 298 (0.15), 49 (0.02), 18 (0.01)]
[2025-08-22 01:08:48] Winrate vs single_only :  74.0% | Σ-Reward:  5245.0 | Ø-Reward:  2.623 | Places: [1479 (0.74), 333 (0.17), 142 (0.07), 46 (0.02)]
[2025-08-22 01:08:54] Timing @ep 35000: episode 31.4s | train 0.031s | eval 25.7s | plot 5.7s | save 0.002s | cum 1.37h
[2025-08-22 01:12:45] 
[2025-08-22 01:12:45] Benchmark @train_ep   40000 (bench_eps: 2000)
[2025-08-22 01:12:45] Macro Winrate          :  68.6%
[2025-08-22 01:12:45] Macro Ø-Reward         :  2.532
[2025-08-22 01:12:45] Winrate vs max_combo   :  49.8% | Σ-Reward:  4371.0 | Ø-Reward:  2.186 | Places: [996 (0.50), 554 (0.28), 275 (0.14), 175 (0.09)]
[2025-08-22 01:12:45] Winrate vs random2     :  76.2% | Σ-Reward:  5351.0 | Ø-Reward:  2.675 | Places: [1525 (0.76), 342 (0.17), 92 (0.05), 41 (0.02)]
[2025-08-22 01:12:45] Winrate vs single_only :  79.7% | Σ-Reward:  5469.0 | Ø-Reward:  2.735 | Places: [1594 (0.80), 294 (0.15), 99 (0.05), 13 (0.01)]
[2025-08-22 01:12:51] Timing @ep 40000: episode 31.9s | train 0.028s | eval 25.7s | plot 6.2s | save 0.001s | cum 1.44h
[2025-08-22 01:16:43] 
[2025-08-22 01:16:43] Benchmark @train_ep   45000 (bench_eps: 2000)
[2025-08-22 01:16:43] Macro Winrate          :  72.0%
[2025-08-22 01:16:43] Macro Ø-Reward         :  2.597
[2025-08-22 01:16:43] Winrate vs max_combo   :  54.2% | Σ-Reward:  4505.0 | Ø-Reward:  2.252 | Places: [1084 (0.54), 493 (0.25), 267 (0.13), 156 (0.08)]
[2025-08-22 01:16:43] Winrate vs random2     :  82.8% | Σ-Reward:  5586.0 | Ø-Reward:  2.793 | Places: [1657 (0.83), 281 (0.14), 53 (0.03), 9 (0.00)]
[2025-08-22 01:16:43] Winrate vs single_only :  78.8% | Σ-Reward:  5488.0 | Ø-Reward:  2.744 | Places: [1576 (0.79), 351 (0.18), 58 (0.03), 15 (0.01)]
[2025-08-22 01:16:50] Timing @ep 45000: episode 32.1s | train 0.028s | eval 25.8s | plot 6.3s | save 0.001s | cum 1.51h
[2025-08-22 01:20:44] 
[2025-08-22 01:20:44] Benchmark @train_ep   50000 (bench_eps: 2000)
[2025-08-22 01:20:44] Macro Winrate          :  68.6%
[2025-08-22 01:20:44] Macro Ø-Reward         :  2.563
[2025-08-22 01:20:44] Winrate vs max_combo   :  53.3% | Σ-Reward:  4545.0 | Ø-Reward:  2.272 | Places: [1066 (0.53), 558 (0.28), 231 (0.12), 145 (0.07)]
[2025-08-22 01:20:44] Winrate vs random2     :  81.5% | Σ-Reward:  5554.0 | Ø-Reward:  2.777 | Places: [1631 (0.82), 303 (0.15), 55 (0.03), 11 (0.01)]
[2025-08-22 01:20:44] Winrate vs single_only :  70.9% | Σ-Reward:  5281.0 | Ø-Reward:  2.640 | Places: [1418 (0.71), 460 (0.23), 107 (0.05), 15 (0.01)]
[2025-08-22 01:20:50] Timing @ep 50000: episode 33.7s | train 0.036s | eval 27.7s | plot 6.0s | save 0.001s | cum 1.57h
[2025-08-22 01:24:45] 
[2025-08-22 01:24:45] Benchmark @train_ep   55000 (bench_eps: 2000)
[2025-08-22 01:24:45] Macro Winrate          :  66.5%
[2025-08-22 01:24:45] Macro Ø-Reward         :  2.532
[2025-08-22 01:24:45] Winrate vs max_combo   :  51.3% | Σ-Reward:  4492.0 | Ø-Reward:  2.246 | Places: [1026 (0.51), 579 (0.29), 256 (0.13), 139 (0.07)]
[2025-08-22 01:24:45] Winrate vs random2     :  80.5% | Σ-Reward:  5522.0 | Ø-Reward:  2.761 | Places: [1610 (0.81), 316 (0.16), 60 (0.03), 14 (0.01)]
[2025-08-22 01:24:45] Winrate vs single_only :  67.6% | Σ-Reward:  5178.0 | Ø-Reward:  2.589 | Places: [1352 (0.68), 504 (0.25), 114 (0.06), 30 (0.01)]
[2025-08-22 01:24:52] Timing @ep 55000: episode 33.1s | train 0.030s | eval 26.7s | plot 6.4s | save 0.001s | cum 1.64h
[2025-08-22 01:28:49] 
[2025-08-22 01:28:49] Benchmark @train_ep   60000 (bench_eps: 2000)
[2025-08-22 01:28:49] Macro Winrate          :  68.8%
[2025-08-22 01:28:49] Macro Ø-Reward         :  2.540
[2025-08-22 01:28:49] Winrate vs max_combo   :  54.0% | Σ-Reward:  4484.0 | Ø-Reward:  2.242 | Places: [1080 (0.54), 492 (0.25), 260 (0.13), 168 (0.08)]
[2025-08-22 01:28:49] Winrate vs random2     :  78.3% | Σ-Reward:  5422.0 | Ø-Reward:  2.711 | Places: [1566 (0.78), 324 (0.16), 76 (0.04), 34 (0.02)]
[2025-08-22 01:28:49] Winrate vs single_only :  74.2% | Σ-Reward:  5331.0 | Ø-Reward:  2.666 | Places: [1484 (0.74), 383 (0.19), 113 (0.06), 20 (0.01)]
[2025-08-22 01:28:55] Timing @ep 60000: episode 31.7s | train 0.034s | eval 25.7s | plot 5.9s | save 0.002s | cum 1.71h
[2025-08-22 01:32:53] 
[2025-08-22 01:32:53] Benchmark @train_ep   65000 (bench_eps: 2000)
[2025-08-22 01:32:53] Macro Winrate          :  69.1%
[2025-08-22 01:32:53] Macro Ø-Reward         :  2.578
[2025-08-22 01:32:53] Winrate vs max_combo   :  51.2% | Σ-Reward:  4529.0 | Ø-Reward:  2.264 | Places: [1025 (0.51), 592 (0.30), 270 (0.14), 113 (0.06)]
[2025-08-22 01:32:53] Winrate vs random2     :  79.9% | Σ-Reward:  5523.0 | Ø-Reward:  2.761 | Places: [1598 (0.80), 337 (0.17), 55 (0.03), 10 (0.01)]
[2025-08-22 01:32:53] Winrate vs single_only :  76.3% | Σ-Reward:  5416.0 | Ø-Reward:  2.708 | Places: [1526 (0.76), 379 (0.19), 80 (0.04), 15 (0.01)]
[2025-08-22 01:33:00] Timing @ep 65000: episode 34.1s | train 0.032s | eval 26.5s | plot 7.5s | save 0.001s | cum 1.78h
[2025-08-22 01:37:00] 
[2025-08-22 01:37:00] Benchmark @train_ep   70000 (bench_eps: 2000)
[2025-08-22 01:37:00] Macro Winrate          :  72.1%
[2025-08-22 01:37:00] Macro Ø-Reward         :  2.601
[2025-08-22 01:37:00] Winrate vs max_combo   :  52.9% | Σ-Reward:  4504.0 | Ø-Reward:  2.252 | Places: [1058 (0.53), 533 (0.27), 264 (0.13), 145 (0.07)]
[2025-08-22 01:37:00] Winrate vs random2     :  82.2% | Σ-Reward:  5568.0 | Ø-Reward:  2.784 | Places: [1644 (0.82), 298 (0.15), 40 (0.02), 18 (0.01)]
[2025-08-22 01:37:00] Winrate vs single_only :  81.2% | Σ-Reward:  5533.0 | Ø-Reward:  2.767 | Places: [1624 (0.81), 301 (0.15), 59 (0.03), 16 (0.01)]
[2025-08-22 01:37:07] Timing @ep 70000: episode 33.8s | train 0.031s | eval 27.0s | plot 6.8s | save 0.001s | cum 1.84h
[2025-08-22 01:41:09] 
[2025-08-22 01:41:09] Benchmark @train_ep   75000 (bench_eps: 2000)
[2025-08-22 01:41:09] Macro Winrate          :  72.6%
[2025-08-22 01:41:09] Macro Ø-Reward         :  2.604
[2025-08-22 01:41:09] Winrate vs max_combo   :  55.9% | Σ-Reward:  4563.0 | Ø-Reward:  2.281 | Places: [1117 (0.56), 483 (0.24), 246 (0.12), 154 (0.08)]
[2025-08-22 01:41:09] Winrate vs random2     :  81.7% | Σ-Reward:  5549.0 | Ø-Reward:  2.775 | Places: [1634 (0.82), 298 (0.15), 51 (0.03), 17 (0.01)]
[2025-08-22 01:41:09] Winrate vs single_only :  80.3% | Σ-Reward:  5510.0 | Ø-Reward:  2.755 | Places: [1606 (0.80), 315 (0.16), 62 (0.03), 17 (0.01)]
[2025-08-22 01:41:15] Timing @ep 75000: episode 34.7s | train 0.024s | eval 28.3s | plot 6.5s | save 0.001s | cum 1.91h
[2025-08-22 01:45:14] 
[2025-08-22 01:45:14] Benchmark @train_ep   80000 (bench_eps: 2000)
[2025-08-22 01:45:14] Macro Winrate          :  69.3%
[2025-08-22 01:45:14] Macro Ø-Reward         :  2.566
[2025-08-22 01:45:14] Winrate vs max_combo   :  54.5% | Σ-Reward:  4538.0 | Ø-Reward:  2.269 | Places: [1090 (0.55), 501 (0.25), 266 (0.13), 143 (0.07)]
[2025-08-22 01:45:14] Winrate vs random2     :  80.1% | Σ-Reward:  5517.0 | Ø-Reward:  2.759 | Places: [1602 (0.80), 327 (0.16), 57 (0.03), 14 (0.01)]
[2025-08-22 01:45:14] Winrate vs single_only :  73.2% | Σ-Reward:  5340.0 | Ø-Reward:  2.670 | Places: [1465 (0.73), 431 (0.22), 83 (0.04), 21 (0.01)]
[2025-08-22 01:45:22] Timing @ep 80000: episode 33.3s | train 0.037s | eval 26.1s | plot 7.2s | save 0.001s | cum 1.98h
[2025-08-22 01:49:18] 
[2025-08-22 01:49:18] Benchmark @train_ep   85000 (bench_eps: 2000)
[2025-08-22 01:49:18] Macro Winrate          :  71.4%
[2025-08-22 01:49:18] Macro Ø-Reward         :  2.591
[2025-08-22 01:49:18] Winrate vs max_combo   :  55.5% | Σ-Reward:  4596.0 | Ø-Reward:  2.298 | Places: [1109 (0.55), 522 (0.26), 225 (0.11), 144 (0.07)]
[2025-08-22 01:49:18] Winrate vs random2     :  82.3% | Σ-Reward:  5553.0 | Ø-Reward:  2.776 | Places: [1646 (0.82), 286 (0.14), 43 (0.02), 25 (0.01)]
[2025-08-22 01:49:18] Winrate vs single_only :  76.3% | Σ-Reward:  5400.0 | Ø-Reward:  2.700 | Places: [1527 (0.76), 370 (0.18), 79 (0.04), 24 (0.01)]
[2025-08-22 01:49:26] Timing @ep 85000: episode 31.6s | train 0.039s | eval 24.2s | plot 7.3s | save 0.001s | cum 2.05h
[2025-08-22 01:53:24] 
[2025-08-22 01:53:24] Benchmark @train_ep   90000 (bench_eps: 2000)
[2025-08-22 01:53:24] Macro Winrate          :  65.7%
[2025-08-22 01:53:24] Macro Ø-Reward         :  2.495
[2025-08-22 01:53:24] Winrate vs max_combo   :  54.4% | Σ-Reward:  4513.0 | Ø-Reward:  2.256 | Places: [1087 (0.54), 497 (0.25), 258 (0.13), 158 (0.08)]
[2025-08-22 01:53:24] Winrate vs random2     :  81.0% | Σ-Reward:  5509.0 | Ø-Reward:  2.755 | Places: [1619 (0.81), 294 (0.15), 64 (0.03), 23 (0.01)]
[2025-08-22 01:53:24] Winrate vs single_only :  61.7% | Σ-Reward:  4948.0 | Ø-Reward:  2.474 | Places: [1234 (0.62), 528 (0.26), 190 (0.10), 48 (0.02)]
[2025-08-22 01:53:31] Timing @ep 90000: episode 33.4s | train 0.026s | eval 26.0s | plot 7.3s | save 0.002s | cum 2.12h
[2025-08-22 01:57:28] 
[2025-08-22 01:57:28] Benchmark @train_ep   95000 (bench_eps: 2000)
[2025-08-22 01:57:28] Macro Winrate          :  69.1%
[2025-08-22 01:57:28] Macro Ø-Reward         :  2.556
[2025-08-22 01:57:28] Winrate vs max_combo   :  53.2% | Σ-Reward:  4506.0 | Ø-Reward:  2.253 | Places: [1064 (0.53), 536 (0.27), 242 (0.12), 158 (0.08)]
[2025-08-22 01:57:28] Winrate vs random2     :  79.0% | Σ-Reward:  5473.0 | Ø-Reward:  2.736 | Places: [1580 (0.79), 330 (0.17), 73 (0.04), 17 (0.01)]
[2025-08-22 01:57:28] Winrate vs single_only :  75.2% | Σ-Reward:  5356.0 | Ø-Reward:  2.678 | Places: [1503 (0.75), 371 (0.19), 105 (0.05), 21 (0.01)]
[2025-08-22 01:57:36] Timing @ep 95000: episode 33.7s | train 0.048s | eval 25.6s | plot 8.1s | save 0.001s | cum 2.19h
[2025-08-22 02:01:36] 
[2025-08-22 02:01:36] Benchmark @train_ep  100000 (bench_eps: 2000)
[2025-08-22 02:01:36] Macro Winrate          :  75.1%
[2025-08-22 02:01:36] Macro Ø-Reward         :  2.642
[2025-08-22 02:01:36] Winrate vs max_combo   :  58.6% | Σ-Reward:  4714.0 | Ø-Reward:  2.357 | Places: [1172 (0.59), 498 (0.25), 202 (0.10), 128 (0.06)]
[2025-08-22 02:01:36] Winrate vs random2     :  84.5% | Σ-Reward:  5627.0 | Ø-Reward:  2.813 | Places: [1689 (0.84), 261 (0.13), 38 (0.02), 12 (0.01)]
[2025-08-22 02:01:36] Winrate vs single_only :  82.2% | Σ-Reward:  5511.0 | Ø-Reward:  2.756 | Places: [1643 (0.82), 254 (0.13), 74 (0.04), 29 (0.01)]
[2025-08-22 02:01:44] Timing @ep 100000: episode 33.4s | train 0.032s | eval 25.8s | plot 7.6s | save 0.002s | cum 2.25h
[2025-08-22 02:01:44] 
[2025-08-22 02:01:44] Gesamtzeit: 2.25h (~ 12.32 eps/s)
[2025-08-22 02:01:44] K1 (DQN) Training abgeschlossen.
