[2025-08-22 09:32:38] New Training (k2a2): 4x DQN simultan
[2025-08-22 09:32:38] Deck_Size: 64
[2025-08-22 09:32:38] Episodes: 20000
[2025-08-22 09:32:38] Path: /home/wasterix/OpenSpiel/open_spiel/President/models/k2a2/model_12
[2025-08-22 09:56:06] 
[2025-08-22 09:56:06] Benchmark @train_ep    5000 (bench_eps: 2000)
[2025-08-22 09:56:06] Macro Winrate          :  15.2%
[2025-08-22 09:56:06] Macro Ø-Reward         :  1.101
[2025-08-22 09:56:06] Winrate vs max_combo   :   9.6% | Σ-Reward:  1538.0 | Ø-Reward:  0.769 | Places: [192 (0.10), 235 (0.12), 492 (0.25), 1081 (0.54)]
[2025-08-22 09:56:06] Winrate vs random2     :  21.9% | Σ-Reward:  2817.0 | Ø-Reward:  1.409 | Places: [439 (0.22), 459 (0.23), 582 (0.29), 520 (0.26)]
[2025-08-22 09:56:06] Winrate vs single_only :  14.1% | Σ-Reward:  2252.0 | Ø-Reward:  1.126 | Places: [282 (0.14), 416 (0.21), 574 (0.29), 728 (0.36)]
[2025-08-22 09:56:08] Timing @ep 5000: episode 31.4s | train 0.000s | eval 28.6s | plot 2.4s | save 0.007s | cum 0.39h
[2025-08-22 10:25:33] 
[2025-08-22 10:25:33] Benchmark @train_ep   10000 (bench_eps: 2000)
[2025-08-22 10:25:33] Macro Winrate          :   1.9%
[2025-08-22 10:25:33] Macro Ø-Reward         :  0.546
[2025-08-22 10:25:33] Winrate vs max_combo   :   0.1% | Σ-Reward:  481.0 | Ø-Reward:  0.240 | Places: [3 (0.00), 41 (0.02), 390 (0.20), 1566 (0.78)]
[2025-08-22 10:25:33] Winrate vs random2     :   5.0% | Σ-Reward:  1717.0 | Ø-Reward:  0.859 | Places: [101 (0.05), 352 (0.18), 710 (0.35), 837 (0.42)]
[2025-08-22 10:25:33] Winrate vs single_only :   0.4% | Σ-Reward:  1076.0 | Ø-Reward:  0.538 | Places: [8 (0.00), 173 (0.09), 706 (0.35), 1113 (0.56)]
[2025-08-22 10:25:37] Timing @ep 10000: episode 35.3s | train 0.000s | eval 30.9s | plot 4.0s | save 0.004s | cum 0.88h
