[2025-09-25 00:04:48] New Training (k4a2): Shared-Policy DQN — In-Proc External Trainer (Bundle-Updates)
[2025-09-25 00:04:48] Deck_Size: 64
[2025-09-25 00:04:48] Episodes: 100000
[2025-09-25 00:04:48] Path: /home/wasterix/Multiagent/OpenSpiel_neu/open_spiel/President/models/k4a2/model_47
[2025-09-25 00:06:48] 
[2025-09-25 00:06:48] Benchmark @train_ep    5000 (bench_eps: 2000)
[2025-09-25 00:06:48] Macro Winrate          :   5.4%
[2025-09-25 00:06:48] Macro Ø-Reward         :  0.422
[2025-09-25 00:06:48] Winrate vs max_combo   :   0.0% | Σ-Reward:  275.0 | Ø-Reward:  0.138 | Places: [0 (0.00), 27 (0.01), 221 (0.11), 1752 (0.88)]
[2025-09-25 00:06:48] Winrate vs random2     :   0.3% | Σ-Reward:  767.0 | Ø-Reward:  0.384 | Places: [7 (0.00), 116 (0.06), 514 (0.26), 1363 (0.68)]
[2025-09-25 00:06:48] Winrate vs single_only :  15.9% | Σ-Reward:  1489.0 | Ø-Reward:  0.745 | Places: [319 (0.16), 86 (0.04), 360 (0.18), 1235 (0.62)]
[2025-09-25 00:06:54] Timing @ep 5000: episode 42.8s | train 0.147s | eval 36.7s | plot 5.9s | save 0.003s | cum 0.04h
[2025-09-25 00:08:56] 
[2025-09-25 00:08:56] Benchmark @train_ep   10000 (bench_eps: 2000)
[2025-09-25 00:08:56] Macro Winrate          :  12.3%
[2025-09-25 00:08:56] Macro Ø-Reward         :  1.016
[2025-09-25 00:08:56] Winrate vs max_combo   :   3.0% | Σ-Reward:  1112.0 | Ø-Reward:  0.556 | Places: [60 (0.03), 187 (0.09), 558 (0.28), 1195 (0.60)]
[2025-09-25 00:08:56] Winrate vs random2     :  12.9% | Σ-Reward:  2565.0 | Ø-Reward:  1.282 | Places: [258 (0.13), 572 (0.29), 647 (0.32), 523 (0.26)]
[2025-09-25 00:08:56] Winrate vs single_only :  20.9% | Σ-Reward:  2418.0 | Ø-Reward:  1.209 | Places: [419 (0.21), 233 (0.12), 695 (0.35), 653 (0.33)]
[2025-09-25 00:09:02] Timing @ep 10000: episode 39.9s | train 0.205s | eval 33.4s | plot 6.3s | save 0.002s | cum 0.07h
[2025-09-25 00:10:53] 
[2025-09-25 00:10:53] Benchmark @train_ep   15000 (bench_eps: 2000)
[2025-09-25 00:10:53] Macro Winrate          :  29.5%
[2025-09-25 00:10:53] Macro Ø-Reward         :  1.618
[2025-09-25 00:10:53] Winrate vs max_combo   :  15.0% | Σ-Reward:  2161.0 | Ø-Reward:  1.081 | Places: [300 (0.15), 376 (0.19), 509 (0.25), 815 (0.41)]
[2025-09-25 00:10:53] Winrate vs random2     :  36.0% | Σ-Reward:  3621.0 | Ø-Reward:  1.810 | Places: [721 (0.36), 528 (0.26), 402 (0.20), 349 (0.17)]
[2025-09-25 00:10:53] Winrate vs single_only :  37.4% | Σ-Reward:  3928.0 | Ø-Reward:  1.964 | Places: [747 (0.37), 629 (0.31), 429 (0.21), 195 (0.10)]
[2025-09-25 00:11:00] Timing @ep 15000: episode 35.8s | train 0.172s | eval 28.5s | plot 7.1s | save 0.002s | cum 0.11h
[2025-09-25 00:12:39] 
[2025-09-25 00:12:39] Benchmark @train_ep   20000 (bench_eps: 2000)
[2025-09-25 00:12:39] Macro Winrate          :  52.8%
[2025-09-25 00:12:39] Macro Ø-Reward         :  1.897
[2025-09-25 00:12:39] Winrate vs max_combo   :  22.6% | Σ-Reward:  2132.0 | Ø-Reward:  1.066 | Places: [451 (0.23), 190 (0.10), 399 (0.20), 960 (0.48)]
[2025-09-25 00:12:39] Winrate vs random2     :  55.5% | Σ-Reward:  4146.0 | Ø-Reward:  2.073 | Places: [1111 (0.56), 228 (0.11), 357 (0.18), 304 (0.15)]
[2025-09-25 00:12:39] Winrate vs single_only :  80.4% | Σ-Reward:  5105.0 | Ø-Reward:  2.553 | Places: [1608 (0.80), 71 (0.04), 139 (0.07), 182 (0.09)]
[2025-09-25 00:12:48] Timing @ep 20000: episode 32.3s | train 0.128s | eval 23.9s | plot 8.2s | save 0.004s | cum 0.14h
[2025-09-25 00:14:23] 
[2025-09-25 00:14:23] Benchmark @train_ep   25000 (bench_eps: 2000)
[2025-09-25 00:14:23] Macro Winrate          :  52.4%
[2025-09-25 00:14:23] Macro Ø-Reward         :  2.003
[2025-09-25 00:14:23] Winrate vs max_combo   :  22.6% | Σ-Reward:  2410.0 | Ø-Reward:  1.205 | Places: [452 (0.23), 279 (0.14), 496 (0.25), 773 (0.39)]
[2025-09-25 00:14:23] Winrate vs random2     :  55.5% | Σ-Reward:  4362.0 | Ø-Reward:  2.181 | Places: [1111 (0.56), 333 (0.17), 363 (0.18), 193 (0.10)]
[2025-09-25 00:14:23] Winrate vs single_only :  79.2% | Σ-Reward:  5248.0 | Ø-Reward:  2.624 | Places: [1583 (0.79), 177 (0.09), 145 (0.07), 95 (0.05)]
[2025-09-25 00:14:32] Timing @ep 25000: episode 31.2s | train 0.164s | eval 22.6s | plot 8.5s | save 0.002s | cum 0.17h
[2025-09-25 00:16:10] 
[2025-09-25 00:16:10] Benchmark @train_ep   30000 (bench_eps: 2000)
[2025-09-25 00:16:10] Macro Winrate          :  57.3%
[2025-09-25 00:16:10] Macro Ø-Reward         :  1.993
[2025-09-25 00:16:10] Winrate vs max_combo   :  27.6% | Σ-Reward:  2304.0 | Ø-Reward:  1.152 | Places: [551 (0.28), 176 (0.09), 299 (0.15), 974 (0.49)]
[2025-09-25 00:16:10] Winrate vs random2     :  64.2% | Σ-Reward:  4505.0 | Ø-Reward:  2.252 | Places: [1284 (0.64), 218 (0.11), 217 (0.11), 281 (0.14)]
[2025-09-25 00:16:10] Winrate vs single_only :  80.0% | Σ-Reward:  5152.0 | Ø-Reward:  2.576 | Places: [1601 (0.80), 110 (0.06), 129 (0.06), 160 (0.08)]
[2025-09-25 00:16:19] Timing @ep 30000: episode 33.2s | train 0.143s | eval 23.6s | plot 9.4s | save 0.002s | cum 0.20h
[2025-09-25 00:17:57] 
[2025-09-25 00:17:57] Benchmark @train_ep   35000 (bench_eps: 2000)
[2025-09-25 00:17:57] Macro Winrate          :  59.0%
[2025-09-25 00:17:57] Macro Ø-Reward         :  2.042
[2025-09-25 00:17:57] Winrate vs max_combo   :  32.9% | Σ-Reward:  2637.0 | Ø-Reward:  1.319 | Places: [657 (0.33), 171 (0.09), 324 (0.16), 848 (0.42)]
[2025-09-25 00:17:57] Winrate vs random2     :  67.3% | Σ-Reward:  4564.0 | Ø-Reward:  2.282 | Places: [1346 (0.67), 133 (0.07), 260 (0.13), 261 (0.13)]
[2025-09-25 00:17:57] Winrate vs single_only :  77.0% | Σ-Reward:  5050.0 | Ø-Reward:  2.525 | Places: [1540 (0.77), 159 (0.08), 112 (0.06), 189 (0.09)]
[2025-09-25 00:18:06] Timing @ep 35000: episode 34.8s | train 0.146s | eval 23.6s | plot 11.1s | save 0.003s | cum 0.23h
[2025-09-25 00:19:45] 
[2025-09-25 00:19:45] Benchmark @train_ep   40000 (bench_eps: 2000)
[2025-09-25 00:19:45] Macro Winrate          :  59.1%
[2025-09-25 00:19:45] Macro Ø-Reward         :  2.075
[2025-09-25 00:19:45] Winrate vs max_combo   :  33.0% | Σ-Reward:  2612.0 | Ø-Reward:  1.306 | Places: [659 (0.33), 175 (0.09), 285 (0.14), 881 (0.44)]
[2025-09-25 00:19:45] Winrate vs random2     :  65.1% | Σ-Reward:  4554.0 | Ø-Reward:  2.277 | Places: [1302 (0.65), 198 (0.10), 252 (0.13), 248 (0.12)]
[2025-09-25 00:19:45] Winrate vs single_only :  79.4% | Σ-Reward:  5285.0 | Ø-Reward:  2.643 | Places: [1588 (0.79), 212 (0.11), 97 (0.05), 103 (0.05)]
[2025-09-25 00:19:56] Timing @ep 40000: episode 35.0s | train 0.136s | eval 23.9s | plot 10.9s | save 0.002s | cum 0.26h
[2025-09-25 00:21:35] 
[2025-09-25 00:21:35] Benchmark @train_ep   45000 (bench_eps: 2000)
[2025-09-25 00:21:35] Macro Winrate          :  65.2%
[2025-09-25 00:21:35] Macro Ø-Reward         :  2.168
[2025-09-25 00:21:35] Winrate vs max_combo   :  37.0% | Σ-Reward:  2766.0 | Ø-Reward:  1.383 | Places: [741 (0.37), 164 (0.08), 215 (0.11), 880 (0.44)]
[2025-09-25 00:21:35] Winrate vs random2     :  72.8% | Σ-Reward:  4820.0 | Ø-Reward:  2.410 | Places: [1457 (0.73), 132 (0.07), 185 (0.09), 226 (0.11)]
[2025-09-25 00:21:35] Winrate vs single_only :  85.7% | Σ-Reward:  5421.0 | Ø-Reward:  2.711 | Places: [1714 (0.86), 118 (0.06), 43 (0.02), 125 (0.06)]
[2025-09-25 00:21:46] Timing @ep 45000: episode 34.8s | train 0.138s | eval 24.0s | plot 10.7s | save 0.002s | cum 0.29h
[2025-09-25 00:23:27] 
[2025-09-25 00:23:27] Benchmark @train_ep   50000 (bench_eps: 2000)
[2025-09-25 00:23:27] Macro Winrate          :  61.3%
[2025-09-25 00:23:27] Macro Ø-Reward         :  2.079
[2025-09-25 00:23:27] Winrate vs max_combo   :  36.0% | Σ-Reward:  2696.0 | Ø-Reward:  1.348 | Places: [721 (0.36), 131 (0.07), 271 (0.14), 877 (0.44)]
[2025-09-25 00:23:27] Winrate vs random2     :  67.3% | Σ-Reward:  4550.0 | Ø-Reward:  2.275 | Places: [1346 (0.67), 155 (0.08), 202 (0.10), 297 (0.15)]
[2025-09-25 00:23:27] Winrate vs single_only :  80.5% | Σ-Reward:  5228.0 | Ø-Reward:  2.614 | Places: [1610 (0.81), 151 (0.08), 96 (0.05), 143 (0.07)]
[2025-09-25 00:23:38] Timing @ep 50000: episode 34.7s | train 0.213s | eval 23.2s | plot 11.3s | save 0.002s | cum 0.33h
[2025-09-25 00:25:23] 
[2025-09-25 00:25:23] Benchmark @train_ep   55000 (bench_eps: 2000)
[2025-09-25 00:25:23] Macro Winrate          :  65.0%
[2025-09-25 00:25:23] Macro Ø-Reward         :  2.172
[2025-09-25 00:25:23] Winrate vs max_combo   :  36.3% | Σ-Reward:  2795.0 | Ø-Reward:  1.397 | Places: [726 (0.36), 143 (0.07), 331 (0.17), 800 (0.40)]
[2025-09-25 00:25:23] Winrate vs random2     :  73.0% | Σ-Reward:  4801.0 | Ø-Reward:  2.401 | Places: [1460 (0.73), 124 (0.06), 173 (0.09), 243 (0.12)]
[2025-09-25 00:25:23] Winrate vs single_only :  85.8% | Σ-Reward:  5438.0 | Ø-Reward:  2.719 | Places: [1715 (0.86), 105 (0.05), 83 (0.04), 97 (0.05)]
[2025-09-25 00:25:36] Timing @ep 55000: episode 36.6s | train 0.163s | eval 23.9s | plot 12.5s | save 0.003s | cum 0.36h
[2025-09-25 00:27:17] 
[2025-09-25 00:27:17] Benchmark @train_ep   60000 (bench_eps: 2000)
[2025-09-25 00:27:17] Macro Winrate          :  62.4%
[2025-09-25 00:27:17] Macro Ø-Reward         :  2.053
[2025-09-25 00:27:17] Winrate vs max_combo   :  38.2% | Σ-Reward:  2713.0 | Ø-Reward:  1.357 | Places: [765 (0.38), 115 (0.06), 188 (0.09), 932 (0.47)]
[2025-09-25 00:27:17] Winrate vs random2     :  65.0% | Σ-Reward:  4280.0 | Ø-Reward:  2.140 | Places: [1300 (0.65), 122 (0.06), 136 (0.07), 442 (0.22)]
[2025-09-25 00:27:17] Winrate vs single_only :  84.0% | Σ-Reward:  5326.0 | Ø-Reward:  2.663 | Places: [1679 (0.84), 111 (0.06), 67 (0.03), 143 (0.07)]
[2025-09-25 00:27:31] Timing @ep 60000: episode 36.9s | train 0.140s | eval 23.0s | plot 13.7s | save 0.002s | cum 0.39h
[2025-09-25 00:29:16] 
[2025-09-25 00:29:16] Benchmark @train_ep   65000 (bench_eps: 2000)
[2025-09-25 00:29:16] Macro Winrate          :  62.8%
[2025-09-25 00:29:16] Macro Ø-Reward         :  2.018
[2025-09-25 00:29:16] Winrate vs max_combo   :  37.4% | Σ-Reward:  2557.0 | Ø-Reward:  1.278 | Places: [747 (0.37), 105 (0.05), 106 (0.05), 1042 (0.52)]
[2025-09-25 00:29:16] Winrate vs random2     :  71.4% | Σ-Reward:  4579.0 | Ø-Reward:  2.289 | Places: [1428 (0.71), 98 (0.05), 99 (0.05), 375 (0.19)]
[2025-09-25 00:29:16] Winrate vs single_only :  79.5% | Σ-Reward:  4973.0 | Ø-Reward:  2.486 | Places: [1591 (0.80), 69 (0.03), 62 (0.03), 278 (0.14)]
[2025-09-25 00:29:30] Timing @ep 65000: episode 39.8s | train 0.182s | eval 25.0s | plot 14.6s | save 0.003s | cum 0.43h
[2025-09-25 00:31:18] 
[2025-09-25 00:31:18] Benchmark @train_ep   70000 (bench_eps: 2000)
[2025-09-25 00:31:18] Macro Winrate          :  60.9%
[2025-09-25 00:31:18] Macro Ø-Reward         :  2.029
[2025-09-25 00:31:18] Winrate vs max_combo   :  37.1% | Σ-Reward:  2702.0 | Ø-Reward:  1.351 | Places: [743 (0.37), 143 (0.07), 187 (0.09), 927 (0.46)]
[2025-09-25 00:31:18] Winrate vs random2     :  65.2% | Σ-Reward:  4406.0 | Ø-Reward:  2.203 | Places: [1303 (0.65), 176 (0.09), 145 (0.07), 376 (0.19)]
[2025-09-25 00:31:18] Winrate vs single_only :  80.5% | Σ-Reward:  5065.0 | Ø-Reward:  2.533 | Places: [1611 (0.81), 83 (0.04), 66 (0.03), 240 (0.12)]
[2025-09-25 00:31:32] Timing @ep 70000: episode 41.2s | train 0.164s | eval 25.2s | plot 15.8s | save 0.002s | cum 0.46h
[2025-09-25 00:33:20] 
[2025-09-25 00:33:20] Benchmark @train_ep   75000 (bench_eps: 2000)
[2025-09-25 00:33:20] Macro Winrate          :  61.5%
[2025-09-25 00:33:20] Macro Ø-Reward         :  2.044
[2025-09-25 00:33:20] Winrate vs max_combo   :  35.0% | Σ-Reward:  2617.0 | Ø-Reward:  1.308 | Places: [700 (0.35), 190 (0.10), 137 (0.07), 973 (0.49)]
[2025-09-25 00:33:20] Winrate vs random2     :  69.0% | Σ-Reward:  4560.0 | Ø-Reward:  2.280 | Places: [1381 (0.69), 156 (0.08), 105 (0.05), 358 (0.18)]
[2025-09-25 00:33:20] Winrate vs single_only :  80.5% | Σ-Reward:  5085.0 | Ø-Reward:  2.542 | Places: [1611 (0.81), 104 (0.05), 44 (0.02), 241 (0.12)]
[2025-09-25 00:33:34] Timing @ep 75000: episode 41.6s | train 0.184s | eval 25.4s | plot 16.0s | save 0.002s | cum 0.50h
[2025-09-25 00:35:24] 
[2025-09-25 00:35:24] Benchmark @train_ep   80000 (bench_eps: 2000)
[2025-09-25 00:35:24] Macro Winrate          :  59.7%
[2025-09-25 00:35:24] Macro Ø-Reward         :  1.979
[2025-09-25 00:35:24] Winrate vs max_combo   :  39.1% | Σ-Reward:  2695.0 | Ø-Reward:  1.347 | Places: [783 (0.39), 82 (0.04), 182 (0.09), 953 (0.48)]
[2025-09-25 00:35:24] Winrate vs random2     :  63.4% | Σ-Reward:  4217.0 | Ø-Reward:  2.108 | Places: [1268 (0.63), 129 (0.06), 155 (0.08), 448 (0.22)]
[2025-09-25 00:35:24] Winrate vs single_only :  76.5% | Σ-Reward:  4960.0 | Ø-Reward:  2.480 | Places: [1530 (0.77), 139 (0.07), 92 (0.05), 239 (0.12)]
[2025-09-25 00:35:40] Timing @ep 80000: episode 43.7s | train 0.143s | eval 26.4s | plot 17.2s | save 0.002s | cum 0.54h
[2025-09-25 00:37:34] 
[2025-09-25 00:37:34] Benchmark @train_ep   85000 (bench_eps: 2000)
[2025-09-25 00:37:34] Macro Winrate          :  60.4%
[2025-09-25 00:37:34] Macro Ø-Reward         :  2.001
[2025-09-25 00:37:34] Winrate vs max_combo   :  37.2% | Σ-Reward:  2690.0 | Ø-Reward:  1.345 | Places: [744 (0.37), 157 (0.08), 144 (0.07), 955 (0.48)]
[2025-09-25 00:37:34] Winrate vs random2     :  63.6% | Σ-Reward:  4341.0 | Ø-Reward:  2.171 | Places: [1273 (0.64), 194 (0.10), 134 (0.07), 399 (0.20)]
[2025-09-25 00:37:34] Winrate vs single_only :  80.2% | Σ-Reward:  4976.0 | Ø-Reward:  2.488 | Places: [1605 (0.80), 63 (0.03), 35 (0.02), 297 (0.15)]
[2025-09-25 00:37:49] Timing @ep 85000: episode 42.6s | train 0.177s | eval 25.8s | plot 16.5s | save 0.002s | cum 0.57h
[2025-09-25 00:39:38] 
[2025-09-25 00:39:38] Benchmark @train_ep   90000 (bench_eps: 2000)
[2025-09-25 00:39:38] Macro Winrate          :  59.8%
[2025-09-25 00:39:38] Macro Ø-Reward         :  1.964
[2025-09-25 00:39:38] Winrate vs max_combo   :  36.5% | Σ-Reward:  2601.0 | Ø-Reward:  1.300 | Places: [729 (0.36), 114 (0.06), 186 (0.09), 971 (0.49)]
[2025-09-25 00:39:38] Winrate vs random2     :  65.6% | Σ-Reward:  4303.0 | Ø-Reward:  2.151 | Places: [1312 (0.66), 117 (0.06), 133 (0.07), 438 (0.22)]
[2025-09-25 00:39:38] Winrate vs single_only :  77.2% | Σ-Reward:  4882.0 | Ø-Reward:  2.441 | Places: [1544 (0.77), 93 (0.05), 64 (0.03), 299 (0.15)]
[2025-09-25 00:39:54] Timing @ep 90000: episode 42.9s | train 0.192s | eval 24.5s | plot 18.2s | save 0.002s | cum 0.61h
[2025-09-25 00:41:28] 
[2025-09-25 00:41:28] Benchmark @train_ep   95000 (bench_eps: 2000)
[2025-09-25 00:41:28] Macro Winrate          :  63.3%
[2025-09-25 00:41:28] Macro Ø-Reward         :  2.027
[2025-09-25 00:41:28] Winrate vs max_combo   :  41.4% | Σ-Reward:  2784.0 | Ø-Reward:  1.392 | Places: [828 (0.41), 91 (0.05), 118 (0.06), 963 (0.48)]
[2025-09-25 00:41:28] Winrate vs random2     :  70.0% | Σ-Reward:  4491.0 | Ø-Reward:  2.245 | Places: [1399 (0.70), 94 (0.05), 106 (0.05), 401 (0.20)]
[2025-09-25 00:41:28] Winrate vs single_only :  78.5% | Σ-Reward:  4890.0 | Ø-Reward:  2.445 | Places: [1570 (0.79), 63 (0.03), 54 (0.03), 313 (0.16)]
[2025-09-25 00:41:43] Timing @ep 95000: episode 38.8s | train 0.120s | eval 22.6s | plot 16.1s | save 0.002s | cum 0.64h
[2025-09-25 00:43:15] 
[2025-09-25 00:43:15] Benchmark @train_ep  100000 (bench_eps: 2000)
[2025-09-25 00:43:15] Macro Winrate          :  61.9%
[2025-09-25 00:43:15] Macro Ø-Reward         :  1.949
[2025-09-25 00:43:15] Winrate vs max_combo   :  40.9% | Σ-Reward:  2648.0 | Ø-Reward:  1.324 | Places: [817 (0.41), 51 (0.03), 95 (0.05), 1037 (0.52)]
[2025-09-25 00:43:15] Winrate vs random2     :  67.6% | Σ-Reward:  4292.0 | Ø-Reward:  2.146 | Places: [1352 (0.68), 59 (0.03), 118 (0.06), 471 (0.24)]
[2025-09-25 00:43:15] Winrate vs single_only :  77.3% | Σ-Reward:  4753.0 | Ø-Reward:  2.377 | Places: [1547 (0.77), 35 (0.02), 42 (0.02), 376 (0.19)]
[2025-09-25 00:43:32] Timing @ep 100000: episode 39.2s | train 0.124s | eval 22.5s | plot 16.6s | save 0.002s | cum 0.67h
[2025-09-25 00:43:32] 
[2025-09-25 00:43:32] Gesamtzeit: 0.67h (~ 41.31 eps/s)
[2025-09-25 00:43:32] k4a2, Shared Policy Selfplay (DQN, Bundle-Updates, 1 Prozess). Training abgeschlossen.
[2025-09-25 00:43:32] Path: /home/wasterix/Multiagent/OpenSpiel_neu/open_spiel/President/models/k4a2/model_47
