[2025-08-20 16:43:09] New Training (k4a1): Shared-Policy PPO
[2025-08-20 16:43:09] Deck_Size: 64
[2025-08-20 16:43:09] Episodes: 200
[2025-08-20 16:43:09] Path: /home/wasterix/OpenSpiel/open_spiel/President/models/k4a1/model_12
[2025-08-20 16:43:27] 
[2025-08-20 16:43:27] Benchmark @train_ep     100 (bench_eps: 500)
[2025-08-20 16:43:27] Macro Winrate          :  14.4%
[2025-08-20 16:43:27] Macro Ø-Reward         :  1.149
[2025-08-20 16:43:27] Winrate vs max_combo   :   2.4% | Σ-Reward:  236.0 | Ø-Reward:  0.472 | Places: [12 (0.02), 39 (0.08), 122 (0.24), 327 (0.65)]
[2025-08-20 16:43:27] Winrate vs random2     :  22.2% | Σ-Reward:  780.0 | Ø-Reward:  1.560 | Places: [111 (0.22), 163 (0.33), 121 (0.24), 105 (0.21)]
[2025-08-20 16:43:27] Winrate vs single_only :  18.6% | Σ-Reward:  707.0 | Ø-Reward:  1.414 | Places: [93 (0.19), 142 (0.28), 144 (0.29), 121 (0.24)]
[2025-08-20 16:43:29] Timing @ep 100: episode 13.0s | train 0.009s | eval 10.9s | plot 2.0s | save 0.002s | cum 0.01h
[2025-08-20 16:43:46] 
[2025-08-20 16:43:46] Benchmark @train_ep     200 (bench_eps: 500)
[2025-08-20 16:43:46] Macro Winrate          :   8.3%
[2025-08-20 16:43:46] Macro Ø-Reward         :  1.009
[2025-08-20 16:43:46] Winrate vs max_combo   :   1.8% | Σ-Reward:  222.0 | Ø-Reward:  0.444 | Places: [9 (0.02), 36 (0.07), 123 (0.25), 332 (0.66)]
[2025-08-20 16:43:46] Winrate vs random2     :  12.0% | Σ-Reward:  638.0 | Ø-Reward:  1.276 | Places: [60 (0.12), 157 (0.31), 144 (0.29), 139 (0.28)]
[2025-08-20 16:43:46] Winrate vs single_only :  11.0% | Σ-Reward:  653.0 | Ø-Reward:  1.306 | Places: [55 (0.11), 160 (0.32), 168 (0.34), 117 (0.23)]
[2025-08-20 16:43:49] Timing @ep 200: episode 14.3s | train 0.013s | eval 11.8s | plot 2.4s | save 0.002s | cum 0.01h
[2025-08-20 16:43:49] 
[2025-08-20 16:43:49] Gesamtzeit: 0.01h (~ 5.19 eps/s)
[2025-08-20 16:43:49] K4 (Shared-Policy) Training abgeschlossen.
