[2025-08-21 11:47:43] New Training (k1a2): DQN Single-Agent vs Heuristiken
[2025-08-21 11:47:43] Deck_Size: 16
[2025-08-21 11:47:43] Episodes: 1000
[2025-08-21 11:47:43] Path: /home/wasterix/OpenSpiel/open_spiel/President/models/k1a2/model_11
[2025-08-21 11:47:46] 
[2025-08-21 11:47:46] Benchmark @train_ep     200 (bench_eps: 500)
[2025-08-21 11:47:46] Macro Winrate          :  38.7%
[2025-08-21 11:47:46] Macro Ø-Reward         :  1.845
[2025-08-21 11:47:46] Winrate vs max_combo   :  27.4% | Σ-Reward:  767.0 | Ø-Reward:  1.534 | Places: [137 (0.27), 128 (0.26), 100 (0.20), 135 (0.27)]
[2025-08-21 11:47:46] Winrate vs random2     :  26.6% | Σ-Reward:  862.0 | Ø-Reward:  1.724 | Places: [133 (0.27), 170 (0.34), 123 (0.25), 74 (0.15)]
[2025-08-21 11:47:46] Winrate vs single_only :  62.0% | Σ-Reward:  1138.0 | Ø-Reward:  2.276 | Places: [310 (0.62), 59 (0.12), 90 (0.18), 41 (0.08)]
[2025-08-21 11:47:47] Timing @ep 200: episode 3.5s | train 0.003s | eval 2.1s | plot 1.5s | save 0.002s | cum 0.00h
[2025-08-21 11:47:50] 
[2025-08-21 11:47:50] Benchmark @train_ep     400 (bench_eps: 500)
[2025-08-21 11:47:50] Macro Winrate          :  43.7%
[2025-08-21 11:47:50] Macro Ø-Reward         :  1.885
[2025-08-21 11:47:50] Winrate vs max_combo   :  29.6% | Σ-Reward:  770.0 | Ø-Reward:  1.540 | Places: [148 (0.30), 106 (0.21), 114 (0.23), 132 (0.26)]
[2025-08-21 11:47:50] Winrate vs random2     :  37.2% | Σ-Reward:  928.0 | Ø-Reward:  1.856 | Places: [186 (0.37), 130 (0.26), 110 (0.22), 74 (0.15)]
[2025-08-21 11:47:50] Winrate vs single_only :  64.2% | Σ-Reward:  1129.0 | Ø-Reward:  2.258 | Places: [321 (0.64), 45 (0.09), 76 (0.15), 58 (0.12)]
[2025-08-21 11:47:52] Timing @ep 400: episode 3.4s | train 0.003s | eval 1.8s | plot 1.6s | save 0.001s | cum 0.00h
[2025-08-21 11:47:54] 
[2025-08-21 11:47:54] Benchmark @train_ep     600 (bench_eps: 500)
[2025-08-21 11:47:54] Macro Winrate          :  38.5%
[2025-08-21 11:47:54] Macro Ø-Reward         :  1.803
[2025-08-21 11:47:54] Winrate vs max_combo   :  30.0% | Σ-Reward:  777.0 | Ø-Reward:  1.554 | Places: [150 (0.30), 109 (0.22), 109 (0.22), 132 (0.26)]
[2025-08-21 11:47:54] Winrate vs random2     :  30.4% | Σ-Reward:  852.0 | Ø-Reward:  1.704 | Places: [152 (0.30), 141 (0.28), 114 (0.23), 93 (0.19)]
[2025-08-21 11:47:54] Winrate vs single_only :  55.0% | Σ-Reward:  1076.0 | Ø-Reward:  2.152 | Places: [275 (0.55), 77 (0.15), 97 (0.19), 51 (0.10)]
[2025-08-21 11:47:56] Timing @ep 600: episode 3.5s | train 0.004s | eval 1.9s | plot 1.5s | save 0.001s | cum 0.00h
[2025-08-21 11:47:59] 
[2025-08-21 11:47:59] Benchmark @train_ep     800 (bench_eps: 500)
[2025-08-21 11:47:59] Macro Winrate          :  39.9%
[2025-08-21 11:47:59] Macro Ø-Reward         :  1.826
[2025-08-21 11:47:59] Winrate vs max_combo   :  28.4% | Σ-Reward:  751.0 | Ø-Reward:  1.502 | Places: [142 (0.28), 100 (0.20), 125 (0.25), 133 (0.27)]
[2025-08-21 11:47:59] Winrate vs random2     :  33.0% | Σ-Reward:  907.0 | Ø-Reward:  1.814 | Places: [165 (0.33), 146 (0.29), 120 (0.24), 69 (0.14)]
[2025-08-21 11:47:59] Winrate vs single_only :  58.2% | Σ-Reward:  1081.0 | Ø-Reward:  2.162 | Places: [291 (0.58), 51 (0.10), 106 (0.21), 52 (0.10)]
[2025-08-21 11:48:00] Timing @ep 800: episode 3.5s | train 0.002s | eval 1.9s | plot 1.6s | save 0.002s | cum 0.00h
[2025-08-21 11:48:03] 
[2025-08-21 11:48:03] Benchmark @train_ep    1000 (bench_eps: 500)
[2025-08-21 11:48:03] Macro Winrate          :  38.5%
[2025-08-21 11:48:03] Macro Ø-Reward         :  1.837
[2025-08-21 11:48:03] Winrate vs max_combo   :  29.2% | Σ-Reward:  788.0 | Ø-Reward:  1.576 | Places: [146 (0.29), 123 (0.25), 104 (0.21), 127 (0.25)]
[2025-08-21 11:48:03] Winrate vs random2     :  31.2% | Σ-Reward:  901.0 | Ø-Reward:  1.802 | Places: [156 (0.31), 160 (0.32), 113 (0.23), 71 (0.14)]
[2025-08-21 11:48:03] Winrate vs single_only :  55.2% | Σ-Reward:  1066.0 | Ø-Reward:  2.132 | Places: [276 (0.55), 66 (0.13), 106 (0.21), 52 (0.10)]
[2025-08-21 11:48:05] Timing @ep 1000: episode 3.9s | train 0.004s | eval 2.0s | plot 1.9s | save 0.002s | cum 0.01h
[2025-08-21 11:48:05] 
[2025-08-21 11:48:05] Gesamtzeit: 0.01h (~ 45.81 eps/s)
[2025-08-21 11:48:05] K1 (DQN) Training abgeschlossen.
