[2025-08-19 13:18:32] New Training
[2025-08-19 13:18:32] Deck_Size: 64
[2025-08-19 13:18:32] Episodes: 4000
[2025-08-19 13:18:32] Path: /home/wasterix/OpenSpiel/open_spiel/President/models/k1a1/model_39
[2025-08-19 13:19:20] 
[2025-08-19 13:19:20] Benchmark    1000 episodes
[2025-08-19 13:19:20] Macro Average          :  44.5%
[2025-08-19 13:19:20] Winrate vs max_combo   :  14.3%
[2025-08-19 13:19:20] Winrate vs random2     :  45.6%
[2025-08-19 13:19:20] Winrate vs single_only :  73.5%
[2025-08-19 13:19:22] Timing @ep 1000: episode 33.6s | train 0.003s | eval 31.5s | plot 2.0s | save 0.004s | cum 0.01h
[2025-08-19 13:20:08] 
[2025-08-19 13:20:08] Benchmark    2000 episodes
[2025-08-19 13:20:08] Macro Average          :  50.6%
[2025-08-19 13:20:08] Winrate vs max_combo   :  20.1%
[2025-08-19 13:20:08] Winrate vs random2     :  58.1%
[2025-08-19 13:20:08] Winrate vs single_only :  73.7%
[2025-08-19 13:20:11] Timing @ep 2000: episode 35.0s | train 0.003s | eval 32.7s | plot 2.3s | save 0.001s | cum 0.03h
[2025-08-19 13:20:57] 
[2025-08-19 13:20:57] Benchmark    3000 episodes
[2025-08-19 13:20:57] Macro Average          :  52.6%
[2025-08-19 13:20:57] Winrate vs max_combo   :  21.1%
[2025-08-19 13:20:57] Winrate vs random2     :  65.0%
[2025-08-19 13:20:57] Winrate vs single_only :  71.8%
[2025-08-19 13:20:59] Timing @ep 3000: episode 34.2s | train 0.003s | eval 31.8s | plot 2.3s | save 0.001s | cum 0.04h
[2025-08-19 13:21:46] 
[2025-08-19 13:21:46] Benchmark    4000 episodes
[2025-08-19 13:21:46] Macro Average          :  56.2%
[2025-08-19 13:21:46] Winrate vs max_combo   :  23.7%
[2025-08-19 13:21:46] Winrate vs random2     :  65.3%
[2025-08-19 13:21:46] Winrate vs single_only :  79.7%
[2025-08-19 13:21:49] Timing @ep 4000: episode 35.1s | train 0.004s | eval 32.1s | plot 3.0s | save 0.002s | cum 0.05h
[2025-08-19 13:21:49] 
[2025-08-19 13:21:49] Gesamtzeit: 0.05h (~ 20.48 eps/s)
[2025-08-19 13:21:49] K1 Training abgeschlossen.
