[2025-08-23 21:44:56] New Training (k3a2): Snapshot-Selfplay DQN
[2025-08-23 21:44:56] Deck_Size: 16
[2025-08-23 21:44:56] Episodes: 4000
[2025-08-23 21:44:56] Path: /home/wasterix/OpenSpiel/open_spiel/President/models/k3a2/model_11
[2025-08-23 21:45:31] 
[2025-08-23 21:45:31] Benchmark @train_ep    2000 (bench_eps: 200)
[2025-08-23 21:45:31] Macro Winrate          :  38.3%
[2025-08-23 21:45:31] Macro Ø-Reward         :  1.730
[2025-08-23 21:45:31] Winrate vs max_combo   :  32.5% | Σ-Reward:  321.0 | Ø-Reward:  1.605 | Places: [65 (0.33), 43 (0.21), 40 (0.20), 52 (0.26)]
[2025-08-23 21:45:31] Winrate vs random2     :  25.0% | Σ-Reward:  297.0 | Ø-Reward:  1.485 | Places: [50 (0.25), 53 (0.27), 41 (0.20), 56 (0.28)]
[2025-08-23 21:45:31] Winrate vs single_only :  57.5% | Σ-Reward:  420.0 | Ø-Reward:  2.100 | Places: [115 (0.57), 20 (0.10), 35 (0.17), 30 (0.15)]
[2025-08-23 21:45:33] Timing @ep 2000: episode 2.3s | train 0.000s | eval 0.8s | plot 1.5s | save 0.002s | cum 0.01h
[2025-08-23 21:46:09] 
[2025-08-23 21:46:09] Benchmark @train_ep    4000 (bench_eps: 200)
[2025-08-23 21:46:09] Macro Winrate          :  45.5%
[2025-08-23 21:46:09] Macro Ø-Reward         :  1.948
[2025-08-23 21:46:09] Winrate vs max_combo   :  34.0% | Σ-Reward:  342.0 | Ø-Reward:  1.710 | Places: [68 (0.34), 55 (0.28), 28 (0.14), 49 (0.24)]
[2025-08-23 21:46:09] Winrate vs random2     :  41.0% | Σ-Reward:  398.0 | Ø-Reward:  1.990 | Places: [82 (0.41), 60 (0.30), 32 (0.16), 26 (0.13)]
[2025-08-23 21:46:09] Winrate vs single_only :  61.5% | Σ-Reward:  429.0 | Ø-Reward:  2.145 | Places: [123 (0.61), 16 (0.08), 28 (0.14), 33 (0.17)]
[2025-08-23 21:46:11] Timing @ep 4000: episode 2.4s | train 0.000s | eval 0.7s | plot 1.7s | save 0.001s | cum 0.02h
[2025-08-23 21:46:11] 
[2025-08-23 21:46:11] Gesamtzeit: 0.02h (~ 53.72 eps/s)
[2025-08-23 21:46:11] K3 (Snapshot-Selfplay, DQN) Training abgeschlossen.
