[2025-08-24 20:00:45] New Training (k1a1)
[2025-08-24 20:00:45] Deck_Size: 16
[2025-08-24 20:00:45] Episodes: 2000
[2025-08-24 20:00:45] Path: /home/wasterix/OpenSpiel/open_spiel/President/models/k1a1/model_84
[2025-08-24 20:00:52] 
[2025-08-24 20:00:52] Benchmark @train_ep     500 (bench_eps: 500)
[2025-08-24 20:00:52] Macro Winrate          :  31.5%
[2025-08-24 20:00:52] Macro Ø-Reward         :  1.571
[2025-08-24 20:00:52] Winrate vs max_combo   :  26.4% | Σ-Reward:  687.0 | Ø-Reward:  1.374 | Places: [132 (0.26), 87 (0.17), 117 (0.23), 164 (0.33)]
[2025-08-24 20:00:52] Winrate vs random2     :  26.0% | Σ-Reward:  766.0 | Ø-Reward:  1.532 | Places: [130 (0.26), 125 (0.25), 126 (0.25), 119 (0.24)]
[2025-08-24 20:00:52] Winrate vs single_only :  42.2% | Σ-Reward:  904.0 | Ø-Reward:  1.808 | Places: [211 (0.42), 75 (0.15), 121 (0.24), 93 (0.19)]
[2025-08-24 20:00:55] Timing @ep 500: episode 5.7s | train 0.002s | eval 3.2s | plot 2.4s | save 0.003s | cum 0.00h
[2025-08-24 20:01:01] 
[2025-08-24 20:01:01] Benchmark @train_ep    1000 (bench_eps: 500)
[2025-08-24 20:01:01] Macro Winrate          :  36.1%
[2025-08-24 20:01:01] Macro Ø-Reward         :  1.744
[2025-08-24 20:01:01] Winrate vs max_combo   :  26.0% | Σ-Reward:  765.0 | Ø-Reward:  1.530 | Places: [130 (0.26), 122 (0.24), 131 (0.26), 117 (0.23)]
[2025-08-24 20:01:01] Winrate vs random2     :  30.6% | Σ-Reward:  838.0 | Ø-Reward:  1.676 | Places: [153 (0.31), 120 (0.24), 139 (0.28), 88 (0.18)]
[2025-08-24 20:01:01] Winrate vs single_only :  51.6% | Σ-Reward:  1013.0 | Ø-Reward:  2.026 | Places: [258 (0.52), 73 (0.15), 93 (0.19), 76 (0.15)]
[2025-08-24 20:01:04] Timing @ep 1000: episode 5.6s | train 0.003s | eval 3.1s | plot 2.5s | save 0.001s | cum 0.00h
[2025-08-24 20:01:10] 
[2025-08-24 20:01:10] Benchmark @train_ep    1500 (bench_eps: 500)
[2025-08-24 20:01:10] Macro Winrate          :  34.5%
[2025-08-24 20:01:10] Macro Ø-Reward         :  1.747
[2025-08-24 20:01:10] Winrate vs max_combo   :  25.8% | Σ-Reward:  732.0 | Ø-Reward:  1.464 | Places: [129 (0.26), 115 (0.23), 115 (0.23), 141 (0.28)]
[2025-08-24 20:01:10] Winrate vs random2     :  27.6% | Σ-Reward:  872.0 | Ø-Reward:  1.744 | Places: [138 (0.28), 163 (0.33), 132 (0.26), 67 (0.13)]
[2025-08-24 20:01:10] Winrate vs single_only :  50.2% | Σ-Reward:  1017.0 | Ø-Reward:  2.034 | Places: [251 (0.50), 81 (0.16), 102 (0.20), 66 (0.13)]
[2025-08-24 20:01:12] Timing @ep 1500: episode 5.5s | train 0.002s | eval 3.0s | plot 2.5s | save 0.001s | cum 0.01h
[2025-08-24 20:01:18] 
[2025-08-24 20:01:18] Benchmark @train_ep    2000 (bench_eps: 500)
[2025-08-24 20:01:18] Macro Winrate          :  38.8%
[2025-08-24 20:01:18] Macro Ø-Reward         :  1.809
[2025-08-24 20:01:18] Winrate vs max_combo   :  27.8% | Σ-Reward:  780.0 | Ø-Reward:  1.560 | Places: [139 (0.28), 124 (0.25), 115 (0.23), 122 (0.24)]
[2025-08-24 20:01:18] Winrate vs random2     :  34.8% | Σ-Reward:  890.0 | Ø-Reward:  1.780 | Places: [174 (0.35), 132 (0.26), 104 (0.21), 90 (0.18)]
[2025-08-24 20:01:18] Winrate vs single_only :  53.8% | Σ-Reward:  1043.0 | Ø-Reward:  2.086 | Places: [269 (0.54), 76 (0.15), 84 (0.17), 71 (0.14)]
[2025-08-24 20:01:21] Timing @ep 2000: episode 5.6s | train 0.002s | eval 2.9s | plot 2.8s | save 0.001s | cum 0.01h
[2025-08-24 20:01:21] 
[2025-08-24 20:01:21] Gesamtzeit: 0.01h (~ 57.74 eps/s)
[2025-08-24 20:01:21] k1a1, Single Agent vs Heuristiken (max_combo). Training abgeschlossen.
[2025-08-24 20:01:21] Path: /home/wasterix/OpenSpiel/open_spiel/President/models/k1a1/model_84
