[2025-08-21 13:28:16] New Training (k1a1)
[2025-08-21 13:28:16] Deck_Size: 64
[2025-08-21 13:28:16] Episodes: 10000
[2025-08-21 13:28:16] Path: /home/wasterix/Multiagent/OpenSpiel_neu/open_spiel/President/models/k1a1/model_66
[2025-08-21 13:29:27] 
[2025-08-21 13:29:27] Benchmark @train_ep     500 (bench_eps: 2000)
[2025-08-21 13:29:27] Macro Winrate          :  10.6%
[2025-08-21 13:29:27] Macro Ø-Reward         :  1.119
[2025-08-21 13:29:27] Winrate vs max_combo   :   2.8% | Σ-Reward:  1136.0 | Ø-Reward:  0.568 | Places: [56 (0.03), 202 (0.10), 564 (0.28), 1178 (0.59)]
[2025-08-21 13:29:27] Winrate vs random2     :  22.5% | Σ-Reward:  3330.0 | Ø-Reward:  1.665 | Places: [450 (0.23), 713 (0.36), 554 (0.28), 283 (0.14)]
[2025-08-21 13:29:27] Winrate vs single_only :   6.4% | Σ-Reward:  2249.0 | Ø-Reward:  1.125 | Places: [128 (0.06), 524 (0.26), 817 (0.41), 531 (0.27)]
[2025-08-21 13:29:30] Timing @ep 500: episode 60.6s | train 0.004s | eval 57.2s | plot 3.4s | save 0.003s | cum 0.02h
[2025-08-21 13:30:32] 
[2025-08-21 13:30:32] Benchmark @train_ep    1000 (bench_eps: 2000)
[2025-08-21 13:30:32] Macro Winrate          :  27.5%
[2025-08-21 13:30:32] Macro Ø-Reward         :  1.691
[2025-08-21 13:30:32] Winrate vs max_combo   :  11.1% | Σ-Reward:  2161.0 | Ø-Reward:  1.081 | Places: [222 (0.11), 444 (0.22), 607 (0.30), 727 (0.36)]
[2025-08-21 13:30:32] Winrate vs random2     :  43.5% | Σ-Reward:  4261.0 | Ø-Reward:  2.131 | Places: [869 (0.43), 671 (0.34), 312 (0.16), 148 (0.07)]
[2025-08-21 13:30:32] Winrate vs single_only :  28.1% | Σ-Reward:  3725.0 | Ø-Reward:  1.863 | Places: [561 (0.28), 825 (0.41), 392 (0.20), 222 (0.11)]
[2025-08-21 13:30:36] Timing @ep 1000: episode 54.9s | train 0.005s | eval 51.1s | plot 3.8s | save 0.002s | cum 0.04h
[2025-08-21 13:31:44] 
[2025-08-21 13:31:44] Benchmark @train_ep    1500 (bench_eps: 2000)
[2025-08-21 13:31:44] Macro Winrate          :  31.0%
[2025-08-21 13:31:44] Macro Ø-Reward         :  1.862
[2025-08-21 13:31:44] Winrate vs max_combo   :  15.4% | Σ-Reward:  2670.0 | Ø-Reward:  1.335 | Places: [308 (0.15), 580 (0.29), 586 (0.29), 526 (0.26)]
[2025-08-21 13:31:44] Winrate vs random2     :  47.8% | Σ-Reward:  4583.0 | Ø-Reward:  2.292 | Places: [956 (0.48), 748 (0.37), 219 (0.11), 77 (0.04)]
[2025-08-21 13:31:44] Winrate vs single_only :  29.8% | Σ-Reward:  3921.0 | Ø-Reward:  1.960 | Places: [596 (0.30), 864 (0.43), 405 (0.20), 135 (0.07)]
[2025-08-21 13:31:49] Timing @ep 1500: episode 61.5s | train 0.005s | eval 56.8s | plot 4.6s | save 0.003s | cum 0.06h
[2025-08-21 13:32:57] 
[2025-08-21 13:32:57] Benchmark @train_ep    2000 (bench_eps: 2000)
[2025-08-21 13:32:57] Macro Winrate          :  47.9%
[2025-08-21 13:32:57] Macro Ø-Reward         :  2.163
[2025-08-21 13:32:57] Winrate vs max_combo   :  26.2% | Σ-Reward:  3267.0 | Ø-Reward:  1.633 | Places: [524 (0.26), 602 (0.30), 491 (0.25), 383 (0.19)]
[2025-08-21 13:32:57] Winrate vs random2     :  64.0% | Σ-Reward:  5001.0 | Ø-Reward:  2.501 | Places: [1280 (0.64), 506 (0.25), 149 (0.07), 65 (0.03)]
[2025-08-21 13:32:57] Winrate vs single_only :  53.6% | Σ-Reward:  4712.0 | Ø-Reward:  2.356 | Places: [1073 (0.54), 652 (0.33), 189 (0.09), 86 (0.04)]
[2025-08-21 13:33:02] Timing @ep 2000: episode 62.0s | train 0.005s | eval 57.0s | plot 5.0s | save 0.002s | cum 0.08h
[2025-08-21 13:34:09] 
[2025-08-21 13:34:09] Benchmark @train_ep    2500 (bench_eps: 2000)
[2025-08-21 13:34:09] Macro Winrate          :  45.9%
[2025-08-21 13:34:09] Macro Ø-Reward         :  2.168
[2025-08-21 13:34:09] Winrate vs max_combo   :  27.7% | Σ-Reward:  3435.0 | Ø-Reward:  1.718 | Places: [554 (0.28), 626 (0.31), 521 (0.26), 299 (0.15)]
[2025-08-21 13:34:09] Winrate vs random2     :  60.5% | Σ-Reward:  4954.0 | Ø-Reward:  2.477 | Places: [1210 (0.60), 593 (0.30), 138 (0.07), 59 (0.03)]
[2025-08-21 13:34:09] Winrate vs single_only :  49.6% | Σ-Reward:  4619.0 | Ø-Reward:  2.309 | Places: [992 (0.50), 719 (0.36), 205 (0.10), 84 (0.04)]
[2025-08-21 13:34:15] Timing @ep 2500: episode 61.2s | train 0.004s | eval 56.6s | plot 4.6s | save 0.002s | cum 0.10h
[2025-08-21 13:35:21] 
[2025-08-21 13:35:21] Benchmark @train_ep    3000 (bench_eps: 2000)
[2025-08-21 13:35:21] Macro Winrate          :  48.0%
[2025-08-21 13:35:21] Macro Ø-Reward         :  2.193
[2025-08-21 13:35:21] Winrate vs max_combo   :  28.5% | Σ-Reward:  3464.0 | Ø-Reward:  1.732 | Places: [570 (0.28), 645 (0.32), 464 (0.23), 321 (0.16)]
[2025-08-21 13:35:21] Winrate vs random2     :  62.1% | Σ-Reward:  4994.0 | Ø-Reward:  2.497 | Places: [1243 (0.62), 569 (0.28), 127 (0.06), 61 (0.03)]
[2025-08-21 13:35:21] Winrate vs single_only :  53.3% | Σ-Reward:  4702.0 | Ø-Reward:  2.351 | Places: [1066 (0.53), 650 (0.33), 204 (0.10), 80 (0.04)]
[2025-08-21 13:35:26] Timing @ep 3000: episode 60.0s | train 0.004s | eval 54.9s | plot 5.0s | save 0.002s | cum 0.12h
[2025-08-21 13:36:33] 
[2025-08-21 13:36:33] Benchmark @train_ep    3500 (bench_eps: 2000)
[2025-08-21 13:36:33] Macro Winrate          :  52.8%
[2025-08-21 13:36:33] Macro Ø-Reward         :  2.238
[2025-08-21 13:36:33] Winrate vs max_combo   :  32.3% | Σ-Reward:  3496.0 | Ø-Reward:  1.748 | Places: [646 (0.32), 551 (0.28), 456 (0.23), 347 (0.17)]
[2025-08-21 13:36:33] Winrate vs random2     :  66.4% | Σ-Reward:  5044.0 | Ø-Reward:  2.522 | Places: [1328 (0.66), 462 (0.23), 136 (0.07), 74 (0.04)]
[2025-08-21 13:36:33] Winrate vs single_only :  59.5% | Σ-Reward:  4886.0 | Ø-Reward:  2.443 | Places: [1191 (0.60), 572 (0.29), 169 (0.08), 68 (0.03)]
[2025-08-21 13:36:39] Timing @ep 3500: episode 62.2s | train 0.004s | eval 56.6s | plot 5.6s | save 0.002s | cum 0.14h
[2025-08-21 13:37:49] 
[2025-08-21 13:37:49] Benchmark @train_ep    4000 (bench_eps: 2000)
[2025-08-21 13:37:49] Macro Winrate          :  45.5%
[2025-08-21 13:37:49] Macro Ø-Reward         :  2.190
[2025-08-21 13:37:49] Winrate vs max_combo   :  28.1% | Σ-Reward:  3547.0 | Ø-Reward:  1.774 | Places: [561 (0.28), 701 (0.35), 462 (0.23), 276 (0.14)]
[2025-08-21 13:37:49] Winrate vs random2     :  58.1% | Σ-Reward:  4957.0 | Ø-Reward:  2.478 | Places: [1163 (0.58), 679 (0.34), 110 (0.06), 48 (0.02)]
[2025-08-21 13:37:49] Winrate vs single_only :  50.4% | Σ-Reward:  4635.0 | Ø-Reward:  2.317 | Places: [1007 (0.50), 698 (0.35), 218 (0.11), 77 (0.04)]
[2025-08-21 13:37:55] Timing @ep 4000: episode 65.1s | train 0.004s | eval 59.6s | plot 5.5s | save 0.002s | cum 0.16h
[2025-08-21 13:39:03] 
[2025-08-21 13:39:03] Benchmark @train_ep    4500 (bench_eps: 2000)
[2025-08-21 13:39:03] Macro Winrate          :  49.5%
[2025-08-21 13:39:03] Macro Ø-Reward         :  2.216
[2025-08-21 13:39:03] Winrate vs max_combo   :  30.4% | Σ-Reward:  3575.0 | Ø-Reward:  1.788 | Places: [607 (0.30), 667 (0.33), 420 (0.21), 306 (0.15)]
[2025-08-21 13:39:03] Winrate vs random2     :  65.5% | Σ-Reward:  5066.0 | Ø-Reward:  2.533 | Places: [1310 (0.66), 495 (0.25), 146 (0.07), 49 (0.02)]
[2025-08-21 13:39:03] Winrate vs single_only :  52.7% | Σ-Reward:  4655.0 | Ø-Reward:  2.328 | Places: [1054 (0.53), 628 (0.31), 237 (0.12), 81 (0.04)]
[2025-08-21 13:39:09] Timing @ep 4500: episode 63.4s | train 0.004s | eval 57.2s | plot 6.2s | save 0.002s | cum 0.18h
[2025-08-21 13:40:19] 
[2025-08-21 13:40:19] Benchmark @train_ep    5000 (bench_eps: 2000)
[2025-08-21 13:40:19] Macro Winrate          :  50.5%
[2025-08-21 13:40:19] Macro Ø-Reward         :  2.228
[2025-08-21 13:40:19] Winrate vs max_combo   :  32.5% | Σ-Reward:  3604.0 | Ø-Reward:  1.802 | Places: [649 (0.32), 626 (0.31), 405 (0.20), 320 (0.16)]
[2025-08-21 13:40:19] Winrate vs random2     :  61.5% | Σ-Reward:  4948.0 | Ø-Reward:  2.474 | Places: [1230 (0.61), 569 (0.28), 120 (0.06), 81 (0.04)]
[2025-08-21 13:40:19] Winrate vs single_only :  57.5% | Σ-Reward:  4819.0 | Ø-Reward:  2.409 | Places: [1150 (0.57), 594 (0.30), 181 (0.09), 75 (0.04)]
[2025-08-21 13:40:25] Timing @ep 5000: episode 61.9s | train 0.004s | eval 56.5s | plot 5.4s | save 0.003s | cum 0.20h
[2025-08-21 13:41:32] 
[2025-08-21 13:41:32] Benchmark @train_ep    5500 (bench_eps: 2000)
[2025-08-21 13:41:32] Macro Winrate          :  50.9%
[2025-08-21 13:41:32] Macro Ø-Reward         :  2.181
[2025-08-21 13:41:32] Winrate vs max_combo   :  32.2% | Σ-Reward:  3460.0 | Ø-Reward:  1.730 | Places: [644 (0.32), 534 (0.27), 460 (0.23), 362 (0.18)]
[2025-08-21 13:41:32] Winrate vs random2     :  66.2% | Σ-Reward:  5039.0 | Ø-Reward:  2.519 | Places: [1323 (0.66), 472 (0.24), 126 (0.06), 79 (0.04)]
[2025-08-21 13:41:32] Winrate vs single_only :  54.2% | Σ-Reward:  4587.0 | Ø-Reward:  2.293 | Places: [1085 (0.54), 538 (0.27), 256 (0.13), 121 (0.06)]
[2025-08-21 13:41:38] Timing @ep 5500: episode 62.6s | train 0.005s | eval 56.4s | plot 6.2s | save 0.002s | cum 0.22h
[2025-08-21 13:42:50] 
[2025-08-21 13:42:50] Benchmark @train_ep    6000 (bench_eps: 2000)
[2025-08-21 13:42:50] Macro Winrate          :  44.8%
[2025-08-21 13:42:50] Macro Ø-Reward         :  2.181
[2025-08-21 13:42:50] Winrate vs max_combo   :  29.6% | Σ-Reward:  3611.0 | Ø-Reward:  1.806 | Places: [592 (0.30), 700 (0.35), 435 (0.22), 273 (0.14)]
[2025-08-21 13:42:50] Winrate vs random2     :  60.4% | Σ-Reward:  4990.0 | Ø-Reward:  2.495 | Places: [1208 (0.60), 615 (0.31), 136 (0.07), 41 (0.02)]
[2025-08-21 13:42:50] Winrate vs single_only :  44.3% | Σ-Reward:  4483.0 | Ø-Reward:  2.241 | Places: [886 (0.44), 780 (0.39), 265 (0.13), 69 (0.03)]
[2025-08-21 13:42:56] Timing @ep 6000: episode 66.5s | train 0.005s | eval 60.3s | plot 6.1s | save 0.003s | cum 0.24h
[2025-08-21 13:44:04] 
[2025-08-21 13:44:04] Benchmark @train_ep    6500 (bench_eps: 2000)
[2025-08-21 13:44:04] Macro Winrate          :  46.5%
[2025-08-21 13:44:04] Macro Ø-Reward         :  2.187
[2025-08-21 13:44:04] Winrate vs max_combo   :  28.4% | Σ-Reward:  3464.0 | Ø-Reward:  1.732 | Places: [569 (0.28), 632 (0.32), 493 (0.25), 306 (0.15)]
[2025-08-21 13:44:04] Winrate vs random2     :  61.0% | Σ-Reward:  5021.0 | Ø-Reward:  2.510 | Places: [1221 (0.61), 614 (0.31), 130 (0.07), 35 (0.02)]
[2025-08-21 13:44:04] Winrate vs single_only :  50.1% | Σ-Reward:  4636.0 | Ø-Reward:  2.318 | Places: [1003 (0.50), 685 (0.34), 257 (0.13), 55 (0.03)]
[2025-08-21 13:44:11] Timing @ep 6500: episode 63.3s | train 0.004s | eval 57.1s | plot 6.2s | save 0.002s | cum 0.26h
[2025-08-21 13:45:16] 
[2025-08-21 13:45:16] Benchmark @train_ep    7000 (bench_eps: 2000)
[2025-08-21 13:45:16] Macro Winrate          :  52.4%
[2025-08-21 13:45:16] Macro Ø-Reward         :  2.235
[2025-08-21 13:45:16] Winrate vs max_combo   :  33.9% | Σ-Reward:  3611.0 | Ø-Reward:  1.806 | Places: [677 (0.34), 588 (0.29), 404 (0.20), 331 (0.17)]
[2025-08-21 13:45:16] Winrate vs random2     :  70.8% | Σ-Reward:  5211.0 | Ø-Reward:  2.606 | Places: [1415 (0.71), 430 (0.21), 106 (0.05), 49 (0.02)]
[2025-08-21 13:45:16] Winrate vs single_only :  52.7% | Σ-Reward:  4588.0 | Ø-Reward:  2.294 | Places: [1054 (0.53), 578 (0.29), 270 (0.14), 98 (0.05)]
[2025-08-21 13:45:23] Timing @ep 7000: episode 60.6s | train 0.004s | eval 54.3s | plot 6.3s | save 0.003s | cum 0.28h
[2025-08-21 13:46:32] 
[2025-08-21 13:46:32] Benchmark @train_ep    7500 (bench_eps: 2000)
[2025-08-21 13:46:32] Macro Winrate          :  47.1%
[2025-08-21 13:46:32] Macro Ø-Reward         :  2.183
[2025-08-21 13:46:32] Winrate vs max_combo   :  28.6% | Σ-Reward:  3521.0 | Ø-Reward:  1.760 | Places: [573 (0.29), 666 (0.33), 470 (0.23), 291 (0.15)]
[2025-08-21 13:46:32] Winrate vs random2     :  62.6% | Σ-Reward:  5035.0 | Ø-Reward:  2.518 | Places: [1252 (0.63), 573 (0.29), 133 (0.07), 42 (0.02)]
[2025-08-21 13:46:32] Winrate vs single_only :  49.9% | Σ-Reward:  4540.0 | Ø-Reward:  2.270 | Places: [998 (0.50), 636 (0.32), 274 (0.14), 92 (0.05)]
[2025-08-21 13:46:39] Timing @ep 7500: episode 65.2s | train 0.004s | eval 58.0s | plot 7.2s | save 0.002s | cum 0.30h
[2025-08-21 13:47:45] 
[2025-08-21 13:47:45] Benchmark @train_ep    8000 (bench_eps: 2000)
[2025-08-21 13:47:45] Macro Winrate          :  59.2%
[2025-08-21 13:47:45] Macro Ø-Reward         :  2.366
[2025-08-21 13:47:45] Winrate vs max_combo   :  35.3% | Σ-Reward:  3754.0 | Ø-Reward:  1.877 | Places: [706 (0.35), 624 (0.31), 388 (0.19), 282 (0.14)]
[2025-08-21 13:47:45] Winrate vs random2     :  73.4% | Σ-Reward:  5302.0 | Ø-Reward:  2.651 | Places: [1468 (0.73), 404 (0.20), 90 (0.04), 38 (0.02)]
[2025-08-21 13:47:45] Winrate vs single_only :  69.0% | Σ-Reward:  5142.0 | Ø-Reward:  2.571 | Places: [1380 (0.69), 443 (0.22), 116 (0.06), 61 (0.03)]
[2025-08-21 13:47:51] Timing @ep 8000: episode 61.5s | train 0.004s | eval 54.8s | plot 6.6s | save 0.002s | cum 0.32h
[2025-08-21 13:48:57] 
[2025-08-21 13:48:57] Benchmark @train_ep    8500 (bench_eps: 2000)
[2025-08-21 13:48:57] Macro Winrate          :  54.8%
[2025-08-21 13:48:57] Macro Ø-Reward         :  2.316
[2025-08-21 13:48:57] Winrate vs max_combo   :  34.2% | Σ-Reward:  3719.0 | Ø-Reward:  1.859 | Places: [684 (0.34), 630 (0.32), 407 (0.20), 279 (0.14)]
[2025-08-21 13:48:57] Winrate vs random2     :  68.0% | Σ-Reward:  5204.0 | Ø-Reward:  2.602 | Places: [1361 (0.68), 511 (0.26), 99 (0.05), 29 (0.01)]
[2025-08-21 13:48:57] Winrate vs single_only :  62.0% | Σ-Reward:  4975.0 | Ø-Reward:  2.487 | Places: [1241 (0.62), 542 (0.27), 168 (0.08), 49 (0.02)]
[2025-08-21 13:49:04] Timing @ep 8500: episode 61.9s | train 0.005s | eval 54.6s | plot 7.3s | save 0.003s | cum 0.34h
[2025-08-21 13:50:15] 
[2025-08-21 13:50:15] Benchmark @train_ep    9000 (bench_eps: 2000)
[2025-08-21 13:50:15] Macro Winrate          :  49.9%
[2025-08-21 13:50:15] Macro Ø-Reward         :  2.270
[2025-08-21 13:50:15] Winrate vs max_combo   :  29.7% | Σ-Reward:  3659.0 | Ø-Reward:  1.829 | Places: [594 (0.30), 708 (0.35), 461 (0.23), 237 (0.12)]
[2025-08-21 13:50:15] Winrate vs random2     :  64.3% | Σ-Reward:  5105.0 | Ø-Reward:  2.553 | Places: [1286 (0.64), 560 (0.28), 127 (0.06), 27 (0.01)]
[2025-08-21 13:50:15] Winrate vs single_only :  55.5% | Σ-Reward:  4857.0 | Ø-Reward:  2.429 | Places: [1111 (0.56), 669 (0.33), 186 (0.09), 34 (0.02)]
[2025-08-21 13:50:21] Timing @ep 9000: episode 65.3s | train 0.005s | eval 58.5s | plot 6.7s | save 0.002s | cum 0.36h
[2025-08-21 13:51:21] 
[2025-08-21 13:51:21] Benchmark @train_ep    9500 (bench_eps: 2000)
[2025-08-21 13:51:21] Macro Winrate          :  57.0%
[2025-08-21 13:51:21] Macro Ø-Reward         :  2.381
[2025-08-21 13:51:21] Winrate vs max_combo   :  35.6% | Σ-Reward:  3903.0 | Ø-Reward:  1.952 | Places: [712 (0.36), 697 (0.35), 373 (0.19), 218 (0.11)]
[2025-08-21 13:51:21] Winrate vs random2     :  71.3% | Σ-Reward:  5309.0 | Ø-Reward:  2.655 | Places: [1427 (0.71), 471 (0.24), 86 (0.04), 16 (0.01)]
[2025-08-21 13:51:21] Winrate vs single_only :  64.0% | Σ-Reward:  5072.0 | Ø-Reward:  2.536 | Places: [1279 (0.64), 533 (0.27), 169 (0.08), 19 (0.01)]
[2025-08-21 13:51:28] Timing @ep 9500: episode 56.1s | train 0.004s | eval 49.0s | plot 7.0s | save 0.002s | cum 0.38h
[2025-08-21 13:52:26] 
[2025-08-21 13:52:26] Benchmark @train_ep   10000 (bench_eps: 2000)
[2025-08-21 13:52:26] Macro Winrate          :  56.8%
[2025-08-21 13:52:26] Macro Ø-Reward         :  2.350
[2025-08-21 13:52:26] Winrate vs max_combo   :  35.8% | Σ-Reward:  3833.0 | Ø-Reward:  1.917 | Places: [716 (0.36), 658 (0.33), 369 (0.18), 257 (0.13)]
[2025-08-21 13:52:26] Winrate vs random2     :  72.9% | Σ-Reward:  5296.0 | Ø-Reward:  2.648 | Places: [1458 (0.73), 411 (0.21), 100 (0.05), 31 (0.02)]
[2025-08-21 13:52:26] Winrate vs single_only :  61.7% | Σ-Reward:  4968.0 | Ø-Reward:  2.484 | Places: [1234 (0.62), 545 (0.27), 176 (0.09), 45 (0.02)]
[2025-08-21 13:52:34] Timing @ep 10000: episode 55.3s | train 0.005s | eval 48.1s | plot 7.2s | save 0.003s | cum 0.39h
[2025-08-21 13:52:34] 
[2025-08-21 13:52:34] Gesamtzeit: 0.39h (~ 7.07 eps/s)
[2025-08-21 13:52:34] K1 Training abgeschlossen.
