[2025-08-21 10:51:01] New Training (k1a2): DQN Single-Agent vs Heuristiken
[2025-08-21 10:51:01] Deck_Size: 64
[2025-08-21 10:51:01] Episodes: 40000
[2025-08-21 10:51:01] Path: /home/wasterix/OpenSpiel/open_spiel/President/models/k1a2/model_07
[2025-08-21 10:52:09] 
[2025-08-21 10:52:09] Benchmark @train_ep    5000 (bench_eps: 2000)
[2025-08-21 10:52:09] Macro Winrate          :  37.6%
[2025-08-21 10:52:09] Macro Ø-Reward         :  1.802
[2025-08-21 10:52:09] Winrate vs max_combo   :  12.6% | Σ-Reward:  2010.0 | Ø-Reward:  1.005 | Places: [252 (0.13), 398 (0.20), 458 (0.23), 892 (0.45)]
[2025-08-21 10:52:09] Winrate vs random2     :  49.5% | Σ-Reward:  4354.0 | Ø-Reward:  2.177 | Places: [991 (0.50), 546 (0.27), 289 (0.14), 174 (0.09)]
[2025-08-21 10:52:09] Winrate vs single_only :  50.5% | Σ-Reward:  4447.0 | Ø-Reward:  2.224 | Places: [1011 (0.51), 567 (0.28), 280 (0.14), 142 (0.07)]
[2025-08-21 10:52:10] Timing @ep 5000: episode 31.0s | train 0.005s | eval 29.5s | plot 1.4s | save 0.005s | cum 0.02h
[2025-08-21 10:53:29] 
[2025-08-21 10:53:29] Benchmark @train_ep   10000 (bench_eps: 2000)
[2025-08-21 10:53:29] Macro Winrate          :  26.6%
[2025-08-21 10:53:29] Macro Ø-Reward         :  1.553
[2025-08-21 10:53:29] Winrate vs max_combo   :   9.6% | Σ-Reward:  1832.0 | Ø-Reward:  0.916 | Places: [192 (0.10), 346 (0.17), 564 (0.28), 898 (0.45)]
[2025-08-21 10:53:29] Winrate vs random2     :  32.9% | Σ-Reward:  3760.0 | Ø-Reward:  1.880 | Places: [657 (0.33), 678 (0.34), 433 (0.22), 232 (0.12)]
[2025-08-21 10:53:29] Winrate vs single_only :  37.2% | Σ-Reward:  3729.0 | Ø-Reward:  1.865 | Places: [744 (0.37), 517 (0.26), 463 (0.23), 276 (0.14)]
[2025-08-21 10:53:31] Timing @ep 10000: episode 32.4s | train 0.005s | eval 30.4s | plot 1.9s | save 0.002s | cum 0.04h
