[2025-08-25 16:13:47] New Training (k1a1)
[2025-08-25 16:13:47] Deck_Size: 16
[2025-08-25 16:13:47] Episodes: 100000
[2025-08-25 16:13:47] Path: /home/wasterix/OpenSpiel/open_spiel/President/models/k1a1/model_01
[2025-08-25 16:14:30] 
[2025-08-25 16:14:30] Benchmark @train_ep    5000 (bench_eps: 2000)
[2025-08-25 16:14:30] Macro Winrate          :  41.6%
[2025-08-25 16:14:30] Macro Ø-Reward         :  1.873
[2025-08-25 16:14:30] Winrate vs max_combo   :  31.6% | Σ-Reward:  3245.0 | Ø-Reward:  1.623 | Places: [633 (0.32), 450 (0.23), 446 (0.22), 471 (0.24)]
[2025-08-25 16:14:30] Winrate vs random2     :  34.6% | Σ-Reward:  3628.0 | Ø-Reward:  1.814 | Places: [692 (0.35), 547 (0.27), 458 (0.23), 303 (0.15)]
[2025-08-25 16:14:30] Winrate vs single_only :  58.4% | Σ-Reward:  4366.0 | Ø-Reward:  2.183 | Places: [1168 (0.58), 249 (0.12), 364 (0.18), 219 (0.11)]
[2025-08-25 16:14:31] Timing @ep 5000: episode 12.7s | train 0.003s | eval 11.7s | plot 1.0s | save 0.004s | cum 0.01h
[2025-08-25 16:15:12] 
[2025-08-25 16:15:12] Benchmark @train_ep   10000 (bench_eps: 2000)
[2025-08-25 16:15:12] Macro Winrate          :  38.0%
[2025-08-25 16:15:12] Macro Ø-Reward         :  1.843
[2025-08-25 16:15:12] Winrate vs max_combo   :  28.5% | Σ-Reward:  3246.0 | Ø-Reward:  1.623 | Places: [570 (0.28), 528 (0.26), 480 (0.24), 422 (0.21)]
[2025-08-25 16:15:12] Winrate vs random2     :  33.5% | Σ-Reward:  3656.0 | Ø-Reward:  1.828 | Places: [669 (0.33), 572 (0.29), 505 (0.25), 254 (0.13)]
[2025-08-25 16:15:12] Winrate vs single_only :  52.0% | Σ-Reward:  4153.0 | Ø-Reward:  2.076 | Places: [1041 (0.52), 300 (0.15), 430 (0.21), 229 (0.11)]
[2025-08-25 16:15:13] Timing @ep 10000: episode 13.6s | train 0.003s | eval 12.6s | plot 1.0s | save 0.001s | cum 0.02h
[2025-08-25 16:15:54] 
[2025-08-25 16:15:54] Benchmark @train_ep   15000 (bench_eps: 2000)
[2025-08-25 16:15:54] Macro Winrate          :  38.9%
[2025-08-25 16:15:54] Macro Ø-Reward         :  1.872
[2025-08-25 16:15:54] Winrate vs max_combo   :  30.3% | Σ-Reward:  3338.0 | Ø-Reward:  1.669 | Places: [606 (0.30), 532 (0.27), 456 (0.23), 406 (0.20)]
[2025-08-25 16:15:54] Winrate vs random2     :  34.9% | Σ-Reward:  3728.0 | Ø-Reward:  1.864 | Places: [698 (0.35), 600 (0.30), 434 (0.22), 268 (0.13)]
[2025-08-25 16:15:54] Winrate vs single_only :  51.5% | Σ-Reward:  4169.0 | Ø-Reward:  2.084 | Places: [1029 (0.51), 347 (0.17), 388 (0.19), 236 (0.12)]
[2025-08-25 16:15:55] Timing @ep 15000: episode 12.8s | train 0.002s | eval 11.8s | plot 1.0s | save 0.001s | cum 0.04h
[2025-08-25 16:16:37] 
[2025-08-25 16:16:37] Benchmark @train_ep   20000 (bench_eps: 2000)
[2025-08-25 16:16:37] Macro Winrate          :  39.3%
[2025-08-25 16:16:37] Macro Ø-Reward         :  1.861
[2025-08-25 16:16:37] Winrate vs max_combo   :  29.7% | Σ-Reward:  3283.0 | Ø-Reward:  1.641 | Places: [594 (0.30), 515 (0.26), 471 (0.24), 420 (0.21)]
[2025-08-25 16:16:37] Winrate vs random2     :  34.4% | Σ-Reward:  3687.0 | Ø-Reward:  1.843 | Places: [687 (0.34), 582 (0.29), 462 (0.23), 269 (0.13)]
[2025-08-25 16:16:37] Winrate vs single_only :  53.9% | Σ-Reward:  4196.0 | Ø-Reward:  2.098 | Places: [1078 (0.54), 296 (0.15), 370 (0.18), 256 (0.13)]
[2025-08-25 16:16:39] Timing @ep 20000: episode 13.3s | train 0.002s | eval 12.1s | plot 1.2s | save 0.001s | cum 0.05h
[2025-08-25 16:17:21] 
[2025-08-25 16:17:21] Benchmark @train_ep   25000 (bench_eps: 2000)
[2025-08-25 16:17:21] Macro Winrate          :  36.8%
[2025-08-25 16:17:21] Macro Ø-Reward         :  1.837
[2025-08-25 16:17:21] Winrate vs max_combo   :  29.2% | Σ-Reward:  3309.0 | Ø-Reward:  1.655 | Places: [585 (0.29), 547 (0.27), 460 (0.23), 408 (0.20)]
[2025-08-25 16:17:21] Winrate vs random2     :  33.1% | Σ-Reward:  3716.0 | Ø-Reward:  1.858 | Places: [663 (0.33), 639 (0.32), 449 (0.22), 249 (0.12)]
[2025-08-25 16:17:21] Winrate vs single_only :  48.1% | Σ-Reward:  3996.0 | Ø-Reward:  1.998 | Places: [962 (0.48), 328 (0.16), 454 (0.23), 256 (0.13)]
[2025-08-25 16:17:22] Timing @ep 25000: episode 13.6s | train 0.002s | eval 12.6s | plot 1.0s | save 0.001s | cum 0.06h
[2025-08-25 16:18:05] 
[2025-08-25 16:18:05] Benchmark @train_ep   30000 (bench_eps: 2000)
[2025-08-25 16:18:05] Macro Winrate          :  38.5%
[2025-08-25 16:18:05] Macro Ø-Reward         :  1.855
[2025-08-25 16:18:05] Winrate vs max_combo   :  30.5% | Σ-Reward:  3313.0 | Ø-Reward:  1.657 | Places: [610 (0.30), 498 (0.25), 487 (0.24), 405 (0.20)]
[2025-08-25 16:18:05] Winrate vs random2     :  33.3% | Σ-Reward:  3676.0 | Ø-Reward:  1.838 | Places: [666 (0.33), 607 (0.30), 464 (0.23), 263 (0.13)]
[2025-08-25 16:18:05] Winrate vs single_only :  51.7% | Σ-Reward:  4140.0 | Ø-Reward:  2.070 | Places: [1034 (0.52), 302 (0.15), 434 (0.22), 230 (0.12)]
[2025-08-25 16:18:06] Timing @ep 30000: episode 14.0s | train 0.003s | eval 12.9s | plot 1.0s | save 0.001s | cum 0.07h
[2025-08-25 16:18:48] 
[2025-08-25 16:18:48] Benchmark @train_ep   35000 (bench_eps: 2000)
[2025-08-25 16:18:48] Macro Winrate          :  38.9%
[2025-08-25 16:18:48] Macro Ø-Reward         :  1.882
[2025-08-25 16:18:48] Winrate vs max_combo   :  31.1% | Σ-Reward:  3373.0 | Ø-Reward:  1.687 | Places: [623 (0.31), 523 (0.26), 458 (0.23), 396 (0.20)]
[2025-08-25 16:18:48] Winrate vs random2     :  34.9% | Σ-Reward:  3793.0 | Ø-Reward:  1.897 | Places: [697 (0.35), 620 (0.31), 462 (0.23), 221 (0.11)]
[2025-08-25 16:18:48] Winrate vs single_only :  50.6% | Σ-Reward:  4125.0 | Ø-Reward:  2.062 | Places: [1012 (0.51), 345 (0.17), 399 (0.20), 244 (0.12)]
[2025-08-25 16:18:49] Timing @ep 35000: episode 13.3s | train 0.002s | eval 12.2s | plot 1.1s | save 0.001s | cum 0.08h
[2025-08-25 16:19:31] 
[2025-08-25 16:19:31] Benchmark @train_ep   40000 (bench_eps: 2000)
[2025-08-25 16:19:31] Macro Winrate          :  43.1%
[2025-08-25 16:19:31] Macro Ø-Reward         :  1.919
[2025-08-25 16:19:31] Winrate vs max_combo   :  31.8% | Σ-Reward:  3302.0 | Ø-Reward:  1.651 | Places: [635 (0.32), 468 (0.23), 461 (0.23), 436 (0.22)]
[2025-08-25 16:19:31] Winrate vs random2     :  38.4% | Σ-Reward:  3831.0 | Ø-Reward:  1.915 | Places: [767 (0.38), 555 (0.28), 420 (0.21), 258 (0.13)]
[2025-08-25 16:19:31] Winrate vs single_only :  59.1% | Σ-Reward:  4382.0 | Ø-Reward:  2.191 | Places: [1182 (0.59), 242 (0.12), 352 (0.18), 224 (0.11)]
[2025-08-25 16:19:33] Timing @ep 40000: episode 13.6s | train 0.002s | eval 12.2s | plot 1.3s | save 0.001s | cum 0.10h
[2025-08-25 16:20:14] 
[2025-08-25 16:20:14] Benchmark @train_ep   45000 (bench_eps: 2000)
[2025-08-25 16:20:14] Macro Winrate          :  40.7%
[2025-08-25 16:20:14] Macro Ø-Reward         :  1.909
[2025-08-25 16:20:14] Winrate vs max_combo   :  30.9% | Σ-Reward:  3376.0 | Ø-Reward:  1.688 | Places: [617 (0.31), 514 (0.26), 497 (0.25), 372 (0.19)]
[2025-08-25 16:20:14] Winrate vs random2     :  35.6% | Σ-Reward:  3781.0 | Ø-Reward:  1.891 | Places: [712 (0.36), 577 (0.29), 491 (0.25), 220 (0.11)]
[2025-08-25 16:20:14] Winrate vs single_only :  55.6% | Σ-Reward:  4296.0 | Ø-Reward:  2.148 | Places: [1113 (0.56), 288 (0.14), 381 (0.19), 218 (0.11)]
[2025-08-25 16:20:15] Timing @ep 45000: episode 12.7s | train 0.002s | eval 11.7s | plot 1.0s | save 0.001s | cum 0.11h
[2025-08-25 16:20:56] 
[2025-08-25 16:20:56] Benchmark @train_ep   50000 (bench_eps: 2000)
[2025-08-25 16:20:56] Macro Winrate          :  42.0%
[2025-08-25 16:20:56] Macro Ø-Reward         :  1.911
[2025-08-25 16:20:56] Winrate vs max_combo   :  33.6% | Σ-Reward:  3384.0 | Ø-Reward:  1.692 | Places: [673 (0.34), 455 (0.23), 455 (0.23), 417 (0.21)]
[2025-08-25 16:20:56] Winrate vs random2     :  35.6% | Σ-Reward:  3757.0 | Ø-Reward:  1.879 | Places: [712 (0.36), 583 (0.29), 455 (0.23), 250 (0.12)]
[2025-08-25 16:20:56] Winrate vs single_only :  56.8% | Σ-Reward:  4328.0 | Ø-Reward:  2.164 | Places: [1135 (0.57), 274 (0.14), 375 (0.19), 216 (0.11)]
[2025-08-25 16:20:57] Timing @ep 50000: episode 13.1s | train 0.003s | eval 12.1s | plot 1.0s | save 0.001s | cum 0.12h
[2025-08-25 16:21:36] 
[2025-08-25 16:21:36] Benchmark @train_ep   55000 (bench_eps: 2000)
[2025-08-25 16:21:36] Macro Winrate          :  42.3%
[2025-08-25 16:21:36] Macro Ø-Reward         :  1.914
[2025-08-25 16:21:36] Winrate vs max_combo   :  35.0% | Σ-Reward:  3440.0 | Ø-Reward:  1.720 | Places: [701 (0.35), 437 (0.22), 463 (0.23), 399 (0.20)]
[2025-08-25 16:21:36] Winrate vs random2     :  34.1% | Σ-Reward:  3666.0 | Ø-Reward:  1.833 | Places: [683 (0.34), 568 (0.28), 481 (0.24), 268 (0.13)]
[2025-08-25 16:21:36] Winrate vs single_only :  57.6% | Σ-Reward:  4377.0 | Ø-Reward:  2.188 | Places: [1152 (0.58), 265 (0.13), 391 (0.20), 192 (0.10)]
[2025-08-25 16:21:37] Timing @ep 55000: episode 13.2s | train 0.002s | eval 12.2s | plot 1.0s | save 0.001s | cum 0.13h
[2025-08-25 16:22:16] 
[2025-08-25 16:22:16] Benchmark @train_ep   60000 (bench_eps: 2000)
[2025-08-25 16:22:16] Macro Winrate          :  41.9%
[2025-08-25 16:22:16] Macro Ø-Reward         :  1.911
[2025-08-25 16:22:16] Winrate vs max_combo   :  32.1% | Σ-Reward:  3410.0 | Ø-Reward:  1.705 | Places: [643 (0.32), 511 (0.26), 459 (0.23), 387 (0.19)]
[2025-08-25 16:22:16] Winrate vs random2     :  37.7% | Σ-Reward:  3809.0 | Ø-Reward:  1.905 | Places: [754 (0.38), 553 (0.28), 441 (0.22), 252 (0.13)]
[2025-08-25 16:22:16] Winrate vs single_only :  55.8% | Σ-Reward:  4244.0 | Ø-Reward:  2.122 | Places: [1116 (0.56), 257 (0.13), 382 (0.19), 245 (0.12)]
[2025-08-25 16:22:18] Timing @ep 60000: episode 12.8s | train 0.002s | eval 11.6s | plot 1.1s | save 0.001s | cum 0.14h
[2025-08-25 16:22:56] 
[2025-08-25 16:22:56] Benchmark @train_ep   65000 (bench_eps: 2000)
[2025-08-25 16:22:56] Macro Winrate          :  42.1%
[2025-08-25 16:22:56] Macro Ø-Reward         :  1.932
[2025-08-25 16:22:56] Winrate vs max_combo   :  32.6% | Σ-Reward:  3448.0 | Ø-Reward:  1.724 | Places: [653 (0.33), 498 (0.25), 493 (0.25), 356 (0.18)]
[2025-08-25 16:22:56] Winrate vs random2     :  35.4% | Σ-Reward:  3785.0 | Ø-Reward:  1.893 | Places: [708 (0.35), 598 (0.30), 465 (0.23), 229 (0.11)]
[2025-08-25 16:22:56] Winrate vs single_only :  58.1% | Σ-Reward:  4361.0 | Ø-Reward:  2.180 | Places: [1163 (0.58), 255 (0.13), 362 (0.18), 220 (0.11)]
[2025-08-25 16:22:57] Timing @ep 65000: episode 12.3s | train 0.002s | eval 11.3s | plot 1.0s | save 0.001s | cum 0.15h
[2025-08-25 16:23:36] 
[2025-08-25 16:23:36] Benchmark @train_ep   70000 (bench_eps: 2000)
[2025-08-25 16:23:36] Macro Winrate          :  43.5%
[2025-08-25 16:23:36] Macro Ø-Reward         :  1.920
[2025-08-25 16:23:36] Winrate vs max_combo   :  34.4% | Σ-Reward:  3434.0 | Ø-Reward:  1.717 | Places: [687 (0.34), 467 (0.23), 439 (0.22), 407 (0.20)]
[2025-08-25 16:23:36] Winrate vs random2     :  34.7% | Σ-Reward:  3658.0 | Ø-Reward:  1.829 | Places: [694 (0.35), 568 (0.28), 440 (0.22), 298 (0.15)]
[2025-08-25 16:23:36] Winrate vs single_only :  61.4% | Σ-Reward:  4429.0 | Ø-Reward:  2.215 | Places: [1228 (0.61), 210 (0.10), 325 (0.16), 237 (0.12)]
[2025-08-25 16:23:37] Timing @ep 70000: episode 12.7s | train 0.002s | eval 11.7s | plot 1.0s | save 0.001s | cum 0.16h
[2025-08-25 16:24:21] 
[2025-08-25 16:24:21] Benchmark @train_ep   75000 (bench_eps: 2000)
[2025-08-25 16:24:21] Macro Winrate          :  42.7%
[2025-08-25 16:24:21] Macro Ø-Reward         :  1.938
[2025-08-25 16:24:21] Winrate vs max_combo   :  32.5% | Σ-Reward:  3422.0 | Ø-Reward:  1.711 | Places: [649 (0.32), 517 (0.26), 441 (0.22), 393 (0.20)]
[2025-08-25 16:24:21] Winrate vs random2     :  37.2% | Σ-Reward:  3798.0 | Ø-Reward:  1.899 | Places: [744 (0.37), 576 (0.29), 414 (0.21), 266 (0.13)]
[2025-08-25 16:24:21] Winrate vs single_only :  58.4% | Σ-Reward:  4406.0 | Ø-Reward:  2.203 | Places: [1168 (0.58), 279 (0.14), 344 (0.17), 209 (0.10)]
[2025-08-25 16:24:22] Timing @ep 75000: episode 14.9s | train 0.003s | eval 13.6s | plot 1.3s | save 0.001s | cum 0.18h
[2025-08-25 16:25:05] 
[2025-08-25 16:25:05] Benchmark @train_ep   80000 (bench_eps: 2000)
[2025-08-25 16:25:05] Macro Winrate          :  42.1%
[2025-08-25 16:25:05] Macro Ø-Reward         :  1.926
[2025-08-25 16:25:05] Winrate vs max_combo   :  32.3% | Σ-Reward:  3355.0 | Ø-Reward:  1.677 | Places: [646 (0.32), 488 (0.24), 441 (0.22), 425 (0.21)]
[2025-08-25 16:25:05] Winrate vs random2     :  35.1% | Σ-Reward:  3754.0 | Ø-Reward:  1.877 | Places: [703 (0.35), 596 (0.30), 453 (0.23), 248 (0.12)]
[2025-08-25 16:25:05] Winrate vs single_only :  59.0% | Σ-Reward:  4446.0 | Ø-Reward:  2.223 | Places: [1179 (0.59), 305 (0.15), 299 (0.15), 217 (0.11)]
[2025-08-25 16:25:07] Timing @ep 80000: episode 14.0s | train 0.003s | eval 12.7s | plot 1.3s | save 0.001s | cum 0.19h
[2025-08-25 16:25:51] 
[2025-08-25 16:25:51] Benchmark @train_ep   85000 (bench_eps: 2000)
[2025-08-25 16:25:51] Macro Winrate          :  39.8%
[2025-08-25 16:25:51] Macro Ø-Reward         :  1.906
[2025-08-25 16:25:51] Winrate vs max_combo   :  31.6% | Σ-Reward:  3393.0 | Ø-Reward:  1.696 | Places: [632 (0.32), 520 (0.26), 457 (0.23), 391 (0.20)]
[2025-08-25 16:25:51] Winrate vs random2     :  34.8% | Σ-Reward:  3777.0 | Ø-Reward:  1.889 | Places: [696 (0.35), 608 (0.30), 473 (0.24), 223 (0.11)]
[2025-08-25 16:25:51] Winrate vs single_only :  52.9% | Σ-Reward:  4268.0 | Ø-Reward:  2.134 | Places: [1057 (0.53), 359 (0.18), 379 (0.19), 205 (0.10)]
[2025-08-25 16:25:52] Timing @ep 85000: episode 14.2s | train 0.003s | eval 13.2s | plot 1.1s | save 0.001s | cum 0.20h
[2025-08-25 16:26:49] 
[2025-08-25 16:26:49] Benchmark @train_ep   90000 (bench_eps: 2000)
[2025-08-25 16:26:49] Macro Winrate          :  44.4%
[2025-08-25 16:26:49] Macro Ø-Reward         :  1.947
[2025-08-25 16:26:49] Winrate vs max_combo   :  34.2% | Σ-Reward:  3475.0 | Ø-Reward:  1.738 | Places: [685 (0.34), 476 (0.24), 468 (0.23), 371 (0.19)]
[2025-08-25 16:26:49] Winrate vs random2     :  37.2% | Σ-Reward:  3725.0 | Ø-Reward:  1.863 | Places: [744 (0.37), 514 (0.26), 465 (0.23), 277 (0.14)]
[2025-08-25 16:26:49] Winrate vs single_only :  61.6% | Σ-Reward:  4484.0 | Ø-Reward:  2.242 | Places: [1232 (0.62), 215 (0.11), 358 (0.18), 195 (0.10)]
[2025-08-25 16:26:50] Timing @ep 90000: episode 19.5s | train 0.006s | eval 18.2s | plot 1.3s | save 0.001s | cum 0.22h
[2025-08-25 16:27:42] 
[2025-08-25 16:27:42] Benchmark @train_ep   95000 (bench_eps: 2000)
[2025-08-25 16:27:42] Macro Winrate          :  43.6%
[2025-08-25 16:27:42] Macro Ø-Reward         :  1.965
[2025-08-25 16:27:42] Winrate vs max_combo   :  32.6% | Σ-Reward:  3462.0 | Ø-Reward:  1.731 | Places: [653 (0.33), 526 (0.26), 451 (0.23), 370 (0.18)]
[2025-08-25 16:27:42] Winrate vs random2     :  37.6% | Σ-Reward:  3835.0 | Ø-Reward:  1.917 | Places: [752 (0.38), 585 (0.29), 409 (0.20), 254 (0.13)]
[2025-08-25 16:27:42] Winrate vs single_only :  60.7% | Σ-Reward:  4492.0 | Ø-Reward:  2.246 | Places: [1214 (0.61), 237 (0.12), 376 (0.19), 173 (0.09)]
[2025-08-25 16:27:43] Timing @ep 95000: episode 16.9s | train 0.003s | eval 15.7s | plot 1.3s | save 0.001s | cum 0.23h
[2025-08-25 16:28:35] 
[2025-08-25 16:28:35] Benchmark @train_ep  100000 (bench_eps: 2000)
[2025-08-25 16:28:35] Macro Winrate          :  45.9%
[2025-08-25 16:28:35] Macro Ø-Reward         :  2.001
[2025-08-25 16:28:35] Winrate vs max_combo   :  34.9% | Σ-Reward:  3522.0 | Ø-Reward:  1.761 | Places: [697 (0.35), 486 (0.24), 459 (0.23), 358 (0.18)]
[2025-08-25 16:28:35] Winrate vs random2     :  36.7% | Σ-Reward:  3791.0 | Ø-Reward:  1.895 | Places: [734 (0.37), 568 (0.28), 453 (0.23), 245 (0.12)]
[2025-08-25 16:28:35] Winrate vs single_only :  66.2% | Σ-Reward:  4694.0 | Ø-Reward:  2.347 | Places: [1325 (0.66), 209 (0.10), 301 (0.15), 165 (0.08)]
[2025-08-25 16:28:36] Timing @ep 100000: episode 16.3s | train 0.003s | eval 14.9s | plot 1.4s | save 0.001s | cum 0.25h
[2025-08-25 16:28:36] 
[2025-08-25 16:28:36] Gesamtzeit: 0.25h (~ 112.74 eps/s)
[2025-08-25 16:28:36] k1a1, Single Agent vs Heuristiken (max_combo). Training abgeschlossen.
[2025-08-25 16:28:36] Path: /home/wasterix/OpenSpiel/open_spiel/President/models/k1a1/model_01
