[2025-08-22 14:13:14] New Training (k1a2): DQN Single-Agent vs Heuristiken (P0→P0)
[2025-08-22 14:13:14] Deck_Size: 64
[2025-08-22 14:13:14] Episodes: 10000
[2025-08-22 14:13:14] Path: /home/wasterix/OpenSpiel/open_spiel/President/models/k1a2/model_37
[2025-08-22 14:13:59] 
[2025-08-22 14:13:59] Benchmark @train_ep     500 (bench_eps: 2000)
[2025-08-22 14:13:59] Macro Winrate          :  22.6%
[2025-08-22 14:13:59] Macro Ø-Reward         :  1.470
[2025-08-22 14:13:59] Winrate vs max_combo   :  11.5% | Σ-Reward:  1865.0 | Ø-Reward:  0.932 | Places: [230 (0.12), 331 (0.17), 513 (0.26), 926 (0.46)]
[2025-08-22 14:13:59] Winrate vs random2     :  38.5% | Σ-Reward:  3960.0 | Ø-Reward:  1.980 | Places: [769 (0.38), 642 (0.32), 369 (0.18), 220 (0.11)]
[2025-08-22 14:13:59] Winrate vs single_only :  17.8% | Σ-Reward:  2992.0 | Ø-Reward:  1.496 | Places: [355 (0.18), 688 (0.34), 551 (0.28), 406 (0.20)]
[2025-08-22 14:14:01] Timing @ep 500: episode 26.2s | train 0.036s | eval 24.4s | plot 1.8s | save 0.003s | cum 0.01h
[2025-08-22 14:14:46] 
[2025-08-22 14:14:46] Benchmark @train_ep    1000 (bench_eps: 2000)
[2025-08-22 14:14:46] Macro Winrate          :  26.7%
[2025-08-22 14:14:46] Macro Ø-Reward         :  1.617
[2025-08-22 14:14:46] Winrate vs max_combo   :  14.8% | Σ-Reward:  2195.0 | Ø-Reward:  1.097 | Places: [297 (0.15), 391 (0.20), 522 (0.26), 790 (0.40)]
[2025-08-22 14:14:46] Winrate vs random2     :  41.1% | Σ-Reward:  4043.0 | Ø-Reward:  2.022 | Places: [823 (0.41), 602 (0.30), 370 (0.18), 205 (0.10)]
[2025-08-22 14:14:46] Winrate vs single_only :  24.2% | Σ-Reward:  3467.0 | Ø-Reward:  1.734 | Places: [484 (0.24), 773 (0.39), 469 (0.23), 274 (0.14)]
[2025-08-22 14:14:48] Timing @ep 1000: episode 25.9s | train 0.035s | eval 24.3s | plot 1.6s | save 0.001s | cum 0.03h
[2025-08-22 14:15:31] 
[2025-08-22 14:15:31] Benchmark @train_ep    1500 (bench_eps: 2000)
[2025-08-22 14:15:31] Macro Winrate          :  42.1%
[2025-08-22 14:15:31] Macro Ø-Reward         :  1.935
[2025-08-22 14:15:31] Winrate vs max_combo   :  20.6% | Σ-Reward:  2708.0 | Ø-Reward:  1.354 | Places: [413 (0.21), 468 (0.23), 533 (0.27), 586 (0.29)]
[2025-08-22 14:15:31] Winrate vs random2     :  52.0% | Σ-Reward:  4451.0 | Ø-Reward:  2.225 | Places: [1039 (0.52), 526 (0.26), 282 (0.14), 153 (0.08)]
[2025-08-22 14:15:31] Winrate vs single_only :  53.6% | Σ-Reward:  4452.0 | Ø-Reward:  2.226 | Places: [1072 (0.54), 462 (0.23), 312 (0.16), 154 (0.08)]
[2025-08-22 14:15:33] Timing @ep 1500: episode 24.6s | train 0.032s | eval 22.9s | plot 1.7s | save 0.001s | cum 0.04h
[2025-08-22 14:16:17] 
[2025-08-22 14:16:17] Benchmark @train_ep    2000 (bench_eps: 2000)
[2025-08-22 14:16:17] Macro Winrate          :  51.7%
[2025-08-22 14:16:17] Macro Ø-Reward         :  2.145
[2025-08-22 14:16:17] Winrate vs max_combo   :  25.9% | Σ-Reward:  3082.0 | Ø-Reward:  1.541 | Places: [519 (0.26), 511 (0.26), 503 (0.25), 467 (0.23)]
[2025-08-22 14:16:17] Winrate vs random2     :  59.8% | Σ-Reward:  4769.0 | Ø-Reward:  2.385 | Places: [1196 (0.60), 483 (0.24), 215 (0.11), 106 (0.05)]
[2025-08-22 14:16:17] Winrate vs single_only :  69.3% | Σ-Reward:  5017.0 | Ø-Reward:  2.509 | Places: [1387 (0.69), 322 (0.16), 212 (0.11), 79 (0.04)]
[2025-08-22 14:16:18] Timing @ep 2000: episode 23.9s | train 0.031s | eval 22.0s | plot 1.8s | save 0.001s | cum 0.05h
[2025-08-22 14:17:11] 
[2025-08-22 14:17:11] Benchmark @train_ep    2500 (bench_eps: 2000)
[2025-08-22 14:17:11] Macro Winrate          :  50.8%
[2025-08-22 14:17:11] Macro Ø-Reward         :  2.175
[2025-08-22 14:17:11] Winrate vs max_combo   :  29.6% | Σ-Reward:  3298.0 | Ø-Reward:  1.649 | Places: [593 (0.30), 544 (0.27), 431 (0.22), 432 (0.22)]
[2025-08-22 14:17:11] Winrate vs random2     :  62.3% | Σ-Reward:  4920.0 | Ø-Reward:  2.460 | Places: [1246 (0.62), 502 (0.25), 178 (0.09), 74 (0.04)]
[2025-08-22 14:17:11] Winrate vs single_only :  60.4% | Σ-Reward:  4831.0 | Ø-Reward:  2.416 | Places: [1207 (0.60), 472 (0.24), 266 (0.13), 55 (0.03)]
[2025-08-22 14:17:14] Timing @ep 2500: episode 34.5s | train 0.045s | eval 32.0s | plot 2.4s | save 0.002s | cum 0.07h
[2025-08-22 14:18:09] 
[2025-08-22 14:18:09] Benchmark @train_ep    3000 (bench_eps: 2000)
[2025-08-22 14:18:09] Macro Winrate          :  54.3%
[2025-08-22 14:18:09] Macro Ø-Reward         :  2.258
[2025-08-22 14:18:09] Winrate vs max_combo   :  30.4% | Σ-Reward:  3432.0 | Ø-Reward:  1.716 | Places: [608 (0.30), 578 (0.29), 452 (0.23), 362 (0.18)]
[2025-08-22 14:18:09] Winrate vs random2     :  64.2% | Σ-Reward:  4995.0 | Ø-Reward:  2.498 | Places: [1284 (0.64), 481 (0.24), 181 (0.09), 54 (0.03)]
[2025-08-22 14:18:09] Winrate vs single_only :  68.2% | Σ-Reward:  5123.0 | Ø-Reward:  2.562 | Places: [1365 (0.68), 431 (0.22), 166 (0.08), 38 (0.02)]
[2025-08-22 14:18:11] Timing @ep 3000: episode 29.6s | train 0.054s | eval 27.9s | plot 1.7s | save 0.002s | cum 0.08h
[2025-08-22 14:18:55] 
[2025-08-22 14:18:55] Benchmark @train_ep    3500 (bench_eps: 2000)
[2025-08-22 14:18:55] Macro Winrate          :  56.5%
[2025-08-22 14:18:55] Macro Ø-Reward         :  2.287
[2025-08-22 14:18:55] Winrate vs max_combo   :  33.9% | Σ-Reward:  3530.0 | Ø-Reward:  1.765 | Places: [678 (0.34), 522 (0.26), 452 (0.23), 348 (0.17)]
[2025-08-22 14:18:55] Winrate vs random2     :  67.1% | Σ-Reward:  5090.0 | Ø-Reward:  2.545 | Places: [1342 (0.67), 462 (0.23), 140 (0.07), 56 (0.03)]
[2025-08-22 14:18:55] Winrate vs single_only :  68.6% | Σ-Reward:  5101.0 | Ø-Reward:  2.550 | Places: [1372 (0.69), 400 (0.20), 185 (0.09), 43 (0.02)]
[2025-08-22 14:18:56] Timing @ep 3500: episode 24.0s | train 0.041s | eval 22.3s | plot 1.7s | save 0.001s | cum 0.09h
[2025-08-22 14:19:40] 
[2025-08-22 14:19:40] Benchmark @train_ep    4000 (bench_eps: 2000)
[2025-08-22 14:19:40] Macro Winrate          :  58.7%
[2025-08-22 14:19:40] Macro Ø-Reward         :  2.328
[2025-08-22 14:19:40] Winrate vs max_combo   :  36.4% | Σ-Reward:  3684.0 | Ø-Reward:  1.842 | Places: [727 (0.36), 549 (0.27), 405 (0.20), 319 (0.16)]
[2025-08-22 14:19:40] Winrate vs random2     :  69.5% | Σ-Reward:  5157.0 | Ø-Reward:  2.579 | Places: [1390 (0.69), 438 (0.22), 111 (0.06), 61 (0.03)]
[2025-08-22 14:19:40] Winrate vs single_only :  70.3% | Σ-Reward:  5124.0 | Ø-Reward:  2.562 | Places: [1407 (0.70), 376 (0.19), 151 (0.08), 66 (0.03)]
[2025-08-22 14:19:42] Timing @ep 4000: episode 24.1s | train 0.044s | eval 22.3s | plot 1.8s | save 0.001s | cum 0.11h
[2025-08-22 14:20:25] 
[2025-08-22 14:20:25] Benchmark @train_ep    4500 (bench_eps: 2000)
[2025-08-22 14:20:25] Macro Winrate          :  60.2%
[2025-08-22 14:20:25] Macro Ø-Reward         :  2.378
[2025-08-22 14:20:25] Winrate vs max_combo   :  39.0% | Σ-Reward:  3904.0 | Ø-Reward:  1.952 | Places: [781 (0.39), 579 (0.29), 403 (0.20), 237 (0.12)]
[2025-08-22 14:20:25] Winrate vs random2     :  73.2% | Σ-Reward:  5287.0 | Ø-Reward:  2.643 | Places: [1465 (0.73), 398 (0.20), 96 (0.05), 41 (0.02)]
[2025-08-22 14:20:25] Winrate vs single_only :  68.5% | Σ-Reward:  5076.0 | Ø-Reward:  2.538 | Places: [1369 (0.68), 397 (0.20), 175 (0.09), 59 (0.03)]
[2025-08-22 14:20:27] Timing @ep 4500: episode 22.9s | train 0.037s | eval 21.0s | plot 1.9s | save 0.001s | cum 0.12h
[2025-08-22 14:21:09] 
[2025-08-22 14:21:09] Benchmark @train_ep    5000 (bench_eps: 2000)
[2025-08-22 14:21:09] Macro Winrate          :  60.1%
[2025-08-22 14:21:09] Macro Ø-Reward         :  2.385
[2025-08-22 14:21:09] Winrate vs max_combo   :  39.1% | Σ-Reward:  3953.0 | Ø-Reward:  1.976 | Places: [783 (0.39), 621 (0.31), 362 (0.18), 234 (0.12)]
[2025-08-22 14:21:09] Winrate vs random2     :  71.5% | Σ-Reward:  5246.0 | Ø-Reward:  2.623 | Places: [1429 (0.71), 420 (0.21), 119 (0.06), 32 (0.02)]
[2025-08-22 14:21:09] Winrate vs single_only :  69.8% | Σ-Reward:  5113.0 | Ø-Reward:  2.557 | Places: [1397 (0.70), 380 (0.19), 162 (0.08), 61 (0.03)]
[2025-08-22 14:21:11] Timing @ep 5000: episode 23.0s | train 0.053s | eval 21.2s | plot 1.8s | save 0.001s | cum 0.13h
[2025-08-22 14:21:54] 
[2025-08-22 14:21:54] Benchmark @train_ep    5500 (bench_eps: 2000)
[2025-08-22 14:21:54] Macro Winrate          :  63.6%
[2025-08-22 14:21:54] Macro Ø-Reward         :  2.460
[2025-08-22 14:21:54] Winrate vs max_combo   :  43.1% | Σ-Reward:  4136.0 | Ø-Reward:  2.068 | Places: [862 (0.43), 604 (0.30), 342 (0.17), 192 (0.10)]
[2025-08-22 14:21:54] Winrate vs random2     :  75.5% | Σ-Reward:  5374.0 | Ø-Reward:  2.687 | Places: [1511 (0.76), 377 (0.19), 87 (0.04), 25 (0.01)]
[2025-08-22 14:21:54] Winrate vs single_only :  72.3% | Σ-Reward:  5251.0 | Ø-Reward:  2.626 | Places: [1446 (0.72), 387 (0.19), 139 (0.07), 28 (0.01)]
[2025-08-22 14:21:56] Timing @ep 5500: episode 23.4s | train 0.044s | eval 21.2s | plot 2.2s | save 0.001s | cum 0.14h
[2025-08-22 14:22:42] 
[2025-08-22 14:22:42] Benchmark @train_ep    6000 (bench_eps: 2000)
[2025-08-22 14:22:42] Macro Winrate          :  63.1%
[2025-08-22 14:22:42] Macro Ø-Reward         :  2.457
[2025-08-22 14:22:42] Winrate vs max_combo   :  45.6% | Σ-Reward:  4243.0 | Ø-Reward:  2.122 | Places: [913 (0.46), 594 (0.30), 316 (0.16), 177 (0.09)]
[2025-08-22 14:22:42] Winrate vs random2     :  76.4% | Σ-Reward:  5421.0 | Ø-Reward:  2.711 | Places: [1528 (0.76), 384 (0.19), 69 (0.03), 19 (0.01)]
[2025-08-22 14:22:42] Winrate vs single_only :  67.2% | Σ-Reward:  5076.0 | Ø-Reward:  2.538 | Places: [1345 (0.67), 431 (0.22), 179 (0.09), 45 (0.02)]
[2025-08-22 14:22:44] Timing @ep 6000: episode 23.1s | train 0.049s | eval 20.9s | plot 2.2s | save 0.001s | cum 0.16h
[2025-08-22 14:23:30] 
[2025-08-22 14:23:30] Benchmark @train_ep    6500 (bench_eps: 2000)
[2025-08-22 14:23:30] Macro Winrate          :  64.1%
[2025-08-22 14:23:30] Macro Ø-Reward         :  2.468
[2025-08-22 14:23:30] Winrate vs max_combo   :  47.4% | Σ-Reward:  4274.0 | Ø-Reward:  2.137 | Places: [948 (0.47), 554 (0.28), 322 (0.16), 176 (0.09)]
[2025-08-22 14:23:30] Winrate vs random2     :  76.2% | Σ-Reward:  5419.0 | Ø-Reward:  2.709 | Places: [1523 (0.76), 388 (0.19), 74 (0.04), 15 (0.01)]
[2025-08-22 14:23:30] Winrate vs single_only :  68.7% | Σ-Reward:  5114.0 | Ø-Reward:  2.557 | Places: [1374 (0.69), 413 (0.21), 166 (0.08), 47 (0.02)]
[2025-08-22 14:23:32] Timing @ep 6500: episode 23.6s | train 0.033s | eval 21.5s | plot 2.1s | save 0.001s | cum 0.17h
[2025-08-22 14:24:16] 
[2025-08-22 14:24:16] Benchmark @train_ep    7000 (bench_eps: 2000)
[2025-08-22 14:24:16] Macro Winrate          :  64.8%
[2025-08-22 14:24:16] Macro Ø-Reward         :  2.486
[2025-08-22 14:24:16] Winrate vs max_combo   :  47.4% | Σ-Reward:  4323.0 | Ø-Reward:  2.162 | Places: [948 (0.47), 584 (0.29), 311 (0.16), 157 (0.08)]
[2025-08-22 14:24:16] Winrate vs random2     :  77.5% | Σ-Reward:  5436.0 | Ø-Reward:  2.718 | Places: [1550 (0.78), 352 (0.18), 82 (0.04), 16 (0.01)]
[2025-08-22 14:24:16] Winrate vs single_only :  69.5% | Σ-Reward:  5154.0 | Ø-Reward:  2.577 | Places: [1391 (0.70), 413 (0.21), 155 (0.08), 41 (0.02)]
[2025-08-22 14:24:18] Timing @ep 7000: episode 23.4s | train 0.032s | eval 21.2s | plot 2.2s | save 0.001s | cum 0.18h
[2025-08-22 14:25:03] 
[2025-08-22 14:25:03] Benchmark @train_ep    7500 (bench_eps: 2000)
[2025-08-22 14:25:03] Macro Winrate          :  65.7%
[2025-08-22 14:25:03] Macro Ø-Reward         :  2.508
[2025-08-22 14:25:03] Winrate vs max_combo   :  48.6% | Σ-Reward:  4399.0 | Ø-Reward:  2.200 | Places: [972 (0.49), 595 (0.30), 293 (0.15), 140 (0.07)]
[2025-08-22 14:25:03] Winrate vs random2     :  77.2% | Σ-Reward:  5447.0 | Ø-Reward:  2.724 | Places: [1543 (0.77), 372 (0.19), 74 (0.04), 11 (0.01)]
[2025-08-22 14:25:03] Winrate vs single_only :  71.2% | Σ-Reward:  5200.0 | Ø-Reward:  2.600 | Places: [1424 (0.71), 385 (0.19), 158 (0.08), 33 (0.02)]
[2025-08-22 14:25:05] Timing @ep 7500: episode 23.3s | train 0.038s | eval 20.9s | plot 2.3s | save 0.001s | cum 0.20h
[2025-08-22 14:25:49] 
[2025-08-22 14:25:49] Benchmark @train_ep    8000 (bench_eps: 2000)
[2025-08-22 14:25:49] Macro Winrate          :  66.6%
[2025-08-22 14:25:49] Macro Ø-Reward         :  2.514
[2025-08-22 14:25:49] Winrate vs max_combo   :  49.2% | Σ-Reward:  4379.0 | Ø-Reward:  2.189 | Places: [984 (0.49), 575 (0.29), 277 (0.14), 164 (0.08)]
[2025-08-22 14:25:49] Winrate vs random2     :  80.1% | Σ-Reward:  5506.0 | Ø-Reward:  2.753 | Places: [1602 (0.80), 315 (0.16), 70 (0.04), 13 (0.01)]
[2025-08-22 14:25:49] Winrate vs single_only :  70.5% | Σ-Reward:  5196.0 | Ø-Reward:  2.598 | Places: [1411 (0.71), 409 (0.20), 145 (0.07), 35 (0.02)]
[2025-08-22 14:25:51] Timing @ep 8000: episode 22.9s | train 0.039s | eval 20.6s | plot 2.3s | save 0.001s | cum 0.21h
[2025-08-22 14:26:36] 
[2025-08-22 14:26:36] Benchmark @train_ep    8500 (bench_eps: 2000)
[2025-08-22 14:26:36] Macro Winrate          :  70.7%
[2025-08-22 14:26:36] Macro Ø-Reward         :  2.580
[2025-08-22 14:26:36] Winrate vs max_combo   :  51.1% | Σ-Reward:  4483.0 | Ø-Reward:  2.241 | Places: [1022 (0.51), 583 (0.29), 251 (0.13), 144 (0.07)]
[2025-08-22 14:26:36] Winrate vs random2     :  81.8% | Σ-Reward:  5561.0 | Ø-Reward:  2.780 | Places: [1636 (0.82), 305 (0.15), 43 (0.02), 16 (0.01)]
[2025-08-22 14:26:36] Winrate vs single_only :  79.3% | Σ-Reward:  5438.0 | Ø-Reward:  2.719 | Places: [1586 (0.79), 292 (0.15), 96 (0.05), 26 (0.01)]
[2025-08-22 14:26:38] Timing @ep 8500: episode 22.7s | train 0.034s | eval 20.3s | plot 2.3s | save 0.001s | cum 0.22h
[2025-08-22 14:27:23] 
[2025-08-22 14:27:23] Benchmark @train_ep    9000 (bench_eps: 2000)
[2025-08-22 14:27:23] Macro Winrate          :  69.7%
[2025-08-22 14:27:23] Macro Ø-Reward         :  2.561
[2025-08-22 14:27:23] Winrate vs max_combo   :  50.2% | Σ-Reward:  4430.0 | Ø-Reward:  2.215 | Places: [1005 (0.50), 564 (0.28), 287 (0.14), 144 (0.07)]
[2025-08-22 14:27:23] Winrate vs random2     :  81.0% | Σ-Reward:  5530.0 | Ø-Reward:  2.765 | Places: [1621 (0.81), 302 (0.15), 63 (0.03), 14 (0.01)]
[2025-08-22 14:27:23] Winrate vs single_only :  77.8% | Σ-Reward:  5408.0 | Ø-Reward:  2.704 | Places: [1556 (0.78), 324 (0.16), 92 (0.05), 28 (0.01)]
[2025-08-22 14:27:25] Timing @ep 9000: episode 23.4s | train 0.035s | eval 21.0s | plot 2.4s | save 0.001s | cum 0.24h
[2025-08-22 14:28:10] 
[2025-08-22 14:28:10] Benchmark @train_ep    9500 (bench_eps: 2000)
[2025-08-22 14:28:10] Macro Winrate          :  69.5%
[2025-08-22 14:28:10] Macro Ø-Reward         :  2.557
[2025-08-22 14:28:10] Winrate vs max_combo   :  50.2% | Σ-Reward:  4447.0 | Ø-Reward:  2.224 | Places: [1005 (0.50), 575 (0.29), 282 (0.14), 138 (0.07)]
[2025-08-22 14:28:10] Winrate vs random2     :  80.7% | Σ-Reward:  5516.0 | Ø-Reward:  2.758 | Places: [1614 (0.81), 308 (0.15), 58 (0.03), 20 (0.01)]
[2025-08-22 14:28:10] Winrate vs single_only :  77.7% | Σ-Reward:  5377.0 | Ø-Reward:  2.688 | Places: [1553 (0.78), 303 (0.15), 112 (0.06), 32 (0.02)]
[2025-08-22 14:28:12] Timing @ep 9500: episode 22.8s | train 0.040s | eval 20.6s | plot 2.2s | save 0.001s | cum 0.25h
[2025-08-22 14:28:56] 
[2025-08-22 14:28:56] Benchmark @train_ep   10000 (bench_eps: 2000)
[2025-08-22 14:28:56] Macro Winrate          :  69.0%
[2025-08-22 14:28:56] Macro Ø-Reward         :  2.554
[2025-08-22 14:28:56] Winrate vs max_combo   :  53.9% | Σ-Reward:  4560.0 | Ø-Reward:  2.280 | Places: [1078 (0.54), 529 (0.26), 268 (0.13), 125 (0.06)]
[2025-08-22 14:28:56] Winrate vs random2     :  81.2% | Σ-Reward:  5544.0 | Ø-Reward:  2.772 | Places: [1625 (0.81), 306 (0.15), 57 (0.03), 12 (0.01)]
[2025-08-22 14:28:56] Winrate vs single_only :  72.0% | Σ-Reward:  5220.0 | Ø-Reward:  2.610 | Places: [1439 (0.72), 375 (0.19), 153 (0.08), 33 (0.02)]
[2025-08-22 14:28:59] Timing @ep 10000: episode 22.1s | train 0.036s | eval 19.9s | plot 2.2s | save 0.001s | cum 0.26h
[2025-08-22 14:28:59] 
[2025-08-22 14:28:59] Gesamtzeit: 0.26h (~ 10.60 eps/s)
[2025-08-22 14:28:59] K1 (DQN) Training abgeschlossen.
