[2025-09-03 22:45:48] New Training (k1a2): DQN Single-Agent vs Heuristiken/Population (P0→P0)
[2025-09-03 22:45:48] Deck_Size: 16
[2025-09-03 22:45:48] Episodes: 1000000
[2025-09-03 22:45:48] Path: /home/wasterix/OpenSpiel/open_spiel/President/models/k1a2/model_05
[2025-09-03 22:45:49] [Population] Initiales Lineup: ['v_table', 'v_table', 'v_table']
[2025-09-03 22:51:31] 
[2025-09-03 22:51:31] Benchmark @train_ep   20000 (bench_eps: 5000)
[2025-09-03 22:51:31] Macro Winrate          :  42.4%
[2025-09-03 22:51:31] Macro Ø-Reward         :  1.938
[2025-09-03 22:51:31] Winrate vs max_combo   :  37.3% | Σ-Reward:  9220.0 | Ø-Reward:  1.844 | Places: [1864 (0.37), 1280 (0.26), 1068 (0.21), 788 (0.16)]
[2025-09-03 22:51:31] Winrate vs random2     :  43.7% | Σ-Reward:  10311.0 | Ø-Reward:  2.062 | Places: [2187 (0.44), 1422 (0.28), 906 (0.18), 485 (0.10)]
[2025-09-03 22:51:31] Winrate vs single_only :  62.2% | Σ-Reward:  11496.0 | Ø-Reward:  2.299 | Places: [3108 (0.62), 696 (0.14), 780 (0.16), 416 (0.08)]
[2025-09-03 22:51:31] Winrate vs v_table     :  26.6% | Σ-Reward:  7741.0 | Ø-Reward:  1.548 | Places: [1330 (0.27), 1285 (0.26), 1181 (0.24), 1204 (0.24)]
[2025-09-03 22:58:36] 
[2025-09-03 22:58:36] Benchmark @train_ep   40000 (bench_eps: 5000)
[2025-09-03 22:58:36] Macro Winrate          :  41.6%
[2025-09-03 22:58:36] Macro Ø-Reward         :  1.915
[2025-09-03 22:58:36] Winrate vs max_combo   :  37.3% | Σ-Reward:  9047.0 | Ø-Reward:  1.809 | Places: [1867 (0.37), 1178 (0.24), 1090 (0.22), 865 (0.17)]
[2025-09-03 22:58:36] Winrate vs random2     :  42.3% | Σ-Reward:  10232.0 | Ø-Reward:  2.046 | Places: [2116 (0.42), 1474 (0.29), 936 (0.19), 474 (0.09)]
[2025-09-03 22:58:36] Winrate vs single_only :  60.5% | Σ-Reward:  11370.0 | Ø-Reward:  2.274 | Places: [3027 (0.61), 736 (0.15), 817 (0.16), 420 (0.08)]
[2025-09-03 22:58:36] Winrate vs v_table     :  26.1% | Σ-Reward:  7651.0 | Ø-Reward:  1.530 | Places: [1307 (0.26), 1301 (0.26), 1128 (0.23), 1264 (0.25)]
[2025-09-03 23:05:48] 
[2025-09-03 23:05:48] Benchmark @train_ep   60000 (bench_eps: 5000)
[2025-09-03 23:05:48] Macro Winrate          :  42.0%
[2025-09-03 23:05:48] Macro Ø-Reward         :  1.923
[2025-09-03 23:05:48] Winrate vs max_combo   :  37.4% | Σ-Reward:  9064.0 | Ø-Reward:  1.813 | Places: [1871 (0.37), 1180 (0.24), 1091 (0.22), 858 (0.17)]
[2025-09-03 23:05:48] Winrate vs random2     :  42.9% | Σ-Reward:  10338.0 | Ø-Reward:  2.068 | Places: [2146 (0.43), 1476 (0.30), 948 (0.19), 430 (0.09)]
[2025-09-03 23:05:48] Winrate vs single_only :  61.2% | Σ-Reward:  11386.0 | Ø-Reward:  2.277 | Places: [3058 (0.61), 699 (0.14), 814 (0.16), 429 (0.09)]
[2025-09-03 23:05:48] Winrate vs v_table     :  26.5% | Σ-Reward:  7674.0 | Ø-Reward:  1.535 | Places: [1324 (0.26), 1280 (0.26), 1142 (0.23), 1254 (0.25)]
[2025-09-03 23:12:54] 
[2025-09-03 23:12:54] Benchmark @train_ep   80000 (bench_eps: 5000)
[2025-09-03 23:12:54] Macro Winrate          :  41.0%
[2025-09-03 23:12:54] Macro Ø-Reward         :  1.912
[2025-09-03 23:12:54] Winrate vs max_combo   :  36.2% | Σ-Reward:  9026.0 | Ø-Reward:  1.805 | Places: [1809 (0.36), 1257 (0.25), 1085 (0.22), 849 (0.17)]
[2025-09-03 23:12:54] Winrate vs random2     :  42.6% | Σ-Reward:  10255.0 | Ø-Reward:  2.051 | Places: [2131 (0.43), 1451 (0.29), 960 (0.19), 458 (0.09)]
[2025-09-03 23:12:54] Winrate vs single_only :  59.0% | Σ-Reward:  11212.0 | Ø-Reward:  2.242 | Places: [2952 (0.59), 751 (0.15), 854 (0.17), 443 (0.09)]
[2025-09-03 23:12:54] Winrate vs v_table     :  26.2% | Σ-Reward:  7744.0 | Ø-Reward:  1.549 | Places: [1312 (0.26), 1325 (0.27), 1158 (0.23), 1205 (0.24)]
[2025-09-03 23:20:03] 
[2025-09-03 23:20:03] Benchmark @train_ep  100000 (bench_eps: 5000)
[2025-09-03 23:20:03] Macro Winrate          :  41.4%
[2025-09-03 23:20:03] Macro Ø-Reward         :  1.914
[2025-09-03 23:20:03] Winrate vs max_combo   :  36.0% | Σ-Reward:  9039.0 | Ø-Reward:  1.808 | Places: [1801 (0.36), 1279 (0.26), 1078 (0.22), 842 (0.17)]
[2025-09-03 23:20:03] Winrate vs random2     :  41.9% | Σ-Reward:  10131.0 | Ø-Reward:  2.026 | Places: [2097 (0.42), 1439 (0.29), 962 (0.19), 502 (0.10)]
[2025-09-03 23:20:03] Winrate vs single_only :  61.9% | Σ-Reward:  11435.0 | Ø-Reward:  2.287 | Places: [3093 (0.62), 677 (0.14), 802 (0.16), 428 (0.09)]
[2025-09-03 23:20:03] Winrate vs v_table     :  25.9% | Σ-Reward:  7678.0 | Ø-Reward:  1.536 | Places: [1295 (0.26), 1318 (0.26), 1157 (0.23), 1230 (0.25)]
[2025-09-03 23:27:12] 
[2025-09-03 23:27:12] Benchmark @train_ep  120000 (bench_eps: 5000)
[2025-09-03 23:27:12] Macro Winrate          :  40.8%
[2025-09-03 23:27:12] Macro Ø-Reward         :  1.901
[2025-09-03 23:27:12] Winrate vs max_combo   :  35.5% | Σ-Reward:  8990.0 | Ø-Reward:  1.798 | Places: [1773 (0.35), 1251 (0.25), 1169 (0.23), 807 (0.16)]
[2025-09-03 23:27:12] Winrate vs random2     :  41.7% | Σ-Reward:  10102.0 | Ø-Reward:  2.020 | Places: [2084 (0.42), 1435 (0.29), 980 (0.20), 501 (0.10)]
[2025-09-03 23:27:12] Winrate vs single_only :  59.4% | Σ-Reward:  11230.0 | Ø-Reward:  2.246 | Places: [2969 (0.59), 750 (0.15), 823 (0.16), 458 (0.09)]
[2025-09-03 23:27:12] Winrate vs v_table     :  26.7% | Σ-Reward:  7701.0 | Ø-Reward:  1.540 | Places: [1333 (0.27), 1260 (0.25), 1182 (0.24), 1225 (0.24)]
[2025-09-03 23:34:14] 
[2025-09-03 23:34:14] Benchmark @train_ep  140000 (bench_eps: 5000)
[2025-09-03 23:34:14] Macro Winrate          :  41.1%
[2025-09-03 23:34:14] Macro Ø-Reward         :  1.906
[2025-09-03 23:34:14] Winrate vs max_combo   :  35.1% | Σ-Reward:  8849.0 | Ø-Reward:  1.770 | Places: [1753 (0.35), 1240 (0.25), 1110 (0.22), 897 (0.18)]
[2025-09-03 23:34:14] Winrate vs random2     :  42.2% | Σ-Reward:  10168.0 | Ø-Reward:  2.034 | Places: [2110 (0.42), 1435 (0.29), 968 (0.19), 487 (0.10)]
[2025-09-03 23:34:14] Winrate vs single_only :  60.4% | Σ-Reward:  11368.0 | Ø-Reward:  2.274 | Places: [3020 (0.60), 758 (0.15), 792 (0.16), 430 (0.09)]
[2025-09-03 23:34:14] Winrate vs v_table     :  26.6% | Σ-Reward:  7735.0 | Ø-Reward:  1.547 | Places: [1329 (0.27), 1286 (0.26), 1176 (0.24), 1209 (0.24)]
[2025-09-03 23:41:14] 
[2025-09-03 23:41:14] Benchmark @train_ep  160000 (bench_eps: 5000)
[2025-09-03 23:41:14] Macro Winrate          :  40.6%
[2025-09-03 23:41:14] Macro Ø-Reward         :  1.904
[2025-09-03 23:41:14] Winrate vs max_combo   :  35.8% | Σ-Reward:  9010.0 | Ø-Reward:  1.802 | Places: [1791 (0.36), 1257 (0.25), 1123 (0.22), 829 (0.17)]
[2025-09-03 23:41:14] Winrate vs random2     :  41.6% | Σ-Reward:  10192.0 | Ø-Reward:  2.038 | Places: [2081 (0.42), 1491 (0.30), 967 (0.19), 461 (0.09)]
[2025-09-03 23:41:14] Winrate vs single_only :  58.6% | Σ-Reward:  11150.0 | Ø-Reward:  2.230 | Places: [2929 (0.59), 733 (0.15), 897 (0.18), 441 (0.09)]
[2025-09-03 23:41:14] Winrate vs v_table     :  26.4% | Σ-Reward:  7719.0 | Ø-Reward:  1.544 | Places: [1318 (0.26), 1290 (0.26), 1185 (0.24), 1207 (0.24)]
[2025-09-03 23:48:12] 
[2025-09-03 23:48:12] Benchmark @train_ep  180000 (bench_eps: 5000)
[2025-09-03 23:48:12] Macro Winrate          :  41.6%
[2025-09-03 23:48:12] Macro Ø-Reward         :  1.916
[2025-09-03 23:48:12] Winrate vs max_combo   :  35.8% | Σ-Reward:  8972.0 | Ø-Reward:  1.794 | Places: [1788 (0.36), 1234 (0.25), 1140 (0.23), 838 (0.17)]
[2025-09-03 23:48:12] Winrate vs random2     :  42.6% | Σ-Reward:  10315.0 | Ø-Reward:  2.063 | Places: [2129 (0.43), 1509 (0.30), 910 (0.18), 452 (0.09)]
[2025-09-03 23:48:12] Winrate vs single_only :  61.2% | Σ-Reward:  11424.0 | Ø-Reward:  2.285 | Places: [3060 (0.61), 722 (0.14), 800 (0.16), 418 (0.08)]
[2025-09-03 23:48:12] Winrate vs v_table     :  26.8% | Σ-Reward:  7602.0 | Ø-Reward:  1.520 | Places: [1340 (0.27), 1237 (0.25), 1108 (0.22), 1315 (0.26)]
[2025-09-03 23:55:15] 
[2025-09-03 23:55:15] Benchmark @train_ep  200000 (bench_eps: 5000)
[2025-09-03 23:55:15] Macro Winrate          :  41.3%
[2025-09-03 23:55:15] Macro Ø-Reward         :  1.909
[2025-09-03 23:55:15] Winrate vs max_combo   :  36.7% | Σ-Reward:  8944.0 | Ø-Reward:  1.789 | Places: [1835 (0.37), 1180 (0.24), 1079 (0.22), 906 (0.18)]
[2025-09-03 23:55:15] Winrate vs random2     :  41.2% | Σ-Reward:  10084.0 | Ø-Reward:  2.017 | Places: [2058 (0.41), 1465 (0.29), 980 (0.20), 497 (0.10)]
[2025-09-03 23:55:15] Winrate vs single_only :  60.9% | Σ-Reward:  11416.0 | Ø-Reward:  2.283 | Places: [3045 (0.61), 729 (0.15), 823 (0.16), 403 (0.08)]
[2025-09-03 23:55:15] Winrate vs v_table     :  26.5% | Σ-Reward:  7730.0 | Ø-Reward:  1.546 | Places: [1326 (0.27), 1305 (0.26), 1142 (0.23), 1227 (0.25)]
[2025-09-04 00:02:15] 
[2025-09-04 00:02:15] Benchmark @train_ep  220000 (bench_eps: 5000)
[2025-09-04 00:02:15] Macro Winrate          :  41.8%
[2025-09-04 00:02:15] Macro Ø-Reward         :  1.919
[2025-09-04 00:02:15] Winrate vs max_combo   :  36.6% | Σ-Reward:  9001.0 | Ø-Reward:  1.800 | Places: [1830 (0.37), 1218 (0.24), 1075 (0.21), 877 (0.18)]
[2025-09-04 00:02:15] Winrate vs random2     :  43.5% | Σ-Reward:  10326.0 | Ø-Reward:  2.065 | Places: [2175 (0.43), 1427 (0.29), 947 (0.19), 451 (0.09)]
[2025-09-04 00:02:15] Winrate vs single_only :  61.7% | Σ-Reward:  11395.0 | Ø-Reward:  2.279 | Places: [3085 (0.62), 674 (0.13), 792 (0.16), 449 (0.09)]
[2025-09-04 00:02:15] Winrate vs v_table     :  25.3% | Σ-Reward:  7649.0 | Ø-Reward:  1.530 | Places: [1264 (0.25), 1340 (0.27), 1177 (0.24), 1219 (0.24)]
[2025-09-04 00:09:13] 
[2025-09-04 00:09:13] Benchmark @train_ep  240000 (bench_eps: 5000)
[2025-09-04 00:09:13] Macro Winrate          :  41.5%
[2025-09-04 00:09:13] Macro Ø-Reward         :  1.917
[2025-09-04 00:09:13] Winrate vs max_combo   :  35.8% | Σ-Reward:  8914.0 | Ø-Reward:  1.783 | Places: [1789 (0.36), 1183 (0.24), 1181 (0.24), 847 (0.17)]
[2025-09-04 00:09:13] Winrate vs random2     :  43.6% | Σ-Reward:  10351.0 | Ø-Reward:  2.070 | Places: [2180 (0.44), 1421 (0.28), 969 (0.19), 430 (0.09)]
[2025-09-04 00:09:13] Winrate vs single_only :  59.2% | Σ-Reward:  11267.0 | Ø-Reward:  2.253 | Places: [2962 (0.59), 777 (0.16), 827 (0.17), 434 (0.09)]
[2025-09-04 00:09:13] Winrate vs v_table     :  27.3% | Σ-Reward:  7800.0 | Ø-Reward:  1.560 | Places: [1363 (0.27), 1268 (0.25), 1175 (0.23), 1194 (0.24)]
[2025-09-04 00:16:12] 
[2025-09-04 00:16:12] Benchmark @train_ep  260000 (bench_eps: 5000)
[2025-09-04 00:16:12] Macro Winrate          :  42.2%
[2025-09-04 00:16:12] Macro Ø-Reward         :  1.937
[2025-09-04 00:16:12] Winrate vs max_combo   :  37.7% | Σ-Reward:  9200.0 | Ø-Reward:  1.840 | Places: [1886 (0.38), 1227 (0.25), 1088 (0.22), 799 (0.16)]
[2025-09-04 00:16:12] Winrate vs random2     :  43.7% | Σ-Reward:  10347.0 | Ø-Reward:  2.069 | Places: [2183 (0.44), 1448 (0.29), 902 (0.18), 467 (0.09)]
[2025-09-04 00:16:12] Winrate vs single_only :  60.8% | Σ-Reward:  11441.0 | Ø-Reward:  2.288 | Places: [3040 (0.61), 759 (0.15), 803 (0.16), 398 (0.08)]
[2025-09-04 00:16:12] Winrate vs v_table     :  26.7% | Σ-Reward:  7748.0 | Ø-Reward:  1.550 | Places: [1335 (0.27), 1288 (0.26), 1167 (0.23), 1210 (0.24)]
[2025-09-04 00:23:10] 
[2025-09-04 00:23:10] Benchmark @train_ep  280000 (bench_eps: 5000)
[2025-09-04 00:23:10] Macro Winrate          :  41.3%
[2025-09-04 00:23:10] Macro Ø-Reward         :  1.923
[2025-09-04 00:23:10] Winrate vs max_combo   :  37.3% | Σ-Reward:  9132.0 | Ø-Reward:  1.826 | Places: [1864 (0.37), 1222 (0.24), 1096 (0.22), 818 (0.16)]
[2025-09-04 00:23:10] Winrate vs random2     :  41.6% | Σ-Reward:  10178.0 | Ø-Reward:  2.036 | Places: [2078 (0.42), 1494 (0.30), 956 (0.19), 472 (0.09)]
[2025-09-04 00:23:10] Winrate vs single_only :  60.6% | Σ-Reward:  11414.0 | Ø-Reward:  2.283 | Places: [3030 (0.61), 780 (0.16), 764 (0.15), 426 (0.09)]
[2025-09-04 00:23:10] Winrate vs v_table     :  25.9% | Σ-Reward:  7740.0 | Ø-Reward:  1.548 | Places: [1296 (0.26), 1353 (0.27), 1146 (0.23), 1205 (0.24)]
[2025-09-04 00:30:09] 
[2025-09-04 00:30:09] Benchmark @train_ep  300000 (bench_eps: 5000)
[2025-09-04 00:30:09] Macro Winrate          :  40.7%
[2025-09-04 00:30:09] Macro Ø-Reward         :  1.908
[2025-09-04 00:30:09] Winrate vs max_combo   :  34.9% | Σ-Reward:  8874.0 | Ø-Reward:  1.775 | Places: [1746 (0.35), 1226 (0.25), 1184 (0.24), 844 (0.17)]
[2025-09-04 00:30:09] Winrate vs random2     :  41.0% | Σ-Reward:  10135.0 | Ø-Reward:  2.027 | Places: [2050 (0.41), 1539 (0.31), 907 (0.18), 504 (0.10)]
[2025-09-04 00:30:09] Winrate vs single_only :  58.8% | Σ-Reward:  11215.0 | Ø-Reward:  2.243 | Places: [2942 (0.59), 758 (0.15), 873 (0.17), 427 (0.09)]
[2025-09-04 00:30:09] Winrate vs v_table     :  27.9% | Σ-Reward:  7931.0 | Ø-Reward:  1.586 | Places: [1397 (0.28), 1284 (0.26), 1172 (0.23), 1147 (0.23)]
[2025-09-04 00:37:12] 
[2025-09-04 00:37:12] Benchmark @train_ep  320000 (bench_eps: 5000)
[2025-09-04 00:37:12] Macro Winrate          :  41.1%
[2025-09-04 00:37:12] Macro Ø-Reward         :  1.927
[2025-09-04 00:37:12] Winrate vs max_combo   :  35.5% | Σ-Reward:  8949.0 | Ø-Reward:  1.790 | Places: [1775 (0.35), 1238 (0.25), 1148 (0.23), 839 (0.17)]
[2025-09-04 00:37:12] Winrate vs random2     :  42.8% | Σ-Reward:  10383.0 | Ø-Reward:  2.077 | Places: [2140 (0.43), 1535 (0.31), 893 (0.18), 432 (0.09)]
[2025-09-04 00:37:12] Winrate vs single_only :  59.9% | Σ-Reward:  11409.0 | Ø-Reward:  2.282 | Places: [2995 (0.60), 796 (0.16), 832 (0.17), 377 (0.08)]
[2025-09-04 00:37:12] Winrate vs v_table     :  26.4% | Σ-Reward:  7793.0 | Ø-Reward:  1.559 | Places: [1319 (0.26), 1309 (0.26), 1218 (0.24), 1154 (0.23)]
[2025-09-04 00:44:12] 
[2025-09-04 00:44:12] Benchmark @train_ep  340000 (bench_eps: 5000)
[2025-09-04 00:44:12] Macro Winrate          :  40.0%
[2025-09-04 00:44:12] Macro Ø-Reward         :  1.889
[2025-09-04 00:44:12] Winrate vs max_combo   :  34.2% | Σ-Reward:  8749.0 | Ø-Reward:  1.750 | Places: [1708 (0.34), 1239 (0.25), 1147 (0.23), 906 (0.18)]
[2025-09-04 00:44:12] Winrate vs random2     :  40.7% | Σ-Reward:  10141.0 | Ø-Reward:  2.028 | Places: [2035 (0.41), 1536 (0.31), 964 (0.19), 465 (0.09)]
[2025-09-04 00:44:12] Winrate vs single_only :  58.3% | Σ-Reward:  11128.0 | Ø-Reward:  2.226 | Places: [2916 (0.58), 734 (0.15), 912 (0.18), 438 (0.09)]
[2025-09-04 00:44:12] Winrate vs v_table     :  26.7% | Σ-Reward:  7771.0 | Ø-Reward:  1.554 | Places: [1335 (0.27), 1289 (0.26), 1188 (0.24), 1188 (0.24)]
[2025-09-04 00:51:16] 
[2025-09-04 00:51:16] Benchmark @train_ep  360000 (bench_eps: 5000)
[2025-09-04 00:51:16] Macro Winrate          :  41.0%
[2025-09-04 00:51:16] Macro Ø-Reward         :  1.915
[2025-09-04 00:51:16] Winrate vs max_combo   :  36.9% | Σ-Reward:  9065.0 | Ø-Reward:  1.813 | Places: [1843 (0.37), 1222 (0.24), 1092 (0.22), 843 (0.17)]
[2025-09-04 00:51:16] Winrate vs random2     :  42.2% | Σ-Reward:  10224.0 | Ø-Reward:  2.045 | Places: [2112 (0.42), 1465 (0.29), 958 (0.19), 465 (0.09)]
[2025-09-04 00:51:16] Winrate vs single_only :  58.9% | Σ-Reward:  11182.0 | Ø-Reward:  2.236 | Places: [2947 (0.59), 743 (0.15), 855 (0.17), 455 (0.09)]
[2025-09-04 00:51:16] Winrate vs v_table     :  26.0% | Σ-Reward:  7826.0 | Ø-Reward:  1.565 | Places: [1301 (0.26), 1380 (0.28), 1163 (0.23), 1156 (0.23)]
[2025-09-04 00:58:17] 
[2025-09-04 00:58:17] Benchmark @train_ep  380000 (bench_eps: 5000)
[2025-09-04 00:58:17] Macro Winrate          :  40.2%
[2025-09-04 00:58:17] Macro Ø-Reward         :  1.894
[2025-09-04 00:58:17] Winrate vs max_combo   :  35.8% | Σ-Reward:  8943.0 | Ø-Reward:  1.789 | Places: [1792 (0.36), 1221 (0.24), 1125 (0.23), 862 (0.17)]
[2025-09-04 00:58:17] Winrate vs random2     :  40.7% | Σ-Reward:  10066.0 | Ø-Reward:  2.013 | Places: [2036 (0.41), 1487 (0.30), 984 (0.20), 493 (0.10)]
[2025-09-04 00:58:17] Winrate vs single_only :  57.6% | Σ-Reward:  11104.0 | Ø-Reward:  2.221 | Places: [2879 (0.58), 767 (0.15), 933 (0.19), 421 (0.08)]
[2025-09-04 00:58:17] Winrate vs v_table     :  26.6% | Σ-Reward:  7757.0 | Ø-Reward:  1.551 | Places: [1332 (0.27), 1301 (0.26), 1159 (0.23), 1208 (0.24)]
[2025-09-04 01:05:20] 
[2025-09-04 01:05:20] Benchmark @train_ep  400000 (bench_eps: 5000)
[2025-09-04 01:05:20] Macro Winrate          :  39.9%
[2025-09-04 01:05:20] Macro Ø-Reward         :  1.891
[2025-09-04 01:05:20] Winrate vs max_combo   :  35.0% | Σ-Reward:  8949.0 | Ø-Reward:  1.790 | Places: [1752 (0.35), 1288 (0.26), 1117 (0.22), 843 (0.17)]
[2025-09-04 01:05:20] Winrate vs random2     :  40.4% | Σ-Reward:  10045.0 | Ø-Reward:  2.009 | Places: [2021 (0.40), 1470 (0.29), 1042 (0.21), 467 (0.09)]
[2025-09-04 01:05:20] Winrate vs single_only :  56.8% | Σ-Reward:  11006.0 | Ø-Reward:  2.201 | Places: [2841 (0.57), 783 (0.16), 917 (0.18), 459 (0.09)]
[2025-09-04 01:05:20] Winrate vs v_table     :  27.2% | Σ-Reward:  7830.0 | Ø-Reward:  1.566 | Places: [1362 (0.27), 1290 (0.26), 1164 (0.23), 1184 (0.24)]
[2025-09-04 01:12:21] 
[2025-09-04 01:12:21] Benchmark @train_ep  420000 (bench_eps: 5000)
[2025-09-04 01:12:21] Macro Winrate          :  40.4%
[2025-09-04 01:12:21] Macro Ø-Reward         :  1.898
[2025-09-04 01:12:21] Winrate vs max_combo   :  35.1% | Σ-Reward:  8847.0 | Ø-Reward:  1.769 | Places: [1753 (0.35), 1208 (0.24), 1172 (0.23), 867 (0.17)]
[2025-09-04 01:12:21] Winrate vs random2     :  39.7% | Σ-Reward:  10025.0 | Ø-Reward:  2.005 | Places: [1986 (0.40), 1524 (0.30), 1019 (0.20), 471 (0.09)]
[2025-09-04 01:12:21] Winrate vs single_only :  59.6% | Σ-Reward:  11295.0 | Ø-Reward:  2.259 | Places: [2982 (0.60), 737 (0.15), 875 (0.17), 406 (0.08)]
[2025-09-04 01:12:21] Winrate vs v_table     :  27.1% | Σ-Reward:  7794.0 | Ø-Reward:  1.559 | Places: [1357 (0.27), 1269 (0.25), 1185 (0.24), 1189 (0.24)]
[2025-09-04 01:19:22] 
[2025-09-04 01:19:22] Benchmark @train_ep  440000 (bench_eps: 5000)
[2025-09-04 01:19:22] Macro Winrate          :  41.6%
[2025-09-04 01:19:22] Macro Ø-Reward         :  1.924
[2025-09-04 01:19:22] Winrate vs max_combo   :  35.4% | Σ-Reward:  8972.0 | Ø-Reward:  1.794 | Places: [1772 (0.35), 1258 (0.25), 1140 (0.23), 830 (0.17)]
[2025-09-04 01:19:22] Winrate vs random2     :  41.8% | Σ-Reward:  10269.0 | Ø-Reward:  2.054 | Places: [2088 (0.42), 1528 (0.31), 949 (0.19), 435 (0.09)]
[2025-09-04 01:19:22] Winrate vs single_only :  61.0% | Σ-Reward:  11339.0 | Ø-Reward:  2.268 | Places: [3050 (0.61), 684 (0.14), 821 (0.16), 445 (0.09)]
[2025-09-04 01:19:22] Winrate vs v_table     :  28.0% | Σ-Reward:  7891.0 | Ø-Reward:  1.578 | Places: [1402 (0.28), 1275 (0.26), 1135 (0.23), 1188 (0.24)]
[2025-09-04 01:26:20] 
[2025-09-04 01:26:20] Benchmark @train_ep  460000 (bench_eps: 5000)
[2025-09-04 01:26:20] Macro Winrate          :  40.9%
[2025-09-04 01:26:20] Macro Ø-Reward         :  1.903
[2025-09-04 01:26:20] Winrate vs max_combo   :  35.6% | Σ-Reward:  8921.0 | Ø-Reward:  1.784 | Places: [1778 (0.36), 1254 (0.25), 1079 (0.22), 889 (0.18)]
[2025-09-04 01:26:20] Winrate vs random2     :  42.2% | Σ-Reward:  10238.0 | Ø-Reward:  2.048 | Places: [2108 (0.42), 1488 (0.30), 938 (0.19), 466 (0.09)]
[2025-09-04 01:26:20] Winrate vs single_only :  59.3% | Σ-Reward:  11259.0 | Ø-Reward:  2.252 | Places: [2965 (0.59), 756 (0.15), 852 (0.17), 427 (0.09)]
[2025-09-04 01:26:20] Winrate vs v_table     :  26.7% | Σ-Reward:  7646.0 | Ø-Reward:  1.529 | Places: [1333 (0.27), 1243 (0.25), 1161 (0.23), 1263 (0.25)]
[2025-09-04 01:33:23] 
[2025-09-04 01:33:23] Benchmark @train_ep  480000 (bench_eps: 5000)
[2025-09-04 01:33:23] Macro Winrate          :  41.3%
[2025-09-04 01:33:23] Macro Ø-Reward         :  1.917
[2025-09-04 01:33:23] Winrate vs max_combo   :  36.0% | Σ-Reward:  8869.0 | Ø-Reward:  1.774 | Places: [1801 (0.36), 1152 (0.23), 1162 (0.23), 885 (0.18)]
[2025-09-04 01:33:23] Winrate vs random2     :  40.7% | Σ-Reward:  10170.0 | Ø-Reward:  2.034 | Places: [2035 (0.41), 1551 (0.31), 963 (0.19), 451 (0.09)]
[2025-09-04 01:33:23] Winrate vs single_only :  61.8% | Σ-Reward:  11461.0 | Ø-Reward:  2.292 | Places: [3092 (0.62), 674 (0.13), 837 (0.17), 397 (0.08)]
[2025-09-04 01:33:23] Winrate vs v_table     :  26.5% | Σ-Reward:  7831.0 | Ø-Reward:  1.566 | Places: [1325 (0.27), 1346 (0.27), 1164 (0.23), 1165 (0.23)]
[2025-09-04 01:40:29] 
[2025-09-04 01:40:29] Benchmark @train_ep  500000 (bench_eps: 5000)
[2025-09-04 01:40:29] Macro Winrate          :  40.7%
[2025-09-04 01:40:29] Macro Ø-Reward         :  1.916
[2025-09-04 01:40:29] Winrate vs max_combo   :  35.4% | Σ-Reward:  8957.0 | Ø-Reward:  1.791 | Places: [1772 (0.35), 1239 (0.25), 1163 (0.23), 826 (0.17)]
[2025-09-04 01:40:29] Winrate vs random2     :  40.4% | Σ-Reward:  10152.0 | Ø-Reward:  2.030 | Places: [2018 (0.40), 1542 (0.31), 1014 (0.20), 426 (0.09)]
[2025-09-04 01:40:29] Winrate vs single_only :  59.2% | Σ-Reward:  11301.0 | Ø-Reward:  2.260 | Places: [2959 (0.59), 749 (0.15), 926 (0.19), 366 (0.07)]
[2025-09-04 01:40:29] Winrate vs v_table     :  27.6% | Σ-Reward:  7902.0 | Ø-Reward:  1.580 | Places: [1381 (0.28), 1289 (0.26), 1181 (0.24), 1149 (0.23)]
[2025-09-04 01:47:29] 
[2025-09-04 01:47:29] Benchmark @train_ep  520000 (bench_eps: 5000)
[2025-09-04 01:47:29] Macro Winrate          :  40.8%
[2025-09-04 01:47:29] Macro Ø-Reward         :  1.902
[2025-09-04 01:47:29] Winrate vs max_combo   :  35.2% | Σ-Reward:  8855.0 | Ø-Reward:  1.771 | Places: [1760 (0.35), 1195 (0.24), 1185 (0.24), 860 (0.17)]
[2025-09-04 01:47:29] Winrate vs random2     :  42.9% | Σ-Reward:  10196.0 | Ø-Reward:  2.039 | Places: [2143 (0.43), 1405 (0.28), 957 (0.19), 495 (0.10)]
[2025-09-04 01:47:29] Winrate vs single_only :  58.4% | Σ-Reward:  11195.0 | Ø-Reward:  2.239 | Places: [2921 (0.58), 783 (0.16), 866 (0.17), 430 (0.09)]
[2025-09-04 01:47:29] Winrate vs v_table     :  26.8% | Σ-Reward:  7793.0 | Ø-Reward:  1.559 | Places: [1342 (0.27), 1298 (0.26), 1171 (0.23), 1189 (0.24)]
[2025-09-04 01:54:35] 
[2025-09-04 01:54:35] Benchmark @train_ep  540000 (bench_eps: 5000)
[2025-09-04 01:54:35] Macro Winrate          :  41.3%
[2025-09-04 01:54:35] Macro Ø-Reward         :  1.911
[2025-09-04 01:54:35] Winrate vs max_combo   :  36.5% | Σ-Reward:  9058.0 | Ø-Reward:  1.812 | Places: [1825 (0.36), 1248 (0.25), 1087 (0.22), 840 (0.17)]
[2025-09-04 01:54:35] Winrate vs random2     :  42.2% | Σ-Reward:  10161.0 | Ø-Reward:  2.032 | Places: [2109 (0.42), 1486 (0.30), 862 (0.17), 543 (0.11)]
[2025-09-04 01:54:35] Winrate vs single_only :  60.8% | Σ-Reward:  11308.0 | Ø-Reward:  2.262 | Places: [3042 (0.61), 688 (0.14), 806 (0.16), 464 (0.09)]
[2025-09-04 01:54:35] Winrate vs v_table     :  25.9% | Σ-Reward:  7694.0 | Ø-Reward:  1.539 | Places: [1293 (0.26), 1317 (0.26), 1181 (0.24), 1209 (0.24)]
[2025-09-04 02:01:36] 
[2025-09-04 02:01:36] Benchmark @train_ep  560000 (bench_eps: 5000)
[2025-09-04 02:01:36] Macro Winrate          :  40.4%
[2025-09-04 02:01:36] Macro Ø-Reward         :  1.895
[2025-09-04 02:01:36] Winrate vs max_combo   :  35.6% | Σ-Reward:  8978.0 | Ø-Reward:  1.796 | Places: [1779 (0.36), 1265 (0.25), 1111 (0.22), 845 (0.17)]
[2025-09-04 02:01:36] Winrate vs random2     :  41.9% | Σ-Reward:  10177.0 | Ø-Reward:  2.035 | Places: [2093 (0.42), 1482 (0.30), 934 (0.19), 491 (0.10)]
[2025-09-04 02:01:36] Winrate vs single_only :  57.5% | Σ-Reward:  11061.0 | Ø-Reward:  2.212 | Places: [2873 (0.57), 789 (0.16), 864 (0.17), 474 (0.09)]
[2025-09-04 02:01:36] Winrate vs v_table     :  26.8% | Σ-Reward:  7677.0 | Ø-Reward:  1.535 | Places: [1342 (0.27), 1241 (0.25), 1169 (0.23), 1248 (0.25)]
[2025-09-04 02:08:40] 
[2025-09-04 02:08:40] Benchmark @train_ep  580000 (bench_eps: 5000)
[2025-09-04 02:08:40] Macro Winrate          :  39.6%
[2025-09-04 02:08:40] Macro Ø-Reward         :  1.874
[2025-09-04 02:08:40] Winrate vs max_combo   :  34.6% | Σ-Reward:  8762.0 | Ø-Reward:  1.752 | Places: [1731 (0.35), 1193 (0.24), 1183 (0.24), 893 (0.18)]
[2025-09-04 02:08:40] Winrate vs random2     :  41.5% | Σ-Reward:  10178.0 | Ø-Reward:  2.036 | Places: [2073 (0.41), 1512 (0.30), 935 (0.19), 480 (0.10)]
[2025-09-04 02:08:40] Winrate vs single_only :  56.9% | Σ-Reward:  10891.0 | Ø-Reward:  2.178 | Places: [2844 (0.57), 715 (0.14), 929 (0.19), 512 (0.10)]
[2025-09-04 02:08:40] Winrate vs v_table     :  25.6% | Σ-Reward:  7646.0 | Ø-Reward:  1.529 | Places: [1279 (0.26), 1304 (0.26), 1201 (0.24), 1216 (0.24)]
[2025-09-04 02:15:45] 
[2025-09-04 02:15:45] Benchmark @train_ep  600000 (bench_eps: 5000)
[2025-09-04 02:15:45] Macro Winrate          :  41.1%
[2025-09-04 02:15:45] Macro Ø-Reward         :  1.900
[2025-09-04 02:15:45] Winrate vs max_combo   :  36.6% | Σ-Reward:  9019.0 | Ø-Reward:  1.804 | Places: [1832 (0.37), 1178 (0.24), 1167 (0.23), 823 (0.16)]
[2025-09-04 02:15:45] Winrate vs random2     :  41.2% | Σ-Reward:  10090.0 | Ø-Reward:  2.018 | Places: [2062 (0.41), 1470 (0.29), 964 (0.19), 504 (0.10)]
[2025-09-04 02:15:45] Winrate vs single_only :  60.6% | Σ-Reward:  11320.0 | Ø-Reward:  2.264 | Places: [3031 (0.61), 719 (0.14), 789 (0.16), 461 (0.09)]
[2025-09-04 02:15:45] Winrate vs v_table     :  25.7% | Σ-Reward:  7568.0 | Ø-Reward:  1.514 | Places: [1287 (0.26), 1257 (0.25), 1193 (0.24), 1263 (0.25)]
[2025-09-04 02:22:53] 
[2025-09-04 02:22:53] Benchmark @train_ep  620000 (bench_eps: 5000)
[2025-09-04 02:22:53] Macro Winrate          :  41.3%
[2025-09-04 02:22:53] Macro Ø-Reward         :  1.909
[2025-09-04 02:22:53] Winrate vs max_combo   :  36.4% | Σ-Reward:  9022.0 | Ø-Reward:  1.804 | Places: [1820 (0.36), 1222 (0.24), 1118 (0.22), 840 (0.17)]
[2025-09-04 02:22:53] Winrate vs random2     :  41.7% | Σ-Reward:  10128.0 | Ø-Reward:  2.026 | Places: [2087 (0.42), 1443 (0.29), 981 (0.20), 489 (0.10)]
[2025-09-04 02:22:53] Winrate vs single_only :  60.0% | Σ-Reward:  11227.0 | Ø-Reward:  2.245 | Places: [2999 (0.60), 708 (0.14), 814 (0.16), 479 (0.10)]
[2025-09-04 02:22:53] Winrate vs v_table     :  27.0% | Σ-Reward:  7808.0 | Ø-Reward:  1.562 | Places: [1349 (0.27), 1319 (0.26), 1123 (0.22), 1209 (0.24)]
[2025-09-04 02:30:02] 
[2025-09-04 02:30:02] Benchmark @train_ep  640000 (bench_eps: 5000)
[2025-09-04 02:30:02] Macro Winrate          :  40.5%
[2025-09-04 02:30:02] Macro Ø-Reward         :  1.897
[2025-09-04 02:30:02] Winrate vs max_combo   :  34.6% | Σ-Reward:  8842.0 | Ø-Reward:  1.768 | Places: [1732 (0.35), 1225 (0.24), 1196 (0.24), 847 (0.17)]
[2025-09-04 02:30:02] Winrate vs random2     :  42.5% | Σ-Reward:  10220.0 | Ø-Reward:  2.044 | Places: [2124 (0.42), 1456 (0.29), 936 (0.19), 484 (0.10)]
[2025-09-04 02:30:02] Winrate vs single_only :  58.3% | Σ-Reward:  11182.0 | Ø-Reward:  2.236 | Places: [2917 (0.58), 742 (0.15), 947 (0.19), 394 (0.08)]
[2025-09-04 02:30:02] Winrate vs v_table     :  26.5% | Σ-Reward:  7705.0 | Ø-Reward:  1.541 | Places: [1323 (0.26), 1300 (0.26), 1136 (0.23), 1241 (0.25)]
[2025-09-04 02:37:07] 
[2025-09-04 02:37:07] Benchmark @train_ep  660000 (bench_eps: 5000)
[2025-09-04 02:37:07] Macro Winrate          :  40.2%
[2025-09-04 02:37:07] Macro Ø-Reward         :  1.891
[2025-09-04 02:37:07] Winrate vs max_combo   :  35.6% | Σ-Reward:  8935.0 | Ø-Reward:  1.787 | Places: [1782 (0.36), 1214 (0.24), 1161 (0.23), 843 (0.17)]
[2025-09-04 02:37:07] Winrate vs random2     :  41.6% | Σ-Reward:  10209.0 | Ø-Reward:  2.042 | Places: [2080 (0.42), 1507 (0.30), 955 (0.19), 458 (0.09)]
[2025-09-04 02:37:07] Winrate vs single_only :  57.0% | Σ-Reward:  10912.0 | Ø-Reward:  2.182 | Places: [2849 (0.57), 729 (0.15), 907 (0.18), 515 (0.10)]
[2025-09-04 02:37:07] Winrate vs v_table     :  26.6% | Σ-Reward:  7756.0 | Ø-Reward:  1.551 | Places: [1328 (0.27), 1282 (0.26), 1208 (0.24), 1182 (0.24)]
[2025-09-04 02:44:14] 
[2025-09-04 02:44:14] Benchmark @train_ep  680000 (bench_eps: 5000)
[2025-09-04 02:44:14] Macro Winrate          :  39.1%
[2025-09-04 02:44:14] Macro Ø-Reward         :  1.871
[2025-09-04 02:44:14] Winrate vs max_combo   :  34.5% | Σ-Reward:  8788.0 | Ø-Reward:  1.758 | Places: [1723 (0.34), 1225 (0.24), 1169 (0.23), 883 (0.18)]
[2025-09-04 02:44:14] Winrate vs random2     :  41.0% | Σ-Reward:  10078.0 | Ø-Reward:  2.016 | Places: [2050 (0.41), 1485 (0.30), 958 (0.19), 507 (0.10)]
[2025-09-04 02:44:14] Winrate vs single_only :  56.2% | Σ-Reward:  10963.0 | Ø-Reward:  2.193 | Places: [2809 (0.56), 816 (0.16), 904 (0.18), 471 (0.09)]
[2025-09-04 02:44:14] Winrate vs v_table     :  25.0% | Σ-Reward:  7589.0 | Ø-Reward:  1.518 | Places: [1248 (0.25), 1317 (0.26), 1211 (0.24), 1224 (0.24)]
[2025-09-04 02:51:18] 
[2025-09-04 02:51:18] Benchmark @train_ep  700000 (bench_eps: 5000)
[2025-09-04 02:51:18] Macro Winrate          :  39.7%
[2025-09-04 02:51:18] Macro Ø-Reward         :  1.885
[2025-09-04 02:51:18] Winrate vs max_combo   :  34.1% | Σ-Reward:  8839.0 | Ø-Reward:  1.768 | Places: [1707 (0.34), 1259 (0.25), 1200 (0.24), 834 (0.17)]
[2025-09-04 02:51:18] Winrate vs random2     :  40.7% | Σ-Reward:  10122.0 | Ø-Reward:  2.024 | Places: [2033 (0.41), 1548 (0.31), 927 (0.19), 492 (0.10)]
[2025-09-04 02:51:18] Winrate vs single_only :  57.5% | Σ-Reward:  11067.0 | Ø-Reward:  2.213 | Places: [2876 (0.58), 775 (0.15), 889 (0.18), 460 (0.09)]
[2025-09-04 02:51:18] Winrate vs v_table     :  26.4% | Σ-Reward:  7665.0 | Ø-Reward:  1.533 | Places: [1321 (0.26), 1268 (0.25), 1166 (0.23), 1245 (0.25)]
[2025-09-04 02:58:25] 
[2025-09-04 02:58:25] Benchmark @train_ep  720000 (bench_eps: 5000)
[2025-09-04 02:58:25] Macro Winrate          :  39.8%
[2025-09-04 02:58:25] Macro Ø-Reward         :  1.888
[2025-09-04 02:58:25] Winrate vs max_combo   :  33.2% | Σ-Reward:  8752.0 | Ø-Reward:  1.750 | Places: [1658 (0.33), 1267 (0.25), 1244 (0.25), 831 (0.17)]
[2025-09-04 02:58:25] Winrate vs random2     :  41.4% | Σ-Reward:  10134.0 | Ø-Reward:  2.027 | Places: [2072 (0.41), 1487 (0.30), 944 (0.19), 497 (0.10)]
[2025-09-04 02:58:25] Winrate vs single_only :  57.0% | Σ-Reward:  11020.0 | Ø-Reward:  2.204 | Places: [2850 (0.57), 788 (0.16), 894 (0.18), 468 (0.09)]
[2025-09-04 02:58:25] Winrate vs v_table     :  27.6% | Σ-Reward:  7846.0 | Ø-Reward:  1.569 | Places: [1378 (0.28), 1270 (0.25), 1172 (0.23), 1180 (0.24)]
[2025-09-04 03:05:29] 
[2025-09-04 03:05:29] Benchmark @train_ep  740000 (bench_eps: 5000)
[2025-09-04 03:05:29] Macro Winrate          :  40.2%
[2025-09-04 03:05:29] Macro Ø-Reward         :  1.895
[2025-09-04 03:05:29] Winrate vs max_combo   :  34.6% | Σ-Reward:  8794.0 | Ø-Reward:  1.759 | Places: [1729 (0.35), 1215 (0.24), 1177 (0.24), 879 (0.18)]
[2025-09-04 03:05:29] Winrate vs random2     :  41.2% | Σ-Reward:  10103.0 | Ø-Reward:  2.021 | Places: [2062 (0.41), 1479 (0.30), 959 (0.19), 500 (0.10)]
[2025-09-04 03:05:29] Winrate vs single_only :  57.9% | Σ-Reward:  11094.0 | Ø-Reward:  2.219 | Places: [2896 (0.58), 775 (0.15), 856 (0.17), 473 (0.09)]
[2025-09-04 03:05:29] Winrate vs v_table     :  26.9% | Σ-Reward:  7904.0 | Ø-Reward:  1.581 | Places: [1347 (0.27), 1355 (0.27), 1153 (0.23), 1145 (0.23)]
[2025-09-04 03:12:34] 
[2025-09-04 03:12:34] Benchmark @train_ep  760000 (bench_eps: 5000)
[2025-09-04 03:12:34] Macro Winrate          :  40.8%
[2025-09-04 03:12:34] Macro Ø-Reward         :  1.910
[2025-09-04 03:12:34] Winrate vs max_combo   :  36.5% | Σ-Reward:  8995.0 | Ø-Reward:  1.799 | Places: [1826 (0.37), 1186 (0.24), 1145 (0.23), 843 (0.17)]
[2025-09-04 03:12:34] Winrate vs random2     :  41.4% | Σ-Reward:  10188.0 | Ø-Reward:  2.038 | Places: [2069 (0.41), 1524 (0.30), 933 (0.19), 474 (0.09)]
[2025-09-04 03:12:34] Winrate vs single_only :  58.4% | Σ-Reward:  11156.0 | Ø-Reward:  2.231 | Places: [2921 (0.58), 761 (0.15), 871 (0.17), 447 (0.09)]
[2025-09-04 03:12:34] Winrate vs v_table     :  26.8% | Σ-Reward:  7869.0 | Ø-Reward:  1.574 | Places: [1342 (0.27), 1316 (0.26), 1211 (0.24), 1131 (0.23)]
[2025-09-04 03:19:40] 
[2025-09-04 03:19:40] Benchmark @train_ep  780000 (bench_eps: 5000)
[2025-09-04 03:19:40] Macro Winrate          :  40.3%
[2025-09-04 03:19:40] Macro Ø-Reward         :  1.897
[2025-09-04 03:19:40] Winrate vs max_combo   :  35.0% | Σ-Reward:  8881.0 | Ø-Reward:  1.776 | Places: [1749 (0.35), 1225 (0.24), 1184 (0.24), 842 (0.17)]
[2025-09-04 03:19:40] Winrate vs random2     :  41.2% | Σ-Reward:  10129.0 | Ø-Reward:  2.026 | Places: [2058 (0.41), 1492 (0.30), 971 (0.19), 479 (0.10)]
[2025-09-04 03:19:40] Winrate vs single_only :  58.8% | Σ-Reward:  11138.0 | Ø-Reward:  2.228 | Places: [2942 (0.59), 708 (0.14), 896 (0.18), 454 (0.09)]
[2025-09-04 03:19:40] Winrate vs v_table     :  26.3% | Σ-Reward:  7783.0 | Ø-Reward:  1.557 | Places: [1315 (0.26), 1330 (0.27), 1178 (0.24), 1177 (0.24)]
[2025-09-04 03:26:44] 
[2025-09-04 03:26:44] Benchmark @train_ep  800000 (bench_eps: 5000)
[2025-09-04 03:26:44] Macro Winrate          :  39.6%
[2025-09-04 03:26:44] Macro Ø-Reward         :  1.885
[2025-09-04 03:26:44] Winrate vs max_combo   :  34.3% | Σ-Reward:  8762.0 | Ø-Reward:  1.752 | Places: [1713 (0.34), 1222 (0.24), 1179 (0.24), 886 (0.18)]
[2025-09-04 03:26:44] Winrate vs random2     :  40.7% | Σ-Reward:  10077.0 | Ø-Reward:  2.015 | Places: [2035 (0.41), 1492 (0.30), 988 (0.20), 485 (0.10)]
[2025-09-04 03:26:44] Winrate vs single_only :  57.0% | Σ-Reward:  11017.0 | Ø-Reward:  2.203 | Places: [2848 (0.57), 776 (0.16), 921 (0.18), 455 (0.09)]
[2025-09-04 03:26:44] Winrate vs v_table     :  26.6% | Σ-Reward:  7836.0 | Ø-Reward:  1.567 | Places: [1332 (0.27), 1352 (0.27), 1136 (0.23), 1180 (0.24)]
[2025-09-04 03:33:46] 
[2025-09-04 03:33:46] Benchmark @train_ep  820000 (bench_eps: 5000)
[2025-09-04 03:33:46] Macro Winrate          :  39.9%
[2025-09-04 03:33:46] Macro Ø-Reward         :  1.881
[2025-09-04 03:33:46] Winrate vs max_combo   :  35.3% | Σ-Reward:  8900.0 | Ø-Reward:  1.780 | Places: [1763 (0.35), 1231 (0.25), 1149 (0.23), 857 (0.17)]
[2025-09-04 03:33:46] Winrate vs random2     :  40.0% | Σ-Reward:  10010.0 | Ø-Reward:  2.002 | Places: [2001 (0.40), 1500 (0.30), 1007 (0.20), 492 (0.10)]
[2025-09-04 03:33:46] Winrate vs single_only :  56.6% | Σ-Reward:  10927.0 | Ø-Reward:  2.185 | Places: [2829 (0.57), 765 (0.15), 910 (0.18), 496 (0.10)]
[2025-09-04 03:33:46] Winrate vs v_table     :  27.7% | Σ-Reward:  7782.0 | Ø-Reward:  1.556 | Places: [1383 (0.28), 1235 (0.25), 1163 (0.23), 1219 (0.24)]
[2025-09-04 03:40:48] 
[2025-09-04 03:40:48] Benchmark @train_ep  840000 (bench_eps: 5000)
[2025-09-04 03:40:48] Macro Winrate          :  39.6%
[2025-09-04 03:40:48] Macro Ø-Reward         :  1.889
[2025-09-04 03:40:48] Winrate vs max_combo   :  34.8% | Σ-Reward:  8839.0 | Ø-Reward:  1.768 | Places: [1738 (0.35), 1240 (0.25), 1145 (0.23), 877 (0.18)]
[2025-09-04 03:40:48] Winrate vs random2     :  41.3% | Σ-Reward:  10174.0 | Ø-Reward:  2.035 | Places: [2064 (0.41), 1524 (0.30), 934 (0.19), 478 (0.10)]
[2025-09-04 03:40:48] Winrate vs single_only :  55.8% | Σ-Reward:  10928.0 | Ø-Reward:  2.186 | Places: [2792 (0.56), 825 (0.17), 902 (0.18), 481 (0.10)]
[2025-09-04 03:40:48] Winrate vs v_table     :  26.6% | Σ-Reward:  7834.0 | Ø-Reward:  1.567 | Places: [1328 (0.27), 1364 (0.27), 1122 (0.22), 1186 (0.24)]
[2025-09-04 03:47:55] 
[2025-09-04 03:47:55] Benchmark @train_ep  860000 (bench_eps: 5000)
[2025-09-04 03:47:55] Macro Winrate          :  40.1%
[2025-09-04 03:47:55] Macro Ø-Reward         :  1.895
[2025-09-04 03:47:55] Winrate vs max_combo   :  35.1% | Σ-Reward:  8874.0 | Ø-Reward:  1.775 | Places: [1757 (0.35), 1240 (0.25), 1123 (0.22), 880 (0.18)]
[2025-09-04 03:47:55] Winrate vs random2     :  41.3% | Σ-Reward:  10126.0 | Ø-Reward:  2.025 | Places: [2063 (0.41), 1478 (0.30), 981 (0.20), 478 (0.10)]
[2025-09-04 03:47:55] Winrate vs single_only :  57.6% | Σ-Reward:  11109.0 | Ø-Reward:  2.222 | Places: [2880 (0.58), 782 (0.16), 905 (0.18), 433 (0.09)]
[2025-09-04 03:47:55] Winrate vs v_table     :  26.3% | Σ-Reward:  7795.0 | Ø-Reward:  1.559 | Places: [1316 (0.26), 1338 (0.27), 1171 (0.23), 1175 (0.23)]
[2025-09-04 03:55:00] 
[2025-09-04 03:55:00] Benchmark @train_ep  880000 (bench_eps: 5000)
[2025-09-04 03:55:00] Macro Winrate          :  41.0%
[2025-09-04 03:55:00] Macro Ø-Reward         :  1.913
[2025-09-04 03:55:00] Winrate vs max_combo   :  35.8% | Σ-Reward:  8935.0 | Ø-Reward:  1.787 | Places: [1789 (0.36), 1239 (0.25), 1090 (0.22), 882 (0.18)]
[2025-09-04 03:55:00] Winrate vs random2     :  41.8% | Σ-Reward:  10229.0 | Ø-Reward:  2.046 | Places: [2090 (0.42), 1523 (0.30), 913 (0.18), 474 (0.09)]
[2025-09-04 03:55:00] Winrate vs single_only :  60.0% | Σ-Reward:  11314.0 | Ø-Reward:  2.263 | Places: [2998 (0.60), 739 (0.15), 842 (0.17), 421 (0.08)]
[2025-09-04 03:55:00] Winrate vs v_table     :  26.4% | Σ-Reward:  7781.0 | Ø-Reward:  1.556 | Places: [1320 (0.26), 1334 (0.27), 1153 (0.23), 1193 (0.24)]
[2025-09-04 04:02:03] 
[2025-09-04 04:02:03] Benchmark @train_ep  900000 (bench_eps: 5000)
[2025-09-04 04:02:03] Macro Winrate          :  40.6%
[2025-09-04 04:02:03] Macro Ø-Reward         :  1.898
[2025-09-04 04:02:03] Winrate vs max_combo   :  35.9% | Σ-Reward:  8888.0 | Ø-Reward:  1.778 | Places: [1793 (0.36), 1199 (0.24), 1111 (0.22), 897 (0.18)]
[2025-09-04 04:02:03] Winrate vs random2     :  41.1% | Σ-Reward:  10086.0 | Ø-Reward:  2.017 | Places: [2057 (0.41), 1461 (0.29), 993 (0.20), 489 (0.10)]
[2025-09-04 04:02:03] Winrate vs single_only :  57.7% | Σ-Reward:  11040.0 | Ø-Reward:  2.208 | Places: [2883 (0.58), 754 (0.15), 883 (0.18), 480 (0.10)]
[2025-09-04 04:02:03] Winrate vs v_table     :  27.7% | Σ-Reward:  7946.0 | Ø-Reward:  1.589 | Places: [1385 (0.28), 1352 (0.27), 1087 (0.22), 1176 (0.24)]
[2025-09-04 04:09:03] 
[2025-09-04 04:09:03] Benchmark @train_ep  920000 (bench_eps: 5000)
[2025-09-04 04:09:03] Macro Winrate          :  40.9%
[2025-09-04 04:09:03] Macro Ø-Reward         :  1.912
[2025-09-04 04:09:03] Winrate vs max_combo   :  36.0% | Σ-Reward:  8968.0 | Ø-Reward:  1.794 | Places: [1801 (0.36), 1244 (0.25), 1077 (0.22), 878 (0.18)]
[2025-09-04 04:09:03] Winrate vs random2     :  40.6% | Σ-Reward:  10102.0 | Ø-Reward:  2.020 | Places: [2032 (0.41), 1539 (0.31), 928 (0.19), 501 (0.10)]
[2025-09-04 04:09:03] Winrate vs single_only :  60.4% | Σ-Reward:  11322.0 | Ø-Reward:  2.264 | Places: [3020 (0.60), 743 (0.15), 776 (0.16), 461 (0.09)]
[2025-09-04 04:09:03] Winrate vs v_table     :  26.7% | Σ-Reward:  7840.0 | Ø-Reward:  1.568 | Places: [1336 (0.27), 1338 (0.27), 1156 (0.23), 1170 (0.23)]
[2025-09-04 04:16:05] 
[2025-09-04 04:16:05] Benchmark @train_ep  940000 (bench_eps: 5000)
[2025-09-04 04:16:05] Macro Winrate          :  40.5%
[2025-09-04 04:16:05] Macro Ø-Reward         :  1.898
[2025-09-04 04:16:05] Winrate vs max_combo   :  35.3% | Σ-Reward:  8870.0 | Ø-Reward:  1.774 | Places: [1764 (0.35), 1192 (0.24), 1194 (0.24), 850 (0.17)]
[2025-09-04 04:16:05] Winrate vs random2     :  41.7% | Σ-Reward:  10226.0 | Ø-Reward:  2.045 | Places: [2086 (0.42), 1503 (0.30), 962 (0.19), 449 (0.09)]
[2025-09-04 04:16:05] Winrate vs single_only :  58.7% | Σ-Reward:  11124.0 | Ø-Reward:  2.225 | Places: [2934 (0.59), 731 (0.15), 860 (0.17), 475 (0.10)]
[2025-09-04 04:16:05] Winrate vs v_table     :  26.2% | Σ-Reward:  7748.0 | Ø-Reward:  1.550 | Places: [1312 (0.26), 1298 (0.26), 1216 (0.24), 1174 (0.23)]
[2025-09-04 04:23:11] 
[2025-09-04 04:23:11] Benchmark @train_ep  960000 (bench_eps: 5000)
[2025-09-04 04:23:11] Macro Winrate          :  40.8%
[2025-09-04 04:23:11] Macro Ø-Reward         :  1.916
[2025-09-04 04:23:11] Winrate vs max_combo   :  36.1% | Σ-Reward:  8967.0 | Ø-Reward:  1.793 | Places: [1805 (0.36), 1234 (0.25), 1084 (0.22), 877 (0.18)]
[2025-09-04 04:23:11] Winrate vs random2     :  40.6% | Σ-Reward:  10177.0 | Ø-Reward:  2.035 | Places: [2031 (0.41), 1580 (0.32), 924 (0.18), 465 (0.09)]
[2025-09-04 04:23:11] Winrate vs single_only :  59.3% | Σ-Reward:  11256.0 | Ø-Reward:  2.251 | Places: [2966 (0.59), 767 (0.15), 824 (0.16), 443 (0.09)]
[2025-09-04 04:23:11] Winrate vs v_table     :  27.2% | Σ-Reward:  7920.0 | Ø-Reward:  1.584 | Places: [1359 (0.27), 1358 (0.27), 1127 (0.23), 1156 (0.23)]
[2025-09-04 04:30:14] 
[2025-09-04 04:30:14] Benchmark @train_ep  980000 (bench_eps: 5000)
[2025-09-04 04:30:14] Macro Winrate          :  40.2%
[2025-09-04 04:30:14] Macro Ø-Reward         :  1.891
[2025-09-04 04:30:14] Winrate vs max_combo   :  35.7% | Σ-Reward:  8877.0 | Ø-Reward:  1.775 | Places: [1784 (0.36), 1187 (0.24), 1151 (0.23), 878 (0.18)]
[2025-09-04 04:30:14] Winrate vs random2     :  41.5% | Σ-Reward:  10144.0 | Ø-Reward:  2.029 | Places: [2074 (0.41), 1494 (0.30), 934 (0.19), 498 (0.10)]
[2025-09-04 04:30:14] Winrate vs single_only :  57.7% | Σ-Reward:  11103.0 | Ø-Reward:  2.221 | Places: [2886 (0.58), 773 (0.15), 899 (0.18), 442 (0.09)]
[2025-09-04 04:30:14] Winrate vs v_table     :  25.8% | Σ-Reward:  7686.0 | Ø-Reward:  1.537 | Places: [1291 (0.26), 1329 (0.27), 1155 (0.23), 1225 (0.24)]
[2025-09-04 04:37:16] 
[2025-09-04 04:37:16] Benchmark @train_ep 1000000 (bench_eps: 5000)
[2025-09-04 04:37:16] Macro Winrate          :  40.5%
[2025-09-04 04:37:16] Macro Ø-Reward         :  1.904
[2025-09-04 04:37:16] Winrate vs max_combo   :  36.0% | Σ-Reward:  8950.0 | Ø-Reward:  1.790 | Places: [1800 (0.36), 1198 (0.24), 1154 (0.23), 848 (0.17)]
[2025-09-04 04:37:16] Winrate vs random2     :  41.5% | Σ-Reward:  10204.0 | Ø-Reward:  2.041 | Places: [2073 (0.41), 1529 (0.31), 927 (0.19), 471 (0.09)]
[2025-09-04 04:37:16] Winrate vs single_only :  58.3% | Σ-Reward:  11177.0 | Ø-Reward:  2.235 | Places: [2915 (0.58), 775 (0.15), 882 (0.18), 428 (0.09)]
[2025-09-04 04:37:16] Winrate vs v_table     :  26.4% | Σ-Reward:  7751.0 | Ø-Reward:  1.550 | Places: [1321 (0.26), 1300 (0.26), 1188 (0.24), 1191 (0.24)]
[2025-09-04 04:37:18] Opponent-Usage gespeichert: /home/wasterix/OpenSpiel/open_spiel/President/models/k1a2/model_05/plots/opponent_usage.csv
[2025-09-04 04:37:18] 
[2025-09-04 04:37:18] Gesamtzeit: 5.86h (~ 47.42 eps/s)
[2025-09-04 04:37:18] k1a2, Single Agent vs Population. Training abgeschlossen.
[2025-09-04 04:37:18] Path: /home/wasterix/OpenSpiel/open_spiel/President/models/k1a2/model_05
