[2025-08-27 22:53:24] New Training (k1a2): DQN Single-Agent vs Heuristiken (P0→P0)
[2025-08-27 22:53:24] Deck_Size: 64
[2025-08-27 22:53:24] Episodes: 500000
[2025-08-27 22:53:24] Path: /home/wasterix/OpenSpiel/open_spiel/President/models/k1a2/model_02
[2025-08-27 23:03:58] 
[2025-08-27 23:03:58] Benchmark @train_ep   10000 (bench_eps: 2000)
[2025-08-27 23:03:58] Macro Winrate          :  69.1%
[2025-08-27 23:03:58] Macro Ø-Reward         :  2.561
[2025-08-27 23:03:58] Winrate vs max_combo   :  52.9% | Σ-Reward:  4559.0 | Ø-Reward:  2.280 | Places: [1057 (0.53), 558 (0.28), 272 (0.14), 113 (0.06)]
[2025-08-27 23:03:58] Winrate vs random2     :  79.2% | Σ-Reward:  5476.0 | Ø-Reward:  2.738 | Places: [1585 (0.79), 321 (0.16), 79 (0.04), 15 (0.01)]
[2025-08-27 23:03:58] Winrate vs single_only :  75.2% | Σ-Reward:  5330.0 | Ø-Reward:  2.665 | Places: [1505 (0.75), 344 (0.17), 127 (0.06), 24 (0.01)]
[2025-08-27 23:03:59] Timing @ep 10000: episode 32.6s | train 0.080s | eval 31.2s | plot 1.4s | save 0.004s | cum 0.18h
[2025-08-27 23:16:29] 
[2025-08-27 23:16:29] Benchmark @train_ep   20000 (bench_eps: 2000)
[2025-08-27 23:16:29] Macro Winrate          :  75.7%
[2025-08-27 23:16:29] Macro Ø-Reward         :  2.659
[2025-08-27 23:16:29] Winrate vs max_combo   :  61.5% | Σ-Reward:  4852.0 | Ø-Reward:  2.426 | Places: [1229 (0.61), 493 (0.25), 179 (0.09), 99 (0.05)]
[2025-08-27 23:16:29] Winrate vs random2     :  84.9% | Σ-Reward:  5633.0 | Ø-Reward:  2.817 | Places: [1698 (0.85), 249 (0.12), 41 (0.02), 12 (0.01)]
[2025-08-27 23:16:29] Winrate vs single_only :  80.6% | Σ-Reward:  5472.0 | Ø-Reward:  2.736 | Places: [1612 (0.81), 275 (0.14), 86 (0.04), 27 (0.01)]
[2025-08-27 23:16:31] Timing @ep 20000: episode 31.4s | train 0.068s | eval 29.7s | plot 1.7s | save 0.002s | cum 0.38h
[2025-08-27 23:27:41] 
[2025-08-27 23:27:41] Benchmark @train_ep   30000 (bench_eps: 2000)
[2025-08-27 23:27:41] Macro Winrate          :  76.8%
[2025-08-27 23:27:41] Macro Ø-Reward         :  2.684
[2025-08-27 23:27:41] Winrate vs max_combo   :  60.7% | Σ-Reward:  4849.0 | Ø-Reward:  2.425 | Places: [1214 (0.61), 498 (0.25), 211 (0.11), 77 (0.04)]
[2025-08-27 23:27:41] Winrate vs random2     :  84.6% | Σ-Reward:  5639.0 | Ø-Reward:  2.820 | Places: [1692 (0.85), 263 (0.13), 37 (0.02), 8 (0.00)]
[2025-08-27 23:27:41] Winrate vs single_only :  85.1% | Σ-Reward:  5619.0 | Ø-Reward:  2.809 | Places: [1702 (0.85), 222 (0.11), 69 (0.03), 7 (0.00)]
[2025-08-27 23:27:42] Timing @ep 30000: episode 29.9s | train 0.057s | eval 28.4s | plot 1.5s | save 0.001s | cum 0.57h
[2025-08-27 23:39:13] 
[2025-08-27 23:39:13] Benchmark @train_ep   40000 (bench_eps: 2000)
[2025-08-27 23:39:13] Macro Winrate          :  77.9%
[2025-08-27 23:39:13] Macro Ø-Reward         :  2.695
[2025-08-27 23:39:13] Winrate vs max_combo   :  63.0% | Σ-Reward:  4882.0 | Ø-Reward:  2.441 | Places: [1260 (0.63), 452 (0.23), 198 (0.10), 90 (0.04)]
[2025-08-27 23:39:13] Winrate vs random2     :  87.3% | Σ-Reward:  5711.0 | Ø-Reward:  2.856 | Places: [1746 (0.87), 224 (0.11), 25 (0.01), 5 (0.00)]
[2025-08-27 23:39:13] Winrate vs single_only :  83.2% | Σ-Reward:  5575.0 | Ø-Reward:  2.788 | Places: [1665 (0.83), 259 (0.13), 62 (0.03), 14 (0.01)]
[2025-08-27 23:39:15] Timing @ep 40000: episode 31.4s | train 0.060s | eval 30.0s | plot 1.4s | save 0.002s | cum 0.76h
[2025-08-27 23:50:16] 
[2025-08-27 23:50:16] Benchmark @train_ep   50000 (bench_eps: 2000)
[2025-08-27 23:50:16] Macro Winrate          :  78.1%
[2025-08-27 23:50:16] Macro Ø-Reward         :  2.696
[2025-08-27 23:50:16] Winrate vs max_combo   :  62.9% | Σ-Reward:  4876.0 | Ø-Reward:  2.438 | Places: [1257 (0.63), 460 (0.23), 185 (0.09), 98 (0.05)]
[2025-08-27 23:50:16] Winrate vs random2     :  86.3% | Σ-Reward:  5674.0 | Ø-Reward:  2.837 | Places: [1727 (0.86), 225 (0.11), 43 (0.02), 5 (0.00)]
[2025-08-27 23:50:16] Winrate vs single_only :  85.2% | Σ-Reward:  5625.0 | Ø-Reward:  2.812 | Places: [1703 (0.85), 236 (0.12), 44 (0.02), 17 (0.01)]
[2025-08-27 23:50:18] Timing @ep 50000: episode 30.1s | train 0.049s | eval 28.5s | plot 1.5s | save 0.002s | cum 0.95h
[2025-08-28 00:01:21] 
[2025-08-28 00:01:21] Benchmark @train_ep   60000 (bench_eps: 2000)
[2025-08-28 00:01:21] Macro Winrate          :  74.6%
[2025-08-28 00:01:21] Macro Ø-Reward         :  2.655
[2025-08-28 00:01:21] Winrate vs max_combo   :  63.1% | Σ-Reward:  4895.0 | Ø-Reward:  2.447 | Places: [1263 (0.63), 457 (0.23), 192 (0.10), 88 (0.04)]
[2025-08-28 00:01:21] Winrate vs random2     :  82.5% | Σ-Reward:  5590.0 | Ø-Reward:  2.795 | Places: [1651 (0.83), 295 (0.15), 47 (0.02), 7 (0.00)]
[2025-08-28 00:01:21] Winrate vs single_only :  78.2% | Σ-Reward:  5443.0 | Ø-Reward:  2.721 | Places: [1564 (0.78), 331 (0.17), 89 (0.04), 16 (0.01)]
[2025-08-28 00:01:23] Timing @ep 60000: episode 29.8s | train 0.038s | eval 28.1s | plot 1.7s | save 0.001s | cum 1.13h
[2025-08-28 00:12:33] 
[2025-08-28 00:12:33] Benchmark @train_ep   70000 (bench_eps: 2000)
[2025-08-28 00:12:33] Macro Winrate          :  77.8%
[2025-08-28 00:12:33] Macro Ø-Reward         :  2.697
[2025-08-28 00:12:33] Winrate vs max_combo   :  62.7% | Σ-Reward:  4887.0 | Ø-Reward:  2.443 | Places: [1254 (0.63), 475 (0.24), 175 (0.09), 96 (0.05)]
[2025-08-28 00:12:33] Winrate vs random2     :  84.7% | Σ-Reward:  5638.0 | Ø-Reward:  2.819 | Places: [1694 (0.85), 259 (0.13), 38 (0.02), 9 (0.00)]
[2025-08-28 00:12:33] Winrate vs single_only :  86.0% | Σ-Reward:  5655.0 | Ø-Reward:  2.828 | Places: [1721 (0.86), 219 (0.11), 54 (0.03), 6 (0.00)]
[2025-08-28 00:12:34] Timing @ep 70000: episode 30.2s | train 0.046s | eval 28.7s | plot 1.5s | save 0.002s | cum 1.32h
[2025-08-28 00:23:30] 
[2025-08-28 00:23:30] Benchmark @train_ep   80000 (bench_eps: 2000)
[2025-08-28 00:23:30] Macro Winrate          :  78.9%
[2025-08-28 00:23:30] Macro Ø-Reward         :  2.712
[2025-08-28 00:23:30] Winrate vs max_combo   :  64.6% | Σ-Reward:  4955.0 | Ø-Reward:  2.478 | Places: [1292 (0.65), 451 (0.23), 177 (0.09), 80 (0.04)]
[2025-08-28 00:23:30] Winrate vs random2     :  87.2% | Σ-Reward:  5693.0 | Ø-Reward:  2.846 | Places: [1744 (0.87), 218 (0.11), 25 (0.01), 13 (0.01)]
[2025-08-28 00:23:30] Winrate vs single_only :  84.8% | Σ-Reward:  5623.0 | Ø-Reward:  2.812 | Places: [1697 (0.85), 240 (0.12), 52 (0.03), 11 (0.01)]
[2025-08-28 00:23:32] Timing @ep 80000: episode 31.8s | train 0.051s | eval 30.3s | plot 1.5s | save 0.002s | cum 1.50h
[2025-08-28 00:34:50] 
[2025-08-28 00:34:50] Benchmark @train_ep   90000 (bench_eps: 2000)
[2025-08-28 00:34:50] Macro Winrate          :  78.8%
[2025-08-28 00:34:50] Macro Ø-Reward         :  2.707
[2025-08-28 00:34:50] Winrate vs max_combo   :  64.5% | Σ-Reward:  4942.0 | Ø-Reward:  2.471 | Places: [1291 (0.65), 447 (0.22), 175 (0.09), 87 (0.04)]
[2025-08-28 00:34:50] Winrate vs random2     :  86.7% | Σ-Reward:  5677.0 | Ø-Reward:  2.838 | Places: [1733 (0.87), 216 (0.11), 46 (0.02), 5 (0.00)]
[2025-08-28 00:34:50] Winrate vs single_only :  85.1% | Σ-Reward:  5620.0 | Ø-Reward:  2.810 | Places: [1702 (0.85), 229 (0.11), 56 (0.03), 13 (0.01)]
[2025-08-28 00:34:52] Timing @ep 90000: episode 31.5s | train 0.074s | eval 29.8s | plot 1.6s | save 0.002s | cum 1.69h
[2025-08-28 00:46:00] 
[2025-08-28 00:46:00] Benchmark @train_ep  100000 (bench_eps: 2000)
[2025-08-28 00:46:00] Macro Winrate          :  77.2%
[2025-08-28 00:46:00] Macro Ø-Reward         :  2.698
[2025-08-28 00:46:00] Winrate vs max_combo   :  65.2% | Σ-Reward:  4970.0 | Ø-Reward:  2.485 | Places: [1305 (0.65), 451 (0.23), 153 (0.08), 91 (0.05)]
[2025-08-28 00:46:00] Winrate vs random2     :  85.0% | Σ-Reward:  5656.0 | Ø-Reward:  2.828 | Places: [1700 (0.85), 263 (0.13), 30 (0.01), 7 (0.00)]
[2025-08-28 00:46:00] Winrate vs single_only :  81.2% | Σ-Reward:  5563.0 | Ø-Reward:  2.781 | Places: [1625 (0.81), 321 (0.16), 46 (0.02), 8 (0.00)]
[2025-08-28 00:46:01] Timing @ep 100000: episode 30.3s | train 0.047s | eval 28.9s | plot 1.4s | save 0.002s | cum 1.88h
[2025-08-28 00:57:01] 
[2025-08-28 00:57:01] Benchmark @train_ep  110000 (bench_eps: 2000)
[2025-08-28 00:57:01] Macro Winrate          :  77.8%
[2025-08-28 00:57:01] Macro Ø-Reward         :  2.699
[2025-08-28 00:57:01] Winrate vs max_combo   :  64.2% | Σ-Reward:  4960.0 | Ø-Reward:  2.480 | Places: [1284 (0.64), 474 (0.24), 160 (0.08), 82 (0.04)]
[2025-08-28 00:57:01] Winrate vs random2     :  84.8% | Σ-Reward:  5640.0 | Ø-Reward:  2.820 | Places: [1697 (0.85), 253 (0.13), 43 (0.02), 7 (0.00)]
[2025-08-28 00:57:01] Winrate vs single_only :  84.5% | Σ-Reward:  5594.0 | Ø-Reward:  2.797 | Places: [1690 (0.84), 230 (0.12), 64 (0.03), 16 (0.01)]
[2025-08-28 00:57:03] Timing @ep 110000: episode 29.0s | train 0.047s | eval 27.8s | plot 1.2s | save 0.001s | cum 2.06h
[2025-08-28 01:08:16] 
[2025-08-28 01:08:16] Benchmark @train_ep  120000 (bench_eps: 2000)
[2025-08-28 01:08:16] Macro Winrate          :  78.7%
[2025-08-28 01:08:16] Macro Ø-Reward         :  2.716
[2025-08-28 01:08:16] Winrate vs max_combo   :  66.0% | Σ-Reward:  5015.0 | Ø-Reward:  2.507 | Places: [1321 (0.66), 442 (0.22), 168 (0.08), 69 (0.03)]
[2025-08-28 01:08:16] Winrate vs random2     :  84.8% | Σ-Reward:  5646.0 | Ø-Reward:  2.823 | Places: [1695 (0.85), 263 (0.13), 35 (0.02), 7 (0.00)]
[2025-08-28 01:08:16] Winrate vs single_only :  85.3% | Σ-Reward:  5637.0 | Ø-Reward:  2.818 | Places: [1707 (0.85), 235 (0.12), 46 (0.02), 12 (0.01)]
[2025-08-28 01:08:18] Timing @ep 120000: episode 29.7s | train 0.047s | eval 28.2s | plot 1.5s | save 0.001s | cum 2.25h
[2025-08-28 01:19:20] 
[2025-08-28 01:19:20] Benchmark @train_ep  130000 (bench_eps: 2000)
[2025-08-28 01:19:20] Macro Winrate          :  78.2%
[2025-08-28 01:19:20] Macro Ø-Reward         :  2.710
[2025-08-28 01:19:20] Winrate vs max_combo   :  64.0% | Σ-Reward:  4953.0 | Ø-Reward:  2.477 | Places: [1281 (0.64), 465 (0.23), 180 (0.09), 74 (0.04)]
[2025-08-28 01:19:20] Winrate vs random2     :  86.0% | Σ-Reward:  5680.0 | Ø-Reward:  2.840 | Places: [1721 (0.86), 243 (0.12), 31 (0.02), 5 (0.00)]
[2025-08-28 01:19:20] Winrate vs single_only :  84.7% | Σ-Reward:  5629.0 | Ø-Reward:  2.814 | Places: [1693 (0.85), 253 (0.13), 44 (0.02), 10 (0.01)]
[2025-08-28 01:19:22] Timing @ep 130000: episode 30.0s | train 0.049s | eval 28.5s | plot 1.4s | save 0.002s | cum 2.43h
[2025-08-28 01:30:23] 
[2025-08-28 01:30:23] Benchmark @train_ep  140000 (bench_eps: 2000)
[2025-08-28 01:30:23] Macro Winrate          :  78.3%
[2025-08-28 01:30:23] Macro Ø-Reward         :  2.701
[2025-08-28 01:30:23] Winrate vs max_combo   :  65.2% | Σ-Reward:  4946.0 | Ø-Reward:  2.473 | Places: [1304 (0.65), 429 (0.21), 176 (0.09), 91 (0.05)]
[2025-08-28 01:30:23] Winrate vs random2     :  84.3% | Σ-Reward:  5620.0 | Ø-Reward:  2.810 | Places: [1687 (0.84), 254 (0.13), 51 (0.03), 8 (0.00)]
[2025-08-28 01:30:23] Winrate vs single_only :  85.5% | Σ-Reward:  5643.0 | Ø-Reward:  2.821 | Places: [1710 (0.85), 233 (0.12), 47 (0.02), 10 (0.01)]
[2025-08-28 01:30:25] Timing @ep 140000: episode 29.0s | train 0.049s | eval 27.5s | plot 1.4s | save 0.001s | cum 2.62h
[2025-08-28 01:41:27] 
[2025-08-28 01:41:27] Benchmark @train_ep  150000 (bench_eps: 2000)
[2025-08-28 01:41:27] Macro Winrate          :  79.7%
[2025-08-28 01:41:27] Macro Ø-Reward         :  2.729
[2025-08-28 01:41:27] Winrate vs max_combo   :  66.9% | Σ-Reward:  5052.0 | Ø-Reward:  2.526 | Places: [1338 (0.67), 448 (0.22), 142 (0.07), 72 (0.04)]
[2025-08-28 01:41:27] Winrate vs random2     :  87.1% | Σ-Reward:  5697.0 | Ø-Reward:  2.849 | Places: [1742 (0.87), 224 (0.11), 23 (0.01), 11 (0.01)]
[2025-08-28 01:41:27] Winrate vs single_only :  85.0% | Σ-Reward:  5626.0 | Ø-Reward:  2.813 | Places: [1700 (0.85), 231 (0.12), 64 (0.03), 5 (0.00)]
[2025-08-28 01:41:29] Timing @ep 150000: episode 24.3s | train 0.051s | eval 23.0s | plot 1.2s | save 0.001s | cum 2.80h
[2025-08-28 01:50:17] 
[2025-08-28 01:50:17] Benchmark @train_ep  160000 (bench_eps: 2000)
[2025-08-28 01:50:17] Macro Winrate          :  79.3%
[2025-08-28 01:50:17] Macro Ø-Reward         :  2.714
[2025-08-28 01:50:17] Winrate vs max_combo   :  64.9% | Σ-Reward:  4951.0 | Ø-Reward:  2.475 | Places: [1298 (0.65), 442 (0.22), 173 (0.09), 87 (0.04)]
[2025-08-28 01:50:17] Winrate vs random2     :  87.3% | Σ-Reward:  5692.0 | Ø-Reward:  2.846 | Places: [1746 (0.87), 207 (0.10), 40 (0.02), 7 (0.00)]
[2025-08-28 01:50:17] Winrate vs single_only :  85.7% | Σ-Reward:  5641.0 | Ø-Reward:  2.821 | Places: [1714 (0.86), 229 (0.11), 41 (0.02), 16 (0.01)]
[2025-08-28 01:50:18] Timing @ep 160000: episode 22.6s | train 0.050s | eval 21.5s | plot 1.1s | save 0.001s | cum 2.95h
[2025-08-28 01:59:06] 
[2025-08-28 01:59:06] Benchmark @train_ep  170000 (bench_eps: 2000)
[2025-08-28 01:59:06] Macro Winrate          :  79.9%
[2025-08-28 01:59:06] Macro Ø-Reward         :  2.731
[2025-08-28 01:59:06] Winrate vs max_combo   :  65.5% | Σ-Reward:  5016.0 | Ø-Reward:  2.508 | Places: [1310 (0.66), 466 (0.23), 154 (0.08), 70 (0.04)]
[2025-08-28 01:59:06] Winrate vs random2     :  87.0% | Σ-Reward:  5700.0 | Ø-Reward:  2.850 | Places: [1739 (0.87), 229 (0.11), 25 (0.01), 7 (0.00)]
[2025-08-28 01:59:06] Winrate vs single_only :  87.2% | Σ-Reward:  5671.0 | Ø-Reward:  2.836 | Places: [1743 (0.87), 193 (0.10), 56 (0.03), 8 (0.00)]
[2025-08-28 01:59:07] Timing @ep 170000: episode 22.7s | train 0.044s | eval 21.5s | plot 1.2s | save 0.001s | cum 3.10h
[2025-08-28 02:07:56] 
[2025-08-28 02:07:56] Benchmark @train_ep  180000 (bench_eps: 2000)
[2025-08-28 02:07:56] Macro Winrate          :  80.8%
[2025-08-28 02:07:56] Macro Ø-Reward         :  2.747
[2025-08-28 02:07:56] Winrate vs max_combo   :  67.8% | Σ-Reward:  5089.0 | Ø-Reward:  2.545 | Places: [1355 (0.68), 444 (0.22), 136 (0.07), 65 (0.03)]
[2025-08-28 02:07:56] Winrate vs random2     :  87.7% | Σ-Reward:  5700.0 | Ø-Reward:  2.850 | Places: [1753 (0.88), 202 (0.10), 37 (0.02), 8 (0.00)]
[2025-08-28 02:07:56] Winrate vs single_only :  86.9% | Σ-Reward:  5692.0 | Ø-Reward:  2.846 | Places: [1738 (0.87), 218 (0.11), 42 (0.02), 2 (0.00)]
[2025-08-28 02:07:58] Timing @ep 180000: episode 23.0s | train 0.050s | eval 21.8s | plot 1.2s | save 0.001s | cum 3.24h
[2025-08-28 02:16:49] 
[2025-08-28 02:16:49] Benchmark @train_ep  190000 (bench_eps: 2000)
[2025-08-28 02:16:49] Macro Winrate          :  79.2%
[2025-08-28 02:16:49] Macro Ø-Reward         :  2.725
[2025-08-28 02:16:49] Winrate vs max_combo   :  67.5% | Σ-Reward:  5078.0 | Ø-Reward:  2.539 | Places: [1349 (0.67), 448 (0.22), 135 (0.07), 68 (0.03)]
[2025-08-28 02:16:49] Winrate vs random2     :  87.5% | Σ-Reward:  5708.0 | Ø-Reward:  2.854 | Places: [1750 (0.88), 216 (0.11), 26 (0.01), 8 (0.00)]
[2025-08-28 02:16:49] Winrate vs single_only :  82.6% | Σ-Reward:  5561.0 | Ø-Reward:  2.780 | Places: [1652 (0.83), 270 (0.14), 65 (0.03), 13 (0.01)]
[2025-08-28 02:16:51] Timing @ep 190000: episode 22.6s | train 0.050s | eval 21.5s | plot 1.1s | save 0.001s | cum 3.39h
[2025-08-28 02:25:42] 
[2025-08-28 02:25:42] Benchmark @train_ep  200000 (bench_eps: 2000)
[2025-08-28 02:25:42] Macro Winrate          :  78.9%
[2025-08-28 02:25:42] Macro Ø-Reward         :  2.720
[2025-08-28 02:25:42] Winrate vs max_combo   :  68.7% | Σ-Reward:  5092.0 | Ø-Reward:  2.546 | Places: [1373 (0.69), 416 (0.21), 141 (0.07), 70 (0.04)]
[2025-08-28 02:25:42] Winrate vs random2     :  84.9% | Σ-Reward:  5645.0 | Ø-Reward:  2.822 | Places: [1698 (0.85), 255 (0.13), 41 (0.02), 6 (0.00)]
[2025-08-28 02:25:42] Winrate vs single_only :  83.0% | Σ-Reward:  5585.0 | Ø-Reward:  2.792 | Places: [1660 (0.83), 275 (0.14), 55 (0.03), 10 (0.01)]
[2025-08-28 02:25:44] Timing @ep 200000: episode 22.6s | train 0.040s | eval 21.4s | plot 1.2s | save 0.001s | cum 3.54h
[2025-08-28 02:34:38] 
[2025-08-28 02:34:38] Benchmark @train_ep  210000 (bench_eps: 2000)
[2025-08-28 02:34:38] Macro Winrate          :  79.3%
[2025-08-28 02:34:38] Macro Ø-Reward         :  2.727
[2025-08-28 02:34:38] Winrate vs max_combo   :  67.3% | Σ-Reward:  5070.0 | Ø-Reward:  2.535 | Places: [1347 (0.67), 451 (0.23), 127 (0.06), 75 (0.04)]
[2025-08-28 02:34:38] Winrate vs random2     :  86.8% | Σ-Reward:  5691.0 | Ø-Reward:  2.845 | Places: [1737 (0.87), 225 (0.11), 30 (0.01), 8 (0.00)]
[2025-08-28 02:34:38] Winrate vs single_only :  83.8% | Σ-Reward:  5600.0 | Ø-Reward:  2.800 | Places: [1677 (0.84), 256 (0.13), 57 (0.03), 10 (0.01)]
[2025-08-28 02:34:39] Timing @ep 210000: episode 24.4s | train 0.056s | eval 23.1s | plot 1.2s | save 0.001s | cum 3.69h
[2025-08-28 02:43:35] 
[2025-08-28 02:43:35] Benchmark @train_ep  220000 (bench_eps: 2000)
[2025-08-28 02:43:35] Macro Winrate          :  76.4%
[2025-08-28 02:43:35] Macro Ø-Reward         :  2.684
[2025-08-28 02:43:35] Winrate vs max_combo   :  65.0% | Σ-Reward:  4987.0 | Ø-Reward:  2.494 | Places: [1299 (0.65), 462 (0.23), 166 (0.08), 73 (0.04)]
[2025-08-28 02:43:35] Winrate vs random2     :  85.8% | Σ-Reward:  5641.0 | Ø-Reward:  2.821 | Places: [1715 (0.86), 231 (0.12), 34 (0.02), 20 (0.01)]
[2025-08-28 02:43:35] Winrate vs single_only :  78.5% | Σ-Reward:  5474.0 | Ø-Reward:  2.737 | Places: [1569 (0.78), 349 (0.17), 69 (0.03), 13 (0.01)]
[2025-08-28 02:43:36] Timing @ep 220000: episode 23.5s | train 0.046s | eval 22.5s | plot 1.0s | save 0.001s | cum 3.84h
[2025-08-28 02:52:30] 
[2025-08-28 02:52:30] Benchmark @train_ep  230000 (bench_eps: 2000)
[2025-08-28 02:52:30] Macro Winrate          :  77.6%
[2025-08-28 02:52:30] Macro Ø-Reward         :  2.698
[2025-08-28 02:52:30] Winrate vs max_combo   :  64.8% | Σ-Reward:  4976.0 | Ø-Reward:  2.488 | Places: [1297 (0.65), 456 (0.23), 173 (0.09), 74 (0.04)]
[2025-08-28 02:52:30] Winrate vs random2     :  86.7% | Σ-Reward:  5681.0 | Ø-Reward:  2.841 | Places: [1734 (0.87), 222 (0.11), 35 (0.02), 9 (0.00)]
[2025-08-28 02:52:30] Winrate vs single_only :  81.3% | Σ-Reward:  5529.0 | Ø-Reward:  2.764 | Places: [1626 (0.81), 291 (0.15), 69 (0.03), 14 (0.01)]
[2025-08-28 02:52:31] Timing @ep 230000: episode 21.6s | train 0.048s | eval 20.4s | plot 1.1s | save 0.001s | cum 3.99h
[2025-08-28 03:01:22] 
[2025-08-28 03:01:22] Benchmark @train_ep  240000 (bench_eps: 2000)
[2025-08-28 03:01:22] Macro Winrate          :  79.1%
[2025-08-28 03:01:22] Macro Ø-Reward         :  2.713
[2025-08-28 03:01:22] Winrate vs max_combo   :  65.7% | Σ-Reward:  4968.0 | Ø-Reward:  2.484 | Places: [1314 (0.66), 437 (0.22), 152 (0.08), 97 (0.05)]
[2025-08-28 03:01:22] Winrate vs random2     :  84.6% | Σ-Reward:  5627.0 | Ø-Reward:  2.813 | Places: [1692 (0.85), 254 (0.13), 43 (0.02), 11 (0.01)]
[2025-08-28 03:01:22] Winrate vs single_only :  87.0% | Σ-Reward:  5681.0 | Ø-Reward:  2.841 | Places: [1739 (0.87), 210 (0.10), 44 (0.02), 7 (0.00)]
[2025-08-28 03:01:23] Timing @ep 240000: episode 22.8s | train 0.046s | eval 21.6s | plot 1.2s | save 0.001s | cum 4.13h
[2025-08-28 03:10:25] 
[2025-08-28 03:10:25] Benchmark @train_ep  250000 (bench_eps: 2000)
[2025-08-28 03:10:25] Macro Winrate          :  78.1%
[2025-08-28 03:10:25] Macro Ø-Reward         :  2.709
[2025-08-28 03:10:25] Winrate vs max_combo   :  65.9% | Σ-Reward:  5000.0 | Ø-Reward:  2.500 | Places: [1318 (0.66), 448 (0.22), 150 (0.07), 84 (0.04)]
[2025-08-28 03:10:25] Winrate vs random2     :  84.8% | Σ-Reward:  5641.0 | Ø-Reward:  2.821 | Places: [1696 (0.85), 257 (0.13), 39 (0.02), 8 (0.00)]
[2025-08-28 03:10:25] Winrate vs single_only :  83.7% | Σ-Reward:  5613.0 | Ø-Reward:  2.807 | Places: [1673 (0.84), 275 (0.14), 44 (0.02), 8 (0.00)]
[2025-08-28 03:10:26] Timing @ep 250000: episode 22.8s | train 0.052s | eval 21.7s | plot 1.0s | save 0.001s | cum 4.28h
[2025-08-28 03:19:26] 
[2025-08-28 03:19:26] Benchmark @train_ep  260000 (bench_eps: 2000)
[2025-08-28 03:19:26] Macro Winrate          :  77.9%
[2025-08-28 03:19:26] Macro Ø-Reward         :  2.711
[2025-08-28 03:19:26] Winrate vs max_combo   :  65.0% | Σ-Reward:  5030.0 | Ø-Reward:  2.515 | Places: [1300 (0.65), 490 (0.24), 150 (0.07), 60 (0.03)]
[2025-08-28 03:19:26] Winrate vs random2     :  86.5% | Σ-Reward:  5662.0 | Ø-Reward:  2.831 | Places: [1729 (0.86), 220 (0.11), 35 (0.02), 16 (0.01)]
[2025-08-28 03:19:26] Winrate vs single_only :  82.2% | Σ-Reward:  5572.0 | Ø-Reward:  2.786 | Places: [1644 (0.82), 292 (0.15), 56 (0.03), 8 (0.00)]
[2025-08-28 03:19:27] Timing @ep 260000: episode 23.2s | train 0.057s | eval 22.0s | plot 1.2s | save 0.001s | cum 4.43h
[2025-08-28 03:28:27] 
[2025-08-28 03:28:27] Benchmark @train_ep  270000 (bench_eps: 2000)
[2025-08-28 03:28:27] Macro Winrate          :  75.9%
[2025-08-28 03:28:27] Macro Ø-Reward         :  2.676
[2025-08-28 03:28:27] Winrate vs max_combo   :  65.8% | Σ-Reward:  4990.0 | Ø-Reward:  2.495 | Places: [1317 (0.66), 437 (0.22), 165 (0.08), 81 (0.04)]
[2025-08-28 03:28:27] Winrate vs random2     :  84.3% | Σ-Reward:  5640.0 | Ø-Reward:  2.820 | Places: [1686 (0.84), 274 (0.14), 34 (0.02), 6 (0.00)]
[2025-08-28 03:28:27] Winrate vs single_only :  77.5% | Σ-Reward:  5425.0 | Ø-Reward:  2.712 | Places: [1551 (0.78), 341 (0.17), 90 (0.04), 18 (0.01)]
[2025-08-28 03:28:28] Timing @ep 270000: episode 23.9s | train 0.053s | eval 22.8s | plot 1.0s | save 0.001s | cum 4.58h
[2025-08-28 03:37:30] 
[2025-08-28 03:37:30] Benchmark @train_ep  280000 (bench_eps: 2000)
[2025-08-28 03:37:30] Macro Winrate          :  79.0%
[2025-08-28 03:37:30] Macro Ø-Reward         :  2.713
[2025-08-28 03:37:30] Winrate vs max_combo   :  67.0% | Σ-Reward:  5039.0 | Ø-Reward:  2.519 | Places: [1340 (0.67), 432 (0.22), 155 (0.08), 73 (0.04)]
[2025-08-28 03:37:30] Winrate vs random2     :  86.0% | Σ-Reward:  5664.0 | Ø-Reward:  2.832 | Places: [1721 (0.86), 233 (0.12), 35 (0.02), 11 (0.01)]
[2025-08-28 03:37:30] Winrate vs single_only :  83.9% | Σ-Reward:  5574.0 | Ø-Reward:  2.787 | Places: [1678 (0.84), 236 (0.12), 68 (0.03), 18 (0.01)]
[2025-08-28 03:37:31] Timing @ep 280000: episode 22.5s | train 0.061s | eval 21.4s | plot 1.0s | save 0.001s | cum 4.74h
[2025-08-28 03:46:33] 
[2025-08-28 03:46:33] Benchmark @train_ep  290000 (bench_eps: 2000)
[2025-08-28 03:46:33] Macro Winrate          :  78.3%
[2025-08-28 03:46:33] Macro Ø-Reward         :  2.717
[2025-08-28 03:46:33] Winrate vs max_combo   :  64.9% | Σ-Reward:  5031.0 | Ø-Reward:  2.515 | Places: [1298 (0.65), 495 (0.25), 147 (0.07), 60 (0.03)]
[2025-08-28 03:46:33] Winrate vs random2     :  85.0% | Σ-Reward:  5661.0 | Ø-Reward:  2.830 | Places: [1699 (0.85), 268 (0.13), 28 (0.01), 5 (0.00)]
[2025-08-28 03:46:33] Winrate vs single_only :  85.0% | Σ-Reward:  5608.0 | Ø-Reward:  2.804 | Places: [1699 (0.85), 229 (0.11), 53 (0.03), 19 (0.01)]
[2025-08-28 03:46:34] Timing @ep 290000: episode 23.6s | train 0.046s | eval 22.4s | plot 1.2s | save 0.001s | cum 4.89h
[2025-08-28 03:55:35] 
[2025-08-28 03:55:35] Benchmark @train_ep  300000 (bench_eps: 2000)
[2025-08-28 03:55:35] Macro Winrate          :  79.0%
[2025-08-28 03:55:35] Macro Ø-Reward         :  2.714
[2025-08-28 03:55:35] Winrate vs max_combo   :  66.6% | Σ-Reward:  5031.0 | Ø-Reward:  2.515 | Places: [1332 (0.67), 444 (0.22), 147 (0.07), 77 (0.04)]
[2025-08-28 03:55:35] Winrate vs random2     :  84.8% | Σ-Reward:  5623.0 | Ø-Reward:  2.812 | Places: [1697 (0.85), 245 (0.12), 42 (0.02), 16 (0.01)]
[2025-08-28 03:55:35] Winrate vs single_only :  85.4% | Σ-Reward:  5632.0 | Ø-Reward:  2.816 | Places: [1708 (0.85), 228 (0.11), 52 (0.03), 12 (0.01)]
[2025-08-28 03:55:36] Timing @ep 300000: episode 20.9s | train 0.052s | eval 19.8s | plot 1.0s | save 0.001s | cum 5.04h
[2025-08-28 04:04:40] 
[2025-08-28 04:04:40] Benchmark @train_ep  310000 (bench_eps: 2000)
[2025-08-28 04:04:40] Macro Winrate          :  78.4%
[2025-08-28 04:04:40] Macro Ø-Reward         :  2.711
[2025-08-28 04:04:40] Winrate vs max_combo   :  65.9% | Σ-Reward:  5015.0 | Ø-Reward:  2.507 | Places: [1318 (0.66), 457 (0.23), 147 (0.07), 78 (0.04)]
[2025-08-28 04:04:40] Winrate vs random2     :  87.2% | Σ-Reward:  5697.0 | Ø-Reward:  2.849 | Places: [1745 (0.87), 216 (0.11), 30 (0.01), 9 (0.00)]
[2025-08-28 04:04:40] Winrate vs single_only :  82.0% | Σ-Reward:  5556.0 | Ø-Reward:  2.778 | Places: [1639 (0.82), 293 (0.15), 53 (0.03), 15 (0.01)]
[2025-08-28 04:04:41] Timing @ep 310000: episode 23.1s | train 0.037s | eval 21.9s | plot 1.2s | save 0.001s | cum 5.19h
[2025-08-28 04:13:41] 
[2025-08-28 04:13:41] Benchmark @train_ep  320000 (bench_eps: 2000)
[2025-08-28 04:13:41] Macro Winrate          :  78.0%
[2025-08-28 04:13:41] Macro Ø-Reward         :  2.705
[2025-08-28 04:13:41] Winrate vs max_combo   :  65.2% | Σ-Reward:  4975.0 | Ø-Reward:  2.487 | Places: [1303 (0.65), 457 (0.23), 152 (0.08), 88 (0.04)]
[2025-08-28 04:13:41] Winrate vs random2     :  86.2% | Σ-Reward:  5681.0 | Ø-Reward:  2.841 | Places: [1725 (0.86), 238 (0.12), 30 (0.01), 7 (0.00)]
[2025-08-28 04:13:41] Winrate vs single_only :  82.6% | Σ-Reward:  5574.0 | Ø-Reward:  2.787 | Places: [1652 (0.83), 280 (0.14), 58 (0.03), 10 (0.01)]
[2025-08-28 04:13:43] Timing @ep 320000: episode 22.7s | train 0.049s | eval 21.4s | plot 1.2s | save 0.001s | cum 5.34h
[2025-08-28 04:22:47] 
[2025-08-28 04:22:47] Benchmark @train_ep  330000 (bench_eps: 2000)
[2025-08-28 04:22:47] Macro Winrate          :  80.3%
[2025-08-28 04:22:47] Macro Ø-Reward         :  2.739
[2025-08-28 04:22:47] Winrate vs max_combo   :  66.7% | Σ-Reward:  5056.0 | Ø-Reward:  2.528 | Places: [1334 (0.67), 448 (0.22), 158 (0.08), 60 (0.03)]
[2025-08-28 04:22:47] Winrate vs random2     :  88.0% | Σ-Reward:  5723.0 | Ø-Reward:  2.861 | Places: [1761 (0.88), 207 (0.10), 26 (0.01), 6 (0.00)]
[2025-08-28 04:22:47] Winrate vs single_only :  86.1% | Σ-Reward:  5656.0 | Ø-Reward:  2.828 | Places: [1722 (0.86), 225 (0.11), 40 (0.02), 13 (0.01)]
[2025-08-28 04:22:48] Timing @ep 330000: episode 22.7s | train 0.048s | eval 21.6s | plot 1.0s | save 0.001s | cum 5.49h
[2025-08-28 04:31:49] 
[2025-08-28 04:31:49] Benchmark @train_ep  340000 (bench_eps: 2000)
[2025-08-28 04:31:49] Macro Winrate          :  78.6%
[2025-08-28 04:31:49] Macro Ø-Reward         :  2.718
[2025-08-28 04:31:49] Winrate vs max_combo   :  66.3% | Σ-Reward:  5055.0 | Ø-Reward:  2.527 | Places: [1326 (0.66), 469 (0.23), 139 (0.07), 66 (0.03)]
[2025-08-28 04:31:49] Winrate vs random2     :  85.8% | Σ-Reward:  5661.0 | Ø-Reward:  2.830 | Places: [1717 (0.86), 232 (0.12), 46 (0.02), 5 (0.00)]
[2025-08-28 04:31:49] Winrate vs single_only :  83.8% | Σ-Reward:  5591.0 | Ø-Reward:  2.796 | Places: [1675 (0.84), 250 (0.12), 66 (0.03), 9 (0.00)]
[2025-08-28 04:31:51] Timing @ep 340000: episode 22.4s | train 0.057s | eval 21.1s | plot 1.2s | save 0.001s | cum 5.64h
[2025-08-28 04:40:54] 
[2025-08-28 04:40:54] Benchmark @train_ep  350000 (bench_eps: 2000)
[2025-08-28 04:40:54] Macro Winrate          :  76.9%
[2025-08-28 04:40:54] Macro Ø-Reward         :  2.694
[2025-08-28 04:40:54] Winrate vs max_combo   :  65.4% | Σ-Reward:  4999.0 | Ø-Reward:  2.499 | Places: [1308 (0.65), 455 (0.23), 165 (0.08), 72 (0.04)]
[2025-08-28 04:40:54] Winrate vs random2     :  85.2% | Σ-Reward:  5665.0 | Ø-Reward:  2.833 | Places: [1704 (0.85), 263 (0.13), 27 (0.01), 6 (0.00)]
[2025-08-28 04:40:54] Winrate vs single_only :  80.0% | Σ-Reward:  5499.0 | Ø-Reward:  2.749 | Places: [1599 (0.80), 315 (0.16), 72 (0.04), 14 (0.01)]
[2025-08-28 04:40:55] Timing @ep 350000: episode 22.4s | train 0.045s | eval 21.1s | plot 1.2s | save 0.001s | cum 5.79h
[2025-08-28 04:50:00] 
[2025-08-28 04:50:00] Benchmark @train_ep  360000 (bench_eps: 2000)
[2025-08-28 04:50:00] Macro Winrate          :  78.5%
[2025-08-28 04:50:00] Macro Ø-Reward         :  2.714
[2025-08-28 04:50:00] Winrate vs max_combo   :  66.0% | Σ-Reward:  5025.0 | Ø-Reward:  2.513 | Places: [1320 (0.66), 458 (0.23), 149 (0.07), 73 (0.04)]
[2025-08-28 04:50:00] Winrate vs random2     :  86.0% | Σ-Reward:  5662.0 | Ø-Reward:  2.831 | Places: [1720 (0.86), 235 (0.12), 32 (0.02), 13 (0.01)]
[2025-08-28 04:50:00] Winrate vs single_only :  83.7% | Σ-Reward:  5599.0 | Ø-Reward:  2.800 | Places: [1673 (0.84), 261 (0.13), 58 (0.03), 8 (0.00)]
[2025-08-28 04:50:01] Timing @ep 360000: episode 23.3s | train 0.047s | eval 22.2s | plot 1.1s | save 0.002s | cum 5.94h
[2025-08-28 04:59:03] 
[2025-08-28 04:59:03] Benchmark @train_ep  370000 (bench_eps: 2000)
[2025-08-28 04:59:03] Macro Winrate          :  77.6%
[2025-08-28 04:59:03] Macro Ø-Reward         :  2.701
[2025-08-28 04:59:03] Winrate vs max_combo   :  67.0% | Σ-Reward:  5046.0 | Ø-Reward:  2.523 | Places: [1341 (0.67), 431 (0.22), 161 (0.08), 67 (0.03)]
[2025-08-28 04:59:03] Winrate vs random2     :  83.7% | Σ-Reward:  5613.0 | Ø-Reward:  2.807 | Places: [1674 (0.84), 273 (0.14), 45 (0.02), 8 (0.00)]
[2025-08-28 04:59:03] Winrate vs single_only :  82.0% | Σ-Reward:  5547.0 | Ø-Reward:  2.773 | Places: [1641 (0.82), 275 (0.14), 74 (0.04), 10 (0.01)]
[2025-08-28 04:59:05] Timing @ep 370000: episode 22.5s | train 0.085s | eval 21.2s | plot 1.2s | save 0.001s | cum 6.09h
[2025-08-28 05:08:09] 
[2025-08-28 05:08:09] Benchmark @train_ep  380000 (bench_eps: 2000)
[2025-08-28 05:08:09] Macro Winrate          :  80.1%
[2025-08-28 05:08:09] Macro Ø-Reward         :  2.728
[2025-08-28 05:08:09] Winrate vs max_combo   :  66.8% | Σ-Reward:  5026.0 | Ø-Reward:  2.513 | Places: [1337 (0.67), 431 (0.22), 153 (0.08), 79 (0.04)]
[2025-08-28 05:08:09] Winrate vs random2     :  87.3% | Σ-Reward:  5698.0 | Ø-Reward:  2.849 | Places: [1747 (0.87), 211 (0.11), 35 (0.02), 7 (0.00)]
[2025-08-28 05:08:09] Winrate vs single_only :  86.0% | Σ-Reward:  5641.0 | Ø-Reward:  2.821 | Places: [1721 (0.86), 210 (0.10), 58 (0.03), 11 (0.01)]
[2025-08-28 05:08:10] Timing @ep 380000: episode 23.5s | train 0.044s | eval 22.2s | plot 1.2s | save 0.001s | cum 6.25h
[2025-08-28 05:17:13] 
[2025-08-28 05:17:13] Benchmark @train_ep  390000 (bench_eps: 2000)
[2025-08-28 05:17:13] Macro Winrate          :  78.5%
[2025-08-28 05:17:13] Macro Ø-Reward         :  2.706
[2025-08-28 05:17:13] Winrate vs max_combo   :  64.7% | Σ-Reward:  4946.0 | Ø-Reward:  2.473 | Places: [1294 (0.65), 451 (0.23), 162 (0.08), 93 (0.05)]
[2025-08-28 05:17:13] Winrate vs random2     :  86.0% | Σ-Reward:  5663.0 | Ø-Reward:  2.832 | Places: [1721 (0.86), 235 (0.12), 30 (0.01), 14 (0.01)]
[2025-08-28 05:17:13] Winrate vs single_only :  84.8% | Σ-Reward:  5625.0 | Ø-Reward:  2.812 | Places: [1697 (0.85), 239 (0.12), 56 (0.03), 8 (0.00)]
[2025-08-28 05:17:14] Timing @ep 390000: episode 23.6s | train 0.051s | eval 22.5s | plot 1.1s | save 0.001s | cum 6.40h
[2025-08-28 05:26:20] 
[2025-08-28 05:26:20] Benchmark @train_ep  400000 (bench_eps: 2000)
[2025-08-28 05:26:20] Macro Winrate          :  78.8%
[2025-08-28 05:26:20] Macro Ø-Reward         :  2.722
[2025-08-28 05:26:20] Winrate vs max_combo   :  67.0% | Σ-Reward:  5065.0 | Ø-Reward:  2.533 | Places: [1341 (0.67), 444 (0.22), 154 (0.08), 61 (0.03)]
[2025-08-28 05:26:20] Winrate vs random2     :  86.9% | Σ-Reward:  5681.0 | Ø-Reward:  2.841 | Places: [1738 (0.87), 218 (0.11), 31 (0.02), 13 (0.01)]
[2025-08-28 05:26:20] Winrate vs single_only :  82.3% | Σ-Reward:  5585.0 | Ø-Reward:  2.792 | Places: [1647 (0.82), 297 (0.15), 50 (0.03), 6 (0.00)]
[2025-08-28 05:26:21] Timing @ep 400000: episode 23.0s | train 0.029s | eval 21.7s | plot 1.3s | save 0.001s | cum 6.55h
[2025-08-28 05:35:32] 
[2025-08-28 05:35:32] Benchmark @train_ep  410000 (bench_eps: 2000)
[2025-08-28 05:35:32] Macro Winrate          :  78.4%
[2025-08-28 05:35:32] Macro Ø-Reward         :  2.717
[2025-08-28 05:35:32] Winrate vs max_combo   :  65.5% | Σ-Reward:  5032.0 | Ø-Reward:  2.516 | Places: [1310 (0.66), 475 (0.24), 152 (0.08), 63 (0.03)]
[2025-08-28 05:35:32] Winrate vs random2     :  86.6% | Σ-Reward:  5680.0 | Ø-Reward:  2.840 | Places: [1732 (0.87), 225 (0.11), 34 (0.02), 9 (0.00)]
[2025-08-28 05:35:32] Winrate vs single_only :  83.0% | Σ-Reward:  5592.0 | Ø-Reward:  2.796 | Places: [1660 (0.83), 283 (0.14), 46 (0.02), 11 (0.01)]
[2025-08-28 05:35:33] Timing @ep 410000: episode 23.2s | train 0.043s | eval 22.0s | plot 1.2s | save 0.001s | cum 6.70h
[2025-08-28 05:44:39] 
[2025-08-28 05:44:39] Benchmark @train_ep  420000 (bench_eps: 2000)
[2025-08-28 05:44:39] Macro Winrate          :  79.9%
[2025-08-28 05:44:39] Macro Ø-Reward         :  2.740
[2025-08-28 05:44:39] Winrate vs max_combo   :  66.8% | Σ-Reward:  5073.0 | Ø-Reward:  2.537 | Places: [1336 (0.67), 458 (0.23), 149 (0.07), 57 (0.03)]
[2025-08-28 05:44:39] Winrate vs random2     :  87.0% | Σ-Reward:  5711.0 | Ø-Reward:  2.856 | Places: [1740 (0.87), 236 (0.12), 19 (0.01), 5 (0.00)]
[2025-08-28 05:44:39] Winrate vs single_only :  86.0% | Σ-Reward:  5655.0 | Ø-Reward:  2.828 | Places: [1719 (0.86), 228 (0.11), 42 (0.02), 11 (0.01)]
[2025-08-28 05:44:40] Timing @ep 420000: episode 23.5s | train 0.035s | eval 22.4s | plot 1.1s | save 0.001s | cum 6.85h
[2025-08-28 05:53:50] 
[2025-08-28 05:53:50] Benchmark @train_ep  430000 (bench_eps: 2000)
[2025-08-28 05:53:50] Macro Winrate          :  78.6%
[2025-08-28 05:53:50] Macro Ø-Reward         :  2.704
[2025-08-28 05:53:50] Winrate vs max_combo   :  66.5% | Σ-Reward:  5016.0 | Ø-Reward:  2.508 | Places: [1330 (0.67), 429 (0.21), 168 (0.08), 73 (0.04)]
[2025-08-28 05:53:50] Winrate vs random2     :  86.5% | Σ-Reward:  5665.0 | Ø-Reward:  2.833 | Places: [1731 (0.87), 214 (0.11), 44 (0.02), 11 (0.01)]
[2025-08-28 05:53:50] Winrate vs single_only :  82.8% | Σ-Reward:  5542.0 | Ø-Reward:  2.771 | Places: [1655 (0.83), 250 (0.12), 77 (0.04), 18 (0.01)]
[2025-08-28 05:53:51] Timing @ep 430000: episode 22.8s | train 0.043s | eval 21.6s | plot 1.2s | save 0.001s | cum 7.01h
[2025-08-28 06:02:58] 
[2025-08-28 06:02:58] Benchmark @train_ep  440000 (bench_eps: 2000)
[2025-08-28 06:02:58] Macro Winrate          :  78.3%
[2025-08-28 06:02:58] Macro Ø-Reward         :  2.705
[2025-08-28 06:02:58] Winrate vs max_combo   :  66.5% | Σ-Reward:  5009.0 | Ø-Reward:  2.505 | Places: [1329 (0.66), 425 (0.21), 172 (0.09), 74 (0.04)]
[2025-08-28 06:02:58] Winrate vs random2     :  85.0% | Σ-Reward:  5648.0 | Ø-Reward:  2.824 | Places: [1699 (0.85), 259 (0.13), 33 (0.02), 9 (0.00)]
[2025-08-28 06:02:58] Winrate vs single_only :  83.5% | Σ-Reward:  5572.0 | Ø-Reward:  2.786 | Places: [1671 (0.84), 249 (0.12), 61 (0.03), 19 (0.01)]
[2025-08-28 06:02:59] Timing @ep 440000: episode 22.5s | train 0.038s | eval 21.5s | plot 1.0s | save 0.001s | cum 7.16h
[2025-08-28 06:12:31] 
[2025-08-28 06:12:31] Benchmark @train_ep  450000 (bench_eps: 2000)
[2025-08-28 06:12:31] Macro Winrate          :  79.0%
[2025-08-28 06:12:31] Macro Ø-Reward         :  2.722
[2025-08-28 06:12:31] Winrate vs max_combo   :  67.7% | Σ-Reward:  5055.0 | Ø-Reward:  2.527 | Places: [1354 (0.68), 414 (0.21), 165 (0.08), 67 (0.03)]
[2025-08-28 06:12:31] Winrate vs random2     :  87.8% | Σ-Reward:  5703.0 | Ø-Reward:  2.852 | Places: [1755 (0.88), 203 (0.10), 32 (0.02), 10 (0.01)]
[2025-08-28 06:12:31] Winrate vs single_only :  81.5% | Σ-Reward:  5574.0 | Ø-Reward:  2.787 | Places: [1629 (0.81), 323 (0.16), 41 (0.02), 7 (0.00)]
[2025-08-28 06:12:32] Timing @ep 450000: episode 23.0s | train 0.044s | eval 21.9s | plot 1.0s | save 0.001s | cum 7.32h
[2025-08-28 06:21:53] 
[2025-08-28 06:21:53] Benchmark @train_ep  460000 (bench_eps: 2000)
[2025-08-28 06:21:53] Macro Winrate          :  80.7%
[2025-08-28 06:21:53] Macro Ø-Reward         :  2.748
[2025-08-28 06:21:53] Winrate vs max_combo   :  69.3% | Σ-Reward:  5134.0 | Ø-Reward:  2.567 | Places: [1387 (0.69), 426 (0.21), 121 (0.06), 66 (0.03)]
[2025-08-28 06:21:53] Winrate vs random2     :  87.2% | Σ-Reward:  5702.0 | Ø-Reward:  2.851 | Places: [1743 (0.87), 225 (0.11), 23 (0.01), 9 (0.00)]
[2025-08-28 06:21:53] Winrate vs single_only :  85.7% | Σ-Reward:  5650.0 | Ø-Reward:  2.825 | Places: [1714 (0.86), 234 (0.12), 40 (0.02), 12 (0.01)]
[2025-08-28 06:21:54] Timing @ep 460000: episode 21.9s | train 0.046s | eval 20.7s | plot 1.2s | save 0.002s | cum 7.47h
[2025-08-28 06:31:06] 
[2025-08-28 06:31:06] Benchmark @train_ep  470000 (bench_eps: 2000)
[2025-08-28 06:31:06] Macro Winrate          :  77.8%
[2025-08-28 06:31:06] Macro Ø-Reward         :  2.697
[2025-08-28 06:31:06] Winrate vs max_combo   :  65.0% | Σ-Reward:  4971.0 | Ø-Reward:  2.486 | Places: [1299 (0.65), 450 (0.23), 174 (0.09), 77 (0.04)]
[2025-08-28 06:31:06] Winrate vs random2     :  86.7% | Σ-Reward:  5653.0 | Ø-Reward:  2.826 | Places: [1734 (0.87), 205 (0.10), 41 (0.02), 20 (0.01)]
[2025-08-28 06:31:06] Winrate vs single_only :  81.8% | Σ-Reward:  5559.0 | Ø-Reward:  2.780 | Places: [1635 (0.82), 298 (0.15), 58 (0.03), 9 (0.00)]
[2025-08-28 06:31:07] Timing @ep 470000: episode 23.6s | train 0.043s | eval 22.6s | plot 1.0s | save 0.001s | cum 7.63h
[2025-08-28 06:40:19] 
[2025-08-28 06:40:19] Benchmark @train_ep  480000 (bench_eps: 2000)
[2025-08-28 06:40:19] Macro Winrate          :  79.5%
[2025-08-28 06:40:19] Macro Ø-Reward         :  2.735
[2025-08-28 06:40:19] Winrate vs max_combo   :  67.8% | Σ-Reward:  5106.0 | Ø-Reward:  2.553 | Places: [1355 (0.68), 453 (0.23), 135 (0.07), 57 (0.03)]
[2025-08-28 06:40:19] Winrate vs random2     :  86.8% | Σ-Reward:  5686.0 | Ø-Reward:  2.843 | Places: [1737 (0.87), 218 (0.11), 39 (0.02), 6 (0.00)]
[2025-08-28 06:40:19] Winrate vs single_only :  84.0% | Σ-Reward:  5616.0 | Ø-Reward:  2.808 | Places: [1680 (0.84), 265 (0.13), 46 (0.02), 9 (0.00)]
[2025-08-28 06:40:20] Timing @ep 480000: episode 22.6s | train 0.066s | eval 21.3s | plot 1.2s | save 0.001s | cum 7.78h
[2025-08-28 06:49:51] 
[2025-08-28 06:49:51] Benchmark @train_ep  490000 (bench_eps: 2000)
[2025-08-28 06:49:51] Macro Winrate          :  79.3%
[2025-08-28 06:49:51] Macro Ø-Reward         :  2.730
[2025-08-28 06:49:51] Winrate vs max_combo   :  67.2% | Σ-Reward:  5078.0 | Ø-Reward:  2.539 | Places: [1343 (0.67), 450 (0.23), 149 (0.07), 58 (0.03)]
[2025-08-28 06:49:51] Winrate vs random2     :  86.8% | Σ-Reward:  5694.0 | Ø-Reward:  2.847 | Places: [1737 (0.87), 228 (0.11), 27 (0.01), 8 (0.00)]
[2025-08-28 06:49:51] Winrate vs single_only :  83.8% | Σ-Reward:  5607.0 | Ø-Reward:  2.804 | Places: [1677 (0.84), 261 (0.13), 54 (0.03), 8 (0.00)]
[2025-08-28 06:49:52] Timing @ep 490000: episode 26.5s | train 0.052s | eval 25.2s | plot 1.3s | save 0.001s | cum 7.94h
[2025-08-28 07:00:10] 
[2025-08-28 07:00:10] Benchmark @train_ep  500000 (bench_eps: 2000)
[2025-08-28 07:00:10] Macro Winrate          :  77.9%
[2025-08-28 07:00:10] Macro Ø-Reward         :  2.696
[2025-08-28 07:00:10] Winrate vs max_combo   :  65.8% | Σ-Reward:  4965.0 | Ø-Reward:  2.482 | Places: [1315 (0.66), 432 (0.22), 156 (0.08), 97 (0.05)]
[2025-08-28 07:00:10] Winrate vs random2     :  84.7% | Σ-Reward:  5634.0 | Ø-Reward:  2.817 | Places: [1694 (0.85), 258 (0.13), 36 (0.02), 12 (0.01)]
[2025-08-28 07:00:10] Winrate vs single_only :  83.2% | Σ-Reward:  5576.0 | Ø-Reward:  2.788 | Places: [1663 (0.83), 260 (0.13), 67 (0.03), 10 (0.01)]
[2025-08-28 07:00:11] Timing @ep 500000: episode 23.2s | train 0.051s | eval 22.1s | plot 1.1s | save 0.002s | cum 8.11h
[2025-08-28 07:00:11] 
[2025-08-28 07:00:11] Gesamtzeit: 8.11h (~ 17.12 eps/s)
[2025-08-28 07:00:11] k1a2, Single Agent vs Heuristiken (max_combo). Training abgeschlossen.
[2025-08-28 07:00:11] Path: /home/wasterix/OpenSpiel/open_spiel/President/models/k1a2/model_02
