[2025-08-24 11:18:36] New Training (k1a1)
[2025-08-24 11:18:36] Deck_Size: 16
[2025-08-24 11:18:36] Episodes: 5000
[2025-08-24 11:18:36] Path: /home/wasterix/OpenSpiel/open_spiel/President/models/k1a1/model_75
[2025-08-24 11:18:47] 
[2025-08-24 11:18:47] Benchmark @train_ep    1000 (bench_eps: 500)
[2025-08-24 11:18:47] Macro Winrate          :  32.1%
[2025-08-24 11:18:47] Macro Ø-Reward         :  1.583
[2025-08-24 11:18:47] Winrate vs max_combo   :  25.8% | Σ-Reward:  682.0 | Ø-Reward:  1.364 | Places: [129 (0.26), 90 (0.18), 115 (0.23), 166 (0.33)]
[2025-08-24 11:18:47] Winrate vs random2     :  25.4% | Σ-Reward:  776.0 | Ø-Reward:  1.552 | Places: [127 (0.25), 134 (0.27), 127 (0.25), 112 (0.22)]
[2025-08-24 11:18:47] Winrate vs single_only :  45.0% | Σ-Reward:  917.0 | Ø-Reward:  1.834 | Places: [225 (0.45), 81 (0.16), 80 (0.16), 114 (0.23)]
[2025-08-24 11:18:50] Timing @ep 1000: episode 5.8s | train 0.002s | eval 3.2s | plot 2.6s | save 0.002s | cum 0.00h
[2025-08-24 11:18:59] 
[2025-08-24 11:18:59] Benchmark @train_ep    2000 (bench_eps: 500)
[2025-08-24 11:18:59] Macro Winrate          :  37.8%
[2025-08-24 11:18:59] Macro Ø-Reward         :  1.774
[2025-08-24 11:18:59] Winrate vs max_combo   :  25.2% | Σ-Reward:  712.0 | Ø-Reward:  1.424 | Places: [126 (0.25), 115 (0.23), 104 (0.21), 155 (0.31)]
[2025-08-24 11:18:59] Winrate vs random2     :  30.6% | Σ-Reward:  870.0 | Ø-Reward:  1.740 | Places: [153 (0.31), 135 (0.27), 141 (0.28), 71 (0.14)]
[2025-08-24 11:18:59] Winrate vs single_only :  57.6% | Σ-Reward:  1079.0 | Ø-Reward:  2.158 | Places: [288 (0.58), 64 (0.13), 87 (0.17), 61 (0.12)]
[2025-08-24 11:19:02] Timing @ep 2000: episode 6.3s | train 0.003s | eval 2.9s | plot 3.4s | save 0.002s | cum 0.01h
[2025-08-24 11:19:11] 
[2025-08-24 11:19:11] Benchmark @train_ep    3000 (bench_eps: 500)
[2025-08-24 11:19:11] Macro Winrate          :  37.8%
[2025-08-24 11:19:11] Macro Ø-Reward         :  1.727
[2025-08-24 11:19:11] Winrate vs max_combo   :  28.2% | Σ-Reward:  751.0 | Ø-Reward:  1.502 | Places: [141 (0.28), 112 (0.22), 104 (0.21), 143 (0.29)]
[2025-08-24 11:19:11] Winrate vs random2     :  32.0% | Σ-Reward:  845.0 | Ø-Reward:  1.690 | Places: [160 (0.32), 123 (0.25), 119 (0.24), 98 (0.20)]
[2025-08-24 11:19:11] Winrate vs single_only :  53.2% | Σ-Reward:  994.0 | Ø-Reward:  1.988 | Places: [266 (0.53), 52 (0.10), 92 (0.18), 90 (0.18)]
[2025-08-24 11:19:15] Timing @ep 3000: episode 6.7s | train 0.002s | eval 3.2s | plot 3.5s | save 0.002s | cum 0.01h
[2025-08-24 11:19:25] 
[2025-08-24 11:19:25] Benchmark @train_ep    4000 (bench_eps: 500)
[2025-08-24 11:19:25] Macro Winrate          :  38.1%
[2025-08-24 11:19:25] Macro Ø-Reward         :  1.777
[2025-08-24 11:19:25] Winrate vs max_combo   :  26.4% | Σ-Reward:  748.0 | Ø-Reward:  1.496 | Places: [132 (0.26), 119 (0.24), 114 (0.23), 135 (0.27)]
[2025-08-24 11:19:25] Winrate vs random2     :  33.0% | Σ-Reward:  863.0 | Ø-Reward:  1.726 | Places: [165 (0.33), 131 (0.26), 106 (0.21), 98 (0.20)]
[2025-08-24 11:19:25] Winrate vs single_only :  55.0% | Σ-Reward:  1054.0 | Ø-Reward:  2.108 | Places: [275 (0.55), 74 (0.15), 81 (0.16), 70 (0.14)]
[2025-08-24 11:19:28] Timing @ep 4000: episode 7.2s | train 0.003s | eval 3.3s | plot 3.8s | save 0.001s | cum 0.01h
[2025-08-24 11:19:38] 
[2025-08-24 11:19:38] Benchmark @train_ep    5000 (bench_eps: 500)
[2025-08-24 11:19:38] Macro Winrate          :  39.7%
[2025-08-24 11:19:38] Macro Ø-Reward         :  1.878
[2025-08-24 11:19:38] Winrate vs max_combo   :  31.2% | Σ-Reward:  835.0 | Ø-Reward:  1.670 | Places: [156 (0.31), 130 (0.26), 107 (0.21), 107 (0.21)]
[2025-08-24 11:19:38] Winrate vs random2     :  32.2% | Σ-Reward:  908.0 | Ø-Reward:  1.816 | Places: [161 (0.32), 159 (0.32), 107 (0.21), 73 (0.15)]
[2025-08-24 11:19:38] Winrate vs single_only :  55.8% | Σ-Reward:  1074.0 | Ø-Reward:  2.148 | Places: [279 (0.56), 74 (0.15), 89 (0.18), 58 (0.12)]
[2025-08-24 11:19:42] Timing @ep 5000: episode 7.1s | train 0.003s | eval 3.0s | plot 4.1s | save 0.002s | cum 0.02h
[2025-08-24 11:19:42] 
[2025-08-24 11:19:42] Gesamtzeit: 0.02h (~ 77.22 eps/s)
[2025-08-24 11:19:42] k1a1, Single Agent vs Heuristiken (max_combo). Training abgeschlossen.
[2025-08-24 11:19:42] Path: /home/wasterix/OpenSpiel/open_spiel/President/models/k1a1/model_75
