[2025-09-20 15:58:24] New Training (k1a1)
[2025-09-20 15:58:24] Deck_Size: 64
[2025-09-20 15:58:24] Episodes: 1000000
[2025-09-20 15:58:24] Path: /home/wasterix/OpenSpiel/open_spiel/President/models/k1a1/model_57
[2025-09-20 16:01:20] 
[2025-09-20 16:01:20] Benchmark @train_ep   10000 (bench_eps: 2000)
[2025-09-20 16:01:20] Macro Winrate          :  57.9%
[2025-09-20 16:01:20] Macro Ø-Reward         :  2.225
[2025-09-20 16:01:20] Winrate vs max_combo   :  22.7% | Σ-Reward:  2828.0 | Ø-Reward:  1.414 | Places: [454 (0.23), 473 (0.24), 520 (0.26), 553 (0.28)]
[2025-09-20 16:01:20] Winrate vs random2     :  61.6% | Σ-Reward:  4830.0 | Ø-Reward:  2.415 | Places: [1233 (0.62), 458 (0.23), 215 (0.11), 94 (0.05)]
[2025-09-20 16:01:20] Winrate vs single_only :  89.4% | Σ-Reward:  5692.0 | Ø-Reward:  2.846 | Places: [1788 (0.89), 130 (0.07), 68 (0.03), 14 (0.01)]
[2025-09-20 16:01:23] Timing @ep 10000: episode 35.9s | train 0.003s | eval 32.8s | plot 3.0s | save 0.004s | cum 0.05h
[2025-09-20 16:04:08] 
[2025-09-20 16:04:08] Benchmark @train_ep   20000 (bench_eps: 2000)
[2025-09-20 16:04:08] Macro Winrate          :  58.2%
[2025-09-20 16:04:08] Macro Ø-Reward         :  2.251
[2025-09-20 16:04:08] Winrate vs max_combo   :  24.4% | Σ-Reward:  2921.0 | Ø-Reward:  1.460 | Places: [489 (0.24), 473 (0.24), 508 (0.25), 530 (0.27)]
[2025-09-20 16:04:08] Winrate vs random2     :  66.2% | Σ-Reward:  5037.0 | Ø-Reward:  2.518 | Places: [1323 (0.66), 460 (0.23), 148 (0.07), 69 (0.03)]
[2025-09-20 16:04:08] Winrate vs single_only :  83.9% | Σ-Reward:  5545.0 | Ø-Reward:  2.772 | Places: [1678 (0.84), 213 (0.11), 85 (0.04), 24 (0.01)]
[2025-09-20 16:04:11] Timing @ep 20000: episode 37.4s | train 0.003s | eval 33.9s | plot 3.5s | save 0.001s | cum 0.10h
[2025-09-20 16:06:53] 
[2025-09-20 16:06:53] Benchmark @train_ep   30000 (bench_eps: 2000)
[2025-09-20 16:06:53] Macro Winrate          :  59.9%
[2025-09-20 16:06:53] Macro Ø-Reward         :  2.257
[2025-09-20 16:06:53] Winrate vs max_combo   :  22.7% | Σ-Reward:  2834.0 | Ø-Reward:  1.417 | Places: [454 (0.23), 447 (0.22), 578 (0.29), 521 (0.26)]
[2025-09-20 16:06:53] Winrate vs random2     :  66.2% | Σ-Reward:  4968.0 | Ø-Reward:  2.484 | Places: [1324 (0.66), 412 (0.21), 172 (0.09), 92 (0.05)]
[2025-09-20 16:06:53] Winrate vs single_only :  90.8% | Σ-Reward:  5741.0 | Ø-Reward:  2.870 | Places: [1815 (0.91), 127 (0.06), 42 (0.02), 16 (0.01)]
[2025-09-20 16:06:57] Timing @ep 30000: episode 35.8s | train 0.003s | eval 31.8s | plot 4.0s | save 0.001s | cum 0.14h
[2025-09-20 16:09:39] 
[2025-09-20 16:09:39] Benchmark @train_ep   40000 (bench_eps: 2000)
[2025-09-20 16:09:39] Macro Winrate          :  57.0%
[2025-09-20 16:09:39] Macro Ø-Reward         :  2.179
[2025-09-20 16:09:39] Winrate vs max_combo   :  20.2% | Σ-Reward:  2589.0 | Ø-Reward:  1.294 | Places: [404 (0.20), 426 (0.21), 525 (0.26), 645 (0.32)]
[2025-09-20 16:09:39] Winrate vs random2     :  61.3% | Σ-Reward:  4820.0 | Ø-Reward:  2.410 | Places: [1226 (0.61), 462 (0.23), 218 (0.11), 94 (0.05)]
[2025-09-20 16:09:39] Winrate vs single_only :  89.4% | Σ-Reward:  5666.0 | Ø-Reward:  2.833 | Places: [1788 (0.89), 122 (0.06), 58 (0.03), 32 (0.02)]
[2025-09-20 16:09:44] Timing @ep 40000: episode 37.2s | train 0.003s | eval 32.7s | plot 4.5s | save 0.001s | cum 0.19h
[2025-09-20 16:12:24] 
[2025-09-20 16:12:24] Benchmark @train_ep   50000 (bench_eps: 2000)
[2025-09-20 16:12:24] Macro Winrate          :  59.8%
[2025-09-20 16:12:24] Macro Ø-Reward         :  2.248
[2025-09-20 16:12:24] Winrate vs max_combo   :  23.4% | Σ-Reward:  2855.0 | Ø-Reward:  1.427 | Places: [467 (0.23), 470 (0.23), 514 (0.26), 549 (0.27)]
[2025-09-20 16:12:24] Winrate vs random2     :  65.7% | Σ-Reward:  4931.0 | Ø-Reward:  2.466 | Places: [1313 (0.66), 397 (0.20), 198 (0.10), 92 (0.05)]
[2025-09-20 16:12:24] Winrate vs single_only :  90.4% | Σ-Reward:  5702.0 | Ø-Reward:  2.851 | Places: [1808 (0.90), 110 (0.06), 58 (0.03), 24 (0.01)]
[2025-09-20 16:12:30] Timing @ep 50000: episode 37.3s | train 0.003s | eval 31.5s | plot 5.8s | save 0.001s | cum 0.23h
[2025-09-20 16:15:12] 
[2025-09-20 16:15:12] Benchmark @train_ep   60000 (bench_eps: 2000)
[2025-09-20 16:15:12] Macro Winrate          :  59.9%
[2025-09-20 16:15:12] Macro Ø-Reward         :  2.264
[2025-09-20 16:15:12] Winrate vs max_combo   :  23.5% | Σ-Reward:  2903.0 | Ø-Reward:  1.452 | Places: [470 (0.23), 471 (0.24), 551 (0.28), 508 (0.25)]
[2025-09-20 16:15:12] Winrate vs random2     :  64.8% | Σ-Reward:  4939.0 | Ø-Reward:  2.470 | Places: [1296 (0.65), 441 (0.22), 169 (0.08), 94 (0.05)]
[2025-09-20 16:15:12] Winrate vs single_only :  91.5% | Σ-Reward:  5741.0 | Ø-Reward:  2.870 | Places: [1831 (0.92), 100 (0.05), 48 (0.02), 21 (0.01)]
[2025-09-20 16:15:18] Timing @ep 60000: episode 38.9s | train 0.003s | eval 32.5s | plot 6.4s | save 0.001s | cum 0.28h
[2025-09-20 16:17:59] 
[2025-09-20 16:17:59] Benchmark @train_ep   70000 (bench_eps: 2000)
[2025-09-20 16:17:59] Macro Winrate          :  59.1%
[2025-09-20 16:17:59] Macro Ø-Reward         :  2.237
[2025-09-20 16:17:59] Winrate vs max_combo   :  24.4% | Σ-Reward:  2867.0 | Ø-Reward:  1.433 | Places: [487 (0.24), 470 (0.23), 466 (0.23), 577 (0.29)]
[2025-09-20 16:17:59] Winrate vs random2     :  64.0% | Σ-Reward:  4864.0 | Ø-Reward:  2.432 | Places: [1280 (0.64), 423 (0.21), 178 (0.09), 119 (0.06)]
[2025-09-20 16:17:59] Winrate vs single_only :  89.1% | Σ-Reward:  5691.0 | Ø-Reward:  2.845 | Places: [1782 (0.89), 148 (0.07), 49 (0.02), 21 (0.01)]
[2025-09-20 16:18:07] Timing @ep 70000: episode 39.7s | train 0.003s | eval 32.4s | plot 7.3s | save 0.001s | cum 0.33h
[2025-09-20 16:20:48] 
[2025-09-20 16:20:48] Benchmark @train_ep   80000 (bench_eps: 2000)
[2025-09-20 16:20:48] Macro Winrate          :  58.2%
[2025-09-20 16:20:48] Macro Ø-Reward         :  2.207
[2025-09-20 16:20:48] Winrate vs max_combo   :  23.9% | Σ-Reward:  2821.0 | Ø-Reward:  1.411 | Places: [477 (0.24), 454 (0.23), 482 (0.24), 587 (0.29)]
[2025-09-20 16:20:48] Winrate vs random2     :  60.1% | Σ-Reward:  4715.0 | Ø-Reward:  2.357 | Places: [1203 (0.60), 442 (0.22), 222 (0.11), 133 (0.07)]
[2025-09-20 16:20:48] Winrate vs single_only :  90.6% | Σ-Reward:  5708.0 | Ø-Reward:  2.854 | Places: [1812 (0.91), 108 (0.05), 56 (0.03), 24 (0.01)]
[2025-09-20 16:20:56] Timing @ep 80000: episode 40.2s | train 0.003s | eval 32.6s | plot 7.6s | save 0.001s | cum 0.38h
[2025-09-20 16:23:36] 
[2025-09-20 16:23:36] Benchmark @train_ep   90000 (bench_eps: 2000)
[2025-09-20 16:23:36] Macro Winrate          :  61.6%
[2025-09-20 16:23:36] Macro Ø-Reward         :  2.304
[2025-09-20 16:23:36] Winrate vs max_combo   :  25.6% | Σ-Reward:  3004.0 | Ø-Reward:  1.502 | Places: [512 (0.26), 489 (0.24), 490 (0.24), 509 (0.25)]
[2025-09-20 16:23:36] Winrate vs random2     :  68.2% | Σ-Reward:  5088.0 | Ø-Reward:  2.544 | Places: [1363 (0.68), 412 (0.21), 175 (0.09), 50 (0.03)]
[2025-09-20 16:23:36] Winrate vs single_only :  91.2% | Σ-Reward:  5733.0 | Ø-Reward:  2.866 | Places: [1823 (0.91), 108 (0.05), 48 (0.02), 21 (0.01)]
[2025-09-20 16:23:43] Timing @ep 90000: episode 38.7s | train 0.003s | eval 31.6s | plot 7.1s | save 0.001s | cum 0.42h
[2025-09-20 16:26:24] 
[2025-09-20 16:26:24] Benchmark @train_ep  100000 (bench_eps: 2000)
[2025-09-20 16:26:24] Macro Winrate          :  60.4%
[2025-09-20 16:26:24] Macro Ø-Reward         :  2.286
[2025-09-20 16:26:24] Winrate vs max_combo   :  24.0% | Σ-Reward:  2950.0 | Ø-Reward:  1.475 | Places: [480 (0.24), 511 (0.26), 488 (0.24), 521 (0.26)]
[2025-09-20 16:26:24] Winrate vs random2     :  66.7% | Σ-Reward:  5070.0 | Ø-Reward:  2.535 | Places: [1333 (0.67), 454 (0.23), 163 (0.08), 50 (0.03)]
[2025-09-20 16:26:24] Winrate vs single_only :  90.7% | Σ-Reward:  5698.0 | Ø-Reward:  2.849 | Places: [1813 (0.91), 95 (0.05), 69 (0.03), 23 (0.01)]
[2025-09-20 16:26:31] Timing @ep 100000: episode 38.5s | train 0.003s | eval 31.0s | plot 7.5s | save 0.001s | cum 0.47h
[2025-09-20 16:29:13] 
[2025-09-20 16:29:13] Benchmark @train_ep  110000 (bench_eps: 2000)
[2025-09-20 16:29:13] Macro Winrate          :  59.8%
[2025-09-20 16:29:13] Macro Ø-Reward         :  2.237
[2025-09-20 16:29:13] Winrate vs max_combo   :  24.2% | Σ-Reward:  2814.0 | Ø-Reward:  1.407 | Places: [484 (0.24), 431 (0.22), 500 (0.25), 585 (0.29)]
[2025-09-20 16:29:13] Winrate vs random2     :  63.2% | Σ-Reward:  4862.0 | Ø-Reward:  2.431 | Places: [1264 (0.63), 439 (0.22), 192 (0.10), 105 (0.05)]
[2025-09-20 16:29:13] Winrate vs single_only :  92.0% | Σ-Reward:  5749.0 | Ø-Reward:  2.874 | Places: [1840 (0.92), 90 (0.04), 49 (0.02), 21 (0.01)]
[2025-09-20 16:29:20] Timing @ep 110000: episode 39.0s | train 0.003s | eval 31.2s | plot 7.8s | save 0.001s | cum 0.52h
[2025-09-20 16:32:02] 
[2025-09-20 16:32:02] Benchmark @train_ep  120000 (bench_eps: 2000)
[2025-09-20 16:32:02] Macro Winrate          :  60.4%
[2025-09-20 16:32:02] Macro Ø-Reward         :  2.263
[2025-09-20 16:32:02] Winrate vs max_combo   :  25.9% | Σ-Reward:  2957.0 | Ø-Reward:  1.478 | Places: [517 (0.26), 461 (0.23), 484 (0.24), 538 (0.27)]
[2025-09-20 16:32:02] Winrate vs random2     :  61.4% | Σ-Reward:  4819.0 | Ø-Reward:  2.409 | Places: [1228 (0.61), 459 (0.23), 217 (0.11), 96 (0.05)]
[2025-09-20 16:32:02] Winrate vs single_only :  94.0% | Σ-Reward:  5803.0 | Ø-Reward:  2.901 | Places: [1881 (0.94), 57 (0.03), 46 (0.02), 16 (0.01)]
[2025-09-20 16:32:11] Timing @ep 120000: episode 39.7s | train 0.003s | eval 31.2s | plot 8.5s | save 0.001s | cum 0.56h
[2025-09-20 16:34:53] 
[2025-09-20 16:34:53] Benchmark @train_ep  130000 (bench_eps: 2000)
[2025-09-20 16:34:53] Macro Winrate          :  60.3%
[2025-09-20 16:34:53] Macro Ø-Reward         :  2.264
[2025-09-20 16:34:53] Winrate vs max_combo   :  25.4% | Σ-Reward:  2952.0 | Ø-Reward:  1.476 | Places: [509 (0.25), 465 (0.23), 495 (0.25), 531 (0.27)]
[2025-09-20 16:34:53] Winrate vs random2     :  63.9% | Σ-Reward:  4892.0 | Ø-Reward:  2.446 | Places: [1278 (0.64), 430 (0.21), 198 (0.10), 94 (0.05)]
[2025-09-20 16:34:53] Winrate vs single_only :  91.5% | Σ-Reward:  5742.0 | Ø-Reward:  2.871 | Places: [1829 (0.91), 102 (0.05), 51 (0.03), 18 (0.01)]
[2025-09-20 16:35:02] Timing @ep 130000: episode 40.4s | train 0.003s | eval 31.4s | plot 8.9s | save 0.001s | cum 0.61h
[2025-09-20 16:37:46] 
[2025-09-20 16:37:46] Benchmark @train_ep  140000 (bench_eps: 2000)
[2025-09-20 16:37:46] Macro Winrate          :  58.7%
[2025-09-20 16:37:46] Macro Ø-Reward         :  2.241
[2025-09-20 16:37:46] Winrate vs max_combo   :  23.7% | Σ-Reward:  2895.0 | Ø-Reward:  1.448 | Places: [474 (0.24), 500 (0.25), 473 (0.24), 553 (0.28)]
[2025-09-20 16:37:46] Winrate vs random2     :  63.2% | Σ-Reward:  4862.0 | Ø-Reward:  2.431 | Places: [1265 (0.63), 443 (0.22), 181 (0.09), 111 (0.06)]
[2025-09-20 16:37:46] Winrate vs single_only :  89.2% | Σ-Reward:  5688.0 | Ø-Reward:  2.844 | Places: [1785 (0.89), 129 (0.06), 75 (0.04), 11 (0.01)]
[2025-09-20 16:37:56] Timing @ep 140000: episode 42.4s | train 0.004s | eval 32.8s | plot 9.6s | save 0.001s | cum 0.66h
[2025-09-20 16:40:39] 
[2025-09-20 16:40:39] Benchmark @train_ep  150000 (bench_eps: 2000)
[2025-09-20 16:40:39] Macro Winrate          :  60.3%
[2025-09-20 16:40:39] Macro Ø-Reward         :  2.258
[2025-09-20 16:40:39] Winrate vs max_combo   :  22.4% | Σ-Reward:  2824.0 | Ø-Reward:  1.412 | Places: [448 (0.22), 475 (0.24), 530 (0.27), 547 (0.27)]
[2025-09-20 16:40:39] Winrate vs random2     :  65.8% | Σ-Reward:  4946.0 | Ø-Reward:  2.473 | Places: [1315 (0.66), 406 (0.20), 189 (0.09), 90 (0.04)]
[2025-09-20 16:40:39] Winrate vs single_only :  92.8% | Σ-Reward:  5780.0 | Ø-Reward:  2.890 | Places: [1855 (0.93), 86 (0.04), 43 (0.02), 16 (0.01)]
[2025-09-20 16:40:49] Timing @ep 150000: episode 41.4s | train 0.004s | eval 31.4s | plot 10.0s | save 0.001s | cum 0.71h
[2025-09-20 16:43:33] 
[2025-09-20 16:43:33] Benchmark @train_ep  160000 (bench_eps: 2000)
[2025-09-20 16:43:33] Macro Winrate          :  59.9%
[2025-09-20 16:43:33] Macro Ø-Reward         :  2.274
[2025-09-20 16:43:33] Winrate vs max_combo   :  25.1% | Σ-Reward:  2986.0 | Ø-Reward:  1.493 | Places: [503 (0.25), 487 (0.24), 503 (0.25), 507 (0.25)]
[2025-09-20 16:43:33] Winrate vs random2     :  68.0% | Σ-Reward:  5053.0 | Ø-Reward:  2.526 | Places: [1359 (0.68), 400 (0.20), 176 (0.09), 65 (0.03)]
[2025-09-20 16:43:33] Winrate vs single_only :  86.6% | Σ-Reward:  5606.0 | Ø-Reward:  2.803 | Places: [1732 (0.87), 162 (0.08), 86 (0.04), 20 (0.01)]
[2025-09-20 16:43:44] Timing @ep 160000: episode 42.2s | train 0.003s | eval 31.7s | plot 10.4s | save 0.001s | cum 0.76h
[2025-09-20 16:46:27] 
[2025-09-20 16:46:27] Benchmark @train_ep  170000 (bench_eps: 2000)
[2025-09-20 16:46:27] Macro Winrate          :  60.4%
[2025-09-20 16:46:27] Macro Ø-Reward         :  2.280
[2025-09-20 16:46:27] Winrate vs max_combo   :  25.4% | Σ-Reward:  3004.0 | Ø-Reward:  1.502 | Places: [507 (0.25), 496 (0.25), 491 (0.25), 506 (0.25)]
[2025-09-20 16:46:27] Winrate vs random2     :  63.8% | Σ-Reward:  4916.0 | Ø-Reward:  2.458 | Places: [1276 (0.64), 446 (0.22), 196 (0.10), 82 (0.04)]
[2025-09-20 16:46:27] Winrate vs single_only :  92.0% | Σ-Reward:  5761.0 | Ø-Reward:  2.881 | Places: [1841 (0.92), 97 (0.05), 44 (0.02), 18 (0.01)]
[2025-09-20 16:46:38] Timing @ep 170000: episode 44.0s | train 0.003s | eval 32.9s | plot 11.1s | save 0.001s | cum 0.80h
[2025-09-20 16:49:21] 
[2025-09-20 16:49:21] Benchmark @train_ep  180000 (bench_eps: 2000)
[2025-09-20 16:49:21] Macro Winrate          :  61.2%
[2025-09-20 16:49:21] Macro Ø-Reward         :  2.313
[2025-09-20 16:49:21] Winrate vs max_combo   :  26.9% | Σ-Reward:  3126.0 | Ø-Reward:  1.563 | Places: [537 (0.27), 519 (0.26), 477 (0.24), 467 (0.23)]
[2025-09-20 16:49:21] Winrate vs random2     :  66.5% | Σ-Reward:  5020.0 | Ø-Reward:  2.510 | Places: [1329 (0.66), 423 (0.21), 187 (0.09), 61 (0.03)]
[2025-09-20 16:49:21] Winrate vs single_only :  90.4% | Σ-Reward:  5733.0 | Ø-Reward:  2.866 | Places: [1808 (0.90), 130 (0.07), 49 (0.02), 13 (0.01)]
[2025-09-20 16:49:33] Timing @ep 180000: episode 43.6s | train 0.003s | eval 32.1s | plot 11.5s | save 0.002s | cum 0.85h
[2025-09-20 16:52:16] 
[2025-09-20 16:52:16] Benchmark @train_ep  190000 (bench_eps: 2000)
[2025-09-20 16:52:16] Macro Winrate          :  60.3%
[2025-09-20 16:52:16] Macro Ø-Reward         :  2.280
[2025-09-20 16:52:16] Winrate vs max_combo   :  25.6% | Σ-Reward:  3026.0 | Ø-Reward:  1.513 | Places: [511 (0.26), 502 (0.25), 489 (0.24), 498 (0.25)]
[2025-09-20 16:52:16] Winrate vs random2     :  66.0% | Σ-Reward:  4968.0 | Ø-Reward:  2.484 | Places: [1321 (0.66), 404 (0.20), 197 (0.10), 78 (0.04)]
[2025-09-20 16:52:16] Winrate vs single_only :  89.3% | Σ-Reward:  5688.0 | Ø-Reward:  2.844 | Places: [1786 (0.89), 135 (0.07), 60 (0.03), 19 (0.01)]
[2025-09-20 16:52:28] Timing @ep 190000: episode 45.0s | train 0.003s | eval 33.0s | plot 12.0s | save 0.001s | cum 0.90h
[2025-09-20 16:55:12] 
[2025-09-20 16:55:12] Benchmark @train_ep  200000 (bench_eps: 2000)
[2025-09-20 16:55:12] Macro Winrate          :  63.2%
[2025-09-20 16:55:12] Macro Ø-Reward         :  2.341
[2025-09-20 16:55:12] Winrate vs max_combo   :  29.1% | Σ-Reward:  3209.0 | Ø-Reward:  1.605 | Places: [582 (0.29), 501 (0.25), 461 (0.23), 456 (0.23)]
[2025-09-20 16:55:12] Winrate vs random2     :  68.0% | Σ-Reward:  5069.0 | Ø-Reward:  2.534 | Places: [1361 (0.68), 415 (0.21), 156 (0.08), 68 (0.03)]
[2025-09-20 16:55:12] Winrate vs single_only :  92.3% | Σ-Reward:  5767.0 | Ø-Reward:  2.884 | Places: [1847 (0.92), 86 (0.04), 54 (0.03), 13 (0.01)]
[2025-09-20 16:55:25] Timing @ep 200000: episode 44.5s | train 0.006s | eval 31.8s | plot 12.6s | save 0.001s | cum 0.95h
[2025-09-20 16:58:07] 
[2025-09-20 16:58:07] Benchmark @train_ep  210000 (bench_eps: 2000)
[2025-09-20 16:58:07] Macro Winrate          :  60.5%
[2025-09-20 16:58:07] Macro Ø-Reward         :  2.272
[2025-09-20 16:58:07] Winrate vs max_combo   :  25.5% | Σ-Reward:  2995.0 | Ø-Reward:  1.498 | Places: [510 (0.26), 489 (0.24), 487 (0.24), 514 (0.26)]
[2025-09-20 16:58:07] Winrate vs random2     :  62.5% | Σ-Reward:  4814.0 | Ø-Reward:  2.407 | Places: [1250 (0.62), 430 (0.21), 204 (0.10), 116 (0.06)]
[2025-09-20 16:58:07] Winrate vs single_only :  93.6% | Σ-Reward:  5826.0 | Ø-Reward:  2.913 | Places: [1872 (0.94), 89 (0.04), 32 (0.02), 7 (0.00)]
[2025-09-20 16:58:20] Timing @ep 210000: episode 44.1s | train 0.003s | eval 31.2s | plot 12.9s | save 0.001s | cum 1.00h
[2025-09-20 17:01:01] 
[2025-09-20 17:01:01] Benchmark @train_ep  220000 (bench_eps: 2000)
[2025-09-20 17:01:01] Macro Winrate          :  60.0%
[2025-09-20 17:01:01] Macro Ø-Reward         :  2.260
[2025-09-20 17:01:01] Winrate vs max_combo   :  24.9% | Σ-Reward:  2950.0 | Ø-Reward:  1.475 | Places: [499 (0.25), 492 (0.25), 469 (0.23), 540 (0.27)]
[2025-09-20 17:01:01] Winrate vs random2     :  62.5% | Σ-Reward:  4837.0 | Ø-Reward:  2.418 | Places: [1250 (0.62), 446 (0.22), 195 (0.10), 109 (0.05)]
[2025-09-20 17:01:01] Winrate vs single_only :  92.5% | Σ-Reward:  5772.0 | Ø-Reward:  2.886 | Places: [1851 (0.93), 88 (0.04), 43 (0.02), 18 (0.01)]
[2025-09-20 17:01:15] Timing @ep 220000: episode 44.8s | train 0.003s | eval 31.2s | plot 13.6s | save 0.001s | cum 1.05h
[2025-09-20 17:03:57] 
[2025-09-20 17:03:57] Benchmark @train_ep  230000 (bench_eps: 2000)
[2025-09-20 17:03:57] Macro Winrate          :  60.4%
[2025-09-20 17:03:57] Macro Ø-Reward         :  2.248
[2025-09-20 17:03:57] Winrate vs max_combo   :  24.9% | Σ-Reward:  2850.0 | Ø-Reward:  1.425 | Places: [497 (0.25), 440 (0.22), 479 (0.24), 584 (0.29)]
[2025-09-20 17:03:57] Winrate vs random2     :  62.6% | Σ-Reward:  4838.0 | Ø-Reward:  2.419 | Places: [1253 (0.63), 431 (0.22), 217 (0.11), 99 (0.05)]
[2025-09-20 17:03:57] Winrate vs single_only :  93.6% | Σ-Reward:  5802.0 | Ø-Reward:  2.901 | Places: [1872 (0.94), 70 (0.04), 46 (0.02), 12 (0.01)]
[2025-09-20 17:04:10] Timing @ep 230000: episode 44.8s | train 0.003s | eval 30.9s | plot 13.9s | save 0.001s | cum 1.10h
[2025-09-20 17:06:59] 
[2025-09-20 17:06:59] Benchmark @train_ep  240000 (bench_eps: 2000)
[2025-09-20 17:06:59] Macro Winrate          :  62.2%
[2025-09-20 17:06:59] Macro Ø-Reward         :  2.315
[2025-09-20 17:06:59] Winrate vs max_combo   :  29.4% | Σ-Reward:  3266.0 | Ø-Reward:  1.633 | Places: [587 (0.29), 517 (0.26), 471 (0.24), 425 (0.21)]
[2025-09-20 17:06:59] Winrate vs random2     :  67.9% | Σ-Reward:  5015.0 | Ø-Reward:  2.507 | Places: [1358 (0.68), 397 (0.20), 147 (0.07), 98 (0.05)]
[2025-09-20 17:06:59] Winrate vs single_only :  89.3% | Σ-Reward:  5610.0 | Ø-Reward:  2.805 | Places: [1786 (0.89), 88 (0.04), 76 (0.04), 50 (0.03)]
[2025-09-20 17:07:18] Timing @ep 240000: episode 50.3s | train 0.003s | eval 31.4s | plot 19.0s | save 0.001s | cum 1.15h
[2025-09-20 17:10:02] 
[2025-09-20 17:10:02] Benchmark @train_ep  250000 (bench_eps: 2000)
[2025-09-20 17:10:02] Macro Winrate          :  65.1%
[2025-09-20 17:10:02] Macro Ø-Reward         :  2.379
[2025-09-20 17:10:02] Winrate vs max_combo   :  30.2% | Σ-Reward:  3325.0 | Ø-Reward:  1.663 | Places: [605 (0.30), 521 (0.26), 468 (0.23), 406 (0.20)]
[2025-09-20 17:10:02] Winrate vs random2     :  72.7% | Σ-Reward:  5203.0 | Ø-Reward:  2.602 | Places: [1454 (0.73), 351 (0.18), 139 (0.07), 56 (0.03)]
[2025-09-20 17:10:02] Winrate vs single_only :  92.2% | Σ-Reward:  5744.0 | Ø-Reward:  2.872 | Places: [1845 (0.92), 75 (0.04), 59 (0.03), 21 (0.01)]
[2025-09-20 17:10:22] Timing @ep 250000: episode 50.9s | train 0.003s | eval 31.2s | plot 19.7s | save 0.001s | cum 1.20h
[2025-09-20 17:13:03] 
[2025-09-20 17:13:03] Benchmark @train_ep  260000 (bench_eps: 2000)
[2025-09-20 17:13:03] Macro Winrate          :  59.7%
[2025-09-20 17:13:03] Macro Ø-Reward         :  2.251
[2025-09-20 17:13:03] Winrate vs max_combo   :  26.2% | Σ-Reward:  2954.0 | Ø-Reward:  1.477 | Places: [525 (0.26), 446 (0.22), 487 (0.24), 542 (0.27)]
[2025-09-20 17:13:03] Winrate vs random2     :  62.9% | Σ-Reward:  4855.0 | Ø-Reward:  2.428 | Places: [1257 (0.63), 440 (0.22), 204 (0.10), 99 (0.05)]
[2025-09-20 17:13:03] Winrate vs single_only :  90.0% | Σ-Reward:  5696.0 | Ø-Reward:  2.848 | Places: [1801 (0.90), 117 (0.06), 59 (0.03), 23 (0.01)]
[2025-09-20 17:13:24] Timing @ep 260000: episode 52.6s | train 0.003s | eval 32.4s | plot 20.2s | save 0.002s | cum 1.25h
[2025-09-20 17:16:06] 
[2025-09-20 17:16:06] Benchmark @train_ep  270000 (bench_eps: 2000)
[2025-09-20 17:16:06] Macro Winrate          :  61.9%
[2025-09-20 17:16:06] Macro Ø-Reward         :  2.299
[2025-09-20 17:16:06] Winrate vs max_combo   :  27.9% | Σ-Reward:  3193.0 | Ø-Reward:  1.597 | Places: [559 (0.28), 518 (0.26), 480 (0.24), 443 (0.22)]
[2025-09-20 17:16:06] Winrate vs random2     :  67.8% | Σ-Reward:  4949.0 | Ø-Reward:  2.474 | Places: [1357 (0.68), 364 (0.18), 150 (0.07), 129 (0.06)]
[2025-09-20 17:16:06] Winrate vs single_only :  90.0% | Σ-Reward:  5654.0 | Ø-Reward:  2.827 | Places: [1801 (0.90), 87 (0.04), 77 (0.04), 35 (0.02)]
[2025-09-20 17:16:27] Timing @ep 270000: episode 52.9s | train 0.003s | eval 31.7s | plot 21.1s | save 0.001s | cum 1.30h
[2025-09-20 17:19:09] 
[2025-09-20 17:19:09] Benchmark @train_ep  280000 (bench_eps: 2000)
[2025-09-20 17:19:09] Macro Winrate          :  61.7%
[2025-09-20 17:19:09] Macro Ø-Reward         :  2.326
[2025-09-20 17:19:09] Winrate vs max_combo   :  30.4% | Σ-Reward:  3357.0 | Ø-Reward:  1.679 | Places: [609 (0.30), 538 (0.27), 454 (0.23), 399 (0.20)]
[2025-09-20 17:19:09] Winrate vs random2     :  64.4% | Σ-Reward:  4954.0 | Ø-Reward:  2.477 | Places: [1288 (0.64), 459 (0.23), 172 (0.09), 81 (0.04)]
[2025-09-20 17:19:09] Winrate vs single_only :  90.2% | Σ-Reward:  5643.0 | Ø-Reward:  2.821 | Places: [1804 (0.90), 76 (0.04), 79 (0.04), 41 (0.02)]
[2025-09-20 17:19:31] Timing @ep 280000: episode 53.3s | train 0.003s | eval 31.5s | plot 21.8s | save 0.001s | cum 1.35h
[2025-09-20 17:22:13] 
[2025-09-20 17:22:13] Benchmark @train_ep  290000 (bench_eps: 2000)
[2025-09-20 17:22:13] Macro Winrate          :  58.4%
[2025-09-20 17:22:13] Macro Ø-Reward         :  2.200
[2025-09-20 17:22:13] Winrate vs max_combo   :  24.4% | Σ-Reward:  2828.0 | Ø-Reward:  1.414 | Places: [489 (0.24), 433 (0.22), 495 (0.25), 583 (0.29)]
[2025-09-20 17:22:13] Winrate vs random2     :  58.4% | Σ-Reward:  4627.0 | Ø-Reward:  2.313 | Places: [1168 (0.58), 429 (0.21), 265 (0.13), 138 (0.07)]
[2025-09-20 17:22:13] Winrate vs single_only :  92.5% | Σ-Reward:  5744.0 | Ø-Reward:  2.872 | Places: [1850 (0.93), 68 (0.03), 58 (0.03), 24 (0.01)]
[2025-09-20 17:22:35] Timing @ep 290000: episode 53.9s | train 0.003s | eval 32.0s | plot 21.9s | save 0.001s | cum 1.40h
[2025-09-20 17:25:15] 
[2025-09-20 17:25:15] Benchmark @train_ep  300000 (bench_eps: 2000)
[2025-09-20 17:25:15] Macro Winrate          :  65.0%
[2025-09-20 17:25:15] Macro Ø-Reward         :  2.385
[2025-09-20 17:25:15] Winrate vs max_combo   :  30.8% | Σ-Reward:  3354.0 | Ø-Reward:  1.677 | Places: [615 (0.31), 526 (0.26), 457 (0.23), 402 (0.20)]
[2025-09-20 17:25:15] Winrate vs random2     :  71.5% | Σ-Reward:  5188.0 | Ø-Reward:  2.594 | Places: [1431 (0.72), 376 (0.19), 143 (0.07), 50 (0.03)]
[2025-09-20 17:25:15] Winrate vs single_only :  92.7% | Σ-Reward:  5770.0 | Ø-Reward:  2.885 | Places: [1854 (0.93), 79 (0.04), 50 (0.03), 17 (0.01)]
[2025-09-20 17:25:38] Timing @ep 300000: episode 53.7s | train 0.003s | eval 31.2s | plot 22.4s | save 0.001s | cum 1.45h
[2025-09-20 17:28:18] 
[2025-09-20 17:28:18] Benchmark @train_ep  310000 (bench_eps: 2000)
[2025-09-20 17:28:18] Macro Winrate          :  61.5%
[2025-09-20 17:28:18] Macro Ø-Reward         :  2.287
[2025-09-20 17:28:18] Winrate vs max_combo   :  25.4% | Σ-Reward:  2963.0 | Ø-Reward:  1.482 | Places: [508 (0.25), 484 (0.24), 471 (0.24), 537 (0.27)]
[2025-09-20 17:28:18] Winrate vs random2     :  64.5% | Σ-Reward:  4925.0 | Ø-Reward:  2.462 | Places: [1289 (0.64), 441 (0.22), 176 (0.09), 94 (0.05)]
[2025-09-20 17:28:18] Winrate vs single_only :  94.7% | Σ-Reward:  5836.0 | Ø-Reward:  2.918 | Places: [1894 (0.95), 61 (0.03), 32 (0.02), 13 (0.01)]
[2025-09-20 17:28:39] Timing @ep 310000: episode 52.6s | train 0.003s | eval 30.8s | plot 21.7s | save 0.001s | cum 1.50h
[2025-09-20 17:31:19] 
[2025-09-20 17:31:19] Benchmark @train_ep  320000 (bench_eps: 2000)
[2025-09-20 17:31:19] Macro Winrate          :  63.8%
[2025-09-20 17:31:19] Macro Ø-Reward         :  2.349
[2025-09-20 17:31:19] Winrate vs max_combo   :  30.2% | Σ-Reward:  3264.0 | Ø-Reward:  1.632 | Places: [604 (0.30), 496 (0.25), 460 (0.23), 440 (0.22)]
[2025-09-20 17:31:19] Winrate vs random2     :  69.4% | Σ-Reward:  5104.0 | Ø-Reward:  2.552 | Places: [1388 (0.69), 396 (0.20), 148 (0.07), 68 (0.03)]
[2025-09-20 17:31:19] Winrate vs single_only :  91.7% | Σ-Reward:  5727.0 | Ø-Reward:  2.864 | Places: [1834 (0.92), 79 (0.04), 67 (0.03), 20 (0.01)]
[2025-09-20 17:31:40] Timing @ep 320000: episode 52.3s | train 0.003s | eval 31.7s | plot 20.6s | save 0.001s | cum 1.55h
[2025-09-20 17:34:20] 
[2025-09-20 17:34:20] Benchmark @train_ep  330000 (bench_eps: 2000)
[2025-09-20 17:34:20] Macro Winrate          :  62.8%
[2025-09-20 17:34:20] Macro Ø-Reward         :  2.315
[2025-09-20 17:34:20] Winrate vs max_combo   :  28.8% | Σ-Reward:  3155.0 | Ø-Reward:  1.577 | Places: [576 (0.29), 466 (0.23), 495 (0.25), 463 (0.23)]
[2025-09-20 17:34:20] Winrate vs random2     :  66.7% | Σ-Reward:  4949.0 | Ø-Reward:  2.474 | Places: [1333 (0.67), 381 (0.19), 188 (0.09), 98 (0.05)]
[2025-09-20 17:34:20] Winrate vs single_only :  92.8% | Σ-Reward:  5783.0 | Ø-Reward:  2.892 | Places: [1856 (0.93), 82 (0.04), 51 (0.03), 11 (0.01)]
[2025-09-20 17:34:39] Timing @ep 330000: episode 50.3s | train 0.003s | eval 30.8s | plot 19.6s | save 0.001s | cum 1.60h
[2025-09-20 17:37:22] 
[2025-09-20 17:37:22] Benchmark @train_ep  340000 (bench_eps: 2000)
[2025-09-20 17:37:22] Macro Winrate          :  62.2%
[2025-09-20 17:37:22] Macro Ø-Reward         :  2.302
[2025-09-20 17:37:22] Winrate vs max_combo   :  27.2% | Σ-Reward:  3095.0 | Ø-Reward:  1.548 | Places: [544 (0.27), 485 (0.24), 493 (0.25), 478 (0.24)]
[2025-09-20 17:37:22] Winrate vs random2     :  66.5% | Σ-Reward:  4937.0 | Ø-Reward:  2.469 | Places: [1331 (0.67), 393 (0.20), 158 (0.08), 118 (0.06)]
[2025-09-20 17:37:22] Winrate vs single_only :  92.8% | Σ-Reward:  5782.0 | Ø-Reward:  2.891 | Places: [1855 (0.93), 87 (0.04), 43 (0.02), 15 (0.01)]
[2025-09-20 17:37:41] Timing @ep 340000: episode 50.8s | train 0.003s | eval 31.3s | plot 19.5s | save 0.001s | cum 1.65h
[2025-09-20 17:40:19] 
[2025-09-20 17:40:19] Benchmark @train_ep  350000 (bench_eps: 2000)
[2025-09-20 17:40:19] Macro Winrate          :  63.1%
[2025-09-20 17:40:19] Macro Ø-Reward         :  2.321
[2025-09-20 17:40:19] Winrate vs max_combo   :  28.1% | Σ-Reward:  3120.0 | Ø-Reward:  1.560 | Places: [561 (0.28), 484 (0.24), 469 (0.23), 486 (0.24)]
[2025-09-20 17:40:19] Winrate vs random2     :  67.7% | Σ-Reward:  5002.0 | Ø-Reward:  2.501 | Places: [1354 (0.68), 388 (0.19), 164 (0.08), 94 (0.05)]
[2025-09-20 17:40:19] Winrate vs single_only :  93.6% | Σ-Reward:  5802.0 | Ø-Reward:  2.901 | Places: [1872 (0.94), 72 (0.04), 42 (0.02), 14 (0.01)]
[2025-09-20 17:40:39] Timing @ep 350000: episode 50.1s | train 0.003s | eval 30.3s | plot 19.8s | save 0.002s | cum 1.70h
[2025-09-20 17:43:18] 
[2025-09-20 17:43:18] Benchmark @train_ep  360000 (bench_eps: 2000)
[2025-09-20 17:43:18] Macro Winrate          :  64.3%
[2025-09-20 17:43:18] Macro Ø-Reward         :  2.370
[2025-09-20 17:43:18] Winrate vs max_combo   :  30.9% | Σ-Reward:  3395.0 | Ø-Reward:  1.698 | Places: [617 (0.31), 552 (0.28), 440 (0.22), 391 (0.20)]
[2025-09-20 17:43:18] Winrate vs random2     :  70.7% | Σ-Reward:  5133.0 | Ø-Reward:  2.567 | Places: [1413 (0.71), 378 (0.19), 138 (0.07), 71 (0.04)]
[2025-09-20 17:43:18] Winrate vs single_only :  91.4% | Σ-Reward:  5695.0 | Ø-Reward:  2.848 | Places: [1828 (0.91), 76 (0.04), 59 (0.03), 37 (0.02)]
[2025-09-20 17:43:39] Timing @ep 360000: episode 51.0s | train 0.003s | eval 30.5s | plot 20.5s | save 0.001s | cum 1.75h
[2025-09-20 17:46:19] 
[2025-09-20 17:46:19] Benchmark @train_ep  370000 (bench_eps: 2000)
[2025-09-20 17:46:19] Macro Winrate          :  59.1%
[2025-09-20 17:46:19] Macro Ø-Reward         :  2.246
[2025-09-20 17:46:19] Winrate vs max_combo   :  25.4% | Σ-Reward:  3051.0 | Ø-Reward:  1.526 | Places: [508 (0.25), 534 (0.27), 459 (0.23), 499 (0.25)]
[2025-09-20 17:46:19] Winrate vs random2     :  64.1% | Σ-Reward:  4863.0 | Ø-Reward:  2.432 | Places: [1282 (0.64), 418 (0.21), 181 (0.09), 119 (0.06)]
[2025-09-20 17:46:19] Winrate vs single_only :  88.0% | Σ-Reward:  5561.0 | Ø-Reward:  2.780 | Places: [1759 (0.88), 102 (0.05), 80 (0.04), 59 (0.03)]
[2025-09-20 17:46:39] Timing @ep 370000: episode 51.9s | train 0.003s | eval 31.2s | plot 20.7s | save 0.001s | cum 1.80h
[2025-09-20 17:49:22] 
[2025-09-20 17:49:22] Benchmark @train_ep  380000 (bench_eps: 2000)
[2025-09-20 17:49:22] Macro Winrate          :  61.0%
[2025-09-20 17:49:22] Macro Ø-Reward         :  2.276
[2025-09-20 17:49:22] Winrate vs max_combo   :  27.1% | Σ-Reward:  3057.0 | Ø-Reward:  1.528 | Places: [541 (0.27), 484 (0.24), 466 (0.23), 509 (0.25)]
[2025-09-20 17:49:22] Winrate vs random2     :  64.8% | Σ-Reward:  4901.0 | Ø-Reward:  2.450 | Places: [1297 (0.65), 422 (0.21), 166 (0.08), 115 (0.06)]
[2025-09-20 17:49:22] Winrate vs single_only :  91.2% | Σ-Reward:  5696.0 | Ø-Reward:  2.848 | Places: [1824 (0.91), 82 (0.04), 60 (0.03), 34 (0.02)]
[2025-09-20 17:49:43] Timing @ep 380000: episode 52.9s | train 0.003s | eval 31.3s | plot 21.6s | save 0.001s | cum 1.85h
[2025-09-20 17:52:23] 
[2025-09-20 17:52:23] Benchmark @train_ep  390000 (bench_eps: 2000)
[2025-09-20 17:52:23] Macro Winrate          :  62.4%
[2025-09-20 17:52:23] Macro Ø-Reward         :  2.323
[2025-09-20 17:52:23] Winrate vs max_combo   :  29.1% | Σ-Reward:  3235.0 | Ø-Reward:  1.617 | Places: [582 (0.29), 504 (0.25), 481 (0.24), 433 (0.22)]
[2025-09-20 17:52:23] Winrate vs random2     :  66.2% | Σ-Reward:  4949.0 | Ø-Reward:  2.474 | Places: [1325 (0.66), 398 (0.20), 178 (0.09), 99 (0.05)]
[2025-09-20 17:52:23] Winrate vs single_only :  91.9% | Σ-Reward:  5751.0 | Ø-Reward:  2.876 | Places: [1838 (0.92), 90 (0.04), 57 (0.03), 15 (0.01)]
[2025-09-20 17:52:45] Timing @ep 390000: episode 52.4s | train 0.003s | eval 30.3s | plot 22.1s | save 0.002s | cum 1.91h
[2025-09-20 17:55:23] 
[2025-09-20 17:55:23] Benchmark @train_ep  400000 (bench_eps: 2000)
[2025-09-20 17:55:23] Macro Winrate          :  61.4%
[2025-09-20 17:55:23] Macro Ø-Reward         :  2.296
[2025-09-20 17:55:23] Winrate vs max_combo   :  28.4% | Σ-Reward:  3201.0 | Ø-Reward:  1.601 | Places: [568 (0.28), 513 (0.26), 471 (0.24), 448 (0.22)]
[2025-09-20 17:55:23] Winrate vs random2     :  62.9% | Σ-Reward:  4791.0 | Ø-Reward:  2.396 | Places: [1257 (0.63), 409 (0.20), 202 (0.10), 132 (0.07)]
[2025-09-20 17:55:23] Winrate vs single_only :  93.0% | Σ-Reward:  5783.0 | Ø-Reward:  2.892 | Places: [1859 (0.93), 81 (0.04), 44 (0.02), 16 (0.01)]
[2025-09-20 17:55:45] Timing @ep 400000: episode 52.6s | train 0.003s | eval 30.4s | plot 22.2s | save 0.002s | cum 1.96h
[2025-09-20 17:58:29] 
[2025-09-20 17:58:29] Benchmark @train_ep  410000 (bench_eps: 2000)
[2025-09-20 17:58:29] Macro Winrate          :  59.9%
[2025-09-20 17:58:29] Macro Ø-Reward         :  2.298
[2025-09-20 17:58:29] Winrate vs max_combo   :  30.6% | Σ-Reward:  3302.0 | Ø-Reward:  1.651 | Places: [611 (0.31), 509 (0.25), 451 (0.23), 429 (0.21)]
[2025-09-20 17:58:29] Winrate vs random2     :  63.8% | Σ-Reward:  4957.0 | Ø-Reward:  2.478 | Places: [1276 (0.64), 477 (0.24), 175 (0.09), 72 (0.04)]
[2025-09-20 17:58:29] Winrate vs single_only :  85.2% | Σ-Reward:  5528.0 | Ø-Reward:  2.764 | Places: [1704 (0.85), 164 (0.08), 88 (0.04), 44 (0.02)]
[2025-09-20 17:58:52] Timing @ep 410000: episode 57.0s | train 0.003s | eval 34.1s | plot 22.8s | save 0.001s | cum 2.01h
[2025-09-20 18:01:34] 
[2025-09-20 18:01:34] Benchmark @train_ep  420000 (bench_eps: 2000)
[2025-09-20 18:01:34] Macro Winrate          :  59.2%
[2025-09-20 18:01:34] Macro Ø-Reward         :  2.253
[2025-09-20 18:01:34] Winrate vs max_combo   :  26.5% | Σ-Reward:  3068.0 | Ø-Reward:  1.534 | Places: [530 (0.27), 495 (0.25), 488 (0.24), 487 (0.24)]
[2025-09-20 18:01:34] Winrate vs random2     :  59.4% | Σ-Reward:  4711.0 | Ø-Reward:  2.356 | Places: [1188 (0.59), 464 (0.23), 219 (0.11), 129 (0.06)]
[2025-09-20 18:01:34] Winrate vs single_only :  91.7% | Σ-Reward:  5741.0 | Ø-Reward:  2.870 | Places: [1833 (0.92), 97 (0.05), 48 (0.02), 22 (0.01)]
[2025-09-20 18:01:57] Timing @ep 420000: episode 54.8s | train 0.003s | eval 31.6s | plot 23.2s | save 0.001s | cum 2.06h
[2025-09-20 18:04:43] 
[2025-09-20 18:04:43] Benchmark @train_ep  430000 (bench_eps: 2000)
[2025-09-20 18:04:43] Macro Winrate          :  60.9%
[2025-09-20 18:04:43] Macro Ø-Reward         :  2.290
[2025-09-20 18:04:43] Winrate vs max_combo   :  29.6% | Σ-Reward:  3226.0 | Ø-Reward:  1.613 | Places: [593 (0.30), 509 (0.25), 429 (0.21), 469 (0.23)]
[2025-09-20 18:04:43] Winrate vs random2     :  64.7% | Σ-Reward:  4914.0 | Ø-Reward:  2.457 | Places: [1293 (0.65), 432 (0.22), 171 (0.09), 104 (0.05)]
[2025-09-20 18:04:43] Winrate vs single_only :  88.3% | Σ-Reward:  5598.0 | Ø-Reward:  2.799 | Places: [1766 (0.88), 107 (0.05), 86 (0.04), 41 (0.02)]
[2025-09-20 18:05:07] Timing @ep 430000: episode 56.5s | train 0.003s | eval 32.4s | plot 24.1s | save 0.001s | cum 2.11h
[2025-09-20 18:07:50] 
[2025-09-20 18:07:50] Benchmark @train_ep  440000 (bench_eps: 2000)
[2025-09-20 18:07:50] Macro Winrate          :  60.9%
[2025-09-20 18:07:50] Macro Ø-Reward         :  2.288
[2025-09-20 18:07:50] Winrate vs max_combo   :  26.2% | Σ-Reward:  3058.0 | Ø-Reward:  1.529 | Places: [525 (0.26), 494 (0.25), 495 (0.25), 486 (0.24)]
[2025-09-20 18:07:50] Winrate vs random2     :  67.0% | Σ-Reward:  5001.0 | Ø-Reward:  2.501 | Places: [1340 (0.67), 405 (0.20), 171 (0.09), 84 (0.04)]
[2025-09-20 18:07:50] Winrate vs single_only :  89.5% | Σ-Reward:  5668.0 | Ø-Reward:  2.834 | Places: [1789 (0.89), 119 (0.06), 63 (0.03), 29 (0.01)]
[2025-09-20 18:08:14] Timing @ep 440000: episode 56.9s | train 0.003s | eval 32.6s | plot 24.3s | save 0.001s | cum 2.16h
[2025-09-20 18:10:53] 
[2025-09-20 18:10:53] Benchmark @train_ep  450000 (bench_eps: 2000)
[2025-09-20 18:10:53] Macro Winrate          :  60.3%
[2025-09-20 18:10:53] Macro Ø-Reward         :  2.286
[2025-09-20 18:10:53] Winrate vs max_combo   :  24.1% | Σ-Reward:  3003.0 | Ø-Reward:  1.502 | Places: [482 (0.24), 517 (0.26), 523 (0.26), 478 (0.24)]
[2025-09-20 18:10:53] Winrate vs random2     :  65.8% | Σ-Reward:  4978.0 | Ø-Reward:  2.489 | Places: [1315 (0.66), 437 (0.22), 159 (0.08), 89 (0.04)]
[2025-09-20 18:10:53] Winrate vs single_only :  91.2% | Σ-Reward:  5738.0 | Ø-Reward:  2.869 | Places: [1823 (0.91), 104 (0.05), 61 (0.03), 12 (0.01)]
[2025-09-20 18:11:18] Timing @ep 450000: episode 55.7s | train 0.003s | eval 31.0s | plot 24.6s | save 0.002s | cum 2.21h
[2025-09-20 18:13:58] 
[2025-09-20 18:13:58] Benchmark @train_ep  460000 (bench_eps: 2000)
[2025-09-20 18:13:58] Macro Winrate          :  64.4%
[2025-09-20 18:13:58] Macro Ø-Reward         :  2.389
[2025-09-20 18:13:58] Winrate vs max_combo   :  31.4% | Σ-Reward:  3398.0 | Ø-Reward:  1.699 | Places: [629 (0.31), 516 (0.26), 479 (0.24), 376 (0.19)]
[2025-09-20 18:13:58] Winrate vs random2     :  72.3% | Σ-Reward:  5233.0 | Ø-Reward:  2.616 | Places: [1447 (0.72), 389 (0.19), 114 (0.06), 50 (0.03)]
[2025-09-20 18:13:58] Winrate vs single_only :  89.3% | Σ-Reward:  5701.0 | Ø-Reward:  2.850 | Places: [1786 (0.89), 139 (0.07), 65 (0.03), 10 (0.01)]
[2025-09-20 18:14:23] Timing @ep 460000: episode 57.0s | train 0.003s | eval 32.1s | plot 25.0s | save 0.001s | cum 2.27h
[2025-09-20 18:17:04] 
[2025-09-20 18:17:04] Benchmark @train_ep  470000 (bench_eps: 2000)
[2025-09-20 18:17:04] Macro Winrate          :  62.0%
[2025-09-20 18:17:04] Macro Ø-Reward         :  2.320
[2025-09-20 18:17:04] Winrate vs max_combo   :  28.9% | Σ-Reward:  3212.0 | Ø-Reward:  1.606 | Places: [579 (0.29), 488 (0.24), 499 (0.25), 434 (0.22)]
[2025-09-20 18:17:04] Winrate vs random2     :  67.4% | Σ-Reward:  5026.0 | Ø-Reward:  2.513 | Places: [1348 (0.67), 404 (0.20), 174 (0.09), 74 (0.04)]
[2025-09-20 18:17:04] Winrate vs single_only :  89.5% | Σ-Reward:  5682.0 | Ø-Reward:  2.841 | Places: [1790 (0.90), 121 (0.06), 70 (0.04), 19 (0.01)]
[2025-09-20 18:17:30] Timing @ep 470000: episode 57.2s | train 0.003s | eval 31.4s | plot 25.8s | save 0.002s | cum 2.32h
[2025-09-20 18:20:11] 
[2025-09-20 18:20:11] Benchmark @train_ep  480000 (bench_eps: 2000)
[2025-09-20 18:20:11] Macro Winrate          :  58.8%
[2025-09-20 18:20:11] Macro Ø-Reward         :  2.258
[2025-09-20 18:20:11] Winrate vs max_combo   :  23.6% | Σ-Reward:  2972.0 | Ø-Reward:  1.486 | Places: [473 (0.24), 523 (0.26), 507 (0.25), 497 (0.25)]
[2025-09-20 18:20:11] Winrate vs random2     :  63.2% | Σ-Reward:  4878.0 | Ø-Reward:  2.439 | Places: [1264 (0.63), 448 (0.22), 190 (0.10), 98 (0.05)]
[2025-09-20 18:20:11] Winrate vs single_only :  89.7% | Σ-Reward:  5696.0 | Ø-Reward:  2.848 | Places: [1793 (0.90), 131 (0.07), 55 (0.03), 21 (0.01)]
[2025-09-20 18:20:37] Timing @ep 480000: episode 57.6s | train 0.003s | eval 31.6s | plot 26.0s | save 0.001s | cum 2.37h
[2025-09-20 18:23:19] 
[2025-09-20 18:23:19] Benchmark @train_ep  490000 (bench_eps: 2000)
[2025-09-20 18:23:19] Macro Winrate          :  62.9%
[2025-09-20 18:23:19] Macro Ø-Reward         :  2.357
[2025-09-20 18:23:19] Winrate vs max_combo   :  29.1% | Σ-Reward:  3301.0 | Ø-Reward:  1.651 | Places: [581 (0.29), 540 (0.27), 478 (0.24), 401 (0.20)]
[2025-09-20 18:23:19] Winrate vs random2     :  69.2% | Σ-Reward:  5127.0 | Ø-Reward:  2.563 | Places: [1384 (0.69), 412 (0.21), 151 (0.08), 53 (0.03)]
[2025-09-20 18:23:19] Winrate vs single_only :  90.3% | Σ-Reward:  5717.0 | Ø-Reward:  2.858 | Places: [1807 (0.90), 120 (0.06), 56 (0.03), 17 (0.01)]
[2025-09-20 18:23:46] Timing @ep 490000: episode 58.0s | train 0.003s | eval 31.1s | plot 26.8s | save 0.002s | cum 2.42h
[2025-09-20 18:26:26] 
[2025-09-20 18:26:26] Benchmark @train_ep  500000 (bench_eps: 2000)
[2025-09-20 18:26:26] Macro Winrate          :  61.6%
[2025-09-20 18:26:26] Macro Ø-Reward         :  2.316
[2025-09-20 18:26:26] Winrate vs max_combo   :  27.7% | Σ-Reward:  3168.0 | Ø-Reward:  1.584 | Places: [554 (0.28), 497 (0.25), 512 (0.26), 437 (0.22)]
[2025-09-20 18:26:26] Winrate vs random2     :  67.2% | Σ-Reward:  5018.0 | Ø-Reward:  2.509 | Places: [1343 (0.67), 399 (0.20), 191 (0.10), 67 (0.03)]
[2025-09-20 18:26:26] Winrate vs single_only :  89.8% | Σ-Reward:  5711.0 | Ø-Reward:  2.856 | Places: [1797 (0.90), 131 (0.07), 58 (0.03), 14 (0.01)]
[2025-09-20 18:26:53] Timing @ep 500000: episode 57.9s | train 0.003s | eval 31.0s | plot 26.8s | save 0.001s | cum 2.47h
[2025-09-20 18:29:32] 
[2025-09-20 18:29:32] Benchmark @train_ep  510000 (bench_eps: 2000)
[2025-09-20 18:29:32] Macro Winrate          :  61.0%
[2025-09-20 18:29:32] Macro Ø-Reward         :  2.312
[2025-09-20 18:29:32] Winrate vs max_combo   :  26.5% | Σ-Reward:  3118.0 | Ø-Reward:  1.559 | Places: [530 (0.27), 509 (0.25), 510 (0.26), 451 (0.23)]
[2025-09-20 18:29:32] Winrate vs random2     :  67.5% | Σ-Reward:  5081.0 | Ø-Reward:  2.541 | Places: [1350 (0.68), 433 (0.22), 165 (0.08), 52 (0.03)]
[2025-09-20 18:29:32] Winrate vs single_only :  89.1% | Σ-Reward:  5675.0 | Ø-Reward:  2.837 | Places: [1782 (0.89), 134 (0.07), 61 (0.03), 23 (0.01)]
[2025-09-20 18:30:00] Timing @ep 510000: episode 59.0s | train 0.003s | eval 31.5s | plot 27.4s | save 0.001s | cum 2.53h
[2025-09-20 18:32:42] 
[2025-09-20 18:32:42] Benchmark @train_ep  520000 (bench_eps: 2000)
[2025-09-20 18:32:42] Macro Winrate          :  60.3%
[2025-09-20 18:32:42] Macro Ø-Reward         :  2.252
[2025-09-20 18:32:42] Winrate vs max_combo   :  23.2% | Σ-Reward:  2804.0 | Ø-Reward:  1.402 | Places: [464 (0.23), 450 (0.23), 512 (0.26), 574 (0.29)]
[2025-09-20 18:32:42] Winrate vs random2     :  66.3% | Σ-Reward:  4977.0 | Ø-Reward:  2.489 | Places: [1326 (0.66), 407 (0.20), 185 (0.09), 82 (0.04)]
[2025-09-20 18:32:42] Winrate vs single_only :  91.3% | Σ-Reward:  5732.0 | Ø-Reward:  2.866 | Places: [1827 (0.91), 94 (0.05), 63 (0.03), 16 (0.01)]
[2025-09-20 18:33:10] Timing @ep 520000: episode 59.2s | train 0.003s | eval 31.5s | plot 27.7s | save 0.001s | cum 2.58h
[2025-09-20 18:35:49] 
[2025-09-20 18:35:49] Benchmark @train_ep  530000 (bench_eps: 2000)
[2025-09-20 18:35:49] Macro Winrate          :  60.6%
[2025-09-20 18:35:49] Macro Ø-Reward         :  2.268
[2025-09-20 18:35:49] Winrate vs max_combo   :  24.7% | Σ-Reward:  2932.0 | Ø-Reward:  1.466 | Places: [494 (0.25), 479 (0.24), 492 (0.25), 535 (0.27)]
[2025-09-20 18:35:49] Winrate vs random2     :  63.8% | Σ-Reward:  4877.0 | Ø-Reward:  2.438 | Places: [1275 (0.64), 425 (0.21), 202 (0.10), 98 (0.05)]
[2025-09-20 18:35:49] Winrate vs single_only :  93.5% | Σ-Reward:  5800.0 | Ø-Reward:  2.900 | Places: [1869 (0.93), 74 (0.04), 45 (0.02), 12 (0.01)]
[2025-09-20 18:36:18] Timing @ep 530000: episode 59.9s | train 0.003s | eval 31.1s | plot 28.8s | save 0.002s | cum 2.63h
[2025-09-20 18:38:59] 
[2025-09-20 18:38:59] Benchmark @train_ep  540000 (bench_eps: 2000)
[2025-09-20 18:38:59] Macro Winrate          :  59.1%
[2025-09-20 18:38:59] Macro Ø-Reward         :  2.241
[2025-09-20 18:38:59] Winrate vs max_combo   :  22.4% | Σ-Reward:  2873.0 | Ø-Reward:  1.437 | Places: [449 (0.22), 508 (0.25), 510 (0.26), 533 (0.27)]
[2025-09-20 18:38:59] Winrate vs random2     :  63.1% | Σ-Reward:  4839.0 | Ø-Reward:  2.420 | Places: [1262 (0.63), 432 (0.22), 189 (0.09), 117 (0.06)]
[2025-09-20 18:38:59] Winrate vs single_only :  91.6% | Σ-Reward:  5736.0 | Ø-Reward:  2.868 | Places: [1832 (0.92), 94 (0.05), 52 (0.03), 22 (0.01)]
[2025-09-20 18:39:28] Timing @ep 540000: episode 60.3s | train 0.003s | eval 31.4s | plot 28.9s | save 0.001s | cum 2.68h
[2025-09-20 18:42:09] 
[2025-09-20 18:42:09] Benchmark @train_ep  550000 (bench_eps: 2000)
[2025-09-20 18:42:09] Macro Winrate          :  62.1%
[2025-09-20 18:42:09] Macro Ø-Reward         :  2.307
[2025-09-20 18:42:09] Winrate vs max_combo   :  28.0% | Σ-Reward:  3094.0 | Ø-Reward:  1.547 | Places: [560 (0.28), 468 (0.23), 478 (0.24), 494 (0.25)]
[2025-09-20 18:42:09] Winrate vs random2     :  64.8% | Σ-Reward:  4942.0 | Ø-Reward:  2.471 | Places: [1296 (0.65), 438 (0.22), 178 (0.09), 88 (0.04)]
[2025-09-20 18:42:09] Winrate vs single_only :  93.5% | Σ-Reward:  5805.0 | Ø-Reward:  2.902 | Places: [1870 (0.94), 76 (0.04), 43 (0.02), 11 (0.01)]
[2025-09-20 18:42:39] Timing @ep 550000: episode 61.5s | train 0.003s | eval 31.5s | plot 29.9s | save 0.002s | cum 2.74h
[2025-09-20 18:45:20] 
[2025-09-20 18:45:20] Benchmark @train_ep  560000 (bench_eps: 2000)
[2025-09-20 18:45:20] Macro Winrate          :  60.0%
[2025-09-20 18:45:20] Macro Ø-Reward         :  2.246
[2025-09-20 18:45:20] Winrate vs max_combo   :  25.8% | Σ-Reward:  2984.0 | Ø-Reward:  1.492 | Places: [515 (0.26), 479 (0.24), 481 (0.24), 525 (0.26)]
[2025-09-20 18:45:20] Winrate vs random2     :  61.1% | Σ-Reward:  4718.0 | Ø-Reward:  2.359 | Places: [1222 (0.61), 415 (0.21), 222 (0.11), 141 (0.07)]
[2025-09-20 18:45:20] Winrate vs single_only :  93.0% | Σ-Reward:  5775.0 | Ø-Reward:  2.888 | Places: [1861 (0.93), 66 (0.03), 60 (0.03), 13 (0.01)]
[2025-09-20 18:45:50] Timing @ep 560000: episode 60.6s | train 0.003s | eval 30.7s | plot 29.9s | save 0.002s | cum 2.79h
[2025-09-20 18:48:34] 
[2025-09-20 18:48:34] Benchmark @train_ep  570000 (bench_eps: 2000)
[2025-09-20 18:48:34] Macro Winrate          :  60.6%
[2025-09-20 18:48:34] Macro Ø-Reward         :  2.288
[2025-09-20 18:48:34] Winrate vs max_combo   :  27.8% | Σ-Reward:  3172.0 | Ø-Reward:  1.586 | Places: [555 (0.28), 512 (0.26), 483 (0.24), 450 (0.23)]
[2025-09-20 18:48:34] Winrate vs random2     :  63.0% | Σ-Reward:  4826.0 | Ø-Reward:  2.413 | Places: [1259 (0.63), 417 (0.21), 215 (0.11), 109 (0.05)]
[2025-09-20 18:48:34] Winrate vs single_only :  91.2% | Σ-Reward:  5728.0 | Ø-Reward:  2.864 | Places: [1825 (0.91), 96 (0.05), 61 (0.03), 18 (0.01)]
[2025-09-20 18:49:05] Timing @ep 570000: episode 63.4s | train 0.003s | eval 32.7s | plot 30.7s | save 0.002s | cum 2.84h
[2025-09-20 18:51:47] 
[2025-09-20 18:51:47] Benchmark @train_ep  580000 (bench_eps: 2000)
[2025-09-20 18:51:47] Macro Winrate          :  60.8%
[2025-09-20 18:51:47] Macro Ø-Reward         :  2.269
[2025-09-20 18:51:47] Winrate vs max_combo   :  27.4% | Σ-Reward:  3047.0 | Ø-Reward:  1.524 | Places: [548 (0.27), 468 (0.23), 467 (0.23), 517 (0.26)]
[2025-09-20 18:51:47] Winrate vs random2     :  62.9% | Σ-Reward:  4806.0 | Ø-Reward:  2.403 | Places: [1258 (0.63), 411 (0.21), 210 (0.10), 121 (0.06)]
[2025-09-20 18:51:47] Winrate vs single_only :  92.2% | Σ-Reward:  5759.0 | Ø-Reward:  2.880 | Places: [1843 (0.92), 85 (0.04), 60 (0.03), 12 (0.01)]
[2025-09-20 18:52:18] Timing @ep 580000: episode 62.3s | train 0.003s | eval 31.6s | plot 30.7s | save 0.001s | cum 2.90h
[2025-09-20 18:54:59] 
[2025-09-20 18:54:59] Benchmark @train_ep  590000 (bench_eps: 2000)
[2025-09-20 18:54:59] Macro Winrate          :  61.2%
[2025-09-20 18:54:59] Macro Ø-Reward         :  2.283
[2025-09-20 18:54:59] Winrate vs max_combo   :  27.6% | Σ-Reward:  3090.0 | Ø-Reward:  1.545 | Places: [552 (0.28), 482 (0.24), 470 (0.23), 496 (0.25)]
[2025-09-20 18:54:59] Winrate vs random2     :  63.3% | Σ-Reward:  4830.0 | Ø-Reward:  2.415 | Places: [1266 (0.63), 415 (0.21), 202 (0.10), 117 (0.06)]
[2025-09-20 18:54:59] Winrate vs single_only :  92.7% | Σ-Reward:  5780.0 | Ø-Reward:  2.890 | Places: [1853 (0.93), 89 (0.04), 43 (0.02), 15 (0.01)]
[2025-09-20 18:55:31] Timing @ep 590000: episode 62.9s | train 0.003s | eval 31.1s | plot 31.8s | save 0.002s | cum 2.95h
[2025-09-20 18:58:12] 
[2025-09-20 18:58:12] Benchmark @train_ep  600000 (bench_eps: 2000)
[2025-09-20 18:58:12] Macro Winrate          :  59.8%
[2025-09-20 18:58:12] Macro Ø-Reward         :  2.255
[2025-09-20 18:58:12] Winrate vs max_combo   :  23.4% | Σ-Reward:  2864.0 | Ø-Reward:  1.432 | Places: [469 (0.23), 482 (0.24), 493 (0.25), 556 (0.28)]
[2025-09-20 18:58:12] Winrate vs random2     :  63.3% | Σ-Reward:  4864.0 | Ø-Reward:  2.432 | Places: [1266 (0.63), 446 (0.22), 174 (0.09), 114 (0.06)]
[2025-09-20 18:58:12] Winrate vs single_only :  92.8% | Σ-Reward:  5800.0 | Ø-Reward:  2.900 | Places: [1855 (0.93), 100 (0.05), 35 (0.02), 10 (0.01)]
[2025-09-20 18:58:44] Timing @ep 600000: episode 63.3s | train 0.003s | eval 31.4s | plot 31.9s | save 0.002s | cum 3.01h
[2025-09-20 19:01:26] 
[2025-09-20 19:01:26] Benchmark @train_ep  610000 (bench_eps: 2000)
[2025-09-20 19:01:26] Macro Winrate          :  60.4%
[2025-09-20 19:01:26] Macro Ø-Reward         :  2.267
[2025-09-20 19:01:26] Winrate vs max_combo   :  27.1% | Σ-Reward:  3049.0 | Ø-Reward:  1.524 | Places: [543 (0.27), 465 (0.23), 490 (0.24), 502 (0.25)]
[2025-09-20 19:01:26] Winrate vs random2     :  62.4% | Σ-Reward:  4822.0 | Ø-Reward:  2.411 | Places: [1247 (0.62), 439 (0.22), 203 (0.10), 111 (0.06)]
[2025-09-20 19:01:26] Winrate vs single_only :  91.7% | Σ-Reward:  5729.0 | Ø-Reward:  2.865 | Places: [1834 (0.92), 76 (0.04), 75 (0.04), 15 (0.01)]
[2025-09-20 19:01:58] Timing @ep 610000: episode 63.7s | train 0.003s | eval 31.3s | plot 32.3s | save 0.001s | cum 3.06h
[2025-09-20 19:04:40] 
[2025-09-20 19:04:40] Benchmark @train_ep  620000 (bench_eps: 2000)
[2025-09-20 19:04:40] Macro Winrate          :  62.8%
[2025-09-20 19:04:40] Macro Ø-Reward         :  2.324
[2025-09-20 19:04:40] Winrate vs max_combo   :  27.4% | Σ-Reward:  3097.0 | Ø-Reward:  1.548 | Places: [549 (0.27), 476 (0.24), 498 (0.25), 477 (0.24)]
[2025-09-20 19:04:40] Winrate vs random2     :  70.2% | Σ-Reward:  5124.0 | Ø-Reward:  2.562 | Places: [1403 (0.70), 386 (0.19), 143 (0.07), 68 (0.03)]
[2025-09-20 19:04:40] Winrate vs single_only :  90.7% | Σ-Reward:  5722.0 | Ø-Reward:  2.861 | Places: [1814 (0.91), 111 (0.06), 58 (0.03), 17 (0.01)]
[2025-09-20 19:05:13] Timing @ep 620000: episode 64.5s | train 0.003s | eval 31.6s | plot 32.9s | save 0.002s | cum 3.11h
[2025-09-20 19:07:52] 
[2025-09-20 19:07:52] Benchmark @train_ep  630000 (bench_eps: 2000)
[2025-09-20 19:07:52] Macro Winrate          :  65.4%
[2025-09-20 19:07:52] Macro Ø-Reward         :  2.393
[2025-09-20 19:07:52] Winrate vs max_combo   :  32.5% | Σ-Reward:  3418.0 | Ø-Reward:  1.709 | Places: [649 (0.32), 505 (0.25), 461 (0.23), 385 (0.19)]
[2025-09-20 19:07:52] Winrate vs random2     :  71.5% | Σ-Reward:  5194.0 | Ø-Reward:  2.597 | Places: [1431 (0.72), 385 (0.19), 131 (0.07), 53 (0.03)]
[2025-09-20 19:07:52] Winrate vs single_only :  92.1% | Σ-Reward:  5746.0 | Ø-Reward:  2.873 | Places: [1842 (0.92), 83 (0.04), 54 (0.03), 21 (0.01)]
[2025-09-20 19:08:25] Timing @ep 630000: episode 63.7s | train 0.003s | eval 30.5s | plot 33.2s | save 0.001s | cum 3.17h
[2025-09-20 19:11:05] 
[2025-09-20 19:11:05] Benchmark @train_ep  640000 (bench_eps: 2000)
[2025-09-20 19:11:05] Macro Winrate          :  59.1%
[2025-09-20 19:11:05] Macro Ø-Reward         :  2.223
[2025-09-20 19:11:05] Winrate vs max_combo   :  22.2% | Σ-Reward:  2758.0 | Ø-Reward:  1.379 | Places: [445 (0.22), 452 (0.23), 519 (0.26), 584 (0.29)]
[2025-09-20 19:11:05] Winrate vs random2     :  61.9% | Σ-Reward:  4774.0 | Ø-Reward:  2.387 | Places: [1237 (0.62), 425 (0.21), 213 (0.11), 125 (0.06)]
[2025-09-20 19:11:05] Winrate vs single_only :  93.0% | Σ-Reward:  5803.0 | Ø-Reward:  2.901 | Places: [1861 (0.93), 91 (0.05), 38 (0.02), 10 (0.01)]
[2025-09-20 19:11:39] Timing @ep 640000: episode 65.2s | train 0.003s | eval 31.1s | plot 34.1s | save 0.002s | cum 3.22h
[2025-09-20 19:14:24] 
[2025-09-20 19:14:24] Benchmark @train_ep  650000 (bench_eps: 2000)
[2025-09-20 19:14:24] Macro Winrate          :  60.9%
[2025-09-20 19:14:24] Macro Ø-Reward         :  2.274
[2025-09-20 19:14:24] Winrate vs max_combo   :  28.4% | Σ-Reward:  3124.0 | Ø-Reward:  1.562 | Places: [569 (0.28), 481 (0.24), 455 (0.23), 495 (0.25)]
[2025-09-20 19:14:24] Winrate vs random2     :  64.1% | Σ-Reward:  4857.0 | Ø-Reward:  2.429 | Places: [1282 (0.64), 407 (0.20), 197 (0.10), 114 (0.06)]
[2025-09-20 19:14:24] Winrate vs single_only :  90.2% | Σ-Reward:  5660.0 | Ø-Reward:  2.830 | Places: [1805 (0.90), 85 (0.04), 75 (0.04), 35 (0.02)]
[2025-09-20 19:14:59] Timing @ep 650000: episode 67.7s | train 0.003s | eval 33.0s | plot 34.7s | save 0.002s | cum 3.28h
[2025-09-20 19:17:44] 
[2025-09-20 19:17:44] Benchmark @train_ep  660000 (bench_eps: 2000)
[2025-09-20 19:17:44] Macro Winrate          :  62.0%
[2025-09-20 19:17:44] Macro Ø-Reward         :  2.321
[2025-09-20 19:17:44] Winrate vs max_combo   :  26.4% | Σ-Reward:  3118.0 | Ø-Reward:  1.559 | Places: [528 (0.26), 508 (0.25), 518 (0.26), 446 (0.22)]
[2025-09-20 19:17:44] Winrate vs random2     :  68.0% | Σ-Reward:  5050.0 | Ø-Reward:  2.525 | Places: [1361 (0.68), 414 (0.21), 139 (0.07), 86 (0.04)]
[2025-09-20 19:17:44] Winrate vs single_only :  91.5% | Σ-Reward:  5758.0 | Ø-Reward:  2.879 | Places: [1830 (0.92), 108 (0.05), 52 (0.03), 10 (0.01)]
[2025-09-20 19:18:19] Timing @ep 660000: episode 66.5s | train 0.003s | eval 30.8s | plot 35.7s | save 0.002s | cum 3.33h
[2025-09-20 19:21:06] 
[2025-09-20 19:21:06] Benchmark @train_ep  670000 (bench_eps: 2000)
[2025-09-20 19:21:06] Macro Winrate          :  62.9%
[2025-09-20 19:21:06] Macro Ø-Reward         :  2.321
[2025-09-20 19:21:06] Winrate vs max_combo   :  27.2% | Σ-Reward:  3081.0 | Ø-Reward:  1.540 | Places: [545 (0.27), 486 (0.24), 474 (0.24), 495 (0.25)]
[2025-09-20 19:21:06] Winrate vs random2     :  68.5% | Σ-Reward:  5063.0 | Ø-Reward:  2.531 | Places: [1370 (0.69), 403 (0.20), 147 (0.07), 80 (0.04)]
[2025-09-20 19:21:06] Winrate vs single_only :  93.0% | Σ-Reward:  5783.0 | Ø-Reward:  2.892 | Places: [1860 (0.93), 76 (0.04), 51 (0.03), 13 (0.01)]
[2025-09-20 19:21:43] Timing @ep 670000: episode 71.6s | train 0.004s | eval 34.6s | plot 36.9s | save 0.002s | cum 3.39h
[2025-09-20 19:24:35] 
[2025-09-20 19:24:35] Benchmark @train_ep  680000 (bench_eps: 2000)
[2025-09-20 19:24:35] Macro Winrate          :  62.4%
[2025-09-20 19:24:35] Macro Ø-Reward         :  2.317
[2025-09-20 19:24:35] Winrate vs max_combo   :  27.9% | Σ-Reward:  3121.0 | Ø-Reward:  1.560 | Places: [559 (0.28), 478 (0.24), 488 (0.24), 475 (0.24)]
[2025-09-20 19:24:35] Winrate vs random2     :  66.5% | Σ-Reward:  5000.0 | Ø-Reward:  2.500 | Places: [1330 (0.67), 427 (0.21), 156 (0.08), 87 (0.04)]
[2025-09-20 19:24:35] Winrate vs single_only :  92.7% | Σ-Reward:  5778.0 | Ø-Reward:  2.889 | Places: [1854 (0.93), 82 (0.04), 52 (0.03), 12 (0.01)]
[2025-09-20 19:25:13] Timing @ep 680000: episode 69.7s | train 0.004s | eval 32.0s | plot 37.8s | save 0.002s | cum 3.45h
[2025-09-20 19:28:09] 
[2025-09-20 19:28:09] Benchmark @train_ep  690000 (bench_eps: 2000)
[2025-09-20 19:28:09] Macro Winrate          :  60.0%
[2025-09-20 19:28:09] Macro Ø-Reward         :  2.246
[2025-09-20 19:28:09] Winrate vs max_combo   :  24.2% | Σ-Reward:  2888.0 | Ø-Reward:  1.444 | Places: [484 (0.24), 474 (0.24), 488 (0.24), 554 (0.28)]
[2025-09-20 19:28:09] Winrate vs random2     :  63.4% | Σ-Reward:  4814.0 | Ø-Reward:  2.407 | Places: [1268 (0.63), 401 (0.20), 208 (0.10), 123 (0.06)]
[2025-09-20 19:28:09] Winrate vs single_only :  92.5% | Σ-Reward:  5772.0 | Ø-Reward:  2.886 | Places: [1850 (0.93), 89 (0.04), 44 (0.02), 17 (0.01)]
[2025-09-20 19:28:47] Timing @ep 690000: episode 72.7s | train 0.003s | eval 35.1s | plot 37.6s | save 0.002s | cum 3.51h
[2025-09-20 19:31:31] 
[2025-09-20 19:31:31] Benchmark @train_ep  700000 (bench_eps: 2000)
[2025-09-20 19:31:31] Macro Winrate          :  62.3%
[2025-09-20 19:31:31] Macro Ø-Reward         :  2.320
[2025-09-20 19:31:31] Winrate vs max_combo   :  27.7% | Σ-Reward:  3157.0 | Ø-Reward:  1.579 | Places: [554 (0.28), 502 (0.25), 491 (0.25), 453 (0.23)]
[2025-09-20 19:31:31] Winrate vs random2     :  67.2% | Σ-Reward:  5026.0 | Ø-Reward:  2.513 | Places: [1345 (0.67), 421 (0.21), 149 (0.07), 85 (0.04)]
[2025-09-20 19:31:31] Winrate vs single_only :  92.0% | Σ-Reward:  5738.0 | Ø-Reward:  2.869 | Places: [1839 (0.92), 79 (0.04), 63 (0.03), 19 (0.01)]
[2025-09-20 19:32:08] Timing @ep 700000: episode 68.9s | train 0.004s | eval 31.7s | plot 37.2s | save 0.003s | cum 3.56h
[2025-09-20 19:34:51] 
[2025-09-20 19:34:51] Benchmark @train_ep  710000 (bench_eps: 2000)
[2025-09-20 19:34:51] Macro Winrate          :  61.9%
[2025-09-20 19:34:51] Macro Ø-Reward         :  2.296
[2025-09-20 19:34:51] Winrate vs max_combo   :  26.0% | Σ-Reward:  2990.0 | Ø-Reward:  1.495 | Places: [520 (0.26), 452 (0.23), 526 (0.26), 502 (0.25)]
[2025-09-20 19:34:51] Winrate vs random2     :  65.9% | Σ-Reward:  4966.0 | Ø-Reward:  2.483 | Places: [1318 (0.66), 419 (0.21), 174 (0.09), 89 (0.04)]
[2025-09-20 19:34:51] Winrate vs single_only :  93.7% | Σ-Reward:  5823.0 | Ø-Reward:  2.912 | Places: [1874 (0.94), 81 (0.04), 39 (0.02), 6 (0.00)]
[2025-09-20 19:35:28] Timing @ep 710000: episode 68.9s | train 0.003s | eval 31.3s | plot 37.6s | save 0.002s | cum 3.62h
[2025-09-20 19:38:09] 
[2025-09-20 19:38:09] Benchmark @train_ep  720000 (bench_eps: 2000)
[2025-09-20 19:38:09] Macro Winrate          :  63.0%
[2025-09-20 19:38:09] Macro Ø-Reward         :  2.342
[2025-09-20 19:38:09] Winrate vs max_combo   :  28.6% | Σ-Reward:  3175.0 | Ø-Reward:  1.587 | Places: [573 (0.29), 475 (0.24), 506 (0.25), 446 (0.22)]
[2025-09-20 19:38:09] Winrate vs random2     :  68.3% | Σ-Reward:  5122.0 | Ø-Reward:  2.561 | Places: [1366 (0.68), 440 (0.22), 144 (0.07), 50 (0.03)]
[2025-09-20 19:38:09] Winrate vs single_only :  92.0% | Σ-Reward:  5753.0 | Ø-Reward:  2.877 | Places: [1840 (0.92), 83 (0.04), 67 (0.03), 10 (0.01)]
[2025-09-20 19:38:47] Timing @ep 720000: episode 69.4s | train 0.003s | eval 31.5s | plot 37.9s | save 0.003s | cum 3.67h
[2025-09-20 19:41:38] 
[2025-09-20 19:41:38] Benchmark @train_ep  730000 (bench_eps: 2000)
[2025-09-20 19:41:38] Macro Winrate          :  62.1%
[2025-09-20 19:41:38] Macro Ø-Reward         :  2.316
[2025-09-20 19:41:38] Winrate vs max_combo   :  26.2% | Σ-Reward:  3055.0 | Ø-Reward:  1.528 | Places: [525 (0.26), 482 (0.24), 516 (0.26), 477 (0.24)]
[2025-09-20 19:41:38] Winrate vs random2     :  67.0% | Σ-Reward:  5064.0 | Ø-Reward:  2.532 | Places: [1339 (0.67), 449 (0.22), 149 (0.07), 63 (0.03)]
[2025-09-20 19:41:38] Winrate vs single_only :  93.1% | Σ-Reward:  5777.0 | Ø-Reward:  2.889 | Places: [1862 (0.93), 74 (0.04), 43 (0.02), 21 (0.01)]
[2025-09-20 19:42:17] Timing @ep 730000: episode 74.4s | train 0.003s | eval 35.4s | plot 39.0s | save 0.004s | cum 3.73h
[2025-09-20 19:45:03] 
[2025-09-20 19:45:03] Benchmark @train_ep  740000 (bench_eps: 2000)
[2025-09-20 19:45:03] Macro Winrate          :  62.2%
[2025-09-20 19:45:03] Macro Ø-Reward         :  2.328
[2025-09-20 19:45:03] Winrate vs max_combo   :  26.5% | Σ-Reward:  3125.0 | Ø-Reward:  1.562 | Places: [530 (0.27), 524 (0.26), 487 (0.24), 459 (0.23)]
[2025-09-20 19:45:03] Winrate vs random2     :  67.7% | Σ-Reward:  5057.0 | Ø-Reward:  2.529 | Places: [1353 (0.68), 422 (0.21), 154 (0.08), 71 (0.04)]
[2025-09-20 19:45:03] Winrate vs single_only :  92.3% | Σ-Reward:  5784.0 | Ø-Reward:  2.892 | Places: [1847 (0.92), 100 (0.05), 43 (0.02), 10 (0.01)]
[2025-09-20 19:45:42] Timing @ep 740000: episode 71.5s | train 0.004s | eval 32.6s | plot 38.9s | save 0.003s | cum 3.79h
[2025-09-20 19:48:27] 
[2025-09-20 19:48:27] Benchmark @train_ep  750000 (bench_eps: 2000)
[2025-09-20 19:48:27] Macro Winrate          :  65.2%
[2025-09-20 19:48:27] Macro Ø-Reward         :  2.407
[2025-09-20 19:48:27] Winrate vs max_combo   :  31.4% | Σ-Reward:  3444.0 | Ø-Reward:  1.722 | Places: [627 (0.31), 548 (0.27), 467 (0.23), 358 (0.18)]
[2025-09-20 19:48:27] Winrate vs random2     :  72.6% | Σ-Reward:  5258.0 | Ø-Reward:  2.629 | Places: [1452 (0.73), 395 (0.20), 112 (0.06), 41 (0.02)]
[2025-09-20 19:48:27] Winrate vs single_only :  91.8% | Σ-Reward:  5742.0 | Ø-Reward:  2.871 | Places: [1836 (0.92), 90 (0.04), 54 (0.03), 20 (0.01)]
[2025-09-20 19:49:06] Timing @ep 750000: episode 71.1s | train 0.003s | eval 31.7s | plot 39.4s | save 0.002s | cum 3.84h
[2025-09-20 19:51:54] 
[2025-09-20 19:51:54] Benchmark @train_ep  760000 (bench_eps: 2000)
[2025-09-20 19:51:54] Macro Winrate          :  62.6%
[2025-09-20 19:51:54] Macro Ø-Reward         :  2.349
[2025-09-20 19:51:54] Winrate vs max_combo   :  27.9% | Σ-Reward:  3200.0 | Ø-Reward:  1.600 | Places: [559 (0.28), 505 (0.25), 513 (0.26), 423 (0.21)]
[2025-09-20 19:51:54] Winrate vs random2     :  68.5% | Σ-Reward:  5135.0 | Ø-Reward:  2.567 | Places: [1369 (0.68), 444 (0.22), 140 (0.07), 47 (0.02)]
[2025-09-20 19:51:54] Winrate vs single_only :  91.5% | Σ-Reward:  5762.0 | Ø-Reward:  2.881 | Places: [1830 (0.92), 114 (0.06), 44 (0.02), 12 (0.01)]
[2025-09-20 19:52:34] Timing @ep 760000: episode 72.5s | train 0.003s | eval 32.1s | plot 40.4s | save 0.002s | cum 3.90h
[2025-09-20 19:55:22] 
[2025-09-20 19:55:22] Benchmark @train_ep  770000 (bench_eps: 2000)
[2025-09-20 19:55:22] Macro Winrate          :  64.9%
[2025-09-20 19:55:22] Macro Ø-Reward         :  2.406
[2025-09-20 19:55:22] Winrate vs max_combo   :  31.6% | Σ-Reward:  3454.0 | Ø-Reward:  1.727 | Places: [632 (0.32), 553 (0.28), 452 (0.23), 363 (0.18)]
[2025-09-20 19:55:22] Winrate vs random2     :  72.8% | Σ-Reward:  5255.0 | Ø-Reward:  2.627 | Places: [1456 (0.73), 389 (0.19), 109 (0.05), 46 (0.02)]
[2025-09-20 19:55:22] Winrate vs single_only :  90.4% | Σ-Reward:  5726.0 | Ø-Reward:  2.863 | Places: [1808 (0.90), 123 (0.06), 56 (0.03), 13 (0.01)]
[2025-09-20 19:56:05] Timing @ep 770000: episode 77.3s | train 0.005s | eval 33.9s | plot 43.3s | save 0.002s | cum 3.96h
[2025-09-20 19:58:52] 
[2025-09-20 19:58:52] Benchmark @train_ep  780000 (bench_eps: 2000)
[2025-09-20 19:58:52] Macro Winrate          :  62.8%
[2025-09-20 19:58:52] Macro Ø-Reward         :  2.383
[2025-09-20 19:58:52] Winrate vs max_combo   :  32.3% | Σ-Reward:  3555.0 | Ø-Reward:  1.778 | Places: [646 (0.32), 592 (0.30), 433 (0.22), 329 (0.16)]
[2025-09-20 19:58:52] Winrate vs random2     :  71.0% | Σ-Reward:  5200.0 | Ø-Reward:  2.600 | Places: [1420 (0.71), 398 (0.20), 144 (0.07), 38 (0.02)]
[2025-09-20 19:58:52] Winrate vs single_only :  85.0% | Σ-Reward:  5540.0 | Ø-Reward:  2.770 | Places: [1700 (0.85), 167 (0.08), 106 (0.05), 27 (0.01)]
[2025-09-20 19:59:33] Timing @ep 780000: episode 74.0s | train 0.003s | eval 32.8s | plot 41.2s | save 0.001s | cum 4.02h
[2025-09-20 20:02:19] 
[2025-09-20 20:02:19] Benchmark @train_ep  790000 (bench_eps: 2000)
[2025-09-20 20:02:19] Macro Winrate          :  60.1%
[2025-09-20 20:02:19] Macro Ø-Reward         :  2.288
[2025-09-20 20:02:19] Winrate vs max_combo   :  26.1% | Σ-Reward:  3028.0 | Ø-Reward:  1.514 | Places: [523 (0.26), 479 (0.24), 501 (0.25), 497 (0.25)]
[2025-09-20 20:02:19] Winrate vs random2     :  65.8% | Σ-Reward:  5033.0 | Ø-Reward:  2.517 | Places: [1316 (0.66), 462 (0.23), 161 (0.08), 61 (0.03)]
[2025-09-20 20:02:19] Winrate vs single_only :  88.5% | Σ-Reward:  5664.0 | Ø-Reward:  2.832 | Places: [1770 (0.89), 144 (0.07), 66 (0.03), 20 (0.01)]
[2025-09-20 20:03:02] Timing @ep 790000: episode 75.0s | train 0.003s | eval 32.5s | plot 42.5s | save 0.002s | cum 4.08h
[2025-09-20 20:05:58] 
[2025-09-20 20:05:58] Benchmark @train_ep  800000 (bench_eps: 2000)
[2025-09-20 20:05:58] Macro Winrate          :  62.0%
[2025-09-20 20:05:58] Macro Ø-Reward         :  2.346
[2025-09-20 20:05:58] Winrate vs max_combo   :  28.8% | Σ-Reward:  3251.0 | Ø-Reward:  1.625 | Places: [575 (0.29), 542 (0.27), 442 (0.22), 441 (0.22)]
[2025-09-20 20:05:58] Winrate vs random2     :  69.5% | Σ-Reward:  5166.0 | Ø-Reward:  2.583 | Places: [1391 (0.70), 418 (0.21), 157 (0.08), 34 (0.02)]
[2025-09-20 20:05:58] Winrate vs single_only :  87.7% | Σ-Reward:  5658.0 | Ø-Reward:  2.829 | Places: [1753 (0.88), 167 (0.08), 65 (0.03), 15 (0.01)]
[2025-09-20 20:06:41] Timing @ep 800000: episode 75.2s | train 0.003s | eval 31.8s | plot 43.4s | save 0.002s | cum 4.14h
[2025-09-20 20:09:26] 
[2025-09-20 20:09:26] Benchmark @train_ep  810000 (bench_eps: 2000)
[2025-09-20 20:09:26] Macro Winrate          :  64.4%
[2025-09-20 20:09:26] Macro Ø-Reward         :  2.392
[2025-09-20 20:09:26] Winrate vs max_combo   :  30.3% | Σ-Reward:  3359.0 | Ø-Reward:  1.679 | Places: [606 (0.30), 552 (0.28), 437 (0.22), 405 (0.20)]
[2025-09-20 20:09:26] Winrate vs random2     :  73.7% | Σ-Reward:  5300.0 | Ø-Reward:  2.650 | Places: [1474 (0.74), 382 (0.19), 114 (0.06), 30 (0.01)]
[2025-09-20 20:09:26] Winrate vs single_only :  89.2% | Σ-Reward:  5693.0 | Ø-Reward:  2.846 | Places: [1784 (0.89), 143 (0.07), 55 (0.03), 18 (0.01)]
[2025-09-20 20:10:09] Timing @ep 810000: episode 74.7s | train 0.003s | eval 32.0s | plot 42.7s | save 0.002s | cum 4.20h
[2025-09-20 20:12:53] 
[2025-09-20 20:12:53] Benchmark @train_ep  820000 (bench_eps: 2000)
[2025-09-20 20:12:53] Macro Winrate          :  62.7%
[2025-09-20 20:12:53] Macro Ø-Reward         :  2.342
[2025-09-20 20:12:53] Winrate vs max_combo   :  28.6% | Σ-Reward:  3233.0 | Ø-Reward:  1.617 | Places: [572 (0.29), 529 (0.26), 459 (0.23), 440 (0.22)]
[2025-09-20 20:12:53] Winrate vs random2     :  67.9% | Σ-Reward:  5073.0 | Ø-Reward:  2.537 | Places: [1358 (0.68), 424 (0.21), 151 (0.08), 67 (0.03)]
[2025-09-20 20:12:53] Winrate vs single_only :  91.5% | Σ-Reward:  5743.0 | Ø-Reward:  2.872 | Places: [1829 (0.91), 107 (0.05), 42 (0.02), 22 (0.01)]
[2025-09-20 20:13:37] Timing @ep 820000: episode 75.9s | train 0.005s | eval 31.8s | plot 44.1s | save 0.003s | cum 4.25h
[2025-09-20 20:16:25] 
[2025-09-20 20:16:25] Benchmark @train_ep  830000 (bench_eps: 2000)
[2025-09-20 20:16:25] Macro Winrate          :  63.5%
[2025-09-20 20:16:25] Macro Ø-Reward         :  2.366
[2025-09-20 20:16:25] Winrate vs max_combo   :  28.4% | Σ-Reward:  3247.0 | Ø-Reward:  1.623 | Places: [567 (0.28), 525 (0.26), 496 (0.25), 412 (0.21)]
[2025-09-20 20:16:25] Winrate vs random2     :  71.5% | Σ-Reward:  5210.0 | Ø-Reward:  2.605 | Places: [1431 (0.72), 392 (0.20), 133 (0.07), 44 (0.02)]
[2025-09-20 20:16:25] Winrate vs single_only :  90.6% | Σ-Reward:  5738.0 | Ø-Reward:  2.869 | Places: [1812 (0.91), 125 (0.06), 52 (0.03), 11 (0.01)]
[2025-09-20 20:17:09] Timing @ep 830000: episode 75.6s | train 0.003s | eval 31.9s | plot 43.6s | save 0.001s | cum 4.31h
[2025-09-20 20:19:52] 
[2025-09-20 20:19:52] Benchmark @train_ep  840000 (bench_eps: 2000)
[2025-09-20 20:19:52] Macro Winrate          :  62.0%
[2025-09-20 20:19:52] Macro Ø-Reward         :  2.330
[2025-09-20 20:19:52] Winrate vs max_combo   :  28.4% | Σ-Reward:  3218.0 | Ø-Reward:  1.609 | Places: [567 (0.28), 524 (0.26), 469 (0.23), 440 (0.22)]
[2025-09-20 20:19:52] Winrate vs random2     :  68.0% | Σ-Reward:  5069.0 | Ø-Reward:  2.534 | Places: [1361 (0.68), 413 (0.21), 160 (0.08), 66 (0.03)]
[2025-09-20 20:19:52] Winrate vs single_only :  89.5% | Σ-Reward:  5693.0 | Ø-Reward:  2.846 | Places: [1789 (0.89), 129 (0.06), 68 (0.03), 14 (0.01)]
[2025-09-20 20:20:37] Timing @ep 840000: episode 76.7s | train 0.003s | eval 32.2s | plot 44.5s | save 0.002s | cum 4.37h
