[2025-09-26 18:12:18] New Training (k4a2): Shared-Policy DQN — In-Proc External Trainer (Bundle-Updates)
[2025-09-26 18:12:18] Deck_Size: 64
[2025-09-26 18:12:18] Episodes: 100000
[2025-09-26 18:12:18] Path: /home/wasterix/OpenSpiel/open_spiel/President/models/k4a2/model_66
[2025-09-26 18:14:10] 
[2025-09-26 18:14:10] Benchmark @train_ep    5000 (bench_eps: 2000)
[2025-09-26 18:14:10] Macro Winrate          :  41.7%
[2025-09-26 18:14:10] Macro Ø-Reward         :  1.774
[2025-09-26 18:14:10] Winrate vs max_combo   :  11.4% | Σ-Reward:  1896.0 | Ø-Reward:  0.948 | Places: [228 (0.11), 330 (0.17), 552 (0.28), 890 (0.45)]
[2025-09-26 18:14:10] Winrate vs random2     :  26.4% | Σ-Reward:  3173.0 | Ø-Reward:  1.587 | Places: [529 (0.26), 535 (0.27), 516 (0.26), 420 (0.21)]
[2025-09-26 18:14:10] Winrate vs single_only :  87.3% | Σ-Reward:  5575.0 | Ø-Reward:  2.788 | Places: [1746 (0.87), 123 (0.06), 91 (0.05), 40 (0.02)]
[2025-09-26 18:14:12] Timing @ep 5000: episode 33.3s | train 0.156s | eval 30.6s | plot 2.5s | save 0.005s | cum 0.03h
[2025-09-26 18:16:22] 
[2025-09-26 18:16:22] Benchmark @train_ep   10000 (bench_eps: 2000)
[2025-09-26 18:16:22] Macro Winrate          :  41.2%
[2025-09-26 18:16:22] Macro Ø-Reward         :  1.780
[2025-09-26 18:16:22] Winrate vs max_combo   :  12.1% | Σ-Reward:  2046.0 | Ø-Reward:  1.023 | Places: [242 (0.12), 364 (0.18), 592 (0.30), 802 (0.40)]
[2025-09-26 18:16:22] Winrate vs random2     :  32.6% | Σ-Reward:  3447.0 | Ø-Reward:  1.724 | Places: [652 (0.33), 537 (0.27), 417 (0.21), 394 (0.20)]
[2025-09-26 18:16:22] Winrate vs single_only :  78.8% | Σ-Reward:  5187.0 | Ø-Reward:  2.594 | Places: [1576 (0.79), 164 (0.08), 131 (0.07), 129 (0.06)]
[2025-09-26 18:16:25] Timing @ep 10000: episode 34.1s | train 0.138s | eval 31.2s | plot 2.8s | save 0.002s | cum 0.07h
[2025-09-26 18:18:37] 
[2025-09-26 18:18:37] Benchmark @train_ep   15000 (bench_eps: 2000)
[2025-09-26 18:18:37] Macro Winrate          :  46.6%
[2025-09-26 18:18:37] Macro Ø-Reward         :  1.861
[2025-09-26 18:18:37] Winrate vs max_combo   :  12.6% | Σ-Reward:  1857.0 | Ø-Reward:  0.928 | Places: [252 (0.13), 310 (0.15), 481 (0.24), 957 (0.48)]
[2025-09-26 18:18:37] Winrate vs random2     :  36.2% | Σ-Reward:  3600.0 | Ø-Reward:  1.800 | Places: [725 (0.36), 539 (0.27), 347 (0.17), 389 (0.19)]
[2025-09-26 18:18:37] Winrate vs single_only :  91.0% | Σ-Reward:  5708.0 | Ø-Reward:  2.854 | Places: [1819 (0.91), 101 (0.05), 49 (0.02), 31 (0.02)]
[2025-09-26 18:18:40] Timing @ep 15000: episode 34.4s | train 0.190s | eval 31.0s | plot 3.1s | save 0.001s | cum 0.11h
[2025-09-26 18:20:55] 
[2025-09-26 18:20:55] Benchmark @train_ep   20000 (bench_eps: 2000)
[2025-09-26 18:20:55] Macro Winrate          :  40.5%
[2025-09-26 18:20:55] Macro Ø-Reward         :  1.671
[2025-09-26 18:20:55] Winrate vs max_combo   :  12.4% | Σ-Reward:  1784.0 | Ø-Reward:  0.892 | Places: [248 (0.12), 298 (0.15), 444 (0.22), 1010 (0.51)]
[2025-09-26 18:20:55] Winrate vs random2     :  30.4% | Σ-Reward:  2995.0 | Ø-Reward:  1.498 | Places: [609 (0.30), 400 (0.20), 368 (0.18), 623 (0.31)]
[2025-09-26 18:20:55] Winrate vs single_only :  78.8% | Σ-Reward:  5249.0 | Ø-Reward:  2.624 | Places: [1575 (0.79), 205 (0.10), 114 (0.06), 106 (0.05)]
[2025-09-26 18:20:59] Timing @ep 20000: episode 34.8s | train 0.203s | eval 31.0s | plot 3.6s | save 0.002s | cum 0.14h
[2025-09-26 18:23:06] 
[2025-09-26 18:23:06] Benchmark @train_ep   25000 (bench_eps: 2000)
[2025-09-26 18:23:06] Macro Winrate          :  45.8%
[2025-09-26 18:23:06] Macro Ø-Reward         :  1.890
[2025-09-26 18:23:06] Winrate vs max_combo   :  20.1% | Σ-Reward:  2510.0 | Ø-Reward:  1.255 | Places: [401 (0.20), 417 (0.21), 473 (0.24), 709 (0.35)]
[2025-09-26 18:23:06] Winrate vs random2     :  45.8% | Σ-Reward:  3936.0 | Ø-Reward:  1.968 | Places: [916 (0.46), 461 (0.23), 266 (0.13), 357 (0.18)]
[2025-09-26 18:23:06] Winrate vs single_only :  71.4% | Σ-Reward:  4896.0 | Ø-Reward:  2.448 | Places: [1428 (0.71), 223 (0.11), 166 (0.08), 183 (0.09)]
[2025-09-26 18:23:10] Timing @ep 25000: episode 34.9s | train 0.132s | eval 30.9s | plot 3.9s | save 0.002s | cum 0.18h
[2025-09-26 18:25:22] 
[2025-09-26 18:25:22] Benchmark @train_ep   30000 (bench_eps: 2000)
[2025-09-26 18:25:22] Macro Winrate          :  48.3%
[2025-09-26 18:25:22] Macro Ø-Reward         :  1.896
[2025-09-26 18:25:22] Winrate vs max_combo   :  20.0% | Σ-Reward:  2402.0 | Ø-Reward:  1.201 | Places: [400 (0.20), 389 (0.19), 424 (0.21), 787 (0.39)]
[2025-09-26 18:25:22] Winrate vs random2     :  47.2% | Σ-Reward:  3830.0 | Ø-Reward:  1.915 | Places: [944 (0.47), 366 (0.18), 266 (0.13), 424 (0.21)]
[2025-09-26 18:25:22] Winrate vs single_only :  77.7% | Σ-Reward:  5144.0 | Ø-Reward:  2.572 | Places: [1554 (0.78), 173 (0.09), 136 (0.07), 137 (0.07)]
[2025-09-26 18:25:27] Timing @ep 30000: episode 35.7s | train 0.144s | eval 30.9s | plot 4.6s | save 0.002s | cum 0.22h
[2025-09-26 18:27:40] 
[2025-09-26 18:27:40] Benchmark @train_ep   35000 (bench_eps: 2000)
[2025-09-26 18:27:40] Macro Winrate          :  42.1%
[2025-09-26 18:27:40] Macro Ø-Reward         :  1.710
[2025-09-26 18:27:40] Winrate vs max_combo   :  17.6% | Σ-Reward:  2090.0 | Ø-Reward:  1.045 | Places: [351 (0.18), 290 (0.14), 457 (0.23), 902 (0.45)]
[2025-09-26 18:27:40] Winrate vs random2     :  37.4% | Σ-Reward:  3330.0 | Ø-Reward:  1.665 | Places: [748 (0.37), 363 (0.18), 360 (0.18), 529 (0.26)]
[2025-09-26 18:27:40] Winrate vs single_only :  71.2% | Σ-Reward:  4842.0 | Ø-Reward:  2.421 | Places: [1425 (0.71), 205 (0.10), 157 (0.08), 213 (0.11)]
[2025-09-26 18:27:45] Timing @ep 35000: episode 38.9s | train 0.139s | eval 33.8s | plot 5.0s | save 0.002s | cum 0.26h
[2025-09-26 18:29:55] 
[2025-09-26 18:29:55] Benchmark @train_ep   40000 (bench_eps: 2000)
[2025-09-26 18:29:55] Macro Winrate          :  52.5%
[2025-09-26 18:29:55] Macro Ø-Reward         :  2.038
[2025-09-26 18:29:55] Winrate vs max_combo   :  23.6% | Σ-Reward:  2649.0 | Ø-Reward:  1.325 | Places: [472 (0.24), 415 (0.21), 403 (0.20), 710 (0.35)]
[2025-09-26 18:29:55] Winrate vs random2     :  49.8% | Σ-Reward:  4111.0 | Ø-Reward:  2.055 | Places: [996 (0.50), 442 (0.22), 239 (0.12), 323 (0.16)]
[2025-09-26 18:29:55] Winrate vs single_only :  84.0% | Σ-Reward:  5466.0 | Ø-Reward:  2.733 | Places: [1680 (0.84), 177 (0.09), 72 (0.04), 71 (0.04)]
[2025-09-26 18:30:01] Timing @ep 40000: episode 36.9s | train 0.132s | eval 30.8s | plot 6.0s | save 0.002s | cum 0.29h
[2025-09-26 18:32:07] 
[2025-09-26 18:32:07] Benchmark @train_ep   45000 (bench_eps: 2000)
[2025-09-26 18:32:07] Macro Winrate          :  46.8%
[2025-09-26 18:32:07] Macro Ø-Reward         :  1.913
[2025-09-26 18:32:07] Winrate vs max_combo   :  22.1% | Σ-Reward:  2592.0 | Ø-Reward:  1.296 | Places: [442 (0.22), 387 (0.19), 492 (0.25), 679 (0.34)]
[2025-09-26 18:32:07] Winrate vs random2     :  45.3% | Σ-Reward:  3942.0 | Ø-Reward:  1.971 | Places: [906 (0.45), 451 (0.23), 322 (0.16), 321 (0.16)]
[2025-09-26 18:32:07] Winrate vs single_only :  72.8% | Σ-Reward:  4946.0 | Ø-Reward:  2.473 | Places: [1457 (0.73), 208 (0.10), 159 (0.08), 176 (0.09)]
[2025-09-26 18:32:12] Timing @ep 45000: episode 39.5s | train 0.142s | eval 33.5s | plot 5.8s | save 0.002s | cum 0.33h
[2025-09-26 18:34:13] 
[2025-09-26 18:34:13] Benchmark @train_ep   50000 (bench_eps: 2000)
[2025-09-26 18:34:13] Macro Winrate          :  43.8%
[2025-09-26 18:34:13] Macro Ø-Reward         :  1.858
[2025-09-26 18:34:13] Winrate vs max_combo   :  26.1% | Σ-Reward:  2815.0 | Ø-Reward:  1.407 | Places: [522 (0.26), 403 (0.20), 443 (0.22), 632 (0.32)]
[2025-09-26 18:34:13] Winrate vs random2     :  42.9% | Σ-Reward:  3854.0 | Ø-Reward:  1.927 | Places: [857 (0.43), 457 (0.23), 369 (0.18), 317 (0.16)]
[2025-09-26 18:34:13] Winrate vs single_only :  62.4% | Σ-Reward:  4481.0 | Ø-Reward:  2.240 | Places: [1247 (0.62), 259 (0.13), 222 (0.11), 272 (0.14)]
[2025-09-26 18:34:19] Timing @ep 50000: episode 37.7s | train 0.137s | eval 31.4s | plot 6.2s | save 0.002s | cum 0.37h
[2025-09-26 18:36:20] 
[2025-09-26 18:36:20] Benchmark @train_ep   55000 (bench_eps: 2000)
[2025-09-26 18:36:20] Macro Winrate          :  41.1%
[2025-09-26 18:36:20] Macro Ø-Reward         :  1.738
[2025-09-26 18:36:20] Winrate vs max_combo   :  20.6% | Σ-Reward:  2435.0 | Ø-Reward:  1.218 | Places: [412 (0.21), 365 (0.18), 469 (0.23), 754 (0.38)]
[2025-09-26 18:36:20] Winrate vs random2     :  40.2% | Σ-Reward:  3617.0 | Ø-Reward:  1.808 | Places: [804 (0.40), 421 (0.21), 363 (0.18), 412 (0.21)]
[2025-09-26 18:36:20] Winrate vs single_only :  62.4% | Σ-Reward:  4374.0 | Ø-Reward:  2.187 | Places: [1247 (0.62), 202 (0.10), 229 (0.11), 322 (0.16)]
[2025-09-26 18:36:27] Timing @ep 55000: episode 38.8s | train 0.130s | eval 31.8s | plot 6.9s | save 0.001s | cum 0.40h
[2025-09-26 18:38:32] 
[2025-09-26 18:38:32] Benchmark @train_ep   60000 (bench_eps: 2000)
[2025-09-26 18:38:32] Macro Winrate          :  31.8%
[2025-09-26 18:38:32] Macro Ø-Reward         :  1.447
[2025-09-26 18:38:32] Winrate vs max_combo   :  14.7% | Σ-Reward:  1885.0 | Ø-Reward:  0.943 | Places: [294 (0.15), 266 (0.13), 471 (0.24), 969 (0.48)]
[2025-09-26 18:38:32] Winrate vs random2     :  27.8% | Σ-Reward:  2875.0 | Ø-Reward:  1.438 | Places: [556 (0.28), 384 (0.19), 439 (0.22), 621 (0.31)]
[2025-09-26 18:38:32] Winrate vs single_only :  53.0% | Σ-Reward:  3925.0 | Ø-Reward:  1.962 | Places: [1059 (0.53), 229 (0.11), 290 (0.14), 422 (0.21)]
[2025-09-26 18:38:39] Timing @ep 60000: episode 41.2s | train 0.146s | eval 33.8s | plot 7.1s | save 0.003s | cum 0.44h
[2025-09-26 18:40:37] 
[2025-09-26 18:40:37] Benchmark @train_ep   65000 (bench_eps: 2000)
[2025-09-26 18:40:37] Macro Winrate          :  36.8%
[2025-09-26 18:40:37] Macro Ø-Reward         :  1.630
[2025-09-26 18:40:37] Winrate vs max_combo   :  20.1% | Σ-Reward:  2385.0 | Ø-Reward:  1.192 | Places: [403 (0.20), 372 (0.19), 432 (0.22), 793 (0.40)]
[2025-09-26 18:40:37] Winrate vs random2     :  31.4% | Σ-Reward:  3105.0 | Ø-Reward:  1.552 | Places: [628 (0.31), 418 (0.21), 385 (0.19), 569 (0.28)]
[2025-09-26 18:40:37] Winrate vs single_only :  58.7% | Σ-Reward:  4290.0 | Ø-Reward:  2.145 | Places: [1174 (0.59), 258 (0.13), 252 (0.13), 316 (0.16)]
[2025-09-26 18:40:45] Timing @ep 65000: episode 38.2s | train 0.121s | eval 30.9s | plot 7.2s | save 0.002s | cum 0.47h
[2025-09-26 18:42:52] 
[2025-09-26 18:42:52] Benchmark @train_ep   70000 (bench_eps: 2000)
[2025-09-26 18:42:52] Macro Winrate          :  35.0%
[2025-09-26 18:42:52] Macro Ø-Reward         :  1.514
[2025-09-26 18:42:52] Winrate vs max_combo   :  17.6% | Σ-Reward:  2014.0 | Ø-Reward:  1.007 | Places: [352 (0.18), 286 (0.14), 386 (0.19), 976 (0.49)]
[2025-09-26 18:42:52] Winrate vs random2     :  28.3% | Σ-Reward:  2864.0 | Ø-Reward:  1.432 | Places: [566 (0.28), 374 (0.19), 418 (0.21), 642 (0.32)]
[2025-09-26 18:42:52] Winrate vs single_only :  59.0% | Σ-Reward:  4206.0 | Ø-Reward:  2.103 | Places: [1179 (0.59), 216 (0.11), 237 (0.12), 368 (0.18)]
[2025-09-26 18:43:00] Timing @ep 70000: episode 43.7s | train 0.128s | eval 35.3s | plot 8.2s | save 0.002s | cum 0.51h
[2025-09-26 18:45:13] 
[2025-09-26 18:45:13] Benchmark @train_ep   75000 (bench_eps: 2000)
[2025-09-26 18:45:13] Macro Winrate          :  20.8%
[2025-09-26 18:45:13] Macro Ø-Reward         :  1.189
[2025-09-26 18:45:13] Winrate vs max_combo   :  11.2% | Σ-Reward:  1581.0 | Ø-Reward:  0.790 | Places: [223 (0.11), 239 (0.12), 434 (0.22), 1104 (0.55)]
[2025-09-26 18:45:13] Winrate vs random2     :  22.9% | Σ-Reward:  2648.0 | Ø-Reward:  1.324 | Places: [458 (0.23), 389 (0.19), 496 (0.25), 657 (0.33)]
[2025-09-26 18:45:13] Winrate vs single_only :  28.4% | Σ-Reward:  2904.0 | Ø-Reward:  1.452 | Places: [568 (0.28), 375 (0.19), 450 (0.23), 607 (0.30)]
[2025-09-26 18:45:20] Timing @ep 75000: episode 47.0s | train 0.137s | eval 40.0s | plot 6.8s | save 0.002s | cum 0.55h
[2025-09-26 18:47:34] 
[2025-09-26 18:47:34] Benchmark @train_ep   80000 (bench_eps: 2000)
[2025-09-26 18:47:34] Macro Winrate          :  19.9%
[2025-09-26 18:47:34] Macro Ø-Reward         :  1.138
[2025-09-26 18:47:34] Winrate vs max_combo   :  10.6% | Σ-Reward:  1583.0 | Ø-Reward:  0.791 | Places: [212 (0.11), 246 (0.12), 455 (0.23), 1087 (0.54)]
[2025-09-26 18:47:34] Winrate vs random2     :  17.2% | Σ-Reward:  2241.0 | Ø-Reward:  1.121 | Places: [345 (0.17), 353 (0.18), 500 (0.25), 802 (0.40)]
[2025-09-26 18:47:34] Winrate vs single_only :  32.0% | Σ-Reward:  3005.0 | Ø-Reward:  1.502 | Places: [640 (0.32), 359 (0.18), 367 (0.18), 634 (0.32)]
[2025-09-26 18:47:42] Timing @ep 80000: episode 45.9s | train 0.178s | eval 37.0s | plot 8.7s | save 0.001s | cum 0.59h
[2025-09-26 18:49:57] 
[2025-09-26 18:49:57] Benchmark @train_ep   85000 (bench_eps: 2000)
[2025-09-26 18:49:57] Macro Winrate          :  13.1%
[2025-09-26 18:49:57] Macro Ø-Reward         :  0.925
[2025-09-26 18:49:57] Winrate vs max_combo   :   8.2% | Σ-Reward:  1352.0 | Ø-Reward:  0.676 | Places: [163 (0.08), 221 (0.11), 421 (0.21), 1195 (0.60)]
[2025-09-26 18:49:57] Winrate vs random2     :  12.7% | Σ-Reward:  1973.0 | Ø-Reward:  0.987 | Places: [253 (0.13), 347 (0.17), 520 (0.26), 880 (0.44)]
[2025-09-26 18:49:57] Winrate vs single_only :  18.4% | Σ-Reward:  2223.0 | Ø-Reward:  1.111 | Places: [369 (0.18), 317 (0.16), 482 (0.24), 832 (0.42)]
[2025-09-26 18:50:06] Timing @ep 85000: episode 47.2s | train 0.154s | eval 37.5s | plot 9.5s | save 0.001s | cum 0.63h
[2025-09-26 18:52:15] 
[2025-09-26 18:52:15] Benchmark @train_ep   90000 (bench_eps: 2000)
[2025-09-26 18:52:15] Macro Winrate          :  12.2%
[2025-09-26 18:52:15] Macro Ø-Reward         :  0.834
[2025-09-26 18:52:15] Winrate vs max_combo   :   7.5% | Σ-Reward:  1185.0 | Ø-Reward:  0.593 | Places: [150 (0.07), 179 (0.09), 377 (0.19), 1294 (0.65)]
[2025-09-26 18:52:15] Winrate vs random2     :  10.9% | Σ-Reward:  1683.0 | Ø-Reward:  0.842 | Places: [219 (0.11), 260 (0.13), 506 (0.25), 1015 (0.51)]
[2025-09-26 18:52:15] Winrate vs single_only :  18.1% | Σ-Reward:  2138.0 | Ø-Reward:  1.069 | Places: [363 (0.18), 301 (0.15), 447 (0.22), 889 (0.44)]
[2025-09-26 18:52:26] Timing @ep 90000: episode 48.5s | train 0.106s | eval 38.1s | plot 10.3s | save 0.002s | cum 0.67h
[2025-09-26 18:54:37] 
[2025-09-26 18:54:37] Benchmark @train_ep   95000 (bench_eps: 2000)
[2025-09-26 18:54:37] Macro Winrate          :  17.8%
[2025-09-26 18:54:37] Macro Ø-Reward         :  1.036
[2025-09-26 18:54:37] Winrate vs max_combo   :   9.8% | Σ-Reward:  1369.0 | Ø-Reward:  0.684 | Places: [197 (0.10), 196 (0.10), 386 (0.19), 1221 (0.61)]
[2025-09-26 18:54:37] Winrate vs random2     :  16.8% | Σ-Reward:  2167.0 | Ø-Reward:  1.083 | Places: [335 (0.17), 319 (0.16), 524 (0.26), 822 (0.41)]
[2025-09-26 18:54:37] Winrate vs single_only :  26.6% | Σ-Reward:  2683.0 | Ø-Reward:  1.341 | Places: [533 (0.27), 336 (0.17), 412 (0.21), 719 (0.36)]
[2025-09-26 18:54:47] Timing @ep 95000: episode 48.0s | train 0.185s | eval 37.4s | plot 10.3s | save 0.002s | cum 0.71h
[2025-09-26 18:56:46] 
[2025-09-26 18:56:46] Benchmark @train_ep  100000 (bench_eps: 2000)
[2025-09-26 18:56:46] Macro Winrate          :  16.7%
[2025-09-26 18:56:46] Macro Ø-Reward         :  1.101
[2025-09-26 18:56:46] Winrate vs max_combo   :  13.2% | Σ-Reward:  1754.0 | Ø-Reward:  0.877 | Places: [264 (0.13), 264 (0.13), 434 (0.22), 1038 (0.52)]
[2025-09-26 18:56:46] Winrate vs random2     :  19.5% | Σ-Reward:  2529.0 | Ø-Reward:  1.264 | Places: [390 (0.20), 446 (0.22), 467 (0.23), 697 (0.35)]
[2025-09-26 18:56:46] Winrate vs single_only :  17.4% | Σ-Reward:  2326.0 | Ø-Reward:  1.163 | Places: [348 (0.17), 386 (0.19), 510 (0.26), 756 (0.38)]
[2025-09-26 18:56:53] Timing @ep 100000: episode 35.4s | train 0.105s | eval 27.9s | plot 7.3s | save 0.001s | cum 0.74h
[2025-09-26 18:56:53] 
[2025-09-26 18:56:53] Gesamtzeit: 0.74h (~ 37.40 eps/s)
[2025-09-26 18:56:53] k4a2, Shared Policy Selfplay (DQN, Bundle-Updates, 1 Prozess). Training abgeschlossen.
[2025-09-26 18:56:53] Path: /home/wasterix/OpenSpiel/open_spiel/President/models/k4a2/model_66
