[2025-09-24 16:03:28] New Training (k4a2): Shared-Policy DQN — In-Proc External Trainer (Bundle-Updates)
[2025-09-24 16:03:28] Deck_Size: 64
[2025-09-24 16:03:28] Episodes: 100000
[2025-09-24 16:03:28] Path: /home/wasterix/OpenSpiel/open_spiel/President/models/k4a2/model_42
[2025-09-24 16:05:21] 
[2025-09-24 16:05:21] Benchmark @train_ep    5000 (bench_eps: 2000)
[2025-09-24 16:05:21] Macro Winrate          :  42.2%
[2025-09-24 16:05:21] Macro Ø-Reward         :  1.788
[2025-09-24 16:05:21] Winrate vs max_combo   :  12.2% | Σ-Reward:  1921.0 | Ø-Reward:  0.961 | Places: [243 (0.12), 323 (0.16), 546 (0.27), 888 (0.44)]
[2025-09-24 16:05:21] Winrate vs random2     :  28.7% | Σ-Reward:  3350.0 | Ø-Reward:  1.675 | Places: [574 (0.29), 566 (0.28), 496 (0.25), 364 (0.18)]
[2025-09-24 16:05:21] Winrate vs single_only :  85.8% | Σ-Reward:  5458.0 | Ø-Reward:  2.729 | Places: [1715 (0.86), 111 (0.06), 91 (0.05), 83 (0.04)]
[2025-09-24 16:05:24] Timing @ep 5000: episode 33.8s | train 0.142s | eval 30.0s | plot 3.7s | save 0.002s | cum 0.03h
[2025-09-24 16:07:37] 
[2025-09-24 16:07:37] Benchmark @train_ep   10000 (bench_eps: 2000)
[2025-09-24 16:07:37] Macro Winrate          :  42.0%
[2025-09-24 16:07:37] Macro Ø-Reward         :  1.793
[2025-09-24 16:07:37] Winrate vs max_combo   :  13.0% | Σ-Reward:  2028.0 | Ø-Reward:  1.014 | Places: [260 (0.13), 365 (0.18), 518 (0.26), 857 (0.43)]
[2025-09-24 16:07:37] Winrate vs random2     :  30.1% | Σ-Reward:  3375.0 | Ø-Reward:  1.688 | Places: [601 (0.30), 554 (0.28), 464 (0.23), 381 (0.19)]
[2025-09-24 16:07:37] Winrate vs single_only :  82.8% | Σ-Reward:  5354.0 | Ø-Reward:  2.677 | Places: [1657 (0.83), 128 (0.06), 127 (0.06), 88 (0.04)]
[2025-09-24 16:07:41] Timing @ep 10000: episode 35.7s | train 0.191s | eval 31.1s | plot 4.4s | save 0.002s | cum 0.07h
[2025-09-24 16:09:57] 
[2025-09-24 16:09:57] Benchmark @train_ep   15000 (bench_eps: 2000)
[2025-09-24 16:09:57] Macro Winrate          :  41.2%
[2025-09-24 16:09:57] Macro Ø-Reward         :  1.800
[2025-09-24 16:09:57] Winrate vs max_combo   :  13.7% | Σ-Reward:  2137.0 | Ø-Reward:  1.069 | Places: [274 (0.14), 399 (0.20), 517 (0.26), 810 (0.41)]
[2025-09-24 16:09:57] Winrate vs random2     :  32.5% | Σ-Reward:  3532.0 | Ø-Reward:  1.766 | Places: [650 (0.33), 572 (0.29), 438 (0.22), 340 (0.17)]
[2025-09-24 16:09:57] Winrate vs single_only :  77.5% | Σ-Reward:  5129.0 | Ø-Reward:  2.564 | Places: [1549 (0.77), 177 (0.09), 128 (0.06), 146 (0.07)]
[2025-09-24 16:10:03] Timing @ep 15000: episode 37.3s | train 0.191s | eval 31.4s | plot 5.7s | save 0.001s | cum 0.11h
[2025-09-24 16:12:19] 
[2025-09-24 16:12:19] Benchmark @train_ep   20000 (bench_eps: 2000)
[2025-09-24 16:12:19] Macro Winrate          :  37.4%
[2025-09-24 16:12:19] Macro Ø-Reward         :  1.711
[2025-09-24 16:12:19] Winrate vs max_combo   :  13.4% | Σ-Reward:  2123.0 | Ø-Reward:  1.062 | Places: [268 (0.13), 386 (0.19), 547 (0.27), 799 (0.40)]
[2025-09-24 16:12:19] Winrate vs random2     :  31.7% | Σ-Reward:  3394.0 | Ø-Reward:  1.697 | Places: [634 (0.32), 511 (0.26), 470 (0.23), 385 (0.19)]
[2025-09-24 16:12:19] Winrate vs single_only :  67.0% | Σ-Reward:  4750.0 | Ø-Reward:  2.375 | Places: [1340 (0.67), 268 (0.13), 194 (0.10), 198 (0.10)]
[2025-09-24 16:12:25] Timing @ep 20000: episode 39.8s | train 0.161s | eval 33.8s | plot 5.8s | save 0.001s | cum 0.15h
[2025-09-24 16:14:32] 
[2025-09-24 16:14:32] Benchmark @train_ep   25000 (bench_eps: 2000)
[2025-09-24 16:14:32] Macro Winrate          :  42.8%
[2025-09-24 16:14:32] Macro Ø-Reward         :  1.878
[2025-09-24 16:14:32] Winrate vs max_combo   :  19.1% | Σ-Reward:  2605.0 | Ø-Reward:  1.302 | Places: [382 (0.19), 455 (0.23), 549 (0.27), 614 (0.31)]
[2025-09-24 16:14:32] Winrate vs random2     :  42.0% | Σ-Reward:  3924.0 | Ø-Reward:  1.962 | Places: [841 (0.42), 530 (0.27), 341 (0.17), 288 (0.14)]
[2025-09-24 16:14:32] Winrate vs single_only :  67.2% | Σ-Reward:  4740.0 | Ø-Reward:  2.370 | Places: [1343 (0.67), 257 (0.13), 197 (0.10), 203 (0.10)]
[2025-09-24 16:14:39] Timing @ep 25000: episode 38.6s | train 0.373s | eval 31.4s | plot 6.7s | save 0.002s | cum 0.19h
[2025-09-24 16:16:34] 
[2025-09-24 16:16:34] Benchmark @train_ep   30000 (bench_eps: 2000)
[2025-09-24 16:16:34] Macro Winrate          :  48.7%
[2025-09-24 16:16:34] Macro Ø-Reward         :  2.009
[2025-09-24 16:16:34] Winrate vs max_combo   :  20.9% | Σ-Reward:  2689.0 | Ø-Reward:  1.345 | Places: [419 (0.21), 469 (0.23), 494 (0.25), 618 (0.31)]
[2025-09-24 16:16:34] Winrate vs random2     :  41.6% | Σ-Reward:  3949.0 | Ø-Reward:  1.974 | Places: [833 (0.42), 537 (0.27), 376 (0.19), 254 (0.13)]
[2025-09-24 16:16:34] Winrate vs single_only :  83.5% | Σ-Reward:  5418.0 | Ø-Reward:  2.709 | Places: [1669 (0.83), 155 (0.08), 101 (0.05), 75 (0.04)]
[2025-09-24 16:16:40] Timing @ep 30000: episode 34.7s | train 0.130s | eval 27.9s | plot 6.7s | save 0.002s | cum 0.22h
[2025-09-24 16:18:50] 
[2025-09-24 16:18:50] Benchmark @train_ep   35000 (bench_eps: 2000)
[2025-09-24 16:18:50] Macro Winrate          :  51.9%
[2025-09-24 16:18:50] Macro Ø-Reward         :  2.089
[2025-09-24 16:18:50] Winrate vs max_combo   :  23.9% | Σ-Reward:  2932.0 | Ø-Reward:  1.466 | Places: [477 (0.24), 487 (0.24), 527 (0.26), 509 (0.25)]
[2025-09-24 16:18:50] Winrate vs random2     :  46.4% | Σ-Reward:  4150.0 | Ø-Reward:  2.075 | Places: [928 (0.46), 513 (0.26), 340 (0.17), 219 (0.11)]
[2025-09-24 16:18:50] Winrate vs single_only :  85.5% | Σ-Reward:  5452.0 | Ø-Reward:  2.726 | Places: [1709 (0.85), 127 (0.06), 71 (0.04), 93 (0.05)]
[2025-09-24 16:18:58] Timing @ep 35000: episode 37.1s | train 0.162s | eval 29.5s | plot 7.5s | save 0.002s | cum 0.26h
[2025-09-24 16:20:51] 
[2025-09-24 16:20:51] Benchmark @train_ep   40000 (bench_eps: 2000)
[2025-09-24 16:20:51] Macro Winrate          :  59.3%
[2025-09-24 16:20:51] Macro Ø-Reward         :  2.268
[2025-09-24 16:20:51] Winrate vs max_combo   :  27.9% | Σ-Reward:  3159.0 | Ø-Reward:  1.579 | Places: [557 (0.28), 507 (0.25), 474 (0.24), 462 (0.23)]
[2025-09-24 16:20:51] Winrate vs random2     :  58.1% | Σ-Reward:  4679.0 | Ø-Reward:  2.340 | Places: [1162 (0.58), 483 (0.24), 227 (0.11), 128 (0.06)]
[2025-09-24 16:20:51] Winrate vs single_only :  91.9% | Σ-Reward:  5767.0 | Ø-Reward:  2.884 | Places: [1838 (0.92), 105 (0.05), 43 (0.02), 14 (0.01)]
[2025-09-24 16:20:59] Timing @ep 40000: episode 34.3s | train 0.125s | eval 26.3s | plot 7.8s | save 0.002s | cum 0.29h
[2025-09-24 16:22:52] 
[2025-09-24 16:22:52] Benchmark @train_ep   45000 (bench_eps: 2000)
[2025-09-24 16:22:52] Macro Winrate          :  60.4%
[2025-09-24 16:22:52] Macro Ø-Reward         :  2.294
[2025-09-24 16:22:52] Winrate vs max_combo   :  28.1% | Σ-Reward:  3199.0 | Ø-Reward:  1.599 | Places: [562 (0.28), 525 (0.26), 463 (0.23), 450 (0.23)]
[2025-09-24 16:22:52] Winrate vs random2     :  60.7% | Σ-Reward:  4774.0 | Ø-Reward:  2.387 | Places: [1214 (0.61), 474 (0.24), 184 (0.09), 128 (0.06)]
[2025-09-24 16:22:52] Winrate vs single_only :  92.5% | Σ-Reward:  5790.0 | Ø-Reward:  2.895 | Places: [1850 (0.93), 98 (0.05), 44 (0.02), 8 (0.00)]
[2025-09-24 16:23:00] Timing @ep 45000: episode 34.9s | train 0.117s | eval 26.2s | plot 8.6s | save 0.001s | cum 0.33h
[2025-09-24 16:24:56] 
[2025-09-24 16:24:56] Benchmark @train_ep   50000 (bench_eps: 2000)
[2025-09-24 16:24:56] Macro Winrate          :  63.0%
[2025-09-24 16:24:56] Macro Ø-Reward         :  2.347
[2025-09-24 16:24:56] Winrate vs max_combo   :  30.0% | Σ-Reward:  3360.0 | Ø-Reward:  1.680 | Places: [600 (0.30), 553 (0.28), 454 (0.23), 393 (0.20)]
[2025-09-24 16:24:56] Winrate vs random2     :  69.2% | Σ-Reward:  5061.0 | Ø-Reward:  2.530 | Places: [1383 (0.69), 382 (0.19), 148 (0.07), 87 (0.04)]
[2025-09-24 16:24:56] Winrate vs single_only :  90.0% | Σ-Reward:  5662.0 | Ø-Reward:  2.831 | Places: [1799 (0.90), 106 (0.05), 53 (0.03), 42 (0.02)]
[2025-09-24 16:25:05] Timing @ep 50000: episode 35.2s | train 0.130s | eval 25.7s | plot 9.3s | save 0.002s | cum 0.36h
[2025-09-24 16:26:54] 
[2025-09-24 16:26:54] Benchmark @train_ep   55000 (bench_eps: 2000)
[2025-09-24 16:26:54] Macro Winrate          :  64.4%
[2025-09-24 16:26:54] Macro Ø-Reward         :  2.363
[2025-09-24 16:26:54] Winrate vs max_combo   :  32.9% | Σ-Reward:  3420.0 | Ø-Reward:  1.710 | Places: [657 (0.33), 499 (0.25), 451 (0.23), 393 (0.20)]
[2025-09-24 16:26:54] Winrate vs random2     :  67.4% | Σ-Reward:  4982.0 | Ø-Reward:  2.491 | Places: [1348 (0.67), 391 (0.20), 156 (0.08), 105 (0.05)]
[2025-09-24 16:26:54] Winrate vs single_only :  92.8% | Σ-Reward:  5777.0 | Ø-Reward:  2.889 | Places: [1857 (0.93), 84 (0.04), 38 (0.02), 21 (0.01)]
[2025-09-24 16:27:03] Timing @ep 55000: episode 35.4s | train 0.128s | eval 25.7s | plot 9.5s | save 0.002s | cum 0.39h
[2025-09-24 16:28:55] 
[2025-09-24 16:28:55] Benchmark @train_ep   60000 (bench_eps: 2000)
[2025-09-24 16:28:55] Macro Winrate          :  65.3%
[2025-09-24 16:28:55] Macro Ø-Reward         :  2.416
[2025-09-24 16:28:55] Winrate vs max_combo   :  35.9% | Σ-Reward:  3616.0 | Ø-Reward:  1.808 | Places: [718 (0.36), 537 (0.27), 388 (0.19), 357 (0.18)]
[2025-09-24 16:28:55] Winrate vs random2     :  69.3% | Σ-Reward:  5109.0 | Ø-Reward:  2.554 | Places: [1387 (0.69), 406 (0.20), 136 (0.07), 71 (0.04)]
[2025-09-24 16:28:55] Winrate vs single_only :  90.8% | Σ-Reward:  5770.0 | Ø-Reward:  2.885 | Places: [1816 (0.91), 146 (0.07), 30 (0.01), 8 (0.00)]
[2025-09-24 16:29:06] Timing @ep 60000: episode 37.6s | train 0.126s | eval 26.4s | plot 11.0s | save 0.002s | cum 0.43h
[2025-09-24 16:30:55] 
[2025-09-24 16:30:55] Benchmark @train_ep   65000 (bench_eps: 2000)
[2025-09-24 16:30:55] Macro Winrate          :  65.0%
[2025-09-24 16:30:55] Macro Ø-Reward         :  2.401
[2025-09-24 16:30:55] Winrate vs max_combo   :  33.9% | Σ-Reward:  3554.0 | Ø-Reward:  1.777 | Places: [678 (0.34), 548 (0.27), 424 (0.21), 350 (0.17)]
[2025-09-24 16:30:55] Winrate vs random2     :  72.2% | Σ-Reward:  5169.0 | Ø-Reward:  2.584 | Places: [1444 (0.72), 359 (0.18), 119 (0.06), 78 (0.04)]
[2025-09-24 16:30:55] Winrate vs single_only :  89.0% | Σ-Reward:  5683.0 | Ø-Reward:  2.841 | Places: [1780 (0.89), 142 (0.07), 59 (0.03), 19 (0.01)]
[2025-09-24 16:31:07] Timing @ep 65000: episode 40.4s | train 0.121s | eval 28.4s | plot 11.9s | save 0.002s | cum 0.46h
[2025-09-24 16:32:59] 
[2025-09-24 16:32:59] Benchmark @train_ep   70000 (bench_eps: 2000)
[2025-09-24 16:32:59] Macro Winrate          :  65.6%
[2025-09-24 16:32:59] Macro Ø-Reward         :  2.416
[2025-09-24 16:32:59] Winrate vs max_combo   :  35.0% | Σ-Reward:  3600.0 | Ø-Reward:  1.800 | Places: [700 (0.35), 531 (0.27), 438 (0.22), 331 (0.17)]
[2025-09-24 16:32:59] Winrate vs random2     :  72.8% | Σ-Reward:  5168.0 | Ø-Reward:  2.584 | Places: [1455 (0.73), 336 (0.17), 131 (0.07), 78 (0.04)]
[2025-09-24 16:32:59] Winrate vs single_only :  89.0% | Σ-Reward:  5730.0 | Ø-Reward:  2.865 | Places: [1780 (0.89), 180 (0.09), 30 (0.01), 10 (0.01)]
[2025-09-24 16:33:11] Timing @ep 70000: episode 38.5s | train 0.129s | eval 26.8s | plot 11.6s | save 0.001s | cum 0.50h
[2025-09-24 16:34:45] 
[2025-09-24 16:34:45] Benchmark @train_ep   75000 (bench_eps: 2000)
[2025-09-24 16:34:45] Macro Winrate          :  66.3%
[2025-09-24 16:34:45] Macro Ø-Reward         :  2.427
[2025-09-24 16:34:45] Winrate vs max_combo   :  35.2% | Σ-Reward:  3638.0 | Ø-Reward:  1.819 | Places: [704 (0.35), 542 (0.27), 442 (0.22), 312 (0.16)]
[2025-09-24 16:34:45] Winrate vs random2     :  73.2% | Σ-Reward:  5189.0 | Ø-Reward:  2.595 | Places: [1464 (0.73), 336 (0.17), 125 (0.06), 75 (0.04)]
[2025-09-24 16:34:45] Winrate vs single_only :  90.5% | Σ-Reward:  5737.0 | Ø-Reward:  2.869 | Places: [1809 (0.90), 136 (0.07), 38 (0.02), 17 (0.01)]
[2025-09-24 16:34:57] Timing @ep 75000: episode 32.5s | train 0.105s | eval 20.2s | plot 12.1s | save 0.002s | cum 0.52h
[2025-09-24 16:36:50] 
[2025-09-24 16:36:50] Benchmark @train_ep   80000 (bench_eps: 2000)
[2025-09-24 16:36:50] Macro Winrate          :  65.2%
[2025-09-24 16:36:50] Macro Ø-Reward         :  2.409
[2025-09-24 16:36:50] Winrate vs max_combo   :  36.1% | Σ-Reward:  3648.0 | Ø-Reward:  1.824 | Places: [723 (0.36), 531 (0.27), 417 (0.21), 329 (0.16)]
[2025-09-24 16:36:50] Winrate vs random2     :  69.5% | Σ-Reward:  5075.0 | Ø-Reward:  2.538 | Places: [1391 (0.70), 379 (0.19), 144 (0.07), 86 (0.04)]
[2025-09-24 16:36:50] Winrate vs single_only :  89.8% | Σ-Reward:  5733.0 | Ø-Reward:  2.866 | Places: [1797 (0.90), 151 (0.08), 40 (0.02), 12 (0.01)]
[2025-09-24 16:37:03] Timing @ep 80000: episode 40.0s | train 0.124s | eval 26.8s | plot 13.0s | save 0.002s | cum 0.56h
[2025-09-24 16:39:00] 
[2025-09-24 16:39:00] Benchmark @train_ep   85000 (bench_eps: 2000)
[2025-09-24 16:39:00] Macro Winrate          :  66.5%
[2025-09-24 16:39:00] Macro Ø-Reward         :  2.434
[2025-09-24 16:39:00] Winrate vs max_combo   :  36.2% | Σ-Reward:  3688.0 | Ø-Reward:  1.844 | Places: [724 (0.36), 564 (0.28), 388 (0.19), 324 (0.16)]
[2025-09-24 16:39:00] Winrate vs random2     :  71.2% | Σ-Reward:  5120.0 | Ø-Reward:  2.560 | Places: [1423 (0.71), 358 (0.18), 135 (0.07), 84 (0.04)]
[2025-09-24 16:39:00] Winrate vs single_only :  92.2% | Σ-Reward:  5794.0 | Ø-Reward:  2.897 | Places: [1844 (0.92), 119 (0.06), 24 (0.01), 13 (0.01)]
[2025-09-24 16:39:14] Timing @ep 85000: episode 42.5s | train 0.121s | eval 28.5s | plot 13.8s | save 0.001s | cum 0.60h
[2025-09-24 16:41:15] 
[2025-09-24 16:41:15] Benchmark @train_ep   90000 (bench_eps: 2000)
[2025-09-24 16:41:15] Macro Winrate          :  65.7%
[2025-09-24 16:41:15] Macro Ø-Reward         :  2.438
[2025-09-24 16:41:15] Winrate vs max_combo   :  39.0% | Σ-Reward:  3835.0 | Ø-Reward:  1.917 | Places: [780 (0.39), 545 (0.27), 405 (0.20), 270 (0.14)]
[2025-09-24 16:41:15] Winrate vs random2     :  73.2% | Σ-Reward:  5187.0 | Ø-Reward:  2.594 | Places: [1463 (0.73), 338 (0.17), 122 (0.06), 77 (0.04)]
[2025-09-24 16:41:15] Winrate vs single_only :  84.9% | Σ-Reward:  5603.0 | Ø-Reward:  2.801 | Places: [1698 (0.85), 230 (0.12), 49 (0.02), 23 (0.01)]
[2025-09-24 16:41:29] Timing @ep 90000: episode 42.7s | train 0.120s | eval 28.5s | plot 14.0s | save 0.002s | cum 0.63h
[2025-09-24 16:43:23] 
[2025-09-24 16:43:23] Benchmark @train_ep   95000 (bench_eps: 2000)
[2025-09-24 16:43:23] Macro Winrate          :  67.0%
[2025-09-24 16:43:23] Macro Ø-Reward         :  2.427
[2025-09-24 16:43:23] Winrate vs max_combo   :  36.6% | Σ-Reward:  3615.0 | Ø-Reward:  1.808 | Places: [732 (0.37), 498 (0.25), 423 (0.21), 347 (0.17)]
[2025-09-24 16:43:23] Winrate vs random2     :  72.5% | Σ-Reward:  5173.0 | Ø-Reward:  2.587 | Places: [1451 (0.73), 348 (0.17), 124 (0.06), 77 (0.04)]
[2025-09-24 16:43:23] Winrate vs single_only :  91.8% | Σ-Reward:  5772.0 | Ø-Reward:  2.886 | Places: [1835 (0.92), 120 (0.06), 27 (0.01), 18 (0.01)]
[2025-09-24 16:43:36] Timing @ep 95000: episode 40.2s | train 0.136s | eval 26.9s | plot 13.2s | save 0.002s | cum 0.67h
[2025-09-24 16:45:30] 
[2025-09-24 16:45:30] Benchmark @train_ep  100000 (bench_eps: 2000)
[2025-09-24 16:45:30] Macro Winrate          :  66.4%
[2025-09-24 16:45:30] Macro Ø-Reward         :  2.428
[2025-09-24 16:45:30] Winrate vs max_combo   :  37.4% | Σ-Reward:  3706.0 | Ø-Reward:  1.853 | Places: [748 (0.37), 556 (0.28), 350 (0.17), 346 (0.17)]
[2025-09-24 16:45:30] Winrate vs random2     :  70.0% | Σ-Reward:  5075.0 | Ø-Reward:  2.538 | Places: [1399 (0.70), 369 (0.18), 140 (0.07), 92 (0.05)]
[2025-09-24 16:45:30] Winrate vs single_only :  91.8% | Σ-Reward:  5784.0 | Ø-Reward:  2.892 | Places: [1837 (0.92), 122 (0.06), 29 (0.01), 12 (0.01)]
[2025-09-24 16:45:44] Timing @ep 100000: episode 41.1s | train 0.122s | eval 26.8s | plot 14.2s | save 0.002s | cum 0.70h
[2025-09-24 16:45:44] 
[2025-09-24 16:45:44] Gesamtzeit: 0.70h (~ 39.44 eps/s)
[2025-09-24 16:45:44] k4a2, Shared Policy Selfplay (DQN, Bundle-Updates, 1 Prozess). Training abgeschlossen.
[2025-09-24 16:45:44] Path: /home/wasterix/OpenSpiel/open_spiel/President/models/k4a2/model_42
