[2025-09-25 06:20:30] New Training (k4a2): Shared-Policy DQN — In-Proc External Trainer (Bundle-Updates)
[2025-09-25 06:20:30] Deck_Size: 64
[2025-09-25 06:20:30] Episodes: 100000
[2025-09-25 06:20:30] Path: /home/wasterix/Multiagent/OpenSpiel_neu/open_spiel/President/models/k4a2/model_49
[2025-09-25 06:21:59] 
[2025-09-25 06:21:59] Benchmark @train_ep    5000 (bench_eps: 2000)
[2025-09-25 06:21:59] Macro Winrate          :  39.0%
[2025-09-25 06:21:59] Macro Ø-Reward         :  1.711
[2025-09-25 06:21:59] Winrate vs max_combo   :  11.9% | Σ-Reward:  1895.0 | Ø-Reward:  0.948 | Places: [238 (0.12), 328 (0.16), 525 (0.26), 909 (0.45)]
[2025-09-25 06:21:59] Winrate vs random2     :  27.8% | Σ-Reward:  3242.0 | Ø-Reward:  1.621 | Places: [556 (0.28), 556 (0.28), 462 (0.23), 426 (0.21)]
[2025-09-25 06:21:59] Winrate vs single_only :  77.3% | Σ-Reward:  5126.0 | Ø-Reward:  2.563 | Places: [1546 (0.77), 179 (0.09), 130 (0.07), 145 (0.07)]
[2025-09-25 06:22:05] Timing @ep 5000: episode 29.9s | train 0.142s | eval 23.9s | plot 5.8s | save 0.003s | cum 0.03h
[2025-09-25 06:23:53] 
[2025-09-25 06:23:53] Benchmark @train_ep   10000 (bench_eps: 2000)
[2025-09-25 06:23:53] Macro Winrate          :  42.6%
[2025-09-25 06:23:53] Macro Ø-Reward         :  1.795
[2025-09-25 06:23:53] Winrate vs max_combo   :  12.8% | Σ-Reward:  1989.0 | Ø-Reward:  0.995 | Places: [256 (0.13), 342 (0.17), 537 (0.27), 865 (0.43)]
[2025-09-25 06:23:53] Winrate vs random2     :  31.6% | Σ-Reward:  3390.0 | Ø-Reward:  1.695 | Places: [633 (0.32), 528 (0.26), 435 (0.22), 404 (0.20)]
[2025-09-25 06:23:53] Winrate vs single_only :  83.2% | Σ-Reward:  5392.0 | Ø-Reward:  2.696 | Places: [1665 (0.83), 158 (0.08), 81 (0.04), 96 (0.05)]
[2025-09-25 06:23:59] Timing @ep 10000: episode 33.8s | train 0.174s | eval 27.4s | plot 6.2s | save 0.002s | cum 0.06h
[2025-09-25 06:25:42] 
[2025-09-25 06:25:42] Benchmark @train_ep   15000 (bench_eps: 2000)
[2025-09-25 06:25:42] Macro Winrate          :  35.8%
[2025-09-25 06:25:42] Macro Ø-Reward         :  1.636
[2025-09-25 06:25:42] Winrate vs max_combo   :  11.8% | Σ-Reward:  1864.0 | Ø-Reward:  0.932 | Places: [236 (0.12), 336 (0.17), 484 (0.24), 944 (0.47)]
[2025-09-25 06:25:42] Winrate vs random2     :  30.2% | Σ-Reward:  3246.0 | Ø-Reward:  1.623 | Places: [604 (0.30), 509 (0.25), 416 (0.21), 471 (0.24)]
[2025-09-25 06:25:42] Winrate vs single_only :  65.5% | Σ-Reward:  4704.0 | Ø-Reward:  2.352 | Places: [1310 (0.66), 283 (0.14), 208 (0.10), 199 (0.10)]
[2025-09-25 06:25:49] Timing @ep 15000: episode 32.9s | train 0.127s | eval 25.6s | plot 7.2s | save 0.002s | cum 0.09h
[2025-09-25 06:27:25] 
[2025-09-25 06:27:25] Benchmark @train_ep   20000 (bench_eps: 2000)
[2025-09-25 06:27:25] Macro Winrate          :  41.8%
[2025-09-25 06:27:25] Macro Ø-Reward         :  1.759
[2025-09-25 06:27:25] Winrate vs max_combo   :  12.8% | Σ-Reward:  1861.0 | Ø-Reward:  0.930 | Places: [256 (0.13), 279 (0.14), 535 (0.27), 930 (0.47)]
[2025-09-25 06:27:25] Winrate vs random2     :  38.7% | Σ-Reward:  3732.0 | Ø-Reward:  1.866 | Places: [774 (0.39), 523 (0.26), 364 (0.18), 339 (0.17)]
[2025-09-25 06:27:25] Winrate vs single_only :  73.8% | Σ-Reward:  4960.0 | Ø-Reward:  2.480 | Places: [1475 (0.74), 190 (0.10), 155 (0.08), 180 (0.09)]
[2025-09-25 06:27:34] Timing @ep 20000: episode 32.1s | train 0.151s | eval 23.3s | plot 8.6s | save 0.003s | cum 0.12h
[2025-09-25 06:29:10] 
[2025-09-25 06:29:10] Benchmark @train_ep   25000 (bench_eps: 2000)
[2025-09-25 06:29:10] Macro Winrate          :  41.8%
[2025-09-25 06:29:10] Macro Ø-Reward         :  1.739
[2025-09-25 06:29:10] Winrate vs max_combo   :  16.9% | Σ-Reward:  2106.0 | Ø-Reward:  1.053 | Places: [337 (0.17), 337 (0.17), 421 (0.21), 905 (0.45)]
[2025-09-25 06:29:10] Winrate vs random2     :  40.3% | Σ-Reward:  3543.0 | Ø-Reward:  1.772 | Places: [806 (0.40), 414 (0.21), 297 (0.15), 483 (0.24)]
[2025-09-25 06:29:10] Winrate vs single_only :  68.2% | Σ-Reward:  4787.0 | Ø-Reward:  2.393 | Places: [1364 (0.68), 262 (0.13), 171 (0.09), 203 (0.10)]
[2025-09-25 06:29:19] Timing @ep 25000: episode 34.8s | train 0.136s | eval 24.5s | plot 10.1s | save 0.002s | cum 0.15h
[2025-09-25 06:30:56] 
[2025-09-25 06:30:56] Benchmark @train_ep   30000 (bench_eps: 2000)
[2025-09-25 06:30:56] Macro Winrate          :  47.4%
[2025-09-25 06:30:56] Macro Ø-Reward         :  1.849
[2025-09-25 06:30:56] Winrate vs max_combo   :  20.4% | Σ-Reward:  2208.0 | Ø-Reward:  1.104 | Places: [409 (0.20), 302 (0.15), 377 (0.19), 912 (0.46)]
[2025-09-25 06:30:56] Winrate vs random2     :  47.6% | Σ-Reward:  3879.0 | Ø-Reward:  1.940 | Places: [953 (0.48), 384 (0.19), 252 (0.13), 411 (0.21)]
[2025-09-25 06:30:56] Winrate vs single_only :  74.0% | Σ-Reward:  5005.0 | Ø-Reward:  2.502 | Places: [1481 (0.74), 212 (0.11), 138 (0.07), 169 (0.08)]
[2025-09-25 06:31:06] Timing @ep 30000: episode 35.1s | train 0.144s | eval 25.1s | plot 9.9s | save 0.002s | cum 0.18h
[2025-09-25 06:32:42] 
[2025-09-25 06:32:42] Benchmark @train_ep   35000 (bench_eps: 2000)
[2025-09-25 06:32:42] Macro Winrate          :  37.2%
[2025-09-25 06:32:42] Macro Ø-Reward         :  1.550
[2025-09-25 06:32:42] Winrate vs max_combo   :  13.7% | Σ-Reward:  1646.0 | Ø-Reward:  0.823 | Places: [274 (0.14), 240 (0.12), 344 (0.17), 1142 (0.57)]
[2025-09-25 06:32:42] Winrate vs random2     :  35.2% | Σ-Reward:  3145.0 | Ø-Reward:  1.573 | Places: [704 (0.35), 347 (0.17), 339 (0.17), 610 (0.30)]
[2025-09-25 06:32:42] Winrate vs single_only :  62.9% | Σ-Reward:  4509.0 | Ø-Reward:  2.255 | Places: [1257 (0.63), 252 (0.13), 234 (0.12), 257 (0.13)]
[2025-09-25 06:32:51] Timing @ep 35000: episode 36.6s | train 0.113s | eval 25.4s | plot 11.1s | save 0.002s | cum 0.21h
[2025-09-25 06:34:29] 
[2025-09-25 06:34:29] Benchmark @train_ep   40000 (bench_eps: 2000)
[2025-09-25 06:34:29] Macro Winrate          :  33.4%
[2025-09-25 06:34:29] Macro Ø-Reward         :  1.419
[2025-09-25 06:34:29] Winrate vs max_combo   :  12.7% | Σ-Reward:  1596.0 | Ø-Reward:  0.798 | Places: [253 (0.13), 226 (0.11), 385 (0.19), 1136 (0.57)]
[2025-09-25 06:34:29] Winrate vs random2     :  22.8% | Σ-Reward:  2388.0 | Ø-Reward:  1.194 | Places: [455 (0.23), 279 (0.14), 465 (0.23), 801 (0.40)]
[2025-09-25 06:34:29] Winrate vs single_only :  64.7% | Σ-Reward:  4532.0 | Ø-Reward:  2.266 | Places: [1294 (0.65), 229 (0.11), 192 (0.10), 285 (0.14)]
[2025-09-25 06:34:40] Timing @ep 40000: episode 37.6s | train 0.160s | eval 25.7s | plot 11.7s | save 0.002s | cum 0.25h
[2025-09-25 06:36:19] 
[2025-09-25 06:36:19] Benchmark @train_ep   45000 (bench_eps: 2000)
[2025-09-25 06:36:19] Macro Winrate          :  32.0%
[2025-09-25 06:36:19] Macro Ø-Reward         :  1.379
[2025-09-25 06:36:19] Winrate vs max_combo   :  14.2% | Σ-Reward:  1647.0 | Ø-Reward:  0.824 | Places: [283 (0.14), 206 (0.10), 386 (0.19), 1125 (0.56)]
[2025-09-25 06:36:19] Winrate vs random2     :  24.2% | Σ-Reward:  2477.0 | Ø-Reward:  1.238 | Places: [484 (0.24), 288 (0.14), 449 (0.22), 779 (0.39)]
[2025-09-25 06:36:19] Winrate vs single_only :  57.6% | Σ-Reward:  4147.0 | Ø-Reward:  2.074 | Places: [1153 (0.58), 229 (0.11), 230 (0.12), 388 (0.19)]
[2025-09-25 06:36:31] Timing @ep 45000: episode 39.4s | train 0.148s | eval 26.2s | plot 13.0s | save 0.002s | cum 0.28h
[2025-09-25 06:38:08] 
[2025-09-25 06:38:08] Benchmark @train_ep   50000 (bench_eps: 2000)
[2025-09-25 06:38:08] Macro Winrate          :  34.3%
[2025-09-25 06:38:08] Macro Ø-Reward         :  1.446
[2025-09-25 06:38:08] Winrate vs max_combo   :  12.7% | Σ-Reward:  1602.0 | Ø-Reward:  0.801 | Places: [253 (0.13), 214 (0.11), 415 (0.21), 1118 (0.56)]
[2025-09-25 06:38:08] Winrate vs random2     :  19.6% | Σ-Reward:  2317.0 | Ø-Reward:  1.159 | Places: [391 (0.20), 327 (0.16), 490 (0.24), 792 (0.40)]
[2025-09-25 06:38:08] Winrate vs single_only :  70.7% | Σ-Reward:  4758.0 | Ø-Reward:  2.379 | Places: [1413 (0.71), 175 (0.09), 169 (0.08), 243 (0.12)]
[2025-09-25 06:38:22] Timing @ep 50000: episode 38.6s | train 0.135s | eval 24.5s | plot 13.9s | save 0.002s | cum 0.31h
[2025-09-25 06:40:07] 
[2025-09-25 06:40:07] Benchmark @train_ep   55000 (bench_eps: 2000)
[2025-09-25 06:40:07] Macro Winrate          :  18.7%
[2025-09-25 06:40:07] Macro Ø-Reward         :  0.947
[2025-09-25 06:40:07] Winrate vs max_combo   :   7.4% | Σ-Reward:  1083.0 | Ø-Reward:  0.541 | Places: [148 (0.07), 153 (0.08), 333 (0.17), 1366 (0.68)]
[2025-09-25 06:40:07] Winrate vs random2     :   9.7% | Σ-Reward:  1618.0 | Ø-Reward:  0.809 | Places: [194 (0.10), 251 (0.13), 534 (0.27), 1021 (0.51)]
[2025-09-25 06:40:07] Winrate vs single_only :  39.0% | Σ-Reward:  2980.0 | Ø-Reward:  1.490 | Places: [779 (0.39), 166 (0.08), 311 (0.16), 744 (0.37)]
[2025-09-25 06:40:21] Timing @ep 55000: episode 45.8s | train 0.175s | eval 32.2s | plot 13.5s | save 0.002s | cum 0.34h
[2025-09-25 06:42:04] 
[2025-09-25 06:42:04] Benchmark @train_ep   60000 (bench_eps: 2000)
[2025-09-25 06:42:04] Macro Winrate          :  21.1%
[2025-09-25 06:42:04] Macro Ø-Reward         :  1.095
[2025-09-25 06:42:04] Winrate vs max_combo   :   8.5% | Σ-Reward:  1305.0 | Ø-Reward:  0.652 | Places: [170 (0.09), 202 (0.10), 391 (0.20), 1237 (0.62)]
[2025-09-25 06:42:04] Winrate vs random2     :  14.0% | Σ-Reward:  1923.0 | Ø-Reward:  0.962 | Places: [280 (0.14), 296 (0.15), 491 (0.25), 933 (0.47)]
[2025-09-25 06:42:04] Winrate vs single_only :  40.8% | Σ-Reward:  3339.0 | Ø-Reward:  1.669 | Places: [816 (0.41), 275 (0.14), 341 (0.17), 568 (0.28)]
[2025-09-25 06:42:19] Timing @ep 60000: episode 44.8s | train 0.156s | eval 29.7s | plot 14.9s | save 0.002s | cum 0.38h
[2025-09-25 06:44:03] 
[2025-09-25 06:44:03] Benchmark @train_ep   65000 (bench_eps: 2000)
[2025-09-25 06:44:03] Macro Winrate          :  16.0%
[2025-09-25 06:44:03] Macro Ø-Reward         :  0.971
[2025-09-25 06:44:03] Winrate vs max_combo   :   5.8% | Σ-Reward:  1148.0 | Ø-Reward:  0.574 | Places: [117 (0.06), 203 (0.10), 391 (0.20), 1289 (0.64)]
[2025-09-25 06:44:03] Winrate vs random2     :   9.6% | Σ-Reward:  1701.0 | Ø-Reward:  0.851 | Places: [192 (0.10), 296 (0.15), 533 (0.27), 979 (0.49)]
[2025-09-25 06:44:03] Winrate vs single_only :  32.5% | Σ-Reward:  2976.0 | Ø-Reward:  1.488 | Places: [649 (0.32), 303 (0.15), 423 (0.21), 625 (0.31)]
[2025-09-25 06:44:17] Timing @ep 65000: episode 45.0s | train 0.120s | eval 29.9s | plot 15.0s | save 0.002s | cum 0.41h
[2025-09-25 06:46:04] 
[2025-09-25 06:46:04] Benchmark @train_ep   70000 (bench_eps: 2000)
[2025-09-25 06:46:04] Macro Winrate          :  13.0%
[2025-09-25 06:46:04] Macro Ø-Reward         :  0.940
[2025-09-25 06:46:04] Winrate vs max_combo   :   4.8% | Σ-Reward:  1144.0 | Ø-Reward:  0.572 | Places: [96 (0.05), 198 (0.10), 460 (0.23), 1246 (0.62)]
[2025-09-25 06:46:04] Winrate vs random2     :   9.7% | Σ-Reward:  1738.0 | Ø-Reward:  0.869 | Places: [194 (0.10), 306 (0.15), 544 (0.27), 956 (0.48)]
[2025-09-25 06:46:04] Winrate vs single_only :  24.6% | Σ-Reward:  2756.0 | Ø-Reward:  1.378 | Places: [492 (0.25), 407 (0.20), 466 (0.23), 635 (0.32)]
[2025-09-25 06:46:19] Timing @ep 70000: episode 48.5s | train 0.158s | eval 31.4s | plot 16.9s | save 0.002s | cum 0.45h
[2025-09-25 06:48:05] 
[2025-09-25 06:48:05] Benchmark @train_ep   75000 (bench_eps: 2000)
[2025-09-25 06:48:05] Macro Winrate          :  19.2%
[2025-09-25 06:48:05] Macro Ø-Reward         :  1.161
[2025-09-25 06:48:05] Winrate vs max_combo   :   9.1% | Σ-Reward:  1513.0 | Ø-Reward:  0.756 | Places: [181 (0.09), 279 (0.14), 412 (0.21), 1128 (0.56)]
[2025-09-25 06:48:05] Winrate vs random2     :  13.6% | Σ-Reward:  2067.0 | Ø-Reward:  1.034 | Places: [271 (0.14), 359 (0.18), 536 (0.27), 834 (0.42)]
[2025-09-25 06:48:05] Winrate vs single_only :  35.1% | Σ-Reward:  3386.0 | Ø-Reward:  1.693 | Places: [703 (0.35), 439 (0.22), 399 (0.20), 459 (0.23)]
[2025-09-25 06:48:23] Timing @ep 75000: episode 51.1s | train 0.135s | eval 31.4s | plot 19.5s | save 0.003s | cum 0.48h
[2025-09-25 06:50:09] 
[2025-09-25 06:50:09] Benchmark @train_ep   80000 (bench_eps: 2000)
[2025-09-25 06:50:09] Macro Winrate          :  19.6%
[2025-09-25 06:50:09] Macro Ø-Reward         :  1.184
[2025-09-25 06:50:09] Winrate vs max_combo   :  11.5% | Σ-Reward:  1714.0 | Ø-Reward:  0.857 | Places: [230 (0.12), 260 (0.13), 504 (0.25), 1006 (0.50)]
[2025-09-25 06:50:09] Winrate vs random2     :  18.1% | Σ-Reward:  2346.0 | Ø-Reward:  1.173 | Places: [361 (0.18), 372 (0.19), 519 (0.26), 748 (0.37)]
[2025-09-25 06:50:09] Winrate vs single_only :  29.2% | Σ-Reward:  3043.0 | Ø-Reward:  1.522 | Places: [585 (0.29), 420 (0.21), 448 (0.22), 547 (0.27)]
[2025-09-25 06:50:26] Timing @ep 80000: episode 49.3s | train 0.161s | eval 30.5s | plot 18.6s | save 0.002s | cum 0.52h
[2025-09-25 06:52:13] 
[2025-09-25 06:52:13] Benchmark @train_ep   85000 (bench_eps: 2000)
[2025-09-25 06:52:13] Macro Winrate          :  16.1%
[2025-09-25 06:52:13] Macro Ø-Reward         :  1.042
[2025-09-25 06:52:13] Winrate vs max_combo   :   6.3% | Σ-Reward:  1280.0 | Ø-Reward:  0.640 | Places: [126 (0.06), 236 (0.12), 430 (0.21), 1208 (0.60)]
[2025-09-25 06:52:13] Winrate vs random2     :  12.2% | Σ-Reward:  1974.0 | Ø-Reward:  0.987 | Places: [244 (0.12), 350 (0.17), 542 (0.27), 864 (0.43)]
[2025-09-25 06:52:13] Winrate vs single_only :  29.9% | Σ-Reward:  2998.0 | Ø-Reward:  1.499 | Places: [597 (0.30), 385 (0.19), 437 (0.22), 581 (0.29)]
[2025-09-25 06:52:32] Timing @ep 85000: episode 52.5s | train 0.184s | eval 31.4s | plot 20.9s | save 0.003s | cum 0.56h
[2025-09-25 06:54:18] 
[2025-09-25 06:54:18] Benchmark @train_ep   90000 (bench_eps: 2000)
[2025-09-25 06:54:18] Macro Winrate          :  23.8%
[2025-09-25 06:54:18] Macro Ø-Reward         :  1.335
[2025-09-25 06:54:18] Winrate vs max_combo   :  13.2% | Σ-Reward:  1879.0 | Ø-Reward:  0.940 | Places: [265 (0.13), 324 (0.16), 436 (0.22), 975 (0.49)]
[2025-09-25 06:54:18] Winrate vs random2     :  22.9% | Σ-Reward:  2764.0 | Ø-Reward:  1.382 | Places: [458 (0.23), 461 (0.23), 468 (0.23), 613 (0.31)]
[2025-09-25 06:54:18] Winrate vs single_only :  35.4% | Σ-Reward:  3370.0 | Ø-Reward:  1.685 | Places: [708 (0.35), 399 (0.20), 448 (0.22), 445 (0.22)]
[2025-09-25 06:54:38] Timing @ep 90000: episode 52.6s | train 0.183s | eval 30.3s | plot 22.1s | save 0.002s | cum 0.59h
[2025-09-25 06:56:25] 
[2025-09-25 06:56:25] Benchmark @train_ep   95000 (bench_eps: 2000)
[2025-09-25 06:56:25] Macro Winrate          :  12.0%
[2025-09-25 06:56:25] Macro Ø-Reward         :  0.877
[2025-09-25 06:56:25] Winrate vs max_combo   :   8.1% | Σ-Reward:  1248.0 | Ø-Reward:  0.624 | Places: [162 (0.08), 194 (0.10), 374 (0.19), 1270 (0.64)]
[2025-09-25 06:56:25] Winrate vs random2     :  10.8% | Σ-Reward:  1826.0 | Ø-Reward:  0.913 | Places: [216 (0.11), 330 (0.17), 518 (0.26), 936 (0.47)]
[2025-09-25 06:56:25] Winrate vs single_only :  17.1% | Σ-Reward:  2187.0 | Ø-Reward:  1.093 | Places: [343 (0.17), 349 (0.17), 460 (0.23), 848 (0.42)]
[2025-09-25 06:56:45] Timing @ep 95000: episode 53.0s | train 0.168s | eval 31.5s | plot 21.3s | save 0.002s | cum 0.63h
[2025-09-25 06:58:32] 
[2025-09-25 06:58:32] Benchmark @train_ep  100000 (bench_eps: 2000)
[2025-09-25 06:58:32] Macro Winrate          :  16.7%
[2025-09-25 06:58:32] Macro Ø-Reward         :  1.027
[2025-09-25 06:58:32] Winrate vs max_combo   :   9.2% | Σ-Reward:  1411.0 | Ø-Reward:  0.706 | Places: [185 (0.09), 227 (0.11), 402 (0.20), 1186 (0.59)]
[2025-09-25 06:58:32] Winrate vs random2     :  16.3% | Σ-Reward:  2193.0 | Ø-Reward:  1.097 | Places: [326 (0.16), 355 (0.18), 505 (0.25), 814 (0.41)]
[2025-09-25 06:58:32] Winrate vs single_only :  24.5% | Σ-Reward:  2555.0 | Ø-Reward:  1.278 | Places: [490 (0.24), 331 (0.17), 423 (0.21), 756 (0.38)]
[2025-09-25 06:58:55] Timing @ep 100000: episode 53.3s | train 0.178s | eval 30.1s | plot 23.0s | save 0.002s | cum 0.67h
[2025-09-25 06:58:55] 
[2025-09-25 06:58:55] Gesamtzeit: 0.67h (~ 41.56 eps/s)
[2025-09-25 06:58:55] k4a2, Shared Policy Selfplay (DQN, Bundle-Updates, 1 Prozess). Training abgeschlossen.
[2025-09-25 06:58:55] Path: /home/wasterix/Multiagent/OpenSpiel_neu/open_spiel/President/models/k4a2/model_49
