[2025-08-23 09:21:46] New Training (k4a1): Shared-Policy PPO — In-Proc External Trainer (Bundle-Updates)
[2025-08-23 09:21:46] Deck_Size: 64
[2025-08-23 09:21:46] Episodes: 10000
[2025-08-23 09:21:46] Path: /home/wasterix/OpenSpiel/open_spiel/President/models/k4a1/model_33
[2025-08-23 09:23:20] 
[2025-08-23 09:23:20] Benchmark @train_ep     500 (bench_eps: 2000)
[2025-08-23 09:23:20] Macro Winrate          :  27.8%
[2025-08-23 09:23:20] Macro Ø-Reward         :  1.458
[2025-08-23 09:23:20] Winrate vs max_combo   :  11.2% | Σ-Reward:  1692.0 | Ø-Reward:  0.846 | Places: [223 (0.11), 279 (0.14), 465 (0.23), 1033 (0.52)]
[2025-08-23 09:23:20] Winrate vs random2     :  33.6% | Σ-Reward:  3480.0 | Ø-Reward:  1.740 | Places: [673 (0.34), 523 (0.26), 415 (0.21), 389 (0.19)]
[2025-08-23 09:23:20] Winrate vs single_only :  38.6% | Σ-Reward:  3579.0 | Ø-Reward:  1.790 | Places: [773 (0.39), 411 (0.21), 438 (0.22), 378 (0.19)]
[2025-08-23 09:23:22] Timing @ep 500: episode 59.3s | train 0.033s | eval 57.7s | plot 1.5s | save 0.004s | cum 0.03h
[2025-08-23 09:24:38] 
[2025-08-23 09:24:38] Benchmark @train_ep    1000 (bench_eps: 2000)
[2025-08-23 09:24:38] Macro Winrate          :  33.0%
[2025-08-23 09:24:38] Macro Ø-Reward         :  1.580
[2025-08-23 09:24:38] Winrate vs max_combo   :  12.1% | Σ-Reward:  1894.0 | Ø-Reward:  0.947 | Places: [242 (0.12), 336 (0.17), 496 (0.25), 926 (0.46)]
[2025-08-23 09:24:38] Winrate vs random2     :  34.6% | Σ-Reward:  3443.0 | Ø-Reward:  1.722 | Places: [693 (0.35), 470 (0.23), 424 (0.21), 413 (0.21)]
[2025-08-23 09:24:38] Winrate vs single_only :  52.2% | Σ-Reward:  4142.0 | Ø-Reward:  2.071 | Places: [1044 (0.52), 354 (0.18), 302 (0.15), 300 (0.15)]
[2025-08-23 09:24:39] Timing @ep 1000: episode 50.4s | train 0.064s | eval 49.0s | plot 1.3s | save 0.001s | cum 0.05h
[2025-08-23 09:26:13] 
[2025-08-23 09:26:13] Benchmark @train_ep    1500 (bench_eps: 2000)
[2025-08-23 09:26:13] Macro Winrate          :  38.3%
[2025-08-23 09:26:13] Macro Ø-Reward         :  1.740
[2025-08-23 09:26:13] Winrate vs max_combo   :  12.0% | Σ-Reward:  1919.0 | Ø-Reward:  0.960 | Places: [240 (0.12), 357 (0.18), 485 (0.24), 918 (0.46)]
[2025-08-23 09:26:13] Winrate vs random2     :  39.0% | Σ-Reward:  3807.0 | Ø-Reward:  1.903 | Places: [781 (0.39), 539 (0.27), 386 (0.19), 294 (0.15)]
[2025-08-23 09:26:13] Winrate vs single_only :  63.9% | Σ-Reward:  4717.0 | Ø-Reward:  2.358 | Places: [1277 (0.64), 326 (0.16), 234 (0.12), 163 (0.08)]
[2025-08-23 09:26:15] Timing @ep 1500: episode 71.9s | train 0.257s | eval 69.7s | plot 1.8s | save 0.002s | cum 0.07h
[2025-08-23 09:27:44] 
[2025-08-23 09:27:44] Benchmark @train_ep    2000 (bench_eps: 2000)
[2025-08-23 09:27:44] Macro Winrate          :  40.2%
[2025-08-23 09:27:44] Macro Ø-Reward         :  1.786
[2025-08-23 09:27:44] Winrate vs max_combo   :  14.3% | Σ-Reward:  2078.0 | Ø-Reward:  1.039 | Places: [287 (0.14), 338 (0.17), 541 (0.27), 834 (0.42)]
[2025-08-23 09:27:44] Winrate vs random2     :  38.4% | Σ-Reward:  3766.0 | Ø-Reward:  1.883 | Places: [768 (0.38), 536 (0.27), 390 (0.20), 306 (0.15)]
[2025-08-23 09:27:44] Winrate vs single_only :  68.0% | Σ-Reward:  4871.0 | Ø-Reward:  2.436 | Places: [1359 (0.68), 290 (0.14), 214 (0.11), 137 (0.07)]
[2025-08-23 09:27:46] Timing @ep 2000: episode 65.8s | train 0.031s | eval 63.8s | plot 1.9s | save 0.002s | cum 0.10h
[2025-08-23 09:29:38] 
[2025-08-23 09:29:38] Benchmark @train_ep    2500 (bench_eps: 2000)
[2025-08-23 09:29:38] Macro Winrate          :  38.0%
[2025-08-23 09:29:38] Macro Ø-Reward         :  1.734
[2025-08-23 09:29:38] Winrate vs max_combo   :  13.2% | Σ-Reward:  2021.0 | Ø-Reward:  1.010 | Places: [263 (0.13), 336 (0.17), 560 (0.28), 841 (0.42)]
[2025-08-23 09:29:38] Winrate vs random2     :  36.2% | Σ-Reward:  3706.0 | Ø-Reward:  1.853 | Places: [725 (0.36), 537 (0.27), 457 (0.23), 281 (0.14)]
[2025-08-23 09:29:38] Winrate vs single_only :  64.7% | Σ-Reward:  4680.0 | Ø-Reward:  2.340 | Places: [1293 (0.65), 291 (0.15), 219 (0.11), 197 (0.10)]
[2025-08-23 09:29:39] Timing @ep 2500: episode 73.7s | train 0.114s | eval 72.1s | plot 1.3s | save 0.002s | cum 0.13h
[2025-08-23 09:30:46] 
[2025-08-23 09:30:46] Benchmark @train_ep    3000 (bench_eps: 2000)
[2025-08-23 09:30:46] Macro Winrate          :  36.6%
[2025-08-23 09:30:46] Macro Ø-Reward         :  1.694
[2025-08-23 09:30:46] Winrate vs max_combo   :  14.6% | Σ-Reward:  2082.0 | Ø-Reward:  1.041 | Places: [292 (0.15), 361 (0.18), 484 (0.24), 863 (0.43)]
[2025-08-23 09:30:46] Winrate vs random2     :  36.0% | Σ-Reward:  3667.0 | Ø-Reward:  1.833 | Places: [720 (0.36), 565 (0.28), 377 (0.19), 338 (0.17)]
[2025-08-23 09:30:46] Winrate vs single_only :  59.4% | Σ-Reward:  4414.0 | Ø-Reward:  2.207 | Places: [1187 (0.59), 299 (0.15), 255 (0.13), 259 (0.13)]
[2025-08-23 09:30:47] Timing @ep 3000: episode 48.2s | train 0.037s | eval 46.4s | plot 1.7s | save 0.002s | cum 0.15h
[2025-08-23 09:32:21] 
[2025-08-23 09:32:21] Benchmark @train_ep    3500 (bench_eps: 2000)
[2025-08-23 09:32:21] Macro Winrate          :  38.0%
[2025-08-23 09:32:21] Macro Ø-Reward         :  1.730
[2025-08-23 09:32:21] Winrate vs max_combo   :  13.4% | Σ-Reward:  2068.0 | Ø-Reward:  1.034 | Places: [269 (0.13), 380 (0.19), 501 (0.25), 850 (0.42)]
[2025-08-23 09:32:21] Winrate vs random2     :  39.4% | Σ-Reward:  3873.0 | Ø-Reward:  1.937 | Places: [787 (0.39), 567 (0.28), 378 (0.19), 268 (0.13)]
[2025-08-23 09:32:21] Winrate vs single_only :  61.2% | Σ-Reward:  4440.0 | Ø-Reward:  2.220 | Places: [1224 (0.61), 261 (0.13), 246 (0.12), 269 (0.13)]
[2025-08-23 09:32:23] Timing @ep 3500: episode 61.2s | train 0.091s | eval 58.9s | plot 2.0s | save 0.002s | cum 0.18h
[2025-08-23 09:33:42] 
[2025-08-23 09:33:42] Benchmark @train_ep    4000 (bench_eps: 2000)
[2025-08-23 09:33:42] Macro Winrate          :  40.2%
[2025-08-23 09:33:42] Macro Ø-Reward         :  1.771
[2025-08-23 09:33:42] Winrate vs max_combo   :  13.1% | Σ-Reward:  2028.0 | Ø-Reward:  1.014 | Places: [261 (0.13), 366 (0.18), 513 (0.26), 860 (0.43)]
[2025-08-23 09:33:42] Winrate vs random2     :  39.0% | Σ-Reward:  3821.0 | Ø-Reward:  1.911 | Places: [780 (0.39), 534 (0.27), 413 (0.21), 273 (0.14)]
[2025-08-23 09:33:42] Winrate vs single_only :  68.6% | Σ-Reward:  4775.0 | Ø-Reward:  2.388 | Places: [1372 (0.69), 229 (0.11), 201 (0.10), 198 (0.10)]
[2025-08-23 09:33:44] Timing @ep 4000: episode 56.1s | train 0.031s | eval 54.0s | plot 2.0s | save 0.001s | cum 0.20h
[2025-08-23 09:35:07] 
[2025-08-23 09:35:07] Benchmark @train_ep    4500 (bench_eps: 2000)
[2025-08-23 09:35:07] Macro Winrate          :  41.9%
[2025-08-23 09:35:07] Macro Ø-Reward         :  1.811
[2025-08-23 09:35:07] Winrate vs max_combo   :  14.2% | Σ-Reward:  2103.0 | Ø-Reward:  1.052 | Places: [284 (0.14), 348 (0.17), 555 (0.28), 813 (0.41)]
[2025-08-23 09:35:07] Winrate vs random2     :  38.0% | Σ-Reward:  3805.0 | Ø-Reward:  1.903 | Places: [761 (0.38), 550 (0.28), 422 (0.21), 267 (0.13)]
[2025-08-23 09:35:07] Winrate vs single_only :  73.4% | Σ-Reward:  4959.0 | Ø-Reward:  2.479 | Places: [1468 (0.73), 197 (0.10), 161 (0.08), 174 (0.09)]
[2025-08-23 09:35:08] Timing @ep 4500: episode 56.8s | train 0.032s | eval 55.1s | plot 1.5s | save 0.001s | cum 0.22h
[2025-08-23 09:36:27] 
[2025-08-23 09:36:27] Benchmark @train_ep    5000 (bench_eps: 2000)
[2025-08-23 09:36:27] Macro Winrate          :  39.7%
[2025-08-23 09:36:27] Macro Ø-Reward         :  1.762
[2025-08-23 09:36:27] Winrate vs max_combo   :  12.8% | Σ-Reward:  1972.0 | Ø-Reward:  0.986 | Places: [255 (0.13), 352 (0.18), 503 (0.25), 890 (0.45)]
[2025-08-23 09:36:27] Winrate vs random2     :  37.6% | Σ-Reward:  3755.0 | Ø-Reward:  1.877 | Places: [752 (0.38), 544 (0.27), 411 (0.21), 293 (0.15)]
[2025-08-23 09:36:27] Winrate vs single_only :  68.7% | Σ-Reward:  4845.0 | Ø-Reward:  2.422 | Places: [1373 (0.69), 264 (0.13), 198 (0.10), 165 (0.08)]
[2025-08-23 09:36:29] Timing @ep 5000: episode 59.6s | train 0.027s | eval 57.8s | plot 1.7s | save 0.002s | cum 0.24h
[2025-08-23 09:37:48] 
[2025-08-23 09:37:48] Benchmark @train_ep    5500 (bench_eps: 2000)
[2025-08-23 09:37:48] Macro Winrate          :  40.8%
[2025-08-23 09:37:48] Macro Ø-Reward         :  1.792
[2025-08-23 09:37:48] Winrate vs max_combo   :  11.0% | Σ-Reward:  1941.0 | Ø-Reward:  0.971 | Places: [220 (0.11), 355 (0.18), 571 (0.29), 854 (0.43)]
[2025-08-23 09:37:48] Winrate vs random2     :  38.5% | Σ-Reward:  3805.0 | Ø-Reward:  1.903 | Places: [769 (0.38), 554 (0.28), 390 (0.20), 287 (0.14)]
[2025-08-23 09:37:48] Winrate vs single_only :  72.8% | Σ-Reward:  5004.0 | Ø-Reward:  2.502 | Places: [1457 (0.73), 233 (0.12), 167 (0.08), 143 (0.07)]
[2025-08-23 09:37:50] Timing @ep 5500: episode 54.9s | train 0.031s | eval 53.0s | plot 1.8s | save 0.002s | cum 0.27h
[2025-08-23 09:39:30] 
[2025-08-23 09:39:30] Benchmark @train_ep    6000 (bench_eps: 2000)
[2025-08-23 09:39:30] Macro Winrate          :  41.3%
[2025-08-23 09:39:30] Macro Ø-Reward         :  1.825
[2025-08-23 09:39:30] Winrate vs max_combo   :  13.3% | Σ-Reward:  2098.0 | Ø-Reward:  1.049 | Places: [266 (0.13), 388 (0.19), 524 (0.26), 822 (0.41)]
[2025-08-23 09:39:30] Winrate vs random2     :  40.5% | Σ-Reward:  3861.0 | Ø-Reward:  1.931 | Places: [809 (0.40), 521 (0.26), 392 (0.20), 278 (0.14)]
[2025-08-23 09:39:30] Winrate vs single_only :  70.0% | Σ-Reward:  4988.0 | Ø-Reward:  2.494 | Places: [1401 (0.70), 306 (0.15), 173 (0.09), 120 (0.06)]
[2025-08-23 09:39:32] Timing @ep 6000: episode 70.5s | train 0.069s | eval 68.5s | plot 1.8s | save 0.001s | cum 0.30h
[2025-08-23 09:40:50] 
[2025-08-23 09:40:50] Benchmark @train_ep    6500 (bench_eps: 2000)
[2025-08-23 09:40:50] Macro Winrate          :  41.2%
[2025-08-23 09:40:50] Macro Ø-Reward         :  1.827
[2025-08-23 09:40:50] Winrate vs max_combo   :  14.7% | Σ-Reward:  2203.0 | Ø-Reward:  1.101 | Places: [293 (0.15), 398 (0.20), 528 (0.26), 781 (0.39)]
[2025-08-23 09:40:50] Winrate vs random2     :  40.3% | Σ-Reward:  3883.0 | Ø-Reward:  1.942 | Places: [806 (0.40), 552 (0.28), 361 (0.18), 281 (0.14)]
[2025-08-23 09:40:50] Winrate vs single_only :  68.7% | Σ-Reward:  4877.0 | Ø-Reward:  2.438 | Places: [1373 (0.69), 287 (0.14), 184 (0.09), 156 (0.08)]
[2025-08-23 09:40:51] Timing @ep 6500: episode 53.7s | train 0.035s | eval 52.1s | plot 1.5s | save 0.003s | cum 0.32h
[2025-08-23 09:42:13] 
[2025-08-23 09:42:13] Benchmark @train_ep    7000 (bench_eps: 2000)
[2025-08-23 09:42:13] Macro Winrate          :  40.5%
[2025-08-23 09:42:13] Macro Ø-Reward         :  1.811
[2025-08-23 09:42:13] Winrate vs max_combo   :  14.8% | Σ-Reward:  2185.0 | Ø-Reward:  1.093 | Places: [296 (0.15), 381 (0.19), 535 (0.27), 788 (0.39)]
[2025-08-23 09:42:13] Winrate vs random2     :  39.9% | Σ-Reward:  3873.0 | Ø-Reward:  1.937 | Places: [798 (0.40), 548 (0.27), 383 (0.19), 271 (0.14)]
[2025-08-23 09:42:13] Winrate vs single_only :  66.8% | Σ-Reward:  4807.0 | Ø-Reward:  2.404 | Places: [1335 (0.67), 301 (0.15), 200 (0.10), 164 (0.08)]
[2025-08-23 09:42:16] Timing @ep 7000: episode 63.1s | train 0.029s | eval 60.6s | plot 2.4s | save 0.002s | cum 0.34h
[2025-08-23 09:43:56] 
[2025-08-23 09:43:56] Benchmark @train_ep    7500 (bench_eps: 2000)
[2025-08-23 09:43:56] Macro Winrate          :  43.5%
[2025-08-23 09:43:56] Macro Ø-Reward         :  1.883
[2025-08-23 09:43:56] Winrate vs max_combo   :  15.3% | Σ-Reward:  2208.0 | Ø-Reward:  1.104 | Places: [307 (0.15), 400 (0.20), 487 (0.24), 806 (0.40)]
[2025-08-23 09:43:56] Winrate vs random2     :  40.9% | Σ-Reward:  3912.0 | Ø-Reward:  1.956 | Places: [817 (0.41), 540 (0.27), 381 (0.19), 262 (0.13)]
[2025-08-23 09:43:56] Winrate vs single_only :  74.2% | Σ-Reward:  5176.0 | Ø-Reward:  2.588 | Places: [1484 (0.74), 279 (0.14), 166 (0.08), 71 (0.04)]
[2025-08-23 09:43:58] Timing @ep 7500: episode 67.5s | train 0.034s | eval 65.3s | plot 2.0s | save 0.002s | cum 0.37h
[2025-08-23 09:45:26] 
[2025-08-23 09:45:26] Benchmark @train_ep    8000 (bench_eps: 2000)
[2025-08-23 09:45:26] Macro Winrate          :  42.8%
[2025-08-23 09:45:26] Macro Ø-Reward         :  1.865
[2025-08-23 09:45:26] Winrate vs max_combo   :  15.2% | Σ-Reward:  2174.0 | Ø-Reward:  1.087 | Places: [305 (0.15), 367 (0.18), 525 (0.26), 803 (0.40)]
[2025-08-23 09:45:26] Winrate vs random2     :  36.5% | Σ-Reward:  3746.0 | Ø-Reward:  1.873 | Places: [730 (0.36), 578 (0.29), 400 (0.20), 292 (0.15)]
[2025-08-23 09:45:26] Winrate vs single_only :  76.6% | Σ-Reward:  5269.0 | Ø-Reward:  2.635 | Places: [1532 (0.77), 260 (0.13), 153 (0.08), 55 (0.03)]
[2025-08-23 09:45:28] Timing @ep 8000: episode 55.0s | train 0.078s | eval 52.8s | plot 2.0s | save 0.002s | cum 0.39h
[2025-08-23 09:46:36] 
[2025-08-23 09:46:36] Benchmark @train_ep    8500 (bench_eps: 2000)
[2025-08-23 09:46:36] Macro Winrate          :  37.9%
[2025-08-23 09:46:36] Macro Ø-Reward         :  1.726
[2025-08-23 09:46:36] Winrate vs max_combo   :  12.6% | Σ-Reward:  1975.0 | Ø-Reward:  0.988 | Places: [251 (0.13), 364 (0.18), 494 (0.25), 891 (0.45)]
[2025-08-23 09:46:36] Winrate vs random2     :  34.1% | Σ-Reward:  3584.0 | Ø-Reward:  1.792 | Places: [683 (0.34), 561 (0.28), 413 (0.21), 343 (0.17)]
[2025-08-23 09:46:36] Winrate vs single_only :  67.0% | Σ-Reward:  4794.0 | Ø-Reward:  2.397 | Places: [1339 (0.67), 293 (0.15), 191 (0.10), 177 (0.09)]
[2025-08-23 09:46:38] Timing @ep 8500: episode 47.1s | train 0.029s | eval 45.0s | plot 1.9s | save 0.002s | cum 0.41h
[2025-08-23 09:47:54] 
[2025-08-23 09:47:54] Benchmark @train_ep    9000 (bench_eps: 2000)
[2025-08-23 09:47:54] Macro Winrate          :  38.1%
[2025-08-23 09:47:54] Macro Ø-Reward         :  1.742
[2025-08-23 09:47:54] Winrate vs max_combo   :  14.6% | Σ-Reward:  2191.0 | Ø-Reward:  1.095 | Places: [291 (0.15), 380 (0.19), 558 (0.28), 771 (0.39)]
[2025-08-23 09:47:54] Winrate vs random2     :  38.8% | Σ-Reward:  3702.0 | Ø-Reward:  1.851 | Places: [775 (0.39), 492 (0.25), 393 (0.20), 340 (0.17)]
[2025-08-23 09:47:54] Winrate vs single_only :  61.0% | Σ-Reward:  4556.0 | Ø-Reward:  2.278 | Places: [1219 (0.61), 330 (0.17), 239 (0.12), 212 (0.11)]
[2025-08-23 09:47:56] Timing @ep 9000: episode 55.5s | train 0.058s | eval 53.3s | plot 2.1s | save 0.002s | cum 0.44h
[2025-08-23 09:49:36] 
[2025-08-23 09:49:36] Benchmark @train_ep    9500 (bench_eps: 2000)
[2025-08-23 09:49:36] Macro Winrate          :  33.9%
[2025-08-23 09:49:36] Macro Ø-Reward         :  1.636
[2025-08-23 09:49:36] Winrate vs max_combo   :  13.4% | Σ-Reward:  1990.0 | Ø-Reward:  0.995 | Places: [269 (0.13), 348 (0.17), 487 (0.24), 896 (0.45)]
[2025-08-23 09:49:36] Winrate vs random2     :  32.2% | Σ-Reward:  3463.0 | Ø-Reward:  1.732 | Places: [645 (0.32), 537 (0.27), 454 (0.23), 364 (0.18)]
[2025-08-23 09:49:36] Winrate vs single_only :  56.1% | Σ-Reward:  4366.0 | Ø-Reward:  2.183 | Places: [1122 (0.56), 370 (0.18), 260 (0.13), 248 (0.12)]
[2025-08-23 09:49:38] Timing @ep 9500: episode 70.4s | train 0.031s | eval 68.2s | plot 2.2s | save 0.002s | cum 0.46h
[2025-08-23 09:51:04] 
[2025-08-23 09:51:04] Benchmark @train_ep   10000 (bench_eps: 2000)
[2025-08-23 09:51:04] Macro Winrate          :  36.2%
[2025-08-23 09:51:04] Macro Ø-Reward         :  1.702
[2025-08-23 09:51:04] Winrate vs max_combo   :  13.2% | Σ-Reward:  1988.0 | Ø-Reward:  0.994 | Places: [265 (0.13), 348 (0.17), 497 (0.25), 890 (0.45)]
[2025-08-23 09:51:04] Winrate vs random2     :  34.6% | Σ-Reward:  3638.0 | Ø-Reward:  1.819 | Places: [692 (0.35), 565 (0.28), 432 (0.22), 311 (0.16)]
[2025-08-23 09:51:04] Winrate vs single_only :  60.7% | Σ-Reward:  4589.0 | Ø-Reward:  2.295 | Places: [1214 (0.61), 374 (0.19), 199 (0.10), 213 (0.11)]
[2025-08-23 09:51:06] Timing @ep 10000: episode 60.2s | train 0.037s | eval 58.1s | plot 1.9s | save 0.002s | cum 0.49h
[2025-08-23 09:51:06] 
[2025-08-23 09:51:06] Gesamtzeit: 0.49h (~ 5.69 eps/s)
[2025-08-23 09:51:06] K4 (Shared-Policy PPO, In-Proc External Trainer) abgeschlossen.
