[2025-09-04 09:00:22] New Training (k1a2): DQN Single-Agent vs Heuristiken/Population (P0→P0)
[2025-09-04 09:00:22] Deck_Size: 16
[2025-09-04 09:00:22] Episodes: 5000
[2025-09-04 09:00:22] Path: /home/wasterix/OpenSpiel/open_spiel/President/models/k1a2/model_08
[2025-09-04 09:00:23] [Population] Initiales Lineup: ['single_only', 'single_only', 'single_only']
[2025-09-04 09:01:10] 
[2025-09-04 09:01:10] Benchmark @train_ep     200 (bench_eps: 4000)
[2025-09-04 09:01:10] Macro Winrate          :  22.0%
[2025-09-04 09:01:10] Macro Ø-Reward         :  1.285
[2025-09-04 09:01:10] Winrate vs max_combo   :  17.1% | Σ-Reward:  4667.0 | Ø-Reward:  1.167 | Places: [682 (0.17), 776 (0.19), 1069 (0.27), 1473 (0.37)]
[2025-09-04 09:01:10] Winrate vs random2     :  18.9% | Σ-Reward:  5582.0 | Ø-Reward:  1.395 | Places: [755 (0.19), 1052 (0.26), 1213 (0.30), 980 (0.24)]
[2025-09-04 09:01:10] Winrate vs single_only :  40.0% | Σ-Reward:  6819.0 | Ø-Reward:  1.705 | Places: [1600 (0.40), 493 (0.12), 1033 (0.26), 874 (0.22)]
[2025-09-04 09:01:10] Winrate vs v_table     :  12.0% | Σ-Reward:  3490.0 | Ø-Reward:  0.873 | Places: [480 (0.12), 573 (0.14), 904 (0.23), 2043 (0.51)]
[2025-09-04 09:01:12] Timing @ep 200: episode 43.6s | train 0.018s | eval 41.9s | plot 1.6s | save 0.003s | cum 0.01h
[2025-09-04 09:02:05] 
[2025-09-04 09:02:05] Benchmark @train_ep     400 (bench_eps: 4000)
[2025-09-04 09:02:05] Macro Winrate          :  23.6%
[2025-09-04 09:02:05] Macro Ø-Reward         :  1.339
[2025-09-04 09:02:05] Winrate vs max_combo   :  18.9% | Σ-Reward:  4907.0 | Ø-Reward:  1.227 | Places: [758 (0.19), 815 (0.20), 1003 (0.25), 1424 (0.36)]
[2025-09-04 09:02:05] Winrate vs random2     :  21.4% | Σ-Reward:  5796.0 | Ø-Reward:  1.449 | Places: [854 (0.21), 1076 (0.27), 1082 (0.27), 988 (0.25)]
[2025-09-04 09:02:05] Winrate vs single_only :  43.1% | Σ-Reward:  7177.0 | Ø-Reward:  1.794 | Places: [1723 (0.43), 585 (0.15), 838 (0.21), 854 (0.21)]
[2025-09-04 09:02:05] Winrate vs v_table     :  10.9% | Σ-Reward:  3541.0 | Ø-Reward:  0.885 | Places: [435 (0.11), 659 (0.16), 918 (0.23), 1988 (0.50)]
[2025-09-04 09:02:07] Timing @ep 400: episode 51.2s | train 0.006s | eval 49.3s | plot 1.9s | save 0.002s | cum 0.03h
[2025-09-04 09:02:53] 
[2025-09-04 09:02:53] Benchmark @train_ep     600 (bench_eps: 4000)
[2025-09-04 09:02:53] Macro Winrate          :  23.3%
[2025-09-04 09:02:53] Macro Ø-Reward         :  1.301
[2025-09-04 09:02:53] Winrate vs max_combo   :  18.7% | Σ-Reward:  4821.0 | Ø-Reward:  1.205 | Places: [749 (0.19), 771 (0.19), 1032 (0.26), 1448 (0.36)]
[2025-09-04 09:02:53] Winrate vs random2     :  19.5% | Σ-Reward:  5430.0 | Ø-Reward:  1.357 | Places: [780 (0.20), 972 (0.24), 1146 (0.29), 1102 (0.28)]
[2025-09-04 09:02:53] Winrate vs single_only :  41.9% | Σ-Reward:  7035.0 | Ø-Reward:  1.759 | Places: [1676 (0.42), 554 (0.14), 899 (0.22), 871 (0.22)]
[2025-09-04 09:02:53] Winrate vs v_table     :  13.0% | Σ-Reward:  3532.0 | Ø-Reward:  0.883 | Places: [520 (0.13), 555 (0.14), 862 (0.22), 2063 (0.52)]
[2025-09-04 09:02:54] Timing @ep 600: episode 41.2s | train 0.036s | eval 39.7s | plot 1.4s | save 0.003s | cum 0.04h
[2025-09-04 09:03:31] 
[2025-09-04 09:03:31] Benchmark @train_ep     800 (bench_eps: 4000)
[2025-09-04 09:03:31] Macro Winrate          :  31.5%
[2025-09-04 09:03:31] Macro Ø-Reward         :  1.577
[2025-09-04 09:03:31] Winrate vs max_combo   :  28.2% | Σ-Reward:  6089.0 | Ø-Reward:  1.522 | Places: [1127 (0.28), 886 (0.22), 936 (0.23), 1051 (0.26)]
[2025-09-04 09:03:31] Winrate vs random2     :  30.9% | Σ-Reward:  6817.0 | Ø-Reward:  1.704 | Places: [1234 (0.31), 1094 (0.27), 927 (0.23), 745 (0.19)]
[2025-09-04 09:03:31] Winrate vs single_only :  46.7% | Σ-Reward:  7818.0 | Ø-Reward:  1.954 | Places: [1867 (0.47), 684 (0.17), 849 (0.21), 600 (0.15)]
[2025-09-04 09:03:31] Winrate vs v_table     :  20.2% | Σ-Reward:  4501.0 | Ø-Reward:  1.125 | Places: [807 (0.20), 683 (0.17), 714 (0.18), 1796 (0.45)]
[2025-09-04 09:03:33] Timing @ep 800: episode 34.8s | train 0.008s | eval 33.1s | plot 1.7s | save 0.002s | cum 0.05h
[2025-09-04 09:04:27] 
[2025-09-04 09:04:27] Benchmark @train_ep    1000 (bench_eps: 4000)
[2025-09-04 09:04:27] Macro Winrate          :  30.9%
[2025-09-04 09:04:27] Macro Ø-Reward         :  1.559
[2025-09-04 09:04:27] Winrate vs max_combo   :  28.6% | Σ-Reward:  6054.0 | Ø-Reward:  1.514 | Places: [1144 (0.29), 852 (0.21), 918 (0.23), 1086 (0.27)]
[2025-09-04 09:04:27] Winrate vs random2     :  29.4% | Σ-Reward:  6666.0 | Ø-Reward:  1.667 | Places: [1176 (0.29), 1090 (0.27), 958 (0.24), 776 (0.19)]
[2025-09-04 09:04:27] Winrate vs single_only :  46.7% | Σ-Reward:  7706.0 | Ø-Reward:  1.927 | Places: [1867 (0.47), 623 (0.16), 859 (0.21), 651 (0.16)]
[2025-09-04 09:04:27] Winrate vs v_table     :  19.0% | Σ-Reward:  4523.0 | Ø-Reward:  1.131 | Places: [759 (0.19), 729 (0.18), 788 (0.20), 1724 (0.43)]
[2025-09-04 09:04:29] Timing @ep 1000: episode 52.3s | train 0.019s | eval 50.6s | plot 1.7s | save 0.002s | cum 0.07h
[2025-09-04 09:05:07] 
[2025-09-04 09:05:07] Benchmark @train_ep    1200 (bench_eps: 4000)
[2025-09-04 09:05:07] Macro Winrate          :  33.2%
[2025-09-04 09:05:07] Macro Ø-Reward         :  1.588
[2025-09-04 09:05:07] Winrate vs max_combo   :  29.8% | Σ-Reward:  6143.0 | Ø-Reward:  1.536 | Places: [1193 (0.30), 838 (0.21), 888 (0.22), 1081 (0.27)]
[2025-09-04 09:05:07] Winrate vs random2     :  30.4% | Σ-Reward:  6613.0 | Ø-Reward:  1.653 | Places: [1215 (0.30), 983 (0.25), 1002 (0.25), 800 (0.20)]
[2025-09-04 09:05:07] Winrate vs single_only :  52.6% | Σ-Reward:  8123.0 | Ø-Reward:  2.031 | Places: [2103 (0.53), 529 (0.13), 756 (0.19), 612 (0.15)]
[2025-09-04 09:05:07] Winrate vs v_table     :  19.9% | Σ-Reward:  4535.0 | Ø-Reward:  1.134 | Places: [795 (0.20), 711 (0.18), 728 (0.18), 1766 (0.44)]
[2025-09-04 09:05:09] Timing @ep 1200: episode 34.0s | train 0.015s | eval 32.6s | plot 1.4s | save 0.002s | cum 0.08h
[2025-09-04 09:05:36] 
[2025-09-04 09:05:36] Benchmark @train_ep    1400 (bench_eps: 4000)
[2025-09-04 09:05:36] Macro Winrate          :  32.5%
[2025-09-04 09:05:36] Macro Ø-Reward         :  1.589
[2025-09-04 09:05:36] Winrate vs max_combo   :  29.9% | Σ-Reward:  6115.0 | Ø-Reward:  1.529 | Places: [1197 (0.30), 811 (0.20), 902 (0.23), 1090 (0.27)]
[2025-09-04 09:05:36] Winrate vs random2     :  28.6% | Σ-Reward:  6669.0 | Ø-Reward:  1.667 | Places: [1142 (0.29), 1134 (0.28), 975 (0.24), 749 (0.19)]
[2025-09-04 09:05:36] Winrate vs single_only :  51.8% | Σ-Reward:  8066.0 | Ø-Reward:  2.017 | Places: [2073 (0.52), 542 (0.14), 763 (0.19), 622 (0.16)]
[2025-09-04 09:05:36] Winrate vs v_table     :  19.8% | Σ-Reward:  4567.0 | Ø-Reward:  1.142 | Places: [790 (0.20), 710 (0.18), 777 (0.19), 1723 (0.43)]
[2025-09-04 09:05:37] Timing @ep 1400: episode 25.6s | train 0.028s | eval 24.4s | plot 1.2s | save 0.001s | cum 0.09h
[2025-09-04 09:06:02] 
[2025-09-04 09:06:02] Benchmark @train_ep    1600 (bench_eps: 4000)
[2025-09-04 09:06:02] Macro Winrate          :  37.2%
[2025-09-04 09:06:02] Macro Ø-Reward         :  1.705
[2025-09-04 09:06:02] Winrate vs max_combo   :  30.4% | Σ-Reward:  6316.0 | Ø-Reward:  1.579 | Places: [1215 (0.30), 870 (0.22), 931 (0.23), 984 (0.25)]
[2025-09-04 09:06:02] Winrate vs random2     :  33.6% | Σ-Reward:  7066.0 | Ø-Reward:  1.766 | Places: [1346 (0.34), 1054 (0.26), 920 (0.23), 680 (0.17)]
[2025-09-04 09:06:02] Winrate vs single_only :  63.3% | Σ-Reward:  9072.0 | Ø-Reward:  2.268 | Places: [2531 (0.63), 419 (0.10), 641 (0.16), 409 (0.10)]
[2025-09-04 09:06:02] Winrate vs v_table     :  21.6% | Σ-Reward:  4821.0 | Ø-Reward:  1.205 | Places: [863 (0.22), 757 (0.19), 718 (0.18), 1662 (0.42)]
[2025-09-04 09:06:03] Timing @ep 1600: episode 23.7s | train 0.006s | eval 22.5s | plot 1.2s | save 0.001s | cum 0.09h
[2025-09-04 09:06:28] 
[2025-09-04 09:06:28] Benchmark @train_ep    1800 (bench_eps: 4000)
[2025-09-04 09:06:28] Macro Winrate          :  36.8%
[2025-09-04 09:06:28] Macro Ø-Reward         :  1.718
[2025-09-04 09:06:28] Winrate vs max_combo   :  31.8% | Σ-Reward:  6465.0 | Ø-Reward:  1.616 | Places: [1272 (0.32), 865 (0.22), 919 (0.23), 944 (0.24)]
[2025-09-04 09:06:28] Winrate vs random2     :  34.1% | Σ-Reward:  7229.0 | Ø-Reward:  1.807 | Places: [1365 (0.34), 1111 (0.28), 912 (0.23), 612 (0.15)]
[2025-09-04 09:06:28] Winrate vs single_only :  59.7% | Σ-Reward:  8752.0 | Ø-Reward:  2.188 | Places: [2387 (0.60), 458 (0.11), 675 (0.17), 480 (0.12)]
[2025-09-04 09:06:28] Winrate vs v_table     :  21.4% | Σ-Reward:  5035.0 | Ø-Reward:  1.259 | Places: [858 (0.21), 864 (0.22), 733 (0.18), 1545 (0.39)]
[2025-09-04 09:06:29] Timing @ep 1800: episode 23.7s | train 0.019s | eval 22.5s | plot 1.2s | save 0.001s | cum 0.10h
[2025-09-04 09:06:54] 
[2025-09-04 09:06:54] Benchmark @train_ep    2000 (bench_eps: 4000)
[2025-09-04 09:06:54] Macro Winrate          :  37.2%
[2025-09-04 09:06:54] Macro Ø-Reward         :  1.734
[2025-09-04 09:06:54] Winrate vs max_combo   :  32.5% | Σ-Reward:  6664.0 | Ø-Reward:  1.666 | Places: [1299 (0.32), 945 (0.24), 877 (0.22), 879 (0.22)]
[2025-09-04 09:06:54] Winrate vs random2     :  33.6% | Σ-Reward:  7200.0 | Ø-Reward:  1.800 | Places: [1346 (0.34), 1142 (0.29), 878 (0.22), 634 (0.16)]
[2025-09-04 09:06:54] Winrate vs single_only :  62.5% | Σ-Reward:  9004.0 | Ø-Reward:  2.251 | Places: [2501 (0.63), 420 (0.10), 661 (0.17), 418 (0.10)]
[2025-09-04 09:06:54] Winrate vs v_table     :  20.2% | Σ-Reward:  4874.0 | Ø-Reward:  1.218 | Places: [810 (0.20), 833 (0.21), 778 (0.19), 1579 (0.39)]
[2025-09-04 09:06:55] Timing @ep 2000: episode 24.0s | train 0.021s | eval 22.6s | plot 1.4s | save 0.001s | cum 0.11h
[2025-09-04 09:07:20] 
[2025-09-04 09:07:20] Benchmark @train_ep    2200 (bench_eps: 4000)
[2025-09-04 09:07:20] Macro Winrate          :  38.2%
[2025-09-04 09:07:20] Macro Ø-Reward         :  1.752
[2025-09-04 09:07:20] Winrate vs max_combo   :  33.2% | Σ-Reward:  6667.0 | Ø-Reward:  1.667 | Places: [1329 (0.33), 897 (0.22), 886 (0.22), 888 (0.22)]
[2025-09-04 09:07:20] Winrate vs random2     :  34.8% | Σ-Reward:  7186.0 | Ø-Reward:  1.796 | Places: [1390 (0.35), 1064 (0.27), 888 (0.22), 658 (0.16)]
[2025-09-04 09:07:20] Winrate vs single_only :  63.5% | Σ-Reward:  9132.0 | Ø-Reward:  2.283 | Places: [2541 (0.64), 441 (0.11), 627 (0.16), 391 (0.10)]
[2025-09-04 09:07:20] Winrate vs v_table     :  21.4% | Σ-Reward:  5050.0 | Ø-Reward:  1.262 | Places: [856 (0.21), 864 (0.22), 754 (0.19), 1526 (0.38)]
[2025-09-04 09:07:21] Timing @ep 2200: episode 23.2s | train 0.016s | eval 22.0s | plot 1.1s | save 0.001s | cum 0.12h
[2025-09-04 09:07:45] 
[2025-09-04 09:07:45] Benchmark @train_ep    2400 (bench_eps: 4000)
[2025-09-04 09:07:45] Macro Winrate          :  37.8%
[2025-09-04 09:07:45] Macro Ø-Reward         :  1.753
[2025-09-04 09:07:45] Winrate vs max_combo   :  31.2% | Σ-Reward:  6584.0 | Ø-Reward:  1.646 | Places: [1250 (0.31), 973 (0.24), 888 (0.22), 889 (0.22)]
[2025-09-04 09:07:45] Winrate vs random2     :  31.7% | Σ-Reward:  7069.0 | Ø-Reward:  1.767 | Places: [1268 (0.32), 1204 (0.30), 857 (0.21), 671 (0.17)]
[2025-09-04 09:07:45] Winrate vs single_only :  65.9% | Σ-Reward:  9274.0 | Ø-Reward:  2.318 | Places: [2637 (0.66), 377 (0.09), 609 (0.15), 377 (0.09)]
[2025-09-04 09:07:45] Winrate vs v_table     :  22.3% | Σ-Reward:  5122.0 | Ø-Reward:  1.280 | Places: [892 (0.22), 847 (0.21), 752 (0.19), 1509 (0.38)]
[2025-09-04 09:07:46] Timing @ep 2400: episode 23.2s | train 0.013s | eval 22.1s | plot 1.1s | save 0.001s | cum 0.12h
[2025-09-04 09:08:12] 
[2025-09-04 09:08:12] Benchmark @train_ep    2600 (bench_eps: 4000)
[2025-09-04 09:08:12] Macro Winrate          :  38.1%
[2025-09-04 09:08:12] Macro Ø-Reward         :  1.753
[2025-09-04 09:08:12] Winrate vs max_combo   :  30.9% | Σ-Reward:  6509.0 | Ø-Reward:  1.627 | Places: [1236 (0.31), 948 (0.24), 905 (0.23), 911 (0.23)]
[2025-09-04 09:08:12] Winrate vs random2     :  33.8% | Σ-Reward:  7293.0 | Ø-Reward:  1.823 | Places: [1353 (0.34), 1151 (0.29), 932 (0.23), 564 (0.14)]
[2025-09-04 09:08:12] Winrate vs single_only :  66.7% | Σ-Reward:  9401.0 | Ø-Reward:  2.350 | Places: [2667 (0.67), 405 (0.10), 590 (0.15), 338 (0.08)]
[2025-09-04 09:08:12] Winrate vs v_table     :  20.8% | Σ-Reward:  4838.0 | Ø-Reward:  1.210 | Places: [833 (0.21), 769 (0.19), 801 (0.20), 1597 (0.40)]
[2025-09-04 09:08:13] Timing @ep 2600: episode 24.6s | train 0.015s | eval 23.3s | plot 1.2s | save 0.003s | cum 0.13h
[2025-09-04 09:08:39] 
[2025-09-04 09:08:39] Benchmark @train_ep    2800 (bench_eps: 4000)
[2025-09-04 09:08:39] Macro Winrate          :  38.7%
[2025-09-04 09:08:39] Macro Ø-Reward         :  1.766
[2025-09-04 09:08:39] Winrate vs max_combo   :  31.8% | Σ-Reward:  6582.0 | Ø-Reward:  1.645 | Places: [1273 (0.32), 923 (0.23), 917 (0.23), 887 (0.22)]
[2025-09-04 09:08:39] Winrate vs random2     :  35.4% | Σ-Reward:  7272.0 | Ø-Reward:  1.818 | Places: [1416 (0.35), 1055 (0.26), 914 (0.23), 615 (0.15)]
[2025-09-04 09:08:39] Winrate vs single_only :  66.1% | Σ-Reward:  9354.0 | Ø-Reward:  2.338 | Places: [2644 (0.66), 413 (0.10), 596 (0.15), 347 (0.09)]
[2025-09-04 09:08:39] Winrate vs v_table     :  21.6% | Σ-Reward:  5044.0 | Ø-Reward:  1.261 | Places: [866 (0.22), 835 (0.21), 776 (0.19), 1523 (0.38)]
[2025-09-04 09:08:41] Timing @ep 2800: episode 25.8s | train 0.015s | eval 24.3s | plot 1.4s | save 0.002s | cum 0.14h
[2025-09-04 09:09:06] 
[2025-09-04 09:09:06] Benchmark @train_ep    3000 (bench_eps: 4000)
[2025-09-04 09:09:06] Macro Winrate          :  37.6%
[2025-09-04 09:09:06] Macro Ø-Reward         :  1.740
[2025-09-04 09:09:06] Winrate vs max_combo   :  30.3% | Σ-Reward:  6500.0 | Ø-Reward:  1.625 | Places: [1213 (0.30), 974 (0.24), 913 (0.23), 900 (0.23)]
[2025-09-04 09:09:06] Winrate vs random2     :  34.0% | Σ-Reward:  7211.0 | Ø-Reward:  1.803 | Places: [1361 (0.34), 1126 (0.28), 876 (0.22), 637 (0.16)]
[2025-09-04 09:09:06] Winrate vs single_only :  65.5% | Σ-Reward:  9252.0 | Ø-Reward:  2.313 | Places: [2621 (0.66), 402 (0.10), 585 (0.15), 392 (0.10)]
[2025-09-04 09:09:06] Winrate vs v_table     :  20.4% | Σ-Reward:  4880.0 | Ø-Reward:  1.220 | Places: [818 (0.20), 818 (0.20), 790 (0.20), 1574 (0.39)]
[2025-09-04 09:09:08] Timing @ep 3000: episode 23.9s | train 0.015s | eval 22.7s | plot 1.2s | save 0.001s | cum 0.15h
[2025-09-04 09:09:31] 
[2025-09-04 09:09:31] Benchmark @train_ep    3200 (bench_eps: 4000)
[2025-09-04 09:09:31] Macro Winrate          :  36.9%
[2025-09-04 09:09:31] Macro Ø-Reward         :  1.721
[2025-09-04 09:09:31] Winrate vs max_combo   :  30.9% | Σ-Reward:  6566.0 | Ø-Reward:  1.641 | Places: [1235 (0.31), 984 (0.25), 893 (0.22), 888 (0.22)]
[2025-09-04 09:09:31] Winrate vs random2     :  32.6% | Σ-Reward:  7085.0 | Ø-Reward:  1.771 | Places: [1303 (0.33), 1126 (0.28), 924 (0.23), 647 (0.16)]
[2025-09-04 09:09:31] Winrate vs single_only :  63.8% | Σ-Reward:  9160.0 | Ø-Reward:  2.290 | Places: [2552 (0.64), 430 (0.11), 644 (0.16), 374 (0.09)]
[2025-09-04 09:09:31] Winrate vs v_table     :  20.2% | Σ-Reward:  4732.0 | Ø-Reward:  1.183 | Places: [808 (0.20), 757 (0.19), 794 (0.20), 1641 (0.41)]
[2025-09-04 09:09:33] Timing @ep 3200: episode 23.0s | train 0.011s | eval 21.9s | plot 1.1s | save 0.002s | cum 0.15h
[2025-09-04 09:09:57] 
[2025-09-04 09:09:57] Benchmark @train_ep    3400 (bench_eps: 4000)
[2025-09-04 09:09:57] Macro Winrate          :  35.7%
[2025-09-04 09:09:57] Macro Ø-Reward         :  1.700
[2025-09-04 09:09:57] Winrate vs max_combo   :  28.6% | Σ-Reward:  6339.0 | Ø-Reward:  1.585 | Places: [1143 (0.29), 990 (0.25), 930 (0.23), 937 (0.23)]
[2025-09-04 09:09:57] Winrate vs random2     :  30.7% | Σ-Reward:  7026.0 | Ø-Reward:  1.756 | Places: [1229 (0.31), 1211 (0.30), 917 (0.23), 643 (0.16)]
[2025-09-04 09:09:57] Winrate vs single_only :  65.4% | Σ-Reward:  9245.0 | Ø-Reward:  2.311 | Places: [2616 (0.65), 379 (0.09), 639 (0.16), 366 (0.09)]
[2025-09-04 09:09:57] Winrate vs v_table     :  18.2% | Σ-Reward:  4593.0 | Ø-Reward:  1.148 | Places: [730 (0.18), 760 (0.19), 883 (0.22), 1627 (0.41)]
[2025-09-04 09:09:58] Timing @ep 3400: episode 23.5s | train 0.006s | eval 22.3s | plot 1.1s | save 0.001s | cum 0.16h
[2025-09-04 09:10:24] 
[2025-09-04 09:10:24] Benchmark @train_ep    3600 (bench_eps: 4000)
[2025-09-04 09:10:24] Macro Winrate          :  37.2%
[2025-09-04 09:10:24] Macro Ø-Reward         :  1.728
[2025-09-04 09:10:24] Winrate vs max_combo   :  29.3% | Σ-Reward:  6352.0 | Ø-Reward:  1.588 | Places: [1172 (0.29), 947 (0.24), 942 (0.24), 939 (0.23)]
[2025-09-04 09:10:24] Winrate vs random2     :  33.5% | Σ-Reward:  7197.0 | Ø-Reward:  1.799 | Places: [1340 (0.34), 1102 (0.28), 973 (0.24), 585 (0.15)]
[2025-09-04 09:10:24] Winrate vs single_only :  66.7% | Σ-Reward:  9398.0 | Ø-Reward:  2.349 | Places: [2666 (0.67), 421 (0.11), 558 (0.14), 355 (0.09)]
[2025-09-04 09:10:24] Winrate vs v_table     :  19.3% | Σ-Reward:  4704.0 | Ø-Reward:  1.176 | Places: [771 (0.19), 773 (0.19), 845 (0.21), 1611 (0.40)]
[2025-09-04 09:10:26] Timing @ep 3600: episode 25.0s | train 0.027s | eval 23.5s | plot 1.4s | save 0.002s | cum 0.17h
[2025-09-04 09:10:52] 
[2025-09-04 09:10:52] Benchmark @train_ep    3800 (bench_eps: 4000)
[2025-09-04 09:10:52] Macro Winrate          :  37.3%
[2025-09-04 09:10:52] Macro Ø-Reward         :  1.725
[2025-09-04 09:10:52] Winrate vs max_combo   :  28.6% | Σ-Reward:  6343.0 | Ø-Reward:  1.586 | Places: [1142 (0.29), 966 (0.24), 985 (0.25), 907 (0.23)]
[2025-09-04 09:10:52] Winrate vs random2     :  33.2% | Σ-Reward:  7113.0 | Ø-Reward:  1.778 | Places: [1329 (0.33), 1114 (0.28), 898 (0.22), 659 (0.16)]
[2025-09-04 09:10:52] Winrate vs single_only :  67.1% | Σ-Reward:  9390.0 | Ø-Reward:  2.348 | Places: [2685 (0.67), 373 (0.09), 589 (0.15), 353 (0.09)]
[2025-09-04 09:10:52] Winrate vs v_table     :  20.4% | Σ-Reward:  4761.0 | Ø-Reward:  1.190 | Places: [817 (0.20), 773 (0.19), 764 (0.19), 1646 (0.41)]
[2025-09-04 09:10:53] Timing @ep 3800: episode 24.4s | train 0.008s | eval 23.3s | plot 1.2s | save 0.001s | cum 0.17h
[2025-09-04 09:11:20] 
[2025-09-04 09:11:20] Benchmark @train_ep    4000 (bench_eps: 4000)
[2025-09-04 09:11:20] Macro Winrate          :  36.4%
[2025-09-04 09:11:20] Macro Ø-Reward         :  1.699
[2025-09-04 09:11:20] Winrate vs max_combo   :  28.6% | Σ-Reward:  6317.0 | Ø-Reward:  1.579 | Places: [1144 (0.29), 951 (0.24), 983 (0.25), 922 (0.23)]
[2025-09-04 09:11:20] Winrate vs random2     :  32.9% | Σ-Reward:  7062.0 | Ø-Reward:  1.766 | Places: [1314 (0.33), 1093 (0.27), 934 (0.23), 659 (0.16)]
[2025-09-04 09:11:20] Winrate vs single_only :  65.7% | Σ-Reward:  9248.0 | Ø-Reward:  2.312 | Places: [2627 (0.66), 362 (0.09), 643 (0.16), 368 (0.09)]
[2025-09-04 09:11:20] Winrate vs v_table     :  18.4% | Σ-Reward:  4564.0 | Ø-Reward:  1.141 | Places: [734 (0.18), 775 (0.19), 812 (0.20), 1679 (0.42)]
[2025-09-04 09:11:21] Timing @ep 4000: episode 25.9s | train 0.018s | eval 24.5s | plot 1.4s | save 0.003s | cum 0.18h
[2025-09-04 09:11:46] 
[2025-09-04 09:11:46] Benchmark @train_ep    4200 (bench_eps: 4000)
[2025-09-04 09:11:46] Macro Winrate          :  36.1%
[2025-09-04 09:11:46] Macro Ø-Reward         :  1.743
[2025-09-04 09:11:46] Winrate vs max_combo   :  30.3% | Σ-Reward:  6667.0 | Ø-Reward:  1.667 | Places: [1212 (0.30), 1045 (0.26), 941 (0.24), 802 (0.20)]
[2025-09-04 09:11:46] Winrate vs random2     :  31.9% | Σ-Reward:  7174.0 | Ø-Reward:  1.794 | Places: [1275 (0.32), 1203 (0.30), 943 (0.24), 579 (0.14)]
[2025-09-04 09:11:46] Winrate vs single_only :  65.1% | Σ-Reward:  9409.0 | Ø-Reward:  2.352 | Places: [2603 (0.65), 465 (0.12), 670 (0.17), 262 (0.07)]
[2025-09-04 09:11:46] Winrate vs v_table     :  17.0% | Σ-Reward:  4642.0 | Ø-Reward:  1.161 | Places: [680 (0.17), 833 (0.21), 936 (0.23), 1551 (0.39)]
[2025-09-04 09:11:47] Timing @ep 4200: episode 23.5s | train 0.006s | eval 22.3s | plot 1.2s | save 0.002s | cum 0.19h
[2025-09-04 09:12:11] 
[2025-09-04 09:12:11] Benchmark @train_ep    4400 (bench_eps: 4000)
[2025-09-04 09:12:11] Macro Winrate          :  36.9%
[2025-09-04 09:12:11] Macro Ø-Reward         :  1.754
[2025-09-04 09:12:11] Winrate vs max_combo   :  29.7% | Σ-Reward:  6590.0 | Ø-Reward:  1.647 | Places: [1188 (0.30), 1033 (0.26), 960 (0.24), 819 (0.20)]
[2025-09-04 09:12:11] Winrate vs random2     :  35.5% | Σ-Reward:  7425.0 | Ø-Reward:  1.856 | Places: [1419 (0.35), 1126 (0.28), 916 (0.23), 539 (0.13)]
[2025-09-04 09:12:11] Winrate vs single_only :  66.1% | Σ-Reward:  9441.0 | Ø-Reward:  2.360 | Places: [2644 (0.66), 459 (0.11), 591 (0.15), 306 (0.08)]
[2025-09-04 09:12:11] Winrate vs v_table     :  16.1% | Σ-Reward:  4616.0 | Ø-Reward:  1.154 | Places: [646 (0.16), 868 (0.22), 942 (0.24), 1544 (0.39)]
[2025-09-04 09:12:12] Timing @ep 4400: episode 23.5s | train 0.004s | eval 22.3s | plot 1.2s | save 0.002s | cum 0.20h
[2025-09-04 09:12:37] 
[2025-09-04 09:12:37] Benchmark @train_ep    4600 (bench_eps: 4000)
[2025-09-04 09:12:37] Macro Winrate          :  36.8%
[2025-09-04 09:12:37] Macro Ø-Reward         :  1.758
[2025-09-04 09:12:37] Winrate vs max_combo   :  30.4% | Σ-Reward:  6666.0 | Ø-Reward:  1.667 | Places: [1214 (0.30), 1059 (0.26), 906 (0.23), 821 (0.21)]
[2025-09-04 09:12:37] Winrate vs random2     :  35.0% | Σ-Reward:  7433.0 | Ø-Reward:  1.858 | Places: [1398 (0.35), 1213 (0.30), 813 (0.20), 576 (0.14)]
[2025-09-04 09:12:37] Winrate vs single_only :  65.6% | Σ-Reward:  9400.0 | Ø-Reward:  2.350 | Places: [2624 (0.66), 471 (0.12), 586 (0.15), 319 (0.08)]
[2025-09-04 09:12:37] Winrate vs v_table     :  16.3% | Σ-Reward:  4634.0 | Ø-Reward:  1.159 | Places: [652 (0.16), 920 (0.23), 838 (0.21), 1590 (0.40)]
[2025-09-04 09:12:38] Timing @ep 4600: episode 23.4s | train 0.017s | eval 22.2s | plot 1.1s | save 0.002s | cum 0.20h
[2025-09-04 09:13:02] 
[2025-09-04 09:13:02] Benchmark @train_ep    4800 (bench_eps: 4000)
[2025-09-04 09:13:02] Macro Winrate          :  37.8%
[2025-09-04 09:13:02] Macro Ø-Reward         :  1.770
[2025-09-04 09:13:02] Winrate vs max_combo   :  31.7% | Σ-Reward:  6691.0 | Ø-Reward:  1.673 | Places: [1268 (0.32), 991 (0.25), 905 (0.23), 836 (0.21)]
[2025-09-04 09:13:02] Winrate vs random2     :  35.0% | Σ-Reward:  7416.0 | Ø-Reward:  1.854 | Places: [1400 (0.35), 1178 (0.29), 860 (0.21), 562 (0.14)]
[2025-09-04 09:13:02] Winrate vs single_only :  66.5% | Σ-Reward:  9450.0 | Ø-Reward:  2.362 | Places: [2660 (0.67), 447 (0.11), 576 (0.14), 317 (0.08)]
[2025-09-04 09:13:02] Winrate vs v_table     :  17.9% | Σ-Reward:  4771.0 | Ø-Reward:  1.193 | Places: [716 (0.18), 865 (0.22), 893 (0.22), 1526 (0.38)]
[2025-09-04 09:13:03] Timing @ep 4800: episode 23.2s | train 0.005s | eval 22.0s | plot 1.1s | save 0.001s | cum 0.21h
[2025-09-04 09:13:27] 
[2025-09-04 09:13:27] Benchmark @train_ep    5000 (bench_eps: 4000)
[2025-09-04 09:13:27] Macro Winrate          :  36.3%
[2025-09-04 09:13:27] Macro Ø-Reward         :  1.752
[2025-09-04 09:13:27] Winrate vs max_combo   :  29.7% | Σ-Reward:  6614.0 | Ø-Reward:  1.653 | Places: [1187 (0.30), 1073 (0.27), 907 (0.23), 833 (0.21)]
[2025-09-04 09:13:27] Winrate vs random2     :  33.2% | Σ-Reward:  7316.0 | Ø-Reward:  1.829 | Places: [1330 (0.33), 1218 (0.30), 890 (0.22), 562 (0.14)]
[2025-09-04 09:13:27] Winrate vs single_only :  67.1% | Σ-Reward:  9530.0 | Ø-Reward:  2.382 | Places: [2684 (0.67), 459 (0.11), 560 (0.14), 297 (0.07)]
[2025-09-04 09:13:27] Winrate vs v_table     :  15.1% | Σ-Reward:  4570.0 | Ø-Reward:  1.143 | Places: [605 (0.15), 895 (0.22), 965 (0.24), 1535 (0.38)]
[2025-09-04 09:13:29] Timing @ep 5000: episode 23.2s | train 0.005s | eval 22.1s | plot 1.1s | save 0.001s | cum 0.22h
[2025-09-04 09:13:29] Opponent-Usage gespeichert: /home/wasterix/OpenSpiel/open_spiel/President/models/k1a2/model_08/plots/opponent_usage.csv
[2025-09-04 09:13:29] 
[2025-09-04 09:13:29] Gesamtzeit: 0.22h (~ 6.37 eps/s)
[2025-09-04 09:13:29] k1a2, Single Agent vs Population. Training abgeschlossen.
[2025-09-04 09:13:29] Path: /home/wasterix/OpenSpiel/open_spiel/President/models/k1a2/model_08
