[2025-08-24 14:02:00] New Training (k1a1)
[2025-08-24 14:02:00] Deck_Size: 16
[2025-08-24 14:02:00] Episodes: 50000
[2025-08-24 14:02:00] Path: /home/wasterix/Multiagent/OpenSpiel_neu/open_spiel/President/models/k1a1/model_82
[2025-08-24 14:02:35] 
[2025-08-24 14:02:35] Benchmark @train_ep    5000 (bench_eps: 200)
[2025-08-24 14:02:35] Macro Winrate          :  38.5%
[2025-08-24 14:02:35] Macro Ø-Reward         :  1.860
[2025-08-24 14:02:35] Winrate vs max_combo   :  28.0% | Σ-Reward:  325.0 | Ø-Reward:  1.625 | Places: [56 (0.28), 59 (0.29), 39 (0.20), 46 (0.23)]
[2025-08-24 14:02:35] Winrate vs random2     :  32.0% | Σ-Reward:  356.0 | Ø-Reward:  1.780 | Places: [64 (0.32), 63 (0.32), 38 (0.19), 35 (0.17)]
[2025-08-24 14:02:35] Winrate vs single_only :  55.5% | Σ-Reward:  435.0 | Ø-Reward:  2.175 | Places: [111 (0.56), 36 (0.18), 30 (0.15), 23 (0.12)]
[2025-08-24 14:02:39] Timing @ep 5000: episode 5.0s | train 0.002s | eval 1.0s | plot 3.9s | save 0.003s | cum 0.01h
[2025-08-24 14:03:12] 
[2025-08-24 14:03:12] Benchmark @train_ep   10000 (bench_eps: 200)
[2025-08-24 14:03:12] Macro Winrate          :  38.2%
[2025-08-24 14:03:12] Macro Ø-Reward         :  1.823
[2025-08-24 14:03:12] Winrate vs max_combo   :  30.0% | Σ-Reward:  336.0 | Ø-Reward:  1.680 | Places: [60 (0.30), 55 (0.28), 46 (0.23), 39 (0.20)]
[2025-08-24 14:03:12] Winrate vs random2     :  34.5% | Σ-Reward:  362.0 | Ø-Reward:  1.810 | Places: [69 (0.34), 62 (0.31), 31 (0.15), 38 (0.19)]
[2025-08-24 14:03:12] Winrate vs single_only :  50.0% | Σ-Reward:  396.0 | Ø-Reward:  1.980 | Places: [100 (0.50), 28 (0.14), 40 (0.20), 32 (0.16)]
[2025-08-24 14:03:17] Timing @ep 10000: episode 6.9s | train 0.002s | eval 1.1s | plot 5.8s | save 0.002s | cum 0.02h
[2025-08-24 14:03:51] 
[2025-08-24 14:03:51] Benchmark @train_ep   15000 (bench_eps: 200)
[2025-08-24 14:03:51] Macro Winrate          :  34.8%
[2025-08-24 14:03:51] Macro Ø-Reward         :  1.715
[2025-08-24 14:03:51] Winrate vs max_combo   :  30.0% | Σ-Reward:  301.0 | Ø-Reward:  1.505 | Places: [60 (0.30), 38 (0.19), 45 (0.23), 57 (0.28)]
[2025-08-24 14:03:51] Winrate vs random2     :  24.5% | Σ-Reward:  330.0 | Ø-Reward:  1.650 | Places: [49 (0.24), 64 (0.32), 55 (0.28), 32 (0.16)]
[2025-08-24 14:03:51] Winrate vs single_only :  50.0% | Σ-Reward:  398.0 | Ø-Reward:  1.990 | Places: [100 (0.50), 26 (0.13), 46 (0.23), 28 (0.14)]
[2025-08-24 14:03:58] Timing @ep 15000: episode 8.4s | train 0.002s | eval 1.1s | plot 7.3s | save 0.002s | cum 0.03h
[2025-08-24 14:04:33] 
[2025-08-24 14:04:33] Benchmark @train_ep   20000 (bench_eps: 200)
[2025-08-24 14:04:33] Macro Winrate          :  41.5%
[2025-08-24 14:04:33] Macro Ø-Reward         :  1.847
[2025-08-24 14:04:33] Winrate vs max_combo   :  32.5% | Σ-Reward:  336.0 | Ø-Reward:  1.680 | Places: [65 (0.33), 52 (0.26), 37 (0.18), 46 (0.23)]
[2025-08-24 14:04:33] Winrate vs random2     :  38.0% | Σ-Reward:  357.0 | Ø-Reward:  1.785 | Places: [76 (0.38), 43 (0.21), 43 (0.21), 38 (0.19)]
[2025-08-24 14:04:33] Winrate vs single_only :  54.0% | Σ-Reward:  415.0 | Ø-Reward:  2.075 | Places: [108 (0.54), 26 (0.13), 39 (0.20), 27 (0.14)]
[2025-08-24 14:04:41] Timing @ep 20000: episode 9.3s | train 0.002s | eval 1.1s | plot 8.3s | save 0.002s | cum 0.04h
[2025-08-24 14:05:14] 
[2025-08-24 14:05:14] Benchmark @train_ep   25000 (bench_eps: 200)
[2025-08-24 14:05:14] Macro Winrate          :  41.7%
[2025-08-24 14:05:14] Macro Ø-Reward         :  1.915
[2025-08-24 14:05:14] Winrate vs max_combo   :  36.5% | Σ-Reward:  354.0 | Ø-Reward:  1.770 | Places: [73 (0.36), 42 (0.21), 51 (0.26), 34 (0.17)]
[2025-08-24 14:05:14] Winrate vs random2     :  30.5% | Σ-Reward:  355.0 | Ø-Reward:  1.775 | Places: [61 (0.30), 61 (0.30), 50 (0.25), 28 (0.14)]
[2025-08-24 14:05:14] Winrate vs single_only :  58.0% | Σ-Reward:  440.0 | Ø-Reward:  2.200 | Places: [116 (0.58), 28 (0.14), 36 (0.18), 20 (0.10)]
[2025-08-24 14:05:23] Timing @ep 25000: episode 9.8s | train 0.003s | eval 1.0s | plot 8.7s | save 0.002s | cum 0.06h
[2025-08-24 14:05:56] 
[2025-08-24 14:05:56] Benchmark @train_ep   30000 (bench_eps: 200)
[2025-08-24 14:05:56] Macro Winrate          :  39.8%
[2025-08-24 14:05:56] Macro Ø-Reward         :  1.865
[2025-08-24 14:05:56] Winrate vs max_combo   :  30.5% | Σ-Reward:  323.0 | Ø-Reward:  1.615 | Places: [61 (0.30), 41 (0.20), 58 (0.29), 40 (0.20)]
[2025-08-24 14:05:56] Winrate vs random2     :  34.5% | Σ-Reward:  372.0 | Ø-Reward:  1.860 | Places: [69 (0.34), 60 (0.30), 45 (0.23), 26 (0.13)]
[2025-08-24 14:05:56] Winrate vs single_only :  54.5% | Σ-Reward:  424.0 | Ø-Reward:  2.120 | Places: [109 (0.55), 28 (0.14), 41 (0.20), 22 (0.11)]
[2025-08-24 14:06:06] Timing @ep 30000: episode 11.0s | train 0.002s | eval 1.1s | plot 9.9s | save 0.002s | cum 0.07h
[2025-08-24 14:06:42] 
[2025-08-24 14:06:42] Benchmark @train_ep   35000 (bench_eps: 200)
[2025-08-24 14:06:42] Macro Winrate          :  41.2%
[2025-08-24 14:06:42] Macro Ø-Reward         :  1.900
[2025-08-24 14:06:42] Winrate vs max_combo   :  31.0% | Σ-Reward:  324.0 | Ø-Reward:  1.620 | Places: [62 (0.31), 43 (0.21), 52 (0.26), 43 (0.21)]
[2025-08-24 14:06:42] Winrate vs random2     :  36.5% | Σ-Reward:  383.0 | Ø-Reward:  1.915 | Places: [73 (0.36), 60 (0.30), 44 (0.22), 23 (0.12)]
[2025-08-24 14:06:42] Winrate vs single_only :  56.0% | Σ-Reward:  433.0 | Ø-Reward:  2.165 | Places: [112 (0.56), 28 (0.14), 41 (0.20), 19 (0.10)]
[2025-08-24 14:06:53] Timing @ep 35000: episode 12.4s | train 0.002s | eval 1.1s | plot 11.3s | save 0.002s | cum 0.08h
[2025-08-24 14:07:31] 
[2025-08-24 14:07:31] Benchmark @train_ep   40000 (bench_eps: 200)
[2025-08-24 14:07:31] Macro Winrate          :  43.5%
[2025-08-24 14:07:31] Macro Ø-Reward         :  1.933
[2025-08-24 14:07:31] Winrate vs max_combo   :  33.0% | Σ-Reward:  353.0 | Ø-Reward:  1.765 | Places: [66 (0.33), 59 (0.29), 37 (0.18), 38 (0.19)]
[2025-08-24 14:07:31] Winrate vs random2     :  40.5% | Σ-Reward:  381.0 | Ø-Reward:  1.905 | Places: [81 (0.41), 51 (0.26), 36 (0.18), 32 (0.16)]
[2025-08-24 14:07:31] Winrate vs single_only :  57.0% | Σ-Reward:  426.0 | Ø-Reward:  2.130 | Places: [114 (0.57), 22 (0.11), 40 (0.20), 24 (0.12)]
[2025-08-24 14:07:42] Timing @ep 40000: episode 13.0s | train 0.004s | eval 1.1s | plot 11.9s | save 0.002s | cum 0.09h
[2025-08-24 14:08:17] 
[2025-08-24 14:08:17] Benchmark @train_ep   45000 (bench_eps: 200)
[2025-08-24 14:08:17] Macro Winrate          :  38.7%
[2025-08-24 14:08:17] Macro Ø-Reward         :  1.885
[2025-08-24 14:08:17] Winrate vs max_combo   :  32.0% | Σ-Reward:  349.0 | Ø-Reward:  1.745 | Places: [64 (0.32), 53 (0.27), 51 (0.26), 32 (0.16)]
[2025-08-24 14:08:17] Winrate vs random2     :  33.5% | Σ-Reward:  375.0 | Ø-Reward:  1.875 | Places: [67 (0.34), 63 (0.32), 48 (0.24), 22 (0.11)]
[2025-08-24 14:08:17] Winrate vs single_only :  50.5% | Σ-Reward:  407.0 | Ø-Reward:  2.035 | Places: [101 (0.51), 29 (0.14), 46 (0.23), 24 (0.12)]
[2025-08-24 14:08:30] Timing @ep 45000: episode 13.7s | train 0.003s | eval 1.1s | plot 12.6s | save 0.002s | cum 0.11h
[2025-08-24 14:09:06] 
[2025-08-24 14:09:06] Benchmark @train_ep   50000 (bench_eps: 200)
[2025-08-24 14:09:06] Macro Winrate          :  44.7%
[2025-08-24 14:09:06] Macro Ø-Reward         :  1.988
[2025-08-24 14:09:06] Winrate vs max_combo   :  32.0% | Σ-Reward:  345.0 | Ø-Reward:  1.725 | Places: [64 (0.32), 55 (0.28), 43 (0.21), 38 (0.19)]
[2025-08-24 14:09:06] Winrate vs random2     :  45.5% | Σ-Reward:  415.0 | Ø-Reward:  2.075 | Places: [91 (0.46), 55 (0.28), 32 (0.16), 22 (0.11)]
[2025-08-24 14:09:06] Winrate vs single_only :  56.5% | Σ-Reward:  433.0 | Ø-Reward:  2.165 | Places: [113 (0.56), 32 (0.16), 30 (0.15), 25 (0.12)]
[2025-08-24 14:09:20] Timing @ep 50000: episode 14.5s | train 0.004s | eval 1.0s | plot 13.5s | save 0.002s | cum 0.12h
[2025-08-24 14:09:20] 
[2025-08-24 14:09:20] Gesamtzeit: 0.12h (~ 113.87 eps/s)
[2025-08-24 14:09:20] k1a1, Single Agent vs Heuristiken (max_combo). Training abgeschlossen.
[2025-08-24 14:09:20] Path: /home/wasterix/Multiagent/OpenSpiel_neu/open_spiel/President/models/k1a1/model_82
