[2025-08-20 16:05:49] New Training
[2025-08-20 16:05:49] Deck_Size: 64
[2025-08-20 16:05:49] Episodes: 200
[2025-08-20 16:05:49] Path: /home/wasterix/OpenSpiel/open_spiel/President/models/k1a1/model_59
[2025-08-20 16:06:03] 
[2025-08-20 16:06:03] Benchmark @train_ep     100 (bench_eps: 500)
[2025-08-20 16:06:03] Macro Winrate          :  21.1%
[2025-08-20 16:06:03] Macro Ø-Reward         :  1.205
[2025-08-20 16:06:03] Winrate vs max_combo   :   8.4% | Σ-Reward:  330.0 | Ø-Reward:  0.660 | Places: [42 (0.08), 44 (0.09), 116 (0.23), 298 (0.60)]
[2025-08-20 16:06:03] Winrate vs random2     :  24.6% | Σ-Reward:  740.0 | Ø-Reward:  1.480 | Places: [123 (0.25), 123 (0.25), 125 (0.25), 129 (0.26)]
[2025-08-20 16:06:03] Winrate vs single_only :  30.2% | Σ-Reward:  737.0 | Ø-Reward:  1.474 | Places: [151 (0.30), 87 (0.17), 110 (0.22), 152 (0.30)]
[2025-08-20 16:06:05] Timing @ep 100: episode 13.4s | train 0.002s | eval 11.1s | plot 2.3s | save 0.002s | cum 0.00h
[2025-08-20 16:06:18] 
[2025-08-20 16:06:18] Benchmark @train_ep     200 (bench_eps: 500)
[2025-08-20 16:06:18] Macro Winrate          :  22.6%
[2025-08-20 16:06:18] Macro Ø-Reward         :  1.307
[2025-08-20 16:06:18] Winrate vs max_combo   :   8.2% | Σ-Reward:  348.0 | Ø-Reward:  0.696 | Places: [41 (0.08), 59 (0.12), 107 (0.21), 293 (0.59)]
[2025-08-20 16:06:18] Winrate vs random2     :  27.6% | Σ-Reward:  796.0 | Ø-Reward:  1.592 | Places: [138 (0.28), 136 (0.27), 110 (0.22), 116 (0.23)]
[2025-08-20 16:06:18] Winrate vs single_only :  32.0% | Σ-Reward:  816.0 | Ø-Reward:  1.632 | Places: [160 (0.32), 116 (0.23), 104 (0.21), 120 (0.24)]
[2025-08-20 16:06:20] Timing @ep 200: episode 13.8s | train 0.005s | eval 11.0s | plot 2.7s | save 0.001s | cum 0.01h
[2025-08-20 16:06:20] 
[2025-08-20 16:06:20] Gesamtzeit: 0.01h (~ 6.62 eps/s)
[2025-08-20 16:06:20] K1 Training abgeschlossen.
