[2025-08-25 23:27:58] New Training (k2a1): 4 getrennte PPO-Agents — simultanes Lernen
[2025-08-25 23:27:58] Deck_Size: 64
[2025-08-25 23:27:58] Episodes: 500000
[2025-08-25 23:27:58] Path: /home/wasterix/OpenSpiel/open_spiel/President/models/k2a1/model_02
[2025-08-25 23:46:14] 
[2025-08-25 23:46:14] Benchmark @train_ep   10000 (bench_eps: 2000)
[2025-08-25 23:46:14] Macro Winrate          :  65.5%
[2025-08-25 23:46:14] Macro Ø-Reward         :  2.436
[2025-08-25 23:46:14] Winrate vs max_combo   :  31.8% | Σ-Reward:  3580.0 | Ø-Reward:  1.790 | Places: [636 (0.32), 615 (0.31), 442 (0.22), 307 (0.15)]
[2025-08-25 23:46:14] Winrate vs random2     :  77.0% | Σ-Reward:  5366.0 | Ø-Reward:  2.683 | Places: [1539 (0.77), 323 (0.16), 103 (0.05), 35 (0.02)]
[2025-08-25 23:46:14] Winrate vs single_only :  87.8% | Σ-Reward:  5672.0 | Ø-Reward:  2.836 | Places: [1755 (0.88), 181 (0.09), 45 (0.02), 19 (0.01)]
[2025-08-25 23:46:16] Timing @ep 10000: episode 48.6s | train 0.017s | eval 47.0s | plot 1.4s | save 0.011s | cum 0.30h
[2025-08-26 00:03:57] 
[2025-08-26 00:03:57] Benchmark @train_ep   20000 (bench_eps: 2000)
[2025-08-26 00:03:57] Macro Winrate          :  63.9%
[2025-08-26 00:03:57] Macro Ø-Reward         :  2.441
[2025-08-26 00:03:57] Winrate vs max_combo   :  33.5% | Σ-Reward:  3739.0 | Ø-Reward:  1.869 | Places: [670 (0.34), 651 (0.33), 427 (0.21), 252 (0.13)]
[2025-08-26 00:03:57] Winrate vs random2     :  75.7% | Σ-Reward:  5334.0 | Ø-Reward:  2.667 | Places: [1513 (0.76), 354 (0.18), 87 (0.04), 46 (0.02)]
[2025-08-26 00:03:57] Winrate vs single_only :  82.4% | Σ-Reward:  5570.0 | Ø-Reward:  2.785 | Places: [1648 (0.82), 290 (0.14), 46 (0.02), 16 (0.01)]
[2025-08-26 00:03:58] Timing @ep 20000: episode 47.3s | train 0.017s | eval 45.7s | plot 1.5s | save 0.007s | cum 0.60h
[2025-08-26 00:21:42] 
[2025-08-26 00:21:42] Benchmark @train_ep   30000 (bench_eps: 2000)
[2025-08-26 00:21:42] Macro Winrate          :  65.7%
[2025-08-26 00:21:42] Macro Ø-Reward         :  2.466
[2025-08-26 00:21:42] Winrate vs max_combo   :  34.1% | Σ-Reward:  3756.0 | Ø-Reward:  1.878 | Places: [683 (0.34), 634 (0.32), 439 (0.22), 244 (0.12)]
[2025-08-26 00:21:42] Winrate vs random2     :  73.8% | Σ-Reward:  5326.0 | Ø-Reward:  2.663 | Places: [1475 (0.74), 401 (0.20), 99 (0.05), 25 (0.01)]
[2025-08-26 00:21:42] Winrate vs single_only :  89.1% | Σ-Reward:  5716.0 | Ø-Reward:  2.858 | Places: [1782 (0.89), 159 (0.08), 52 (0.03), 7 (0.00)]
[2025-08-26 00:21:44] Timing @ep 30000: episode 43.7s | train 0.013s | eval 41.9s | plot 1.7s | save 0.005s | cum 0.90h
[2025-08-26 00:39:42] 
[2025-08-26 00:39:42] Benchmark @train_ep   40000 (bench_eps: 2000)
[2025-08-26 00:39:42] Macro Winrate          :  65.3%
[2025-08-26 00:39:42] Macro Ø-Reward         :  2.475
[2025-08-26 00:39:42] Winrate vs max_combo   :  38.2% | Σ-Reward:  3944.0 | Ø-Reward:  1.972 | Places: [765 (0.38), 601 (0.30), 447 (0.22), 187 (0.09)]
[2025-08-26 00:39:42] Winrate vs random2     :  75.5% | Σ-Reward:  5390.0 | Ø-Reward:  2.695 | Places: [1510 (0.76), 389 (0.19), 82 (0.04), 19 (0.01)]
[2025-08-26 00:39:42] Winrate vs single_only :  82.2% | Σ-Reward:  5514.0 | Ø-Reward:  2.757 | Places: [1643 (0.82), 238 (0.12), 109 (0.05), 10 (0.01)]
[2025-08-26 00:39:43] Timing @ep 40000: episode 45.3s | train 0.012s | eval 43.7s | plot 1.5s | save 0.007s | cum 1.20h
[2025-08-26 00:57:29] 
[2025-08-26 00:57:29] Benchmark @train_ep   50000 (bench_eps: 2000)
[2025-08-26 00:57:29] Macro Winrate          :  64.9%
[2025-08-26 00:57:29] Macro Ø-Reward         :  2.459
[2025-08-26 00:57:29] Winrate vs max_combo   :  35.3% | Σ-Reward:  3833.0 | Ø-Reward:  1.917 | Places: [706 (0.35), 648 (0.32), 419 (0.21), 227 (0.11)]
[2025-08-26 00:57:29] Winrate vs random2     :  75.3% | Σ-Reward:  5384.0 | Ø-Reward:  2.692 | Places: [1506 (0.75), 393 (0.20), 80 (0.04), 21 (0.01)]
[2025-08-26 00:57:29] Winrate vs single_only :  84.1% | Σ-Reward:  5535.0 | Ø-Reward:  2.768 | Places: [1682 (0.84), 195 (0.10), 99 (0.05), 24 (0.01)]
[2025-08-26 00:57:31] Timing @ep 50000: episode 45.0s | train 0.013s | eval 43.3s | plot 1.6s | save 0.006s | cum 1.49h
[2025-08-26 01:15:52] 
[2025-08-26 01:15:52] Benchmark @train_ep   60000 (bench_eps: 2000)
[2025-08-26 01:15:52] Macro Winrate          :  63.4%
[2025-08-26 01:15:52] Macro Ø-Reward         :  2.455
[2025-08-26 01:15:52] Winrate vs max_combo   :  36.7% | Σ-Reward:  3907.0 | Ø-Reward:  1.954 | Places: [734 (0.37), 644 (0.32), 417 (0.21), 205 (0.10)]
[2025-08-26 01:15:52] Winrate vs random2     :  73.0% | Σ-Reward:  5351.0 | Ø-Reward:  2.675 | Places: [1461 (0.73), 440 (0.22), 88 (0.04), 11 (0.01)]
[2025-08-26 01:15:52] Winrate vs single_only :  80.5% | Σ-Reward:  5474.0 | Ø-Reward:  2.737 | Places: [1610 (0.81), 262 (0.13), 120 (0.06), 8 (0.00)]
[2025-08-26 01:15:53] Timing @ep 60000: episode 46.5s | train 0.013s | eval 44.8s | plot 1.6s | save 0.006s | cum 1.80h
[2025-08-26 01:33:49] 
[2025-08-26 01:33:49] Benchmark @train_ep   70000 (bench_eps: 2000)
[2025-08-26 01:33:49] Macro Winrate          :  67.0%
[2025-08-26 01:33:49] Macro Ø-Reward         :  2.514
[2025-08-26 01:33:49] Winrate vs max_combo   :  36.8% | Σ-Reward:  3960.0 | Ø-Reward:  1.980 | Places: [735 (0.37), 679 (0.34), 397 (0.20), 189 (0.09)]
[2025-08-26 01:33:49] Winrate vs random2     :  76.9% | Σ-Reward:  5451.0 | Ø-Reward:  2.725 | Places: [1538 (0.77), 384 (0.19), 69 (0.03), 9 (0.00)]
[2025-08-26 01:33:49] Winrate vs single_only :  87.5% | Σ-Reward:  5676.0 | Ø-Reward:  2.838 | Places: [1750 (0.88), 181 (0.09), 64 (0.03), 5 (0.00)]
[2025-08-26 01:33:51] Timing @ep 70000: episode 47.2s | train 0.013s | eval 45.4s | plot 1.7s | save 0.005s | cum 2.10h
[2025-08-26 01:52:04] 
[2025-08-26 01:52:04] Benchmark @train_ep   80000 (bench_eps: 2000)
[2025-08-26 01:52:04] Macro Winrate          :  63.1%
[2025-08-26 01:52:04] Macro Ø-Reward         :  2.455
[2025-08-26 01:52:04] Winrate vs max_combo   :  37.6% | Σ-Reward:  3920.0 | Ø-Reward:  1.960 | Places: [752 (0.38), 621 (0.31), 422 (0.21), 205 (0.10)]
[2025-08-26 01:52:04] Winrate vs random2     :  72.4% | Σ-Reward:  5333.0 | Ø-Reward:  2.667 | Places: [1448 (0.72), 450 (0.23), 89 (0.04), 13 (0.01)]
[2025-08-26 01:52:04] Winrate vs single_only :  79.4% | Σ-Reward:  5475.0 | Ø-Reward:  2.737 | Places: [1588 (0.79), 305 (0.15), 101 (0.05), 6 (0.00)]
[2025-08-26 01:52:06] Timing @ep 80000: episode 46.4s | train 0.013s | eval 44.7s | plot 1.6s | save 0.007s | cum 2.40h
[2025-08-26 02:10:00] 
[2025-08-26 02:10:00] Benchmark @train_ep   90000 (bench_eps: 2000)
[2025-08-26 02:10:00] Macro Winrate          :  67.5%
[2025-08-26 02:10:00] Macro Ø-Reward         :  2.505
[2025-08-26 02:10:00] Winrate vs max_combo   :  39.4% | Σ-Reward:  3995.0 | Ø-Reward:  1.998 | Places: [788 (0.39), 627 (0.31), 377 (0.19), 208 (0.10)]
[2025-08-26 02:10:00] Winrate vs random2     :  76.2% | Σ-Reward:  5383.0 | Ø-Reward:  2.692 | Places: [1523 (0.76), 362 (0.18), 90 (0.04), 25 (0.01)]
[2025-08-26 02:10:00] Winrate vs single_only :  86.8% | Σ-Reward:  5652.0 | Ø-Reward:  2.826 | Places: [1736 (0.87), 192 (0.10), 60 (0.03), 12 (0.01)]
[2025-08-26 02:10:02] Timing @ep 90000: episode 42.9s | train 0.013s | eval 41.3s | plot 1.5s | save 0.006s | cum 2.70h
[2025-08-26 02:28:03] 
[2025-08-26 02:28:03] Benchmark @train_ep  100000 (bench_eps: 2000)
[2025-08-26 02:28:03] Macro Winrate          :  66.8%
[2025-08-26 02:28:03] Macro Ø-Reward         :  2.498
[2025-08-26 02:28:03] Winrate vs max_combo   :  38.7% | Σ-Reward:  4007.0 | Ø-Reward:  2.003 | Places: [774 (0.39), 631 (0.32), 423 (0.21), 172 (0.09)]
[2025-08-26 02:28:03] Winrate vs random2     :  75.8% | Σ-Reward:  5400.0 | Ø-Reward:  2.700 | Places: [1515 (0.76), 383 (0.19), 89 (0.04), 13 (0.01)]
[2025-08-26 02:28:03] Winrate vs single_only :  85.8% | Σ-Reward:  5583.0 | Ø-Reward:  2.792 | Places: [1716 (0.86), 163 (0.08), 109 (0.05), 12 (0.01)]
[2025-08-26 02:28:04] Timing @ep 100000: episode 43.2s | train 0.013s | eval 41.6s | plot 1.4s | save 0.006s | cum 3.00h
[2025-08-26 02:46:28] 
[2025-08-26 02:46:28] Benchmark @train_ep  110000 (bench_eps: 2000)
[2025-08-26 02:46:28] Macro Winrate          :  60.6%
[2025-08-26 02:46:28] Macro Ø-Reward         :  2.416
[2025-08-26 02:46:28] Winrate vs max_combo   :  37.7% | Σ-Reward:  3974.0 | Ø-Reward:  1.987 | Places: [754 (0.38), 654 (0.33), 404 (0.20), 188 (0.09)]
[2025-08-26 02:46:28] Winrate vs random2     :  71.0% | Σ-Reward:  5291.0 | Ø-Reward:  2.646 | Places: [1421 (0.71), 457 (0.23), 114 (0.06), 8 (0.00)]
[2025-08-26 02:46:28] Winrate vs single_only :  72.9% | Σ-Reward:  5229.0 | Ø-Reward:  2.615 | Places: [1458 (0.73), 340 (0.17), 175 (0.09), 27 (0.01)]
[2025-08-26 02:46:30] Timing @ep 110000: episode 46.6s | train 0.013s | eval 45.1s | plot 1.4s | save 0.008s | cum 3.31h
[2025-08-26 03:04:23] 
[2025-08-26 03:04:23] Benchmark @train_ep  120000 (bench_eps: 2000)
[2025-08-26 03:04:23] Macro Winrate          :  67.2%
[2025-08-26 03:04:23] Macro Ø-Reward         :  2.499
[2025-08-26 03:04:23] Winrate vs max_combo   :  42.1% | Σ-Reward:  4079.0 | Ø-Reward:  2.039 | Places: [843 (0.42), 599 (0.30), 352 (0.18), 206 (0.10)]
[2025-08-26 03:04:23] Winrate vs random2     :  75.4% | Σ-Reward:  5371.0 | Ø-Reward:  2.686 | Places: [1508 (0.75), 374 (0.19), 99 (0.05), 19 (0.01)]
[2025-08-26 03:04:23] Winrate vs single_only :  84.2% | Σ-Reward:  5541.0 | Ø-Reward:  2.771 | Places: [1684 (0.84), 195 (0.10), 99 (0.05), 22 (0.01)]
[2025-08-26 03:04:24] Timing @ep 120000: episode 42.6s | train 0.022s | eval 40.8s | plot 1.7s | save 0.006s | cum 3.61h
[2025-08-26 03:22:29] 
[2025-08-26 03:22:30] Benchmark @train_ep  130000 (bench_eps: 2000)
[2025-08-26 03:22:30] Macro Winrate          :  58.4%
[2025-08-26 03:22:30] Macro Ø-Reward         :  2.383
[2025-08-26 03:22:30] Winrate vs max_combo   :  36.9% | Σ-Reward:  3921.0 | Ø-Reward:  1.960 | Places: [738 (0.37), 639 (0.32), 429 (0.21), 194 (0.10)]
[2025-08-26 03:22:30] Winrate vs random2     :  68.0% | Σ-Reward:  5179.0 | Ø-Reward:  2.590 | Places: [1359 (0.68), 481 (0.24), 140 (0.07), 20 (0.01)]
[2025-08-26 03:22:30] Winrate vs single_only :  70.3% | Σ-Reward:  5196.0 | Ø-Reward:  2.598 | Places: [1406 (0.70), 408 (0.20), 162 (0.08), 24 (0.01)]
[2025-08-26 03:22:31] Timing @ep 130000: episode 45.6s | train 0.013s | eval 43.9s | plot 1.6s | save 0.007s | cum 3.91h
[2025-08-26 03:40:42] 
[2025-08-26 03:40:42] Benchmark @train_ep  140000 (bench_eps: 2000)
[2025-08-26 03:40:42] Macro Winrate          :  63.7%
[2025-08-26 03:40:42] Macro Ø-Reward         :  2.467
[2025-08-26 03:40:42] Winrate vs max_combo   :  39.3% | Σ-Reward:  4065.0 | Ø-Reward:  2.033 | Places: [786 (0.39), 657 (0.33), 393 (0.20), 164 (0.08)]
[2025-08-26 03:40:42] Winrate vs random2     :  72.4% | Σ-Reward:  5304.0 | Ø-Reward:  2.652 | Places: [1448 (0.72), 425 (0.21), 110 (0.06), 17 (0.01)]
[2025-08-26 03:40:42] Winrate vs single_only :  79.5% | Σ-Reward:  5432.0 | Ø-Reward:  2.716 | Places: [1589 (0.79), 271 (0.14), 123 (0.06), 17 (0.01)]
[2025-08-26 03:40:44] Timing @ep 140000: episode 47.6s | train 0.013s | eval 46.0s | plot 1.5s | save 0.006s | cum 4.21h
[2025-08-26 03:59:07] 
[2025-08-26 03:59:07] Benchmark @train_ep  150000 (bench_eps: 2000)
[2025-08-26 03:59:07] Macro Winrate          :  64.9%
[2025-08-26 03:59:07] Macro Ø-Reward         :  2.465
[2025-08-26 03:59:07] Winrate vs max_combo   :  40.8% | Σ-Reward:  4021.0 | Ø-Reward:  2.010 | Places: [815 (0.41), 591 (0.30), 394 (0.20), 200 (0.10)]
[2025-08-26 03:59:07] Winrate vs random2     :  75.8% | Σ-Reward:  5367.0 | Ø-Reward:  2.683 | Places: [1515 (0.76), 358 (0.18), 106 (0.05), 21 (0.01)]
[2025-08-26 03:59:07] Winrate vs single_only :  78.0% | Σ-Reward:  5404.0 | Ø-Reward:  2.702 | Places: [1561 (0.78), 302 (0.15), 117 (0.06), 20 (0.01)]
[2025-08-26 03:59:09] Timing @ep 150000: episode 49.9s | train 0.013s | eval 48.2s | plot 1.6s | save 0.005s | cum 4.52h
[2025-08-26 04:17:17] 
[2025-08-26 04:17:17] Benchmark @train_ep  160000 (bench_eps: 2000)
[2025-08-26 04:17:17] Macro Winrate          :  64.2%
[2025-08-26 04:17:17] Macro Ø-Reward         :  2.467
[2025-08-26 04:17:17] Winrate vs max_combo   :  41.1% | Σ-Reward:  4021.0 | Ø-Reward:  2.010 | Places: [822 (0.41), 580 (0.29), 395 (0.20), 203 (0.10)]
[2025-08-26 04:17:17] Winrate vs random2     :  73.4% | Σ-Reward:  5368.0 | Ø-Reward:  2.684 | Places: [1468 (0.73), 440 (0.22), 84 (0.04), 8 (0.00)]
[2025-08-26 04:17:17] Winrate vs single_only :  78.0% | Σ-Reward:  5413.0 | Ø-Reward:  2.707 | Places: [1559 (0.78), 305 (0.15), 126 (0.06), 10 (0.01)]
[2025-08-26 04:17:18] Timing @ep 160000: episode 45.1s | train 0.013s | eval 43.2s | plot 1.8s | save 0.005s | cum 4.82h
[2025-08-26 04:35:26] 
[2025-08-26 04:35:26] Benchmark @train_ep  170000 (bench_eps: 2000)
[2025-08-26 04:35:26] Macro Winrate          :  65.4%
[2025-08-26 04:35:26] Macro Ø-Reward         :  2.486
[2025-08-26 04:35:26] Winrate vs max_combo   :  42.5% | Σ-Reward:  4133.0 | Ø-Reward:  2.067 | Places: [850 (0.42), 604 (0.30), 375 (0.19), 171 (0.09)]
[2025-08-26 04:35:26] Winrate vs random2     :  76.3% | Σ-Reward:  5434.0 | Ø-Reward:  2.717 | Places: [1526 (0.76), 391 (0.20), 74 (0.04), 9 (0.00)]
[2025-08-26 04:35:26] Winrate vs single_only :  77.5% | Σ-Reward:  5351.0 | Ø-Reward:  2.675 | Places: [1549 (0.77), 289 (0.14), 126 (0.06), 36 (0.02)]
[2025-08-26 04:35:28] Timing @ep 170000: episode 44.9s | train 0.015s | eval 43.2s | plot 1.6s | save 0.008s | cum 5.12h
[2025-08-26 04:53:27] 
[2025-08-26 04:53:27] Benchmark @train_ep  180000 (bench_eps: 2000)
[2025-08-26 04:53:27] Macro Winrate          :  66.4%
[2025-08-26 04:53:27] Macro Ø-Reward         :  2.511
[2025-08-26 04:53:27] Winrate vs max_combo   :  43.5% | Σ-Reward:  4234.0 | Ø-Reward:  2.117 | Places: [869 (0.43), 665 (0.33), 297 (0.15), 169 (0.08)]
[2025-08-26 04:53:27] Winrate vs random2     :  77.0% | Σ-Reward:  5430.0 | Ø-Reward:  2.715 | Places: [1539 (0.77), 369 (0.18), 75 (0.04), 17 (0.01)]
[2025-08-26 04:53:27] Winrate vs single_only :  78.8% | Σ-Reward:  5405.0 | Ø-Reward:  2.703 | Places: [1575 (0.79), 272 (0.14), 136 (0.07), 17 (0.01)]
[2025-08-26 04:53:28] Timing @ep 180000: episode 44.0s | train 0.014s | eval 42.4s | plot 1.5s | save 0.005s | cum 5.42h
[2025-08-26 05:11:42] 
[2025-08-26 05:11:42] Benchmark @train_ep  190000 (bench_eps: 2000)
[2025-08-26 05:11:42] Macro Winrate          :  68.9%
[2025-08-26 05:11:42] Macro Ø-Reward         :  2.549
[2025-08-26 05:11:42] Winrate vs max_combo   :  48.0% | Σ-Reward:  4373.0 | Ø-Reward:  2.187 | Places: [959 (0.48), 607 (0.30), 282 (0.14), 152 (0.08)]
[2025-08-26 05:11:42] Winrate vs random2     :  80.5% | Σ-Reward:  5506.0 | Ø-Reward:  2.753 | Places: [1609 (0.80), 304 (0.15), 71 (0.04), 16 (0.01)]
[2025-08-26 05:11:42] Winrate vs single_only :  78.3% | Σ-Reward:  5415.0 | Ø-Reward:  2.708 | Places: [1566 (0.78), 303 (0.15), 111 (0.06), 20 (0.01)]
[2025-08-26 05:11:43] Timing @ep 190000: episode 43.8s | train 0.013s | eval 42.1s | plot 1.6s | save 0.006s | cum 5.73h
[2025-08-26 05:29:36] 
[2025-08-26 05:29:36] Benchmark @train_ep  200000 (bench_eps: 2000)
[2025-08-26 05:29:36] Macro Winrate          :  65.4%
[2025-08-26 05:29:36] Macro Ø-Reward         :  2.473
[2025-08-26 05:29:36] Winrate vs max_combo   :  40.8% | Σ-Reward:  4017.0 | Ø-Reward:  2.009 | Places: [815 (0.41), 599 (0.30), 374 (0.19), 212 (0.11)]
[2025-08-26 05:29:36] Winrate vs random2     :  73.9% | Σ-Reward:  5345.0 | Ø-Reward:  2.672 | Places: [1478 (0.74), 413 (0.21), 85 (0.04), 24 (0.01)]
[2025-08-26 05:29:36] Winrate vs single_only :  81.4% | Σ-Reward:  5478.0 | Ø-Reward:  2.739 | Places: [1628 (0.81), 243 (0.12), 108 (0.05), 21 (0.01)]
[2025-08-26 05:29:38] Timing @ep 200000: episode 43.5s | train 0.013s | eval 41.7s | plot 1.8s | save 0.005s | cum 6.03h
[2025-08-26 05:47:39] 
[2025-08-26 05:47:39] Benchmark @train_ep  210000 (bench_eps: 2000)
[2025-08-26 05:47:39] Macro Winrate          :  68.4%
[2025-08-26 05:47:39] Macro Ø-Reward         :  2.528
[2025-08-26 05:47:39] Winrate vs max_combo   :  44.5% | Σ-Reward:  4174.0 | Ø-Reward:  2.087 | Places: [890 (0.45), 584 (0.29), 336 (0.17), 190 (0.10)]
[2025-08-26 05:47:39] Winrate vs random2     :  76.8% | Σ-Reward:  5415.0 | Ø-Reward:  2.708 | Places: [1537 (0.77), 363 (0.18), 78 (0.04), 22 (0.01)]
[2025-08-26 05:47:39] Winrate vs single_only :  84.0% | Σ-Reward:  5581.0 | Ø-Reward:  2.791 | Places: [1679 (0.84), 230 (0.12), 84 (0.04), 7 (0.00)]
[2025-08-26 05:47:41] Timing @ep 210000: episode 47.2s | train 0.046s | eval 45.3s | plot 1.7s | save 0.007s | cum 6.33h
[2025-08-26 06:05:36] 
[2025-08-26 06:05:36] Benchmark @train_ep  220000 (bench_eps: 2000)
[2025-08-26 06:05:36] Macro Winrate          :  68.9%
[2025-08-26 06:05:36] Macro Ø-Reward         :  2.536
[2025-08-26 06:05:36] Winrate vs max_combo   :  44.7% | Σ-Reward:  4221.0 | Ø-Reward:  2.111 | Places: [894 (0.45), 604 (0.30), 331 (0.17), 171 (0.09)]
[2025-08-26 06:05:36] Winrate vs random2     :  79.8% | Σ-Reward:  5494.0 | Ø-Reward:  2.747 | Places: [1595 (0.80), 316 (0.16), 77 (0.04), 12 (0.01)]
[2025-08-26 06:05:36] Winrate vs single_only :  82.3% | Σ-Reward:  5498.0 | Ø-Reward:  2.749 | Places: [1647 (0.82), 231 (0.12), 95 (0.05), 27 (0.01)]
[2025-08-26 06:05:37] Timing @ep 220000: episode 43.8s | train 0.013s | eval 42.1s | plot 1.5s | save 0.005s | cum 6.63h
[2025-08-26 06:23:40] 
[2025-08-26 06:23:40] Benchmark @train_ep  230000 (bench_eps: 2000)
[2025-08-26 06:23:40] Macro Winrate          :  66.5%
[2025-08-26 06:23:40] Macro Ø-Reward         :  2.489
[2025-08-26 06:23:40] Winrate vs max_combo   :  41.5% | Σ-Reward:  4082.0 | Ø-Reward:  2.041 | Places: [830 (0.41), 604 (0.30), 384 (0.19), 182 (0.09)]
[2025-08-26 06:23:40] Winrate vs random2     :  75.2% | Σ-Reward:  5355.0 | Ø-Reward:  2.678 | Places: [1503 (0.75), 368 (0.18), 110 (0.06), 19 (0.01)]
[2025-08-26 06:23:40] Winrate vs single_only :  82.8% | Σ-Reward:  5497.0 | Ø-Reward:  2.748 | Places: [1655 (0.83), 196 (0.10), 140 (0.07), 9 (0.00)]
[2025-08-26 06:23:42] Timing @ep 230000: episode 42.4s | train 0.013s | eval 41.0s | plot 1.3s | save 0.005s | cum 6.93h
[2025-08-26 06:41:16] 
[2025-08-26 06:41:16] Benchmark @train_ep  240000 (bench_eps: 2000)
[2025-08-26 06:41:16] Macro Winrate          :  67.1%
[2025-08-26 06:41:16] Macro Ø-Reward         :  2.526
[2025-08-26 06:41:16] Winrate vs max_combo   :  47.0% | Σ-Reward:  4319.0 | Ø-Reward:  2.159 | Places: [940 (0.47), 596 (0.30), 307 (0.15), 157 (0.08)]
[2025-08-26 06:41:16] Winrate vs random2     :  77.2% | Σ-Reward:  5461.0 | Ø-Reward:  2.731 | Places: [1544 (0.77), 385 (0.19), 59 (0.03), 12 (0.01)]
[2025-08-26 06:41:16] Winrate vs single_only :  77.2% | Σ-Reward:  5379.0 | Ø-Reward:  2.689 | Places: [1544 (0.77), 308 (0.15), 131 (0.07), 17 (0.01)]
[2025-08-26 06:41:18] Timing @ep 240000: episode 45.1s | train 0.013s | eval 43.6s | plot 1.4s | save 0.005s | cum 7.22h
[2025-08-26 06:58:38] 
[2025-08-26 06:58:38] Benchmark @train_ep  250000 (bench_eps: 2000)
[2025-08-26 06:58:38] Macro Winrate          :  67.5%
[2025-08-26 06:58:38] Macro Ø-Reward         :  2.522
[2025-08-26 06:58:38] Winrate vs max_combo   :  45.6% | Σ-Reward:  4291.0 | Ø-Reward:  2.146 | Places: [912 (0.46), 593 (0.30), 369 (0.18), 126 (0.06)]
[2025-08-26 06:58:38] Winrate vs random2     :  78.0% | Σ-Reward:  5467.0 | Ø-Reward:  2.733 | Places: [1561 (0.78), 354 (0.18), 76 (0.04), 9 (0.00)]
[2025-08-26 06:58:38] Winrate vs single_only :  78.8% | Σ-Reward:  5372.0 | Ø-Reward:  2.686 | Places: [1577 (0.79), 250 (0.12), 141 (0.07), 32 (0.02)]
[2025-08-26 06:58:39] Timing @ep 250000: episode 42.6s | train 0.028s | eval 41.0s | plot 1.5s | save 0.005s | cum 7.51h
[2025-08-26 07:16:15] 
[2025-08-26 07:16:15] Benchmark @train_ep  260000 (bench_eps: 2000)
[2025-08-26 07:16:15] Macro Winrate          :  65.4%
[2025-08-26 07:16:15] Macro Ø-Reward         :  2.503
[2025-08-26 07:16:15] Winrate vs max_combo   :  42.1% | Σ-Reward:  4180.0 | Ø-Reward:  2.090 | Places: [842 (0.42), 651 (0.33), 352 (0.18), 155 (0.08)]
[2025-08-26 07:16:15] Winrate vs random2     :  76.2% | Σ-Reward:  5431.0 | Ø-Reward:  2.716 | Places: [1525 (0.76), 389 (0.19), 78 (0.04), 8 (0.00)]
[2025-08-26 07:16:15] Winrate vs single_only :  77.8% | Σ-Reward:  5408.0 | Ø-Reward:  2.704 | Places: [1555 (0.78), 311 (0.16), 121 (0.06), 13 (0.01)]
[2025-08-26 07:16:17] Timing @ep 260000: episode 46.7s | train 0.014s | eval 45.2s | plot 1.3s | save 0.004s | cum 7.80h
[2025-08-26 07:37:11] 
[2025-08-26 07:37:11] Benchmark @train_ep  270000 (bench_eps: 2000)
[2025-08-26 07:37:11] Macro Winrate          :  68.9%
[2025-08-26 07:37:11] Macro Ø-Reward         :  2.544
[2025-08-26 07:37:11] Winrate vs max_combo   :  46.5% | Σ-Reward:  4242.0 | Ø-Reward:  2.121 | Places: [930 (0.47), 567 (0.28), 318 (0.16), 185 (0.09)]
[2025-08-26 07:37:11] Winrate vs random2     :  78.4% | Σ-Reward:  5482.0 | Ø-Reward:  2.741 | Places: [1568 (0.78), 357 (0.18), 64 (0.03), 11 (0.01)]
[2025-08-26 07:37:11] Winrate vs single_only :  81.8% | Σ-Reward:  5540.0 | Ø-Reward:  2.770 | Places: [1637 (0.82), 274 (0.14), 81 (0.04), 8 (0.00)]
[2025-08-26 07:37:13] Timing @ep 270000: episode 50.8s | train 0.014s | eval 49.3s | plot 1.5s | save 0.005s | cum 8.15h
[2025-08-26 07:56:38] 
[2025-08-26 07:56:38] Benchmark @train_ep  280000 (bench_eps: 2000)
[2025-08-26 07:56:38] Macro Winrate          :  59.1%
[2025-08-26 07:56:38] Macro Ø-Reward         :  2.448
[2025-08-26 07:56:38] Winrate vs max_combo   :  44.5% | Σ-Reward:  4300.0 | Ø-Reward:  2.150 | Places: [891 (0.45), 650 (0.33), 327 (0.16), 132 (0.07)]
[2025-08-26 07:56:38] Winrate vs random2     :  72.9% | Σ-Reward:  5369.0 | Ø-Reward:  2.684 | Places: [1458 (0.73), 460 (0.23), 75 (0.04), 7 (0.00)]
[2025-08-26 07:56:38] Winrate vs single_only :  59.7% | Σ-Reward:  5018.0 | Ø-Reward:  2.509 | Places: [1194 (0.60), 646 (0.32), 144 (0.07), 16 (0.01)]
[2025-08-26 07:56:40] Timing @ep 280000: episode 50.1s | train 0.014s | eval 48.5s | plot 1.4s | save 0.005s | cum 8.48h
[2025-08-26 08:16:06] 
[2025-08-26 08:16:06] Benchmark @train_ep  290000 (bench_eps: 2000)
[2025-08-26 08:16:06] Macro Winrate          :  62.5%
[2025-08-26 08:16:06] Macro Ø-Reward         :  2.470
[2025-08-26 08:16:06] Winrate vs max_combo   :  40.6% | Σ-Reward:  4172.0 | Ø-Reward:  2.086 | Places: [812 (0.41), 679 (0.34), 378 (0.19), 131 (0.07)]
[2025-08-26 08:16:06] Winrate vs random2     :  77.5% | Σ-Reward:  5450.0 | Ø-Reward:  2.725 | Places: [1549 (0.77), 358 (0.18), 87 (0.04), 6 (0.00)]
[2025-08-26 08:16:06] Winrate vs single_only :  69.5% | Σ-Reward:  5201.0 | Ø-Reward:  2.600 | Places: [1390 (0.69), 430 (0.21), 171 (0.09), 9 (0.00)]
[2025-08-26 08:16:08] Timing @ep 290000: episode 59.5s | train 0.015s | eval 57.5s | plot 1.9s | save 0.008s | cum 8.80h
[2025-08-26 08:38:24] 
[2025-08-26 08:38:24] Benchmark @train_ep  300000 (bench_eps: 2000)
[2025-08-26 08:38:24] Macro Winrate          :  69.3%
[2025-08-26 08:38:24] Macro Ø-Reward         :  2.549
[2025-08-26 08:38:24] Winrate vs max_combo   :  41.5% | Σ-Reward:  4152.0 | Ø-Reward:  2.076 | Places: [831 (0.42), 656 (0.33), 347 (0.17), 166 (0.08)]
[2025-08-26 08:38:24] Winrate vs random2     :  79.8% | Σ-Reward:  5491.0 | Ø-Reward:  2.745 | Places: [1596 (0.80), 316 (0.16), 71 (0.04), 17 (0.01)]
[2025-08-26 08:38:24] Winrate vs single_only :  86.5% | Σ-Reward:  5650.0 | Ø-Reward:  2.825 | Places: [1730 (0.86), 197 (0.10), 66 (0.03), 7 (0.00)]
[2025-08-26 08:38:27] Timing @ep 300000: episode 53.4s | train 0.018s | eval 50.8s | plot 2.4s | save 0.006s | cum 9.17h
[2025-08-26 08:58:50] 
[2025-08-26 08:58:50] Benchmark @train_ep  310000 (bench_eps: 2000)
[2025-08-26 08:58:50] Macro Winrate          :  66.0%
[2025-08-26 08:58:50] Macro Ø-Reward         :  2.538
[2025-08-26 08:58:50] Winrate vs max_combo   :  45.8% | Σ-Reward:  4366.0 | Ø-Reward:  2.183 | Places: [916 (0.46), 642 (0.32), 334 (0.17), 108 (0.05)]
[2025-08-26 08:58:50] Winrate vs random2     :  79.1% | Σ-Reward:  5522.0 | Ø-Reward:  2.761 | Places: [1582 (0.79), 362 (0.18), 52 (0.03), 4 (0.00)]
[2025-08-26 08:58:50] Winrate vs single_only :  73.2% | Σ-Reward:  5342.0 | Ø-Reward:  2.671 | Places: [1465 (0.73), 430 (0.21), 87 (0.04), 18 (0.01)]
[2025-08-26 08:58:52] Timing @ep 310000: episode 56.3s | train 0.016s | eval 54.7s | plot 1.6s | save 0.007s | cum 9.51h
[2025-08-26 09:21:04] 
[2025-08-26 09:21:04] Benchmark @train_ep  320000 (bench_eps: 2000)
[2025-08-26 09:21:04] Macro Winrate          :  64.4%
[2025-08-26 09:21:04] Macro Ø-Reward         :  2.495
[2025-08-26 09:21:04] Winrate vs max_combo   :  45.0% | Σ-Reward:  4267.0 | Ø-Reward:  2.134 | Places: [900 (0.45), 618 (0.31), 331 (0.17), 151 (0.08)]
[2025-08-26 09:21:04] Winrate vs random2     :  76.9% | Σ-Reward:  5444.0 | Ø-Reward:  2.722 | Places: [1538 (0.77), 380 (0.19), 70 (0.04), 12 (0.01)]
[2025-08-26 09:21:04] Winrate vs single_only :  71.3% | Σ-Reward:  5261.0 | Ø-Reward:  2.631 | Places: [1427 (0.71), 421 (0.21), 138 (0.07), 14 (0.01)]
[2025-08-26 09:21:05] Timing @ep 320000: episode 53.0s | train 0.025s | eval 51.3s | plot 1.6s | save 0.006s | cum 9.89h
[2025-08-26 09:42:25] 
[2025-08-26 09:42:25] Benchmark @train_ep  330000 (bench_eps: 2000)
[2025-08-26 09:42:25] Macro Winrate          :  65.6%
[2025-08-26 09:42:25] Macro Ø-Reward         :  2.505
[2025-08-26 09:42:25] Winrate vs max_combo   :  43.0% | Σ-Reward:  4197.0 | Ø-Reward:  2.099 | Places: [859 (0.43), 626 (0.31), 368 (0.18), 147 (0.07)]
[2025-08-26 09:42:25] Winrate vs random2     :  78.1% | Σ-Reward:  5485.0 | Ø-Reward:  2.743 | Places: [1562 (0.78), 372 (0.19), 55 (0.03), 11 (0.01)]
[2025-08-26 09:42:25] Winrate vs single_only :  75.8% | Σ-Reward:  5349.0 | Ø-Reward:  2.675 | Places: [1516 (0.76), 338 (0.17), 125 (0.06), 21 (0.01)]
[2025-08-26 09:42:27] Timing @ep 330000: episode 50.1s | train 0.020s | eval 48.4s | plot 1.5s | save 0.007s | cum 10.24h
[2025-08-26 10:04:57] 
[2025-08-26 10:04:57] Benchmark @train_ep  340000 (bench_eps: 2000)
[2025-08-26 10:04:57] Macro Winrate          :  61.9%
[2025-08-26 10:04:57] Macro Ø-Reward         :  2.456
[2025-08-26 10:04:57] Winrate vs max_combo   :  42.4% | Σ-Reward:  4209.0 | Ø-Reward:  2.104 | Places: [848 (0.42), 657 (0.33), 351 (0.18), 144 (0.07)]
[2025-08-26 10:04:57] Winrate vs random2     :  72.4% | Σ-Reward:  5341.0 | Ø-Reward:  2.671 | Places: [1448 (0.72), 452 (0.23), 93 (0.05), 7 (0.00)]
[2025-08-26 10:04:57] Winrate vs single_only :  71.0% | Σ-Reward:  5187.0 | Ø-Reward:  2.594 | Places: [1421 (0.71), 359 (0.18), 206 (0.10), 14 (0.01)]
[2025-08-26 10:05:00] Timing @ep 340000: episode 66.0s | train 0.014s | eval 62.9s | plot 3.0s | save 0.008s | cum 10.62h
[2025-08-26 10:27:08] 
[2025-08-26 10:27:08] Benchmark @train_ep  350000 (bench_eps: 2000)
[2025-08-26 10:27:08] Macro Winrate          :  62.4%
[2025-08-26 10:27:08] Macro Ø-Reward         :  2.493
[2025-08-26 10:27:08] Winrate vs max_combo   :  43.0% | Σ-Reward:  4300.0 | Ø-Reward:  2.150 | Places: [859 (0.43), 683 (0.34), 357 (0.18), 101 (0.05)]
[2025-08-26 10:27:08] Winrate vs random2     :  75.8% | Σ-Reward:  5432.0 | Ø-Reward:  2.716 | Places: [1515 (0.76), 411 (0.21), 65 (0.03), 9 (0.00)]
[2025-08-26 10:27:08] Winrate vs single_only :  68.6% | Σ-Reward:  5226.0 | Ø-Reward:  2.613 | Places: [1372 (0.69), 495 (0.25), 120 (0.06), 13 (0.01)]
[2025-08-26 10:27:09] Timing @ep 350000: episode 50.3s | train 0.014s | eval 48.6s | plot 1.6s | save 0.005s | cum 10.99h
[2025-08-26 10:48:22] 
[2025-08-26 10:48:22] Benchmark @train_ep  360000 (bench_eps: 2000)
[2025-08-26 10:48:22] Macro Winrate          :  70.8%
[2025-08-26 10:48:22] Macro Ø-Reward         :  2.572
[2025-08-26 10:48:22] Winrate vs max_combo   :  47.3% | Σ-Reward:  4305.0 | Ø-Reward:  2.152 | Places: [946 (0.47), 564 (0.28), 339 (0.17), 151 (0.08)]
[2025-08-26 10:48:22] Winrate vs random2     :  83.8% | Σ-Reward:  5616.0 | Ø-Reward:  2.808 | Places: [1675 (0.84), 275 (0.14), 41 (0.02), 9 (0.00)]
[2025-08-26 10:48:22] Winrate vs single_only :  81.3% | Σ-Reward:  5513.0 | Ø-Reward:  2.756 | Places: [1626 (0.81), 278 (0.14), 79 (0.04), 17 (0.01)]
[2025-08-26 10:48:23] Timing @ep 360000: episode 49.7s | train 0.025s | eval 48.0s | plot 1.6s | save 0.008s | cum 11.34h
[2025-08-26 11:09:21] 
[2025-08-26 11:09:21] Benchmark @train_ep  370000 (bench_eps: 2000)
[2025-08-26 11:09:21] Macro Winrate          :  67.6%
[2025-08-26 11:09:21] Macro Ø-Reward         :  2.524
[2025-08-26 11:09:21] Winrate vs max_combo   :  46.8% | Σ-Reward:  4260.0 | Ø-Reward:  2.130 | Places: [935 (0.47), 565 (0.28), 325 (0.16), 175 (0.09)]
[2025-08-26 11:09:21] Winrate vs random2     :  78.2% | Σ-Reward:  5465.0 | Ø-Reward:  2.732 | Places: [1564 (0.78), 351 (0.18), 71 (0.04), 14 (0.01)]
[2025-08-26 11:09:21] Winrate vs single_only :  77.9% | Σ-Reward:  5421.0 | Ø-Reward:  2.711 | Places: [1558 (0.78), 316 (0.16), 115 (0.06), 11 (0.01)]
[2025-08-26 11:09:23] Timing @ep 370000: episode 49.6s | train 0.015s | eval 47.9s | plot 1.6s | save 0.006s | cum 11.69h
[2025-08-26 11:31:33] 
[2025-08-26 11:31:33] Benchmark @train_ep  380000 (bench_eps: 2000)
[2025-08-26 11:31:33] Macro Winrate          :  68.0%
[2025-08-26 11:31:33] Macro Ø-Reward         :  2.546
[2025-08-26 11:31:33] Winrate vs max_combo   :  44.0% | Σ-Reward:  4242.0 | Ø-Reward:  2.121 | Places: [879 (0.44), 649 (0.32), 307 (0.15), 165 (0.08)]
[2025-08-26 11:31:33] Winrate vs random2     :  79.5% | Σ-Reward:  5506.0 | Ø-Reward:  2.753 | Places: [1589 (0.79), 339 (0.17), 61 (0.03), 11 (0.01)]
[2025-08-26 11:31:33] Winrate vs single_only :  80.7% | Σ-Reward:  5528.0 | Ø-Reward:  2.764 | Places: [1613 (0.81), 311 (0.16), 67 (0.03), 9 (0.00)]
[2025-08-26 11:31:36] Timing @ep 380000: episode 66.8s | train 0.015s | eval 64.1s | plot 2.6s | save 0.007s | cum 12.06h
[2025-08-26 11:53:20] 
[2025-08-26 11:53:20] Benchmark @train_ep  390000 (bench_eps: 2000)
[2025-08-26 11:53:20] Macro Winrate          :  64.2%
[2025-08-26 11:53:20] Macro Ø-Reward         :  2.464
[2025-08-26 11:53:20] Winrate vs max_combo   :  44.6% | Σ-Reward:  4204.0 | Ø-Reward:  2.102 | Places: [892 (0.45), 590 (0.29), 348 (0.17), 170 (0.09)]
[2025-08-26 11:53:20] Winrate vs random2     :  76.2% | Σ-Reward:  5371.0 | Ø-Reward:  2.686 | Places: [1524 (0.76), 341 (0.17), 117 (0.06), 18 (0.01)]
[2025-08-26 11:53:20] Winrate vs single_only :  71.9% | Σ-Reward:  5209.0 | Ø-Reward:  2.604 | Places: [1438 (0.72), 358 (0.18), 179 (0.09), 25 (0.01)]
[2025-08-26 11:53:22] Timing @ep 390000: episode 58.2s | train 0.017s | eval 56.4s | plot 1.6s | save 0.007s | cum 12.42h
[2025-08-26 12:14:08] 
[2025-08-26 12:14:08] Benchmark @train_ep  400000 (bench_eps: 2000)
[2025-08-26 12:14:08] Macro Winrate          :  57.4%
[2025-08-26 12:14:08] Macro Ø-Reward         :  2.386
[2025-08-26 12:14:08] Winrate vs max_combo   :  41.4% | Σ-Reward:  4144.0 | Ø-Reward:  2.072 | Places: [828 (0.41), 653 (0.33), 354 (0.18), 165 (0.08)]
[2025-08-26 12:14:08] Winrate vs random2     :  73.5% | Σ-Reward:  5328.0 | Ø-Reward:  2.664 | Places: [1470 (0.73), 408 (0.20), 102 (0.05), 20 (0.01)]
[2025-08-26 12:14:08] Winrate vs single_only :  57.4% | Σ-Reward:  4847.0 | Ø-Reward:  2.424 | Places: [1148 (0.57), 577 (0.29), 249 (0.12), 26 (0.01)]
[2025-08-26 12:14:10] Timing @ep 400000: episode 53.9s | train 0.017s | eval 52.2s | plot 1.6s | save 0.007s | cum 12.77h
[2025-08-26 12:32:23] 
[2025-08-26 12:32:23] Benchmark @train_ep  410000 (bench_eps: 2000)
[2025-08-26 12:32:23] Macro Winrate          :  66.4%
[2025-08-26 12:32:23] Macro Ø-Reward         :  2.489
[2025-08-26 12:32:23] Winrate vs max_combo   :  44.9% | Σ-Reward:  4204.0 | Ø-Reward:  2.102 | Places: [898 (0.45), 578 (0.29), 354 (0.18), 170 (0.09)]
[2025-08-26 12:32:23] Winrate vs random2     :  75.2% | Σ-Reward:  5363.0 | Ø-Reward:  2.682 | Places: [1505 (0.75), 375 (0.19), 98 (0.05), 22 (0.01)]
[2025-08-26 12:32:23] Winrate vs single_only :  78.9% | Σ-Reward:  5368.0 | Ø-Reward:  2.684 | Places: [1578 (0.79), 244 (0.12), 146 (0.07), 32 (0.02)]
[2025-08-26 12:32:25] Timing @ep 410000: episode 44.5s | train 0.013s | eval 42.8s | plot 1.6s | save 0.006s | cum 13.07h
[2025-08-26 12:49:55] 
[2025-08-26 12:49:55] Benchmark @train_ep  420000 (bench_eps: 2000)
[2025-08-26 12:49:55] Macro Winrate          :  68.5%
[2025-08-26 12:49:55] Macro Ø-Reward         :  2.527
[2025-08-26 12:49:55] Winrate vs max_combo   :  46.1% | Σ-Reward:  4259.0 | Ø-Reward:  2.130 | Places: [923 (0.46), 570 (0.28), 350 (0.17), 157 (0.08)]
[2025-08-26 12:49:55] Winrate vs random2     :  78.9% | Σ-Reward:  5467.0 | Ø-Reward:  2.733 | Places: [1578 (0.79), 336 (0.17), 61 (0.03), 25 (0.01)]
[2025-08-26 12:49:55] Winrate vs single_only :  80.3% | Σ-Reward:  5438.0 | Ø-Reward:  2.719 | Places: [1606 (0.80), 250 (0.12), 120 (0.06), 24 (0.01)]
[2025-08-26 12:49:58] Timing @ep 420000: episode 45.7s | train 0.013s | eval 43.2s | plot 2.3s | save 0.007s | cum 13.37h
[2025-08-26 13:07:39] 
[2025-08-26 13:07:39] Benchmark @train_ep  430000 (bench_eps: 2000)
[2025-08-26 13:07:39] Macro Winrate          :  63.3%
[2025-08-26 13:07:39] Macro Ø-Reward         :  2.466
[2025-08-26 13:07:39] Winrate vs max_combo   :  42.1% | Σ-Reward:  4155.0 | Ø-Reward:  2.078 | Places: [842 (0.42), 633 (0.32), 363 (0.18), 162 (0.08)]
[2025-08-26 13:07:39] Winrate vs random2     :  76.7% | Σ-Reward:  5430.0 | Ø-Reward:  2.715 | Places: [1534 (0.77), 370 (0.18), 88 (0.04), 8 (0.00)]
[2025-08-26 13:07:39] Winrate vs single_only :  71.0% | Σ-Reward:  5213.0 | Ø-Reward:  2.607 | Places: [1420 (0.71), 396 (0.20), 161 (0.08), 23 (0.01)]
[2025-08-26 13:07:41] Timing @ep 430000: episode 50.6s | train 0.013s | eval 49.2s | plot 1.3s | save 0.006s | cum 13.66h
[2025-08-26 13:25:22] 
[2025-08-26 13:25:22] Benchmark @train_ep  440000 (bench_eps: 2000)
[2025-08-26 13:25:22] Macro Winrate          :  65.0%
[2025-08-26 13:25:22] Macro Ø-Reward         :  2.491
[2025-08-26 13:25:22] Winrate vs max_combo   :  44.4% | Σ-Reward:  4242.0 | Ø-Reward:  2.121 | Places: [888 (0.44), 630 (0.32), 318 (0.16), 164 (0.08)]
[2025-08-26 13:25:22] Winrate vs random2     :  76.3% | Σ-Reward:  5405.0 | Ø-Reward:  2.703 | Places: [1526 (0.76), 367 (0.18), 93 (0.05), 14 (0.01)]
[2025-08-26 13:25:22] Winrate vs single_only :  74.3% | Σ-Reward:  5299.0 | Ø-Reward:  2.650 | Places: [1486 (0.74), 348 (0.17), 145 (0.07), 21 (0.01)]
[2025-08-26 13:25:24] Timing @ep 440000: episode 45.0s | train 0.013s | eval 43.6s | plot 1.3s | save 0.006s | cum 13.96h
[2025-08-26 13:42:58] 
[2025-08-26 13:42:58] Benchmark @train_ep  450000 (bench_eps: 2000)
[2025-08-26 13:42:58] Macro Winrate          :  62.8%
[2025-08-26 13:42:58] Macro Ø-Reward         :  2.472
[2025-08-26 13:42:58] Winrate vs max_combo   :  44.5% | Σ-Reward:  4228.0 | Ø-Reward:  2.114 | Places: [890 (0.45), 610 (0.30), 338 (0.17), 162 (0.08)]
[2025-08-26 13:42:58] Winrate vs random2     :  76.8% | Σ-Reward:  5440.0 | Ø-Reward:  2.720 | Places: [1535 (0.77), 382 (0.19), 71 (0.04), 12 (0.01)]
[2025-08-26 13:42:58] Winrate vs single_only :  67.2% | Σ-Reward:  5166.0 | Ø-Reward:  2.583 | Places: [1344 (0.67), 497 (0.25), 140 (0.07), 19 (0.01)]
[2025-08-26 13:42:59] Timing @ep 450000: episode 44.4s | train 0.013s | eval 43.0s | plot 1.3s | save 0.004s | cum 14.25h
[2025-08-26 14:00:33] 
[2025-08-26 14:00:33] Benchmark @train_ep  460000 (bench_eps: 2000)
[2025-08-26 14:00:33] Macro Winrate          :  63.9%
[2025-08-26 14:00:33] Macro Ø-Reward         :  2.461
[2025-08-26 14:00:33] Winrate vs max_combo   :  42.5% | Σ-Reward:  4138.0 | Ø-Reward:  2.069 | Places: [850 (0.42), 616 (0.31), 356 (0.18), 178 (0.09)]
[2025-08-26 14:00:33] Winrate vs random2     :  75.8% | Σ-Reward:  5401.0 | Ø-Reward:  2.700 | Places: [1515 (0.76), 387 (0.19), 82 (0.04), 16 (0.01)]
[2025-08-26 14:00:33] Winrate vs single_only :  73.6% | Σ-Reward:  5226.0 | Ø-Reward:  2.613 | Places: [1472 (0.74), 312 (0.16), 186 (0.09), 30 (0.01)]
[2025-08-26 14:00:34] Timing @ep 460000: episode 43.8s | train 0.013s | eval 42.4s | plot 1.3s | save 0.005s | cum 14.54h
[2025-08-26 14:18:14] 
[2025-08-26 14:18:14] Benchmark @train_ep  470000 (bench_eps: 2000)
[2025-08-26 14:18:14] Macro Winrate          :  70.2%
[2025-08-26 14:18:14] Macro Ø-Reward         :  2.567
[2025-08-26 14:18:14] Winrate vs max_combo   :  47.9% | Σ-Reward:  4362.0 | Ø-Reward:  2.181 | Places: [957 (0.48), 581 (0.29), 329 (0.16), 133 (0.07)]
[2025-08-26 14:18:14] Winrate vs random2     :  80.6% | Σ-Reward:  5525.0 | Ø-Reward:  2.763 | Places: [1612 (0.81), 314 (0.16), 61 (0.03), 13 (0.01)]
[2025-08-26 14:18:14] Winrate vs single_only :  82.0% | Σ-Reward:  5513.0 | Ø-Reward:  2.756 | Places: [1641 (0.82), 242 (0.12), 106 (0.05), 11 (0.01)]
[2025-08-26 14:18:16] Timing @ep 470000: episode 43.1s | train 0.020s | eval 41.4s | plot 1.6s | save 0.006s | cum 14.84h
[2025-08-26 14:36:01] 
[2025-08-26 14:36:01] Benchmark @train_ep  480000 (bench_eps: 2000)
[2025-08-26 14:36:01] Macro Winrate          :  69.9%
[2025-08-26 14:36:01] Macro Ø-Reward         :  2.548
[2025-08-26 14:36:01] Winrate vs max_combo   :  48.2% | Σ-Reward:  4324.0 | Ø-Reward:  2.162 | Places: [965 (0.48), 564 (0.28), 301 (0.15), 170 (0.09)]
[2025-08-26 14:36:01] Winrate vs random2     :  80.5% | Σ-Reward:  5507.0 | Ø-Reward:  2.753 | Places: [1609 (0.80), 304 (0.15), 72 (0.04), 15 (0.01)]
[2025-08-26 14:36:01] Winrate vs single_only :  81.0% | Σ-Reward:  5457.0 | Ø-Reward:  2.728 | Places: [1619 (0.81), 244 (0.12), 112 (0.06), 25 (0.01)]
[2025-08-26 14:36:02] Timing @ep 480000: episode 41.9s | train 0.014s | eval 40.5s | plot 1.3s | save 0.006s | cum 15.13h
[2025-08-26 14:53:40] 
[2025-08-26 14:53:40] Benchmark @train_ep  490000 (bench_eps: 2000)
[2025-08-26 14:53:40] Macro Winrate          :  66.0%
[2025-08-26 14:53:40] Macro Ø-Reward         :  2.531
[2025-08-26 14:53:40] Winrate vs max_combo   :  46.3% | Σ-Reward:  4360.0 | Ø-Reward:  2.180 | Places: [926 (0.46), 634 (0.32), 314 (0.16), 126 (0.06)]
[2025-08-26 14:53:40] Winrate vs random2     :  76.3% | Σ-Reward:  5442.0 | Ø-Reward:  2.721 | Places: [1526 (0.76), 402 (0.20), 60 (0.03), 12 (0.01)]
[2025-08-26 14:53:40] Winrate vs single_only :  75.3% | Σ-Reward:  5382.0 | Ø-Reward:  2.691 | Places: [1507 (0.75), 385 (0.19), 91 (0.05), 17 (0.01)]
[2025-08-26 14:53:42] Timing @ep 490000: episode 45.9s | train 0.013s | eval 44.4s | plot 1.3s | save 0.008s | cum 15.43h
[2025-08-26 15:12:59] 
[2025-08-26 15:12:59] Benchmark @train_ep  500000 (bench_eps: 2000)
[2025-08-26 15:12:59] Macro Winrate          :  68.4%
[2025-08-26 15:12:59] Macro Ø-Reward         :  2.536
[2025-08-26 15:12:59] Winrate vs max_combo   :  45.0% | Σ-Reward:  4246.0 | Ø-Reward:  2.123 | Places: [901 (0.45), 610 (0.30), 323 (0.16), 166 (0.08)]
[2025-08-26 15:12:59] Winrate vs random2     :  80.0% | Σ-Reward:  5508.0 | Ø-Reward:  2.754 | Places: [1599 (0.80), 319 (0.16), 73 (0.04), 9 (0.00)]
[2025-08-26 15:12:59] Winrate vs single_only :  80.1% | Σ-Reward:  5463.0 | Ø-Reward:  2.732 | Places: [1602 (0.80), 275 (0.14), 107 (0.05), 16 (0.01)]
[2025-08-26 15:13:01] Timing @ep 500000: episode 72.1s | train 0.019s | eval 70.0s | plot 1.9s | save 0.006s | cum 15.75h
[2025-08-26 15:13:01] 
[2025-08-26 15:13:01] Gesamtzeit: 15.75h (~ 8.82 eps/s)
[2025-08-26 15:13:01] k2a1, Multi Agent RL (IQL). Training abgeschlossen.
[2025-08-26 15:13:01] Path: /home/wasterix/OpenSpiel/open_spiel/President/models/k2a1/model_02
