[2025-09-03 17:46:33] New Training (k3a2): Snapshot-Selfplay DQN
[2025-09-03 17:46:33] Deck_Size: 16
[2025-09-03 17:46:33] Episodes: 100000
[2025-09-03 17:46:33] Path: /home/wasterix/OpenSpiel/open_spiel/President/models/k3a2/model_04
[2025-09-03 17:47:52] 
[2025-09-03 17:47:52] Benchmark @train_ep    2000 (bench_eps: 2000)
[2025-09-03 17:47:52] Macro Winrate          :  32.8%
[2025-09-03 17:47:52] Macro Ø-Reward         :  1.602
[2025-09-03 17:47:52] Winrate vs max_combo   :  27.1% | Σ-Reward:  2812.0 | Ø-Reward:  1.406 | Places: [543 (0.27), 367 (0.18), 449 (0.22), 641 (0.32)]
[2025-09-03 17:47:52] Winrate vs random2     :  28.1% | Σ-Reward:  3179.0 | Ø-Reward:  1.589 | Places: [563 (0.28), 497 (0.25), 496 (0.25), 444 (0.22)]
[2025-09-03 17:47:52] Winrate vs single_only :  43.0% | Σ-Reward:  3623.0 | Ø-Reward:  1.812 | Places: [861 (0.43), 291 (0.15), 458 (0.23), 390 (0.20)]
[2025-09-03 17:47:53] Timing @ep 2000: episode 14.4s | train 0.000s | eval 12.7s | plot 1.6s | save 0.005s | cum 0.02h
[2025-09-03 17:49:06] 
[2025-09-03 17:49:06] Benchmark @train_ep    4000 (bench_eps: 2000)
[2025-09-03 17:49:06] Macro Winrate          :  41.9%
[2025-09-03 17:49:06] Macro Ø-Reward         :  1.962
[2025-09-03 17:49:06] Winrate vs max_combo   :  33.4% | Σ-Reward:  3455.0 | Ø-Reward:  1.728 | Places: [668 (0.33), 515 (0.26), 421 (0.21), 396 (0.20)]
[2025-09-03 17:49:06] Winrate vs random2     :  40.1% | Σ-Reward:  4033.0 | Ø-Reward:  2.017 | Places: [802 (0.40), 617 (0.31), 393 (0.20), 188 (0.09)]
[2025-09-03 17:49:06] Winrate vs single_only :  52.2% | Σ-Reward:  4282.0 | Ø-Reward:  2.141 | Places: [1044 (0.52), 373 (0.19), 404 (0.20), 179 (0.09)]
[2025-09-03 17:49:08] Timing @ep 4000: episode 14.6s | train 0.000s | eval 13.0s | plot 1.5s | save 0.002s | cum 0.04h
[2025-09-03 17:50:21] 
[2025-09-03 17:50:21] Benchmark @train_ep    6000 (bench_eps: 2000)
[2025-09-03 17:50:21] Macro Winrate          :  45.6%
[2025-09-03 17:50:21] Macro Ø-Reward         :  2.014
[2025-09-03 17:50:21] Winrate vs max_combo   :  37.8% | Σ-Reward:  3564.0 | Ø-Reward:  1.782 | Places: [756 (0.38), 457 (0.23), 382 (0.19), 405 (0.20)]
[2025-09-03 17:50:21] Winrate vs random2     :  42.4% | Σ-Reward:  4116.0 | Ø-Reward:  2.058 | Places: [848 (0.42), 595 (0.30), 382 (0.19), 175 (0.09)]
[2025-09-03 17:50:21] Winrate vs single_only :  56.5% | Σ-Reward:  4402.0 | Ø-Reward:  2.201 | Places: [1130 (0.56), 324 (0.16), 364 (0.18), 182 (0.09)]
[2025-09-03 17:50:22] Timing @ep 6000: episode 14.5s | train 0.000s | eval 12.9s | plot 1.6s | save 0.002s | cum 0.06h
[2025-09-03 17:51:42] 
[2025-09-03 17:51:42] Benchmark @train_ep    8000 (bench_eps: 2000)
[2025-09-03 17:51:42] Macro Winrate          :  44.5%
[2025-09-03 17:51:42] Macro Ø-Reward         :  1.986
[2025-09-03 17:51:42] Winrate vs max_combo   :  36.0% | Σ-Reward:  3515.0 | Ø-Reward:  1.758 | Places: [721 (0.36), 437 (0.22), 478 (0.24), 364 (0.18)]
[2025-09-03 17:51:42] Winrate vs random2     :  39.4% | Σ-Reward:  3978.0 | Ø-Reward:  1.989 | Places: [787 (0.39), 609 (0.30), 399 (0.20), 205 (0.10)]
[2025-09-03 17:51:42] Winrate vs single_only :  58.2% | Σ-Reward:  4421.0 | Ø-Reward:  2.211 | Places: [1164 (0.58), 285 (0.14), 359 (0.18), 192 (0.10)]
[2025-09-03 17:51:44] Timing @ep 8000: episode 12.7s | train 0.000s | eval 11.2s | plot 1.5s | save 0.001s | cum 0.09h
[2025-09-03 17:53:05] 
[2025-09-03 17:53:05] Benchmark @train_ep   10000 (bench_eps: 2000)
[2025-09-03 17:53:05] Macro Winrate          :  47.6%
[2025-09-03 17:53:05] Macro Ø-Reward         :  2.062
[2025-09-03 17:53:05] Winrate vs max_combo   :  38.6% | Σ-Reward:  3679.0 | Ø-Reward:  1.839 | Places: [773 (0.39), 475 (0.24), 410 (0.20), 342 (0.17)]
[2025-09-03 17:53:05] Winrate vs random2     :  42.1% | Σ-Reward:  4110.0 | Ø-Reward:  2.055 | Places: [843 (0.42), 596 (0.30), 389 (0.19), 172 (0.09)]
[2025-09-03 17:53:05] Winrate vs single_only :  62.0% | Σ-Reward:  4586.0 | Ø-Reward:  2.293 | Places: [1239 (0.62), 268 (0.13), 333 (0.17), 160 (0.08)]
[2025-09-03 17:53:06] Timing @ep 10000: episode 16.7s | train 0.000s | eval 15.0s | plot 1.7s | save 0.002s | cum 0.11h
[2025-09-03 17:54:34] 
[2025-09-03 17:54:34] Benchmark @train_ep   12000 (bench_eps: 2000)
[2025-09-03 17:54:34] Macro Winrate          :  46.9%
[2025-09-03 17:54:34] Macro Ø-Reward         :  2.037
[2025-09-03 17:54:34] Winrate vs max_combo   :  36.6% | Σ-Reward:  3572.0 | Ø-Reward:  1.786 | Places: [732 (0.37), 452 (0.23), 472 (0.24), 344 (0.17)]
[2025-09-03 17:54:34] Winrate vs random2     :  43.7% | Σ-Reward:  4141.0 | Ø-Reward:  2.071 | Places: [874 (0.44), 565 (0.28), 389 (0.19), 172 (0.09)]
[2025-09-03 17:54:34] Winrate vs single_only :  60.4% | Σ-Reward:  4507.0 | Ø-Reward:  2.253 | Places: [1207 (0.60), 265 (0.13), 356 (0.18), 172 (0.09)]
[2025-09-03 17:54:36] Timing @ep 12000: episode 16.2s | train 0.000s | eval 14.7s | plot 1.5s | save 0.002s | cum 0.13h
[2025-09-03 17:56:01] 
[2025-09-03 17:56:01] Benchmark @train_ep   14000 (bench_eps: 2000)
[2025-09-03 17:56:01] Macro Winrate          :  45.8%
[2025-09-03 17:56:01] Macro Ø-Reward         :  2.032
[2025-09-03 17:56:01] Winrate vs max_combo   :  34.7% | Σ-Reward:  3534.0 | Ø-Reward:  1.767 | Places: [694 (0.35), 504 (0.25), 444 (0.22), 358 (0.18)]
[2025-09-03 17:56:01] Winrate vs random2     :  41.7% | Σ-Reward:  4119.0 | Ø-Reward:  2.059 | Places: [834 (0.42), 615 (0.31), 387 (0.19), 164 (0.08)]
[2025-09-03 17:56:01] Winrate vs single_only :  61.1% | Σ-Reward:  4539.0 | Ø-Reward:  2.269 | Places: [1222 (0.61), 270 (0.14), 333 (0.17), 175 (0.09)]
[2025-09-03 17:56:02] Timing @ep 14000: episode 15.2s | train 0.000s | eval 13.6s | plot 1.6s | save 0.002s | cum 0.16h
[2025-09-03 17:57:21] 
[2025-09-03 17:57:21] Benchmark @train_ep   16000 (bench_eps: 2000)
[2025-09-03 17:57:21] Macro Winrate          :  45.5%
[2025-09-03 17:57:21] Macro Ø-Reward         :  2.020
[2025-09-03 17:57:21] Winrate vs max_combo   :  35.8% | Σ-Reward:  3564.0 | Ø-Reward:  1.782 | Places: [715 (0.36), 486 (0.24), 447 (0.22), 352 (0.18)]
[2025-09-03 17:57:21] Winrate vs random2     :  43.8% | Σ-Reward:  4147.0 | Ø-Reward:  2.074 | Places: [876 (0.44), 578 (0.29), 363 (0.18), 183 (0.09)]
[2025-09-03 17:57:21] Winrate vs single_only :  56.9% | Σ-Reward:  4411.0 | Ø-Reward:  2.205 | Places: [1138 (0.57), 318 (0.16), 361 (0.18), 183 (0.09)]
[2025-09-03 17:57:23] Timing @ep 16000: episode 14.3s | train 0.000s | eval 12.5s | plot 1.8s | save 0.002s | cum 0.18h
[2025-09-03 17:58:44] 
[2025-09-03 17:58:44] Benchmark @train_ep   18000 (bench_eps: 2000)
[2025-09-03 17:58:44] Macro Winrate          :  47.3%
[2025-09-03 17:58:44] Macro Ø-Reward         :  2.052
[2025-09-03 17:58:44] Winrate vs max_combo   :  37.0% | Σ-Reward:  3650.0 | Ø-Reward:  1.825 | Places: [741 (0.37), 506 (0.25), 415 (0.21), 338 (0.17)]
[2025-09-03 17:58:44] Winrate vs random2     :  42.3% | Σ-Reward:  4102.0 | Ø-Reward:  2.051 | Places: [846 (0.42), 592 (0.30), 380 (0.19), 182 (0.09)]
[2025-09-03 17:58:44] Winrate vs single_only :  62.5% | Σ-Reward:  4563.0 | Ø-Reward:  2.281 | Places: [1250 (0.62), 248 (0.12), 317 (0.16), 185 (0.09)]
[2025-09-03 17:58:46] Timing @ep 18000: episode 13.0s | train 0.000s | eval 11.4s | plot 1.6s | save 0.001s | cum 0.20h
[2025-09-03 18:00:04] 
[2025-09-03 18:00:04] Benchmark @train_ep   20000 (bench_eps: 2000)
[2025-09-03 18:00:04] Macro Winrate          :  47.1%
[2025-09-03 18:00:04] Macro Ø-Reward         :  2.055
[2025-09-03 18:00:04] Winrate vs max_combo   :  35.2% | Σ-Reward:  3594.0 | Ø-Reward:  1.797 | Places: [704 (0.35), 520 (0.26), 442 (0.22), 334 (0.17)]
[2025-09-03 18:00:04] Winrate vs random2     :  44.0% | Σ-Reward:  4137.0 | Ø-Reward:  2.068 | Places: [879 (0.44), 550 (0.28), 400 (0.20), 171 (0.09)]
[2025-09-03 18:00:04] Winrate vs single_only :  62.3% | Σ-Reward:  4602.0 | Ø-Reward:  2.301 | Places: [1246 (0.62), 270 (0.14), 324 (0.16), 160 (0.08)]
[2025-09-03 18:00:06] Timing @ep 20000: episode 13.6s | train 0.000s | eval 12.1s | plot 1.5s | save 0.001s | cum 0.23h
[2025-09-03 18:01:26] 
[2025-09-03 18:01:26] Benchmark @train_ep   22000 (bench_eps: 2000)
[2025-09-03 18:01:26] Macro Winrate          :  45.7%
[2025-09-03 18:01:26] Macro Ø-Reward         :  2.019
[2025-09-03 18:01:26] Winrate vs max_combo   :  34.4% | Σ-Reward:  3527.0 | Ø-Reward:  1.764 | Places: [688 (0.34), 498 (0.25), 467 (0.23), 347 (0.17)]
[2025-09-03 18:01:26] Winrate vs random2     :  42.1% | Σ-Reward:  4054.0 | Ø-Reward:  2.027 | Places: [842 (0.42), 568 (0.28), 392 (0.20), 198 (0.10)]
[2025-09-03 18:01:26] Winrate vs single_only :  60.5% | Σ-Reward:  4535.0 | Ø-Reward:  2.268 | Places: [1211 (0.61), 291 (0.15), 320 (0.16), 178 (0.09)]
[2025-09-03 18:01:28] Timing @ep 22000: episode 13.0s | train 0.000s | eval 11.5s | plot 1.4s | save 0.002s | cum 0.25h
[2025-09-03 18:02:46] 
[2025-09-03 18:02:46] Benchmark @train_ep   24000 (bench_eps: 2000)
[2025-09-03 18:02:46] Macro Winrate          :  43.9%
[2025-09-03 18:02:46] Macro Ø-Reward         :  2.012
[2025-09-03 18:02:46] Winrate vs max_combo   :  33.9% | Σ-Reward:  3561.0 | Ø-Reward:  1.780 | Places: [678 (0.34), 520 (0.26), 487 (0.24), 315 (0.16)]
[2025-09-03 18:02:46] Winrate vs random2     :  41.8% | Σ-Reward:  4109.0 | Ø-Reward:  2.054 | Places: [835 (0.42), 612 (0.31), 380 (0.19), 173 (0.09)]
[2025-09-03 18:02:46] Winrate vs single_only :  56.0% | Σ-Reward:  4402.0 | Ø-Reward:  2.201 | Places: [1120 (0.56), 342 (0.17), 358 (0.18), 180 (0.09)]
[2025-09-03 18:02:48] Timing @ep 24000: episode 13.4s | train 0.000s | eval 11.7s | plot 1.7s | save 0.002s | cum 0.27h
[2025-09-03 18:04:14] 
[2025-09-03 18:04:14] Benchmark @train_ep   26000 (bench_eps: 2000)
[2025-09-03 18:04:14] Macro Winrate          :  46.1%
[2025-09-03 18:04:14] Macro Ø-Reward         :  2.042
[2025-09-03 18:04:14] Winrate vs max_combo   :  37.3% | Σ-Reward:  3658.0 | Ø-Reward:  1.829 | Places: [746 (0.37), 491 (0.25), 438 (0.22), 325 (0.16)]
[2025-09-03 18:04:14] Winrate vs random2     :  41.6% | Σ-Reward:  4106.0 | Ø-Reward:  2.053 | Places: [833 (0.42), 620 (0.31), 367 (0.18), 180 (0.09)]
[2025-09-03 18:04:14] Winrate vs single_only :  59.3% | Σ-Reward:  4485.0 | Ø-Reward:  2.243 | Places: [1186 (0.59), 299 (0.15), 329 (0.16), 186 (0.09)]
[2025-09-03 18:04:16] Timing @ep 26000: episode 12.8s | train 0.000s | eval 11.2s | plot 1.5s | save 0.002s | cum 0.30h
[2025-09-03 18:05:48] 
[2025-09-03 18:05:48] Benchmark @train_ep   28000 (bench_eps: 2000)
[2025-09-03 18:05:48] Macro Winrate          :  45.5%
[2025-09-03 18:05:48] Macro Ø-Reward         :  2.026
[2025-09-03 18:05:48] Winrate vs max_combo   :  36.3% | Σ-Reward:  3593.0 | Ø-Reward:  1.796 | Places: [726 (0.36), 481 (0.24), 453 (0.23), 340 (0.17)]
[2025-09-03 18:05:48] Winrate vs random2     :  40.7% | Σ-Reward:  4084.0 | Ø-Reward:  2.042 | Places: [814 (0.41), 619 (0.31), 404 (0.20), 163 (0.08)]
[2025-09-03 18:05:48] Winrate vs single_only :  59.5% | Σ-Reward:  4480.0 | Ø-Reward:  2.240 | Places: [1190 (0.59), 285 (0.14), 340 (0.17), 185 (0.09)]
[2025-09-03 18:05:50] Timing @ep 28000: episode 12.2s | train 0.000s | eval 10.7s | plot 1.5s | save 0.002s | cum 0.32h
[2025-09-03 18:07:23] 
[2025-09-03 18:07:23] Benchmark @train_ep   30000 (bench_eps: 2000)
[2025-09-03 18:07:23] Macro Winrate          :  45.1%
[2025-09-03 18:07:23] Macro Ø-Reward         :  2.030
[2025-09-03 18:07:23] Winrate vs max_combo   :  35.2% | Σ-Reward:  3640.0 | Ø-Reward:  1.820 | Places: [705 (0.35), 525 (0.26), 475 (0.24), 295 (0.15)]
[2025-09-03 18:07:23] Winrate vs random2     :  40.8% | Σ-Reward:  4020.0 | Ø-Reward:  2.010 | Places: [815 (0.41), 582 (0.29), 411 (0.21), 192 (0.10)]
[2025-09-03 18:07:23] Winrate vs single_only :  59.2% | Σ-Reward:  4517.0 | Ø-Reward:  2.259 | Places: [1185 (0.59), 307 (0.15), 348 (0.17), 160 (0.08)]
[2025-09-03 18:07:25] Timing @ep 30000: episode 15.1s | train 0.000s | eval 13.3s | plot 1.7s | save 0.002s | cum 0.35h
[2025-09-03 18:08:59] 
[2025-09-03 18:08:59] Benchmark @train_ep   32000 (bench_eps: 2000)
[2025-09-03 18:08:59] Macro Winrate          :  48.0%
[2025-09-03 18:08:59] Macro Ø-Reward         :  2.066
[2025-09-03 18:08:59] Winrate vs max_combo   :  37.2% | Σ-Reward:  3667.0 | Ø-Reward:  1.833 | Places: [745 (0.37), 503 (0.25), 426 (0.21), 326 (0.16)]
[2025-09-03 18:08:59] Winrate vs random2     :  45.5% | Σ-Reward:  4198.0 | Ø-Reward:  2.099 | Places: [909 (0.45), 551 (0.28), 369 (0.18), 171 (0.09)]
[2025-09-03 18:08:59] Winrate vs single_only :  61.4% | Σ-Reward:  4530.0 | Ø-Reward:  2.265 | Places: [1228 (0.61), 260 (0.13), 326 (0.16), 186 (0.09)]
[2025-09-03 18:09:01] Timing @ep 32000: episode 15.0s | train 0.000s | eval 13.1s | plot 1.8s | save 0.002s | cum 0.37h
[2025-09-03 18:11:47] 
[2025-09-03 18:11:47] Benchmark @train_ep   34000 (bench_eps: 2000)
[2025-09-03 18:11:47] Macro Winrate          :  44.0%
[2025-09-03 18:11:47] Macro Ø-Reward         :  1.992
[2025-09-03 18:11:47] Winrate vs max_combo   :  34.3% | Σ-Reward:  3523.0 | Ø-Reward:  1.762 | Places: [686 (0.34), 511 (0.26), 443 (0.22), 360 (0.18)]
[2025-09-03 18:11:47] Winrate vs random2     :  40.2% | Σ-Reward:  4031.0 | Ø-Reward:  2.015 | Places: [805 (0.40), 611 (0.31), 394 (0.20), 190 (0.10)]
[2025-09-03 18:11:47] Winrate vs single_only :  57.5% | Σ-Reward:  4401.0 | Ø-Reward:  2.200 | Places: [1149 (0.57), 292 (0.15), 370 (0.18), 189 (0.09)]
[2025-09-03 18:11:49] Timing @ep 34000: episode 25.7s | train 0.000s | eval 23.8s | plot 1.8s | save 0.002s | cum 0.42h
[2025-09-03 18:13:35] 
[2025-09-03 18:13:35] Benchmark @train_ep   36000 (bench_eps: 2000)
[2025-09-03 18:13:35] Macro Winrate          :  47.2%
[2025-09-03 18:13:35] Macro Ø-Reward         :  2.049
[2025-09-03 18:13:35] Winrate vs max_combo   :  36.9% | Σ-Reward:  3642.0 | Ø-Reward:  1.821 | Places: [738 (0.37), 482 (0.24), 464 (0.23), 316 (0.16)]
[2025-09-03 18:13:35] Winrate vs random2     :  44.0% | Σ-Reward:  4144.0 | Ø-Reward:  2.072 | Places: [881 (0.44), 559 (0.28), 383 (0.19), 177 (0.09)]
[2025-09-03 18:13:35] Winrate vs single_only :  60.8% | Σ-Reward:  4510.0 | Ø-Reward:  2.255 | Places: [1216 (0.61), 263 (0.13), 336 (0.17), 185 (0.09)]
[2025-09-03 18:13:36] Timing @ep 36000: episode 12.6s | train 0.000s | eval 11.1s | plot 1.5s | save 0.002s | cum 0.45h
[2025-09-03 18:14:58] 
[2025-09-03 18:14:58] Benchmark @train_ep   38000 (bench_eps: 2000)
[2025-09-03 18:14:58] Macro Winrate          :  47.2%
[2025-09-03 18:14:58] Macro Ø-Reward         :  2.045
[2025-09-03 18:14:58] Winrate vs max_combo   :  36.6% | Σ-Reward:  3608.0 | Ø-Reward:  1.804 | Places: [733 (0.37), 482 (0.24), 445 (0.22), 340 (0.17)]
[2025-09-03 18:14:58] Winrate vs random2     :  41.2% | Σ-Reward:  4019.0 | Ø-Reward:  2.010 | Places: [824 (0.41), 572 (0.29), 403 (0.20), 201 (0.10)]
[2025-09-03 18:14:58] Winrate vs single_only :  63.9% | Σ-Reward:  4642.0 | Ø-Reward:  2.321 | Places: [1277 (0.64), 257 (0.13), 297 (0.15), 169 (0.08)]
[2025-09-03 18:15:00] Timing @ep 38000: episode 13.3s | train 0.000s | eval 11.7s | plot 1.7s | save 0.002s | cum 0.47h
[2025-09-03 18:16:21] 
[2025-09-03 18:16:21] Benchmark @train_ep   40000 (bench_eps: 2000)
[2025-09-03 18:16:21] Macro Winrate          :  47.8%
[2025-09-03 18:16:21] Macro Ø-Reward         :  2.061
[2025-09-03 18:16:21] Winrate vs max_combo   :  38.1% | Σ-Reward:  3665.0 | Ø-Reward:  1.833 | Places: [763 (0.38), 471 (0.24), 434 (0.22), 332 (0.17)]
[2025-09-03 18:16:21] Winrate vs random2     :  42.2% | Σ-Reward:  4107.0 | Ø-Reward:  2.054 | Places: [845 (0.42), 590 (0.29), 392 (0.20), 173 (0.09)]
[2025-09-03 18:16:21] Winrate vs single_only :  63.1% | Σ-Reward:  4593.0 | Ø-Reward:  2.296 | Places: [1262 (0.63), 246 (0.12), 315 (0.16), 177 (0.09)]
[2025-09-03 18:16:23] Timing @ep 40000: episode 13.1s | train 0.000s | eval 11.6s | plot 1.4s | save 0.002s | cum 0.50h
[2025-09-03 18:17:50] 
[2025-09-03 18:17:50] Benchmark @train_ep   42000 (bench_eps: 2000)
[2025-09-03 18:17:50] Macro Winrate          :  46.0%
[2025-09-03 18:17:50] Macro Ø-Reward         :  2.040
[2025-09-03 18:17:50] Winrate vs max_combo   :  36.5% | Σ-Reward:  3633.0 | Ø-Reward:  1.817 | Places: [731 (0.37), 500 (0.25), 440 (0.22), 329 (0.16)]
[2025-09-03 18:17:50] Winrate vs random2     :  41.7% | Σ-Reward:  4059.0 | Ø-Reward:  2.030 | Places: [834 (0.42), 570 (0.28), 417 (0.21), 179 (0.09)]
[2025-09-03 18:17:50] Winrate vs single_only :  59.8% | Σ-Reward:  4547.0 | Ø-Reward:  2.273 | Places: [1195 (0.60), 325 (0.16), 312 (0.16), 168 (0.08)]
[2025-09-03 18:17:51] Timing @ep 42000: episode 16.3s | train 0.000s | eval 14.5s | plot 1.7s | save 0.002s | cum 0.52h
[2025-09-03 18:19:21] 
[2025-09-03 18:19:21] Benchmark @train_ep   44000 (bench_eps: 2000)
[2025-09-03 18:19:21] Macro Winrate          :  45.8%
[2025-09-03 18:19:21] Macro Ø-Reward         :  2.049
[2025-09-03 18:19:21] Winrate vs max_combo   :  35.8% | Σ-Reward:  3618.0 | Ø-Reward:  1.809 | Places: [716 (0.36), 508 (0.25), 454 (0.23), 322 (0.16)]
[2025-09-03 18:19:21] Winrate vs random2     :  41.4% | Σ-Reward:  4126.0 | Ø-Reward:  2.063 | Places: [828 (0.41), 628 (0.31), 386 (0.19), 158 (0.08)]
[2025-09-03 18:19:21] Winrate vs single_only :  60.1% | Σ-Reward:  4547.0 | Ø-Reward:  2.273 | Places: [1203 (0.60), 307 (0.15), 324 (0.16), 166 (0.08)]
[2025-09-03 18:19:23] Timing @ep 44000: episode 13.6s | train 0.000s | eval 12.0s | plot 1.5s | save 0.002s | cum 0.55h
[2025-09-03 18:21:03] 
[2025-09-03 18:21:03] Benchmark @train_ep   46000 (bench_eps: 2000)
[2025-09-03 18:21:03] Macro Winrate          :  45.4%
[2025-09-03 18:21:03] Macro Ø-Reward         :  2.036
[2025-09-03 18:21:03] Winrate vs max_combo   :  37.5% | Σ-Reward:  3673.0 | Ø-Reward:  1.837 | Places: [750 (0.38), 499 (0.25), 425 (0.21), 326 (0.16)]
[2025-09-03 18:21:03] Winrate vs random2     :  42.0% | Σ-Reward:  4104.0 | Ø-Reward:  2.052 | Places: [840 (0.42), 601 (0.30), 382 (0.19), 177 (0.09)]
[2025-09-03 18:21:03] Winrate vs single_only :  56.9% | Σ-Reward:  4438.0 | Ø-Reward:  2.219 | Places: [1137 (0.57), 321 (0.16), 385 (0.19), 157 (0.08)]
[2025-09-03 18:21:05] Timing @ep 46000: episode 17.5s | train 0.000s | eval 16.1s | plot 1.4s | save 0.002s | cum 0.58h
[2025-09-03 18:22:43] 
[2025-09-03 18:22:43] Benchmark @train_ep   48000 (bench_eps: 2000)
[2025-09-03 18:22:43] Macro Winrate          :  46.2%
[2025-09-03 18:22:43] Macro Ø-Reward         :  2.044
[2025-09-03 18:22:43] Winrate vs max_combo   :  36.0% | Σ-Reward:  3588.0 | Ø-Reward:  1.794 | Places: [721 (0.36), 505 (0.25), 415 (0.21), 359 (0.18)]
[2025-09-03 18:22:43] Winrate vs random2     :  43.2% | Σ-Reward:  4130.0 | Ø-Reward:  2.065 | Places: [865 (0.43), 591 (0.30), 353 (0.18), 191 (0.10)]
[2025-09-03 18:22:43] Winrate vs single_only :  59.4% | Σ-Reward:  4547.0 | Ø-Reward:  2.273 | Places: [1187 (0.59), 313 (0.16), 360 (0.18), 140 (0.07)]
[2025-09-03 18:22:45] Timing @ep 48000: episode 16.4s | train 0.000s | eval 14.8s | plot 1.5s | save 0.002s | cum 0.60h
[2025-09-03 18:25:27] 
[2025-09-03 18:25:27] Benchmark @train_ep   50000 (bench_eps: 2000)
[2025-09-03 18:25:27] Macro Winrate          :  45.2%
[2025-09-03 18:25:27] Macro Ø-Reward         :  2.008
[2025-09-03 18:25:27] Winrate vs max_combo   :  36.3% | Σ-Reward:  3582.0 | Ø-Reward:  1.791 | Places: [726 (0.36), 481 (0.24), 442 (0.22), 351 (0.18)]
[2025-09-03 18:25:27] Winrate vs random2     :  40.9% | Σ-Reward:  4037.0 | Ø-Reward:  2.018 | Places: [817 (0.41), 592 (0.30), 402 (0.20), 189 (0.09)]
[2025-09-03 18:25:27] Winrate vs single_only :  58.4% | Σ-Reward:  4427.0 | Ø-Reward:  2.213 | Places: [1167 (0.58), 289 (0.14), 348 (0.17), 196 (0.10)]
[2025-09-03 18:25:29] Timing @ep 50000: episode 27.0s | train 0.000s | eval 25.5s | plot 1.5s | save 0.002s | cum 0.65h
[2025-09-03 18:27:07] 
[2025-09-03 18:27:07] Benchmark @train_ep   52000 (bench_eps: 2000)
[2025-09-03 18:27:07] Macro Winrate          :  47.1%
[2025-09-03 18:27:07] Macro Ø-Reward         :  2.050
[2025-09-03 18:27:07] Winrate vs max_combo   :  37.8% | Σ-Reward:  3613.0 | Ø-Reward:  1.806 | Places: [756 (0.38), 446 (0.22), 453 (0.23), 345 (0.17)]
[2025-09-03 18:27:07] Winrate vs random2     :  44.4% | Σ-Reward:  4172.0 | Ø-Reward:  2.086 | Places: [888 (0.44), 580 (0.29), 348 (0.17), 184 (0.09)]
[2025-09-03 18:27:07] Winrate vs single_only :  59.0% | Σ-Reward:  4512.0 | Ø-Reward:  2.256 | Places: [1179 (0.59), 305 (0.15), 365 (0.18), 151 (0.08)]
[2025-09-03 18:27:08] Timing @ep 52000: episode 13.6s | train 0.000s | eval 12.1s | plot 1.5s | save 0.002s | cum 0.68h
[2025-09-03 18:28:29] 
[2025-09-03 18:28:29] Benchmark @train_ep   54000 (bench_eps: 2000)
[2025-09-03 18:28:29] Macro Winrate          :  46.7%
[2025-09-03 18:28:29] Macro Ø-Reward         :  2.052
[2025-09-03 18:28:29] Winrate vs max_combo   :  37.6% | Σ-Reward:  3686.0 | Ø-Reward:  1.843 | Places: [752 (0.38), 487 (0.24), 456 (0.23), 305 (0.15)]
[2025-09-03 18:28:29] Winrate vs random2     :  42.2% | Σ-Reward:  4096.0 | Ø-Reward:  2.048 | Places: [845 (0.42), 593 (0.30), 375 (0.19), 187 (0.09)]
[2025-09-03 18:28:29] Winrate vs single_only :  60.2% | Σ-Reward:  4529.0 | Ø-Reward:  2.264 | Places: [1205 (0.60), 280 (0.14), 354 (0.18), 161 (0.08)]
[2025-09-03 18:28:31] Timing @ep 54000: episode 13.0s | train 0.000s | eval 11.6s | plot 1.4s | save 0.002s | cum 0.70h
[2025-09-03 18:30:04] 
[2025-09-03 18:30:04] Benchmark @train_ep   56000 (bench_eps: 2000)
[2025-09-03 18:30:04] Macro Winrate          :  46.9%
[2025-09-03 18:30:04] Macro Ø-Reward         :  2.050
[2025-09-03 18:30:04] Winrate vs max_combo   :  37.0% | Σ-Reward:  3647.0 | Ø-Reward:  1.823 | Places: [741 (0.37), 491 (0.25), 442 (0.22), 326 (0.16)]
[2025-09-03 18:30:04] Winrate vs random2     :  43.2% | Σ-Reward:  4148.0 | Ø-Reward:  2.074 | Places: [864 (0.43), 601 (0.30), 354 (0.18), 181 (0.09)]
[2025-09-03 18:30:04] Winrate vs single_only :  60.5% | Σ-Reward:  4507.0 | Ø-Reward:  2.253 | Places: [1211 (0.61), 270 (0.14), 334 (0.17), 185 (0.09)]
[2025-09-03 18:30:05] Timing @ep 56000: episode 14.0s | train 0.000s | eval 12.5s | plot 1.4s | save 0.002s | cum 0.73h
[2025-09-03 18:31:28] 
[2025-09-03 18:31:28] Benchmark @train_ep   58000 (bench_eps: 2000)
[2025-09-03 18:31:28] Macro Winrate          :  45.5%
[2025-09-03 18:31:28] Macro Ø-Reward         :  2.036
[2025-09-03 18:31:28] Winrate vs max_combo   :  36.5% | Σ-Reward:  3671.0 | Ø-Reward:  1.835 | Places: [731 (0.37), 525 (0.26), 428 (0.21), 316 (0.16)]
[2025-09-03 18:31:28] Winrate vs random2     :  41.5% | Σ-Reward:  4115.0 | Ø-Reward:  2.058 | Places: [829 (0.41), 628 (0.31), 372 (0.19), 171 (0.09)]
[2025-09-03 18:31:28] Winrate vs single_only :  58.6% | Σ-Reward:  4429.0 | Ø-Reward:  2.215 | Places: [1172 (0.59), 268 (0.13), 377 (0.19), 183 (0.09)]
[2025-09-03 18:31:29] Timing @ep 58000: episode 11.6s | train 0.000s | eval 10.1s | plot 1.5s | save 0.002s | cum 0.75h
[2025-09-03 18:32:53] 
[2025-09-03 18:32:53] Benchmark @train_ep   60000 (bench_eps: 2000)
[2025-09-03 18:32:53] Macro Winrate          :  44.5%
[2025-09-03 18:32:53] Macro Ø-Reward         :  2.013
[2025-09-03 18:32:53] Winrate vs max_combo   :  34.1% | Σ-Reward:  3552.0 | Ø-Reward:  1.776 | Places: [683 (0.34), 507 (0.25), 489 (0.24), 321 (0.16)]
[2025-09-03 18:32:53] Winrate vs random2     :  42.1% | Σ-Reward:  4091.0 | Ø-Reward:  2.046 | Places: [843 (0.42), 584 (0.29), 394 (0.20), 179 (0.09)]
[2025-09-03 18:32:53] Winrate vs single_only :  57.3% | Σ-Reward:  4437.0 | Ø-Reward:  2.219 | Places: [1146 (0.57), 326 (0.16), 347 (0.17), 181 (0.09)]
[2025-09-03 18:32:54] Timing @ep 60000: episode 11.9s | train 0.000s | eval 10.3s | plot 1.5s | save 0.002s | cum 0.77h
[2025-09-03 18:34:36] 
[2025-09-03 18:34:36] Benchmark @train_ep   62000 (bench_eps: 2000)
[2025-09-03 18:34:36] Macro Winrate          :  45.1%
[2025-09-03 18:34:36] Macro Ø-Reward         :  2.033
[2025-09-03 18:34:36] Winrate vs max_combo   :  35.5% | Σ-Reward:  3597.0 | Ø-Reward:  1.798 | Places: [711 (0.36), 499 (0.25), 466 (0.23), 324 (0.16)]
[2025-09-03 18:34:36] Winrate vs random2     :  42.6% | Σ-Reward:  4181.0 | Ø-Reward:  2.091 | Places: [853 (0.43), 625 (0.31), 372 (0.19), 150 (0.07)]
[2025-09-03 18:34:36] Winrate vs single_only :  57.0% | Σ-Reward:  4417.0 | Ø-Reward:  2.208 | Places: [1139 (0.57), 346 (0.17), 308 (0.15), 207 (0.10)]
[2025-09-03 18:34:37] Timing @ep 62000: episode 17.6s | train 0.000s | eval 15.9s | plot 1.6s | save 0.003s | cum 0.80h
[2025-09-03 18:36:11] 
[2025-09-03 18:36:11] Benchmark @train_ep   64000 (bench_eps: 2000)
[2025-09-03 18:36:11] Macro Winrate          :  45.8%
[2025-09-03 18:36:11] Macro Ø-Reward         :  2.034
[2025-09-03 18:36:11] Winrate vs max_combo   :  38.2% | Σ-Reward:  3657.0 | Ø-Reward:  1.829 | Places: [765 (0.38), 473 (0.24), 416 (0.21), 346 (0.17)]
[2025-09-03 18:36:11] Winrate vs random2     :  40.5% | Σ-Reward:  4052.0 | Ø-Reward:  2.026 | Places: [811 (0.41), 620 (0.31), 379 (0.19), 190 (0.10)]
[2025-09-03 18:36:11] Winrate vs single_only :  58.5% | Σ-Reward:  4493.0 | Ø-Reward:  2.247 | Places: [1171 (0.59), 316 (0.16), 348 (0.17), 165 (0.08)]
[2025-09-03 18:36:12] Timing @ep 64000: episode 13.0s | train 0.000s | eval 11.5s | plot 1.5s | save 0.002s | cum 0.83h
[2025-09-03 18:38:09] 
[2025-09-03 18:38:09] Benchmark @train_ep   66000 (bench_eps: 2000)
[2025-09-03 18:38:09] Macro Winrate          :  45.9%
[2025-09-03 18:38:09] Macro Ø-Reward         :  2.036
[2025-09-03 18:38:09] Winrate vs max_combo   :  35.9% | Σ-Reward:  3620.0 | Ø-Reward:  1.810 | Places: [717 (0.36), 502 (0.25), 465 (0.23), 316 (0.16)]
[2025-09-03 18:38:09] Winrate vs random2     :  43.3% | Σ-Reward:  4109.0 | Ø-Reward:  2.054 | Places: [866 (0.43), 564 (0.28), 383 (0.19), 187 (0.09)]
[2025-09-03 18:38:09] Winrate vs single_only :  58.6% | Σ-Reward:  4487.0 | Ø-Reward:  2.244 | Places: [1172 (0.59), 302 (0.15), 367 (0.18), 159 (0.08)]
[2025-09-03 18:38:11] Timing @ep 66000: episode 18.4s | train 0.000s | eval 16.6s | plot 1.7s | save 0.002s | cum 0.86h
[2025-09-03 18:40:28] 
[2025-09-03 18:40:28] Benchmark @train_ep   68000 (bench_eps: 2000)
[2025-09-03 18:40:28] Macro Winrate          :  46.6%
[2025-09-03 18:40:28] Macro Ø-Reward         :  2.052
[2025-09-03 18:40:28] Winrate vs max_combo   :  36.7% | Σ-Reward:  3630.0 | Ø-Reward:  1.815 | Places: [734 (0.37), 495 (0.25), 438 (0.22), 333 (0.17)]
[2025-09-03 18:40:28] Winrate vs random2     :  44.4% | Σ-Reward:  4213.0 | Ø-Reward:  2.107 | Places: [888 (0.44), 606 (0.30), 337 (0.17), 169 (0.08)]
[2025-09-03 18:40:28] Winrate vs single_only :  58.8% | Σ-Reward:  4471.0 | Ø-Reward:  2.236 | Places: [1175 (0.59), 302 (0.15), 342 (0.17), 181 (0.09)]
[2025-09-03 18:40:30] Timing @ep 68000: episode 13.0s | train 0.000s | eval 11.6s | plot 1.4s | save 0.003s | cum 0.90h
[2025-09-03 18:46:07] 
[2025-09-03 18:46:07] Benchmark @train_ep   70000 (bench_eps: 2000)
[2025-09-03 18:46:07] Macro Winrate          :  45.8%
[2025-09-03 18:46:07] Macro Ø-Reward         :  2.025
[2025-09-03 18:46:07] Winrate vs max_combo   :  34.6% | Σ-Reward:  3545.0 | Ø-Reward:  1.772 | Places: [692 (0.35), 516 (0.26), 437 (0.22), 355 (0.18)]
[2025-09-03 18:46:07] Winrate vs random2     :  42.7% | Σ-Reward:  4119.0 | Ø-Reward:  2.059 | Places: [854 (0.43), 596 (0.30), 365 (0.18), 185 (0.09)]
[2025-09-03 18:46:07] Winrate vs single_only :  60.0% | Σ-Reward:  4488.0 | Ø-Reward:  2.244 | Places: [1200 (0.60), 275 (0.14), 338 (0.17), 187 (0.09)]
[2025-09-03 18:46:09] Timing @ep 70000: episode 15.7s | train 0.000s | eval 13.9s | plot 1.8s | save 0.005s | cum 0.99h
[2025-09-03 18:47:40] 
[2025-09-03 18:47:40] Benchmark @train_ep   72000 (bench_eps: 2000)
[2025-09-03 18:47:40] Macro Winrate          :  45.4%
[2025-09-03 18:47:40] Macro Ø-Reward         :  2.026
[2025-09-03 18:47:40] Winrate vs max_combo   :  35.5% | Σ-Reward:  3628.0 | Ø-Reward:  1.814 | Places: [711 (0.36), 520 (0.26), 455 (0.23), 314 (0.16)]
[2025-09-03 18:47:40] Winrate vs random2     :  43.8% | Σ-Reward:  4105.0 | Ø-Reward:  2.053 | Places: [876 (0.44), 548 (0.27), 381 (0.19), 195 (0.10)]
[2025-09-03 18:47:40] Winrate vs single_only :  56.8% | Σ-Reward:  4426.0 | Ø-Reward:  2.213 | Places: [1136 (0.57), 341 (0.17), 336 (0.17), 187 (0.09)]
[2025-09-03 18:47:41] Timing @ep 72000: episode 13.0s | train 0.000s | eval 11.4s | plot 1.6s | save 0.002s | cum 1.02h
[2025-09-03 18:49:10] 
[2025-09-03 18:49:10] Benchmark @train_ep   74000 (bench_eps: 2000)
[2025-09-03 18:49:10] Macro Winrate          :  46.4%
[2025-09-03 18:49:10] Macro Ø-Reward         :  2.042
[2025-09-03 18:49:10] Winrate vs max_combo   :  36.6% | Σ-Reward:  3626.0 | Ø-Reward:  1.813 | Places: [733 (0.37), 495 (0.25), 437 (0.22), 335 (0.17)]
[2025-09-03 18:49:10] Winrate vs random2     :  43.0% | Σ-Reward:  4120.0 | Ø-Reward:  2.060 | Places: [859 (0.43), 574 (0.29), 395 (0.20), 172 (0.09)]
[2025-09-03 18:49:10] Winrate vs single_only :  59.5% | Σ-Reward:  4508.0 | Ø-Reward:  2.254 | Places: [1189 (0.59), 297 (0.15), 347 (0.17), 167 (0.08)]
[2025-09-03 18:49:11] Timing @ep 74000: episode 13.8s | train 0.000s | eval 12.1s | plot 1.6s | save 0.001s | cum 1.04h
[2025-09-03 18:50:45] 
[2025-09-03 18:50:45] Benchmark @train_ep   76000 (bench_eps: 2000)
[2025-09-03 18:50:45] Macro Winrate          :  45.9%
[2025-09-03 18:50:45] Macro Ø-Reward         :  2.031
[2025-09-03 18:50:45] Winrate vs max_combo   :  35.9% | Σ-Reward:  3555.0 | Ø-Reward:  1.778 | Places: [718 (0.36), 470 (0.23), 461 (0.23), 351 (0.18)]
[2025-09-03 18:50:45] Winrate vs random2     :  42.5% | Σ-Reward:  4120.0 | Ø-Reward:  2.060 | Places: [851 (0.43), 593 (0.30), 381 (0.19), 175 (0.09)]
[2025-09-03 18:50:45] Winrate vs single_only :  59.2% | Σ-Reward:  4511.0 | Ø-Reward:  2.256 | Places: [1184 (0.59), 309 (0.15), 341 (0.17), 166 (0.08)]
[2025-09-03 18:50:47] Timing @ep 76000: episode 12.9s | train 0.000s | eval 11.4s | plot 1.4s | save 0.001s | cum 1.07h
[2025-09-03 18:52:48] 
[2025-09-03 18:52:48] Benchmark @train_ep   78000 (bench_eps: 2000)
[2025-09-03 18:52:48] Macro Winrate          :  46.2%
[2025-09-03 18:52:48] Macro Ø-Reward         :  2.038
[2025-09-03 18:52:48] Winrate vs max_combo   :  36.1% | Σ-Reward:  3623.0 | Ø-Reward:  1.812 | Places: [723 (0.36), 511 (0.26), 432 (0.22), 334 (0.17)]
[2025-09-03 18:52:48] Winrate vs random2     :  42.5% | Σ-Reward:  4072.0 | Ø-Reward:  2.036 | Places: [850 (0.42), 577 (0.29), 368 (0.18), 205 (0.10)]
[2025-09-03 18:52:48] Winrate vs single_only :  60.0% | Σ-Reward:  4536.0 | Ø-Reward:  2.268 | Places: [1200 (0.60), 298 (0.15), 340 (0.17), 162 (0.08)]
[2025-09-03 18:52:50] Timing @ep 78000: episode 12.2s | train 0.000s | eval 10.6s | plot 1.6s | save 0.002s | cum 1.10h
[2025-09-03 18:54:15] 
[2025-09-03 18:54:15] Benchmark @train_ep   80000 (bench_eps: 2000)
[2025-09-03 18:54:15] Macro Winrate          :  47.4%
[2025-09-03 18:54:15] Macro Ø-Reward         :  2.061
[2025-09-03 18:54:15] Winrate vs max_combo   :  37.8% | Σ-Reward:  3716.0 | Ø-Reward:  1.858 | Places: [755 (0.38), 507 (0.25), 437 (0.22), 301 (0.15)]
[2025-09-03 18:54:15] Winrate vs random2     :  42.5% | Σ-Reward:  4098.0 | Ø-Reward:  2.049 | Places: [849 (0.42), 571 (0.29), 409 (0.20), 171 (0.09)]
[2025-09-03 18:54:15] Winrate vs single_only :  61.9% | Σ-Reward:  4553.0 | Ø-Reward:  2.276 | Places: [1238 (0.62), 244 (0.12), 351 (0.18), 167 (0.08)]
[2025-09-03 18:54:17] Timing @ep 80000: episode 15.7s | train 0.000s | eval 13.9s | plot 1.8s | save 0.002s | cum 1.13h
[2025-09-03 18:56:25] 
[2025-09-03 18:56:25] Benchmark @train_ep   82000 (bench_eps: 2000)
[2025-09-03 18:56:25] Macro Winrate          :  46.0%
[2025-09-03 18:56:25] Macro Ø-Reward         :  2.052
[2025-09-03 18:56:25] Winrate vs max_combo   :  36.5% | Σ-Reward:  3699.0 | Ø-Reward:  1.849 | Places: [731 (0.37), 527 (0.26), 452 (0.23), 290 (0.14)]
[2025-09-03 18:56:25] Winrate vs random2     :  41.7% | Σ-Reward:  4095.0 | Ø-Reward:  2.047 | Places: [834 (0.42), 605 (0.30), 383 (0.19), 178 (0.09)]
[2025-09-03 18:56:25] Winrate vs single_only :  59.9% | Σ-Reward:  4520.0 | Ø-Reward:  2.260 | Places: [1197 (0.60), 294 (0.15), 341 (0.17), 168 (0.08)]
[2025-09-03 18:56:26] Timing @ep 82000: episode 15.7s | train 0.000s | eval 14.0s | plot 1.7s | save 0.002s | cum 1.16h
[2025-09-03 18:58:14] 
[2025-09-03 18:58:14] Benchmark @train_ep   84000 (bench_eps: 2000)
[2025-09-03 18:58:14] Macro Winrate          :  47.2%
[2025-09-03 18:58:14] Macro Ø-Reward         :  2.057
[2025-09-03 18:58:14] Winrate vs max_combo   :  38.0% | Σ-Reward:  3646.0 | Ø-Reward:  1.823 | Places: [760 (0.38), 460 (0.23), 446 (0.22), 334 (0.17)]
[2025-09-03 18:58:14] Winrate vs random2     :  43.2% | Σ-Reward:  4172.0 | Ø-Reward:  2.086 | Places: [864 (0.43), 614 (0.31), 352 (0.18), 170 (0.09)]
[2025-09-03 18:58:14] Winrate vs single_only :  60.4% | Σ-Reward:  4524.0 | Ø-Reward:  2.262 | Places: [1208 (0.60), 289 (0.14), 322 (0.16), 181 (0.09)]
[2025-09-03 18:58:15] Timing @ep 84000: episode 15.8s | train 0.000s | eval 14.4s | plot 1.4s | save 0.002s | cum 1.19h
[2025-09-03 18:59:37] 
[2025-09-03 18:59:37] Benchmark @train_ep   86000 (bench_eps: 2000)
[2025-09-03 18:59:37] Macro Winrate          :  46.6%
[2025-09-03 18:59:37] Macro Ø-Reward         :  2.051
[2025-09-03 18:59:37] Winrate vs max_combo   :  35.7% | Σ-Reward:  3563.0 | Ø-Reward:  1.782 | Places: [714 (0.36), 477 (0.24), 467 (0.23), 342 (0.17)]
[2025-09-03 18:59:37] Winrate vs random2     :  44.0% | Σ-Reward:  4219.0 | Ø-Reward:  2.110 | Places: [879 (0.44), 610 (0.30), 362 (0.18), 149 (0.07)]
[2025-09-03 18:59:37] Winrate vs single_only :  60.2% | Σ-Reward:  4522.0 | Ø-Reward:  2.261 | Places: [1204 (0.60), 289 (0.14), 332 (0.17), 175 (0.09)]
[2025-09-03 18:59:39] Timing @ep 86000: episode 12.2s | train 0.000s | eval 10.8s | plot 1.4s | save 0.002s | cum 1.22h
[2025-09-03 19:03:47] 
[2025-09-03 19:03:47] Benchmark @train_ep   88000 (bench_eps: 2000)
[2025-09-03 19:03:47] Macro Winrate          :  46.8%
[2025-09-03 19:03:47] Macro Ø-Reward         :  2.050
[2025-09-03 19:03:47] Winrate vs max_combo   :  37.0% | Σ-Reward:  3618.0 | Ø-Reward:  1.809 | Places: [741 (0.37), 471 (0.24), 453 (0.23), 335 (0.17)]
[2025-09-03 19:03:47] Winrate vs random2     :  41.6% | Σ-Reward:  4087.0 | Ø-Reward:  2.043 | Places: [832 (0.42), 597 (0.30), 397 (0.20), 174 (0.09)]
[2025-09-03 19:03:47] Winrate vs single_only :  61.6% | Σ-Reward:  4595.0 | Ø-Reward:  2.297 | Places: [1233 (0.62), 287 (0.14), 322 (0.16), 158 (0.08)]
[2025-09-03 19:03:49] Timing @ep 88000: episode 49.2s | train 0.000s | eval 47.3s | plot 1.7s | save 0.010s | cum 1.29h
[2025-09-03 19:07:20] 
[2025-09-03 19:07:20] Benchmark @train_ep   90000 (bench_eps: 2000)
[2025-09-03 19:07:20] Macro Winrate          :  47.5%
[2025-09-03 19:07:20] Macro Ø-Reward         :  2.065
[2025-09-03 19:07:20] Winrate vs max_combo   :  37.0% | Σ-Reward:  3637.0 | Ø-Reward:  1.819 | Places: [741 (0.37), 484 (0.24), 446 (0.22), 329 (0.16)]
[2025-09-03 19:07:20] Winrate vs random2     :  42.5% | Σ-Reward:  4108.0 | Ø-Reward:  2.054 | Places: [851 (0.43), 598 (0.30), 359 (0.18), 192 (0.10)]
[2025-09-03 19:07:20] Winrate vs single_only :  63.0% | Σ-Reward:  4645.0 | Ø-Reward:  2.322 | Places: [1261 (0.63), 277 (0.14), 308 (0.15), 154 (0.08)]
[2025-09-03 19:07:21] Timing @ep 90000: episode 16.8s | train 0.000s | eval 15.2s | plot 1.6s | save 0.002s | cum 1.35h
[2025-09-03 19:11:12] 
[2025-09-03 19:11:12] Benchmark @train_ep   92000 (bench_eps: 2000)
[2025-09-03 19:11:12] Macro Winrate          :  48.1%
[2025-09-03 19:11:12] Macro Ø-Reward         :  2.068
[2025-09-03 19:11:12] Winrate vs max_combo   :  39.2% | Σ-Reward:  3706.0 | Ø-Reward:  1.853 | Places: [784 (0.39), 461 (0.23), 432 (0.22), 323 (0.16)]
[2025-09-03 19:11:12] Winrate vs random2     :  42.8% | Σ-Reward:  4050.0 | Ø-Reward:  2.025 | Places: [856 (0.43), 555 (0.28), 372 (0.19), 217 (0.11)]
[2025-09-03 19:11:12] Winrate vs single_only :  62.5% | Σ-Reward:  4652.0 | Ø-Reward:  2.326 | Places: [1249 (0.62), 293 (0.15), 319 (0.16), 139 (0.07)]
[2025-09-03 19:11:14] Timing @ep 92000: episode 37.7s | train 0.000s | eval 36.1s | plot 1.5s | save 0.004s | cum 1.41h
[2025-09-03 19:19:49] 
[2025-09-03 19:19:49] Benchmark @train_ep   94000 (bench_eps: 2000)
[2025-09-03 19:19:49] Macro Winrate          :  46.3%
[2025-09-03 19:19:49] Macro Ø-Reward         :  2.050
[2025-09-03 19:19:49] Winrate vs max_combo   :  35.1% | Σ-Reward:  3590.0 | Ø-Reward:  1.795 | Places: [702 (0.35), 515 (0.26), 454 (0.23), 329 (0.16)]
[2025-09-03 19:19:49] Winrate vs random2     :  42.7% | Σ-Reward:  4094.0 | Ø-Reward:  2.047 | Places: [854 (0.43), 582 (0.29), 368 (0.18), 196 (0.10)]
[2025-09-03 19:19:49] Winrate vs single_only :  61.1% | Σ-Reward:  4614.0 | Ø-Reward:  2.307 | Places: [1222 (0.61), 314 (0.16), 320 (0.16), 144 (0.07)]
[2025-09-03 19:19:50] Timing @ep 94000: episode 13.2s | train 0.000s | eval 11.6s | plot 1.5s | save 0.002s | cum 1.55h
[2025-09-03 19:21:21] 
[2025-09-03 19:21:21] Benchmark @train_ep   96000 (bench_eps: 2000)
[2025-09-03 19:21:21] Macro Winrate          :  45.3%
[2025-09-03 19:21:21] Macro Ø-Reward         :  2.015
[2025-09-03 19:21:21] Winrate vs max_combo   :  35.0% | Σ-Reward:  3552.0 | Ø-Reward:  1.776 | Places: [700 (0.35), 491 (0.25), 470 (0.23), 339 (0.17)]
[2025-09-03 19:21:21] Winrate vs random2     :  42.4% | Σ-Reward:  4061.0 | Ø-Reward:  2.030 | Places: [848 (0.42), 561 (0.28), 395 (0.20), 196 (0.10)]
[2025-09-03 19:21:21] Winrate vs single_only :  58.6% | Σ-Reward:  4478.0 | Ø-Reward:  2.239 | Places: [1172 (0.59), 306 (0.15), 350 (0.17), 172 (0.09)]
[2025-09-03 19:21:22] Timing @ep 96000: episode 14.0s | train 0.000s | eval 12.6s | plot 1.4s | save 0.002s | cum 1.58h
[2025-09-03 19:23:27] 
[2025-09-03 19:23:27] Benchmark @train_ep   98000 (bench_eps: 2000)
[2025-09-03 19:23:27] Macro Winrate          :  46.6%
[2025-09-03 19:23:27] Macro Ø-Reward         :  2.048
[2025-09-03 19:23:27] Winrate vs max_combo   :  36.4% | Σ-Reward:  3634.0 | Ø-Reward:  1.817 | Places: [727 (0.36), 492 (0.25), 469 (0.23), 312 (0.16)]
[2025-09-03 19:23:27] Winrate vs random2     :  41.4% | Σ-Reward:  4100.0 | Ø-Reward:  2.050 | Places: [827 (0.41), 606 (0.30), 407 (0.20), 160 (0.08)]
[2025-09-03 19:23:27] Winrate vs single_only :  62.0% | Σ-Reward:  4554.0 | Ø-Reward:  2.277 | Places: [1241 (0.62), 256 (0.13), 319 (0.16), 184 (0.09)]
[2025-09-03 19:23:28] Timing @ep 98000: episode 19.2s | train 0.000s | eval 17.4s | plot 1.7s | save 0.002s | cum 1.62h
[2025-09-03 19:25:01] 
[2025-09-03 19:25:01] Benchmark @train_ep  100000 (bench_eps: 2000)
[2025-09-03 19:25:01] Macro Winrate          :  46.9%
[2025-09-03 19:25:01] Macro Ø-Reward         :  2.058
[2025-09-03 19:25:01] Winrate vs max_combo   :  35.7% | Σ-Reward:  3561.0 | Ø-Reward:  1.780 | Places: [714 (0.36), 472 (0.24), 475 (0.24), 339 (0.17)]
[2025-09-03 19:25:01] Winrate vs random2     :  43.4% | Σ-Reward:  4152.0 | Ø-Reward:  2.076 | Places: [867 (0.43), 581 (0.29), 389 (0.19), 163 (0.08)]
[2025-09-03 19:25:01] Winrate vs single_only :  61.7% | Σ-Reward:  4634.0 | Ø-Reward:  2.317 | Places: [1234 (0.62), 309 (0.15), 314 (0.16), 143 (0.07)]
[2025-09-03 19:25:02] Timing @ep 100000: episode 12.9s | train 0.000s | eval 11.3s | plot 1.6s | save 0.001s | cum 1.64h
[2025-09-03 19:25:02] 
[2025-09-03 19:25:02] Gesamtzeit: 1.64h (~ 16.92 eps/s)
[2025-09-03 19:25:02] k3a2, Snapshot Selfplay (1 Learner, 3 Sparring). Training abgeschlossen.
[2025-09-03 19:25:02] Path: /home/wasterix/OpenSpiel/open_spiel/President/models/k3a2/model_04
