[2025-08-23 08:27:38] New Training (k4a1): Shared-Policy PPO — In-Proc External Trainer (Bundle-Updates)
[2025-08-23 08:27:38] Deck_Size: 64
[2025-08-23 08:27:38] Episodes: 10000
[2025-08-23 08:27:38] Path: /home/wasterix/OpenSpiel/open_spiel/President/models/k4a1/model_30
[2025-08-23 08:29:15] 
[2025-08-23 08:29:15] Benchmark @train_ep     500 (bench_eps: 2000)
[2025-08-23 08:29:15] Macro Winrate          :  26.3%
[2025-08-23 08:29:15] Macro Ø-Reward         :  1.400
[2025-08-23 08:29:15] Winrate vs max_combo   :   8.6% | Σ-Reward:  1577.0 | Ø-Reward:  0.788 | Places: [171 (0.09), 275 (0.14), 514 (0.26), 1040 (0.52)]
[2025-08-23 08:29:15] Winrate vs random2     :  33.2% | Σ-Reward:  3380.0 | Ø-Reward:  1.690 | Places: [665 (0.33), 480 (0.24), 425 (0.21), 430 (0.21)]
[2025-08-23 08:29:15] Winrate vs single_only :  37.1% | Σ-Reward:  3445.0 | Ø-Reward:  1.722 | Places: [742 (0.37), 405 (0.20), 409 (0.20), 444 (0.22)]
[2025-08-23 08:29:17] Timing @ep 500: episode 63.8s | train 0.131s | eval 62.1s | plot 1.5s | save 0.003s | cum 0.03h
[2025-08-23 08:30:35] 
[2025-08-23 08:30:35] Benchmark @train_ep    1000 (bench_eps: 2000)
[2025-08-23 08:30:35] Macro Winrate          :  29.7%
[2025-08-23 08:30:35] Macro Ø-Reward         :  1.526
[2025-08-23 08:30:35] Winrate vs max_combo   :  11.8% | Σ-Reward:  1924.0 | Ø-Reward:  0.962 | Places: [236 (0.12), 349 (0.17), 518 (0.26), 897 (0.45)]
[2025-08-23 08:30:35] Winrate vs random2     :  33.9% | Σ-Reward:  3454.0 | Ø-Reward:  1.727 | Places: [677 (0.34), 484 (0.24), 455 (0.23), 384 (0.19)]
[2025-08-23 08:30:35] Winrate vs single_only :  43.5% | Σ-Reward:  3775.0 | Ø-Reward:  1.887 | Places: [871 (0.44), 395 (0.20), 372 (0.19), 362 (0.18)]
[2025-08-23 08:30:36] Timing @ep 1000: episode 50.8s | train 0.098s | eval 49.3s | plot 1.3s | save 0.001s | cum 0.05h
[2025-08-23 08:32:01] 
[2025-08-23 08:32:01] Benchmark @train_ep    1500 (bench_eps: 2000)
[2025-08-23 08:32:01] Macro Winrate          :  27.5%
[2025-08-23 08:32:01] Macro Ø-Reward         :  1.467
[2025-08-23 08:32:01] Winrate vs max_combo   :  10.3% | Σ-Reward:  1797.0 | Ø-Reward:  0.898 | Places: [206 (0.10), 317 (0.16), 545 (0.27), 932 (0.47)]
[2025-08-23 08:32:01] Winrate vs random2     :  32.1% | Σ-Reward:  3341.0 | Ø-Reward:  1.671 | Places: [643 (0.32), 488 (0.24), 436 (0.22), 433 (0.22)]
[2025-08-23 08:32:01] Winrate vs single_only :  40.1% | Σ-Reward:  3664.0 | Ø-Reward:  1.832 | Places: [802 (0.40), 450 (0.23), 358 (0.18), 390 (0.20)]
[2025-08-23 08:32:03] Timing @ep 1500: episode 60.9s | train 0.088s | eval 59.1s | plot 1.7s | save 0.002s | cum 0.07h
[2025-08-23 08:33:27] 
[2025-08-23 08:33:27] Benchmark @train_ep    2000 (bench_eps: 2000)
[2025-08-23 08:33:27] Macro Winrate          :  28.4%
[2025-08-23 08:33:27] Macro Ø-Reward         :  1.495
[2025-08-23 08:33:27] Winrate vs max_combo   :  11.7% | Σ-Reward:  1940.0 | Ø-Reward:  0.970 | Places: [234 (0.12), 350 (0.17), 538 (0.27), 878 (0.44)]
[2025-08-23 08:33:27] Winrate vs random2     :  32.2% | Σ-Reward:  3370.0 | Ø-Reward:  1.685 | Places: [644 (0.32), 515 (0.26), 408 (0.20), 433 (0.22)]
[2025-08-23 08:33:27] Winrate vs single_only :  41.4% | Σ-Reward:  3662.0 | Ø-Reward:  1.831 | Places: [827 (0.41), 407 (0.20), 367 (0.18), 399 (0.20)]
[2025-08-23 08:33:29] Timing @ep 2000: episode 60.6s | train 0.088s | eval 58.6s | plot 1.9s | save 0.001s | cum 0.10h
