[2025-08-23 08:08:37] New Training (k4a1): Shared-Policy PPO — In-Proc External Trainer (Bundle-Updates)
[2025-08-23 08:08:37] Deck_Size: 64
[2025-08-23 08:08:37] Episodes: 10000
[2025-08-23 08:08:37] Path: /home/wasterix/OpenSpiel/open_spiel/President/models/k4a1/model_29
[2025-08-23 08:10:16] 
[2025-08-23 08:10:16] Benchmark @train_ep     500 (bench_eps: 2000)
[2025-08-23 08:10:16] Macro Winrate          :  27.5%
[2025-08-23 08:10:16] Macro Ø-Reward         :  1.437
[2025-08-23 08:10:16] Winrate vs max_combo   :  10.3% | Σ-Reward:  1658.0 | Ø-Reward:  0.829 | Places: [207 (0.10), 292 (0.15), 453 (0.23), 1048 (0.52)]
[2025-08-23 08:10:16] Winrate vs random2     :  32.2% | Σ-Reward:  3329.0 | Ø-Reward:  1.665 | Places: [644 (0.32), 474 (0.24), 449 (0.22), 433 (0.22)]
[2025-08-23 08:10:16] Winrate vs single_only :  40.0% | Σ-Reward:  3634.0 | Ø-Reward:  1.817 | Places: [801 (0.40), 403 (0.20), 425 (0.21), 371 (0.19)]
[2025-08-23 08:10:18] Timing @ep 500: episode 72.6s | train 0.073s | eval 70.8s | plot 1.6s | save 0.006s | cum 0.03h
[2025-08-23 08:11:50] 
[2025-08-23 08:11:50] Benchmark @train_ep    1000 (bench_eps: 2000)
[2025-08-23 08:11:50] Macro Winrate          :  30.3%
[2025-08-23 08:11:50] Macro Ø-Reward         :  1.531
[2025-08-23 08:11:50] Winrate vs max_combo   :  11.8% | Σ-Reward:  1847.0 | Ø-Reward:  0.923 | Places: [235 (0.12), 316 (0.16), 510 (0.26), 939 (0.47)]
[2025-08-23 08:11:50] Winrate vs random2     :  35.1% | Σ-Reward:  3529.0 | Ø-Reward:  1.764 | Places: [702 (0.35), 485 (0.24), 453 (0.23), 360 (0.18)]
[2025-08-23 08:11:50] Winrate vs single_only :  44.0% | Σ-Reward:  3809.0 | Ø-Reward:  1.905 | Places: [880 (0.44), 405 (0.20), 359 (0.18), 356 (0.18)]
[2025-08-23 08:11:52] Timing @ep 1000: episode 64.3s | train 0.095s | eval 62.4s | plot 1.7s | save 0.002s | cum 0.05h
[2025-08-23 08:13:25] 
[2025-08-23 08:13:25] Benchmark @train_ep    1500 (bench_eps: 2000)
[2025-08-23 08:13:25] Macro Winrate          :  33.1%
[2025-08-23 08:13:25] Macro Ø-Reward         :  1.592
[2025-08-23 08:13:25] Winrate vs max_combo   :  12.1% | Σ-Reward:  1941.0 | Ø-Reward:  0.971 | Places: [242 (0.12), 339 (0.17), 537 (0.27), 882 (0.44)]
[2025-08-23 08:13:25] Winrate vs random2     :  35.9% | Σ-Reward:  3527.0 | Ø-Reward:  1.764 | Places: [717 (0.36), 489 (0.24), 398 (0.20), 396 (0.20)]
[2025-08-23 08:13:25] Winrate vs single_only :  51.5% | Σ-Reward:  4083.0 | Ø-Reward:  2.042 | Places: [1029 (0.51), 345 (0.17), 306 (0.15), 320 (0.16)]
[2025-08-23 08:13:27] Timing @ep 1500: episode 67.3s | train 0.081s | eval 65.6s | plot 1.6s | save 0.003s | cum 0.08h
[2025-08-23 08:14:44] 
[2025-08-23 08:14:44] Benchmark @train_ep    2000 (bench_eps: 2000)
[2025-08-23 08:14:44] Macro Winrate          :  27.9%
[2025-08-23 08:14:44] Macro Ø-Reward         :  1.458
[2025-08-23 08:14:44] Winrate vs max_combo   :  11.7% | Σ-Reward:  1822.0 | Ø-Reward:  0.911 | Places: [233 (0.12), 284 (0.14), 555 (0.28), 928 (0.46)]
[2025-08-23 08:14:44] Winrate vs random2     :  31.2% | Σ-Reward:  3281.0 | Ø-Reward:  1.641 | Places: [624 (0.31), 491 (0.25), 427 (0.21), 458 (0.23)]
[2025-08-23 08:14:44] Winrate vs single_only :  40.8% | Σ-Reward:  3644.0 | Ø-Reward:  1.822 | Places: [816 (0.41), 409 (0.20), 378 (0.19), 397 (0.20)]
[2025-08-23 08:14:46] Timing @ep 2000: episode 52.9s | train 0.070s | eval 51.0s | plot 1.8s | save 0.001s | cum 0.10h
[2025-08-23 08:16:05] 
[2025-08-23 08:16:05] Benchmark @train_ep    2500 (bench_eps: 2000)
[2025-08-23 08:16:05] Macro Winrate          :  35.1%
[2025-08-23 08:16:05] Macro Ø-Reward         :  1.658
[2025-08-23 08:16:05] Winrate vs max_combo   :  12.5% | Σ-Reward:  1968.0 | Ø-Reward:  0.984 | Places: [250 (0.12), 316 (0.16), 586 (0.29), 848 (0.42)]
[2025-08-23 08:16:05] Winrate vs random2     :  36.1% | Σ-Reward:  3697.0 | Ø-Reward:  1.849 | Places: [723 (0.36), 570 (0.28), 388 (0.19), 319 (0.16)]
[2025-08-23 08:16:05] Winrate vs single_only :  56.8% | Σ-Reward:  4283.0 | Ø-Reward:  2.142 | Places: [1136 (0.57), 301 (0.15), 273 (0.14), 290 (0.14)]
[2025-08-23 08:16:06] Timing @ep 2500: episode 54.1s | train 0.136s | eval 52.3s | plot 1.6s | save 0.001s | cum 0.12h
[2025-08-23 08:17:33] 
[2025-08-23 08:17:33] Benchmark @train_ep    3000 (bench_eps: 2000)
[2025-08-23 08:17:33] Macro Winrate          :  37.4%
[2025-08-23 08:17:33] Macro Ø-Reward         :  1.697
[2025-08-23 08:17:33] Winrate vs max_combo   :  12.0% | Σ-Reward:  2000.0 | Ø-Reward:  1.000 | Places: [240 (0.12), 352 (0.18), 576 (0.29), 832 (0.42)]
[2025-08-23 08:17:33] Winrate vs random2     :  39.5% | Σ-Reward:  3815.0 | Ø-Reward:  1.907 | Places: [791 (0.40), 526 (0.26), 390 (0.20), 293 (0.15)]
[2025-08-23 08:17:33] Winrate vs single_only :  60.5% | Σ-Reward:  4366.0 | Ø-Reward:  2.183 | Places: [1211 (0.61), 245 (0.12), 243 (0.12), 301 (0.15)]
[2025-08-23 08:17:34] Timing @ep 3000: episode 60.1s | train 0.076s | eval 58.4s | plot 1.6s | save 0.002s | cum 0.15h
[2025-08-23 08:19:01] 
[2025-08-23 08:19:01] Benchmark @train_ep    3500 (bench_eps: 2000)
[2025-08-23 08:19:01] Macro Winrate          :  36.3%
[2025-08-23 08:19:01] Macro Ø-Reward         :  1.665
[2025-08-23 08:19:01] Winrate vs max_combo   :  12.0% | Σ-Reward:  1944.0 | Ø-Reward:  0.972 | Places: [240 (0.12), 352 (0.18), 520 (0.26), 888 (0.44)]
[2025-08-23 08:19:01] Winrate vs random2     :  37.8% | Σ-Reward:  3710.0 | Ø-Reward:  1.855 | Places: [755 (0.38), 520 (0.26), 405 (0.20), 320 (0.16)]
[2025-08-23 08:19:01] Winrate vs single_only :  59.1% | Σ-Reward:  4334.0 | Ø-Reward:  2.167 | Places: [1183 (0.59), 270 (0.14), 245 (0.12), 302 (0.15)]
[2025-08-23 08:19:03] Timing @ep 3500: episode 59.4s | train 0.087s | eval 57.5s | plot 1.8s | save 0.001s | cum 0.17h
[2025-08-23 08:20:10] 
[2025-08-23 08:20:10] Benchmark @train_ep    4000 (bench_eps: 2000)
[2025-08-23 08:20:10] Macro Winrate          :  36.8%
[2025-08-23 08:20:10] Macro Ø-Reward         :  1.696
[2025-08-23 08:20:10] Winrate vs max_combo   :  14.0% | Σ-Reward:  2132.0 | Ø-Reward:  1.066 | Places: [280 (0.14), 378 (0.19), 536 (0.27), 806 (0.40)]
[2025-08-23 08:20:10] Winrate vs random2     :  36.2% | Σ-Reward:  3622.0 | Ø-Reward:  1.811 | Places: [725 (0.36), 516 (0.26), 415 (0.21), 344 (0.17)]
[2025-08-23 08:20:10] Winrate vs single_only :  60.2% | Σ-Reward:  4422.0 | Ø-Reward:  2.211 | Places: [1205 (0.60), 281 (0.14), 245 (0.12), 269 (0.13)]
[2025-08-23 08:20:11] Timing @ep 4000: episode 44.6s | train 0.074s | eval 43.1s | plot 1.3s | save 0.001s | cum 0.19h
[2025-08-23 08:21:32] 
[2025-08-23 08:21:32] Benchmark @train_ep    4500 (bench_eps: 2000)
[2025-08-23 08:21:32] Macro Winrate          :  34.9%
[2025-08-23 08:21:32] Macro Ø-Reward         :  1.647
[2025-08-23 08:21:32] Winrate vs max_combo   :  12.6% | Σ-Reward:  2024.0 | Ø-Reward:  1.012 | Places: [251 (0.13), 349 (0.17), 573 (0.29), 827 (0.41)]
[2025-08-23 08:21:32] Winrate vs random2     :  37.5% | Σ-Reward:  3676.0 | Ø-Reward:  1.838 | Places: [750 (0.38), 510 (0.26), 406 (0.20), 334 (0.17)]
[2025-08-23 08:21:32] Winrate vs single_only :  54.6% | Σ-Reward:  4179.0 | Ø-Reward:  2.090 | Places: [1093 (0.55), 309 (0.15), 282 (0.14), 316 (0.16)]
[2025-08-23 08:21:34] Timing @ep 4500: episode 57.5s | train 0.075s | eval 55.5s | plot 1.8s | save 0.001s | cum 0.21h
[2025-08-23 08:23:05] 
[2025-08-23 08:23:05] Benchmark @train_ep    5000 (bench_eps: 2000)
[2025-08-23 08:23:05] Macro Winrate          :  36.0%
[2025-08-23 08:23:05] Macro Ø-Reward         :  1.662
[2025-08-23 08:23:05] Winrate vs max_combo   :  12.9% | Σ-Reward:  2006.0 | Ø-Reward:  1.003 | Places: [258 (0.13), 334 (0.17), 564 (0.28), 844 (0.42)]
[2025-08-23 08:23:05] Winrate vs random2     :  36.4% | Σ-Reward:  3641.0 | Ø-Reward:  1.821 | Places: [727 (0.36), 531 (0.27), 398 (0.20), 344 (0.17)]
[2025-08-23 08:23:05] Winrate vs single_only :  58.7% | Σ-Reward:  4324.0 | Ø-Reward:  2.162 | Places: [1174 (0.59), 285 (0.14), 232 (0.12), 309 (0.15)]
[2025-08-23 08:23:07] Timing @ep 5000: episode 65.8s | train 0.107s | eval 63.8s | plot 1.9s | save 0.002s | cum 0.24h
[2025-08-23 08:24:27] 
[2025-08-23 08:24:27] Benchmark @train_ep    5500 (bench_eps: 2000)
[2025-08-23 08:24:27] Macro Winrate          :  34.1%
[2025-08-23 08:24:27] Macro Ø-Reward         :  1.629
[2025-08-23 08:24:27] Winrate vs max_combo   :  12.8% | Σ-Reward:  2011.0 | Ø-Reward:  1.006 | Places: [255 (0.13), 359 (0.18), 528 (0.26), 858 (0.43)]
[2025-08-23 08:24:27] Winrate vs random2     :  32.4% | Σ-Reward:  3473.0 | Ø-Reward:  1.736 | Places: [647 (0.32), 538 (0.27), 456 (0.23), 359 (0.18)]
[2025-08-23 08:24:27] Winrate vs single_only :  57.0% | Σ-Reward:  4287.0 | Ø-Reward:  2.143 | Places: [1141 (0.57), 300 (0.15), 264 (0.13), 295 (0.15)]
[2025-08-23 08:24:29] Timing @ep 5500: episode 54.2s | train 0.071s | eval 52.4s | plot 1.7s | save 0.001s | cum 0.26h
[2025-08-23 08:25:41] 
[2025-08-23 08:25:41] Benchmark @train_ep    6000 (bench_eps: 2000)
[2025-08-23 08:25:41] Macro Winrate          :  33.5%
[2025-08-23 08:25:41] Macro Ø-Reward         :  1.602
[2025-08-23 08:25:41] Winrate vs max_combo   :  10.3% | Σ-Reward:  1862.0 | Ø-Reward:  0.931 | Places: [207 (0.10), 358 (0.18), 525 (0.26), 910 (0.46)]
[2025-08-23 08:25:41] Winrate vs random2     :  31.2% | Σ-Reward:  3369.0 | Ø-Reward:  1.685 | Places: [625 (0.31), 505 (0.25), 484 (0.24), 386 (0.19)]
[2025-08-23 08:25:41] Winrate vs single_only :  59.0% | Σ-Reward:  4379.0 | Ø-Reward:  2.189 | Places: [1179 (0.59), 271 (0.14), 300 (0.15), 250 (0.12)]
[2025-08-23 08:25:43] Timing @ep 6000: episode 52.6s | train 0.070s | eval 50.5s | plot 2.0s | save 0.004s | cum 0.28h
[2025-08-23 08:27:22] 
[2025-08-23 08:27:22] Benchmark @train_ep    6500 (bench_eps: 2000)
[2025-08-23 08:27:22] Macro Winrate          :  30.5%
[2025-08-23 08:27:22] Macro Ø-Reward         :  1.539
[2025-08-23 08:27:22] Winrate vs max_combo   :  11.2% | Σ-Reward:  1869.0 | Ø-Reward:  0.934 | Places: [224 (0.11), 328 (0.16), 541 (0.27), 907 (0.45)]
[2025-08-23 08:27:22] Winrate vs random2     :  31.6% | Σ-Reward:  3419.0 | Ø-Reward:  1.710 | Places: [631 (0.32), 537 (0.27), 452 (0.23), 380 (0.19)]
[2025-08-23 08:27:22] Winrate vs single_only :  48.8% | Σ-Reward:  3948.0 | Ø-Reward:  1.974 | Places: [975 (0.49), 342 (0.17), 339 (0.17), 344 (0.17)]
[2025-08-23 08:27:24] Timing @ep 6500: episode 70.5s | train 0.077s | eval 68.3s | plot 2.1s | save 0.006s | cum 0.31h
