[2025-09-26 10:46:46] New Training (k4a2): Shared-Policy DQN — In-Proc External Trainer (Bundle-Updates)
[2025-09-26 10:46:46] Deck_Size: 64
[2025-09-26 10:46:46] Episodes: 100000
[2025-09-26 10:46:46] Path: /home/wasterix/OpenSpiel/open_spiel/President/models/k4a2/model_64
[2025-09-26 10:49:35] 
[2025-09-26 10:49:35] Benchmark @train_ep    5000 (bench_eps: 2000)
[2025-09-26 10:49:35] Macro Winrate          :  14.5%
[2025-09-26 10:49:35] Macro Ø-Reward         :  1.193
[2025-09-26 10:49:35] Winrate vs max_combo   :   7.8% | Σ-Reward:  1555.0 | Ø-Reward:  0.777 | Places: [157 (0.08), 262 (0.13), 560 (0.28), 1021 (0.51)]
[2025-09-26 10:49:35] Winrate vs random2     :  21.1% | Σ-Reward:  3048.0 | Ø-Reward:  1.524 | Places: [423 (0.21), 596 (0.30), 587 (0.29), 394 (0.20)]
[2025-09-26 10:49:35] Winrate vs single_only :  14.6% | Σ-Reward:  2555.0 | Ø-Reward:  1.278 | Places: [292 (0.15), 534 (0.27), 611 (0.31), 563 (0.28)]
[2025-09-26 10:49:37] Timing @ep 5000: episode 44.8s | train 0.193s | eval 42.5s | plot 2.1s | save 0.002s | cum 0.05h
[2025-09-26 10:52:29] 
[2025-09-26 10:52:29] Benchmark @train_ep   10000 (bench_eps: 2000)
[2025-09-26 10:52:29] Macro Winrate          :  34.9%
[2025-09-26 10:52:29] Macro Ø-Reward         :  1.827
[2025-09-26 10:52:29] Winrate vs max_combo   :  21.9% | Σ-Reward:  2757.0 | Ø-Reward:  1.379 | Places: [439 (0.22), 480 (0.24), 480 (0.24), 601 (0.30)]
[2025-09-26 10:52:29] Winrate vs random2     :  49.0% | Σ-Reward:  4327.0 | Ø-Reward:  2.163 | Places: [979 (0.49), 555 (0.28), 280 (0.14), 186 (0.09)]
[2025-09-26 10:52:29] Winrate vs single_only :  33.7% | Σ-Reward:  3880.0 | Ø-Reward:  1.940 | Places: [674 (0.34), 697 (0.35), 464 (0.23), 165 (0.08)]
[2025-09-26 10:52:32] Timing @ep 10000: episode 42.7s | train 0.159s | eval 39.8s | plot 2.7s | save 0.002s | cum 0.10h
[2025-09-26 10:55:01] 
[2025-09-26 10:55:01] Benchmark @train_ep   15000 (bench_eps: 2000)
[2025-09-26 10:55:01] Macro Winrate          :  45.6%
[2025-09-26 10:55:01] Macro Ø-Reward         :  1.978
[2025-09-26 10:55:01] Winrate vs max_combo   :  21.8% | Σ-Reward:  2756.0 | Ø-Reward:  1.378 | Places: [435 (0.22), 473 (0.24), 505 (0.25), 587 (0.29)]
[2025-09-26 10:55:01] Winrate vs random2     :  49.9% | Σ-Reward:  4290.0 | Ø-Reward:  2.145 | Places: [997 (0.50), 496 (0.25), 307 (0.15), 200 (0.10)]
[2025-09-26 10:55:01] Winrate vs single_only :  65.3% | Σ-Reward:  4821.0 | Ø-Reward:  2.410 | Places: [1306 (0.65), 347 (0.17), 209 (0.10), 138 (0.07)]
[2025-09-26 10:55:04] Timing @ep 15000: episode 40.5s | train 0.157s | eval 37.2s | plot 3.1s | save 0.002s | cum 0.14h
[2025-09-26 10:57:22] 
[2025-09-26 10:57:22] Benchmark @train_ep   20000 (bench_eps: 2000)
[2025-09-26 10:57:22] Macro Winrate          :  51.2%
[2025-09-26 10:57:22] Macro Ø-Reward         :  2.129
[2025-09-26 10:57:22] Winrate vs max_combo   :  24.7% | Σ-Reward:  2976.0 | Ø-Reward:  1.488 | Places: [494 (0.25), 509 (0.25), 476 (0.24), 521 (0.26)]
[2025-09-26 10:57:22] Winrate vs random2     :  58.6% | Σ-Reward:  4728.0 | Ø-Reward:  2.364 | Places: [1173 (0.59), 504 (0.25), 201 (0.10), 122 (0.06)]
[2025-09-26 10:57:22] Winrate vs single_only :  70.3% | Σ-Reward:  5070.0 | Ø-Reward:  2.535 | Places: [1407 (0.70), 336 (0.17), 177 (0.09), 80 (0.04)]
[2025-09-26 10:57:26] Timing @ep 20000: episode 39.5s | train 0.152s | eval 35.7s | plot 3.7s | save 0.002s | cum 0.18h
[2025-09-26 10:59:35] 
[2025-09-26 10:59:35] Benchmark @train_ep   25000 (bench_eps: 2000)
[2025-09-26 10:59:35] Macro Winrate          :  59.7%
[2025-09-26 10:59:35] Macro Ø-Reward         :  2.326
[2025-09-26 10:59:35] Winrate vs max_combo   :  34.6% | Σ-Reward:  3563.0 | Ø-Reward:  1.782 | Places: [692 (0.35), 522 (0.26), 443 (0.22), 343 (0.17)]
[2025-09-26 10:59:35] Winrate vs random2     :  67.7% | Σ-Reward:  5000.0 | Ø-Reward:  2.500 | Places: [1354 (0.68), 386 (0.19), 166 (0.08), 94 (0.05)]
[2025-09-26 10:59:35] Winrate vs single_only :  76.9% | Σ-Reward:  5394.0 | Ø-Reward:  2.697 | Places: [1538 (0.77), 348 (0.17), 84 (0.04), 30 (0.01)]
[2025-09-26 10:59:39] Timing @ep 25000: episode 32.9s | train 0.134s | eval 29.0s | plot 3.7s | save 0.001s | cum 0.21h
[2025-09-26 11:01:45] 
[2025-09-26 11:01:45] Benchmark @train_ep   30000 (bench_eps: 2000)
[2025-09-26 11:01:45] Macro Winrate          :  66.2%
[2025-09-26 11:01:45] Macro Ø-Reward         :  2.450
[2025-09-26 11:01:45] Winrate vs max_combo   :  38.3% | Σ-Reward:  3814.0 | Ø-Reward:  1.907 | Places: [766 (0.38), 560 (0.28), 396 (0.20), 278 (0.14)]
[2025-09-26 11:01:45] Winrate vs random2     :  72.7% | Σ-Reward:  5225.0 | Ø-Reward:  2.612 | Places: [1453 (0.73), 366 (0.18), 134 (0.07), 47 (0.02)]
[2025-09-26 11:01:45] Winrate vs single_only :  87.8% | Σ-Reward:  5658.0 | Ø-Reward:  2.829 | Places: [1755 (0.88), 168 (0.08), 57 (0.03), 20 (0.01)]
[2025-09-26 11:01:49] Timing @ep 30000: episode 33.2s | train 0.155s | eval 28.6s | plot 4.4s | save 0.002s | cum 0.25h
[2025-09-26 11:03:55] 
[2025-09-26 11:03:55] Benchmark @train_ep   35000 (bench_eps: 2000)
[2025-09-26 11:03:55] Macro Winrate          :  63.7%
[2025-09-26 11:03:55] Macro Ø-Reward         :  2.418
[2025-09-26 11:03:55] Winrate vs max_combo   :  38.6% | Σ-Reward:  3860.0 | Ø-Reward:  1.930 | Places: [772 (0.39), 592 (0.30), 360 (0.18), 276 (0.14)]
[2025-09-26 11:03:55] Winrate vs random2     :  71.0% | Σ-Reward:  5135.0 | Ø-Reward:  2.567 | Places: [1419 (0.71), 368 (0.18), 142 (0.07), 71 (0.04)]
[2025-09-26 11:03:55] Winrate vs single_only :  81.5% | Σ-Reward:  5514.0 | Ø-Reward:  2.757 | Places: [1631 (0.82), 272 (0.14), 77 (0.04), 20 (0.01)]
[2025-09-26 11:04:00] Timing @ep 35000: episode 36.2s | train 0.154s | eval 30.9s | plot 5.1s | save 0.002s | cum 0.29h
[2025-09-26 11:06:05] 
[2025-09-26 11:06:05] Benchmark @train_ep   40000 (bench_eps: 2000)
[2025-09-26 11:06:05] Macro Winrate          :  67.2%
[2025-09-26 11:06:05] Macro Ø-Reward         :  2.490
[2025-09-26 11:06:05] Winrate vs max_combo   :  42.8% | Σ-Reward:  4077.0 | Ø-Reward:  2.038 | Places: [856 (0.43), 586 (0.29), 337 (0.17), 221 (0.11)]
[2025-09-26 11:06:05] Winrate vs random2     :  74.5% | Σ-Reward:  5270.0 | Ø-Reward:  2.635 | Places: [1490 (0.74), 348 (0.17), 104 (0.05), 58 (0.03)]
[2025-09-26 11:06:05] Winrate vs single_only :  84.5% | Σ-Reward:  5593.0 | Ø-Reward:  2.796 | Places: [1689 (0.84), 233 (0.12), 60 (0.03), 18 (0.01)]
[2025-09-26 11:06:11] Timing @ep 40000: episode 34.4s | train 0.138s | eval 28.7s | plot 5.5s | save 0.003s | cum 0.32h
[2025-09-26 11:08:13] 
[2025-09-26 11:08:13] Benchmark @train_ep   45000 (bench_eps: 2000)
[2025-09-26 11:08:13] Macro Winrate          :  68.2%
[2025-09-26 11:08:13] Macro Ø-Reward         :  2.509
[2025-09-26 11:08:13] Winrate vs max_combo   :  45.0% | Σ-Reward:  4179.0 | Ø-Reward:  2.090 | Places: [901 (0.45), 575 (0.29), 326 (0.16), 198 (0.10)]
[2025-09-26 11:08:13] Winrate vs random2     :  76.0% | Σ-Reward:  5291.0 | Ø-Reward:  2.646 | Places: [1521 (0.76), 313 (0.16), 102 (0.05), 64 (0.03)]
[2025-09-26 11:08:13] Winrate vs single_only :  83.6% | Σ-Reward:  5584.0 | Ø-Reward:  2.792 | Places: [1672 (0.84), 260 (0.13), 48 (0.02), 20 (0.01)]
[2025-09-26 11:08:19] Timing @ep 45000: episode 38.2s | train 0.140s | eval 32.3s | plot 5.8s | save 0.002s | cum 0.36h
[2025-09-26 11:10:29] 
[2025-09-26 11:10:29] Benchmark @train_ep   50000 (bench_eps: 2000)
[2025-09-26 11:10:29] Macro Winrate          :  67.4%
[2025-09-26 11:10:29] Macro Ø-Reward         :  2.506
[2025-09-26 11:10:29] Winrate vs max_combo   :  43.0% | Σ-Reward:  4103.0 | Ø-Reward:  2.051 | Places: [861 (0.43), 589 (0.29), 342 (0.17), 208 (0.10)]
[2025-09-26 11:10:29] Winrate vs random2     :  77.1% | Σ-Reward:  5376.0 | Ø-Reward:  2.688 | Places: [1542 (0.77), 329 (0.16), 92 (0.05), 37 (0.02)]
[2025-09-26 11:10:29] Winrate vs single_only :  82.0% | Σ-Reward:  5557.0 | Ø-Reward:  2.779 | Places: [1639 (0.82), 293 (0.15), 54 (0.03), 14 (0.01)]
[2025-09-26 11:10:35] Timing @ep 50000: episode 39.2s | train 0.279s | eval 32.4s | plot 6.5s | save 0.003s | cum 0.40h
[2025-09-26 11:12:41] 
[2025-09-26 11:12:41] Benchmark @train_ep   55000 (bench_eps: 2000)
[2025-09-26 11:12:41] Macro Winrate          :  71.8%
[2025-09-26 11:12:41] Macro Ø-Reward         :  2.574
[2025-09-26 11:12:41] Winrate vs max_combo   :  47.4% | Σ-Reward:  4295.0 | Ø-Reward:  2.147 | Places: [947 (0.47), 572 (0.29), 310 (0.15), 171 (0.09)]
[2025-09-26 11:12:41] Winrate vs random2     :  82.2% | Σ-Reward:  5491.0 | Ø-Reward:  2.745 | Places: [1643 (0.82), 242 (0.12), 78 (0.04), 37 (0.02)]
[2025-09-26 11:12:41] Winrate vs single_only :  86.0% | Σ-Reward:  5656.0 | Ø-Reward:  2.828 | Places: [1720 (0.86), 226 (0.11), 44 (0.02), 10 (0.01)]
[2025-09-26 11:12:48] Timing @ep 55000: episode 35.9s | train 0.148s | eval 29.0s | plot 6.7s | save 0.002s | cum 0.43h
[2025-09-26 11:15:06] 
[2025-09-26 11:15:06] Benchmark @train_ep   60000 (bench_eps: 2000)
[2025-09-26 11:15:06] Macro Winrate          :  70.3%
[2025-09-26 11:15:06] Macro Ø-Reward         :  2.549
[2025-09-26 11:15:06] Winrate vs max_combo   :  46.3% | Σ-Reward:  4250.0 | Ø-Reward:  2.125 | Places: [926 (0.46), 598 (0.30), 276 (0.14), 200 (0.10)]
[2025-09-26 11:15:06] Winrate vs random2     :  79.4% | Σ-Reward:  5428.0 | Ø-Reward:  2.714 | Places: [1588 (0.79), 291 (0.15), 82 (0.04), 39 (0.02)]
[2025-09-26 11:15:06] Winrate vs single_only :  85.2% | Σ-Reward:  5616.0 | Ø-Reward:  2.808 | Places: [1705 (0.85), 224 (0.11), 53 (0.03), 18 (0.01)]
[2025-09-26 11:15:13] Timing @ep 60000: episode 37.2s | train 0.162s | eval 29.9s | plot 7.2s | save 0.003s | cum 0.47h
[2025-09-26 11:17:27] 
[2025-09-26 11:17:27] Benchmark @train_ep   65000 (bench_eps: 2000)
[2025-09-26 11:17:27] Macro Winrate          :  70.6%
[2025-09-26 11:17:27] Macro Ø-Reward         :  2.560
[2025-09-26 11:17:27] Winrate vs max_combo   :  49.5% | Σ-Reward:  4384.0 | Ø-Reward:  2.192 | Places: [989 (0.49), 570 (0.28), 277 (0.14), 164 (0.08)]
[2025-09-26 11:17:27] Winrate vs random2     :  81.2% | Σ-Reward:  5466.0 | Ø-Reward:  2.733 | Places: [1624 (0.81), 267 (0.13), 60 (0.03), 49 (0.02)]
[2025-09-26 11:17:27] Winrate vs single_only :  81.3% | Σ-Reward:  5510.0 | Ø-Reward:  2.755 | Places: [1626 (0.81), 275 (0.14), 82 (0.04), 17 (0.01)]
[2025-09-26 11:17:35] Timing @ep 65000: episode 40.7s | train 0.142s | eval 33.0s | plot 7.6s | save 0.002s | cum 0.51h
[2025-09-26 11:19:56] 
[2025-09-26 11:19:56] Benchmark @train_ep   70000 (bench_eps: 2000)
[2025-09-26 11:19:56] Macro Winrate          :  71.0%
[2025-09-26 11:19:56] Macro Ø-Reward         :  2.565
[2025-09-26 11:19:56] Winrate vs max_combo   :  50.8% | Σ-Reward:  4452.0 | Ø-Reward:  2.226 | Places: [1016 (0.51), 560 (0.28), 284 (0.14), 140 (0.07)]
[2025-09-26 11:19:56] Winrate vs random2     :  80.2% | Σ-Reward:  5443.0 | Ø-Reward:  2.721 | Places: [1604 (0.80), 270 (0.14), 91 (0.05), 35 (0.02)]
[2025-09-26 11:19:56] Winrate vs single_only :  81.9% | Σ-Reward:  5498.0 | Ø-Reward:  2.749 | Places: [1638 (0.82), 241 (0.12), 102 (0.05), 19 (0.01)]
[2025-09-26 11:20:04] Timing @ep 70000: episode 37.1s | train 0.145s | eval 29.2s | plot 7.7s | save 0.002s | cum 0.55h
[2025-09-26 11:22:35] 
[2025-09-26 11:22:35] Benchmark @train_ep   75000 (bench_eps: 2000)
[2025-09-26 11:22:35] Macro Winrate          :  72.7%
[2025-09-26 11:22:35] Macro Ø-Reward         :  2.588
[2025-09-26 11:22:35] Winrate vs max_combo   :  53.0% | Σ-Reward:  4459.0 | Ø-Reward:  2.229 | Places: [1059 (0.53), 508 (0.25), 266 (0.13), 167 (0.08)]
[2025-09-26 11:22:35] Winrate vs random2     :  82.2% | Σ-Reward:  5502.0 | Ø-Reward:  2.751 | Places: [1643 (0.82), 252 (0.13), 69 (0.03), 36 (0.02)]
[2025-09-26 11:22:35] Winrate vs single_only :  82.9% | Σ-Reward:  5566.0 | Ø-Reward:  2.783 | Places: [1658 (0.83), 264 (0.13), 64 (0.03), 14 (0.01)]
[2025-09-26 11:22:43] Timing @ep 75000: episode 37.7s | train 0.143s | eval 29.4s | plot 8.1s | save 0.002s | cum 0.60h
[2025-09-26 11:25:03] 
[2025-09-26 11:25:03] Benchmark @train_ep   80000 (bench_eps: 2000)
[2025-09-26 11:25:03] Macro Winrate          :  72.8%
[2025-09-26 11:25:03] Macro Ø-Reward         :  2.588
[2025-09-26 11:25:03] Winrate vs max_combo   :  52.8% | Σ-Reward:  4513.0 | Ø-Reward:  2.256 | Places: [1055 (0.53), 530 (0.27), 288 (0.14), 127 (0.06)]
[2025-09-26 11:25:03] Winrate vs random2     :  82.2% | Σ-Reward:  5472.0 | Ø-Reward:  2.736 | Places: [1643 (0.82), 232 (0.12), 79 (0.04), 46 (0.02)]
[2025-09-26 11:25:03] Winrate vs single_only :  83.5% | Σ-Reward:  5540.0 | Ø-Reward:  2.770 | Places: [1671 (0.84), 224 (0.11), 79 (0.04), 26 (0.01)]
[2025-09-26 11:25:12] Timing @ep 80000: episode 41.2s | train 0.164s | eval 32.3s | plot 8.6s | save 0.002s | cum 0.64h
[2025-09-26 11:27:22] 
[2025-09-26 11:27:22] Benchmark @train_ep   85000 (bench_eps: 2000)
[2025-09-26 11:27:22] Macro Winrate          :  72.9%
[2025-09-26 11:27:22] Macro Ø-Reward         :  2.606
[2025-09-26 11:27:22] Winrate vs max_combo   :  52.8% | Σ-Reward:  4530.0 | Ø-Reward:  2.265 | Places: [1056 (0.53), 562 (0.28), 238 (0.12), 144 (0.07)]
[2025-09-26 11:27:22] Winrate vs random2     :  83.2% | Σ-Reward:  5550.0 | Ø-Reward:  2.775 | Places: [1663 (0.83), 252 (0.13), 57 (0.03), 28 (0.01)]
[2025-09-26 11:27:22] Winrate vs single_only :  82.7% | Σ-Reward:  5554.0 | Ø-Reward:  2.777 | Places: [1653 (0.83), 266 (0.13), 63 (0.03), 18 (0.01)]
[2025-09-26 11:27:31] Timing @ep 85000: episode 40.3s | train 0.147s | eval 31.1s | plot 9.0s | save 0.002s | cum 0.68h
[2025-09-26 11:29:39] 
[2025-09-26 11:29:39] Benchmark @train_ep   90000 (bench_eps: 2000)
[2025-09-26 11:29:39] Macro Winrate          :  70.8%
[2025-09-26 11:29:39] Macro Ø-Reward         :  2.567
[2025-09-26 11:29:39] Winrate vs max_combo   :  54.9% | Σ-Reward:  4571.0 | Ø-Reward:  2.285 | Places: [1098 (0.55), 504 (0.25), 269 (0.13), 129 (0.06)]
[2025-09-26 11:29:39] Winrate vs random2     :  80.8% | Σ-Reward:  5450.0 | Ø-Reward:  2.725 | Places: [1616 (0.81), 254 (0.13), 94 (0.05), 36 (0.02)]
[2025-09-26 11:29:39] Winrate vs single_only :  76.5% | Σ-Reward:  5382.0 | Ø-Reward:  2.691 | Places: [1531 (0.77), 340 (0.17), 109 (0.05), 20 (0.01)]
[2025-09-26 11:29:49] Timing @ep 90000: episode 40.1s | train 0.137s | eval 30.1s | plot 9.8s | save 0.002s | cum 0.72h
[2025-09-26 11:31:54] 
[2025-09-26 11:31:54] Benchmark @train_ep   95000 (bench_eps: 2000)
[2025-09-26 11:31:54] Macro Winrate          :  73.7%
[2025-09-26 11:31:54] Macro Ø-Reward         :  2.619
[2025-09-26 11:31:54] Winrate vs max_combo   :  56.0% | Σ-Reward:  4642.0 | Ø-Reward:  2.321 | Places: [1121 (0.56), 524 (0.26), 231 (0.12), 124 (0.06)]
[2025-09-26 11:31:54] Winrate vs random2     :  84.2% | Σ-Reward:  5570.0 | Ø-Reward:  2.785 | Places: [1683 (0.84), 234 (0.12), 53 (0.03), 30 (0.01)]
[2025-09-26 11:31:54] Winrate vs single_only :  80.8% | Σ-Reward:  5501.0 | Ø-Reward:  2.751 | Places: [1615 (0.81), 280 (0.14), 96 (0.05), 9 (0.00)]
[2025-09-26 11:32:04] Timing @ep 95000: episode 37.1s | train 0.158s | eval 27.0s | plot 9.8s | save 0.002s | cum 0.75h
[2025-09-26 11:34:01] 
[2025-09-26 11:34:01] Benchmark @train_ep  100000 (bench_eps: 2000)
[2025-09-26 11:34:01] Macro Winrate          :  75.4%
[2025-09-26 11:34:01] Macro Ø-Reward         :  2.650
[2025-09-26 11:34:01] Winrate vs max_combo   :  57.0% | Σ-Reward:  4714.0 | Ø-Reward:  2.357 | Places: [1140 (0.57), 542 (0.27), 210 (0.10), 108 (0.05)]
[2025-09-26 11:34:01] Winrate vs random2     :  85.0% | Σ-Reward:  5594.0 | Ø-Reward:  2.797 | Places: [1701 (0.85), 217 (0.11), 57 (0.03), 25 (0.01)]
[2025-09-26 11:34:01] Winrate vs single_only :  84.2% | Σ-Reward:  5589.0 | Ø-Reward:  2.795 | Places: [1684 (0.84), 240 (0.12), 57 (0.03), 19 (0.01)]
[2025-09-26 11:34:11] Timing @ep 100000: episode 38.6s | train 0.180s | eval 28.5s | plot 10.0s | save 0.002s | cum 0.79h
[2025-09-26 11:34:11] 
[2025-09-26 11:34:11] Gesamtzeit: 0.79h (~ 35.15 eps/s)
[2025-09-26 11:34:11] k4a2, Shared Policy Selfplay (DQN, Bundle-Updates, 1 Prozess). Training abgeschlossen.
[2025-09-26 11:34:11] Path: /home/wasterix/OpenSpiel/open_spiel/President/models/k4a2/model_64
