[2025-08-21 11:53:49] New Training (k2a2): 4x DQN simultan
[2025-08-21 11:53:49] Deck_Size: 16
[2025-08-21 11:53:49] Episodes: 1000
[2025-08-21 11:53:49] Path: /home/wasterix/OpenSpiel/open_spiel/President/models/k2a2/model_07
[2025-08-21 11:54:08] 
[2025-08-21 11:54:08] Benchmark @train_ep     200 (bench_eps: 500)
[2025-08-21 11:54:08] Macro Winrate          :  39.5%
[2025-08-21 11:54:08] Macro Ø-Reward         :  1.779
[2025-08-21 11:54:08] Winrate vs max_combo   :  27.2% | Σ-Reward:  738.0 | Ø-Reward:  1.476 | Places: [136 (0.27), 126 (0.25), 78 (0.16), 160 (0.32)]
[2025-08-21 11:54:08] Winrate vs random2     :  33.0% | Σ-Reward:  852.0 | Ø-Reward:  1.704 | Places: [165 (0.33), 138 (0.28), 81 (0.16), 116 (0.23)]
[2025-08-21 11:54:08] Winrate vs single_only :  58.2% | Σ-Reward:  1079.0 | Ø-Reward:  2.158 | Places: [291 (0.58), 65 (0.13), 76 (0.15), 68 (0.14)]
[2025-08-21 11:54:10] Timing @ep 200: episode 3.8s | train 0.000s | eval 1.9s | plot 1.8s | save 0.006s | cum 0.01h
[2025-08-21 11:54:29] 
[2025-08-21 11:54:29] Benchmark @train_ep     400 (bench_eps: 500)
[2025-08-21 11:54:29] Macro Winrate          :  40.9%
[2025-08-21 11:54:29] Macro Ø-Reward         :  1.797
[2025-08-21 11:54:29] Winrate vs max_combo   :  29.0% | Σ-Reward:  765.0 | Ø-Reward:  1.530 | Places: [145 (0.29), 117 (0.23), 96 (0.19), 142 (0.28)]
[2025-08-21 11:54:29] Winrate vs random2     :  32.6% | Σ-Reward:  826.0 | Ø-Reward:  1.652 | Places: [163 (0.33), 119 (0.24), 99 (0.20), 119 (0.24)]
[2025-08-21 11:54:29] Winrate vs single_only :  61.0% | Σ-Reward:  1105.0 | Ø-Reward:  2.210 | Places: [305 (0.61), 67 (0.13), 56 (0.11), 72 (0.14)]
[2025-08-21 11:54:31] Timing @ep 400: episode 3.8s | train 0.000s | eval 1.9s | plot 1.8s | save 0.003s | cum 0.01h
[2025-08-21 11:54:51] 
[2025-08-21 11:54:51] Benchmark @train_ep     600 (bench_eps: 500)
[2025-08-21 11:54:51] Macro Winrate          :  38.4%
[2025-08-21 11:54:51] Macro Ø-Reward         :  1.734
[2025-08-21 11:54:51] Winrate vs max_combo   :  25.4% | Σ-Reward:  734.0 | Ø-Reward:  1.468 | Places: [127 (0.25), 118 (0.24), 117 (0.23), 138 (0.28)]
[2025-08-21 11:54:51] Winrate vs random2     :  32.6% | Σ-Reward:  822.0 | Ø-Reward:  1.644 | Places: [163 (0.33), 110 (0.22), 113 (0.23), 114 (0.23)]
[2025-08-21 11:54:51] Winrate vs single_only :  57.2% | Σ-Reward:  1045.0 | Ø-Reward:  2.090 | Places: [286 (0.57), 54 (0.11), 79 (0.16), 81 (0.16)]
[2025-08-21 11:54:52] Timing @ep 600: episode 3.9s | train 0.000s | eval 2.0s | plot 1.8s | save 0.003s | cum 0.02h
[2025-08-21 11:55:13] 
[2025-08-21 11:55:13] Benchmark @train_ep     800 (bench_eps: 500)
[2025-08-21 11:55:13] Macro Winrate          :  38.0%
[2025-08-21 11:55:13] Macro Ø-Reward         :  1.737
[2025-08-21 11:55:13] Winrate vs max_combo   :  27.6% | Σ-Reward:  752.0 | Ø-Reward:  1.504 | Places: [138 (0.28), 131 (0.26), 76 (0.15), 155 (0.31)]
[2025-08-21 11:55:13] Winrate vs random2     :  32.0% | Σ-Reward:  834.0 | Ø-Reward:  1.668 | Places: [160 (0.32), 126 (0.25), 102 (0.20), 112 (0.22)]
[2025-08-21 11:55:13] Winrate vs single_only :  54.4% | Σ-Reward:  1019.0 | Ø-Reward:  2.038 | Places: [272 (0.54), 53 (0.11), 97 (0.19), 78 (0.16)]
[2025-08-21 11:55:15] Timing @ep 800: episode 4.2s | train 0.000s | eval 2.1s | plot 2.0s | save 0.004s | cum 0.02h
[2025-08-21 11:55:35] 
[2025-08-21 11:55:35] Benchmark @train_ep    1000 (bench_eps: 500)
[2025-08-21 11:55:35] Macro Winrate          :  40.3%
[2025-08-21 11:55:35] Macro Ø-Reward         :  1.747
[2025-08-21 11:55:35] Winrate vs max_combo   :  29.4% | Σ-Reward:  722.0 | Ø-Reward:  1.444 | Places: [147 (0.29), 97 (0.19), 87 (0.17), 169 (0.34)]
[2025-08-21 11:55:35] Winrate vs random2     :  32.2% | Σ-Reward:  847.0 | Ø-Reward:  1.694 | Places: [161 (0.32), 135 (0.27), 94 (0.19), 110 (0.22)]
[2025-08-21 11:55:35] Winrate vs single_only :  59.4% | Σ-Reward:  1052.0 | Ø-Reward:  2.104 | Places: [297 (0.59), 51 (0.10), 59 (0.12), 93 (0.19)]
[2025-08-21 11:55:36] Timing @ep 1000: episode 3.8s | train 0.000s | eval 2.0s | plot 1.8s | save 0.004s | cum 0.03h
[2025-08-21 11:55:36] 
[2025-08-21 11:55:36] Gesamtzeit: 0.03h (~ 9.37 eps/s)
[2025-08-21 11:55:36] K2 (DQN, 4 Agents simultan) Training abgeschlossen.
