[2025-08-23 21:33:55] New Training (k1a1)
[2025-08-23 21:33:55] Deck_Size: 16
[2025-08-23 21:33:55] Episodes: 4000
[2025-08-23 21:33:55] Path: /home/wasterix/OpenSpiel/open_spiel/President/models/k1a1/model_72
[2025-08-23 21:34:09] 
[2025-08-23 21:34:09] Benchmark @train_ep    2000 (bench_eps: 200)
[2025-08-23 21:34:09] Macro Winrate          :  36.7%
[2025-08-23 21:34:09] Macro Ø-Reward         :  1.732
[2025-08-23 21:34:09] Winrate vs max_combo   :  25.5% | Σ-Reward:  291.0 | Ø-Reward:  1.455 | Places: [51 (0.26), 46 (0.23), 46 (0.23), 57 (0.28)]
[2025-08-23 21:34:09] Winrate vs random2     :  31.5% | Σ-Reward:  344.0 | Ø-Reward:  1.720 | Places: [63 (0.32), 60 (0.30), 35 (0.17), 42 (0.21)]
[2025-08-23 21:34:09] Winrate vs single_only :  53.0% | Σ-Reward:  404.0 | Ø-Reward:  2.020 | Places: [106 (0.53), 22 (0.11), 42 (0.21), 30 (0.15)]
[2025-08-23 21:34:12] Timing @ep 2000: episode 3.9s | train 0.003s | eval 1.1s | plot 2.8s | save 0.002s | cum 0.00h
[2025-08-23 21:34:25] 
[2025-08-23 21:34:25] Benchmark @train_ep    4000 (bench_eps: 200)
[2025-08-23 21:34:25] Macro Winrate          :  37.7%
[2025-08-23 21:34:25] Macro Ø-Reward         :  1.760
[2025-08-23 21:34:25] Winrate vs max_combo   :  26.5% | Σ-Reward:  302.0 | Ø-Reward:  1.510 | Places: [53 (0.27), 48 (0.24), 47 (0.23), 52 (0.26)]
[2025-08-23 21:34:25] Winrate vs random2     :  32.5% | Σ-Reward:  330.0 | Ø-Reward:  1.650 | Places: [65 (0.33), 46 (0.23), 43 (0.21), 46 (0.23)]
[2025-08-23 21:34:25] Winrate vs single_only :  54.0% | Σ-Reward:  424.0 | Ø-Reward:  2.120 | Places: [108 (0.54), 32 (0.16), 36 (0.18), 24 (0.12)]
[2025-08-23 21:34:29] Timing @ep 4000: episode 4.7s | train 0.003s | eval 1.2s | plot 3.5s | save 0.001s | cum 0.01h
[2025-08-23 21:34:29] 
[2025-08-23 21:34:29] Gesamtzeit: 0.01h (~ 120.20 eps/s)
[2025-08-23 21:34:29] K1 Training abgeschlossen.
