[2025-08-20 20:45:08] New Training (k4a1): Shared-Policy PPO + RAM-Snapshots + External Trainer
[2025-08-20 20:45:08] Deck_Size: 64
[2025-08-20 20:45:08] Episodes: 200
[2025-08-20 20:45:08] Path: /home/wasterix/Multiagent/OpenSpiel_neu/open_spiel/President/models/k4a1/model_24
[2025-08-20 20:45:25] 
[2025-08-20 20:45:25] Benchmark @train_ep     100 (bench_eps: 500)
[2025-08-20 20:45:25] Macro Winrate          :  13.9%
[2025-08-20 20:45:25] Macro Ø-Reward         :  1.084
[2025-08-20 20:45:25] Winrate vs max_combo   :   3.6% | Σ-Reward:  245.0 | Ø-Reward:  0.490 | Places: [18 (0.04), 40 (0.08), 111 (0.22), 331 (0.66)]
[2025-08-20 20:45:25] Winrate vs random2     :  20.0% | Σ-Reward:  731.0 | Ø-Reward:  1.462 | Places: [100 (0.20), 141 (0.28), 149 (0.30), 110 (0.22)]
[2025-08-20 20:45:25] Winrate vs single_only :  18.0% | Σ-Reward:  650.0 | Ø-Reward:  1.300 | Places: [90 (0.18), 127 (0.25), 126 (0.25), 157 (0.31)]
[2025-08-20 20:45:27] Timing @ep 100: episode 12.1s | train 0.000s | eval 10.6s | plot 1.4s | save 0.010s | cum 0.00h
[2025-08-20 20:45:41] 
[2025-08-20 20:45:41] Benchmark @train_ep     200 (bench_eps: 500)
[2025-08-20 20:45:41] Macro Winrate          :  16.4%
[2025-08-20 20:45:41] Macro Ø-Reward         :  1.139
[2025-08-20 20:45:41] Winrate vs max_combo   :   5.8% | Σ-Reward:  308.0 | Ø-Reward:  0.616 | Places: [29 (0.06), 51 (0.10), 119 (0.24), 301 (0.60)]
[2025-08-20 20:45:41] Winrate vs random2     :  26.6% | Σ-Reward:  768.0 | Ø-Reward:  1.536 | Places: [133 (0.27), 125 (0.25), 119 (0.24), 123 (0.25)]
[2025-08-20 20:45:41] Winrate vs single_only :  16.8% | Σ-Reward:  633.0 | Ø-Reward:  1.266 | Places: [84 (0.17), 113 (0.23), 155 (0.31), 148 (0.30)]
[2025-08-20 20:45:43] Timing @ep 200: episode 12.1s | train 0.000s | eval 10.6s | plot 1.5s | save 0.002s | cum 0.01h
[2025-08-20 20:45:43] 
[2025-08-20 20:45:43] Gesamtzeit: 0.01h (~ 6.00 eps/s)
[2025-08-20 20:45:43] K4 (Shared-Policy + RAM-Snapshots) Training abgeschlossen.
