[2025-08-25 08:17:39] New Training (k1a1)
[2025-08-25 08:17:39] Deck_Size: 64
[2025-08-25 08:17:39] Episodes: 2000
[2025-08-25 08:17:39] Path: /home/wasterix/OpenSpiel/open_spiel/President/models/k1a1/model_92
[2025-08-25 08:17:58] 
[2025-08-25 08:17:58] Benchmark @train_ep     500 (bench_eps: 500)
[2025-08-25 08:17:58] Macro Winrate          :  18.1%
[2025-08-25 08:17:58] Macro Ø-Reward         :  1.191
[2025-08-25 08:17:58] Winrate vs max_combo   :   8.4% | Σ-Reward:  365.0 | Ø-Reward:  0.730 | Places: [42 (0.08), 53 (0.11), 133 (0.27), 272 (0.54)]
[2025-08-25 08:17:58] Winrate vs random2     :  29.4% | Σ-Reward:  793.0 | Ø-Reward:  1.586 | Places: [147 (0.29), 122 (0.24), 108 (0.22), 123 (0.25)]
[2025-08-25 08:17:58] Winrate vs single_only :  16.4% | Σ-Reward:  629.0 | Ø-Reward:  1.258 | Places: [82 (0.16), 126 (0.25), 131 (0.26), 161 (0.32)]
[2025-08-25 08:18:01] Timing @ep 500: episode 14.3s | train 0.003s | eval 11.4s | plot 2.9s | save 0.003s | cum 0.01h
[2025-08-25 08:18:19] 
[2025-08-25 08:18:19] Benchmark @train_ep    1000 (bench_eps: 500)
[2025-08-25 08:18:19] Macro Winrate          :  25.5%
[2025-08-25 08:18:19] Macro Ø-Reward         :  1.567
[2025-08-25 08:18:19] Winrate vs max_combo   :  10.4% | Σ-Reward:  504.0 | Ø-Reward:  1.008 | Places: [52 (0.10), 93 (0.19), 162 (0.32), 193 (0.39)]
[2025-08-25 08:18:19] Winrate vs random2     :  45.4% | Σ-Reward:  1020.0 | Ø-Reward:  2.040 | Places: [227 (0.45), 126 (0.25), 87 (0.17), 60 (0.12)]
[2025-08-25 08:18:19] Winrate vs single_only :  20.6% | Σ-Reward:  826.0 | Ø-Reward:  1.652 | Places: [103 (0.21), 190 (0.38), 137 (0.27), 70 (0.14)]
[2025-08-25 08:18:22] Timing @ep 1000: episode 13.3s | train 0.002s | eval 10.7s | plot 2.6s | save 0.001s | cum 0.01h
[2025-08-25 08:18:37] 
[2025-08-25 08:18:37] Benchmark @train_ep    1500 (bench_eps: 500)
[2025-08-25 08:18:37] Macro Winrate          :  39.9%
[2025-08-25 08:18:37] Macro Ø-Reward         :  1.857
[2025-08-25 08:18:37] Winrate vs max_combo   :  17.6% | Σ-Reward:  612.0 | Ø-Reward:  1.224 | Places: [88 (0.18), 103 (0.21), 142 (0.28), 167 (0.33)]
[2025-08-25 08:18:37] Winrate vs random2     :  52.4% | Σ-Reward:  1106.0 | Ø-Reward:  2.212 | Places: [262 (0.52), 126 (0.25), 68 (0.14), 44 (0.09)]
[2025-08-25 08:18:37] Winrate vs single_only :  49.8% | Σ-Reward:  1067.0 | Ø-Reward:  2.134 | Places: [249 (0.50), 114 (0.23), 92 (0.18), 45 (0.09)]
[2025-08-25 08:18:40] Timing @ep 1500: episode 12.2s | train 0.002s | eval 9.5s | plot 2.7s | save 0.001s | cum 0.02h
[2025-08-25 08:18:56] 
[2025-08-25 08:18:56] Benchmark @train_ep    2000 (bench_eps: 500)
[2025-08-25 08:18:56] Macro Winrate          :  42.5%
[2025-08-25 08:18:56] Macro Ø-Reward         :  1.907
[2025-08-25 08:18:56] Winrate vs max_combo   :  16.0% | Σ-Reward:  573.0 | Ø-Reward:  1.146 | Places: [80 (0.16), 103 (0.21), 127 (0.25), 190 (0.38)]
[2025-08-25 08:18:56] Winrate vs random2     :  48.0% | Σ-Reward:  1087.0 | Ø-Reward:  2.174 | Places: [240 (0.48), 139 (0.28), 89 (0.18), 32 (0.06)]
[2025-08-25 08:18:56] Winrate vs single_only :  63.6% | Σ-Reward:  1201.0 | Ø-Reward:  2.402 | Places: [318 (0.64), 97 (0.19), 53 (0.11), 32 (0.06)]
[2025-08-25 08:18:59] Timing @ep 2000: episode 12.9s | train 0.003s | eval 9.8s | plot 3.0s | save 0.001s | cum 0.02h
[2025-08-25 08:18:59] 
[2025-08-25 08:18:59] Gesamtzeit: 0.02h (~ 25.40 eps/s)
[2025-08-25 08:18:59] k1a1, Single Agent vs Heuristiken (max_combo). Training abgeschlossen.
[2025-08-25 08:18:59] Path: /home/wasterix/OpenSpiel/open_spiel/President/models/k1a1/model_92
