[2025-08-22 16:32:13] New Training (k3a1): Snapshot-Selfplay PPO
[2025-08-22 16:32:13] Deck_Size: 64
[2025-08-22 16:32:13] Episodes: 10000
[2025-08-22 16:32:13] Path: /home/wasterix/OpenSpiel/open_spiel/President/models/k3a1/model_13
[2025-08-22 16:33:25] 
[2025-08-22 16:33:25] Benchmark @train_ep     500 (bench_eps: 2000)
[2025-08-22 16:33:25] Macro Winrate          :  18.1%
[2025-08-22 16:33:25] Macro Ø-Reward         :  1.175
[2025-08-22 16:33:25] Winrate vs max_combo   :   7.0% | Σ-Reward:  1266.0 | Ø-Reward:  0.633 | Places: [139 (0.07), 211 (0.11), 427 (0.21), 1223 (0.61)]
[2025-08-22 16:33:25] Winrate vs random2     :  24.1% | Σ-Reward:  3010.0 | Ø-Reward:  1.505 | Places: [482 (0.24), 525 (0.26), 514 (0.26), 479 (0.24)]
[2025-08-22 16:33:25] Winrate vs single_only :  23.3% | Σ-Reward:  2775.0 | Ø-Reward:  1.387 | Places: [466 (0.23), 412 (0.21), 553 (0.28), 569 (0.28)]
[2025-08-22 16:33:28] Timing @ep 500: episode 53.8s | train 0.003s | eval 50.8s | plot 3.0s | save 0.003s | cum 0.02h
[2025-08-22 16:34:34] 
[2025-08-22 16:34:34] Benchmark @train_ep    1000 (bench_eps: 2000)
[2025-08-22 16:34:34] Macro Winrate          :  31.3%
[2025-08-22 16:34:34] Macro Ø-Reward         :  1.624
[2025-08-22 16:34:34] Winrate vs max_combo   :  11.7% | Σ-Reward:  1887.0 | Ø-Reward:  0.944 | Places: [234 (0.12), 345 (0.17), 495 (0.25), 926 (0.46)]
[2025-08-22 16:34:34] Winrate vs random2     :  41.5% | Σ-Reward:  4014.0 | Ø-Reward:  2.007 | Places: [830 (0.41), 555 (0.28), 414 (0.21), 201 (0.10)]
[2025-08-22 16:34:34] Winrate vs single_only :  40.7% | Σ-Reward:  3844.0 | Ø-Reward:  1.922 | Places: [814 (0.41), 461 (0.23), 480 (0.24), 245 (0.12)]
[2025-08-22 16:34:37] Timing @ep 1000: episode 50.2s | train 0.003s | eval 47.3s | plot 2.9s | save 0.002s | cum 0.04h
[2025-08-22 16:35:41] 
[2025-08-22 16:35:41] Benchmark @train_ep    1500 (bench_eps: 2000)
[2025-08-22 16:35:41] Macro Winrate          :  47.1%
[2025-08-22 16:35:41] Macro Ø-Reward         :  2.014
[2025-08-22 16:35:41] Winrate vs max_combo   :  18.6% | Σ-Reward:  2396.0 | Ø-Reward:  1.198 | Places: [373 (0.19), 394 (0.20), 489 (0.24), 744 (0.37)]
[2025-08-22 16:35:41] Winrate vs random2     :  57.9% | Σ-Reward:  4761.0 | Ø-Reward:  2.381 | Places: [1157 (0.58), 538 (0.27), 214 (0.11), 91 (0.05)]
[2025-08-22 16:35:41] Winrate vs single_only :  64.8% | Σ-Reward:  4927.0 | Ø-Reward:  2.463 | Places: [1296 (0.65), 411 (0.21), 217 (0.11), 76 (0.04)]
[2025-08-22 16:35:44] Timing @ep 1500: episode 47.7s | train 0.003s | eval 44.6s | plot 3.0s | save 0.002s | cum 0.06h
[2025-08-22 16:36:48] 
[2025-08-22 16:36:48] Benchmark @train_ep    2000 (bench_eps: 2000)
[2025-08-22 16:36:48] Macro Winrate          :  50.8%
[2025-08-22 16:36:48] Macro Ø-Reward         :  2.096
[2025-08-22 16:36:48] Winrate vs max_combo   :  21.2% | Σ-Reward:  2671.0 | Ø-Reward:  1.335 | Places: [424 (0.21), 450 (0.23), 499 (0.25), 627 (0.31)]
[2025-08-22 16:36:48] Winrate vs random2     :  57.8% | Σ-Reward:  4709.0 | Ø-Reward:  2.354 | Places: [1155 (0.58), 501 (0.25), 242 (0.12), 102 (0.05)]
[2025-08-22 16:36:48] Winrate vs single_only :  73.4% | Σ-Reward:  5195.0 | Ø-Reward:  2.598 | Places: [1468 (0.73), 323 (0.16), 145 (0.07), 64 (0.03)]
[2025-08-22 16:36:52] Timing @ep 2000: episode 48.5s | train 0.003s | eval 44.4s | plot 4.0s | save 0.002s | cum 0.08h
[2025-08-22 16:37:47] 
[2025-08-22 16:37:47] Benchmark @train_ep    2500 (bench_eps: 2000)
[2025-08-22 16:37:47] Macro Winrate          :  56.6%
[2025-08-22 16:37:47] Macro Ø-Reward         :  2.210
[2025-08-22 16:37:47] Winrate vs max_combo   :  24.0% | Σ-Reward:  2917.0 | Ø-Reward:  1.458 | Places: [480 (0.24), 477 (0.24), 523 (0.26), 520 (0.26)]
[2025-08-22 16:37:47] Winrate vs random2     :  62.9% | Σ-Reward:  4873.0 | Ø-Reward:  2.437 | Places: [1258 (0.63), 446 (0.22), 207 (0.10), 89 (0.04)]
[2025-08-22 16:37:47] Winrate vs single_only :  83.0% | Σ-Reward:  5469.0 | Ø-Reward:  2.735 | Places: [1660 (0.83), 198 (0.10), 93 (0.05), 49 (0.02)]
[2025-08-22 16:37:50] Timing @ep 2500: episode 40.4s | train 0.003s | eval 37.4s | plot 2.9s | save 0.002s | cum 0.09h
[2025-08-22 16:38:43] 
[2025-08-22 16:38:43] Benchmark @train_ep    3000 (bench_eps: 2000)
[2025-08-22 16:38:43] Macro Winrate          :  57.8%
[2025-08-22 16:38:43] Macro Ø-Reward         :  2.257
[2025-08-22 16:38:43] Winrate vs max_combo   :  25.1% | Σ-Reward:  3013.0 | Ø-Reward:  1.506 | Places: [502 (0.25), 506 (0.25), 495 (0.25), 497 (0.25)]
[2025-08-22 16:38:43] Winrate vs random2     :  66.0% | Σ-Reward:  5023.0 | Ø-Reward:  2.511 | Places: [1319 (0.66), 440 (0.22), 186 (0.09), 55 (0.03)]
[2025-08-22 16:38:43] Winrate vs single_only :  82.3% | Σ-Reward:  5505.0 | Ø-Reward:  2.752 | Places: [1647 (0.82), 238 (0.12), 88 (0.04), 27 (0.01)]
[2025-08-22 16:38:46] Timing @ep 3000: episode 40.0s | train 0.003s | eval 36.9s | plot 3.1s | save 0.001s | cum 0.11h
[2025-08-22 16:39:39] 
[2025-08-22 16:39:39] Benchmark @train_ep    3500 (bench_eps: 2000)
[2025-08-22 16:39:39] Macro Winrate          :  58.9%
[2025-08-22 16:39:39] Macro Ø-Reward         :  2.283
[2025-08-22 16:39:39] Winrate vs max_combo   :  28.8% | Σ-Reward:  3210.0 | Ø-Reward:  1.605 | Places: [575 (0.29), 511 (0.26), 463 (0.23), 451 (0.23)]
[2025-08-22 16:39:39] Winrate vs random2     :  67.7% | Σ-Reward:  5035.0 | Ø-Reward:  2.518 | Places: [1353 (0.68), 411 (0.21), 154 (0.08), 82 (0.04)]
[2025-08-22 16:39:39] Winrate vs single_only :  80.2% | Σ-Reward:  5453.0 | Ø-Reward:  2.727 | Places: [1605 (0.80), 271 (0.14), 96 (0.05), 28 (0.01)]
[2025-08-22 16:39:42] Timing @ep 3500: episode 39.5s | train 0.003s | eval 36.2s | plot 3.2s | save 0.002s | cum 0.12h
[2025-08-22 16:40:36] 
[2025-08-22 16:40:36] Benchmark @train_ep    4000 (bench_eps: 2000)
[2025-08-22 16:40:36] Macro Winrate          :  58.7%
[2025-08-22 16:40:36] Macro Ø-Reward         :  2.272
[2025-08-22 16:40:36] Winrate vs max_combo   :  26.9% | Σ-Reward:  3123.0 | Ø-Reward:  1.562 | Places: [538 (0.27), 503 (0.25), 503 (0.25), 456 (0.23)]
[2025-08-22 16:40:36] Winrate vs random2     :  67.0% | Σ-Reward:  5051.0 | Ø-Reward:  2.526 | Places: [1341 (0.67), 434 (0.22), 160 (0.08), 65 (0.03)]
[2025-08-22 16:40:36] Winrate vs single_only :  82.2% | Σ-Reward:  5455.0 | Ø-Reward:  2.728 | Places: [1643 (0.82), 209 (0.10), 108 (0.05), 40 (0.02)]
[2025-08-22 16:40:40] Timing @ep 4000: episode 41.1s | train 0.003s | eval 37.3s | plot 3.8s | save 0.001s | cum 0.14h
[2025-08-22 16:41:33] 
[2025-08-22 16:41:33] Benchmark @train_ep    4500 (bench_eps: 2000)
[2025-08-22 16:41:33] Macro Winrate          :  59.4%
[2025-08-22 16:41:33] Macro Ø-Reward         :  2.285
[2025-08-22 16:41:33] Winrate vs max_combo   :  27.3% | Σ-Reward:  3146.0 | Ø-Reward:  1.573 | Places: [546 (0.27), 519 (0.26), 470 (0.23), 465 (0.23)]
[2025-08-22 16:41:33] Winrate vs random2     :  67.8% | Σ-Reward:  5056.0 | Ø-Reward:  2.528 | Places: [1356 (0.68), 415 (0.21), 158 (0.08), 71 (0.04)]
[2025-08-22 16:41:33] Winrate vs single_only :  83.2% | Σ-Reward:  5507.0 | Ø-Reward:  2.753 | Places: [1665 (0.83), 216 (0.11), 80 (0.04), 39 (0.02)]
[2025-08-22 16:41:37] Timing @ep 4500: episode 40.4s | train 0.005s | eval 36.7s | plot 3.7s | save 0.002s | cum 0.16h
[2025-08-22 16:42:33] 
[2025-08-22 16:42:33] Benchmark @train_ep    5000 (bench_eps: 2000)
[2025-08-22 16:42:33] Macro Winrate          :  59.9%
[2025-08-22 16:42:33] Macro Ø-Reward         :  2.310
[2025-08-22 16:42:33] Winrate vs max_combo   :  28.5% | Σ-Reward:  3275.0 | Ø-Reward:  1.637 | Places: [570 (0.28), 522 (0.26), 521 (0.26), 387 (0.19)]
[2025-08-22 16:42:33] Winrate vs random2     :  68.3% | Σ-Reward:  5071.0 | Ø-Reward:  2.535 | Places: [1366 (0.68), 415 (0.21), 143 (0.07), 76 (0.04)]
[2025-08-22 16:42:33] Winrate vs single_only :  82.8% | Σ-Reward:  5513.0 | Ø-Reward:  2.756 | Places: [1657 (0.83), 228 (0.11), 86 (0.04), 29 (0.01)]
[2025-08-22 16:42:37] Timing @ep 5000: episode 43.2s | train 0.003s | eval 38.8s | plot 4.3s | save 0.002s | cum 0.17h
[2025-08-22 16:43:34] 
[2025-08-22 16:43:34] Benchmark @train_ep    5500 (bench_eps: 2000)
[2025-08-22 16:43:34] Macro Winrate          :  57.4%
[2025-08-22 16:43:34] Macro Ø-Reward         :  2.250
[2025-08-22 16:43:34] Winrate vs max_combo   :  24.5% | Σ-Reward:  3060.0 | Ø-Reward:  1.530 | Places: [490 (0.24), 543 (0.27), 504 (0.25), 463 (0.23)]
[2025-08-22 16:43:34] Winrate vs random2     :  69.2% | Σ-Reward:  5077.0 | Ø-Reward:  2.538 | Places: [1383 (0.69), 385 (0.19), 158 (0.08), 74 (0.04)]
[2025-08-22 16:43:34] Winrate vs single_only :  78.5% | Σ-Reward:  5365.0 | Ø-Reward:  2.683 | Places: [1569 (0.78), 274 (0.14), 110 (0.06), 47 (0.02)]
[2025-08-22 16:43:39] Timing @ep 5500: episode 43.7s | train 0.003s | eval 39.6s | plot 4.0s | save 0.001s | cum 0.19h
[2025-08-22 16:44:35] 
[2025-08-22 16:44:35] Benchmark @train_ep    6000 (bench_eps: 2000)
[2025-08-22 16:44:35] Macro Winrate          :  59.6%
[2025-08-22 16:44:35] Macro Ø-Reward         :  2.305
[2025-08-22 16:44:35] Winrate vs max_combo   :  28.4% | Σ-Reward:  3259.0 | Ø-Reward:  1.629 | Places: [567 (0.28), 550 (0.28), 458 (0.23), 425 (0.21)]
[2025-08-22 16:44:35] Winrate vs random2     :  67.8% | Σ-Reward:  5064.0 | Ø-Reward:  2.532 | Places: [1355 (0.68), 421 (0.21), 157 (0.08), 67 (0.03)]
[2025-08-22 16:44:35] Winrate vs single_only :  82.5% | Σ-Reward:  5508.0 | Ø-Reward:  2.754 | Places: [1651 (0.83), 237 (0.12), 81 (0.04), 31 (0.02)]
[2025-08-22 16:44:40] Timing @ep 6000: episode 43.7s | train 0.004s | eval 39.4s | plot 4.3s | save 0.003s | cum 0.21h
[2025-08-22 16:45:35] 
[2025-08-22 16:45:35] Benchmark @train_ep    6500 (bench_eps: 2000)
[2025-08-22 16:45:35] Macro Winrate          :  60.5%
[2025-08-22 16:45:35] Macro Ø-Reward         :  2.311
[2025-08-22 16:45:35] Winrate vs max_combo   :  26.4% | Σ-Reward:  3144.0 | Ø-Reward:  1.572 | Places: [527 (0.26), 524 (0.26), 515 (0.26), 434 (0.22)]
[2025-08-22 16:45:35] Winrate vs random2     :  70.6% | Σ-Reward:  5159.0 | Ø-Reward:  2.579 | Places: [1412 (0.71), 390 (0.20), 143 (0.07), 55 (0.03)]
[2025-08-22 16:45:35] Winrate vs single_only :  84.5% | Σ-Reward:  5561.0 | Ø-Reward:  2.780 | Places: [1690 (0.84), 209 (0.10), 73 (0.04), 28 (0.01)]
[2025-08-22 16:45:39] Timing @ep 6500: episode 43.2s | train 0.006s | eval 38.6s | plot 4.5s | save 0.002s | cum 0.22h
[2025-08-22 16:46:32] 
[2025-08-22 16:46:32] Benchmark @train_ep    7000 (bench_eps: 2000)
[2025-08-22 16:46:32] Macro Winrate          :  58.6%
[2025-08-22 16:46:32] Macro Ø-Reward         :  2.287
[2025-08-22 16:46:32] Winrate vs max_combo   :  28.1% | Σ-Reward:  3189.0 | Ø-Reward:  1.595 | Places: [563 (0.28), 493 (0.25), 514 (0.26), 430 (0.21)]
[2025-08-22 16:46:32] Winrate vs random2     :  66.1% | Σ-Reward:  5039.0 | Ø-Reward:  2.519 | Places: [1322 (0.66), 458 (0.23), 157 (0.08), 63 (0.03)]
[2025-08-22 16:46:32] Winrate vs single_only :  81.6% | Σ-Reward:  5493.0 | Ø-Reward:  2.747 | Places: [1632 (0.82), 260 (0.13), 77 (0.04), 31 (0.02)]
[2025-08-22 16:46:37] Timing @ep 7000: episode 41.9s | train 0.003s | eval 37.1s | plot 4.8s | save 0.001s | cum 0.24h
[2025-08-22 16:47:33] 
[2025-08-22 16:47:33] Benchmark @train_ep    7500 (bench_eps: 2000)
[2025-08-22 16:47:33] Macro Winrate          :  60.3%
[2025-08-22 16:47:33] Macro Ø-Reward         :  2.315
[2025-08-22 16:47:33] Winrate vs max_combo   :  29.5% | Σ-Reward:  3277.0 | Ø-Reward:  1.639 | Places: [590 (0.29), 501 (0.25), 505 (0.25), 404 (0.20)]
[2025-08-22 16:47:33] Winrate vs random2     :  68.0% | Σ-Reward:  5088.0 | Ø-Reward:  2.544 | Places: [1359 (0.68), 431 (0.22), 149 (0.07), 61 (0.03)]
[2025-08-22 16:47:33] Winrate vs single_only :  83.3% | Σ-Reward:  5524.0 | Ø-Reward:  2.762 | Places: [1667 (0.83), 219 (0.11), 85 (0.04), 29 (0.01)]
[2025-08-22 16:47:38] Timing @ep 7500: episode 43.5s | train 0.003s | eval 38.6s | plot 4.9s | save 0.001s | cum 0.26h
[2025-08-22 16:48:32] 
[2025-08-22 16:48:32] Benchmark @train_ep    8000 (bench_eps: 2000)
[2025-08-22 16:48:32] Macro Winrate          :  62.0%
[2025-08-22 16:48:32] Macro Ø-Reward         :  2.351
[2025-08-22 16:48:32] Winrate vs max_combo   :  30.1% | Σ-Reward:  3363.0 | Ø-Reward:  1.681 | Places: [601 (0.30), 551 (0.28), 458 (0.23), 390 (0.20)]
[2025-08-22 16:48:32] Winrate vs random2     :  71.5% | Σ-Reward:  5160.0 | Ø-Reward:  2.580 | Places: [1429 (0.71), 361 (0.18), 151 (0.08), 59 (0.03)]
[2025-08-22 16:48:32] Winrate vs single_only :  84.5% | Σ-Reward:  5581.0 | Ø-Reward:  2.791 | Places: [1691 (0.85), 218 (0.11), 72 (0.04), 19 (0.01)]
[2025-08-22 16:48:38] Timing @ep 8000: episode 43.9s | train 0.003s | eval 38.3s | plot 5.6s | save 0.001s | cum 0.27h
[2025-08-22 16:49:34] 
[2025-08-22 16:49:34] Benchmark @train_ep    8500 (bench_eps: 2000)
[2025-08-22 16:49:34] Macro Winrate          :  61.8%
[2025-08-22 16:49:34] Macro Ø-Reward         :  2.326
[2025-08-22 16:49:34] Winrate vs max_combo   :  30.5% | Σ-Reward:  3309.0 | Ø-Reward:  1.655 | Places: [610 (0.30), 497 (0.25), 485 (0.24), 408 (0.20)]
[2025-08-22 16:49:34] Winrate vs random2     :  70.2% | Σ-Reward:  5107.0 | Ø-Reward:  2.554 | Places: [1404 (0.70), 379 (0.19), 137 (0.07), 80 (0.04)]
[2025-08-22 16:49:34] Winrate vs single_only :  84.7% | Σ-Reward:  5540.0 | Ø-Reward:  2.770 | Places: [1694 (0.85), 195 (0.10), 68 (0.03), 43 (0.02)]
[2025-08-22 16:49:39] Timing @ep 8500: episode 43.4s | train 0.004s | eval 38.1s | plot 5.2s | save 0.001s | cum 0.29h
[2025-08-22 16:50:34] 
[2025-08-22 16:50:34] Benchmark @train_ep    9000 (bench_eps: 2000)
[2025-08-22 16:50:34] Macro Winrate          :  61.8%
[2025-08-22 16:50:34] Macro Ø-Reward         :  2.311
[2025-08-22 16:50:34] Winrate vs max_combo   :  29.4% | Σ-Reward:  3241.0 | Ø-Reward:  1.621 | Places: [588 (0.29), 489 (0.24), 499 (0.25), 424 (0.21)]
[2025-08-22 16:50:34] Winrate vs random2     :  69.2% | Σ-Reward:  5038.0 | Ø-Reward:  2.519 | Places: [1383 (0.69), 371 (0.19), 147 (0.07), 99 (0.05)]
[2025-08-22 16:50:34] Winrate vs single_only :  86.7% | Σ-Reward:  5587.0 | Ø-Reward:  2.793 | Places: [1734 (0.87), 160 (0.08), 65 (0.03), 41 (0.02)]
[2025-08-22 16:50:40] Timing @ep 9000: episode 43.7s | train 0.003s | eval 38.3s | plot 5.3s | save 0.001s | cum 0.31h
[2025-08-22 16:51:35] 
[2025-08-22 16:51:35] Benchmark @train_ep    9500 (bench_eps: 2000)
[2025-08-22 16:51:35] Macro Winrate          :  60.2%
[2025-08-22 16:51:35] Macro Ø-Reward         :  2.297
[2025-08-22 16:51:35] Winrate vs max_combo   :  28.7% | Σ-Reward:  3230.0 | Ø-Reward:  1.615 | Places: [574 (0.29), 521 (0.26), 466 (0.23), 439 (0.22)]
[2025-08-22 16:51:35] Winrate vs random2     :  68.0% | Σ-Reward:  5009.0 | Ø-Reward:  2.505 | Places: [1360 (0.68), 382 (0.19), 165 (0.08), 93 (0.05)]
[2025-08-22 16:51:35] Winrate vs single_only :  84.0% | Σ-Reward:  5544.0 | Ø-Reward:  2.772 | Places: [1679 (0.84), 214 (0.11), 79 (0.04), 28 (0.01)]
[2025-08-22 16:51:40] Timing @ep 9500: episode 43.7s | train 0.005s | eval 38.6s | plot 5.1s | save 0.001s | cum 0.32h
[2025-08-22 16:52:36] 
[2025-08-22 16:52:36] Benchmark @train_ep   10000 (bench_eps: 2000)
[2025-08-22 16:52:36] Macro Winrate          :  61.4%
[2025-08-22 16:52:36] Macro Ø-Reward         :  2.302
[2025-08-22 16:52:36] Winrate vs max_combo   :  30.5% | Σ-Reward:  3266.0 | Ø-Reward:  1.633 | Places: [610 (0.30), 494 (0.25), 448 (0.22), 448 (0.22)]
[2025-08-22 16:52:36] Winrate vs random2     :  69.4% | Σ-Reward:  5028.0 | Ø-Reward:  2.514 | Places: [1388 (0.69), 347 (0.17), 170 (0.09), 95 (0.05)]
[2025-08-22 16:52:36] Winrate vs single_only :  84.2% | Σ-Reward:  5519.0 | Ø-Reward:  2.760 | Places: [1683 (0.84), 202 (0.10), 66 (0.03), 49 (0.02)]
[2025-08-22 16:52:42] Timing @ep 10000: episode 44.8s | train 0.005s | eval 38.8s | plot 6.0s | save 0.002s | cum 0.34h
[2025-08-22 16:52:42] 
[2025-08-22 16:52:42] Gesamtzeit: 0.34h (~ 8.14 eps/s)
[2025-08-22 16:52:42] K3 (Snapshot-Selfplay) Training abgeschlossen.
