[2025-09-26 08:53:44] New Training (k4a2): Shared-Policy DQN — In-Proc External Trainer (Bundle-Updates)
[2025-09-26 08:53:44] Deck_Size: 64
[2025-09-26 08:53:44] Episodes: 100000
[2025-09-26 08:53:44] Path: /home/wasterix/OpenSpiel/open_spiel/President/models/k4a2/model_63
[2025-09-26 08:56:34] 
[2025-09-26 08:56:34] Benchmark @train_ep    5000 (bench_eps: 2000)
[2025-09-26 08:56:34] Macro Winrate          :  16.3%
[2025-09-26 08:56:34] Macro Ø-Reward         :  1.274
[2025-09-26 08:56:34] Winrate vs max_combo   :   7.1% | Σ-Reward:  1583.0 | Ø-Reward:  0.791 | Places: [142 (0.07), 289 (0.14), 579 (0.29), 990 (0.49)]
[2025-09-26 08:56:34] Winrate vs random2     :  28.4% | Σ-Reward:  3500.0 | Ø-Reward:  1.750 | Places: [568 (0.28), 638 (0.32), 520 (0.26), 274 (0.14)]
[2025-09-26 08:56:34] Winrate vs single_only :  13.4% | Σ-Reward:  2560.0 | Ø-Reward:  1.280 | Places: [268 (0.13), 539 (0.27), 678 (0.34), 515 (0.26)]
[2025-09-26 08:56:37] Timing @ep 5000: episode 51.8s | train 0.207s | eval 48.4s | plot 3.2s | save 0.003s | cum 0.05h
[2025-09-26 08:59:17] 
[2025-09-26 08:59:17] Benchmark @train_ep   10000 (bench_eps: 2000)
[2025-09-26 08:59:17] Macro Winrate          :  42.6%
[2025-09-26 08:59:17] Macro Ø-Reward         :  1.965
[2025-09-26 08:59:17] Winrate vs max_combo   :  18.8% | Σ-Reward:  2569.0 | Ø-Reward:  1.284 | Places: [376 (0.19), 502 (0.25), 437 (0.22), 685 (0.34)]
[2025-09-26 08:59:17] Winrate vs random2     :  61.6% | Σ-Reward:  4903.0 | Ø-Reward:  2.451 | Places: [1233 (0.62), 524 (0.26), 156 (0.08), 87 (0.04)]
[2025-09-26 08:59:17] Winrate vs single_only :  47.2% | Σ-Reward:  4321.0 | Ø-Reward:  2.160 | Places: [944 (0.47), 589 (0.29), 311 (0.16), 156 (0.08)]
[2025-09-26 08:59:20] Timing @ep 10000: episode 37.9s | train 0.195s | eval 34.7s | plot 3.0s | save 0.002s | cum 0.09h
[2025-09-26 09:01:50] 
[2025-09-26 09:01:50] Benchmark @train_ep   15000 (bench_eps: 2000)
[2025-09-26 09:01:50] Macro Winrate          :  39.7%
[2025-09-26 09:01:50] Macro Ø-Reward         :  1.880
[2025-09-26 09:01:50] Winrate vs max_combo   :  21.8% | Σ-Reward:  2684.0 | Ø-Reward:  1.342 | Places: [436 (0.22), 484 (0.24), 408 (0.20), 672 (0.34)]
[2025-09-26 09:01:50] Winrate vs random2     :  59.3% | Σ-Reward:  4682.0 | Ø-Reward:  2.341 | Places: [1186 (0.59), 447 (0.22), 230 (0.12), 137 (0.07)]
[2025-09-26 09:01:50] Winrate vs single_only :  38.1% | Σ-Reward:  3915.0 | Ø-Reward:  1.958 | Places: [762 (0.38), 624 (0.31), 381 (0.19), 233 (0.12)]
[2025-09-26 09:01:53] Timing @ep 15000: episode 40.5s | train 0.158s | eval 36.4s | plot 3.9s | save 0.002s | cum 0.14h
[2025-09-26 09:04:39] 
[2025-09-26 09:04:39] Benchmark @train_ep   20000 (bench_eps: 2000)
[2025-09-26 09:04:39] Macro Winrate          :  49.0%
[2025-09-26 09:04:39] Macro Ø-Reward         :  2.088
[2025-09-26 09:04:39] Winrate vs max_combo   :  30.2% | Σ-Reward:  3155.0 | Ø-Reward:  1.577 | Places: [605 (0.30), 485 (0.24), 370 (0.18), 540 (0.27)]
[2025-09-26 09:04:39] Winrate vs random2     :  68.6% | Σ-Reward:  5088.0 | Ø-Reward:  2.544 | Places: [1372 (0.69), 413 (0.21), 146 (0.07), 69 (0.03)]
[2025-09-26 09:04:39] Winrate vs single_only :  48.1% | Σ-Reward:  4284.0 | Ø-Reward:  2.142 | Places: [963 (0.48), 554 (0.28), 287 (0.14), 196 (0.10)]
[2025-09-26 09:04:44] Timing @ep 20000: episode 41.5s | train 0.201s | eval 36.5s | plot 4.8s | save 0.002s | cum 0.18h
[2025-09-26 09:07:24] 
[2025-09-26 09:07:24] Benchmark @train_ep   25000 (bench_eps: 2000)
[2025-09-26 09:07:24] Macro Winrate          :  58.5%
[2025-09-26 09:07:24] Macro Ø-Reward         :  2.290
[2025-09-26 09:07:24] Winrate vs max_combo   :  33.5% | Σ-Reward:  3434.0 | Ø-Reward:  1.717 | Places: [669 (0.33), 504 (0.25), 419 (0.21), 408 (0.20)]
[2025-09-26 09:07:24] Winrate vs random2     :  72.0% | Σ-Reward:  5177.0 | Ø-Reward:  2.588 | Places: [1440 (0.72), 364 (0.18), 129 (0.06), 67 (0.03)]
[2025-09-26 09:07:24] Winrate vs single_only :  70.1% | Σ-Reward:  5131.0 | Ø-Reward:  2.566 | Places: [1402 (0.70), 401 (0.20), 123 (0.06), 74 (0.04)]
[2025-09-26 09:07:30] Timing @ep 25000: episode 42.6s | train 0.186s | eval 37.1s | plot 5.3s | save 0.002s | cum 0.23h
[2025-09-26 09:10:07] 
[2025-09-26 09:10:07] Benchmark @train_ep   30000 (bench_eps: 2000)
[2025-09-26 09:10:07] Macro Winrate          :  60.5%
[2025-09-26 09:10:07] Macro Ø-Reward         :  2.324
[2025-09-26 09:10:07] Winrate vs max_combo   :  33.5% | Σ-Reward:  3471.0 | Ø-Reward:  1.736 | Places: [671 (0.34), 540 (0.27), 378 (0.19), 411 (0.21)]
[2025-09-26 09:10:07] Winrate vs random2     :  74.0% | Σ-Reward:  5263.0 | Ø-Reward:  2.631 | Places: [1479 (0.74), 351 (0.18), 124 (0.06), 46 (0.02)]
[2025-09-26 09:10:07] Winrate vs single_only :  74.0% | Σ-Reward:  5211.0 | Ø-Reward:  2.606 | Places: [1481 (0.74), 336 (0.17), 96 (0.05), 87 (0.04)]
[2025-09-26 09:10:13] Timing @ep 30000: episode 40.4s | train 0.185s | eval 34.7s | plot 5.5s | save 0.002s | cum 0.27h
[2025-09-26 09:12:45] 
[2025-09-26 09:12:45] Benchmark @train_ep   35000 (bench_eps: 2000)
[2025-09-26 09:12:45] Macro Winrate          :  60.4%
[2025-09-26 09:12:45] Macro Ø-Reward         :  2.305
[2025-09-26 09:12:45] Winrate vs max_combo   :  32.8% | Σ-Reward:  3337.0 | Ø-Reward:  1.669 | Places: [655 (0.33), 487 (0.24), 398 (0.20), 460 (0.23)]
[2025-09-26 09:12:45] Winrate vs random2     :  73.8% | Σ-Reward:  5297.0 | Ø-Reward:  2.648 | Places: [1475 (0.74), 382 (0.19), 108 (0.05), 35 (0.02)]
[2025-09-26 09:12:45] Winrate vs single_only :  74.7% | Σ-Reward:  5197.0 | Ø-Reward:  2.599 | Places: [1494 (0.75), 296 (0.15), 123 (0.06), 87 (0.04)]
[2025-09-26 09:12:51] Timing @ep 35000: episode 38.1s | train 0.203s | eval 32.1s | plot 5.8s | save 0.001s | cum 0.32h
[2025-09-26 09:15:14] 
[2025-09-26 09:15:14] Benchmark @train_ep   40000 (bench_eps: 2000)
[2025-09-26 09:15:14] Macro Winrate          :  56.7%
[2025-09-26 09:15:14] Macro Ø-Reward         :  2.233
[2025-09-26 09:15:14] Winrate vs max_combo   :  32.3% | Σ-Reward:  3252.0 | Ø-Reward:  1.626 | Places: [646 (0.32), 475 (0.24), 364 (0.18), 515 (0.26)]
[2025-09-26 09:15:14] Winrate vs random2     :  70.9% | Σ-Reward:  5134.0 | Ø-Reward:  2.567 | Places: [1418 (0.71), 386 (0.19), 108 (0.05), 88 (0.04)]
[2025-09-26 09:15:14] Winrate vs single_only :  66.8% | Σ-Reward:  5015.0 | Ø-Reward:  2.507 | Places: [1337 (0.67), 436 (0.22), 132 (0.07), 95 (0.05)]
[2025-09-26 09:15:21] Timing @ep 40000: episode 39.3s | train 0.160s | eval 32.1s | plot 7.0s | save 0.002s | cum 0.36h
[2025-09-26 09:17:37] 
[2025-09-26 09:17:37] Benchmark @train_ep   45000 (bench_eps: 2000)
[2025-09-26 09:17:37] Macro Winrate          :  58.3%
[2025-09-26 09:17:37] Macro Ø-Reward         :  2.287
[2025-09-26 09:17:37] Winrate vs max_combo   :  29.9% | Σ-Reward:  3335.0 | Ø-Reward:  1.667 | Places: [597 (0.30), 570 (0.28), 404 (0.20), 429 (0.21)]
[2025-09-26 09:17:37] Winrate vs random2     :  72.2% | Σ-Reward:  5167.0 | Ø-Reward:  2.583 | Places: [1445 (0.72), 355 (0.18), 122 (0.06), 78 (0.04)]
[2025-09-26 09:17:37] Winrate vs single_only :  72.8% | Σ-Reward:  5220.0 | Ø-Reward:  2.610 | Places: [1455 (0.73), 381 (0.19), 93 (0.05), 71 (0.04)]
[2025-09-26 09:17:44] Timing @ep 45000: episode 40.3s | train 0.150s | eval 32.7s | plot 7.4s | save 0.002s | cum 0.40h
[2025-09-26 09:20:12] 
[2025-09-26 09:20:12] Benchmark @train_ep   50000 (bench_eps: 2000)
[2025-09-26 09:20:12] Macro Winrate          :  60.2%
[2025-09-26 09:20:12] Macro Ø-Reward         :  2.331
[2025-09-26 09:20:12] Winrate vs max_combo   :  34.3% | Σ-Reward:  3501.0 | Ø-Reward:  1.750 | Places: [686 (0.34), 526 (0.26), 391 (0.20), 397 (0.20)]
[2025-09-26 09:20:12] Winrate vs random2     :  71.0% | Σ-Reward:  5119.0 | Ø-Reward:  2.559 | Places: [1419 (0.71), 356 (0.18), 150 (0.07), 75 (0.04)]
[2025-09-26 09:20:12] Winrate vs single_only :  75.5% | Σ-Reward:  5363.0 | Ø-Reward:  2.682 | Places: [1509 (0.75), 378 (0.19), 80 (0.04), 33 (0.02)]
[2025-09-26 09:20:19] Timing @ep 50000: episode 40.6s | train 0.162s | eval 32.6s | plot 7.9s | save 0.002s | cum 0.44h
[2025-09-26 09:22:35] 
[2025-09-26 09:22:35] Benchmark @train_ep   55000 (bench_eps: 2000)
[2025-09-26 09:22:35] Macro Winrate          :  60.5%
[2025-09-26 09:22:35] Macro Ø-Reward         :  2.322
[2025-09-26 09:22:35] Winrate vs max_combo   :  32.6% | Σ-Reward:  3521.0 | Ø-Reward:  1.760 | Places: [652 (0.33), 604 (0.30), 357 (0.18), 387 (0.19)]
[2025-09-26 09:22:35] Winrate vs random2     :  69.3% | Σ-Reward:  4967.0 | Ø-Reward:  2.483 | Places: [1386 (0.69), 333 (0.17), 143 (0.07), 138 (0.07)]
[2025-09-26 09:22:35] Winrate vs single_only :  79.5% | Σ-Reward:  5445.0 | Ø-Reward:  2.723 | Places: [1590 (0.80), 304 (0.15), 67 (0.03), 39 (0.02)]
[2025-09-26 09:22:43] Timing @ep 55000: episode 39.8s | train 0.188s | eval 31.0s | plot 8.6s | save 0.002s | cum 0.48h
[2025-09-26 09:25:01] 
[2025-09-26 09:25:01] Benchmark @train_ep   60000 (bench_eps: 2000)
[2025-09-26 09:25:01] Macro Winrate          :  67.7%
[2025-09-26 09:25:01] Macro Ø-Reward         :  2.469
[2025-09-26 09:25:01] Winrate vs max_combo   :  38.2% | Σ-Reward:  3822.0 | Ø-Reward:  1.911 | Places: [765 (0.38), 552 (0.28), 423 (0.21), 260 (0.13)]
[2025-09-26 09:25:01] Winrate vs random2     :  73.8% | Σ-Reward:  5247.0 | Ø-Reward:  2.623 | Places: [1476 (0.74), 352 (0.18), 115 (0.06), 57 (0.03)]
[2025-09-26 09:25:01] Winrate vs single_only :  91.0% | Σ-Reward:  5745.0 | Ø-Reward:  2.873 | Places: [1820 (0.91), 124 (0.06), 37 (0.02), 19 (0.01)]
[2025-09-26 09:25:10] Timing @ep 60000: episode 38.0s | train 0.181s | eval 29.1s | plot 8.7s | save 0.002s | cum 0.52h
[2025-09-26 09:27:17] 
[2025-09-26 09:27:17] Benchmark @train_ep   65000 (bench_eps: 2000)
[2025-09-26 09:27:17] Macro Winrate          :  69.4%
[2025-09-26 09:27:17] Macro Ø-Reward         :  2.513
[2025-09-26 09:27:17] Winrate vs max_combo   :  43.5% | Σ-Reward:  4108.0 | Ø-Reward:  2.054 | Places: [871 (0.44), 584 (0.29), 327 (0.16), 218 (0.11)]
[2025-09-26 09:27:17] Winrate vs random2     :  77.8% | Σ-Reward:  5338.0 | Ø-Reward:  2.669 | Places: [1555 (0.78), 289 (0.14), 95 (0.05), 61 (0.03)]
[2025-09-26 09:27:17] Winrate vs single_only :  86.8% | Σ-Reward:  5633.0 | Ø-Reward:  2.817 | Places: [1735 (0.87), 189 (0.09), 50 (0.03), 26 (0.01)]
[2025-09-26 09:27:26] Timing @ep 65000: episode 38.4s | train 0.149s | eval 28.9s | plot 9.4s | save 0.002s | cum 0.56h
[2025-09-26 09:29:40] 
[2025-09-26 09:29:40] Benchmark @train_ep   70000 (bench_eps: 2000)
[2025-09-26 09:29:40] Macro Winrate          :  69.4%
[2025-09-26 09:29:40] Macro Ø-Reward         :  2.515
[2025-09-26 09:29:40] Winrate vs max_combo   :  43.9% | Σ-Reward:  4118.0 | Ø-Reward:  2.059 | Places: [877 (0.44), 590 (0.29), 307 (0.15), 226 (0.11)]
[2025-09-26 09:29:40] Winrate vs random2     :  75.8% | Σ-Reward:  5280.0 | Ø-Reward:  2.640 | Places: [1515 (0.76), 316 (0.16), 103 (0.05), 66 (0.03)]
[2025-09-26 09:29:40] Winrate vs single_only :  88.5% | Σ-Reward:  5690.0 | Ø-Reward:  2.845 | Places: [1769 (0.88), 173 (0.09), 37 (0.02), 21 (0.01)]
[2025-09-26 09:29:51] Timing @ep 70000: episode 41.6s | train 0.162s | eval 31.0s | plot 10.3s | save 0.001s | cum 0.60h
[2025-09-26 09:32:04] 
[2025-09-26 09:32:04] Benchmark @train_ep   75000 (bench_eps: 2000)
[2025-09-26 09:32:04] Macro Winrate          :  67.1%
[2025-09-26 09:32:04] Macro Ø-Reward         :  2.482
[2025-09-26 09:32:04] Winrate vs max_combo   :  40.5% | Σ-Reward:  3975.0 | Ø-Reward:  1.988 | Places: [809 (0.40), 585 (0.29), 378 (0.19), 228 (0.11)]
[2025-09-26 09:32:04] Winrate vs random2     :  75.2% | Σ-Reward:  5301.0 | Ø-Reward:  2.651 | Places: [1504 (0.75), 344 (0.17), 101 (0.05), 51 (0.03)]
[2025-09-26 09:32:04] Winrate vs single_only :  85.7% | Σ-Reward:  5616.0 | Ø-Reward:  2.808 | Places: [1713 (0.86), 204 (0.10), 69 (0.03), 14 (0.01)]
[2025-09-26 09:32:14] Timing @ep 75000: episode 43.3s | train 0.147s | eval 32.5s | plot 10.6s | save 0.002s | cum 0.64h
[2025-09-26 09:34:24] 
[2025-09-26 09:34:24] Benchmark @train_ep   80000 (bench_eps: 2000)
[2025-09-26 09:34:24] Macro Winrate          :  66.4%
[2025-09-26 09:34:24] Macro Ø-Reward         :  2.457
[2025-09-26 09:34:24] Winrate vs max_combo   :  42.6% | Σ-Reward:  4041.0 | Ø-Reward:  2.021 | Places: [852 (0.43), 552 (0.28), 381 (0.19), 215 (0.11)]
[2025-09-26 09:34:24] Winrate vs random2     :  75.0% | Σ-Reward:  5215.0 | Ø-Reward:  2.607 | Places: [1499 (0.75), 296 (0.15), 126 (0.06), 79 (0.04)]
[2025-09-26 09:34:24] Winrate vs single_only :  81.7% | Σ-Reward:  5488.0 | Ø-Reward:  2.744 | Places: [1633 (0.82), 249 (0.12), 91 (0.05), 27 (0.01)]
[2025-09-26 09:34:36] Timing @ep 80000: episode 44.3s | train 0.149s | eval 32.1s | plot 12.0s | save 0.002s | cum 0.68h
[2025-09-26 09:37:00] 
[2025-09-26 09:37:00] Benchmark @train_ep   85000 (bench_eps: 2000)
[2025-09-26 09:37:00] Macro Winrate          :  67.0%
[2025-09-26 09:37:00] Macro Ø-Reward         :  2.449
[2025-09-26 09:37:00] Winrate vs max_combo   :  40.9% | Σ-Reward:  3970.0 | Ø-Reward:  1.985 | Places: [818 (0.41), 577 (0.29), 362 (0.18), 243 (0.12)]
[2025-09-26 09:37:00] Winrate vs random2     :  71.6% | Σ-Reward:  5058.0 | Ø-Reward:  2.529 | Places: [1432 (0.72), 311 (0.16), 140 (0.07), 117 (0.06)]
[2025-09-26 09:37:00] Winrate vs single_only :  88.5% | Σ-Reward:  5666.0 | Ø-Reward:  2.833 | Places: [1770 (0.89), 146 (0.07), 64 (0.03), 20 (0.01)]
[2025-09-26 09:37:13] Timing @ep 85000: episode 44.6s | train 0.186s | eval 32.0s | plot 12.4s | save 0.002s | cum 0.72h
[2025-09-26 09:39:30] 
[2025-09-26 09:39:30] Benchmark @train_ep   90000 (bench_eps: 2000)
[2025-09-26 09:39:30] Macro Winrate          :  63.1%
[2025-09-26 09:39:30] Macro Ø-Reward         :  2.364
[2025-09-26 09:39:30] Winrate vs max_combo   :  40.9% | Σ-Reward:  3858.0 | Ø-Reward:  1.929 | Places: [817 (0.41), 524 (0.26), 359 (0.18), 300 (0.15)]
[2025-09-26 09:39:30] Winrate vs random2     :  71.5% | Σ-Reward:  4988.0 | Ø-Reward:  2.494 | Places: [1430 (0.71), 284 (0.14), 130 (0.07), 156 (0.08)]
[2025-09-26 09:39:30] Winrate vs single_only :  77.0% | Σ-Reward:  5337.0 | Ø-Reward:  2.668 | Places: [1540 (0.77), 302 (0.15), 113 (0.06), 45 (0.02)]
[2025-09-26 09:39:42] Timing @ep 90000: episode 47.3s | train 0.212s | eval 34.2s | plot 12.9s | save 0.002s | cum 0.77h
[2025-09-26 09:42:00] 
[2025-09-26 09:42:00] Benchmark @train_ep   95000 (bench_eps: 2000)
[2025-09-26 09:42:00] Macro Winrate          :  66.7%
[2025-09-26 09:42:00] Macro Ø-Reward         :  2.466
[2025-09-26 09:42:00] Winrate vs max_combo   :  46.2% | Σ-Reward:  4184.0 | Ø-Reward:  2.092 | Places: [925 (0.46), 545 (0.27), 319 (0.16), 211 (0.11)]
[2025-09-26 09:42:00] Winrate vs random2     :  74.2% | Σ-Reward:  5183.0 | Ø-Reward:  2.591 | Places: [1485 (0.74), 307 (0.15), 114 (0.06), 94 (0.05)]
[2025-09-26 09:42:00] Winrate vs single_only :  79.7% | Σ-Reward:  5430.0 | Ø-Reward:  2.715 | Places: [1594 (0.80), 265 (0.13), 118 (0.06), 23 (0.01)]
[2025-09-26 09:42:14] Timing @ep 95000: episode 48.0s | train 0.144s | eval 34.4s | plot 13.5s | save 0.002s | cum 0.81h
[2025-09-26 09:44:38] 
[2025-09-26 09:44:38] Benchmark @train_ep  100000 (bench_eps: 2000)
[2025-09-26 09:44:38] Macro Winrate          :  70.7%
[2025-09-26 09:44:38] Macro Ø-Reward         :  2.540
[2025-09-26 09:44:38] Winrate vs max_combo   :  46.1% | Σ-Reward:  4174.0 | Ø-Reward:  2.087 | Places: [922 (0.46), 540 (0.27), 328 (0.16), 210 (0.10)]
[2025-09-26 09:44:38] Winrate vs random2     :  78.8% | Σ-Reward:  5411.0 | Ø-Reward:  2.705 | Places: [1576 (0.79), 306 (0.15), 71 (0.04), 47 (0.02)]
[2025-09-26 09:44:38] Winrate vs single_only :  87.3% | Σ-Reward:  5656.0 | Ø-Reward:  2.828 | Places: [1746 (0.87), 181 (0.09), 56 (0.03), 17 (0.01)]
[2025-09-26 09:44:51] Timing @ep 100000: episode 48.2s | train 0.165s | eval 34.5s | plot 13.5s | save 0.002s | cum 0.85h
[2025-09-26 09:44:51] 
[2025-09-26 09:44:51] Gesamtzeit: 0.85h (~ 32.61 eps/s)
[2025-09-26 09:44:51] k4a2, Shared Policy Selfplay (DQN, Bundle-Updates, 1 Prozess). Training abgeschlossen.
[2025-09-26 09:44:51] Path: /home/wasterix/OpenSpiel/open_spiel/President/models/k4a2/model_63
