[2025-09-09 09:57:04] New Training (k1a2): DQN Single-Agent vs Heuristiken/Population (P0→P0)
[2025-09-09 09:57:04] Deck_Size: 16
[2025-09-09 09:57:04] Episodes: 20000
[2025-09-09 09:57:04] Path: /home/wasterix/OpenSpiel/open_spiel/President/models/k1a2/model_10
[2025-09-09 09:57:24] 
[2025-09-09 09:57:24] Benchmark @train_ep     500 (bench_eps: 2000)
[2025-09-09 09:57:24] Macro Winrate          :  26.8%
[2025-09-09 09:57:24] Macro Ø-Reward         :  1.358
[2025-09-09 09:57:24] Winrate vs max_combo   :  23.9% | Σ-Reward:  2532.0 | Ø-Reward:  1.266 | Places: [477 (0.24), 308 (0.15), 485 (0.24), 730 (0.36)]
[2025-09-09 09:57:24] Winrate vs random2     :  22.9% | Σ-Reward:  2847.0 | Ø-Reward:  1.423 | Places: [459 (0.23), 460 (0.23), 550 (0.28), 531 (0.27)]
[2025-09-09 09:57:24] Winrate vs single_only :  43.5% | Σ-Reward:  3625.0 | Ø-Reward:  1.812 | Places: [871 (0.44), 265 (0.13), 482 (0.24), 382 (0.19)]
[2025-09-09 09:57:24] Winrate vs v_table     :  16.7% | Σ-Reward:  1863.0 | Ø-Reward:  0.931 | Places: [334 (0.17), 238 (0.12), 385 (0.19), 1043 (0.52)]
[2025-09-09 09:57:25] Timing @ep 500: episode 13.3s | train 0.014s | eval 12.2s | plot 1.1s | save 0.002s | cum 0.01h
[2025-09-09 09:57:53] 
[2025-09-09 09:57:53] Benchmark @train_ep    1000 (bench_eps: 2000)
[2025-09-09 09:57:53] Macro Winrate          :  28.3%
[2025-09-09 09:57:53] Macro Ø-Reward         :  1.469
[2025-09-09 09:57:53] Winrate vs max_combo   :  24.6% | Σ-Reward:  2759.0 | Ø-Reward:  1.379 | Places: [492 (0.25), 404 (0.20), 475 (0.24), 629 (0.31)]
[2025-09-09 09:57:53] Winrate vs random2     :  27.6% | Σ-Reward:  3212.0 | Ø-Reward:  1.606 | Places: [552 (0.28), 531 (0.27), 494 (0.25), 423 (0.21)]
[2025-09-09 09:57:53] Winrate vs single_only :  43.1% | Σ-Reward:  3593.0 | Ø-Reward:  1.796 | Places: [862 (0.43), 294 (0.15), 419 (0.21), 425 (0.21)]
[2025-09-09 09:57:53] Winrate vs v_table     :  17.9% | Σ-Reward:  2189.0 | Ø-Reward:  1.095 | Places: [358 (0.18), 364 (0.18), 387 (0.19), 891 (0.45)]
[2025-09-09 09:57:55] Timing @ep 1000: episode 19.7s | train 0.025s | eval 18.2s | plot 1.5s | save 0.002s | cum 0.01h
[2025-09-09 09:58:23] 
[2025-09-09 09:58:23] Benchmark @train_ep    1500 (bench_eps: 2000)
[2025-09-09 09:58:23] Macro Winrate          :  38.2%
[2025-09-09 09:58:23] Macro Ø-Reward         :  1.707
[2025-09-09 09:58:23] Winrate vs max_combo   :  31.9% | Σ-Reward:  3148.0 | Ø-Reward:  1.574 | Places: [638 (0.32), 405 (0.20), 424 (0.21), 533 (0.27)]
[2025-09-09 09:58:23] Winrate vs random2     :  35.9% | Σ-Reward:  3614.0 | Ø-Reward:  1.807 | Places: [718 (0.36), 506 (0.25), 448 (0.22), 328 (0.16)]
[2025-09-09 09:58:23] Winrate vs single_only :  61.1% | Σ-Reward:  4384.0 | Ø-Reward:  2.192 | Places: [1222 (0.61), 194 (0.10), 330 (0.17), 254 (0.13)]
[2025-09-09 09:58:23] Winrate vs v_table     :  24.1% | Σ-Reward:  2513.0 | Ø-Reward:  1.256 | Places: [481 (0.24), 342 (0.17), 386 (0.19), 791 (0.40)]
[2025-09-09 09:58:25] Timing @ep 1500: episode 18.5s | train 0.017s | eval 16.9s | plot 1.6s | save 0.002s | cum 0.02h
[2025-09-09 09:58:50] 
[2025-09-09 09:58:50] Benchmark @train_ep    2000 (bench_eps: 2000)
[2025-09-09 09:58:50] Macro Winrate          :  39.0%
[2025-09-09 09:58:50] Macro Ø-Reward         :  1.754
[2025-09-09 09:58:50] Winrate vs max_combo   :  35.4% | Σ-Reward:  3409.0 | Ø-Reward:  1.704 | Places: [708 (0.35), 420 (0.21), 445 (0.22), 427 (0.21)]
[2025-09-09 09:58:50] Winrate vs random2     :  37.8% | Σ-Reward:  3666.0 | Ø-Reward:  1.833 | Places: [755 (0.38), 478 (0.24), 445 (0.22), 322 (0.16)]
[2025-09-09 09:58:50] Winrate vs single_only :  57.9% | Σ-Reward:  4334.0 | Ø-Reward:  2.167 | Places: [1158 (0.58), 253 (0.13), 354 (0.18), 235 (0.12)]
[2025-09-09 09:58:50] Winrate vs v_table     :  25.1% | Σ-Reward:  2620.0 | Ø-Reward:  1.310 | Places: [501 (0.25), 360 (0.18), 397 (0.20), 742 (0.37)]
[2025-09-09 09:58:51] Timing @ep 2000: episode 16.4s | train 0.017s | eval 14.8s | plot 1.5s | save 0.002s | cum 0.03h
[2025-09-09 09:59:17] 
[2025-09-09 09:59:17] Benchmark @train_ep    2500 (bench_eps: 2000)
[2025-09-09 09:59:17] Macro Winrate          :  39.1%
[2025-09-09 09:59:17] Macro Ø-Reward         :  1.783
[2025-09-09 09:59:17] Winrate vs max_combo   :  35.4% | Σ-Reward:  3459.0 | Ø-Reward:  1.730 | Places: [707 (0.35), 460 (0.23), 418 (0.21), 415 (0.21)]
[2025-09-09 09:59:17] Winrate vs random2     :  37.5% | Σ-Reward:  3756.0 | Ø-Reward:  1.878 | Places: [750 (0.38), 528 (0.26), 450 (0.23), 272 (0.14)]
[2025-09-09 09:59:17] Winrate vs single_only :  61.7% | Σ-Reward:  4529.0 | Ø-Reward:  2.264 | Places: [1234 (0.62), 256 (0.13), 315 (0.16), 195 (0.10)]
[2025-09-09 09:59:17] Winrate vs v_table     :  21.9% | Σ-Reward:  2523.0 | Ø-Reward:  1.262 | Places: [437 (0.22), 416 (0.21), 380 (0.19), 767 (0.38)]
[2025-09-09 09:59:19] Timing @ep 2500: episode 18.7s | train 0.089s | eval 16.9s | plot 1.7s | save 0.002s | cum 0.04h
[2025-09-09 09:59:42] 
[2025-09-09 09:59:42] Benchmark @train_ep    3000 (bench_eps: 2000)
[2025-09-09 09:59:42] Macro Winrate          :  39.9%
[2025-09-09 09:59:42] Macro Ø-Reward         :  1.824
[2025-09-09 09:59:42] Winrate vs max_combo   :  33.1% | Σ-Reward:  3389.0 | Ø-Reward:  1.694 | Places: [662 (0.33), 465 (0.23), 473 (0.24), 400 (0.20)]
[2025-09-09 09:59:42] Winrate vs random2     :  37.8% | Σ-Reward:  3799.0 | Ø-Reward:  1.899 | Places: [756 (0.38), 550 (0.28), 431 (0.22), 263 (0.13)]
[2025-09-09 09:59:42] Winrate vs single_only :  64.3% | Σ-Reward:  4652.0 | Ø-Reward:  2.326 | Places: [1286 (0.64), 237 (0.12), 320 (0.16), 157 (0.08)]
[2025-09-09 09:59:42] Winrate vs v_table     :  24.5% | Σ-Reward:  2755.0 | Ø-Reward:  1.377 | Places: [490 (0.24), 443 (0.22), 399 (0.20), 668 (0.33)]
[2025-09-09 09:59:44] Timing @ep 3000: episode 16.1s | train 0.010s | eval 14.4s | plot 1.7s | save 0.002s | cum 0.04h
[2025-09-09 10:00:07] 
[2025-09-09 10:00:07] Benchmark @train_ep    3500 (bench_eps: 2000)
[2025-09-09 10:00:07] Macro Winrate          :  39.7%
[2025-09-09 10:00:07] Macro Ø-Reward         :  1.807
[2025-09-09 10:00:07] Winrate vs max_combo   :  33.3% | Σ-Reward:  3420.0 | Ø-Reward:  1.710 | Places: [666 (0.33), 479 (0.24), 464 (0.23), 391 (0.20)]
[2025-09-09 10:00:07] Winrate vs random2     :  38.4% | Σ-Reward:  3860.0 | Ø-Reward:  1.930 | Places: [768 (0.38), 569 (0.28), 418 (0.21), 245 (0.12)]
[2025-09-09 10:00:07] Winrate vs single_only :  63.7% | Σ-Reward:  4549.0 | Ø-Reward:  2.275 | Places: [1274 (0.64), 212 (0.11), 303 (0.15), 211 (0.11)]
[2025-09-09 10:00:07] Winrate vs v_table     :  23.3% | Σ-Reward:  2625.0 | Ø-Reward:  1.312 | Places: [466 (0.23), 420 (0.21), 387 (0.19), 727 (0.36)]
[2025-09-09 10:00:09] Timing @ep 3500: episode 16.8s | train 0.006s | eval 15.1s | plot 1.7s | save 0.002s | cum 0.05h
[2025-09-09 10:00:35] 
[2025-09-09 10:00:35] Benchmark @train_ep    4000 (bench_eps: 2000)
[2025-09-09 10:00:35] Macro Winrate          :  41.0%
[2025-09-09 10:00:35] Macro Ø-Reward         :  1.865
[2025-09-09 10:00:35] Winrate vs max_combo   :  34.2% | Σ-Reward:  3519.0 | Ø-Reward:  1.760 | Places: [685 (0.34), 507 (0.25), 450 (0.23), 358 (0.18)]
[2025-09-09 10:00:35] Winrate vs random2     :  41.9% | Σ-Reward:  4006.0 | Ø-Reward:  2.003 | Places: [837 (0.42), 523 (0.26), 449 (0.22), 191 (0.10)]
[2025-09-09 10:00:35] Winrate vs single_only :  63.6% | Σ-Reward:  4595.0 | Ø-Reward:  2.297 | Places: [1273 (0.64), 213 (0.11), 350 (0.17), 164 (0.08)]
[2025-09-09 10:00:35] Winrate vs v_table     :  24.1% | Σ-Reward:  2797.0 | Ø-Reward:  1.399 | Places: [481 (0.24), 469 (0.23), 416 (0.21), 634 (0.32)]
[2025-09-09 10:00:37] Timing @ep 4000: episode 16.1s | train 0.006s | eval 14.7s | plot 1.4s | save 0.002s | cum 0.06h
[2025-09-09 10:01:03] 
[2025-09-09 10:01:03] Benchmark @train_ep    4500 (bench_eps: 2000)
[2025-09-09 10:01:03] Macro Winrate          :  40.6%
[2025-09-09 10:01:03] Macro Ø-Reward         :  1.860
[2025-09-09 10:01:03] Winrate vs max_combo   :  36.1% | Σ-Reward:  3574.0 | Ø-Reward:  1.787 | Places: [722 (0.36), 493 (0.25), 422 (0.21), 363 (0.18)]
[2025-09-09 10:01:03] Winrate vs random2     :  40.1% | Σ-Reward:  3978.0 | Ø-Reward:  1.989 | Places: [803 (0.40), 575 (0.29), 419 (0.21), 203 (0.10)]
[2025-09-09 10:01:03] Winrate vs single_only :  64.4% | Σ-Reward:  4636.0 | Ø-Reward:  2.318 | Places: [1288 (0.64), 236 (0.12), 300 (0.15), 176 (0.09)]
[2025-09-09 10:01:03] Winrate vs v_table     :  21.7% | Σ-Reward:  2695.0 | Ø-Reward:  1.347 | Places: [434 (0.22), 468 (0.23), 457 (0.23), 641 (0.32)]
[2025-09-09 10:01:05] Timing @ep 4500: episode 17.9s | train 0.008s | eval 16.4s | plot 1.5s | save 0.002s | cum 0.07h
[2025-09-09 10:01:30] 
[2025-09-09 10:01:30] Benchmark @train_ep    5000 (bench_eps: 2000)
[2025-09-09 10:01:30] Macro Winrate          :  41.5%
[2025-09-09 10:01:30] Macro Ø-Reward         :  1.879
[2025-09-09 10:01:30] Winrate vs max_combo   :  37.5% | Σ-Reward:  3596.0 | Ø-Reward:  1.798 | Places: [749 (0.37), 463 (0.23), 423 (0.21), 365 (0.18)]
[2025-09-09 10:01:30] Winrate vs random2     :  39.6% | Σ-Reward:  3942.0 | Ø-Reward:  1.971 | Places: [793 (0.40), 576 (0.29), 411 (0.21), 220 (0.11)]
[2025-09-09 10:01:30] Winrate vs single_only :  64.2% | Σ-Reward:  4646.0 | Ø-Reward:  2.323 | Places: [1284 (0.64), 247 (0.12), 300 (0.15), 169 (0.08)]
[2025-09-09 10:01:30] Winrate vs v_table     :  24.8% | Σ-Reward:  2850.0 | Ø-Reward:  1.425 | Places: [496 (0.25), 447 (0.22), 468 (0.23), 589 (0.29)]
[2025-09-09 10:01:32] Timing @ep 5000: episode 17.7s | train 0.007s | eval 16.2s | plot 1.5s | save 0.001s | cum 0.07h
[2025-09-09 10:01:54] 
[2025-09-09 10:01:54] Benchmark @train_ep    5500 (bench_eps: 2000)
[2025-09-09 10:01:54] Macro Winrate          :  40.1%
[2025-09-09 10:01:54] Macro Ø-Reward         :  1.881
[2025-09-09 10:01:54] Winrate vs max_combo   :  33.7% | Σ-Reward:  3544.0 | Ø-Reward:  1.772 | Places: [674 (0.34), 529 (0.26), 464 (0.23), 333 (0.17)]
[2025-09-09 10:01:54] Winrate vs random2     :  40.5% | Σ-Reward:  4048.0 | Ø-Reward:  2.024 | Places: [810 (0.41), 612 (0.31), 394 (0.20), 184 (0.09)]
[2025-09-09 10:01:54] Winrate vs single_only :  63.2% | Σ-Reward:  4659.0 | Ø-Reward:  2.329 | Places: [1265 (0.63), 280 (0.14), 304 (0.15), 151 (0.08)]
[2025-09-09 10:01:54] Winrate vs v_table     :  22.9% | Σ-Reward:  2796.0 | Ø-Reward:  1.398 | Places: [459 (0.23), 497 (0.25), 425 (0.21), 619 (0.31)]
[2025-09-09 10:01:56] Timing @ep 5500: episode 15.7s | train 0.013s | eval 14.0s | plot 1.7s | save 0.001s | cum 0.08h
[2025-09-09 10:02:21] 
[2025-09-09 10:02:21] Benchmark @train_ep    6000 (bench_eps: 2000)
[2025-09-09 10:02:21] Macro Winrate          :  41.6%
[2025-09-09 10:02:21] Macro Ø-Reward         :  1.903
[2025-09-09 10:02:21] Winrate vs max_combo   :  38.2% | Σ-Reward:  3699.0 | Ø-Reward:  1.849 | Places: [765 (0.38), 492 (0.25), 420 (0.21), 323 (0.16)]
[2025-09-09 10:02:21] Winrate vs random2     :  40.5% | Σ-Reward:  4013.0 | Ø-Reward:  2.006 | Places: [810 (0.41), 600 (0.30), 383 (0.19), 207 (0.10)]
[2025-09-09 10:02:21] Winrate vs single_only :  63.9% | Σ-Reward:  4664.0 | Ø-Reward:  2.332 | Places: [1278 (0.64), 267 (0.13), 296 (0.15), 159 (0.08)]
[2025-09-09 10:02:21] Winrate vs v_table     :  23.9% | Σ-Reward:  2849.0 | Ø-Reward:  1.425 | Places: [479 (0.24), 498 (0.25), 416 (0.21), 607 (0.30)]
[2025-09-09 10:02:22] Timing @ep 6000: episode 16.1s | train 0.023s | eval 14.5s | plot 1.6s | save 0.002s | cum 0.09h
[2025-09-09 10:02:47] 
[2025-09-09 10:02:47] Benchmark @train_ep    6500 (bench_eps: 2000)
[2025-09-09 10:02:47] Macro Winrate          :  41.8%
[2025-09-09 10:02:47] Macro Ø-Reward         :  1.881
[2025-09-09 10:02:47] Winrate vs max_combo   :  38.5% | Σ-Reward:  3677.0 | Ø-Reward:  1.839 | Places: [770 (0.39), 467 (0.23), 433 (0.22), 330 (0.17)]
[2025-09-09 10:02:47] Winrate vs random2     :  41.5% | Σ-Reward:  3997.0 | Ø-Reward:  1.998 | Places: [830 (0.41), 550 (0.28), 407 (0.20), 213 (0.11)]
[2025-09-09 10:02:47] Winrate vs single_only :  64.1% | Σ-Reward:  4639.0 | Ø-Reward:  2.320 | Places: [1282 (0.64), 234 (0.12), 325 (0.16), 159 (0.08)]
[2025-09-09 10:02:47] Winrate vs v_table     :  22.9% | Σ-Reward:  2739.0 | Ø-Reward:  1.369 | Places: [458 (0.23), 460 (0.23), 445 (0.22), 637 (0.32)]
[2025-09-09 10:02:48] Timing @ep 6500: episode 17.6s | train 0.010s | eval 15.9s | plot 1.7s | save 0.001s | cum 0.10h
[2025-09-09 10:03:13] 
[2025-09-09 10:03:13] Benchmark @train_ep    7000 (bench_eps: 2000)
[2025-09-09 10:03:13] Macro Winrate          :  41.9%
[2025-09-09 10:03:13] Macro Ø-Reward         :  1.894
[2025-09-09 10:03:13] Winrate vs max_combo   :  36.9% | Σ-Reward:  3678.0 | Ø-Reward:  1.839 | Places: [738 (0.37), 507 (0.25), 450 (0.23), 305 (0.15)]
[2025-09-09 10:03:13] Winrate vs random2     :  42.0% | Σ-Reward:  4016.0 | Ø-Reward:  2.008 | Places: [839 (0.42), 553 (0.28), 393 (0.20), 215 (0.11)]
[2025-09-09 10:03:13] Winrate vs single_only :  64.8% | Σ-Reward:  4678.0 | Ø-Reward:  2.339 | Places: [1295 (0.65), 247 (0.12), 299 (0.15), 159 (0.08)]
[2025-09-09 10:03:13] Winrate vs v_table     :  24.0% | Σ-Reward:  2780.0 | Ø-Reward:  1.390 | Places: [480 (0.24), 452 (0.23), 436 (0.22), 632 (0.32)]
[2025-09-09 10:03:14] Timing @ep 7000: episode 16.8s | train 0.023s | eval 15.2s | plot 1.6s | save 0.002s | cum 0.10h
[2025-09-09 10:03:39] 
[2025-09-09 10:03:39] Benchmark @train_ep    7500 (bench_eps: 2000)
[2025-09-09 10:03:39] Macro Winrate          :  42.6%
[2025-09-09 10:03:39] Macro Ø-Reward         :  1.906
[2025-09-09 10:03:39] Winrate vs max_combo   :  37.6% | Σ-Reward:  3674.0 | Ø-Reward:  1.837 | Places: [753 (0.38), 483 (0.24), 449 (0.22), 315 (0.16)]
[2025-09-09 10:03:39] Winrate vs random2     :  42.8% | Σ-Reward:  4082.0 | Ø-Reward:  2.041 | Places: [856 (0.43), 564 (0.28), 386 (0.19), 194 (0.10)]
[2025-09-09 10:03:39] Winrate vs single_only :  64.8% | Σ-Reward:  4644.0 | Ø-Reward:  2.322 | Places: [1297 (0.65), 223 (0.11), 307 (0.15), 173 (0.09)]
[2025-09-09 10:03:39] Winrate vs v_table     :  25.2% | Σ-Reward:  2852.0 | Ø-Reward:  1.426 | Places: [504 (0.25), 460 (0.23), 420 (0.21), 616 (0.31)]
[2025-09-09 10:03:41] Timing @ep 7500: episode 17.3s | train 0.012s | eval 15.6s | plot 1.7s | save 0.002s | cum 0.11h
[2025-09-09 10:04:05] 
[2025-09-09 10:04:05] Benchmark @train_ep    8000 (bench_eps: 2000)
[2025-09-09 10:04:05] Macro Winrate          :  41.4%
[2025-09-09 10:04:05] Macro Ø-Reward         :  1.882
[2025-09-09 10:04:05] Winrate vs max_combo   :  36.6% | Σ-Reward:  3625.0 | Ø-Reward:  1.812 | Places: [733 (0.37), 498 (0.25), 430 (0.21), 339 (0.17)]
[2025-09-09 10:04:05] Winrate vs random2     :  43.1% | Σ-Reward:  4080.0 | Ø-Reward:  2.040 | Places: [862 (0.43), 539 (0.27), 416 (0.21), 183 (0.09)]
[2025-09-09 10:04:05] Winrate vs single_only :  63.8% | Σ-Reward:  4649.0 | Ø-Reward:  2.325 | Places: [1276 (0.64), 261 (0.13), 299 (0.15), 164 (0.08)]
[2025-09-09 10:04:05] Winrate vs v_table     :  22.2% | Σ-Reward:  2703.0 | Ø-Reward:  1.351 | Places: [444 (0.22), 435 (0.22), 501 (0.25), 620 (0.31)]
[2025-09-09 10:04:06] Timing @ep 8000: episode 17.2s | train 0.021s | eval 15.8s | plot 1.4s | save 0.002s | cum 0.12h
[2025-09-09 10:04:30] 
[2025-09-09 10:04:30] Benchmark @train_ep    8500 (bench_eps: 2000)
[2025-09-09 10:04:30] Macro Winrate          :  42.0%
[2025-09-09 10:04:30] Macro Ø-Reward         :  1.891
[2025-09-09 10:04:30] Winrate vs max_combo   :  37.7% | Σ-Reward:  3667.0 | Ø-Reward:  1.833 | Places: [754 (0.38), 488 (0.24), 429 (0.21), 329 (0.16)]
[2025-09-09 10:04:30] Winrate vs random2     :  42.0% | Σ-Reward:  4038.0 | Ø-Reward:  2.019 | Places: [839 (0.42), 564 (0.28), 393 (0.20), 204 (0.10)]
[2025-09-09 10:04:30] Winrate vs single_only :  63.8% | Σ-Reward:  4607.0 | Ø-Reward:  2.304 | Places: [1276 (0.64), 227 (0.11), 325 (0.16), 172 (0.09)]
[2025-09-09 10:04:30] Winrate vs v_table     :  24.6% | Σ-Reward:  2815.0 | Ø-Reward:  1.407 | Places: [493 (0.25), 443 (0.22), 450 (0.23), 614 (0.31)]
[2025-09-09 10:04:31] Timing @ep 8500: episode 16.2s | train 0.019s | eval 14.5s | plot 1.7s | save 0.002s | cum 0.12h
[2025-09-09 10:04:54] 
[2025-09-09 10:04:54] Benchmark @train_ep    9000 (bench_eps: 2000)
[2025-09-09 10:04:54] Macro Winrate          :  42.1%
[2025-09-09 10:04:54] Macro Ø-Reward         :  1.898
[2025-09-09 10:04:54] Winrate vs max_combo   :  34.8% | Σ-Reward:  3572.0 | Ø-Reward:  1.786 | Places: [696 (0.35), 525 (0.26), 434 (0.22), 345 (0.17)]
[2025-09-09 10:04:54] Winrate vs random2     :  43.2% | Σ-Reward:  4126.0 | Ø-Reward:  2.063 | Places: [865 (0.43), 565 (0.28), 401 (0.20), 169 (0.08)]
[2025-09-09 10:04:54] Winrate vs single_only :  64.2% | Σ-Reward:  4658.0 | Ø-Reward:  2.329 | Places: [1284 (0.64), 248 (0.12), 310 (0.15), 158 (0.08)]
[2025-09-09 10:04:54] Winrate vs v_table     :  26.2% | Σ-Reward:  2824.0 | Ø-Reward:  1.412 | Places: [525 (0.26), 422 (0.21), 405 (0.20), 648 (0.32)]
[2025-09-09 10:04:55] Timing @ep 9000: episode 15.6s | train 0.010s | eval 14.1s | plot 1.5s | save 0.002s | cum 0.13h
[2025-09-09 10:05:19] 
[2025-09-09 10:05:19] Benchmark @train_ep    9500 (bench_eps: 2000)
[2025-09-09 10:05:19] Macro Winrate          :  42.8%
[2025-09-09 10:05:19] Macro Ø-Reward         :  1.914
[2025-09-09 10:05:19] Winrate vs max_combo   :  38.0% | Σ-Reward:  3644.0 | Ø-Reward:  1.822 | Places: [760 (0.38), 464 (0.23), 436 (0.22), 340 (0.17)]
[2025-09-09 10:05:19] Winrate vs random2     :  44.5% | Σ-Reward:  4154.0 | Ø-Reward:  2.077 | Places: [891 (0.45), 550 (0.28), 381 (0.19), 178 (0.09)]
[2025-09-09 10:05:19] Winrate vs single_only :  63.2% | Σ-Reward:  4633.0 | Ø-Reward:  2.317 | Places: [1264 (0.63), 252 (0.13), 337 (0.17), 147 (0.07)]
[2025-09-09 10:05:19] Winrate vs v_table     :  25.4% | Σ-Reward:  2882.0 | Ø-Reward:  1.441 | Places: [507 (0.25), 463 (0.23), 435 (0.22), 595 (0.30)]
[2025-09-09 10:05:20] Timing @ep 9500: episode 15.7s | train 0.013s | eval 14.1s | plot 1.5s | save 0.002s | cum 0.14h
[2025-09-09 10:05:43] 
[2025-09-09 10:05:43] Benchmark @train_ep   10000 (bench_eps: 2000)
[2025-09-09 10:05:43] Macro Winrate          :  43.1%
[2025-09-09 10:05:43] Macro Ø-Reward         :  1.926
[2025-09-09 10:05:43] Winrate vs max_combo   :  39.1% | Σ-Reward:  3684.0 | Ø-Reward:  1.842 | Places: [782 (0.39), 465 (0.23), 408 (0.20), 345 (0.17)]
[2025-09-09 10:05:43] Winrate vs random2     :  44.1% | Σ-Reward:  4155.0 | Ø-Reward:  2.078 | Places: [883 (0.44), 559 (0.28), 388 (0.19), 170 (0.09)]
[2025-09-09 10:05:43] Winrate vs single_only :  64.1% | Σ-Reward:  4666.0 | Ø-Reward:  2.333 | Places: [1282 (0.64), 266 (0.13), 288 (0.14), 164 (0.08)]
[2025-09-09 10:05:43] Winrate vs v_table     :  25.2% | Σ-Reward:  2906.0 | Ø-Reward:  1.453 | Places: [505 (0.25), 470 (0.23), 451 (0.23), 574 (0.29)]
[2025-09-09 10:05:45] Timing @ep 10000: episode 15.5s | train 0.011s | eval 13.9s | plot 1.5s | save 0.001s | cum 0.14h
[2025-09-09 10:06:08] 
[2025-09-09 10:06:08] Benchmark @train_ep   10500 (bench_eps: 2000)
[2025-09-09 10:06:08] Macro Winrate          :  41.7%
[2025-09-09 10:06:08] Macro Ø-Reward         :  1.899
[2025-09-09 10:06:08] Winrate vs max_combo   :  35.5% | Σ-Reward:  3563.0 | Ø-Reward:  1.782 | Places: [710 (0.35), 492 (0.25), 449 (0.22), 349 (0.17)]
[2025-09-09 10:06:08] Winrate vs random2     :  42.0% | Σ-Reward:  4079.0 | Ø-Reward:  2.039 | Places: [840 (0.42), 593 (0.30), 373 (0.19), 194 (0.10)]
[2025-09-09 10:06:08] Winrate vs single_only :  63.1% | Σ-Reward:  4643.0 | Ø-Reward:  2.321 | Places: [1263 (0.63), 276 (0.14), 302 (0.15), 159 (0.08)]
[2025-09-09 10:06:08] Winrate vs v_table     :  26.1% | Σ-Reward:  2908.0 | Ø-Reward:  1.454 | Places: [523 (0.26), 463 (0.23), 413 (0.21), 601 (0.30)]
[2025-09-09 10:06:10] Timing @ep 10500: episode 16.4s | train 0.009s | eval 14.8s | plot 1.6s | save 0.002s | cum 0.15h
[2025-09-09 10:06:33] 
[2025-09-09 10:06:33] Benchmark @train_ep   11000 (bench_eps: 2000)
[2025-09-09 10:06:33] Macro Winrate          :  41.6%
[2025-09-09 10:06:33] Macro Ø-Reward         :  1.879
[2025-09-09 10:06:33] Winrate vs max_combo   :  38.9% | Σ-Reward:  3681.0 | Ø-Reward:  1.841 | Places: [778 (0.39), 475 (0.24), 397 (0.20), 350 (0.17)]
[2025-09-09 10:06:33] Winrate vs random2     :  41.2% | Σ-Reward:  3988.0 | Ø-Reward:  1.994 | Places: [824 (0.41), 557 (0.28), 402 (0.20), 217 (0.11)]
[2025-09-09 10:06:33] Winrate vs single_only :  61.9% | Σ-Reward:  4562.0 | Ø-Reward:  2.281 | Places: [1238 (0.62), 248 (0.12), 352 (0.18), 162 (0.08)]
[2025-09-09 10:06:33] Winrate vs v_table     :  24.4% | Σ-Reward:  2798.0 | Ø-Reward:  1.399 | Places: [487 (0.24), 451 (0.23), 435 (0.22), 627 (0.31)]
[2025-09-09 10:06:34] Timing @ep 11000: episode 15.5s | train 0.013s | eval 14.1s | plot 1.4s | save 0.001s | cum 0.16h
[2025-09-09 10:06:57] 
[2025-09-09 10:06:57] Benchmark @train_ep   11500 (bench_eps: 2000)
[2025-09-09 10:06:57] Macro Winrate          :  42.2%
[2025-09-09 10:06:57] Macro Ø-Reward         :  1.904
[2025-09-09 10:06:57] Winrate vs max_combo   :  37.2% | Σ-Reward:  3631.0 | Ø-Reward:  1.815 | Places: [745 (0.37), 482 (0.24), 432 (0.22), 341 (0.17)]
[2025-09-09 10:06:57] Winrate vs random2     :  42.5% | Σ-Reward:  4094.0 | Ø-Reward:  2.047 | Places: [849 (0.42), 588 (0.29), 371 (0.19), 192 (0.10)]
[2025-09-09 10:06:57] Winrate vs single_only :  64.0% | Σ-Reward:  4642.0 | Ø-Reward:  2.321 | Places: [1281 (0.64), 238 (0.12), 323 (0.16), 158 (0.08)]
[2025-09-09 10:06:57] Winrate vs v_table     :  25.1% | Σ-Reward:  2866.0 | Ø-Reward:  1.433 | Places: [502 (0.25), 461 (0.23), 438 (0.22), 599 (0.30)]
[2025-09-09 10:06:58] Timing @ep 11500: episode 15.1s | train 0.009s | eval 13.5s | plot 1.5s | save 0.002s | cum 0.16h
[2025-09-09 10:07:23] 
[2025-09-09 10:07:23] Benchmark @train_ep   12000 (bench_eps: 2000)
[2025-09-09 10:07:23] Macro Winrate          :  42.1%
[2025-09-09 10:07:23] Macro Ø-Reward         :  1.915
[2025-09-09 10:07:23] Winrate vs max_combo   :  36.2% | Σ-Reward:  3624.0 | Ø-Reward:  1.812 | Places: [724 (0.36), 508 (0.25), 436 (0.22), 332 (0.17)]
[2025-09-09 10:07:23] Winrate vs random2     :  44.4% | Σ-Reward:  4183.0 | Ø-Reward:  2.091 | Places: [887 (0.44), 587 (0.29), 348 (0.17), 178 (0.09)]
[2025-09-09 10:07:23] Winrate vs single_only :  62.2% | Σ-Reward:  4599.0 | Ø-Reward:  2.300 | Places: [1244 (0.62), 277 (0.14), 313 (0.16), 166 (0.08)]
[2025-09-09 10:07:23] Winrate vs v_table     :  25.8% | Σ-Reward:  2913.0 | Ø-Reward:  1.456 | Places: [515 (0.26), 465 (0.23), 438 (0.22), 582 (0.29)]
[2025-09-09 10:07:24] Timing @ep 12000: episode 15.4s | train 0.025s | eval 13.8s | plot 1.6s | save 0.002s | cum 0.17h
[2025-09-09 10:07:47] 
[2025-09-09 10:07:47] Benchmark @train_ep   12500 (bench_eps: 2000)
[2025-09-09 10:07:47] Macro Winrate          :  41.9%
[2025-09-09 10:07:47] Macro Ø-Reward         :  1.911
[2025-09-09 10:07:47] Winrate vs max_combo   :  36.4% | Σ-Reward:  3637.0 | Ø-Reward:  1.819 | Places: [728 (0.36), 505 (0.25), 443 (0.22), 324 (0.16)]
[2025-09-09 10:07:47] Winrate vs random2     :  44.8% | Σ-Reward:  4217.0 | Ø-Reward:  2.108 | Places: [896 (0.45), 579 (0.29), 371 (0.19), 154 (0.08)]
[2025-09-09 10:07:47] Winrate vs single_only :  62.2% | Σ-Reward:  4605.0 | Ø-Reward:  2.303 | Places: [1244 (0.62), 270 (0.14), 333 (0.17), 153 (0.08)]
[2025-09-09 10:07:47] Winrate vs v_table     :  24.2% | Σ-Reward:  2831.0 | Ø-Reward:  1.415 | Places: [485 (0.24), 462 (0.23), 452 (0.23), 601 (0.30)]
[2025-09-09 10:07:49] Timing @ep 12500: episode 15.9s | train 0.023s | eval 14.2s | plot 1.7s | save 0.001s | cum 0.18h
[2025-09-09 10:08:13] 
[2025-09-09 10:08:13] Benchmark @train_ep   13000 (bench_eps: 2000)
[2025-09-09 10:08:13] Macro Winrate          :  40.7%
[2025-09-09 10:08:13] Macro Ø-Reward         :  1.869
[2025-09-09 10:08:13] Winrate vs max_combo   :  35.4% | Σ-Reward:  3510.0 | Ø-Reward:  1.755 | Places: [707 (0.35), 472 (0.24), 445 (0.22), 376 (0.19)]
[2025-09-09 10:08:13] Winrate vs random2     :  41.0% | Σ-Reward:  4071.0 | Ø-Reward:  2.035 | Places: [819 (0.41), 620 (0.31), 374 (0.19), 187 (0.09)]
[2025-09-09 10:08:13] Winrate vs single_only :  63.0% | Σ-Reward:  4599.0 | Ø-Reward:  2.300 | Places: [1260 (0.63), 246 (0.12), 327 (0.16), 167 (0.08)]
[2025-09-09 10:08:13] Winrate vs v_table     :  23.4% | Σ-Reward:  2769.0 | Ø-Reward:  1.385 | Places: [467 (0.23), 434 (0.22), 500 (0.25), 599 (0.30)]
[2025-09-09 10:08:15] Timing @ep 13000: episode 16.7s | train 0.011s | eval 14.9s | plot 1.8s | save 0.002s | cum 0.19h
[2025-09-09 10:08:39] 
[2025-09-09 10:08:39] Benchmark @train_ep   13500 (bench_eps: 2000)
[2025-09-09 10:08:39] Macro Winrate          :  40.6%
[2025-09-09 10:08:39] Macro Ø-Reward         :  1.882
[2025-09-09 10:08:39] Winrate vs max_combo   :  37.3% | Σ-Reward:  3645.0 | Ø-Reward:  1.823 | Places: [746 (0.37), 489 (0.24), 429 (0.21), 336 (0.17)]
[2025-09-09 10:08:39] Winrate vs random2     :  40.6% | Σ-Reward:  4060.0 | Ø-Reward:  2.030 | Places: [812 (0.41), 614 (0.31), 396 (0.20), 178 (0.09)]
[2025-09-09 10:08:39] Winrate vs single_only :  62.0% | Σ-Reward:  4601.0 | Ø-Reward:  2.300 | Places: [1241 (0.62), 288 (0.14), 302 (0.15), 169 (0.08)]
[2025-09-09 10:08:39] Winrate vs v_table     :  22.5% | Σ-Reward:  2746.0 | Ø-Reward:  1.373 | Places: [450 (0.23), 463 (0.23), 470 (0.23), 617 (0.31)]
[2025-09-09 10:08:41] Timing @ep 13500: episode 16.1s | train 0.014s | eval 14.2s | plot 1.8s | save 0.001s | cum 0.19h
[2025-09-09 10:09:05] 
[2025-09-09 10:09:05] Benchmark @train_ep   14000 (bench_eps: 2000)
[2025-09-09 10:09:05] Macro Winrate          :  43.2%
[2025-09-09 10:09:05] Macro Ø-Reward         :  1.923
[2025-09-09 10:09:05] Winrate vs max_combo   :  37.2% | Σ-Reward:  3657.0 | Ø-Reward:  1.829 | Places: [744 (0.37), 502 (0.25), 421 (0.21), 333 (0.17)]
[2025-09-09 10:09:05] Winrate vs random2     :  43.9% | Σ-Reward:  4137.0 | Ø-Reward:  2.068 | Places: [878 (0.44), 558 (0.28), 387 (0.19), 177 (0.09)]
[2025-09-09 10:09:05] Winrate vs single_only :  66.0% | Σ-Reward:  4739.0 | Ø-Reward:  2.369 | Places: [1321 (0.66), 245 (0.12), 286 (0.14), 148 (0.07)]
[2025-09-09 10:09:05] Winrate vs v_table     :  25.6% | Σ-Reward:  2849.0 | Ø-Reward:  1.425 | Places: [511 (0.26), 435 (0.22), 446 (0.22), 608 (0.30)]
[2025-09-09 10:09:06] Timing @ep 14000: episode 16.5s | train 0.014s | eval 14.8s | plot 1.7s | save 0.002s | cum 0.20h
[2025-09-09 10:09:30] 
[2025-09-09 10:09:30] Benchmark @train_ep   14500 (bench_eps: 2000)
[2025-09-09 10:09:30] Macro Winrate          :  42.3%
[2025-09-09 10:09:30] Macro Ø-Reward         :  1.911
[2025-09-09 10:09:30] Winrate vs max_combo   :  38.9% | Σ-Reward:  3706.0 | Ø-Reward:  1.853 | Places: [777 (0.39), 469 (0.23), 437 (0.22), 317 (0.16)]
[2025-09-09 10:09:30] Winrate vs random2     :  42.5% | Σ-Reward:  4094.0 | Ø-Reward:  2.047 | Places: [851 (0.43), 578 (0.29), 385 (0.19), 186 (0.09)]
[2025-09-09 10:09:30] Winrate vs single_only :  64.2% | Σ-Reward:  4671.0 | Ø-Reward:  2.336 | Places: [1285 (0.64), 252 (0.13), 312 (0.16), 151 (0.08)]
[2025-09-09 10:09:30] Winrate vs v_table     :  23.8% | Σ-Reward:  2818.0 | Ø-Reward:  1.409 | Places: [475 (0.24), 455 (0.23), 483 (0.24), 587 (0.29)]
[2025-09-09 10:09:31] Timing @ep 14500: episode 15.5s | train 0.022s | eval 13.9s | plot 1.6s | save 0.002s | cum 0.21h
[2025-09-09 10:09:54] 
[2025-09-09 10:09:54] Benchmark @train_ep   15000 (bench_eps: 2000)
[2025-09-09 10:09:54] Macro Winrate          :  41.8%
[2025-09-09 10:09:54] Macro Ø-Reward         :  1.905
[2025-09-09 10:09:54] Winrate vs max_combo   :  36.0% | Σ-Reward:  3652.0 | Ø-Reward:  1.826 | Places: [719 (0.36), 531 (0.27), 433 (0.22), 317 (0.16)]
[2025-09-09 10:09:54] Winrate vs random2     :  44.5% | Σ-Reward:  4161.0 | Ø-Reward:  2.080 | Places: [889 (0.44), 575 (0.29), 344 (0.17), 192 (0.10)]
[2025-09-09 10:09:54] Winrate vs single_only :  61.9% | Σ-Reward:  4568.0 | Ø-Reward:  2.284 | Places: [1238 (0.62), 267 (0.13), 320 (0.16), 175 (0.09)]
[2025-09-09 10:09:54] Winrate vs v_table     :  24.8% | Σ-Reward:  2858.0 | Ø-Reward:  1.429 | Places: [495 (0.25), 460 (0.23), 453 (0.23), 592 (0.30)]
[2025-09-09 10:09:55] Timing @ep 15000: episode 15.0s | train 0.023s | eval 13.2s | plot 1.7s | save 0.001s | cum 0.21h
[2025-09-09 10:10:20] 
[2025-09-09 10:10:20] Benchmark @train_ep   15500 (bench_eps: 2000)
[2025-09-09 10:10:20] Macro Winrate          :  43.1%
[2025-09-09 10:10:20] Macro Ø-Reward         :  1.924
[2025-09-09 10:10:20] Winrate vs max_combo   :  37.8% | Σ-Reward:  3654.0 | Ø-Reward:  1.827 | Places: [756 (0.38), 470 (0.23), 446 (0.22), 328 (0.16)]
[2025-09-09 10:10:20] Winrate vs random2     :  45.1% | Σ-Reward:  4195.0 | Ø-Reward:  2.098 | Places: [902 (0.45), 560 (0.28), 369 (0.18), 169 (0.08)]
[2025-09-09 10:10:20] Winrate vs single_only :  65.0% | Σ-Reward:  4721.0 | Ø-Reward:  2.361 | Places: [1301 (0.65), 261 (0.13), 296 (0.15), 142 (0.07)]
[2025-09-09 10:10:20] Winrate vs v_table     :  24.5% | Σ-Reward:  2822.0 | Ø-Reward:  1.411 | Places: [490 (0.24), 440 (0.22), 472 (0.24), 598 (0.30)]
[2025-09-09 10:10:21] Timing @ep 15500: episode 15.3s | train 0.009s | eval 13.6s | plot 1.7s | save 0.002s | cum 0.22h
[2025-09-09 10:10:45] 
[2025-09-09 10:10:45] Benchmark @train_ep   16000 (bench_eps: 2000)
[2025-09-09 10:10:45] Macro Winrate          :  40.8%
[2025-09-09 10:10:45] Macro Ø-Reward         :  1.882
[2025-09-09 10:10:45] Winrate vs max_combo   :  35.9% | Σ-Reward:  3610.0 | Ø-Reward:  1.805 | Places: [718 (0.36), 510 (0.26), 436 (0.22), 336 (0.17)]
[2025-09-09 10:10:45] Winrate vs random2     :  40.9% | Σ-Reward:  3985.0 | Ø-Reward:  1.992 | Places: [818 (0.41), 564 (0.28), 403 (0.20), 215 (0.11)]
[2025-09-09 10:10:45] Winrate vs single_only :  63.6% | Σ-Reward:  4692.0 | Ø-Reward:  2.346 | Places: [1272 (0.64), 283 (0.14), 310 (0.15), 135 (0.07)]
[2025-09-09 10:10:45] Winrate vs v_table     :  22.9% | Σ-Reward:  2770.0 | Ø-Reward:  1.385 | Places: [458 (0.23), 467 (0.23), 462 (0.23), 613 (0.31)]
[2025-09-09 10:10:47] Timing @ep 16000: episode 16.4s | train 0.019s | eval 14.5s | plot 1.9s | save 0.001s | cum 0.23h
[2025-09-09 10:11:12] 
[2025-09-09 10:11:12] Benchmark @train_ep   16500 (bench_eps: 2000)
[2025-09-09 10:11:12] Macro Winrate          :  42.0%
[2025-09-09 10:11:12] Macro Ø-Reward         :  1.900
[2025-09-09 10:11:12] Winrate vs max_combo   :  37.2% | Σ-Reward:  3671.0 | Ø-Reward:  1.835 | Places: [744 (0.37), 492 (0.25), 455 (0.23), 309 (0.15)]
[2025-09-09 10:11:12] Winrate vs random2     :  44.0% | Σ-Reward:  4119.0 | Ø-Reward:  2.059 | Places: [881 (0.44), 540 (0.27), 396 (0.20), 183 (0.09)]
[2025-09-09 10:11:12] Winrate vs single_only :  62.0% | Σ-Reward:  4594.0 | Ø-Reward:  2.297 | Places: [1241 (0.62), 264 (0.13), 343 (0.17), 152 (0.08)]
[2025-09-09 10:11:12] Winrate vs v_table     :  24.5% | Σ-Reward:  2818.0 | Ø-Reward:  1.409 | Places: [490 (0.24), 451 (0.23), 446 (0.22), 613 (0.31)]
[2025-09-09 10:11:14] Timing @ep 16500: episode 16.8s | train 0.009s | eval 14.9s | plot 1.9s | save 0.002s | cum 0.24h
[2025-09-09 10:11:38] 
[2025-09-09 10:11:38] Benchmark @train_ep   17000 (bench_eps: 2000)
[2025-09-09 10:11:38] Macro Winrate          :  40.8%
[2025-09-09 10:11:38] Macro Ø-Reward         :  1.886
[2025-09-09 10:11:38] Winrate vs max_combo   :  35.0% | Σ-Reward:  3594.0 | Ø-Reward:  1.797 | Places: [699 (0.35), 526 (0.26), 445 (0.22), 330 (0.17)]
[2025-09-09 10:11:38] Winrate vs random2     :  43.5% | Σ-Reward:  4078.0 | Ø-Reward:  2.039 | Places: [869 (0.43), 536 (0.27), 399 (0.20), 196 (0.10)]
[2025-09-09 10:11:38] Winrate vs single_only :  62.1% | Σ-Reward:  4642.0 | Ø-Reward:  2.321 | Places: [1242 (0.62), 297 (0.15), 322 (0.16), 139 (0.07)]
[2025-09-09 10:11:38] Winrate vs v_table     :  22.6% | Σ-Reward:  2771.0 | Ø-Reward:  1.385 | Places: [452 (0.23), 479 (0.24), 457 (0.23), 612 (0.31)]
[2025-09-09 10:11:40] Timing @ep 17000: episode 15.5s | train 0.025s | eval 13.8s | plot 1.7s | save 0.002s | cum 0.24h
[2025-09-09 10:12:05] 
[2025-09-09 10:12:05] Benchmark @train_ep   17500 (bench_eps: 2000)
[2025-09-09 10:12:05] Macro Winrate          :  41.6%
[2025-09-09 10:12:05] Macro Ø-Reward         :  1.905
[2025-09-09 10:12:05] Winrate vs max_combo   :  35.9% | Σ-Reward:  3659.0 | Ø-Reward:  1.829 | Places: [718 (0.36), 530 (0.27), 445 (0.22), 307 (0.15)]
[2025-09-09 10:12:05] Winrate vs random2     :  42.9% | Σ-Reward:  4098.0 | Ø-Reward:  2.049 | Places: [857 (0.43), 577 (0.29), 373 (0.19), 193 (0.10)]
[2025-09-09 10:12:05] Winrate vs single_only :  65.2% | Σ-Reward:  4664.0 | Ø-Reward:  2.332 | Places: [1303 (0.65), 218 (0.11), 319 (0.16), 160 (0.08)]
[2025-09-09 10:12:05] Winrate vs v_table     :  22.6% | Σ-Reward:  2818.0 | Ø-Reward:  1.409 | Places: [452 (0.23), 500 (0.25), 462 (0.23), 586 (0.29)]
[2025-09-09 10:12:06] Timing @ep 17500: episode 16.8s | train 0.023s | eval 15.2s | plot 1.6s | save 0.002s | cum 0.25h
[2025-09-09 10:12:30] 
[2025-09-09 10:12:30] Benchmark @train_ep   18000 (bench_eps: 2000)
[2025-09-09 10:12:30] Macro Winrate          :  41.8%
[2025-09-09 10:12:30] Macro Ø-Reward         :  1.900
[2025-09-09 10:12:30] Winrate vs max_combo   :  35.5% | Σ-Reward:  3564.0 | Ø-Reward:  1.782 | Places: [709 (0.35), 494 (0.25), 449 (0.22), 348 (0.17)]
[2025-09-09 10:12:30] Winrate vs random2     :  42.7% | Σ-Reward:  4120.0 | Ø-Reward:  2.060 | Places: [854 (0.43), 581 (0.29), 396 (0.20), 169 (0.08)]
[2025-09-09 10:12:30] Winrate vs single_only :  65.0% | Σ-Reward:  4691.0 | Ø-Reward:  2.345 | Places: [1299 (0.65), 246 (0.12), 302 (0.15), 153 (0.08)]
[2025-09-09 10:12:30] Winrate vs v_table     :  24.2% | Σ-Reward:  2822.0 | Ø-Reward:  1.411 | Places: [485 (0.24), 452 (0.23), 463 (0.23), 600 (0.30)]
[2025-09-09 10:12:31] Timing @ep 18000: episode 15.5s | train 0.019s | eval 13.9s | plot 1.6s | save 0.002s | cum 0.26h
[2025-09-09 10:12:55] 
[2025-09-09 10:12:55] Benchmark @train_ep   18500 (bench_eps: 2000)
[2025-09-09 10:12:55] Macro Winrate          :  41.0%
[2025-09-09 10:12:55] Macro Ø-Reward         :  1.881
[2025-09-09 10:12:55] Winrate vs max_combo   :  37.2% | Σ-Reward:  3674.0 | Ø-Reward:  1.837 | Places: [745 (0.37), 510 (0.26), 419 (0.21), 326 (0.16)]
[2025-09-09 10:12:55] Winrate vs random2     :  42.4% | Σ-Reward:  4057.0 | Ø-Reward:  2.029 | Places: [848 (0.42), 556 (0.28), 401 (0.20), 195 (0.10)]
[2025-09-09 10:12:55] Winrate vs single_only :  61.9% | Σ-Reward:  4580.0 | Ø-Reward:  2.290 | Places: [1238 (0.62), 278 (0.14), 310 (0.15), 174 (0.09)]
[2025-09-09 10:12:55] Winrate vs v_table     :  22.6% | Σ-Reward:  2736.0 | Ø-Reward:  1.368 | Places: [452 (0.23), 466 (0.23), 448 (0.22), 634 (0.32)]
[2025-09-09 10:12:56] Timing @ep 18500: episode 15.9s | train 0.010s | eval 14.2s | plot 1.6s | save 0.002s | cum 0.26h
[2025-09-09 10:13:22] 
[2025-09-09 10:13:22] Benchmark @train_ep   19000 (bench_eps: 2000)
[2025-09-09 10:13:22] Macro Winrate          :  41.7%
[2025-09-09 10:13:22] Macro Ø-Reward         :  1.902
[2025-09-09 10:13:22] Winrate vs max_combo   :  36.8% | Σ-Reward:  3587.0 | Ø-Reward:  1.794 | Places: [735 (0.37), 467 (0.23), 448 (0.22), 350 (0.17)]
[2025-09-09 10:13:22] Winrate vs random2     :  43.2% | Σ-Reward:  4115.0 | Ø-Reward:  2.058 | Places: [864 (0.43), 568 (0.28), 387 (0.19), 181 (0.09)]
[2025-09-09 10:13:22] Winrate vs single_only :  61.3% | Σ-Reward:  4573.0 | Ø-Reward:  2.287 | Places: [1226 (0.61), 276 (0.14), 343 (0.17), 155 (0.08)]
[2025-09-09 10:13:22] Winrate vs v_table     :  25.4% | Σ-Reward:  2940.0 | Ø-Reward:  1.470 | Places: [509 (0.25), 478 (0.24), 457 (0.23), 556 (0.28)]
[2025-09-09 10:13:23] Timing @ep 19000: episode 16.6s | train 0.015s | eval 14.7s | plot 1.9s | save 0.002s | cum 0.27h
[2025-09-09 10:13:48] 
[2025-09-09 10:13:48] Benchmark @train_ep   19500 (bench_eps: 2000)
[2025-09-09 10:13:48] Macro Winrate          :  41.3%
[2025-09-09 10:13:48] Macro Ø-Reward         :  1.894
[2025-09-09 10:13:48] Winrate vs max_combo   :  37.6% | Σ-Reward:  3696.0 | Ø-Reward:  1.848 | Places: [752 (0.38), 509 (0.25), 422 (0.21), 317 (0.16)]
[2025-09-09 10:13:48] Winrate vs random2     :  39.4% | Σ-Reward:  3983.0 | Ø-Reward:  1.992 | Places: [787 (0.39), 622 (0.31), 378 (0.19), 213 (0.11)]
[2025-09-09 10:13:48] Winrate vs single_only :  64.5% | Σ-Reward:  4711.0 | Ø-Reward:  2.356 | Places: [1289 (0.64), 289 (0.14), 266 (0.13), 156 (0.08)]
[2025-09-09 10:13:48] Winrate vs v_table     :  23.9% | Σ-Reward:  2763.0 | Ø-Reward:  1.381 | Places: [478 (0.24), 412 (0.21), 505 (0.25), 605 (0.30)]
[2025-09-09 10:13:50] Timing @ep 19500: episode 17.1s | train 0.008s | eval 15.3s | plot 1.8s | save 0.002s | cum 0.28h
[2025-09-09 10:14:13] 
[2025-09-09 10:14:13] Benchmark @train_ep   20000 (bench_eps: 2000)
[2025-09-09 10:14:13] Macro Winrate          :  41.9%
[2025-09-09 10:14:13] Macro Ø-Reward         :  1.895
[2025-09-09 10:14:13] Winrate vs max_combo   :  36.6% | Σ-Reward:  3585.0 | Ø-Reward:  1.792 | Places: [732 (0.37), 475 (0.24), 439 (0.22), 354 (0.18)]
[2025-09-09 10:14:13] Winrate vs random2     :  43.2% | Σ-Reward:  4107.0 | Ø-Reward:  2.054 | Places: [865 (0.43), 569 (0.28), 374 (0.19), 192 (0.10)]
[2025-09-09 10:14:13] Winrate vs single_only :  63.3% | Σ-Reward:  4663.0 | Ø-Reward:  2.332 | Places: [1266 (0.63), 275 (0.14), 315 (0.16), 144 (0.07)]
[2025-09-09 10:14:13] Winrate vs v_table     :  24.6% | Σ-Reward:  2808.0 | Ø-Reward:  1.404 | Places: [491 (0.25), 448 (0.22), 439 (0.22), 622 (0.31)]
[2025-09-09 10:14:15] Timing @ep 20000: episode 15.3s | train 0.007s | eval 13.7s | plot 1.6s | save 0.001s | cum 0.29h
[2025-09-09 10:14:15] Opponent-Usage gespeichert: /home/wasterix/OpenSpiel/open_spiel/President/models/k1a2/model_10/plots/opponent_usage.csv
[2025-09-09 10:14:15] 
[2025-09-09 10:14:15] Gesamtzeit: 0.29h (~ 19.41 eps/s)
[2025-09-09 10:14:15] k1a2, Single Agent vs Fixed. Training abgeschlossen.
[2025-09-09 10:14:15] Path: /home/wasterix/OpenSpiel/open_spiel/President/models/k1a2/model_10
