[2025-08-25 10:23:03] New Training (k3a1): Snapshot-Selfplay PPO
[2025-08-25 10:23:03] Deck_Size: 64
[2025-08-25 10:23:03] Episodes: 10000
[2025-08-25 10:23:03] Path: /home/wasterix/OpenSpiel/open_spiel/President/models/k3a1/model_20
[2025-08-25 10:25:55] 
[2025-08-25 10:25:55] Benchmark @train_ep    2000 (bench_eps: 2000)
[2025-08-25 10:25:55] Macro Winrate          :  52.3%
[2025-08-25 10:25:55] Macro Ø-Reward         :  2.131
[2025-08-25 10:25:55] Winrate vs max_combo   :  20.2% | Σ-Reward:  2655.0 | Ø-Reward:  1.327 | Places: [405 (0.20), 460 (0.23), 520 (0.26), 615 (0.31)]
[2025-08-25 10:25:55] Winrate vs random2     :  59.0% | Σ-Reward:  4788.0 | Ø-Reward:  2.394 | Places: [1179 (0.59), 516 (0.26), 219 (0.11), 86 (0.04)]
[2025-08-25 10:25:55] Winrate vs single_only :  77.7% | Σ-Reward:  5344.0 | Ø-Reward:  2.672 | Places: [1554 (0.78), 275 (0.14), 132 (0.07), 39 (0.02)]
[2025-08-25 10:25:57] Timing @ep 2000: episode 71.9s | train 0.004s | eval 70.3s | plot 1.6s | save 0.003s | cum 0.05h
[2025-08-25 10:28:38] 
[2025-08-25 10:28:38] Benchmark @train_ep    4000 (bench_eps: 2000)
[2025-08-25 10:28:38] Macro Winrate          :  50.5%
[2025-08-25 10:28:38] Macro Ø-Reward         :  2.047
[2025-08-25 10:28:38] Winrate vs max_combo   :  23.4% | Σ-Reward:  2872.0 | Ø-Reward:  1.436 | Places: [467 (0.23), 484 (0.24), 503 (0.25), 546 (0.27)]
[2025-08-25 10:28:38] Winrate vs random2     :  60.0% | Σ-Reward:  4639.0 | Ø-Reward:  2.320 | Places: [1201 (0.60), 412 (0.21), 212 (0.11), 175 (0.09)]
[2025-08-25 10:28:38] Winrate vs single_only :  68.0% | Σ-Reward:  4771.0 | Ø-Reward:  2.385 | Places: [1360 (0.68), 257 (0.13), 177 (0.09), 206 (0.10)]
[2025-08-25 10:28:39] Timing @ep 4000: episode 52.6s | train 0.004s | eval 51.0s | plot 1.5s | save 0.002s | cum 0.09h
[2025-08-25 10:31:10] 
[2025-08-25 10:31:10] Benchmark @train_ep    6000 (bench_eps: 2000)
[2025-08-25 10:31:10] Macro Winrate          :  48.1%
[2025-08-25 10:31:10] Macro Ø-Reward         :  1.998
[2025-08-25 10:31:10] Winrate vs max_combo   :  22.1% | Σ-Reward:  2802.0 | Ø-Reward:  1.401 | Places: [443 (0.22), 479 (0.24), 515 (0.26), 563 (0.28)]
[2025-08-25 10:31:10] Winrate vs random2     :  58.9% | Σ-Reward:  4560.0 | Ø-Reward:  2.280 | Places: [1177 (0.59), 406 (0.20), 217 (0.11), 200 (0.10)]
[2025-08-25 10:31:10] Winrate vs single_only :  63.2% | Σ-Reward:  4629.0 | Ø-Reward:  2.314 | Places: [1264 (0.63), 324 (0.16), 189 (0.09), 223 (0.11)]
[2025-08-25 10:31:12] Timing @ep 6000: episode 73.3s | train 0.004s | eval 71.3s | plot 2.0s | save 0.002s | cum 0.14h
[2025-08-25 10:33:53] 
[2025-08-25 10:33:53] Benchmark @train_ep    8000 (bench_eps: 2000)
[2025-08-25 10:33:53] Macro Winrate          :  59.2%
[2025-08-25 10:33:53] Macro Ø-Reward         :  2.286
[2025-08-25 10:33:53] Winrate vs max_combo   :  26.4% | Σ-Reward:  3135.0 | Ø-Reward:  1.567 | Places: [528 (0.26), 536 (0.27), 479 (0.24), 457 (0.23)]
[2025-08-25 10:33:53] Winrate vs random2     :  66.5% | Σ-Reward:  5001.0 | Ø-Reward:  2.501 | Places: [1330 (0.67), 424 (0.21), 163 (0.08), 83 (0.04)]
[2025-08-25 10:33:53] Winrate vs single_only :  84.7% | Σ-Reward:  5580.0 | Ø-Reward:  2.790 | Places: [1694 (0.85), 212 (0.11), 74 (0.04), 20 (0.01)]
[2025-08-25 10:33:55] Timing @ep 8000: episode 52.3s | train 0.005s | eval 50.8s | plot 1.5s | save 0.002s | cum 0.18h
[2025-08-25 10:37:10] 
[2025-08-25 10:37:10] Benchmark @train_ep   10000 (bench_eps: 2000)
[2025-08-25 10:37:10] Macro Winrate          :  55.1%
[2025-08-25 10:37:10] Macro Ø-Reward         :  2.304
[2025-08-25 10:37:10] Winrate vs max_combo   :  23.4% | Σ-Reward:  3275.0 | Ø-Reward:  1.637 | Places: [469 (0.23), 689 (0.34), 490 (0.24), 352 (0.18)]
[2025-08-25 10:37:10] Winrate vs random2     :  72.4% | Σ-Reward:  5292.0 | Ø-Reward:  2.646 | Places: [1448 (0.72), 430 (0.21), 88 (0.04), 34 (0.02)]
[2025-08-25 10:37:10] Winrate vs single_only :  69.3% | Σ-Reward:  5256.0 | Ø-Reward:  2.628 | Places: [1386 (0.69), 503 (0.25), 92 (0.05), 19 (0.01)]
[2025-08-25 10:37:12] Timing @ep 10000: episode 84.0s | train 0.003s | eval 82.5s | plot 1.5s | save 0.002s | cum 0.24h
[2025-08-25 10:37:12] 
[2025-08-25 10:37:12] Gesamtzeit: 0.24h (~ 11.80 eps/s)
[2025-08-25 10:37:12] k3a1, Snapshot Selfplay (1 Learner, 3 Sparring). Training abgeschlossen.
[2025-08-25 10:37:12] Path: /home/wasterix/OpenSpiel/open_spiel/President/models/k3a1/model_20
