[2025-08-23 08:50:44] New Training (k4a1): Shared-Policy PPO — In-Proc External Trainer (Bundle-Updates)
[2025-08-23 08:50:44] Deck_Size: 64
[2025-08-23 08:50:44] Episodes: 10000
[2025-08-23 08:50:44] Path: /home/wasterix/OpenSpiel/open_spiel/President/models/k4a1/model_32
[2025-08-23 08:52:13] 
[2025-08-23 08:52:13] Benchmark @train_ep     500 (bench_eps: 2000)
[2025-08-23 08:52:13] Macro Winrate          :  23.3%
[2025-08-23 08:52:13] Macro Ø-Reward         :  1.325
[2025-08-23 08:52:13] Winrate vs max_combo   :   8.6% | Σ-Reward:  1591.0 | Ø-Reward:  0.795 | Places: [172 (0.09), 286 (0.14), 503 (0.25), 1039 (0.52)]
[2025-08-23 08:52:13] Winrate vs random2     :  25.9% | Σ-Reward:  3079.0 | Ø-Reward:  1.540 | Places: [519 (0.26), 502 (0.25), 518 (0.26), 461 (0.23)]
[2025-08-23 08:52:13] Winrate vs single_only :  35.4% | Σ-Reward:  3277.0 | Ø-Reward:  1.639 | Places: [708 (0.35), 344 (0.17), 465 (0.23), 483 (0.24)]
[2025-08-23 08:52:15] Timing @ep 500: episode 62.2s | train 0.079s | eval 60.3s | plot 1.8s | save 0.003s | cum 0.02h
[2025-08-23 08:53:53] 
[2025-08-23 08:53:53] Benchmark @train_ep    1000 (bench_eps: 2000)
[2025-08-23 08:53:53] Macro Winrate          :  27.6%
[2025-08-23 08:53:53] Macro Ø-Reward         :  1.466
[2025-08-23 08:53:53] Winrate vs max_combo   :  10.9% | Σ-Reward:  1815.0 | Ø-Reward:  0.907 | Places: [219 (0.11), 328 (0.16), 502 (0.25), 951 (0.48)]
[2025-08-23 08:53:53] Winrate vs random2     :  31.5% | Σ-Reward:  3301.0 | Ø-Reward:  1.651 | Places: [630 (0.32), 471 (0.24), 469 (0.23), 430 (0.21)]
[2025-08-23 08:53:53] Winrate vs single_only :  40.5% | Σ-Reward:  3679.0 | Ø-Reward:  1.839 | Places: [809 (0.40), 437 (0.22), 378 (0.19), 376 (0.19)]
[2025-08-23 08:53:54] Timing @ep 1000: episode 62.2s | train 0.095s | eval 60.2s | plot 1.8s | save 0.002s | cum 0.05h
[2025-08-23 08:55:18] 
[2025-08-23 08:55:18] Benchmark @train_ep    1500 (bench_eps: 2000)
[2025-08-23 08:55:18] Macro Winrate          :  31.2%
[2025-08-23 08:55:18] Macro Ø-Reward         :  1.571
[2025-08-23 08:55:18] Winrate vs max_combo   :  12.7% | Σ-Reward:  1915.0 | Ø-Reward:  0.958 | Places: [253 (0.13), 326 (0.16), 504 (0.25), 917 (0.46)]
[2025-08-23 08:55:18] Winrate vs random2     :  31.2% | Σ-Reward:  3383.0 | Ø-Reward:  1.692 | Places: [625 (0.31), 539 (0.27), 430 (0.21), 406 (0.20)]
[2025-08-23 08:55:18] Winrate vs single_only :  49.8% | Σ-Reward:  4129.0 | Ø-Reward:  2.064 | Places: [996 (0.50), 413 (0.21), 315 (0.16), 276 (0.14)]
[2025-08-23 08:55:20] Timing @ep 1500: episode 58.6s | train 0.106s | eval 56.7s | plot 1.7s | save 0.002s | cum 0.08h
[2025-08-23 08:56:38] 
[2025-08-23 08:56:38] Benchmark @train_ep    2000 (bench_eps: 2000)
[2025-08-23 08:56:38] Macro Winrate          :  31.5%
[2025-08-23 08:56:38] Macro Ø-Reward         :  1.574
[2025-08-23 08:56:38] Winrate vs max_combo   :  11.2% | Σ-Reward:  1884.0 | Ø-Reward:  0.942 | Places: [224 (0.11), 338 (0.17), 536 (0.27), 902 (0.45)]
[2025-08-23 08:56:38] Winrate vs random2     :  31.3% | Σ-Reward:  3382.0 | Ø-Reward:  1.691 | Places: [626 (0.31), 534 (0.27), 436 (0.22), 404 (0.20)]
[2025-08-23 08:56:38] Winrate vs single_only :  52.0% | Σ-Reward:  4178.0 | Ø-Reward:  2.089 | Places: [1039 (0.52), 379 (0.19), 303 (0.15), 279 (0.14)]
[2025-08-23 08:56:40] Timing @ep 2000: episode 53.6s | train 0.077s | eval 51.7s | plot 1.8s | save 0.004s | cum 0.10h
[2025-08-23 08:58:03] 
[2025-08-23 08:58:03] Benchmark @train_ep    2500 (bench_eps: 2000)
[2025-08-23 08:58:03] Macro Winrate          :  33.9%
[2025-08-23 08:58:03] Macro Ø-Reward         :  1.628
[2025-08-23 08:58:03] Winrate vs max_combo   :  14.1% | Σ-Reward:  2053.0 | Ø-Reward:  1.026 | Places: [281 (0.14), 345 (0.17), 520 (0.26), 854 (0.43)]
[2025-08-23 08:58:03] Winrate vs random2     :  33.0% | Σ-Reward:  3462.0 | Ø-Reward:  1.731 | Places: [660 (0.33), 525 (0.26), 432 (0.22), 383 (0.19)]
[2025-08-23 08:58:03] Winrate vs single_only :  54.8% | Σ-Reward:  4255.0 | Ø-Reward:  2.127 | Places: [1095 (0.55), 338 (0.17), 294 (0.15), 273 (0.14)]
[2025-08-23 08:58:04] Timing @ep 2500: episode 60.0s | train 0.067s | eval 58.2s | plot 1.7s | save 0.002s | cum 0.12h
[2025-08-23 08:59:31] 
[2025-08-23 08:59:31] Benchmark @train_ep    3000 (bench_eps: 2000)
[2025-08-23 08:59:31] Macro Winrate          :  33.6%
[2025-08-23 08:59:31] Macro Ø-Reward         :  1.601
[2025-08-23 08:59:31] Winrate vs max_combo   :  11.6% | Σ-Reward:  1862.0 | Ø-Reward:  0.931 | Places: [231 (0.12), 325 (0.16), 519 (0.26), 925 (0.46)]
[2025-08-23 08:59:31] Winrate vs random2     :  31.9% | Σ-Reward:  3409.0 | Ø-Reward:  1.704 | Places: [637 (0.32), 521 (0.26), 456 (0.23), 386 (0.19)]
[2025-08-23 08:59:31] Winrate vs single_only :  57.5% | Σ-Reward:  4337.0 | Ø-Reward:  2.168 | Places: [1149 (0.57), 322 (0.16), 246 (0.12), 283 (0.14)]
[2025-08-23 08:59:33] Timing @ep 3000: episode 57.5s | train 0.115s | eval 55.5s | plot 1.8s | save 0.002s | cum 0.15h
[2025-08-23 09:01:10] 
[2025-08-23 09:01:10] Benchmark @train_ep    3500 (bench_eps: 2000)
[2025-08-23 09:01:10] Macro Winrate          :  34.9%
[2025-08-23 09:01:10] Macro Ø-Reward         :  1.651
[2025-08-23 09:01:10] Winrate vs max_combo   :  12.4% | Σ-Reward:  2018.0 | Ø-Reward:  1.009 | Places: [249 (0.12), 383 (0.19), 505 (0.25), 863 (0.43)]
[2025-08-23 09:01:10] Winrate vs random2     :  31.1% | Σ-Reward:  3400.0 | Ø-Reward:  1.700 | Places: [622 (0.31), 539 (0.27), 456 (0.23), 383 (0.19)]
[2025-08-23 09:01:10] Winrate vs single_only :  61.0% | Σ-Reward:  4490.0 | Ø-Reward:  2.245 | Places: [1221 (0.61), 304 (0.15), 219 (0.11), 256 (0.13)]
[2025-08-23 09:01:12] Timing @ep 3500: episode 70.3s | train 0.077s | eval 68.2s | plot 2.0s | save 0.002s | cum 0.17h
[2025-08-23 09:02:30] 
[2025-08-23 09:02:30] Benchmark @train_ep    4000 (bench_eps: 2000)
[2025-08-23 09:02:30] Macro Winrate          :  34.8%
[2025-08-23 09:02:30] Macro Ø-Reward         :  1.611
[2025-08-23 09:02:30] Winrate vs max_combo   :  10.8% | Σ-Reward:  1811.0 | Ø-Reward:  0.905 | Places: [215 (0.11), 320 (0.16), 526 (0.26), 939 (0.47)]
[2025-08-23 09:02:30] Winrate vs random2     :  33.2% | Σ-Reward:  3452.0 | Ø-Reward:  1.726 | Places: [664 (0.33), 532 (0.27), 396 (0.20), 408 (0.20)]
[2025-08-23 09:02:30] Winrate vs single_only :  60.5% | Σ-Reward:  4402.0 | Ø-Reward:  2.201 | Places: [1210 (0.60), 277 (0.14), 218 (0.11), 295 (0.15)]
[2025-08-23 09:02:31] Timing @ep 4000: episode 52.7s | train 0.075s | eval 50.7s | plot 1.9s | save 0.001s | cum 0.20h
[2025-08-23 09:03:43] 
[2025-08-23 09:03:43] Benchmark @train_ep    4500 (bench_eps: 2000)
[2025-08-23 09:03:43] Macro Winrate          :  31.5%
[2025-08-23 09:03:43] Macro Ø-Reward         :  1.556
[2025-08-23 09:03:43] Winrate vs max_combo   :  11.0% | Σ-Reward:  1793.0 | Ø-Reward:  0.896 | Places: [220 (0.11), 311 (0.16), 511 (0.26), 958 (0.48)]
[2025-08-23 09:03:43] Winrate vs random2     :  25.9% | Σ-Reward:  3201.0 | Ø-Reward:  1.601 | Places: [519 (0.26), 572 (0.29), 500 (0.25), 409 (0.20)]
[2025-08-23 09:03:43] Winrate vs single_only :  57.6% | Σ-Reward:  4342.0 | Ø-Reward:  2.171 | Places: [1152 (0.58), 325 (0.16), 236 (0.12), 287 (0.14)]
[2025-08-23 09:03:45] Timing @ep 4500: episode 52.2s | train 0.082s | eval 50.3s | plot 1.8s | save 0.001s | cum 0.22h
[2025-08-23 09:05:12] 
[2025-08-23 09:05:12] Benchmark @train_ep    5000 (bench_eps: 2000)
[2025-08-23 09:05:12] Macro Winrate          :  31.4%
[2025-08-23 09:05:12] Macro Ø-Reward         :  1.539
[2025-08-23 09:05:12] Winrate vs max_combo   :  10.9% | Σ-Reward:  1760.0 | Ø-Reward:  0.880 | Places: [218 (0.11), 297 (0.15), 512 (0.26), 973 (0.49)]
[2025-08-23 09:05:12] Winrate vs random2     :  29.6% | Σ-Reward:  3298.0 | Ø-Reward:  1.649 | Places: [591 (0.30), 525 (0.26), 475 (0.24), 409 (0.20)]
[2025-08-23 09:05:12] Winrate vs single_only :  53.8% | Σ-Reward:  4175.0 | Ø-Reward:  2.087 | Places: [1075 (0.54), 351 (0.18), 248 (0.12), 326 (0.16)]
[2025-08-23 09:05:14] Timing @ep 5000: episode 63.6s | train 0.111s | eval 61.5s | plot 1.9s | save 0.002s | cum 0.24h
[2025-08-23 09:06:53] 
[2025-08-23 09:06:53] Benchmark @train_ep    5500 (bench_eps: 2000)
[2025-08-23 09:06:53] Macro Winrate          :  32.6%
[2025-08-23 09:06:53] Macro Ø-Reward         :  1.580
[2025-08-23 09:06:53] Winrate vs max_combo   :  11.5% | Σ-Reward:  1861.0 | Ø-Reward:  0.930 | Places: [230 (0.12), 323 (0.16), 525 (0.26), 922 (0.46)]
[2025-08-23 09:06:53] Winrate vs random2     :  30.1% | Σ-Reward:  3377.0 | Ø-Reward:  1.688 | Places: [601 (0.30), 567 (0.28), 440 (0.22), 392 (0.20)]
[2025-08-23 09:06:53] Winrate vs single_only :  56.4% | Σ-Reward:  4244.0 | Ø-Reward:  2.122 | Places: [1128 (0.56), 302 (0.15), 256 (0.13), 314 (0.16)]
[2025-08-23 09:06:55] Timing @ep 5500: episode 67.6s | train 0.127s | eval 65.6s | plot 1.8s | save 0.001s | cum 0.27h
[2025-08-23 09:08:19] 
[2025-08-23 09:08:19] Benchmark @train_ep    6000 (bench_eps: 2000)
[2025-08-23 09:08:19] Macro Winrate          :  30.9%
[2025-08-23 09:08:19] Macro Ø-Reward         :  1.559
[2025-08-23 09:08:19] Winrate vs max_combo   :  10.2% | Σ-Reward:  1841.0 | Ø-Reward:  0.920 | Places: [203 (0.10), 334 (0.17), 564 (0.28), 899 (0.45)]
[2025-08-23 09:08:19] Winrate vs random2     :  29.1% | Σ-Reward:  3340.0 | Ø-Reward:  1.670 | Places: [583 (0.29), 550 (0.28), 491 (0.25), 376 (0.19)]
[2025-08-23 09:08:19] Winrate vs single_only :  53.4% | Σ-Reward:  4174.0 | Ø-Reward:  2.087 | Places: [1068 (0.53), 334 (0.17), 302 (0.15), 296 (0.15)]
[2025-08-23 09:08:21] Timing @ep 6000: episode 57.9s | train 0.080s | eval 56.3s | plot 1.5s | save 0.001s | cum 0.29h
[2025-08-23 09:09:53] 
[2025-08-23 09:09:53] Benchmark @train_ep    6500 (bench_eps: 2000)
[2025-08-23 09:09:53] Macro Winrate          :  31.6%
[2025-08-23 09:09:53] Macro Ø-Reward         :  1.552
[2025-08-23 09:09:53] Winrate vs max_combo   :  11.4% | Σ-Reward:  1832.0 | Ø-Reward:  0.916 | Places: [229 (0.11), 319 (0.16), 507 (0.25), 945 (0.47)]
[2025-08-23 09:09:53] Winrate vs random2     :  27.4% | Σ-Reward:  3159.0 | Ø-Reward:  1.579 | Places: [547 (0.27), 530 (0.27), 458 (0.23), 465 (0.23)]
[2025-08-23 09:09:53] Winrate vs single_only :  56.1% | Σ-Reward:  4320.0 | Ø-Reward:  2.160 | Places: [1122 (0.56), 343 (0.17), 268 (0.13), 267 (0.13)]
[2025-08-23 09:09:55] Timing @ep 6500: episode 72.6s | train 0.058s | eval 70.2s | plot 2.3s | save 0.001s | cum 0.32h
[2025-08-23 09:11:29] 
[2025-08-23 09:11:29] Benchmark @train_ep    7000 (bench_eps: 2000)
[2025-08-23 09:11:29] Macro Winrate          :  32.2%
[2025-08-23 09:11:29] Macro Ø-Reward         :  1.575
[2025-08-23 09:11:29] Winrate vs max_combo   :  12.0% | Σ-Reward:  1889.0 | Ø-Reward:  0.945 | Places: [240 (0.12), 319 (0.16), 531 (0.27), 910 (0.46)]
[2025-08-23 09:11:29] Winrate vs random2     :  30.5% | Σ-Reward:  3328.0 | Ø-Reward:  1.664 | Places: [610 (0.30), 517 (0.26), 464 (0.23), 409 (0.20)]
[2025-08-23 09:11:29] Winrate vs single_only :  54.2% | Σ-Reward:  4235.0 | Ø-Reward:  2.118 | Places: [1085 (0.54), 345 (0.17), 290 (0.14), 280 (0.14)]
[2025-08-23 09:11:31] Timing @ep 7000: episode 64.1s | train 0.092s | eval 62.1s | plot 1.9s | save 0.002s | cum 0.35h
[2025-08-23 09:12:57] 
[2025-08-23 09:12:57] Benchmark @train_ep    7500 (bench_eps: 2000)
[2025-08-23 09:12:57] Macro Winrate          :  34.8%
[2025-08-23 09:12:57] Macro Ø-Reward         :  1.657
[2025-08-23 09:12:57] Winrate vs max_combo   :  13.3% | Σ-Reward:  2022.0 | Ø-Reward:  1.011 | Places: [266 (0.13), 348 (0.17), 528 (0.26), 858 (0.43)]
[2025-08-23 09:12:57] Winrate vs random2     :  31.7% | Σ-Reward:  3432.0 | Ø-Reward:  1.716 | Places: [634 (0.32), 533 (0.27), 464 (0.23), 369 (0.18)]
[2025-08-23 09:12:57] Winrate vs single_only :  59.5% | Σ-Reward:  4486.0 | Ø-Reward:  2.243 | Places: [1189 (0.59), 348 (0.17), 223 (0.11), 240 (0.12)]
[2025-08-23 09:12:59] Timing @ep 7500: episode 60.7s | train 0.115s | eval 58.6s | plot 1.9s | save 0.001s | cum 0.37h
[2025-08-23 09:14:12] 
[2025-08-23 09:14:12] Benchmark @train_ep    8000 (bench_eps: 2000)
[2025-08-23 09:14:12] Macro Winrate          :  33.9%
[2025-08-23 09:14:12] Macro Ø-Reward         :  1.632
[2025-08-23 09:14:12] Winrate vs max_combo   :  12.4% | Σ-Reward:  1990.0 | Ø-Reward:  0.995 | Places: [249 (0.12), 353 (0.18), 537 (0.27), 861 (0.43)]
[2025-08-23 09:14:12] Winrate vs random2     :  31.0% | Σ-Reward:  3372.0 | Ø-Reward:  1.686 | Places: [620 (0.31), 536 (0.27), 440 (0.22), 404 (0.20)]
[2025-08-23 09:14:12] Winrate vs single_only :  58.2% | Σ-Reward:  4429.0 | Ø-Reward:  2.215 | Places: [1165 (0.58), 348 (0.17), 238 (0.12), 249 (0.12)]
[2025-08-23 09:14:14] Timing @ep 8000: episode 48.6s | train 0.074s | eval 46.2s | plot 2.3s | save 0.001s | cum 0.39h
[2025-08-23 09:15:41] 
[2025-08-23 09:15:41] Benchmark @train_ep    8500 (bench_eps: 2000)
[2025-08-23 09:15:41] Macro Winrate          :  34.7%
[2025-08-23 09:15:41] Macro Ø-Reward         :  1.622
[2025-08-23 09:15:41] Winrate vs max_combo   :  12.6% | Σ-Reward:  1893.0 | Ø-Reward:  0.947 | Places: [251 (0.13), 302 (0.15), 536 (0.27), 911 (0.46)]
[2025-08-23 09:15:41] Winrate vs random2     :  30.8% | Σ-Reward:  3347.0 | Ø-Reward:  1.673 | Places: [616 (0.31), 523 (0.26), 453 (0.23), 408 (0.20)]
[2025-08-23 09:15:41] Winrate vs single_only :  60.6% | Σ-Reward:  4491.0 | Ø-Reward:  2.245 | Places: [1213 (0.61), 310 (0.15), 232 (0.12), 245 (0.12)]
[2025-08-23 09:15:43] Timing @ep 8500: episode 65.9s | train 0.074s | eval 63.5s | plot 2.2s | save 0.002s | cum 0.42h
[2025-08-23 09:17:29] 
[2025-08-23 09:17:29] Benchmark @train_ep    9000 (bench_eps: 2000)
[2025-08-23 09:17:29] Macro Winrate          :  31.8%
[2025-08-23 09:17:29] Macro Ø-Reward         :  1.566
[2025-08-23 09:17:29] Winrate vs max_combo   :  10.8% | Σ-Reward:  1832.0 | Ø-Reward:  0.916 | Places: [215 (0.11), 331 (0.17), 525 (0.26), 929 (0.46)]
[2025-08-23 09:17:29] Winrate vs random2     :  27.0% | Σ-Reward:  3222.0 | Ø-Reward:  1.611 | Places: [540 (0.27), 567 (0.28), 468 (0.23), 425 (0.21)]
[2025-08-23 09:17:29] Winrate vs single_only :  57.5% | Σ-Reward:  4343.0 | Ø-Reward:  2.171 | Places: [1151 (0.58), 324 (0.16), 242 (0.12), 283 (0.14)]
[2025-08-23 09:17:31] Timing @ep 9000: episode 75.3s | train 0.120s | eval 73.1s | plot 1.9s | save 0.001s | cum 0.45h
[2025-08-23 09:18:52] 
[2025-08-23 09:18:52] Benchmark @train_ep    9500 (bench_eps: 2000)
[2025-08-23 09:18:52] Macro Winrate          :  33.6%
[2025-08-23 09:18:52] Macro Ø-Reward         :  1.591
[2025-08-23 09:18:52] Winrate vs max_combo   :  11.7% | Σ-Reward:  1869.0 | Ø-Reward:  0.934 | Places: [234 (0.12), 326 (0.16), 515 (0.26), 925 (0.46)]
[2025-08-23 09:18:52] Winrate vs random2     :  30.3% | Σ-Reward:  3349.0 | Ø-Reward:  1.675 | Places: [606 (0.30), 538 (0.27), 455 (0.23), 401 (0.20)]
[2025-08-23 09:18:52] Winrate vs single_only :  58.8% | Σ-Reward:  4326.0 | Ø-Reward:  2.163 | Places: [1176 (0.59), 277 (0.14), 244 (0.12), 303 (0.15)]
[2025-08-23 09:18:54] Timing @ep 9500: episode 57.4s | train 0.093s | eval 55.1s | plot 2.1s | save 0.001s | cum 0.47h
[2025-08-23 09:20:09] 
[2025-08-23 09:20:09] Benchmark @train_ep   10000 (bench_eps: 2000)
[2025-08-23 09:20:09] Macro Winrate          :  32.7%
[2025-08-23 09:20:09] Macro Ø-Reward         :  1.573
[2025-08-23 09:20:09] Winrate vs max_combo   :  10.6% | Σ-Reward:  1796.0 | Ø-Reward:  0.898 | Places: [211 (0.11), 322 (0.16), 519 (0.26), 948 (0.47)]
[2025-08-23 09:20:09] Winrate vs random2     :  28.3% | Σ-Reward:  3265.0 | Ø-Reward:  1.633 | Places: [566 (0.28), 541 (0.27), 485 (0.24), 408 (0.20)]
[2025-08-23 09:20:09] Winrate vs single_only :  59.1% | Σ-Reward:  4376.0 | Ø-Reward:  2.188 | Places: [1183 (0.59), 306 (0.15), 215 (0.11), 296 (0.15)]
[2025-08-23 09:20:10] Timing @ep 10000: episode 48.1s | train 0.103s | eval 46.3s | plot 1.6s | save 0.002s | cum 0.49h
[2025-08-23 09:20:10] 
[2025-08-23 09:20:10] Gesamtzeit: 0.49h (~ 5.66 eps/s)
[2025-08-23 09:20:10] K4 (Shared-Policy PPO, In-Proc External Trainer) abgeschlossen.
