[2025-08-25 10:20:44] New Training (k2a1): 4 getrennte PPO-Agents — simultanes Lernen
[2025-08-25 10:20:44] Deck_Size: 64
[2025-08-25 10:20:44] Episodes: 10000
[2025-08-25 10:20:44] Path: /home/wasterix/OpenSpiel/open_spiel/President/models/k2a1/model_14
[2025-08-25 10:22:35] 
[2025-08-25 10:22:35] Benchmark @train_ep    1000 (bench_eps: 500)
[2025-08-25 10:22:35] Macro Winrate          :  43.2%
[2025-08-25 10:22:35] Macro Ø-Reward         :  1.910
[2025-08-25 10:22:35] Winrate vs max_combo   :  13.2% | Σ-Reward:  543.0 | Ø-Reward:  1.086 | Places: [66 (0.13), 97 (0.19), 151 (0.30), 186 (0.37)]
[2025-08-25 10:22:35] Winrate vs random2     :  53.6% | Σ-Reward:  1119.0 | Ø-Reward:  2.238 | Places: [268 (0.54), 122 (0.24), 71 (0.14), 39 (0.08)]
[2025-08-25 10:22:35] Winrate vs single_only :  62.8% | Σ-Reward:  1203.0 | Ø-Reward:  2.406 | Places: [314 (0.63), 102 (0.20), 57 (0.11), 27 (0.05)]
[2025-08-25 10:22:36] Timing @ep 1000: episode 11.3s | train 0.009s | eval 10.1s | plot 1.1s | save 0.009s | cum 0.03h
[2025-08-25 10:24:31] 
[2025-08-25 10:24:31] Benchmark @train_ep    2000 (bench_eps: 500)
[2025-08-25 10:24:31] Macro Winrate          :  51.2%
[2025-08-25 10:24:31] Macro Ø-Reward         :  2.092
[2025-08-25 10:24:31] Winrate vs max_combo   :  19.6% | Σ-Reward:  639.0 | Ø-Reward:  1.278 | Places: [98 (0.20), 110 (0.22), 125 (0.25), 167 (0.33)]
[2025-08-25 10:24:31] Winrate vs random2     :  58.0% | Σ-Reward:  1184.0 | Ø-Reward:  2.368 | Places: [290 (0.58), 126 (0.25), 62 (0.12), 22 (0.04)]
[2025-08-25 10:24:31] Winrate vs single_only :  76.0% | Σ-Reward:  1315.0 | Ø-Reward:  2.630 | Places: [380 (0.76), 71 (0.14), 33 (0.07), 16 (0.03)]
[2025-08-25 10:24:32] Timing @ep 2000: episode 18.6s | train 0.013s | eval 16.6s | plot 1.9s | save 0.007s | cum 0.06h
[2025-08-25 10:27:32] 
[2025-08-25 10:27:32] Benchmark @train_ep    3000 (bench_eps: 500)
[2025-08-25 10:27:32] Macro Winrate          :  60.3%
[2025-08-25 10:27:32] Macro Ø-Reward         :  2.265
[2025-08-25 10:27:32] Winrate vs max_combo   :  24.6% | Σ-Reward:  727.0 | Ø-Reward:  1.454 | Places: [123 (0.25), 117 (0.23), 124 (0.25), 136 (0.27)]
[2025-08-25 10:27:32] Winrate vs random2     :  67.2% | Σ-Reward:  1251.0 | Ø-Reward:  2.502 | Places: [336 (0.67), 97 (0.19), 49 (0.10), 18 (0.04)]
[2025-08-25 10:27:32] Winrate vs single_only :  89.0% | Σ-Reward:  1419.0 | Ø-Reward:  2.838 | Places: [445 (0.89), 36 (0.07), 12 (0.02), 7 (0.01)]
[2025-08-25 10:27:33] Timing @ep 3000: episode 14.3s | train 0.018s | eval 12.4s | plot 1.5s | save 0.006s | cum 0.11h
[2025-08-25 10:29:32] 
[2025-08-25 10:29:32] Benchmark @train_ep    4000 (bench_eps: 500)
[2025-08-25 10:29:32] Macro Winrate          :  60.9%
[2025-08-25 10:29:32] Macro Ø-Reward         :  2.289
[2025-08-25 10:29:32] Winrate vs max_combo   :  25.0% | Σ-Reward:  747.0 | Ø-Reward:  1.494 | Places: [125 (0.25), 121 (0.24), 130 (0.26), 124 (0.25)]
[2025-08-25 10:29:32] Winrate vs random2     :  68.2% | Σ-Reward:  1267.0 | Ø-Reward:  2.534 | Places: [341 (0.68), 105 (0.21), 34 (0.07), 20 (0.04)]
[2025-08-25 10:29:32] Winrate vs single_only :  89.6% | Σ-Reward:  1419.0 | Ø-Reward:  2.838 | Places: [448 (0.90), 31 (0.06), 13 (0.03), 8 (0.02)]
[2025-08-25 10:29:33] Timing @ep 4000: episode 12.1s | train 0.013s | eval 10.4s | plot 1.6s | save 0.005s | cum 0.15h
[2025-08-25 10:32:24] 
[2025-08-25 10:32:24] Benchmark @train_ep    5000 (bench_eps: 500)
[2025-08-25 10:32:24] Macro Winrate          :  59.2%
[2025-08-25 10:32:24] Macro Ø-Reward         :  2.265
[2025-08-25 10:32:24] Winrate vs max_combo   :  24.6% | Σ-Reward:  734.0 | Ø-Reward:  1.468 | Places: [123 (0.25), 110 (0.22), 145 (0.29), 122 (0.24)]
[2025-08-25 10:32:24] Winrate vs random2     :  67.2% | Σ-Reward:  1263.0 | Ø-Reward:  2.526 | Places: [336 (0.67), 109 (0.22), 37 (0.07), 18 (0.04)]
[2025-08-25 10:32:24] Winrate vs single_only :  85.8% | Σ-Reward:  1400.0 | Ø-Reward:  2.800 | Places: [429 (0.86), 50 (0.10), 13 (0.03), 8 (0.02)]
[2025-08-25 10:32:26] Timing @ep 5000: episode 21.1s | train 0.012s | eval 19.2s | plot 1.7s | save 0.008s | cum 0.19h
[2025-08-25 10:34:48] 
[2025-08-25 10:34:48] Benchmark @train_ep    6000 (bench_eps: 500)
[2025-08-25 10:34:48] Macro Winrate          :  60.7%
[2025-08-25 10:34:48] Macro Ø-Reward         :  2.338
[2025-08-25 10:34:48] Winrate vs max_combo   :  29.2% | Σ-Reward:  817.0 | Ø-Reward:  1.634 | Places: [146 (0.29), 128 (0.26), 123 (0.25), 103 (0.21)]
[2025-08-25 10:34:48] Winrate vs random2     :  70.2% | Σ-Reward:  1299.0 | Ø-Reward:  2.598 | Places: [351 (0.70), 110 (0.22), 26 (0.05), 13 (0.03)]
[2025-08-25 10:34:48] Winrate vs single_only :  82.6% | Σ-Reward:  1391.0 | Ø-Reward:  2.782 | Places: [413 (0.83), 69 (0.14), 14 (0.03), 4 (0.01)]
[2025-08-25 10:34:49] Timing @ep 6000: episode 21.9s | train 0.012s | eval 20.3s | plot 1.5s | save 0.008s | cum 0.23h
[2025-08-25 10:37:36] 
[2025-08-25 10:37:36] Benchmark @train_ep    7000 (bench_eps: 500)
[2025-08-25 10:37:36] Macro Winrate          :  61.6%
[2025-08-25 10:37:36] Macro Ø-Reward         :  2.378
[2025-08-25 10:37:36] Winrate vs max_combo   :  31.2% | Σ-Reward:  877.0 | Ø-Reward:  1.754 | Places: [156 (0.31), 142 (0.28), 125 (0.25), 77 (0.15)]
[2025-08-25 10:37:36] Winrate vs random2     :  74.6% | Σ-Reward:  1329.0 | Ø-Reward:  2.658 | Places: [373 (0.75), 90 (0.18), 30 (0.06), 7 (0.01)]
[2025-08-25 10:37:36] Winrate vs single_only :  79.0% | Σ-Reward:  1361.0 | Ø-Reward:  2.722 | Places: [395 (0.79), 77 (0.15), 22 (0.04), 6 (0.01)]
[2025-08-25 10:37:38] Timing @ep 7000: episode 11.8s | train 0.013s | eval 10.1s | plot 1.6s | save 0.004s | cum 0.28h
[2025-08-25 10:39:22] 
[2025-08-25 10:39:22] Benchmark @train_ep    8000 (bench_eps: 500)
[2025-08-25 10:39:22] Macro Winrate          :  55.5%
[2025-08-25 10:39:22] Macro Ø-Reward         :  2.352
[2025-08-25 10:39:22] Winrate vs max_combo   :  27.4% | Σ-Reward:  893.0 | Ø-Reward:  1.786 | Places: [137 (0.27), 180 (0.36), 122 (0.24), 61 (0.12)]
[2025-08-25 10:39:22] Winrate vs random2     :  77.4% | Σ-Reward:  1364.0 | Ø-Reward:  2.728 | Places: [387 (0.77), 93 (0.19), 17 (0.03), 3 (0.01)]
[2025-08-25 10:39:22] Winrate vs single_only :  61.6% | Σ-Reward:  1271.0 | Ø-Reward:  2.542 | Places: [308 (0.62), 160 (0.32), 27 (0.05), 5 (0.01)]
[2025-08-25 10:39:23] Timing @ep 8000: episode 12.2s | train 0.011s | eval 10.8s | plot 1.4s | save 0.004s | cum 0.31h
[2025-08-25 10:41:08] 
[2025-08-25 10:41:08] Benchmark @train_ep    9000 (bench_eps: 500)
[2025-08-25 10:41:08] Macro Winrate          :  62.9%
[2025-08-25 10:41:08] Macro Ø-Reward         :  2.343
[2025-08-25 10:41:08] Winrate vs max_combo   :  31.2% | Σ-Reward:  842.0 | Ø-Reward:  1.684 | Places: [156 (0.31), 136 (0.27), 102 (0.20), 106 (0.21)]
[2025-08-25 10:41:08] Winrate vs random2     :  70.2% | Σ-Reward:  1275.0 | Ø-Reward:  2.550 | Places: [351 (0.70), 95 (0.19), 32 (0.06), 22 (0.04)]
[2025-08-25 10:41:08] Winrate vs single_only :  87.2% | Σ-Reward:  1398.0 | Ø-Reward:  2.796 | Places: [436 (0.87), 36 (0.07), 18 (0.04), 10 (0.02)]
[2025-08-25 10:41:09] Timing @ep 9000: episode 11.4s | train 0.012s | eval 10.2s | plot 1.1s | save 0.004s | cum 0.34h
[2025-08-25 10:43:09] 
[2025-08-25 10:43:09] Benchmark @train_ep   10000 (bench_eps: 500)
[2025-08-25 10:43:09] Macro Winrate          :  61.1%
[2025-08-25 10:43:09] Macro Ø-Reward         :  2.420
[2025-08-25 10:43:09] Winrate vs max_combo   :  34.2% | Σ-Reward:  940.0 | Ø-Reward:  1.880 | Places: [171 (0.34), 162 (0.32), 103 (0.21), 64 (0.13)]
[2025-08-25 10:43:09] Winrate vs random2     :  71.6% | Σ-Reward:  1325.0 | Ø-Reward:  2.650 | Places: [358 (0.72), 114 (0.23), 23 (0.05), 5 (0.01)]
[2025-08-25 10:43:09] Winrate vs single_only :  77.4% | Σ-Reward:  1365.0 | Ø-Reward:  2.730 | Places: [387 (0.77), 94 (0.19), 16 (0.03), 3 (0.01)]
[2025-08-25 10:43:10] Timing @ep 10000: episode 14.4s | train 0.012s | eval 12.9s | plot 1.3s | save 0.006s | cum 0.37h
[2025-08-25 10:43:10] 
[2025-08-25 10:43:10] Gesamtzeit: 0.37h (~ 7.44 eps/s)
[2025-08-25 10:43:10] k2a1, Multi Agent RL (IQL). Training abgeschlossen.
[2025-08-25 10:43:10] Path: /home/wasterix/OpenSpiel/open_spiel/President/models/k2a1/model_14
