[2025-08-23 21:46:25] New Training (k4a1): Shared-Policy PPO — In-Proc External Trainer (Bundle-Updates)
[2025-08-23 21:46:25] Deck_Size: 16
[2025-08-23 21:46:25] Episodes: 4000
[2025-08-23 21:46:25] Path: /home/wasterix/OpenSpiel/open_spiel/President/models/k4a1/model_35
[2025-08-23 21:46:51] 
[2025-08-23 21:46:51] Benchmark @train_ep    2000 (bench_eps: 200)
[2025-08-23 21:46:51] Macro Winrate          :  42.8%
[2025-08-23 21:46:51] Macro Ø-Reward         :  1.908
[2025-08-23 21:46:51] Winrate vs max_combo   :  28.0% | Σ-Reward:  314.0 | Ø-Reward:  1.570 | Places: [56 (0.28), 50 (0.25), 46 (0.23), 48 (0.24)]
[2025-08-23 21:46:51] Winrate vs random2     :  38.5% | Σ-Reward:  375.0 | Ø-Reward:  1.875 | Places: [77 (0.39), 52 (0.26), 40 (0.20), 31 (0.15)]
[2025-08-23 21:46:51] Winrate vs single_only :  62.0% | Σ-Reward:  456.0 | Ø-Reward:  2.280 | Places: [124 (0.62), 28 (0.14), 28 (0.14), 20 (0.10)]
[2025-08-23 21:46:53] Timing @ep 2000: episode 2.5s | train 0.037s | eval 1.1s | plot 1.3s | save 0.002s | cum 0.01h
[2025-08-23 21:47:20] 
[2025-08-23 21:47:20] Benchmark @train_ep    4000 (bench_eps: 200)
[2025-08-23 21:47:20] Macro Winrate          :  39.2%
[2025-08-23 21:47:20] Macro Ø-Reward         :  1.827
[2025-08-23 21:47:20] Winrate vs max_combo   :  27.5% | Σ-Reward:  307.0 | Ø-Reward:  1.535 | Places: [55 (0.28), 43 (0.21), 56 (0.28), 46 (0.23)]
[2025-08-23 21:47:20] Winrate vs random2     :  30.5% | Σ-Reward:  345.0 | Ø-Reward:  1.725 | Places: [61 (0.30), 56 (0.28), 50 (0.25), 33 (0.17)]
[2025-08-23 21:47:20] Winrate vs single_only :  59.5% | Σ-Reward:  444.0 | Ø-Reward:  2.220 | Places: [119 (0.59), 31 (0.15), 25 (0.12), 25 (0.12)]
[2025-08-23 21:47:22] Timing @ep 4000: episode 2.6s | train 0.031s | eval 1.2s | plot 1.4s | save 0.001s | cum 0.02h
[2025-08-23 21:47:22] 
[2025-08-23 21:47:22] Gesamtzeit: 0.02h (~ 71.35 eps/s)
[2025-08-23 21:47:22] K4 (Shared-Policy PPO, In-Proc External Trainer) abgeschlossen.
