[2025-08-25 09:28:26] New Training (k1a1)
[2025-08-25 09:28:26] Deck_Size: 64
[2025-08-25 09:28:26] Episodes: 100000
[2025-08-25 09:28:26] Path: /home/wasterix/OpenSpiel/open_spiel/President/models/k1a1/model_96
[2025-08-25 09:30:14] 
[2025-08-25 09:30:14] Benchmark @train_ep    5000 (bench_eps: 2000)
[2025-08-25 09:30:14] Macro Winrate          :  49.5%
[2025-08-25 09:30:14] Macro Ø-Reward         :  2.190
[2025-08-25 09:30:14] Winrate vs max_combo   :  28.8% | Σ-Reward:  3434.0 | Ø-Reward:  1.717 | Places: [576 (0.29), 644 (0.32), 418 (0.21), 362 (0.18)]
[2025-08-25 09:30:14] Winrate vs random2     :  68.2% | Σ-Reward:  5102.0 | Ø-Reward:  2.551 | Places: [1363 (0.68), 447 (0.22), 119 (0.06), 71 (0.04)]
[2025-08-25 09:30:14] Winrate vs single_only :  51.6% | Σ-Reward:  4602.0 | Ø-Reward:  2.301 | Places: [1032 (0.52), 649 (0.32), 208 (0.10), 111 (0.06)]
[2025-08-25 09:30:15] Timing @ep 5000: episode 44.0s | train 0.003s | eval 42.9s | plot 1.0s | save 0.002s | cum 0.03h
[2025-08-25 09:32:01] 
[2025-08-25 09:32:01] Benchmark @train_ep   10000 (bench_eps: 2000)
[2025-08-25 09:32:01] Macro Winrate          :  60.4%
[2025-08-25 09:32:01] Macro Ø-Reward         :  2.363
[2025-08-25 09:32:01] Winrate vs max_combo   :  38.8% | Σ-Reward:  3886.0 | Ø-Reward:  1.943 | Places: [776 (0.39), 599 (0.30), 360 (0.18), 265 (0.13)]
[2025-08-25 09:32:01] Winrate vs random2     :  78.8% | Σ-Reward:  5380.0 | Ø-Reward:  2.690 | Places: [1576 (0.79), 292 (0.15), 68 (0.03), 64 (0.03)]
[2025-08-25 09:32:01] Winrate vs single_only :  63.5% | Σ-Reward:  4910.0 | Ø-Reward:  2.455 | Places: [1271 (0.64), 463 (0.23), 171 (0.09), 95 (0.05)]
[2025-08-25 09:32:02] Timing @ep 10000: episode 40.4s | train 0.003s | eval 39.4s | plot 1.0s | save 0.001s | cum 0.06h
[2025-08-25 09:33:51] 
[2025-08-25 09:33:51] Benchmark @train_ep   15000 (bench_eps: 2000)
[2025-08-25 09:33:51] Macro Winrate          :  61.3%
[2025-08-25 09:33:51] Macro Ø-Reward         :  2.383
[2025-08-25 09:33:51] Winrate vs max_combo   :  40.6% | Σ-Reward:  3863.0 | Ø-Reward:  1.931 | Places: [813 (0.41), 532 (0.27), 360 (0.18), 295 (0.15)]
[2025-08-25 09:33:51] Winrate vs random2     :  77.8% | Σ-Reward:  5354.0 | Ø-Reward:  2.677 | Places: [1557 (0.78), 309 (0.15), 65 (0.03), 69 (0.03)]
[2025-08-25 09:33:51] Winrate vs single_only :  65.3% | Σ-Reward:  5078.0 | Ø-Reward:  2.539 | Places: [1306 (0.65), 525 (0.26), 110 (0.06), 59 (0.03)]
[2025-08-25 09:33:52] Timing @ep 15000: episode 42.5s | train 0.003s | eval 41.5s | plot 1.0s | save 0.001s | cum 0.09h
[2025-08-25 09:35:35] 
[2025-08-25 09:35:35] Benchmark @train_ep   20000 (bench_eps: 2000)
[2025-08-25 09:35:35] Macro Winrate          :  59.6%
[2025-08-25 09:35:35] Macro Ø-Reward         :  2.342
[2025-08-25 09:35:35] Winrate vs max_combo   :  35.4% | Σ-Reward:  3652.0 | Ø-Reward:  1.826 | Places: [708 (0.35), 579 (0.29), 370 (0.18), 343 (0.17)]
[2025-08-25 09:35:35] Winrate vs random2     :  76.5% | Σ-Reward:  5320.0 | Ø-Reward:  2.660 | Places: [1530 (0.77), 324 (0.16), 82 (0.04), 64 (0.03)]
[2025-08-25 09:35:35] Winrate vs single_only :  66.8% | Σ-Reward:  5078.0 | Ø-Reward:  2.539 | Places: [1337 (0.67), 474 (0.24), 119 (0.06), 70 (0.04)]
[2025-08-25 09:35:36] Timing @ep 20000: episode 39.9s | train 0.002s | eval 38.7s | plot 1.2s | save 0.001s | cum 0.12h
[2025-08-25 09:37:14] 
[2025-08-25 09:37:14] Benchmark @train_ep   25000 (bench_eps: 2000)
[2025-08-25 09:37:14] Macro Winrate          :  65.5%
[2025-08-25 09:37:14] Macro Ø-Reward         :  2.435
[2025-08-25 09:37:14] Winrate vs max_combo   :  38.4% | Σ-Reward:  3762.0 | Ø-Reward:  1.881 | Places: [768 (0.38), 553 (0.28), 352 (0.18), 327 (0.16)]
[2025-08-25 09:37:14] Winrate vs random2     :  77.5% | Σ-Reward:  5340.0 | Ø-Reward:  2.670 | Places: [1549 (0.77), 302 (0.15), 89 (0.04), 60 (0.03)]
[2025-08-25 09:37:14] Winrate vs single_only :  80.8% | Σ-Reward:  5506.0 | Ø-Reward:  2.753 | Places: [1615 (0.81), 302 (0.15), 57 (0.03), 26 (0.01)]
[2025-08-25 09:37:15] Timing @ep 25000: episode 37.5s | train 0.003s | eval 36.3s | plot 1.1s | save 0.002s | cum 0.15h
[2025-08-25 09:39:07] 
[2025-08-25 09:39:07] Benchmark @train_ep   30000 (bench_eps: 2000)
[2025-08-25 09:39:07] Macro Winrate          :  59.0%
[2025-08-25 09:39:07] Macro Ø-Reward         :  2.345
[2025-08-25 09:39:07] Winrate vs max_combo   :  39.6% | Σ-Reward:  3853.0 | Ø-Reward:  1.927 | Places: [793 (0.40), 572 (0.29), 330 (0.17), 305 (0.15)]
[2025-08-25 09:39:07] Winrate vs random2     :  76.0% | Σ-Reward:  5272.0 | Ø-Reward:  2.636 | Places: [1520 (0.76), 310 (0.15), 92 (0.05), 78 (0.04)]
[2025-08-25 09:39:07] Winrate vs single_only :  61.2% | Σ-Reward:  4948.0 | Ø-Reward:  2.474 | Places: [1225 (0.61), 564 (0.28), 145 (0.07), 66 (0.03)]
[2025-08-25 09:39:08] Timing @ep 30000: episode 43.9s | train 0.003s | eval 42.7s | plot 1.2s | save 0.001s | cum 0.18h
[2025-08-25 09:40:46] 
[2025-08-25 09:40:46] Benchmark @train_ep   35000 (bench_eps: 2000)
[2025-08-25 09:40:46] Macro Winrate          :  62.4%
[2025-08-25 09:40:46] Macro Ø-Reward         :  2.450
[2025-08-25 09:40:46] Winrate vs max_combo   :  40.1% | Σ-Reward:  4078.0 | Ø-Reward:  2.039 | Places: [802 (0.40), 669 (0.33), 334 (0.17), 195 (0.10)]
[2025-08-25 09:40:46] Winrate vs random2     :  78.2% | Σ-Reward:  5447.0 | Ø-Reward:  2.724 | Places: [1564 (0.78), 350 (0.17), 55 (0.03), 31 (0.02)]
[2025-08-25 09:40:46] Winrate vs single_only :  68.8% | Σ-Reward:  5176.0 | Ø-Reward:  2.588 | Places: [1377 (0.69), 453 (0.23), 139 (0.07), 31 (0.02)]
[2025-08-25 09:40:47] Timing @ep 35000: episode 38.6s | train 0.003s | eval 37.5s | plot 1.1s | save 0.001s | cum 0.21h
[2025-08-25 09:42:26] 
[2025-08-25 09:42:26] Benchmark @train_ep   40000 (bench_eps: 2000)
[2025-08-25 09:42:26] Macro Winrate          :  60.3%
[2025-08-25 09:42:26] Macro Ø-Reward         :  2.415
[2025-08-25 09:42:26] Winrate vs max_combo   :  43.8% | Σ-Reward:  4142.0 | Ø-Reward:  2.071 | Places: [876 (0.44), 595 (0.30), 324 (0.16), 205 (0.10)]
[2025-08-25 09:42:26] Winrate vs random2     :  76.5% | Σ-Reward:  5393.0 | Ø-Reward:  2.696 | Places: [1530 (0.77), 371 (0.19), 61 (0.03), 38 (0.02)]
[2025-08-25 09:42:26] Winrate vs single_only :  60.7% | Σ-Reward:  4955.0 | Ø-Reward:  2.478 | Places: [1214 (0.61), 575 (0.29), 163 (0.08), 48 (0.02)]
[2025-08-25 09:42:28] Timing @ep 40000: episode 39.9s | train 0.003s | eval 38.6s | plot 1.2s | save 0.001s | cum 0.23h
[2025-08-25 09:44:14] 
[2025-08-25 09:44:14] Benchmark @train_ep   45000 (bench_eps: 2000)
[2025-08-25 09:44:14] Macro Winrate          :  59.0%
[2025-08-25 09:44:14] Macro Ø-Reward         :  2.423
[2025-08-25 09:44:14] Winrate vs max_combo   :  39.8% | Σ-Reward:  4070.0 | Ø-Reward:  2.035 | Places: [796 (0.40), 667 (0.33), 348 (0.17), 189 (0.09)]
[2025-08-25 09:44:14] Winrate vs random2     :  76.7% | Σ-Reward:  5459.0 | Ø-Reward:  2.729 | Places: [1534 (0.77), 411 (0.21), 35 (0.02), 20 (0.01)]
[2025-08-25 09:44:14] Winrate vs single_only :  60.4% | Σ-Reward:  5009.0 | Ø-Reward:  2.505 | Places: [1208 (0.60), 623 (0.31), 139 (0.07), 30 (0.01)]
[2025-08-25 09:44:15] Timing @ep 45000: episode 41.6s | train 0.003s | eval 40.5s | plot 1.1s | save 0.002s | cum 0.26h
[2025-08-25 09:46:02] 
[2025-08-25 09:46:02] Benchmark @train_ep   50000 (bench_eps: 2000)
[2025-08-25 09:46:02] Macro Winrate          :  56.2%
[2025-08-25 09:46:02] Macro Ø-Reward         :  2.384
[2025-08-25 09:46:02] Winrate vs max_combo   :  37.8% | Σ-Reward:  4055.0 | Ø-Reward:  2.027 | Places: [755 (0.38), 719 (0.36), 352 (0.18), 174 (0.09)]
[2025-08-25 09:46:02] Winrate vs random2     :  74.8% | Σ-Reward:  5377.0 | Ø-Reward:  2.688 | Places: [1496 (0.75), 415 (0.21), 59 (0.03), 30 (0.01)]
[2025-08-25 09:46:02] Winrate vs single_only :  56.1% | Σ-Reward:  4873.0 | Ø-Reward:  2.437 | Places: [1122 (0.56), 662 (0.33), 183 (0.09), 33 (0.02)]
[2025-08-25 09:46:03] Timing @ep 50000: episode 45.6s | train 0.003s | eval 44.5s | plot 1.2s | save 0.003s | cum 0.29h
[2025-08-25 09:47:46] 
[2025-08-25 09:47:46] Benchmark @train_ep   55000 (bench_eps: 2000)
[2025-08-25 09:47:46] Macro Winrate          :  60.7%
[2025-08-25 09:47:46] Macro Ø-Reward         :  2.453
[2025-08-25 09:47:46] Winrate vs max_combo   :  42.4% | Σ-Reward:  4197.0 | Ø-Reward:  2.099 | Places: [847 (0.42), 661 (0.33), 334 (0.17), 158 (0.08)]
[2025-08-25 09:47:46] Winrate vs random2     :  78.2% | Σ-Reward:  5476.0 | Ø-Reward:  2.738 | Places: [1565 (0.78), 362 (0.18), 57 (0.03), 16 (0.01)]
[2025-08-25 09:47:46] Winrate vs single_only :  61.5% | Σ-Reward:  5044.0 | Ø-Reward:  2.522 | Places: [1229 (0.61), 603 (0.30), 151 (0.08), 17 (0.01)]
[2025-08-25 09:47:47] Timing @ep 55000: episode 41.7s | train 0.004s | eval 40.5s | plot 1.1s | save 0.001s | cum 0.32h
[2025-08-25 09:49:33] 
[2025-08-25 09:49:33] Benchmark @train_ep   60000 (bench_eps: 2000)
[2025-08-25 09:49:33] Macro Winrate          :  63.2%
[2025-08-25 09:49:33] Macro Ø-Reward         :  2.490
[2025-08-25 09:49:33] Winrate vs max_combo   :  42.3% | Σ-Reward:  4218.0 | Ø-Reward:  2.109 | Places: [846 (0.42), 684 (0.34), 312 (0.16), 158 (0.08)]
[2025-08-25 09:49:33] Winrate vs random2     :  79.8% | Σ-Reward:  5533.0 | Ø-Reward:  2.767 | Places: [1596 (0.80), 348 (0.17), 49 (0.02), 7 (0.00)]
[2025-08-25 09:49:33] Winrate vs single_only :  67.7% | Σ-Reward:  5189.0 | Ø-Reward:  2.595 | Places: [1353 (0.68), 506 (0.25), 118 (0.06), 23 (0.01)]
[2025-08-25 09:49:34] Timing @ep 60000: episode 39.6s | train 0.003s | eval 38.4s | plot 1.2s | save 0.002s | cum 0.35h
[2025-08-25 09:51:22] 
[2025-08-25 09:51:22] Benchmark @train_ep   65000 (bench_eps: 2000)
[2025-08-25 09:51:22] Macro Winrate          :  62.8%
[2025-08-25 09:51:22] Macro Ø-Reward         :  2.463
[2025-08-25 09:51:22] Winrate vs max_combo   :  43.9% | Σ-Reward:  4100.0 | Ø-Reward:  2.050 | Places: [878 (0.44), 566 (0.28), 334 (0.17), 222 (0.11)]
[2025-08-25 09:51:22] Winrate vs random2     :  81.2% | Σ-Reward:  5532.0 | Ø-Reward:  2.766 | Places: [1623 (0.81), 310 (0.15), 43 (0.02), 24 (0.01)]
[2025-08-25 09:51:22] Winrate vs single_only :  63.2% | Σ-Reward:  5144.0 | Ø-Reward:  2.572 | Places: [1265 (0.63), 626 (0.31), 97 (0.05), 12 (0.01)]
[2025-08-25 09:51:23] Timing @ep 65000: episode 46.0s | train 0.002s | eval 44.3s | plot 1.7s | save 0.003s | cum 0.38h
[2025-08-25 09:53:15] 
[2025-08-25 09:53:15] Benchmark @train_ep   70000 (bench_eps: 2000)
[2025-08-25 09:53:15] Macro Winrate          :  61.2%
[2025-08-25 09:53:15] Macro Ø-Reward         :  2.461
[2025-08-25 09:53:15] Winrate vs max_combo   :  44.4% | Σ-Reward:  4267.0 | Ø-Reward:  2.134 | Places: [887 (0.44), 646 (0.32), 314 (0.16), 153 (0.08)]
[2025-08-25 09:53:15] Winrate vs random2     :  80.4% | Σ-Reward:  5526.0 | Ø-Reward:  2.763 | Places: [1608 (0.80), 323 (0.16), 56 (0.03), 13 (0.01)]
[2025-08-25 09:53:15] Winrate vs single_only :  58.8% | Σ-Reward:  4974.0 | Ø-Reward:  2.487 | Places: [1176 (0.59), 638 (0.32), 170 (0.09), 16 (0.01)]
[2025-08-25 09:53:16] Timing @ep 70000: episode 38.9s | train 0.003s | eval 37.8s | plot 1.1s | save 0.001s | cum 0.41h
[2025-08-25 09:55:03] 
[2025-08-25 09:55:03] Benchmark @train_ep   75000 (bench_eps: 2000)
[2025-08-25 09:55:03] Macro Winrate          :  64.4%
[2025-08-25 09:55:03] Macro Ø-Reward         :  2.479
[2025-08-25 09:55:03] Winrate vs max_combo   :  44.0% | Σ-Reward:  4162.0 | Ø-Reward:  2.081 | Places: [879 (0.44), 602 (0.30), 321 (0.16), 198 (0.10)]
[2025-08-25 09:55:03] Winrate vs random2     :  80.3% | Σ-Reward:  5497.0 | Ø-Reward:  2.748 | Places: [1606 (0.80), 307 (0.15), 65 (0.03), 22 (0.01)]
[2025-08-25 09:55:03] Winrate vs single_only :  69.0% | Σ-Reward:  5213.0 | Ø-Reward:  2.607 | Places: [1381 (0.69), 481 (0.24), 108 (0.05), 30 (0.01)]
[2025-08-25 09:55:04] Timing @ep 75000: episode 42.4s | train 0.003s | eval 41.3s | plot 1.1s | save 0.002s | cum 0.44h
[2025-08-25 09:57:15] 
[2025-08-25 09:57:15] Benchmark @train_ep   80000 (bench_eps: 2000)
[2025-08-25 09:57:15] Macro Winrate          :  65.2%
[2025-08-25 09:57:15] Macro Ø-Reward         :  2.518
[2025-08-25 09:57:15] Winrate vs max_combo   :  44.4% | Σ-Reward:  4291.0 | Ø-Reward:  2.146 | Places: [888 (0.44), 649 (0.32), 329 (0.16), 134 (0.07)]
[2025-08-25 09:57:15] Winrate vs random2     :  81.7% | Σ-Reward:  5577.0 | Ø-Reward:  2.788 | Places: [1634 (0.82), 319 (0.16), 37 (0.02), 10 (0.01)]
[2025-08-25 09:57:15] Winrate vs single_only :  69.4% | Σ-Reward:  5239.0 | Ø-Reward:  2.619 | Places: [1388 (0.69), 479 (0.24), 117 (0.06), 16 (0.01)]
[2025-08-25 09:57:16] Timing @ep 80000: episode 54.8s | train 0.010s | eval 53.4s | plot 1.4s | save 0.002s | cum 0.48h
[2025-08-25 09:59:46] 
[2025-08-25 09:59:46] Benchmark @train_ep   85000 (bench_eps: 2000)
[2025-08-25 09:59:46] Macro Winrate          :  63.0%
[2025-08-25 09:59:46] Macro Ø-Reward         :  2.476
[2025-08-25 09:59:46] Winrate vs max_combo   :  44.9% | Σ-Reward:  4238.0 | Ø-Reward:  2.119 | Places: [898 (0.45), 613 (0.31), 318 (0.16), 171 (0.09)]
[2025-08-25 09:59:46] Winrate vs random2     :  80.4% | Σ-Reward:  5530.0 | Ø-Reward:  2.765 | Places: [1608 (0.80), 325 (0.16), 56 (0.03), 11 (0.01)]
[2025-08-25 09:59:46] Winrate vs single_only :  63.6% | Σ-Reward:  5085.0 | Ø-Reward:  2.542 | Places: [1273 (0.64), 564 (0.28), 138 (0.07), 25 (0.01)]
[2025-08-25 09:59:48] Timing @ep 85000: episode 56.7s | train 0.004s | eval 55.1s | plot 1.6s | save 0.002s | cum 0.52h
[2025-08-25 10:02:14] 
[2025-08-25 10:02:14] Benchmark @train_ep   90000 (bench_eps: 2000)
[2025-08-25 10:02:14] Macro Winrate          :  68.5%
[2025-08-25 10:02:14] Macro Ø-Reward         :  2.528
[2025-08-25 10:02:14] Winrate vs max_combo   :  46.5% | Σ-Reward:  4220.0 | Ø-Reward:  2.110 | Places: [931 (0.47), 560 (0.28), 307 (0.15), 202 (0.10)]
[2025-08-25 10:02:14] Winrate vs random2     :  83.3% | Σ-Reward:  5585.0 | Ø-Reward:  2.792 | Places: [1666 (0.83), 269 (0.13), 49 (0.02), 16 (0.01)]
[2025-08-25 10:02:14] Winrate vs single_only :  75.8% | Σ-Reward:  5361.0 | Ø-Reward:  2.680 | Places: [1516 (0.76), 352 (0.18), 109 (0.05), 23 (0.01)]
[2025-08-25 10:02:16] Timing @ep 90000: episode 59.5s | train 0.006s | eval 58.1s | plot 1.4s | save 0.004s | cum 0.56h
[2025-08-25 10:04:40] 
[2025-08-25 10:04:40] Benchmark @train_ep   95000 (bench_eps: 2000)
[2025-08-25 10:04:40] Macro Winrate          :  69.1%
[2025-08-25 10:04:40] Macro Ø-Reward         :  2.538
[2025-08-25 10:04:40] Winrate vs max_combo   :  42.9% | Σ-Reward:  4096.0 | Ø-Reward:  2.048 | Places: [857 (0.43), 601 (0.30), 323 (0.16), 219 (0.11)]
[2025-08-25 10:04:40] Winrate vs random2     :  84.2% | Σ-Reward:  5617.0 | Ø-Reward:  2.808 | Places: [1683 (0.84), 266 (0.13), 36 (0.02), 15 (0.01)]
[2025-08-25 10:04:40] Winrate vs single_only :  80.3% | Σ-Reward:  5514.0 | Ø-Reward:  2.757 | Places: [1606 (0.80), 314 (0.16), 68 (0.03), 12 (0.01)]
[2025-08-25 10:04:41] Timing @ep 95000: episode 49.9s | train 0.005s | eval 48.6s | plot 1.3s | save 0.002s | cum 0.60h
[2025-08-25 10:06:50] 
[2025-08-25 10:06:50] Benchmark @train_ep  100000 (bench_eps: 2000)
[2025-08-25 10:06:50] Macro Winrate          :  66.9%
[2025-08-25 10:06:50] Macro Ø-Reward         :  2.515
[2025-08-25 10:06:50] Winrate vs max_combo   :  45.8% | Σ-Reward:  4212.0 | Ø-Reward:  2.106 | Places: [916 (0.46), 562 (0.28), 340 (0.17), 182 (0.09)]
[2025-08-25 10:06:50] Winrate vs random2     :  83.2% | Σ-Reward:  5585.0 | Ø-Reward:  2.792 | Places: [1665 (0.83), 271 (0.14), 48 (0.02), 16 (0.01)]
[2025-08-25 10:06:50] Winrate vs single_only :  71.5% | Σ-Reward:  5292.0 | Ø-Reward:  2.646 | Places: [1431 (0.72), 445 (0.22), 109 (0.05), 15 (0.01)]
[2025-08-25 10:06:51] Timing @ep 100000: episode 49.6s | train 0.003s | eval 48.2s | plot 1.4s | save 0.002s | cum 0.64h
[2025-08-25 10:06:51] 
[2025-08-25 10:06:51] Gesamtzeit: 0.64h (~ 43.40 eps/s)
[2025-08-25 10:06:51] k1a1, Single Agent vs Heuristiken (max_combo). Training abgeschlossen.
[2025-08-25 10:06:51] Path: /home/wasterix/OpenSpiel/open_spiel/President/models/k1a1/model_96
