[2025-08-22 11:03:56] New Training (k4a2): Shared-Policy DQN
[2025-08-22 11:03:56] Deck_Size: 64
[2025-08-22 11:03:56] Episodes: 10000
[2025-08-22 11:03:56] Path: /home/wasterix/OpenSpiel/open_spiel/President/models/k4a2/model_06
[2025-08-22 11:07:30] 
[2025-08-22 11:07:30] Benchmark @train_ep    1000 (bench_eps: 2000)
[2025-08-22 11:07:30] Macro Winrate          :  46.3%
[2025-08-22 11:07:30] Macro Ø-Reward         :  1.974
[2025-08-22 11:07:30] Winrate vs max_combo   :  19.2% | Σ-Reward:  2341.0 | Ø-Reward:  1.171 | Places: [384 (0.19), 384 (0.19), 421 (0.21), 811 (0.41)]
[2025-08-22 11:07:30] Winrate vs random2     :  54.9% | Σ-Reward:  4538.0 | Ø-Reward:  2.269 | Places: [1097 (0.55), 498 (0.25), 251 (0.13), 154 (0.08)]
[2025-08-22 11:07:30] Winrate vs single_only :  64.8% | Σ-Reward:  4963.0 | Ø-Reward:  2.482 | Places: [1295 (0.65), 464 (0.23), 150 (0.07), 91 (0.05)]
[2025-08-22 11:07:32] Timing @ep 1000: episode 27.1s | train 0.000s | eval 25.3s | plot 1.6s | save 0.007s | cum 0.06h
[2025-08-22 11:11:56] 
[2025-08-22 11:11:56] Benchmark @train_ep    2000 (bench_eps: 2000)
[2025-08-22 11:11:56] Macro Winrate          :  64.2%
[2025-08-22 11:11:56] Macro Ø-Reward         :  2.395
[2025-08-22 11:11:56] Winrate vs max_combo   :  36.5% | Σ-Reward:  3685.0 | Ø-Reward:  1.843 | Places: [729 (0.36), 555 (0.28), 388 (0.19), 328 (0.16)]
[2025-08-22 11:11:56] Winrate vs random2     :  75.4% | Σ-Reward:  5309.0 | Ø-Reward:  2.655 | Places: [1508 (0.75), 340 (0.17), 105 (0.05), 47 (0.02)]
[2025-08-22 11:11:56] Winrate vs single_only :  80.8% | Σ-Reward:  5376.0 | Ø-Reward:  2.688 | Places: [1617 (0.81), 207 (0.10), 111 (0.06), 65 (0.03)]
[2025-08-22 11:11:57] Timing @ep 2000: episode 22.3s | train 0.000s | eval 20.3s | plot 1.8s | save 0.005s | cum 0.13h
[2025-08-22 11:16:50] 
[2025-08-22 11:16:50] Benchmark @train_ep    3000 (bench_eps: 2000)
[2025-08-22 11:16:50] Macro Winrate          :  62.1%
[2025-08-22 11:16:50] Macro Ø-Reward         :  2.394
[2025-08-22 11:16:50] Winrate vs max_combo   :  33.9% | Σ-Reward:  3662.0 | Ø-Reward:  1.831 | Places: [678 (0.34), 620 (0.31), 388 (0.19), 314 (0.16)]
[2025-08-22 11:16:50] Winrate vs random2     :  73.3% | Σ-Reward:  5270.0 | Ø-Reward:  2.635 | Places: [1467 (0.73), 376 (0.19), 117 (0.06), 40 (0.02)]
[2025-08-22 11:16:50] Winrate vs single_only :  79.0% | Σ-Reward:  5433.0 | Ø-Reward:  2.716 | Places: [1581 (0.79), 300 (0.15), 90 (0.04), 29 (0.01)]
[2025-08-22 11:16:53] Timing @ep 3000: episode 24.8s | train 0.000s | eval 22.3s | plot 2.2s | save 0.010s | cum 0.22h
[2025-08-22 11:22:13] 
[2025-08-22 11:22:13] Benchmark @train_ep    4000 (bench_eps: 2000)
[2025-08-22 11:22:13] Macro Winrate          :  10.7%
[2025-08-22 11:22:13] Macro Ø-Reward         :  0.644
[2025-08-22 11:22:13] Winrate vs max_combo   :   2.5% | Σ-Reward:  455.0 | Ø-Reward:  0.228 | Places: [49 (0.02), 67 (0.03), 174 (0.09), 1710 (0.85)]
[2025-08-22 11:22:13] Winrate vs random2     :  12.8% | Σ-Reward:  1752.0 | Ø-Reward:  0.876 | Places: [256 (0.13), 278 (0.14), 428 (0.21), 1038 (0.52)]
[2025-08-22 11:22:13] Winrate vs single_only :  16.7% | Σ-Reward:  1658.0 | Ø-Reward:  0.829 | Places: [334 (0.17), 201 (0.10), 254 (0.13), 1211 (0.61)]
[2025-08-22 11:22:16] Timing @ep 4000: episode 34.9s | train 0.000s | eval 32.4s | plot 2.3s | save 0.004s | cum 0.31h
[2025-08-22 11:29:34] 
[2025-08-22 11:29:34] Benchmark @train_ep    5000 (bench_eps: 2000)
[2025-08-22 11:29:34] Macro Winrate          :   2.3%
[2025-08-22 11:29:34] Macro Ø-Reward         :  0.467
[2025-08-22 11:29:34] Winrate vs max_combo   :   0.3% | Σ-Reward:  483.0 | Ø-Reward:  0.241 | Places: [6 (0.00), 67 (0.03), 331 (0.17), 1596 (0.80)]
[2025-08-22 11:29:34] Winrate vs random2     :   6.0% | Σ-Reward:  1400.0 | Ø-Reward:  0.700 | Places: [119 (0.06), 267 (0.13), 509 (0.25), 1105 (0.55)]
[2025-08-22 11:29:34] Winrate vs single_only :   0.8% | Σ-Reward:  917.0 | Ø-Reward:  0.459 | Places: [15 (0.01), 154 (0.08), 564 (0.28), 1267 (0.63)]
[2025-08-22 11:29:36] Timing @ep 5000: episode 35.4s | train 0.000s | eval 32.6s | plot 2.4s | save 0.005s | cum 0.43h
[2025-08-22 11:36:47] 
[2025-08-22 11:36:47] Benchmark @train_ep    6000 (bench_eps: 2000)
[2025-08-22 11:36:47] Macro Winrate          :   0.9%
[2025-08-22 11:36:47] Macro Ø-Reward         :  0.320
[2025-08-22 11:36:47] Winrate vs max_combo   :   0.2% | Σ-Reward:  283.0 | Ø-Reward:  0.141 | Places: [4 (0.00), 20 (0.01), 231 (0.12), 1745 (0.87)]
[2025-08-22 11:36:47] Winrate vs random2     :   1.8% | Σ-Reward:  1078.0 | Ø-Reward:  0.539 | Places: [35 (0.02), 191 (0.10), 591 (0.30), 1183 (0.59)]
[2025-08-22 11:36:47] Winrate vs single_only :   0.7% | Σ-Reward:  557.0 | Ø-Reward:  0.279 | Places: [14 (0.01), 47 (0.02), 421 (0.21), 1518 (0.76)]
[2025-08-22 11:36:49] Timing @ep 6000: episode 33.8s | train 0.000s | eval 31.1s | plot 2.4s | save 0.006s | cum 0.55h
[2025-08-22 11:42:40] 
[2025-08-22 11:42:40] Benchmark @train_ep    7000 (bench_eps: 2000)
[2025-08-22 11:42:40] Macro Winrate          :   0.5%
[2025-08-22 11:42:40] Macro Ø-Reward         :  0.178
[2025-08-22 11:42:40] Winrate vs max_combo   :   0.0% | Σ-Reward:  160.0 | Ø-Reward:  0.080 | Places: [0 (0.00), 17 (0.01), 126 (0.06), 1857 (0.93)]
[2025-08-22 11:42:40] Winrate vs random2     :   0.9% | Σ-Reward:  635.0 | Ø-Reward:  0.318 | Places: [19 (0.01), 91 (0.05), 396 (0.20), 1494 (0.75)]
[2025-08-22 11:42:40] Winrate vs single_only :   0.6% | Σ-Reward:  274.0 | Ø-Reward:  0.137 | Places: [12 (0.01), 36 (0.02), 166 (0.08), 1786 (0.89)]
[2025-08-22 11:42:43] Timing @ep 7000: episode 34.7s | train 0.000s | eval 32.0s | plot 2.5s | save 0.005s | cum 0.65h
[2025-08-22 11:48:09] 
[2025-08-22 11:48:09] Benchmark @train_ep    8000 (bench_eps: 2000)
[2025-08-22 11:48:09] Macro Winrate          :   0.9%
[2025-08-22 11:48:09] Macro Ø-Reward         :  0.266
[2025-08-22 11:48:09] Winrate vs max_combo   :   0.1% | Σ-Reward:  211.0 | Ø-Reward:  0.105 | Places: [3 (0.00), 15 (0.01), 172 (0.09), 1810 (0.91)]
[2025-08-22 11:48:09] Winrate vs random2     :   1.8% | Σ-Reward:  941.0 | Ø-Reward:  0.470 | Places: [35 (0.02), 167 (0.08), 502 (0.25), 1296 (0.65)]
[2025-08-22 11:48:09] Winrate vs single_only :   0.9% | Σ-Reward:  444.0 | Ø-Reward:  0.222 | Places: [18 (0.01), 59 (0.03), 272 (0.14), 1651 (0.83)]
[2025-08-22 11:48:12] Timing @ep 8000: episode 34.0s | train 0.000s | eval 31.1s | plot 2.6s | save 0.005s | cum 0.74h
[2025-08-22 11:53:43] 
[2025-08-22 11:53:43] Benchmark @train_ep    9000 (bench_eps: 2000)
[2025-08-22 11:53:43] Macro Winrate          :   1.7%
[2025-08-22 11:53:43] Macro Ø-Reward         :  0.408
[2025-08-22 11:53:43] Winrate vs max_combo   :   0.5% | Σ-Reward:  480.0 | Ø-Reward:  0.240 | Places: [9 (0.00), 56 (0.03), 341 (0.17), 1594 (0.80)]
[2025-08-22 11:53:43] Winrate vs random2     :   3.2% | Σ-Reward:  1076.0 | Ø-Reward:  0.538 | Places: [65 (0.03), 167 (0.08), 547 (0.27), 1221 (0.61)]
[2025-08-22 11:53:43] Winrate vs single_only :   1.4% | Σ-Reward:  891.0 | Ø-Reward:  0.446 | Places: [27 (0.01), 184 (0.09), 442 (0.22), 1347 (0.67)]
[2025-08-22 11:53:46] Timing @ep 9000: episode 34.5s | train 0.000s | eval 31.4s | plot 2.8s | save 0.004s | cum 0.83h
[2025-08-22 11:59:15] 
[2025-08-22 11:59:15] Benchmark @train_ep   10000 (bench_eps: 2000)
[2025-08-22 11:59:15] Macro Winrate          :  14.2%
[2025-08-22 11:59:15] Macro Ø-Reward         :  0.767
[2025-08-22 11:59:15] Winrate vs max_combo   :   2.7% | Σ-Reward:  516.0 | Ø-Reward:  0.258 | Places: [54 (0.03), 66 (0.03), 222 (0.11), 1658 (0.83)]
[2025-08-22 11:59:15] Winrate vs random2     :  18.4% | Σ-Reward:  2023.0 | Ø-Reward:  1.012 | Places: [368 (0.18), 262 (0.13), 395 (0.20), 975 (0.49)]
[2025-08-22 11:59:15] Winrate vs single_only :  21.6% | Σ-Reward:  2060.0 | Ø-Reward:  1.030 | Places: [431 (0.22), 241 (0.12), 285 (0.14), 1043 (0.52)]
[2025-08-22 11:59:18] Timing @ep 10000: episode 30.4s | train 0.000s | eval 27.4s | plot 2.7s | save 0.005s | cum 0.92h
[2025-08-22 11:59:18] 
[2025-08-22 11:59:18] Gesamtzeit: 0.92h (~ 3.01 eps/s)
[2025-08-22 11:59:18] K4 (Shared-Policy DQN) Training abgeschlossen.
