[2025-08-25 07:26:20] New Training (k1a1)
[2025-08-25 07:26:20] Deck_Size: 64
[2025-08-25 07:26:20] Episodes: 50000
[2025-08-25 07:26:20] Path: /home/wasterix/OpenSpiel/open_spiel/President/models/k1a1/model_87
[2025-08-25 07:28:12] 
[2025-08-25 07:28:12] Benchmark @train_ep    5000 (bench_eps: 2000)
[2025-08-25 07:28:12] Macro Winrate          :  51.4%
[2025-08-25 07:28:12] Macro Ø-Reward         :  2.282
[2025-08-25 07:28:12] Winrate vs max_combo   :  32.3% | Σ-Reward:  3685.0 | Ø-Reward:  1.843 | Places: [646 (0.32), 663 (0.33), 421 (0.21), 270 (0.14)]
[2025-08-25 07:28:12] Winrate vs random2     :  68.2% | Σ-Reward:  5229.0 | Ø-Reward:  2.615 | Places: [1365 (0.68), 526 (0.26), 82 (0.04), 27 (0.01)]
[2025-08-25 07:28:12] Winrate vs single_only :  53.6% | Σ-Reward:  4778.0 | Ø-Reward:  2.389 | Places: [1073 (0.54), 691 (0.35), 177 (0.09), 59 (0.03)]
[2025-08-25 07:28:16] Timing @ep 5000: episode 48.9s | train 0.003s | eval 45.0s | plot 3.8s | save 0.005s | cum 0.03h
[2025-08-25 07:30:13] 
[2025-08-25 07:30:13] Benchmark @train_ep   10000 (bench_eps: 2000)
[2025-08-25 07:30:13] Macro Winrate          :  51.2%
[2025-08-25 07:30:13] Macro Ø-Reward         :  2.304
[2025-08-25 07:30:13] Winrate vs max_combo   :  31.2% | Σ-Reward:  3770.0 | Ø-Reward:  1.885 | Places: [625 (0.31), 730 (0.36), 435 (0.22), 210 (0.10)]
[2025-08-25 07:30:13] Winrate vs random2     :  66.0% | Σ-Reward:  5200.0 | Ø-Reward:  2.600 | Places: [1319 (0.66), 578 (0.29), 87 (0.04), 16 (0.01)]
[2025-08-25 07:30:13] Winrate vs single_only :  56.5% | Σ-Reward:  4853.0 | Ø-Reward:  2.426 | Places: [1130 (0.56), 635 (0.32), 193 (0.10), 42 (0.02)]
[2025-08-25 07:30:18] Timing @ep 10000: episode 50.8s | train 0.003s | eval 45.3s | plot 5.4s | save 0.001s | cum 0.07h
[2025-08-25 07:32:16] 
[2025-08-25 07:32:16] Benchmark @train_ep   15000 (bench_eps: 2000)
[2025-08-25 07:32:16] Macro Winrate          :  63.0%
[2025-08-25 07:32:16] Macro Ø-Reward         :  2.466
[2025-08-25 07:32:16] Winrate vs max_combo   :  40.4% | Σ-Reward:  4063.0 | Ø-Reward:  2.031 | Places: [808 (0.40), 643 (0.32), 353 (0.18), 196 (0.10)]
[2025-08-25 07:32:16] Winrate vs random2     :  79.5% | Σ-Reward:  5514.0 | Ø-Reward:  2.757 | Places: [1590 (0.80), 345 (0.17), 54 (0.03), 11 (0.01)]
[2025-08-25 07:32:16] Winrate vs single_only :  69.0% | Σ-Reward:  5219.0 | Ø-Reward:  2.610 | Places: [1380 (0.69), 476 (0.24), 127 (0.06), 17 (0.01)]
[2025-08-25 07:32:23] Timing @ep 15000: episode 53.3s | train 0.003s | eval 45.9s | plot 7.3s | save 0.002s | cum 0.10h
[2025-08-25 07:34:11] 
[2025-08-25 07:34:11] Benchmark @train_ep   20000 (bench_eps: 2000)
[2025-08-25 07:34:11] Macro Winrate          :  65.2%
[2025-08-25 07:34:11] Macro Ø-Reward         :  2.477
[2025-08-25 07:34:11] Winrate vs max_combo   :  41.0% | Σ-Reward:  4064.0 | Ø-Reward:  2.032 | Places: [821 (0.41), 620 (0.31), 361 (0.18), 198 (0.10)]
[2025-08-25 07:34:11] Winrate vs random2     :  83.3% | Σ-Reward:  5583.0 | Ø-Reward:  2.792 | Places: [1666 (0.83), 262 (0.13), 61 (0.03), 11 (0.01)]
[2025-08-25 07:34:11] Winrate vs single_only :  71.2% | Σ-Reward:  5212.0 | Ø-Reward:  2.606 | Places: [1425 (0.71), 394 (0.20), 149 (0.07), 32 (0.02)]
[2025-08-25 07:34:20] Timing @ep 20000: episode 46.5s | train 0.002s | eval 37.8s | plot 8.6s | save 0.002s | cum 0.13h
[2025-08-25 07:36:24] 
[2025-08-25 07:36:24] Benchmark @train_ep   25000 (bench_eps: 2000)
[2025-08-25 07:36:24] Macro Winrate          :  61.1%
[2025-08-25 07:36:24] Macro Ø-Reward         :  2.445
[2025-08-25 07:36:24] Winrate vs max_combo   :  41.8% | Σ-Reward:  4169.0 | Ø-Reward:  2.084 | Places: [835 (0.42), 649 (0.32), 366 (0.18), 150 (0.07)]
[2025-08-25 07:36:24] Winrate vs random2     :  78.8% | Σ-Reward:  5500.0 | Ø-Reward:  2.750 | Places: [1575 (0.79), 357 (0.18), 61 (0.03), 7 (0.00)]
[2025-08-25 07:36:24] Winrate vs single_only :  62.9% | Σ-Reward:  5004.0 | Ø-Reward:  2.502 | Places: [1258 (0.63), 514 (0.26), 202 (0.10), 26 (0.01)]
[2025-08-25 07:36:33] Timing @ep 25000: episode 56.5s | train 0.012s | eval 47.5s | plot 9.0s | save 0.003s | cum 0.17h
[2025-08-25 07:38:34] 
[2025-08-25 07:38:34] Benchmark @train_ep   30000 (bench_eps: 2000)
[2025-08-25 07:38:34] Macro Winrate          :  64.3%
[2025-08-25 07:38:34] Macro Ø-Reward         :  2.474
[2025-08-25 07:38:34] Winrate vs max_combo   :  40.9% | Σ-Reward:  4074.0 | Ø-Reward:  2.037 | Places: [817 (0.41), 646 (0.32), 331 (0.17), 206 (0.10)]
[2025-08-25 07:38:34] Winrate vs random2     :  82.8% | Σ-Reward:  5596.0 | Ø-Reward:  2.798 | Places: [1656 (0.83), 294 (0.15), 40 (0.02), 10 (0.01)]
[2025-08-25 07:38:34] Winrate vs single_only :  69.2% | Σ-Reward:  5173.0 | Ø-Reward:  2.587 | Places: [1385 (0.69), 433 (0.22), 152 (0.08), 30 (0.01)]
[2025-08-25 07:38:44] Timing @ep 30000: episode 58.0s | train 0.003s | eval 47.7s | plot 10.3s | save 0.002s | cum 0.21h
[2025-08-25 07:40:37] 
[2025-08-25 07:40:37] Benchmark @train_ep   35000 (bench_eps: 2000)
[2025-08-25 07:40:37] Macro Winrate          :  67.6%
[2025-08-25 07:40:37] Macro Ø-Reward         :  2.488
[2025-08-25 07:40:37] Winrate vs max_combo   :  45.5% | Σ-Reward:  4068.0 | Ø-Reward:  2.034 | Places: [910 (0.46), 499 (0.25), 340 (0.17), 251 (0.13)]
[2025-08-25 07:40:37] Winrate vs random2     :  83.1% | Σ-Reward:  5548.0 | Ø-Reward:  2.774 | Places: [1662 (0.83), 257 (0.13), 48 (0.02), 33 (0.02)]
[2025-08-25 07:40:37] Winrate vs single_only :  74.3% | Σ-Reward:  5312.0 | Ø-Reward:  2.656 | Places: [1486 (0.74), 373 (0.19), 108 (0.05), 33 (0.02)]
[2025-08-25 07:40:48] Timing @ep 35000: episode 51.7s | train 0.004s | eval 41.0s | plot 10.7s | save 0.002s | cum 0.24h
[2025-08-25 07:42:38] 
[2025-08-25 07:42:38] Benchmark @train_ep   40000 (bench_eps: 2000)
[2025-08-25 07:42:38] Macro Winrate          :  66.3%
[2025-08-25 07:42:38] Macro Ø-Reward         :  2.513
[2025-08-25 07:42:38] Winrate vs max_combo   :  44.7% | Σ-Reward:  4231.0 | Ø-Reward:  2.115 | Places: [894 (0.45), 617 (0.31), 315 (0.16), 174 (0.09)]
[2025-08-25 07:42:38] Winrate vs random2     :  81.7% | Σ-Reward:  5578.0 | Ø-Reward:  2.789 | Places: [1633 (0.82), 321 (0.16), 37 (0.02), 9 (0.00)]
[2025-08-25 07:42:38] Winrate vs single_only :  72.5% | Σ-Reward:  5270.0 | Ø-Reward:  2.635 | Places: [1450 (0.72), 388 (0.19), 144 (0.07), 18 (0.01)]
[2025-08-25 07:42:49] Timing @ep 40000: episode 49.6s | train 0.003s | eval 38.4s | plot 11.2s | save 0.001s | cum 0.27h
[2025-08-25 07:44:29] 
[2025-08-25 07:44:29] Benchmark @train_ep   45000 (bench_eps: 2000)
[2025-08-25 07:44:29] Macro Winrate          :  68.5%
[2025-08-25 07:44:29] Macro Ø-Reward         :  2.528
[2025-08-25 07:44:29] Winrate vs max_combo   :  44.9% | Σ-Reward:  4168.0 | Ø-Reward:  2.084 | Places: [897 (0.45), 586 (0.29), 305 (0.15), 212 (0.11)]
[2025-08-25 07:44:29] Winrate vs random2     :  83.2% | Σ-Reward:  5582.0 | Ø-Reward:  2.791 | Places: [1665 (0.83), 271 (0.14), 45 (0.02), 19 (0.01)]
[2025-08-25 07:44:29] Winrate vs single_only :  77.5% | Σ-Reward:  5416.0 | Ø-Reward:  2.708 | Places: [1550 (0.78), 333 (0.17), 100 (0.05), 17 (0.01)]
[2025-08-25 07:44:41] Timing @ep 45000: episode 45.4s | train 0.003s | eval 33.3s | plot 12.1s | save 0.001s | cum 0.31h
[2025-08-25 07:46:25] 
[2025-08-25 07:46:25] Benchmark @train_ep   50000 (bench_eps: 2000)
[2025-08-25 07:46:25] Macro Winrate          :  64.7%
[2025-08-25 07:46:25] Macro Ø-Reward         :  2.477
[2025-08-25 07:46:25] Winrate vs max_combo   :  44.1% | Σ-Reward:  4171.0 | Ø-Reward:  2.086 | Places: [882 (0.44), 584 (0.29), 357 (0.18), 177 (0.09)]
[2025-08-25 07:46:25] Winrate vs random2     :  82.0% | Σ-Reward:  5575.0 | Ø-Reward:  2.788 | Places: [1640 (0.82), 304 (0.15), 47 (0.02), 9 (0.00)]
[2025-08-25 07:46:25] Winrate vs single_only :  68.0% | Σ-Reward:  5119.0 | Ø-Reward:  2.559 | Places: [1359 (0.68), 437 (0.22), 168 (0.08), 36 (0.02)]
[2025-08-25 07:46:38] Timing @ep 50000: episode 52.2s | train 0.003s | eval 38.9s | plot 13.3s | save 0.001s | cum 0.34h
[2025-08-25 07:46:38] 
[2025-08-25 07:46:38] Gesamtzeit: 0.34h (~ 41.10 eps/s)
[2025-08-25 07:46:38] k1a1, Single Agent vs Heuristiken (max_combo). Training abgeschlossen.
[2025-08-25 07:46:38] Path: /home/wasterix/OpenSpiel/open_spiel/President/models/k1a1/model_87
