[2025-09-25 06:24:42] New Training (k1a2): DQN Single-Agent vs Heuristiken/Population (P0→P0)
[2025-09-25 06:24:42] Deck_Size: 64
[2025-09-25 06:24:42] Episodes: 100000
[2025-09-25 06:24:42] Path: /home/wasterix/OpenSpiel/open_spiel/President/models/k1a2/model_53
[2025-09-25 06:30:38] 
[2025-09-25 06:30:38] Benchmark @train_ep    5000 (bench_eps: 2000)
[2025-09-25 06:30:38] Macro Winrate          :  55.3%
[2025-09-25 06:30:38] Macro Ø-Reward         :  2.129
[2025-09-25 06:30:38] Winrate vs max_combo   :  33.1% | Σ-Reward:  3004.0 | Ø-Reward:  1.502 | Places: [662 (0.33), 354 (0.18), 310 (0.15), 674 (0.34)]
[2025-09-25 06:30:38] Winrate vs random2     :  66.2% | Σ-Reward:  4845.0 | Ø-Reward:  2.422 | Places: [1323 (0.66), 343 (0.17), 190 (0.10), 144 (0.07)]
[2025-09-25 06:30:38] Winrate vs single_only :  66.8% | Σ-Reward:  4927.0 | Ø-Reward:  2.463 | Places: [1335 (0.67), 380 (0.19), 162 (0.08), 123 (0.06)]
[2025-09-25 06:30:44] Timing @ep 5000: episode 42.8s | train 0.042s | eval 36.1s | plot 6.6s | save 0.005s | cum 0.10h
[2025-09-25 06:37:15] 
[2025-09-25 06:37:15] Benchmark @train_ep   10000 (bench_eps: 2000)
[2025-09-25 06:37:15] Macro Winrate          :  61.7%
[2025-09-25 06:37:15] Macro Ø-Reward         :  2.223
[2025-09-25 06:37:15] Winrate vs max_combo   :  45.1% | Σ-Reward:  3531.0 | Ø-Reward:  1.766 | Places: [903 (0.45), 282 (0.14), 258 (0.13), 557 (0.28)]
[2025-09-25 06:37:15] Winrate vs random2     :  74.9% | Σ-Reward:  5073.0 | Ø-Reward:  2.537 | Places: [1498 (0.75), 237 (0.12), 105 (0.05), 160 (0.08)]
[2025-09-25 06:37:15] Winrate vs single_only :  65.2% | Σ-Reward:  4732.0 | Ø-Reward:  2.366 | Places: [1303 (0.65), 332 (0.17), 159 (0.08), 206 (0.10)]
[2025-09-25 06:37:22] Timing @ep 10000: episode 41.3s | train 0.078s | eval 33.7s | plot 7.5s | save 0.002s | cum 0.21h
[2025-09-25 06:44:03] 
[2025-09-25 06:44:03] Benchmark @train_ep   15000 (bench_eps: 2000)
[2025-09-25 06:44:03] Macro Winrate          :  68.3%
[2025-09-25 06:44:03] Macro Ø-Reward         :  2.314
[2025-09-25 06:44:03] Winrate vs max_combo   :  52.4% | Σ-Reward:  3767.0 | Ø-Reward:  1.883 | Places: [1047 (0.52), 205 (0.10), 216 (0.11), 532 (0.27)]
[2025-09-25 06:44:03] Winrate vs random2     :  80.0% | Σ-Reward:  5231.0 | Ø-Reward:  2.615 | Places: [1599 (0.80), 171 (0.09), 92 (0.05), 138 (0.07)]
[2025-09-25 06:44:03] Winrate vs single_only :  72.7% | Σ-Reward:  4886.0 | Ø-Reward:  2.443 | Places: [1453 (0.73), 193 (0.10), 141 (0.07), 213 (0.11)]
[2025-09-25 06:44:11] Timing @ep 15000: episode 42.8s | train 0.094s | eval 34.1s | plot 8.6s | save 0.002s | cum 0.32h
[2025-09-25 06:51:02] 
[2025-09-25 06:51:02] Benchmark @train_ep   20000 (bench_eps: 2000)
[2025-09-25 06:51:02] Macro Winrate          :  71.3%
[2025-09-25 06:51:02] Macro Ø-Reward         :  2.397
[2025-09-25 06:51:02] Winrate vs max_combo   :  55.1% | Σ-Reward:  3937.0 | Ø-Reward:  1.968 | Places: [1102 (0.55), 222 (0.11), 187 (0.09), 489 (0.24)]
[2025-09-25 06:51:02] Winrate vs random2     :  81.6% | Σ-Reward:  5352.0 | Ø-Reward:  2.676 | Places: [1632 (0.82), 180 (0.09), 96 (0.05), 92 (0.05)]
[2025-09-25 06:51:02] Winrate vs single_only :  77.3% | Σ-Reward:  5092.0 | Ø-Reward:  2.546 | Places: [1547 (0.77), 170 (0.09), 111 (0.06), 172 (0.09)]
[2025-09-25 06:51:12] Timing @ep 20000: episode 43.2s | train 0.047s | eval 33.0s | plot 10.1s | save 0.002s | cum 0.44h
[2025-09-25 06:58:06] 
[2025-09-25 06:58:06] Benchmark @train_ep   25000 (bench_eps: 2000)
[2025-09-25 06:58:06] Macro Winrate          :  72.3%
[2025-09-25 06:58:06] Macro Ø-Reward         :  2.430
[2025-09-25 06:58:06] Winrate vs max_combo   :  59.5% | Σ-Reward:  4224.0 | Ø-Reward:  2.112 | Places: [1189 (0.59), 211 (0.11), 235 (0.12), 365 (0.18)]
[2025-09-25 06:58:06] Winrate vs random2     :  81.8% | Σ-Reward:  5339.0 | Ø-Reward:  2.670 | Places: [1635 (0.82), 170 (0.09), 94 (0.05), 101 (0.05)]
[2025-09-25 06:58:06] Winrate vs single_only :  75.6% | Σ-Reward:  5016.0 | Ø-Reward:  2.508 | Places: [1512 (0.76), 159 (0.08), 162 (0.08), 167 (0.08)]
[2025-09-25 06:58:17] Timing @ep 25000: episode 44.5s | train 0.088s | eval 33.0s | plot 11.4s | save 0.002s | cum 0.56h
[2025-09-25 07:04:49] 
[2025-09-25 07:04:49] Benchmark @train_ep   30000 (bench_eps: 2000)
[2025-09-25 07:04:49] Macro Winrate          :  72.7%
[2025-09-25 07:04:49] Macro Ø-Reward         :  2.344
[2025-09-25 07:04:49] Winrate vs max_combo   :  60.5% | Σ-Reward:  3951.0 | Ø-Reward:  1.976 | Places: [1210 (0.60), 85 (0.04), 151 (0.08), 554 (0.28)]
[2025-09-25 07:04:49] Winrate vs random2     :  83.0% | Σ-Reward:  5277.0 | Ø-Reward:  2.639 | Places: [1659 (0.83), 98 (0.05), 104 (0.05), 139 (0.07)]
[2025-09-25 07:04:49] Winrate vs single_only :  74.7% | Σ-Reward:  4835.0 | Ø-Reward:  2.417 | Places: [1494 (0.75), 122 (0.06), 109 (0.05), 275 (0.14)]
[2025-09-25 07:05:01] Timing @ep 30000: episode 45.1s | train 0.050s | eval 33.4s | plot 11.7s | save 0.002s | cum 0.67h
[2025-09-25 07:13:46] 
[2025-09-25 07:13:46] Benchmark @train_ep   35000 (bench_eps: 2000)
[2025-09-25 07:13:46] Macro Winrate          :  74.2%
[2025-09-25 07:13:46] Macro Ø-Reward         :  2.504
[2025-09-25 07:13:46] Winrate vs max_combo   :  61.4% | Σ-Reward:  4318.0 | Ø-Reward:  2.159 | Places: [1227 (0.61), 203 (0.10), 231 (0.12), 339 (0.17)]
[2025-09-25 07:13:46] Winrate vs random2     :  82.7% | Σ-Reward:  5463.0 | Ø-Reward:  2.732 | Places: [1654 (0.83), 209 (0.10), 83 (0.04), 54 (0.03)]
[2025-09-25 07:13:46] Winrate vs single_only :  78.6% | Σ-Reward:  5243.0 | Ø-Reward:  2.622 | Places: [1572 (0.79), 196 (0.10), 135 (0.07), 97 (0.05)]
[2025-09-25 07:14:00] Timing @ep 35000: episode 53.2s | train 0.155s | eval 40.0s | plot 13.1s | save 0.003s | cum 0.82h
[2025-09-25 07:21:46] 
[2025-09-25 07:21:46] Benchmark @train_ep   40000 (bench_eps: 2000)
[2025-09-25 07:21:46] Macro Winrate          :  76.8%
[2025-09-25 07:21:46] Macro Ø-Reward         :  2.456
[2025-09-25 07:21:46] Winrate vs max_combo   :  64.0% | Σ-Reward:  4203.0 | Ø-Reward:  2.102 | Places: [1279 (0.64), 99 (0.05), 168 (0.08), 454 (0.23)]
[2025-09-25 07:21:46] Winrate vs random2     :  86.0% | Σ-Reward:  5433.0 | Ø-Reward:  2.716 | Places: [1721 (0.86), 106 (0.05), 58 (0.03), 115 (0.06)]
[2025-09-25 07:21:46] Winrate vs single_only :  80.3% | Σ-Reward:  5097.0 | Ø-Reward:  2.549 | Places: [1607 (0.80), 90 (0.04), 96 (0.05), 207 (0.10)]
[2025-09-25 07:22:00] Timing @ep 40000: episode 48.8s | train 0.046s | eval 35.1s | plot 13.7s | save 0.002s | cum 0.95h
[2025-09-25 07:29:22] 
[2025-09-25 07:29:22] Benchmark @train_ep   45000 (bench_eps: 2000)
[2025-09-25 07:29:22] Macro Winrate          :  76.7%
[2025-09-25 07:29:22] Macro Ø-Reward         :  2.519
[2025-09-25 07:29:22] Winrate vs max_combo   :  63.2% | Σ-Reward:  4349.0 | Ø-Reward:  2.175 | Places: [1264 (0.63), 181 (0.09), 195 (0.10), 360 (0.18)]
[2025-09-25 07:29:22] Winrate vs random2     :  86.1% | Σ-Reward:  5490.0 | Ø-Reward:  2.745 | Places: [1722 (0.86), 134 (0.07), 56 (0.03), 88 (0.04)]
[2025-09-25 07:29:22] Winrate vs single_only :  80.8% | Σ-Reward:  5274.0 | Ø-Reward:  2.637 | Places: [1617 (0.81), 162 (0.08), 99 (0.05), 122 (0.06)]
[2025-09-25 07:29:38] Timing @ep 45000: episode 48.8s | train 0.038s | eval 33.3s | plot 15.5s | save 0.003s | cum 1.08h
[2025-09-25 07:36:24] 
[2025-09-25 07:36:24] Benchmark @train_ep   50000 (bench_eps: 2000)
[2025-09-25 07:36:24] Macro Winrate          :  75.1%
[2025-09-25 07:36:24] Macro Ø-Reward         :  2.480
[2025-09-25 07:36:24] Winrate vs max_combo   :  61.6% | Σ-Reward:  4204.0 | Ø-Reward:  2.102 | Places: [1233 (0.62), 121 (0.06), 263 (0.13), 383 (0.19)]
[2025-09-25 07:36:24] Winrate vs random2     :  83.5% | Σ-Reward:  5447.0 | Ø-Reward:  2.724 | Places: [1669 (0.83), 167 (0.08), 106 (0.05), 58 (0.03)]
[2025-09-25 07:36:24] Winrate vs single_only :  80.2% | Σ-Reward:  5228.0 | Ø-Reward:  2.614 | Places: [1603 (0.80), 122 (0.06), 175 (0.09), 100 (0.05)]
[2025-09-25 07:36:41] Timing @ep 50000: episode 49.3s | train 0.086s | eval 31.9s | plot 17.3s | save 0.002s | cum 1.20h
[2025-09-25 07:43:26] 
[2025-09-25 07:43:26] Benchmark @train_ep   55000 (bench_eps: 2000)
[2025-09-25 07:43:26] Macro Winrate          :  72.8%
[2025-09-25 07:43:26] Macro Ø-Reward         :  2.399
[2025-09-25 07:43:26] Winrate vs max_combo   :  61.0% | Σ-Reward:  4071.0 | Ø-Reward:  2.035 | Places: [1221 (0.61), 110 (0.06), 188 (0.09), 481 (0.24)]
[2025-09-25 07:43:26] Winrate vs random2     :  81.2% | Σ-Reward:  5339.0 | Ø-Reward:  2.670 | Places: [1625 (0.81), 179 (0.09), 106 (0.05), 90 (0.04)]
[2025-09-25 07:43:26] Winrate vs single_only :  76.0% | Σ-Reward:  4982.0 | Ø-Reward:  2.491 | Places: [1519 (0.76), 124 (0.06), 177 (0.09), 180 (0.09)]
[2025-09-25 07:43:44] Timing @ep 55000: episode 52.7s | train 0.086s | eval 34.4s | plot 18.1s | save 0.002s | cum 1.32h
[2025-09-25 07:50:39] 
[2025-09-25 07:50:39] Benchmark @train_ep   60000 (bench_eps: 2000)
[2025-09-25 07:50:39] Macro Winrate          :  75.2%
[2025-09-25 07:50:39] Macro Ø-Reward         :  2.431
[2025-09-25 07:50:39] Winrate vs max_combo   :  62.4% | Σ-Reward:  4138.0 | Ø-Reward:  2.069 | Places: [1247 (0.62), 112 (0.06), 173 (0.09), 468 (0.23)]
[2025-09-25 07:50:39] Winrate vs random2     :  84.2% | Σ-Reward:  5397.0 | Ø-Reward:  2.699 | Places: [1684 (0.84), 120 (0.06), 105 (0.05), 91 (0.05)]
[2025-09-25 07:50:39] Winrate vs single_only :  79.1% | Σ-Reward:  5050.0 | Ø-Reward:  2.525 | Places: [1582 (0.79), 94 (0.05), 116 (0.06), 208 (0.10)]
[2025-09-25 07:50:59] Timing @ep 60000: episode 55.4s | train 0.043s | eval 35.3s | plot 20.1s | save 0.002s | cum 1.44h
[2025-09-25 07:58:47] 
[2025-09-25 07:58:47] Benchmark @train_ep   65000 (bench_eps: 2000)
[2025-09-25 07:58:47] Macro Winrate          :  74.8%
[2025-09-25 07:58:47] Macro Ø-Reward         :  2.363
[2025-09-25 07:58:47] Winrate vs max_combo   :  61.1% | Σ-Reward:  3895.0 | Ø-Reward:  1.948 | Places: [1222 (0.61), 52 (0.03), 125 (0.06), 601 (0.30)]
[2025-09-25 07:58:47] Winrate vs random2     :  82.7% | Σ-Reward:  5244.0 | Ø-Reward:  2.622 | Places: [1654 (0.83), 91 (0.05), 100 (0.05), 155 (0.08)]
[2025-09-25 07:58:47] Winrate vs single_only :  80.7% | Σ-Reward:  5040.0 | Ø-Reward:  2.520 | Places: [1613 (0.81), 48 (0.02), 105 (0.05), 234 (0.12)]
[2025-09-25 07:59:08] Timing @ep 65000: episode 53.9s | train 0.056s | eval 33.2s | plot 20.7s | save 0.002s | cum 1.57h
[2025-09-25 08:05:57] 
[2025-09-25 08:05:57] Benchmark @train_ep   70000 (bench_eps: 2000)
[2025-09-25 08:05:57] Macro Winrate          :  75.8%
[2025-09-25 08:05:57] Macro Ø-Reward         :  2.417
[2025-09-25 08:05:57] Winrate vs max_combo   :  64.0% | Σ-Reward:  4110.0 | Ø-Reward:  2.055 | Places: [1281 (0.64), 74 (0.04), 119 (0.06), 526 (0.26)]
[2025-09-25 08:05:57] Winrate vs random2     :  81.2% | Σ-Reward:  5212.0 | Ø-Reward:  2.606 | Places: [1625 (0.81), 123 (0.06), 91 (0.05), 161 (0.08)]
[2025-09-25 08:05:57] Winrate vs single_only :  82.0% | Σ-Reward:  5183.0 | Ø-Reward:  2.591 | Places: [1640 (0.82), 93 (0.05), 77 (0.04), 190 (0.10)]
[2025-09-25 08:06:19] Timing @ep 70000: episode 54.2s | train 0.054s | eval 32.4s | plot 21.8s | save 0.002s | cum 1.69h
[2025-09-25 08:12:50] 
[2025-09-25 08:12:50] Benchmark @train_ep   75000 (bench_eps: 2000)
[2025-09-25 08:12:50] Macro Winrate          :  74.2%
[2025-09-25 08:12:50] Macro Ø-Reward         :  2.355
[2025-09-25 08:12:50] Winrate vs max_combo   :  62.0% | Σ-Reward:  3965.0 | Ø-Reward:  1.982 | Places: [1241 (0.62), 68 (0.03), 106 (0.05), 585 (0.29)]
[2025-09-25 08:12:50] Winrate vs random2     :  81.7% | Σ-Reward:  5220.0 | Ø-Reward:  2.610 | Places: [1633 (0.82), 118 (0.06), 85 (0.04), 164 (0.08)]
[2025-09-25 08:12:50] Winrate vs single_only :  78.9% | Σ-Reward:  4946.0 | Ø-Reward:  2.473 | Places: [1578 (0.79), 65 (0.03), 82 (0.04), 275 (0.14)]
[2025-09-25 08:13:11] Timing @ep 75000: episode 54.5s | train 0.087s | eval 32.8s | plot 21.6s | save 0.001s | cum 1.81h
[2025-09-25 08:19:43] 
[2025-09-25 08:19:43] Benchmark @train_ep   80000 (bench_eps: 2000)
[2025-09-25 08:19:43] Macro Winrate          :  77.0%
[2025-09-25 08:19:43] Macro Ø-Reward         :  2.425
[2025-09-25 08:19:43] Winrate vs max_combo   :  62.2% | Σ-Reward:  4019.0 | Ø-Reward:  2.010 | Places: [1245 (0.62), 82 (0.04), 120 (0.06), 553 (0.28)]
[2025-09-25 08:19:43] Winrate vs random2     :  85.5% | Σ-Reward:  5362.0 | Ø-Reward:  2.681 | Places: [1710 (0.85), 74 (0.04), 84 (0.04), 132 (0.07)]
[2025-09-25 08:19:43] Winrate vs single_only :  83.3% | Σ-Reward:  5172.0 | Ø-Reward:  2.586 | Places: [1666 (0.83), 58 (0.03), 58 (0.03), 218 (0.11)]
[2025-09-25 08:20:07] Timing @ep 80000: episode 57.4s | train 0.056s | eval 33.6s | plot 23.7s | save 0.002s | cum 1.92h
[2025-09-25 08:26:49] 
[2025-09-25 08:26:49] Benchmark @train_ep   85000 (bench_eps: 2000)
[2025-09-25 08:26:49] Macro Winrate          :  74.2%
[2025-09-25 08:26:49] Macro Ø-Reward         :  2.322
[2025-09-25 08:26:49] Winrate vs max_combo   :  62.0% | Σ-Reward:  3883.0 | Ø-Reward:  1.942 | Places: [1240 (0.62), 27 (0.01), 109 (0.05), 624 (0.31)]
[2025-09-25 08:26:49] Winrate vs random2     :  81.5% | Σ-Reward:  5131.0 | Ø-Reward:  2.566 | Places: [1631 (0.82), 70 (0.04), 98 (0.05), 201 (0.10)]
[2025-09-25 08:26:49] Winrate vs single_only :  79.0% | Σ-Reward:  4920.0 | Ø-Reward:  2.460 | Places: [1579 (0.79), 43 (0.02), 97 (0.05), 281 (0.14)]
[2025-09-25 08:27:15] Timing @ep 85000: episode 61.7s | train 0.045s | eval 35.2s | plot 26.4s | save 0.002s | cum 2.04h
[2025-09-25 08:33:49] 
[2025-09-25 08:33:49] Benchmark @train_ep   90000 (bench_eps: 2000)
[2025-09-25 08:33:49] Macro Winrate          :  71.4%
[2025-09-25 08:33:49] Macro Ø-Reward         :  2.395
[2025-09-25 08:33:49] Winrate vs max_combo   :  58.8% | Σ-Reward:  4071.0 | Ø-Reward:  2.035 | Places: [1176 (0.59), 186 (0.09), 171 (0.09), 467 (0.23)]
[2025-09-25 08:33:49] Winrate vs random2     :  81.3% | Σ-Reward:  5321.0 | Ø-Reward:  2.660 | Places: [1626 (0.81), 181 (0.09), 81 (0.04), 112 (0.06)]
[2025-09-25 08:33:49] Winrate vs single_only :  74.0% | Σ-Reward:  4979.0 | Ø-Reward:  2.490 | Places: [1480 (0.74), 219 (0.11), 101 (0.05), 200 (0.10)]
[2025-09-25 08:34:15] Timing @ep 90000: episode 61.3s | train 0.054s | eval 35.2s | plot 26.0s | save 0.002s | cum 2.16h
[2025-09-25 08:40:51] 
[2025-09-25 08:40:51] Benchmark @train_ep   95000 (bench_eps: 2000)
[2025-09-25 08:40:51] Macro Winrate          :  73.9%
[2025-09-25 08:40:51] Macro Ø-Reward         :  2.362
[2025-09-25 08:40:51] Winrate vs max_combo   :  62.2% | Σ-Reward:  4017.0 | Ø-Reward:  2.009 | Places: [1244 (0.62), 86 (0.04), 113 (0.06), 557 (0.28)]
[2025-09-25 08:40:51] Winrate vs random2     :  82.0% | Σ-Reward:  5255.0 | Ø-Reward:  2.627 | Places: [1641 (0.82), 117 (0.06), 98 (0.05), 144 (0.07)]
[2025-09-25 08:40:51] Winrate vs single_only :  77.3% | Σ-Reward:  4900.0 | Ø-Reward:  2.450 | Places: [1546 (0.77), 85 (0.04), 92 (0.05), 277 (0.14)]
[2025-09-25 08:41:18] Timing @ep 95000: episode 59.9s | train 0.078s | eval 32.7s | plot 27.0s | save 0.002s | cum 2.28h
[2025-09-25 08:48:02] 
[2025-09-25 08:48:02] Benchmark @train_ep  100000 (bench_eps: 2000)
[2025-09-25 08:48:02] Macro Winrate          :  74.8%
[2025-09-25 08:48:02] Macro Ø-Reward         :  2.509
[2025-09-25 08:48:02] Winrate vs max_combo   :  61.5% | Σ-Reward:  4332.0 | Ø-Reward:  2.166 | Places: [1229 (0.61), 226 (0.11), 193 (0.10), 352 (0.18)]
[2025-09-25 08:48:02] Winrate vs random2     :  82.8% | Σ-Reward:  5456.0 | Ø-Reward:  2.728 | Places: [1655 (0.83), 200 (0.10), 91 (0.05), 54 (0.03)]
[2025-09-25 08:48:02] Winrate vs single_only :  80.3% | Σ-Reward:  5266.0 | Ø-Reward:  2.633 | Places: [1606 (0.80), 168 (0.08), 112 (0.06), 114 (0.06)]
[2025-09-25 08:48:30] Timing @ep 100000: episode 60.1s | train 0.056s | eval 31.8s | plot 28.2s | save 0.002s | cum 2.40h
[2025-09-25 08:48:30] Opponent-Usage gespeichert: /home/wasterix/OpenSpiel/open_spiel/President/models/k1a2/model_53/plots/opponent_usage.csv
[2025-09-25 08:48:30] 
[2025-09-25 08:48:30] Gesamtzeit: 2.40h (~ 11.59 eps/s)
[2025-09-25 08:48:30] k1a2, Single Agent vs Population. Training abgeschlossen.
[2025-09-25 08:48:30] Path: /home/wasterix/OpenSpiel/open_spiel/President/models/k1a2/model_53
