[2025-08-24 12:35:00] New Training (k1a1)
[2025-08-24 12:35:00] Deck_Size: 16
[2025-08-24 12:35:00] Episodes: 2000
[2025-08-24 12:35:00] Path: /home/wasterix/Multiagent/OpenSpiel_neu/open_spiel/President/models/k1a1/model_79
[2025-08-24 12:35:08] 
[2025-08-24 12:35:08] Benchmark @train_ep     500 (bench_eps: 500)
[2025-08-24 12:35:08] Macro Winrate          :  30.6%
[2025-08-24 12:35:08] Macro Ø-Reward         :  1.477
[2025-08-24 12:35:08] Winrate vs max_combo   :  26.0% | Σ-Reward:  644.0 | Ø-Reward:  1.288 | Places: [130 (0.26), 70 (0.14), 114 (0.23), 186 (0.37)]
[2025-08-24 12:35:08] Winrate vs random2     :  25.0% | Σ-Reward:  737.0 | Ø-Reward:  1.474 | Places: [125 (0.25), 109 (0.22), 144 (0.29), 122 (0.24)]
[2025-08-24 12:35:08] Winrate vs single_only :  40.8% | Σ-Reward:  834.0 | Ø-Reward:  1.668 | Places: [204 (0.41), 53 (0.11), 116 (0.23), 127 (0.25)]
[2025-08-24 12:35:11] Timing @ep 500: episode 5.6s | train 0.002s | eval 2.9s | plot 2.6s | save 0.010s | cum 0.00h
[2025-08-24 12:35:17] 
[2025-08-24 12:35:17] Benchmark @train_ep    1000 (bench_eps: 500)
[2025-08-24 12:35:17] Macro Winrate          :  32.9%
[2025-08-24 12:35:17] Macro Ø-Reward         :  1.611
[2025-08-24 12:35:17] Winrate vs max_combo   :  24.6% | Σ-Reward:  676.0 | Ø-Reward:  1.352 | Places: [123 (0.25), 93 (0.19), 121 (0.24), 163 (0.33)]
[2025-08-24 12:35:17] Winrate vs random2     :  26.8% | Σ-Reward:  791.0 | Ø-Reward:  1.582 | Places: [134 (0.27), 133 (0.27), 123 (0.25), 110 (0.22)]
[2025-08-24 12:35:17] Winrate vs single_only :  47.2% | Σ-Reward:  949.0 | Ø-Reward:  1.898 | Places: [236 (0.47), 72 (0.14), 97 (0.19), 95 (0.19)]
[2025-08-24 12:35:20] Timing @ep 1000: episode 5.6s | train 0.004s | eval 2.9s | plot 2.7s | save 0.002s | cum 0.00h
[2025-08-24 12:35:26] 
[2025-08-24 12:35:26] Benchmark @train_ep    1500 (bench_eps: 500)
[2025-08-24 12:35:26] Macro Winrate          :  35.9%
[2025-08-24 12:35:26] Macro Ø-Reward         :  1.671
[2025-08-24 12:35:26] Winrate vs max_combo   :  28.4% | Σ-Reward:  725.0 | Ø-Reward:  1.450 | Places: [142 (0.28), 90 (0.18), 119 (0.24), 149 (0.30)]
[2025-08-24 12:35:26] Winrate vs random2     :  28.8% | Σ-Reward:  812.0 | Ø-Reward:  1.624 | Places: [144 (0.29), 130 (0.26), 120 (0.24), 106 (0.21)]
[2025-08-24 12:35:26] Winrate vs single_only :  50.4% | Σ-Reward:  970.0 | Ø-Reward:  1.940 | Places: [252 (0.50), 54 (0.11), 106 (0.21), 88 (0.18)]
[2025-08-24 12:35:28] Timing @ep 1500: episode 5.4s | train 0.002s | eval 2.7s | plot 2.6s | save 0.001s | cum 0.01h
[2025-08-24 12:35:34] 
[2025-08-24 12:35:34] Benchmark @train_ep    2000 (bench_eps: 500)
[2025-08-24 12:35:34] Macro Winrate          :  37.0%
[2025-08-24 12:35:34] Macro Ø-Reward         :  1.737
[2025-08-24 12:35:34] Winrate vs max_combo   :  26.4% | Σ-Reward:  738.0 | Ø-Reward:  1.476 | Places: [132 (0.26), 109 (0.22), 124 (0.25), 135 (0.27)]
[2025-08-24 12:35:34] Winrate vs random2     :  29.8% | Σ-Reward:  837.0 | Ø-Reward:  1.674 | Places: [149 (0.30), 124 (0.25), 142 (0.28), 85 (0.17)]
[2025-08-24 12:35:34] Winrate vs single_only :  54.8% | Σ-Reward:  1031.0 | Ø-Reward:  2.062 | Places: [274 (0.55), 58 (0.12), 93 (0.19), 75 (0.15)]
[2025-08-24 12:35:37] Timing @ep 2000: episode 5.8s | train 0.002s | eval 2.7s | plot 3.1s | save 0.002s | cum 0.01h
[2025-08-24 12:35:37] 
[2025-08-24 12:35:37] Gesamtzeit: 0.01h (~ 56.81 eps/s)
[2025-08-24 12:35:37] k1a1, Single Agent vs Heuristiken (max_combo). Training abgeschlossen.
[2025-08-24 12:35:37] Path: /home/wasterix/Multiagent/OpenSpiel_neu/open_spiel/President/models/k1a1/model_79
