[2025-09-01 23:03:50] New Training (k2a2): 4 getrennte DQN-Agents — simultanes Lernen
[2025-09-01 23:03:50] Deck_Size: 64
[2025-09-01 23:03:50] Episodes: 500000
[2025-09-01 23:03:50] Path: /home/wasterix/OpenSpiel/open_spiel/President/models/k2a2/model_03
[2025-09-01 23:43:12] 
[2025-09-01 23:43:12] Benchmark @train_ep   10000 (bench_eps: 2000)
[2025-09-01 23:43:12] Macro Winrate          :  65.9%
[2025-09-01 23:43:12] Macro Ø-Reward         :  2.463
[2025-09-01 23:43:12] Winrate vs max_combo   :  42.0% | Σ-Reward:  4025.0 | Ø-Reward:  2.013 | Places: [840 (0.42), 587 (0.29), 331 (0.17), 242 (0.12)]
[2025-09-01 23:43:12] Winrate vs random2     :  71.8% | Σ-Reward:  5216.0 | Ø-Reward:  2.608 | Places: [1437 (0.72), 399 (0.20), 107 (0.05), 57 (0.03)]
[2025-09-01 23:43:12] Winrate vs single_only :  83.7% | Σ-Reward:  5536.0 | Ø-Reward:  2.768 | Places: [1674 (0.84), 217 (0.11), 80 (0.04), 29 (0.01)]
[2025-09-01 23:43:14] Timing @ep 10000: episode 22.9s | train 0.000s | eval 21.2s | plot 1.4s | save 0.005s | cum 0.66h
[2025-09-02 00:27:29] 
[2025-09-02 00:27:29] Benchmark @train_ep   20000 (bench_eps: 2000)
[2025-09-02 00:27:29] Macro Winrate          :  68.0%
[2025-09-02 00:27:29] Macro Ø-Reward         :  2.504
[2025-09-02 00:27:29] Winrate vs max_combo   :  49.9% | Σ-Reward:  4340.0 | Ø-Reward:  2.170 | Places: [998 (0.50), 521 (0.26), 304 (0.15), 177 (0.09)]
[2025-09-02 00:27:29] Winrate vs random2     :  73.1% | Σ-Reward:  5218.0 | Ø-Reward:  2.609 | Places: [1462 (0.73), 356 (0.18), 120 (0.06), 62 (0.03)]
[2025-09-02 00:27:29] Winrate vs single_only :  81.0% | Σ-Reward:  5463.0 | Ø-Reward:  2.732 | Places: [1620 (0.81), 256 (0.13), 91 (0.05), 33 (0.02)]
[2025-09-02 00:27:30] Timing @ep 20000: episode 22.7s | train 0.000s | eval 21.3s | plot 1.2s | save 0.005s | cum 1.39h
[2025-09-02 01:09:44] 
[2025-09-02 01:09:44] Benchmark @train_ep   30000 (bench_eps: 2000)
[2025-09-02 01:09:44] Macro Winrate          :  70.4%
[2025-09-02 01:09:44] Macro Ø-Reward         :  2.557
[2025-09-02 01:09:44] Winrate vs max_combo   :  51.8% | Σ-Reward:  4481.0 | Ø-Reward:  2.240 | Places: [1036 (0.52), 568 (0.28), 237 (0.12), 159 (0.08)]
[2025-09-02 01:09:44] Winrate vs random2     :  77.6% | Σ-Reward:  5353.0 | Ø-Reward:  2.676 | Places: [1552 (0.78), 297 (0.15), 103 (0.05), 48 (0.02)]
[2025-09-02 01:09:44] Winrate vs single_only :  81.8% | Σ-Reward:  5510.0 | Ø-Reward:  2.755 | Places: [1637 (0.82), 257 (0.13), 85 (0.04), 21 (0.01)]
[2025-09-02 01:09:45] Timing @ep 30000: episode 22.5s | train 0.000s | eval 21.0s | plot 1.2s | save 0.005s | cum 2.10h
[2025-09-02 01:51:55] 
[2025-09-02 01:51:55] Benchmark @train_ep   40000 (bench_eps: 2000)
[2025-09-02 01:51:55] Macro Winrate          :  70.2%
[2025-09-02 01:51:55] Macro Ø-Reward         :  2.544
[2025-09-02 01:51:55] Winrate vs max_combo   :  51.5% | Σ-Reward:  4427.0 | Ø-Reward:  2.213 | Places: [1030 (0.52), 543 (0.27), 251 (0.13), 176 (0.09)]
[2025-09-02 01:51:55] Winrate vs random2     :  76.4% | Σ-Reward:  5321.0 | Ø-Reward:  2.660 | Places: [1528 (0.76), 319 (0.16), 99 (0.05), 54 (0.03)]
[2025-09-02 01:51:55] Winrate vs single_only :  82.5% | Σ-Reward:  5517.0 | Ø-Reward:  2.759 | Places: [1651 (0.83), 237 (0.12), 90 (0.04), 22 (0.01)]
[2025-09-02 01:51:57] Timing @ep 40000: episode 23.4s | train 0.000s | eval 21.4s | plot 1.7s | save 0.005s | cum 2.80h
[2025-09-02 02:34:06] 
[2025-09-02 02:34:06] Benchmark @train_ep   50000 (bench_eps: 2000)
[2025-09-02 02:34:06] Macro Winrate          :  68.1%
[2025-09-02 02:34:06] Macro Ø-Reward         :  2.510
[2025-09-02 02:34:06] Winrate vs max_combo   :  49.6% | Σ-Reward:  4386.0 | Ø-Reward:  2.193 | Places: [992 (0.50), 572 (0.29), 266 (0.13), 170 (0.09)]
[2025-09-02 02:34:06] Winrate vs random2     :  74.0% | Σ-Reward:  5222.0 | Ø-Reward:  2.611 | Places: [1479 (0.74), 324 (0.16), 137 (0.07), 60 (0.03)]
[2025-09-02 02:34:06] Winrate vs single_only :  80.8% | Σ-Reward:  5450.0 | Ø-Reward:  2.725 | Places: [1615 (0.81), 252 (0.13), 101 (0.05), 32 (0.02)]
[2025-09-02 02:34:07] Timing @ep 50000: episode 23.6s | train 0.000s | eval 22.1s | plot 1.2s | save 0.004s | cum 3.50h
[2025-09-02 03:16:31] 
[2025-09-02 03:16:31] Benchmark @train_ep   60000 (bench_eps: 2000)
[2025-09-02 03:16:31] Macro Winrate          :  69.5%
[2025-09-02 03:16:31] Macro Ø-Reward         :  2.533
[2025-09-02 03:16:31] Winrate vs max_combo   :  50.9% | Σ-Reward:  4417.0 | Ø-Reward:  2.208 | Places: [1017 (0.51), 549 (0.27), 268 (0.13), 166 (0.08)]
[2025-09-02 03:16:31] Winrate vs random2     :  77.4% | Σ-Reward:  5337.0 | Ø-Reward:  2.668 | Places: [1548 (0.77), 301 (0.15), 91 (0.05), 60 (0.03)]
[2025-09-02 03:16:31] Winrate vs single_only :  80.3% | Σ-Reward:  5441.0 | Ø-Reward:  2.720 | Places: [1606 (0.80), 259 (0.13), 105 (0.05), 30 (0.01)]
[2025-09-02 03:16:32] Timing @ep 60000: episode 23.5s | train 0.000s | eval 22.3s | plot 1.0s | save 0.004s | cum 4.21h
[2025-09-02 03:58:47] 
[2025-09-02 03:58:47] Benchmark @train_ep   70000 (bench_eps: 2000)
[2025-09-02 03:58:47] Macro Winrate          :  68.1%
[2025-09-02 03:58:47] Macro Ø-Reward         :  2.514
[2025-09-02 03:58:47] Winrate vs max_combo   :  47.9% | Σ-Reward:  4288.0 | Ø-Reward:  2.144 | Places: [958 (0.48), 558 (0.28), 298 (0.15), 186 (0.09)]
[2025-09-02 03:58:47] Winrate vs random2     :  74.6% | Σ-Reward:  5295.0 | Ø-Reward:  2.647 | Places: [1492 (0.75), 355 (0.18), 109 (0.05), 44 (0.02)]
[2025-09-02 03:58:47] Winrate vs single_only :  81.9% | Σ-Reward:  5501.0 | Ø-Reward:  2.751 | Places: [1638 (0.82), 245 (0.12), 97 (0.05), 20 (0.01)]
[2025-09-02 03:58:49] Timing @ep 70000: episode 23.4s | train 0.000s | eval 21.5s | plot 1.6s | save 0.004s | cum 4.92h
[2025-09-02 04:41:00] 
[2025-09-02 04:41:00] Benchmark @train_ep   80000 (bench_eps: 2000)
[2025-09-02 04:41:00] Macro Winrate          :  69.3%
[2025-09-02 04:41:00] Macro Ø-Reward         :  2.547
[2025-09-02 04:41:00] Winrate vs max_combo   :  51.0% | Σ-Reward:  4477.0 | Ø-Reward:  2.239 | Places: [1021 (0.51), 580 (0.29), 254 (0.13), 145 (0.07)]
[2025-09-02 04:41:00] Winrate vs random2     :  76.2% | Σ-Reward:  5322.0 | Ø-Reward:  2.661 | Places: [1523 (0.76), 326 (0.16), 101 (0.05), 50 (0.03)]
[2025-09-02 04:41:00] Winrate vs single_only :  80.7% | Σ-Reward:  5485.0 | Ø-Reward:  2.743 | Places: [1613 (0.81), 278 (0.14), 90 (0.04), 19 (0.01)]
[2025-09-02 04:41:01] Timing @ep 80000: episode 22.6s | train 0.000s | eval 21.2s | plot 1.2s | save 0.005s | cum 5.62h
[2025-09-02 05:23:22] 
[2025-09-02 05:23:22] Benchmark @train_ep   90000 (bench_eps: 2000)
[2025-09-02 05:23:22] Macro Winrate          :  69.0%
[2025-09-02 05:23:22] Macro Ø-Reward         :  2.532
[2025-09-02 05:23:22] Winrate vs max_combo   :  50.5% | Σ-Reward:  4376.0 | Ø-Reward:  2.188 | Places: [1009 (0.50), 531 (0.27), 287 (0.14), 173 (0.09)]
[2025-09-02 05:23:22] Winrate vs random2     :  76.2% | Σ-Reward:  5345.0 | Ø-Reward:  2.672 | Places: [1525 (0.76), 337 (0.17), 96 (0.05), 42 (0.02)]
[2025-09-02 05:23:22] Winrate vs single_only :  80.2% | Σ-Reward:  5473.0 | Ø-Reward:  2.736 | Places: [1604 (0.80), 286 (0.14), 89 (0.04), 21 (0.01)]
[2025-09-02 05:23:23] Timing @ep 90000: episode 23.1s | train 0.000s | eval 21.6s | plot 1.2s | save 0.003s | cum 6.33h
[2025-09-02 06:05:38] 
[2025-09-02 06:05:38] Benchmark @train_ep  100000 (bench_eps: 2000)
[2025-09-02 06:05:38] Macro Winrate          :  69.9%
[2025-09-02 06:05:38] Macro Ø-Reward         :  2.542
[2025-09-02 06:05:38] Winrate vs max_combo   :  50.4% | Σ-Reward:  4359.0 | Ø-Reward:  2.179 | Places: [1008 (0.50), 532 (0.27), 271 (0.14), 189 (0.09)]
[2025-09-02 06:05:38] Winrate vs random2     :  76.7% | Σ-Reward:  5356.0 | Ø-Reward:  2.678 | Places: [1534 (0.77), 328 (0.16), 98 (0.05), 40 (0.02)]
[2025-09-02 06:05:38] Winrate vs single_only :  82.7% | Σ-Reward:  5538.0 | Ø-Reward:  2.769 | Places: [1654 (0.83), 248 (0.12), 80 (0.04), 18 (0.01)]
[2025-09-02 06:05:40] Timing @ep 100000: episode 23.1s | train 0.000s | eval 21.3s | plot 1.6s | save 0.005s | cum 7.03h
[2025-09-02 06:48:06] 
[2025-09-02 06:48:06] Benchmark @train_ep  110000 (bench_eps: 2000)
[2025-09-02 06:48:06] Macro Winrate          :  69.7%
[2025-09-02 06:48:06] Macro Ø-Reward         :  2.553
[2025-09-02 06:48:06] Winrate vs max_combo   :  51.9% | Σ-Reward:  4497.0 | Ø-Reward:  2.248 | Places: [1038 (0.52), 572 (0.29), 239 (0.12), 151 (0.08)]
[2025-09-02 06:48:06] Winrate vs random2     :  77.8% | Σ-Reward:  5372.0 | Ø-Reward:  2.686 | Places: [1556 (0.78), 307 (0.15), 90 (0.04), 47 (0.02)]
[2025-09-02 06:48:06] Winrate vs single_only :  79.4% | Σ-Reward:  5451.0 | Ø-Reward:  2.725 | Places: [1588 (0.79), 291 (0.15), 105 (0.05), 16 (0.01)]
[2025-09-02 06:48:07] Timing @ep 110000: episode 23.9s | train 0.000s | eval 22.4s | plot 1.2s | save 0.004s | cum 7.74h
[2025-09-02 07:33:34] 
[2025-09-02 07:33:34] Benchmark @train_ep  120000 (bench_eps: 2000)
[2025-09-02 07:33:34] Macro Winrate          :  71.5%
[2025-09-02 07:33:34] Macro Ø-Reward         :  2.584
[2025-09-02 07:33:34] Winrate vs max_combo   :  51.0% | Σ-Reward:  4469.0 | Ø-Reward:  2.235 | Places: [1019 (0.51), 573 (0.29), 266 (0.13), 142 (0.07)]
[2025-09-02 07:33:34] Winrate vs random2     :  81.3% | Σ-Reward:  5494.0 | Ø-Reward:  2.747 | Places: [1627 (0.81), 272 (0.14), 69 (0.03), 32 (0.02)]
[2025-09-02 07:33:34] Winrate vs single_only :  82.0% | Σ-Reward:  5539.0 | Ø-Reward:  2.769 | Places: [1641 (0.82), 266 (0.13), 84 (0.04), 9 (0.00)]
[2025-09-02 07:33:36] Timing @ep 120000: episode 24.2s | train 0.000s | eval 22.0s | plot 1.9s | save 0.004s | cum 8.50h
[2025-09-02 08:20:40] 
[2025-09-02 08:20:40] Benchmark @train_ep  130000 (bench_eps: 2000)
[2025-09-02 08:20:40] Macro Winrate          :  71.7%
[2025-09-02 08:20:40] Macro Ø-Reward         :  2.593
[2025-09-02 08:20:40] Winrate vs max_combo   :  52.0% | Σ-Reward:  4523.0 | Ø-Reward:  2.261 | Places: [1040 (0.52), 585 (0.29), 233 (0.12), 142 (0.07)]
[2025-09-02 08:20:40] Winrate vs random2     :  81.2% | Σ-Reward:  5511.0 | Ø-Reward:  2.756 | Places: [1625 (0.81), 287 (0.14), 62 (0.03), 26 (0.01)]
[2025-09-02 08:20:40] Winrate vs single_only :  81.9% | Σ-Reward:  5523.0 | Ø-Reward:  2.761 | Places: [1638 (0.82), 265 (0.13), 79 (0.04), 18 (0.01)]
[2025-09-02 08:20:42] Timing @ep 130000: episode 24.3s | train 0.000s | eval 21.8s | plot 2.2s | save 0.009s | cum 9.28h
[2025-09-02 09:08:04] 
[2025-09-02 09:08:04] Benchmark @train_ep  140000 (bench_eps: 2000)
[2025-09-02 09:08:04] Macro Winrate          :  70.1%
[2025-09-02 09:08:04] Macro Ø-Reward         :  2.546
[2025-09-02 09:08:04] Winrate vs max_combo   :  51.3% | Σ-Reward:  4397.0 | Ø-Reward:  2.199 | Places: [1026 (0.51), 532 (0.27), 255 (0.13), 187 (0.09)]
[2025-09-02 09:08:04] Winrate vs random2     :  78.1% | Σ-Reward:  5375.0 | Ø-Reward:  2.688 | Places: [1562 (0.78), 302 (0.15), 85 (0.04), 51 (0.03)]
[2025-09-02 09:08:04] Winrate vs single_only :  81.0% | Σ-Reward:  5505.0 | Ø-Reward:  2.752 | Places: [1620 (0.81), 283 (0.14), 79 (0.04), 18 (0.01)]
[2025-09-02 09:08:06] Timing @ep 140000: episode 24.2s | train 0.000s | eval 22.7s | plot 1.3s | save 0.010s | cum 10.07h
[2025-09-02 09:54:13] 
[2025-09-02 09:54:13] Benchmark @train_ep  150000 (bench_eps: 2000)
[2025-09-02 09:54:13] Macro Winrate          :  69.7%
[2025-09-02 09:54:13] Macro Ø-Reward         :  2.543
[2025-09-02 09:54:13] Winrate vs max_combo   :  51.9% | Σ-Reward:  4456.0 | Ø-Reward:  2.228 | Places: [1037 (0.52), 542 (0.27), 261 (0.13), 160 (0.08)]
[2025-09-02 09:54:13] Winrate vs random2     :  76.1% | Σ-Reward:  5316.0 | Ø-Reward:  2.658 | Places: [1522 (0.76), 319 (0.16), 112 (0.06), 47 (0.02)]
[2025-09-02 09:54:13] Winrate vs single_only :  81.1% | Σ-Reward:  5487.0 | Ø-Reward:  2.744 | Places: [1622 (0.81), 269 (0.13), 83 (0.04), 26 (0.01)]
[2025-09-02 09:54:16] Timing @ep 150000: episode 25.2s | train 0.000s | eval 22.3s | plot 2.6s | save 0.006s | cum 10.84h
[2025-09-02 10:38:50] 
[2025-09-02 10:38:50] Benchmark @train_ep  160000 (bench_eps: 2000)
[2025-09-02 10:38:50] Macro Winrate          :  68.3%
[2025-09-02 10:38:50] Macro Ø-Reward         :  2.524
[2025-09-02 10:38:50] Winrate vs max_combo   :  51.2% | Σ-Reward:  4426.0 | Ø-Reward:  2.213 | Places: [1024 (0.51), 550 (0.28), 254 (0.13), 172 (0.09)]
[2025-09-02 10:38:50] Winrate vs random2     :  72.3% | Σ-Reward:  5235.0 | Ø-Reward:  2.618 | Places: [1446 (0.72), 388 (0.19), 121 (0.06), 45 (0.02)]
[2025-09-02 10:38:50] Winrate vs single_only :  81.5% | Σ-Reward:  5482.0 | Ø-Reward:  2.741 | Places: [1630 (0.81), 246 (0.12), 100 (0.05), 24 (0.01)]
[2025-09-02 10:38:52] Timing @ep 160000: episode 24.9s | train 0.000s | eval 22.3s | plot 2.3s | save 0.009s | cum 11.58h
[2025-09-02 11:27:11] 
[2025-09-02 11:27:11] Benchmark @train_ep  170000 (bench_eps: 2000)
[2025-09-02 11:27:11] Macro Winrate          :  70.2%
[2025-09-02 11:27:11] Macro Ø-Reward         :  2.570
[2025-09-02 11:27:11] Winrate vs max_combo   :  53.4% | Σ-Reward:  4595.0 | Ø-Reward:  2.297 | Places: [1067 (0.53), 575 (0.29), 244 (0.12), 114 (0.06)]
[2025-09-02 11:27:11] Winrate vs random2     :  78.3% | Σ-Reward:  5382.0 | Ø-Reward:  2.691 | Places: [1566 (0.78), 295 (0.15), 94 (0.05), 45 (0.02)]
[2025-09-02 11:27:11] Winrate vs single_only :  79.1% | Σ-Reward:  5441.0 | Ø-Reward:  2.720 | Places: [1582 (0.79), 294 (0.15), 107 (0.05), 17 (0.01)]
[2025-09-02 11:27:12] Timing @ep 170000: episode 23.7s | train 0.000s | eval 22.1s | plot 1.3s | save 0.008s | cum 12.39h
[2025-09-02 12:10:55] 
[2025-09-02 12:10:55] Benchmark @train_ep  180000 (bench_eps: 2000)
[2025-09-02 12:10:55] Macro Winrate          :  69.3%
[2025-09-02 12:10:55] Macro Ø-Reward         :  2.526
[2025-09-02 12:10:55] Winrate vs max_combo   :  50.9% | Σ-Reward:  4454.0 | Ø-Reward:  2.227 | Places: [1018 (0.51), 569 (0.28), 262 (0.13), 151 (0.08)]
[2025-09-02 12:10:55] Winrate vs random2     :  74.8% | Σ-Reward:  5188.0 | Ø-Reward:  2.594 | Places: [1497 (0.75), 292 (0.15), 113 (0.06), 98 (0.05)]
[2025-09-02 12:10:55] Winrate vs single_only :  82.1% | Σ-Reward:  5512.0 | Ø-Reward:  2.756 | Places: [1642 (0.82), 249 (0.12), 88 (0.04), 21 (0.01)]
[2025-09-02 12:10:57] Timing @ep 180000: episode 24.4s | train 0.000s | eval 21.7s | plot 2.3s | save 0.005s | cum 13.12h
[2025-09-02 12:54:06] 
[2025-09-02 12:54:06] Benchmark @train_ep  190000 (bench_eps: 2000)
[2025-09-02 12:54:06] Macro Winrate          :  69.6%
[2025-09-02 12:54:06] Macro Ø-Reward         :  2.555
[2025-09-02 12:54:06] Winrate vs max_combo   :  51.0% | Σ-Reward:  4505.0 | Ø-Reward:  2.252 | Places: [1020 (0.51), 578 (0.29), 289 (0.14), 113 (0.06)]
[2025-09-02 12:54:06] Winrate vs random2     :  77.5% | Σ-Reward:  5340.0 | Ø-Reward:  2.670 | Places: [1551 (0.78), 300 (0.15), 87 (0.04), 62 (0.03)]
[2025-09-02 12:54:06] Winrate vs single_only :  80.2% | Σ-Reward:  5484.0 | Ø-Reward:  2.742 | Places: [1604 (0.80), 295 (0.15), 82 (0.04), 19 (0.01)]
[2025-09-02 12:54:08] Timing @ep 190000: episode 23.7s | train 0.000s | eval 21.8s | plot 1.7s | save 0.008s | cum 13.84h
[2025-09-02 13:37:14] 
[2025-09-02 13:37:14] Benchmark @train_ep  200000 (bench_eps: 2000)
[2025-09-02 13:37:14] Macro Winrate          :  69.5%
[2025-09-02 13:37:14] Macro Ø-Reward         :  2.535
[2025-09-02 13:37:14] Winrate vs max_combo   :  53.0% | Σ-Reward:  4480.0 | Ø-Reward:  2.240 | Places: [1060 (0.53), 517 (0.26), 266 (0.13), 157 (0.08)]
[2025-09-02 13:37:14] Winrate vs random2     :  74.0% | Σ-Reward:  5208.0 | Ø-Reward:  2.604 | Places: [1480 (0.74), 327 (0.16), 114 (0.06), 79 (0.04)]
[2025-09-02 13:37:14] Winrate vs single_only :  81.7% | Σ-Reward:  5521.0 | Ø-Reward:  2.760 | Places: [1633 (0.82), 269 (0.13), 84 (0.04), 14 (0.01)]
[2025-09-02 13:37:15] Timing @ep 200000: episode 22.7s | train 0.000s | eval 21.2s | plot 1.2s | save 0.004s | cum 14.56h
[2025-09-02 14:24:25] 
[2025-09-02 14:24:25] Benchmark @train_ep  210000 (bench_eps: 2000)
[2025-09-02 14:24:25] Macro Winrate          :  69.9%
[2025-09-02 14:24:25] Macro Ø-Reward         :  2.540
[2025-09-02 14:24:25] Winrate vs max_combo   :  51.3% | Σ-Reward:  4447.0 | Ø-Reward:  2.224 | Places: [1026 (0.51), 556 (0.28), 257 (0.13), 161 (0.08)]
[2025-09-02 14:24:25] Winrate vs random2     :  77.6% | Σ-Reward:  5299.0 | Ø-Reward:  2.650 | Places: [1552 (0.78), 268 (0.13), 107 (0.05), 73 (0.04)]
[2025-09-02 14:24:25] Winrate vs single_only :  80.9% | Σ-Reward:  5496.0 | Ø-Reward:  2.748 | Places: [1618 (0.81), 275 (0.14), 92 (0.05), 15 (0.01)]
[2025-09-02 14:24:26] Timing @ep 210000: episode 24.6s | train 0.000s | eval 23.1s | plot 1.3s | save 0.009s | cum 15.34h
[2025-09-02 15:12:40] 
[2025-09-02 15:12:40] Benchmark @train_ep  220000 (bench_eps: 2000)
[2025-09-02 15:12:40] Macro Winrate          :  71.5%
[2025-09-02 15:12:40] Macro Ø-Reward         :  2.562
[2025-09-02 15:12:40] Winrate vs max_combo   :  56.2% | Σ-Reward:  4600.0 | Ø-Reward:  2.300 | Places: [1124 (0.56), 495 (0.25), 238 (0.12), 143 (0.07)]
[2025-09-02 15:12:40] Winrate vs random2     :  77.8% | Σ-Reward:  5308.0 | Ø-Reward:  2.654 | Places: [1556 (0.78), 265 (0.13), 110 (0.06), 69 (0.03)]
[2025-09-02 15:12:40] Winrate vs single_only :  80.5% | Σ-Reward:  5466.0 | Ø-Reward:  2.733 | Places: [1609 (0.80), 277 (0.14), 85 (0.04), 29 (0.01)]
[2025-09-02 15:12:42] Timing @ep 220000: episode 29.0s | train 0.000s | eval 25.8s | plot 2.9s | save 0.008s | cum 16.15h
[2025-09-02 16:01:56] 
[2025-09-02 16:01:56] Benchmark @train_ep  230000 (bench_eps: 2000)
[2025-09-02 16:01:56] Macro Winrate          :  72.8%
[2025-09-02 16:01:56] Macro Ø-Reward         :  2.597
[2025-09-02 16:01:56] Winrate vs max_combo   :  55.5% | Σ-Reward:  4608.0 | Ø-Reward:  2.304 | Places: [1111 (0.56), 515 (0.26), 245 (0.12), 129 (0.06)]
[2025-09-02 16:01:56] Winrate vs random2     :  80.5% | Σ-Reward:  5437.0 | Ø-Reward:  2.719 | Places: [1609 (0.80), 260 (0.13), 90 (0.04), 41 (0.02)]
[2025-09-02 16:01:56] Winrate vs single_only :  82.5% | Σ-Reward:  5537.0 | Ø-Reward:  2.768 | Places: [1650 (0.82), 259 (0.13), 69 (0.03), 22 (0.01)]
[2025-09-02 16:01:57] Timing @ep 230000: episode 29.1s | train 0.000s | eval 27.3s | plot 1.5s | save 0.010s | cum 16.97h
[2025-09-02 16:54:07] 
[2025-09-02 16:54:07] Benchmark @train_ep  240000 (bench_eps: 2000)
[2025-09-02 16:54:07] Macro Winrate          :  74.5%
[2025-09-02 16:54:07] Macro Ø-Reward         :  2.630
[2025-09-02 16:54:07] Winrate vs max_combo   :  59.0% | Σ-Reward:  4728.0 | Ø-Reward:  2.364 | Places: [1180 (0.59), 477 (0.24), 234 (0.12), 109 (0.05)]
[2025-09-02 16:54:07] Winrate vs random2     :  82.5% | Σ-Reward:  5522.0 | Ø-Reward:  2.761 | Places: [1651 (0.83), 252 (0.13), 65 (0.03), 32 (0.02)]
[2025-09-02 16:54:07] Winrate vs single_only :  81.8% | Σ-Reward:  5532.0 | Ø-Reward:  2.766 | Places: [1637 (0.82), 279 (0.14), 63 (0.03), 21 (0.01)]
[2025-09-02 16:54:10] Timing @ep 240000: episode 26.3s | train 0.000s | eval 22.9s | plot 3.0s | save 0.008s | cum 17.84h
[2025-09-02 17:39:57] 
[2025-09-02 17:39:57] Benchmark @train_ep  250000 (bench_eps: 2000)
[2025-09-02 17:39:57] Macro Winrate          :  71.9%
[2025-09-02 17:39:57] Macro Ø-Reward         :  2.577
[2025-09-02 17:39:57] Winrate vs max_combo   :  54.5% | Σ-Reward:  4552.0 | Ø-Reward:  2.276 | Places: [1090 (0.55), 515 (0.26), 252 (0.13), 143 (0.07)]
[2025-09-02 17:39:57] Winrate vs random2     :  80.3% | Σ-Reward:  5440.0 | Ø-Reward:  2.720 | Places: [1606 (0.80), 269 (0.13), 84 (0.04), 41 (0.02)]
[2025-09-02 17:39:57] Winrate vs single_only :  81.0% | Σ-Reward:  5470.0 | Ø-Reward:  2.735 | Places: [1619 (0.81), 261 (0.13), 91 (0.05), 29 (0.01)]
[2025-09-02 17:39:58] Timing @ep 250000: episode 23.8s | train 0.000s | eval 21.8s | plot 1.7s | save 0.005s | cum 18.60h
[2025-09-02 18:26:59] 
[2025-09-02 18:26:59] Benchmark @train_ep  260000 (bench_eps: 2000)
[2025-09-02 18:26:59] Macro Winrate          :  69.8%
[2025-09-02 18:26:59] Macro Ø-Reward         :  2.550
[2025-09-02 18:26:59] Winrate vs max_combo   :  55.6% | Σ-Reward:  4628.0 | Ø-Reward:  2.314 | Places: [1112 (0.56), 527 (0.26), 238 (0.12), 123 (0.06)]
[2025-09-02 18:26:59] Winrate vs random2     :  76.0% | Σ-Reward:  5259.0 | Ø-Reward:  2.630 | Places: [1521 (0.76), 286 (0.14), 124 (0.06), 69 (0.03)]
[2025-09-02 18:26:59] Winrate vs single_only :  77.7% | Σ-Reward:  5413.0 | Ø-Reward:  2.707 | Places: [1553 (0.78), 329 (0.16), 96 (0.05), 22 (0.01)]
[2025-09-02 18:27:00] Timing @ep 260000: episode 25.7s | train 0.000s | eval 23.8s | plot 1.6s | save 0.013s | cum 19.39h
[2025-09-02 19:16:23] 
[2025-09-02 19:16:23] Benchmark @train_ep  270000 (bench_eps: 2000)
[2025-09-02 19:16:23] Macro Winrate          :  70.8%
[2025-09-02 19:16:23] Macro Ø-Reward         :  2.562
[2025-09-02 19:16:23] Winrate vs max_combo   :  55.5% | Σ-Reward:  4593.0 | Ø-Reward:  2.296 | Places: [1109 (0.55), 512 (0.26), 242 (0.12), 137 (0.07)]
[2025-09-02 19:16:23] Winrate vs random2     :  77.2% | Σ-Reward:  5311.0 | Ø-Reward:  2.655 | Places: [1543 (0.77), 291 (0.15), 100 (0.05), 66 (0.03)]
[2025-09-02 19:16:23] Winrate vs single_only :  79.8% | Σ-Reward:  5469.0 | Ø-Reward:  2.735 | Places: [1595 (0.80), 299 (0.15), 86 (0.04), 20 (0.01)]
[2025-09-02 19:16:26] Timing @ep 270000: episode 25.6s | train 0.000s | eval 22.4s | plot 2.8s | save 0.008s | cum 20.21h
[2025-09-02 20:00:56] 
[2025-09-02 20:00:56] Benchmark @train_ep  280000 (bench_eps: 2000)
[2025-09-02 20:00:56] Macro Winrate          :  72.0%
[2025-09-02 20:00:56] Macro Ø-Reward         :  2.583
[2025-09-02 20:00:56] Winrate vs max_combo   :  54.1% | Σ-Reward:  4554.0 | Ø-Reward:  2.277 | Places: [1082 (0.54), 532 (0.27), 244 (0.12), 142 (0.07)]
[2025-09-02 20:00:56] Winrate vs random2     :  79.8% | Σ-Reward:  5413.0 | Ø-Reward:  2.707 | Places: [1597 (0.80), 269 (0.13), 84 (0.04), 50 (0.03)]
[2025-09-02 20:00:56] Winrate vs single_only :  82.2% | Σ-Reward:  5529.0 | Ø-Reward:  2.764 | Places: [1643 (0.82), 258 (0.13), 84 (0.04), 15 (0.01)]
[2025-09-02 20:00:57] Timing @ep 280000: episode 23.3s | train 0.000s | eval 21.7s | plot 1.3s | save 0.007s | cum 20.95h
[2025-09-02 20:44:51] 
[2025-09-02 20:44:51] Benchmark @train_ep  290000 (bench_eps: 2000)
[2025-09-02 20:44:51] Macro Winrate          :  71.1%
[2025-09-02 20:44:51] Macro Ø-Reward         :  2.586
[2025-09-02 20:44:51] Winrate vs max_combo   :  57.2% | Σ-Reward:  4735.0 | Ø-Reward:  2.368 | Places: [1144 (0.57), 545 (0.27), 213 (0.11), 98 (0.05)]
[2025-09-02 20:44:51] Winrate vs random2     :  77.8% | Σ-Reward:  5358.0 | Ø-Reward:  2.679 | Places: [1556 (0.78), 296 (0.15), 98 (0.05), 50 (0.03)]
[2025-09-02 20:44:51] Winrate vs single_only :  78.4% | Σ-Reward:  5421.0 | Ø-Reward:  2.711 | Places: [1568 (0.78), 307 (0.15), 103 (0.05), 22 (0.01)]
[2025-09-02 20:44:52] Timing @ep 290000: episode 23.8s | train 0.000s | eval 22.2s | plot 1.3s | save 0.005s | cum 21.68h
[2025-09-02 21:28:42] 
[2025-09-02 21:28:42] Benchmark @train_ep  300000 (bench_eps: 2000)
[2025-09-02 21:28:42] Macro Winrate          :  72.7%
[2025-09-02 21:28:42] Macro Ø-Reward         :  2.605
[2025-09-02 21:28:42] Winrate vs max_combo   :  58.7% | Σ-Reward:  4746.0 | Ø-Reward:  2.373 | Places: [1174 (0.59), 504 (0.25), 216 (0.11), 106 (0.05)]
[2025-09-02 21:28:42] Winrate vs random2     :  77.9% | Σ-Reward:  5383.0 | Ø-Reward:  2.692 | Places: [1558 (0.78), 313 (0.16), 83 (0.04), 46 (0.02)]
[2025-09-02 21:28:42] Winrate vs single_only :  81.4% | Σ-Reward:  5499.0 | Ø-Reward:  2.749 | Places: [1628 (0.81), 268 (0.13), 79 (0.04), 25 (0.01)]
[2025-09-02 21:28:44] Timing @ep 300000: episode 24.1s | train 0.000s | eval 22.1s | plot 1.7s | save 0.004s | cum 22.41h
[2025-09-02 22:12:39] 
[2025-09-02 22:12:39] Benchmark @train_ep  310000 (bench_eps: 2000)
[2025-09-02 22:12:39] Macro Winrate          :  69.7%
[2025-09-02 22:12:39] Macro Ø-Reward         :  2.539
[2025-09-02 22:12:39] Winrate vs max_combo   :  56.6% | Σ-Reward:  4613.0 | Ø-Reward:  2.307 | Places: [1133 (0.57), 475 (0.24), 264 (0.13), 128 (0.06)]
[2025-09-02 22:12:39] Winrate vs random2     :  73.0% | Σ-Reward:  5192.0 | Ø-Reward:  2.596 | Places: [1460 (0.73), 348 (0.17), 116 (0.06), 76 (0.04)]
[2025-09-02 22:12:39] Winrate vs single_only :  79.4% | Σ-Reward:  5427.0 | Ø-Reward:  2.713 | Places: [1588 (0.79), 274 (0.14), 115 (0.06), 23 (0.01)]
[2025-09-02 22:12:40] Timing @ep 310000: episode 23.6s | train 0.000s | eval 22.2s | plot 1.2s | save 0.007s | cum 23.15h
[2025-09-02 22:56:59] 
[2025-09-02 22:56:59] Benchmark @train_ep  320000 (bench_eps: 2000)
[2025-09-02 22:56:59] Macro Winrate          :  72.2%
[2025-09-02 22:56:59] Macro Ø-Reward         :  2.585
[2025-09-02 22:56:59] Winrate vs max_combo   :  58.2% | Σ-Reward:  4695.0 | Ø-Reward:  2.348 | Places: [1165 (0.58), 488 (0.24), 224 (0.11), 123 (0.06)]
[2025-09-02 22:56:59] Winrate vs random2     :  77.2% | Σ-Reward:  5313.0 | Ø-Reward:  2.656 | Places: [1543 (0.77), 287 (0.14), 110 (0.06), 60 (0.03)]
[2025-09-02 22:56:59] Winrate vs single_only :  81.3% | Σ-Reward:  5502.0 | Ø-Reward:  2.751 | Places: [1627 (0.81), 275 (0.14), 71 (0.04), 27 (0.01)]
[2025-09-02 22:57:00] Timing @ep 320000: episode 23.2s | train 0.000s | eval 21.8s | plot 1.2s | save 0.005s | cum 23.89h
[2025-09-02 23:40:57] 
[2025-09-02 23:40:57] Benchmark @train_ep  330000 (bench_eps: 2000)
[2025-09-02 23:40:57] Macro Winrate          :  71.6%
[2025-09-02 23:40:57] Macro Ø-Reward         :  2.562
[2025-09-02 23:40:57] Winrate vs max_combo   :  57.3% | Σ-Reward:  4615.0 | Ø-Reward:  2.308 | Places: [1146 (0.57), 475 (0.24), 227 (0.11), 152 (0.08)]
[2025-09-02 23:40:57] Winrate vs random2     :  76.5% | Σ-Reward:  5251.0 | Ø-Reward:  2.626 | Places: [1530 (0.77), 269 (0.13), 123 (0.06), 78 (0.04)]
[2025-09-02 23:40:57] Winrate vs single_only :  80.9% | Σ-Reward:  5509.0 | Ø-Reward:  2.755 | Places: [1618 (0.81), 295 (0.15), 65 (0.03), 22 (0.01)]
[2025-09-02 23:40:58] Timing @ep 330000: episode 23.8s | train 0.000s | eval 21.7s | plot 1.8s | save 0.005s | cum 24.62h
[2025-09-03 00:24:49] 
[2025-09-03 00:24:49] Benchmark @train_ep  340000 (bench_eps: 2000)
[2025-09-03 00:24:49] Macro Winrate          :  71.4%
[2025-09-03 00:24:49] Macro Ø-Reward         :  2.563
[2025-09-03 00:24:49] Winrate vs max_combo   :  56.5% | Σ-Reward:  4620.0 | Ø-Reward:  2.310 | Places: [1130 (0.56), 502 (0.25), 226 (0.11), 142 (0.07)]
[2025-09-03 00:24:49] Winrate vs random2     :  76.4% | Σ-Reward:  5279.0 | Ø-Reward:  2.639 | Places: [1528 (0.76), 292 (0.15), 111 (0.06), 69 (0.03)]
[2025-09-03 00:24:49] Winrate vs single_only :  81.3% | Σ-Reward:  5482.0 | Ø-Reward:  2.741 | Places: [1626 (0.81), 258 (0.13), 88 (0.04), 28 (0.01)]
[2025-09-03 00:24:50] Timing @ep 340000: episode 22.9s | train 0.000s | eval 21.3s | plot 1.2s | save 0.005s | cum 25.35h
[2025-09-03 01:08:28] 
[2025-09-03 01:08:28] Benchmark @train_ep  350000 (bench_eps: 2000)
[2025-09-03 01:08:28] Macro Winrate          :  72.2%
[2025-09-03 01:08:28] Macro Ø-Reward         :  2.582
[2025-09-03 01:08:28] Winrate vs max_combo   :  56.5% | Σ-Reward:  4660.0 | Ø-Reward:  2.330 | Places: [1130 (0.56), 522 (0.26), 226 (0.11), 122 (0.06)]
[2025-09-03 01:08:28] Winrate vs random2     :  78.0% | Σ-Reward:  5336.0 | Ø-Reward:  2.668 | Places: [1561 (0.78), 276 (0.14), 101 (0.05), 62 (0.03)]
[2025-09-03 01:08:28] Winrate vs single_only :  82.0% | Σ-Reward:  5495.0 | Ø-Reward:  2.748 | Places: [1639 (0.82), 244 (0.12), 90 (0.04), 27 (0.01)]
[2025-09-03 01:08:30] Timing @ep 350000: episode 22.8s | train 0.000s | eval 21.4s | plot 1.1s | save 0.005s | cum 26.08h
[2025-09-03 01:52:38] 
[2025-09-03 01:52:38] Benchmark @train_ep  360000 (bench_eps: 2000)
[2025-09-03 01:52:38] Macro Winrate          :  75.1%
[2025-09-03 01:52:38] Macro Ø-Reward         :  2.630
[2025-09-03 01:52:38] Winrate vs max_combo   :  59.4% | Σ-Reward:  4735.0 | Ø-Reward:  2.368 | Places: [1187 (0.59), 480 (0.24), 214 (0.11), 119 (0.06)]
[2025-09-03 01:52:38] Winrate vs random2     :  84.2% | Σ-Reward:  5553.0 | Ø-Reward:  2.776 | Places: [1685 (0.84), 215 (0.11), 68 (0.03), 32 (0.02)]
[2025-09-03 01:52:38] Winrate vs single_only :  81.6% | Σ-Reward:  5491.0 | Ø-Reward:  2.745 | Places: [1632 (0.82), 251 (0.13), 93 (0.05), 24 (0.01)]
[2025-09-03 01:52:40] Timing @ep 360000: episode 23.8s | train 0.000s | eval 21.7s | plot 1.8s | save 0.005s | cum 26.81h
[2025-09-03 02:36:22] 
[2025-09-03 02:36:22] Benchmark @train_ep  370000 (bench_eps: 2000)
[2025-09-03 02:36:22] Macro Winrate          :  73.3%
[2025-09-03 02:36:22] Macro Ø-Reward         :  2.599
[2025-09-03 02:36:22] Winrate vs max_combo   :  57.6% | Σ-Reward:  4633.0 | Ø-Reward:  2.317 | Places: [1153 (0.58), 481 (0.24), 212 (0.11), 154 (0.08)]
[2025-09-03 02:36:22] Winrate vs random2     :  79.3% | Σ-Reward:  5394.0 | Ø-Reward:  2.697 | Places: [1586 (0.79), 270 (0.14), 96 (0.05), 48 (0.02)]
[2025-09-03 02:36:22] Winrate vs single_only :  83.0% | Σ-Reward:  5570.0 | Ø-Reward:  2.785 | Places: [1659 (0.83), 262 (0.13), 69 (0.03), 10 (0.01)]
[2025-09-03 02:36:24] Timing @ep 370000: episode 22.8s | train 0.000s | eval 21.3s | plot 1.3s | save 0.009s | cum 27.54h
[2025-09-03 03:20:12] 
[2025-09-03 03:20:12] Benchmark @train_ep  380000 (bench_eps: 2000)
[2025-09-03 03:20:12] Macro Winrate          :  72.8%
[2025-09-03 03:20:12] Macro Ø-Reward         :  2.595
[2025-09-03 03:20:12] Winrate vs max_combo   :  57.3% | Σ-Reward:  4664.0 | Ø-Reward:  2.332 | Places: [1146 (0.57), 503 (0.25), 220 (0.11), 131 (0.07)]
[2025-09-03 03:20:12] Winrate vs random2     :  78.7% | Σ-Reward:  5357.0 | Ø-Reward:  2.679 | Places: [1574 (0.79), 271 (0.14), 93 (0.05), 62 (0.03)]
[2025-09-03 03:20:12] Winrate vs single_only :  82.5% | Σ-Reward:  5546.0 | Ø-Reward:  2.773 | Places: [1649 (0.82), 258 (0.13), 83 (0.04), 10 (0.01)]
[2025-09-03 03:20:13] Timing @ep 380000: episode 23.4s | train 0.000s | eval 21.9s | plot 1.2s | save 0.005s | cum 28.27h
[2025-09-03 04:03:59] 
[2025-09-03 04:03:59] Benchmark @train_ep  390000 (bench_eps: 2000)
[2025-09-03 04:03:59] Macro Winrate          :  73.8%
[2025-09-03 04:03:59] Macro Ø-Reward         :  2.610
[2025-09-03 04:03:59] Winrate vs max_combo   :  59.0% | Σ-Reward:  4706.0 | Ø-Reward:  2.353 | Places: [1181 (0.59), 473 (0.24), 217 (0.11), 129 (0.06)]
[2025-09-03 04:03:59] Winrate vs random2     :  78.2% | Σ-Reward:  5357.0 | Ø-Reward:  2.679 | Places: [1565 (0.78), 277 (0.14), 108 (0.05), 50 (0.03)]
[2025-09-03 04:03:59] Winrate vs single_only :  84.2% | Σ-Reward:  5599.0 | Ø-Reward:  2.800 | Places: [1684 (0.84), 241 (0.12), 65 (0.03), 10 (0.01)]
[2025-09-03 04:04:01] Timing @ep 390000: episode 23.8s | train 0.000s | eval 21.7s | plot 1.8s | save 0.006s | cum 29.00h
[2025-09-03 04:48:05] 
[2025-09-03 04:48:05] Benchmark @train_ep  400000 (bench_eps: 2000)
[2025-09-03 04:48:05] Macro Winrate          :  73.7%
[2025-09-03 04:48:05] Macro Ø-Reward         :  2.613
[2025-09-03 04:48:05] Winrate vs max_combo   :  57.9% | Σ-Reward:  4697.0 | Ø-Reward:  2.349 | Places: [1157 (0.58), 497 (0.25), 232 (0.12), 114 (0.06)]
[2025-09-03 04:48:05] Winrate vs random2     :  80.0% | Σ-Reward:  5435.0 | Ø-Reward:  2.717 | Places: [1600 (0.80), 277 (0.14), 81 (0.04), 42 (0.02)]
[2025-09-03 04:48:05] Winrate vs single_only :  83.3% | Σ-Reward:  5548.0 | Ø-Reward:  2.774 | Places: [1666 (0.83), 230 (0.12), 90 (0.04), 14 (0.01)]
[2025-09-03 04:48:06] Timing @ep 400000: episode 23.0s | train 0.000s | eval 21.5s | plot 1.2s | save 0.006s | cum 29.74h
[2025-09-03 05:32:20] 
[2025-09-03 05:32:20] Benchmark @train_ep  410000 (bench_eps: 2000)
[2025-09-03 05:32:20] Macro Winrate          :  73.6%
[2025-09-03 05:32:20] Macro Ø-Reward         :  2.607
[2025-09-03 05:32:20] Winrate vs max_combo   :  58.5% | Σ-Reward:  4742.0 | Ø-Reward:  2.371 | Places: [1170 (0.58), 518 (0.26), 196 (0.10), 116 (0.06)]
[2025-09-03 05:32:20] Winrate vs random2     :  78.4% | Σ-Reward:  5343.0 | Ø-Reward:  2.671 | Places: [1568 (0.78), 268 (0.13), 103 (0.05), 61 (0.03)]
[2025-09-03 05:32:20] Winrate vs single_only :  84.0% | Σ-Reward:  5559.0 | Ø-Reward:  2.780 | Places: [1679 (0.84), 225 (0.11), 72 (0.04), 24 (0.01)]
[2025-09-03 05:32:22] Timing @ep 410000: episode 23.1s | train 0.000s | eval 21.5s | plot 1.4s | save 0.005s | cum 30.48h
[2025-09-03 06:16:16] 
[2025-09-03 06:16:16] Benchmark @train_ep  420000 (bench_eps: 2000)
[2025-09-03 06:16:16] Macro Winrate          :  71.3%
[2025-09-03 06:16:16] Macro Ø-Reward         :  2.571
[2025-09-03 06:16:16] Winrate vs max_combo   :  57.8% | Σ-Reward:  4679.0 | Ø-Reward:  2.340 | Places: [1155 (0.58), 506 (0.25), 202 (0.10), 137 (0.07)]
[2025-09-03 06:16:16] Winrate vs random2     :  76.3% | Σ-Reward:  5299.0 | Ø-Reward:  2.650 | Places: [1527 (0.76), 311 (0.16), 96 (0.05), 66 (0.03)]
[2025-09-03 06:16:16] Winrate vs single_only :  79.8% | Σ-Reward:  5451.0 | Ø-Reward:  2.725 | Places: [1595 (0.80), 288 (0.14), 90 (0.04), 27 (0.01)]
[2025-09-03 06:16:18] Timing @ep 420000: episode 24.7s | train 0.000s | eval 22.6s | plot 1.8s | save 0.004s | cum 31.21h
[2025-09-03 07:00:27] 
[2025-09-03 07:00:27] Benchmark @train_ep  430000 (bench_eps: 2000)
[2025-09-03 07:00:27] Macro Winrate          :  72.9%
[2025-09-03 07:00:27] Macro Ø-Reward         :  2.587
[2025-09-03 07:00:27] Winrate vs max_combo   :  57.5% | Σ-Reward:  4669.0 | Ø-Reward:  2.334 | Places: [1149 (0.57), 506 (0.25), 210 (0.10), 135 (0.07)]
[2025-09-03 07:00:27] Winrate vs random2     :  77.9% | Σ-Reward:  5316.0 | Ø-Reward:  2.658 | Places: [1558 (0.78), 262 (0.13), 118 (0.06), 62 (0.03)]
[2025-09-03 07:00:27] Winrate vs single_only :  83.2% | Σ-Reward:  5538.0 | Ø-Reward:  2.769 | Places: [1665 (0.83), 239 (0.12), 65 (0.03), 31 (0.02)]
[2025-09-03 07:00:28] Timing @ep 430000: episode 23.1s | train 0.000s | eval 21.6s | plot 1.2s | save 0.007s | cum 31.94h
[2025-09-03 07:46:11] 
[2025-09-03 07:46:11] Benchmark @train_ep  440000 (bench_eps: 2000)
[2025-09-03 07:46:11] Macro Winrate          :  73.8%
[2025-09-03 07:46:11] Macro Ø-Reward         :  2.615
[2025-09-03 07:46:11] Winrate vs max_combo   :  59.8% | Σ-Reward:  4796.0 | Ø-Reward:  2.398 | Places: [1196 (0.60), 498 (0.25), 212 (0.11), 94 (0.05)]
[2025-09-03 07:46:11] Winrate vs random2     :  79.2% | Σ-Reward:  5358.0 | Ø-Reward:  2.679 | Places: [1584 (0.79), 256 (0.13), 94 (0.05), 66 (0.03)]
[2025-09-03 07:46:11] Winrate vs single_only :  82.2% | Σ-Reward:  5537.0 | Ø-Reward:  2.768 | Places: [1645 (0.82), 265 (0.13), 72 (0.04), 18 (0.01)]
[2025-09-03 07:46:12] Timing @ep 440000: episode 24.7s | train 0.000s | eval 23.3s | plot 1.2s | save 0.005s | cum 32.71h
[2025-09-03 08:35:22] 
[2025-09-03 08:35:22] Benchmark @train_ep  450000 (bench_eps: 2000)
[2025-09-03 08:35:22] Macro Winrate          :  73.0%
[2025-09-03 08:35:22] Macro Ø-Reward         :  2.603
[2025-09-03 08:35:22] Winrate vs max_combo   :  57.9% | Σ-Reward:  4696.0 | Ø-Reward:  2.348 | Places: [1158 (0.58), 492 (0.25), 238 (0.12), 112 (0.06)]
[2025-09-03 08:35:22] Winrate vs random2     :  80.7% | Σ-Reward:  5437.0 | Ø-Reward:  2.719 | Places: [1613 (0.81), 255 (0.13), 88 (0.04), 44 (0.02)]
[2025-09-03 08:35:22] Winrate vs single_only :  80.5% | Σ-Reward:  5485.0 | Ø-Reward:  2.743 | Places: [1610 (0.81), 284 (0.14), 87 (0.04), 19 (0.01)]
[2025-09-03 08:35:25] Timing @ep 450000: episode 27.6s | train 0.000s | eval 24.8s | plot 2.5s | save 0.011s | cum 33.53h
[2025-09-03 09:24:06] 
[2025-09-03 09:24:06] Benchmark @train_ep  460000 (bench_eps: 2000)
[2025-09-03 09:24:06] Macro Winrate          :  73.9%
[2025-09-03 09:24:06] Macro Ø-Reward         :  2.605
[2025-09-03 09:24:06] Winrate vs max_combo   :  58.2% | Σ-Reward:  4678.0 | Ø-Reward:  2.339 | Places: [1164 (0.58), 489 (0.24), 208 (0.10), 139 (0.07)]
[2025-09-03 09:24:06] Winrate vs random2     :  80.2% | Σ-Reward:  5388.0 | Ø-Reward:  2.694 | Places: [1603 (0.80), 244 (0.12), 91 (0.05), 62 (0.03)]
[2025-09-03 09:24:06] Winrate vs single_only :  83.5% | Σ-Reward:  5566.0 | Ø-Reward:  2.783 | Places: [1669 (0.83), 245 (0.12), 69 (0.03), 17 (0.01)]
[2025-09-03 09:24:07] Timing @ep 460000: episode 23.8s | train 0.000s | eval 22.3s | plot 1.2s | save 0.011s | cum 34.34h
[2025-09-03 10:15:01] 
[2025-09-03 10:15:01] Benchmark @train_ep  470000 (bench_eps: 2000)
[2025-09-03 10:15:01] Macro Winrate          :  73.9%
[2025-09-03 10:15:01] Macro Ø-Reward         :  2.612
[2025-09-03 10:15:01] Winrate vs max_combo   :  57.2% | Σ-Reward:  4665.0 | Ø-Reward:  2.333 | Places: [1144 (0.57), 506 (0.25), 221 (0.11), 129 (0.06)]
[2025-09-03 10:15:01] Winrate vs random2     :  82.1% | Σ-Reward:  5482.0 | Ø-Reward:  2.741 | Places: [1642 (0.82), 237 (0.12), 82 (0.04), 39 (0.02)]
[2025-09-03 10:15:01] Winrate vs single_only :  82.5% | Σ-Reward:  5523.0 | Ø-Reward:  2.761 | Places: [1650 (0.82), 244 (0.12), 85 (0.04), 21 (0.01)]
[2025-09-03 10:15:04] Timing @ep 470000: episode 27.3s | train 0.000s | eval 24.2s | plot 2.7s | save 0.013s | cum 35.19h
[2025-09-03 11:04:01] 
[2025-09-03 11:04:01] Benchmark @train_ep  480000 (bench_eps: 2000)
[2025-09-03 11:04:01] Macro Winrate          :  73.1%
[2025-09-03 11:04:01] Macro Ø-Reward         :  2.601
[2025-09-03 11:04:01] Winrate vs max_combo   :  57.6% | Σ-Reward:  4658.0 | Ø-Reward:  2.329 | Places: [1152 (0.58), 491 (0.25), 220 (0.11), 137 (0.07)]
[2025-09-03 11:04:01] Winrate vs random2     :  80.5% | Σ-Reward:  5432.0 | Ø-Reward:  2.716 | Places: [1609 (0.80), 265 (0.13), 75 (0.04), 51 (0.03)]
[2025-09-03 11:04:01] Winrate vs single_only :  81.4% | Σ-Reward:  5517.0 | Ø-Reward:  2.759 | Places: [1628 (0.81), 272 (0.14), 89 (0.04), 11 (0.01)]
[2025-09-03 11:04:02] Timing @ep 480000: episode 24.3s | train 0.000s | eval 22.5s | plot 1.5s | save 0.011s | cum 36.00h
[2025-09-03 11:56:02] 
[2025-09-03 11:56:02] Benchmark @train_ep  490000 (bench_eps: 2000)
[2025-09-03 11:56:02] Macro Winrate          :  73.3%
[2025-09-03 11:56:02] Macro Ø-Reward         :  2.605
[2025-09-03 11:56:02] Winrate vs max_combo   :  58.7% | Σ-Reward:  4742.0 | Ø-Reward:  2.371 | Places: [1174 (0.59), 506 (0.25), 208 (0.10), 112 (0.06)]
[2025-09-03 11:56:02] Winrate vs random2     :  78.1% | Σ-Reward:  5350.0 | Ø-Reward:  2.675 | Places: [1562 (0.78), 283 (0.14), 98 (0.05), 57 (0.03)]
[2025-09-03 11:56:02] Winrate vs single_only :  83.0% | Σ-Reward:  5536.0 | Ø-Reward:  2.768 | Places: [1661 (0.83), 237 (0.12), 79 (0.04), 23 (0.01)]
[2025-09-03 11:56:03] Timing @ep 490000: episode 26.3s | train 0.000s | eval 24.4s | plot 1.5s | save 0.015s | cum 36.87h
[2025-09-03 12:48:22] 
[2025-09-03 12:48:22] Benchmark @train_ep  500000 (bench_eps: 2000)
[2025-09-03 12:48:22] Macro Winrate          :  74.5%
[2025-09-03 12:48:22] Macro Ø-Reward         :  2.623
[2025-09-03 12:48:22] Winrate vs max_combo   :  59.0% | Σ-Reward:  4755.0 | Ø-Reward:  2.377 | Places: [1181 (0.59), 501 (0.25), 210 (0.10), 108 (0.05)]
[2025-09-03 12:48:22] Winrate vs random2     :  81.2% | Σ-Reward:  5461.0 | Ø-Reward:  2.731 | Places: [1623 (0.81), 257 (0.13), 78 (0.04), 42 (0.02)]
[2025-09-03 12:48:22] Winrate vs single_only :  83.2% | Σ-Reward:  5524.0 | Ø-Reward:  2.762 | Places: [1663 (0.83), 226 (0.11), 83 (0.04), 28 (0.01)]
[2025-09-03 12:48:25] Timing @ep 500000: episode 24.8s | train 0.000s | eval 21.5s | plot 2.8s | save 0.007s | cum 37.74h
[2025-09-03 12:48:25] 
[2025-09-03 12:48:25] Gesamtzeit: 37.74h (~ 3.68 eps/s)
[2025-09-03 12:48:25] k2a2, Multi Agent RL (IQL). Training abgeschlossen.
[2025-09-03 12:48:25] Path: /home/wasterix/OpenSpiel/open_spiel/President/models/k2a2/model_03
