[2025-09-30 17:07:13] New Training (k4a2): Shared-Policy DQN — In-Proc External Trainer (Bundle-Updates)
[2025-09-30 17:07:13] Deck_Size: 64
[2025-09-30 17:07:13] Episodes: 100000
[2025-09-30 17:07:13] Path: /home/wasterix/OpenSpiel/open_spiel/President/models/k4a2/model_89
[2025-09-30 17:09:18] 
[2025-09-30 17:09:18] Benchmark @train_ep    5000 (bench_eps: 2000)
[2025-09-30 17:09:18] Macro Winrate          :   0.4%
[2025-09-30 17:09:18] Macro Ø-Reward         :  0.370
[2025-09-30 17:09:18] Winrate vs max_combo   :   0.3% | Σ-Reward:  378.0 | Ø-Reward:  0.189 | Places: [7 (0.00), 46 (0.02), 265 (0.13), 1682 (0.84)]
[2025-09-30 17:09:18] Winrate vs random2     :   0.7% | Σ-Reward:  965.0 | Ø-Reward:  0.482 | Places: [13 (0.01), 154 (0.08), 618 (0.31), 1215 (0.61)]
[2025-09-30 17:09:18] Winrate vs single_only :   0.3% | Σ-Reward:  877.0 | Ø-Reward:  0.439 | Places: [6 (0.00), 146 (0.07), 567 (0.28), 1281 (0.64)]
[2025-09-30 17:09:24] Timing @ep 5000: episode 45.0s | train 0.173s | eval 39.0s | plot 5.8s | save 0.003s | cum 0.04h
[2025-09-30 17:11:41] 
[2025-09-30 17:11:41] Benchmark @train_ep   10000 (bench_eps: 2000)
[2025-09-30 17:11:41] Macro Winrate          :  24.3%
[2025-09-30 17:11:41] Macro Ø-Reward         :  1.354
[2025-09-30 17:11:41] Winrate vs max_combo   :   6.4% | Σ-Reward:  1251.0 | Ø-Reward:  0.625 | Places: [128 (0.06), 221 (0.11), 425 (0.21), 1226 (0.61)]
[2025-09-30 17:11:41] Winrate vs random2     :  42.2% | Σ-Reward:  3954.0 | Ø-Reward:  1.977 | Places: [845 (0.42), 549 (0.27), 321 (0.16), 285 (0.14)]
[2025-09-30 17:11:41] Winrate vs single_only :  24.2% | Σ-Reward:  2916.0 | Ø-Reward:  1.458 | Places: [485 (0.24), 455 (0.23), 551 (0.28), 509 (0.25)]
[2025-09-30 17:11:51] Timing @ep 10000: episode 44.2s | train 0.167s | eval 34.5s | plot 9.6s | save 0.002s | cum 0.08h
[2025-09-30 17:14:34] 
[2025-09-30 17:14:34] Benchmark @train_ep   15000 (bench_eps: 2000)
[2025-09-30 17:14:34] Macro Winrate          :  29.7%
[2025-09-30 17:14:34] Macro Ø-Reward         :  1.620
[2025-09-30 17:14:34] Winrate vs max_combo   :  18.0% | Σ-Reward:  2366.0 | Ø-Reward:  1.183 | Places: [360 (0.18), 402 (0.20), 482 (0.24), 756 (0.38)]
[2025-09-30 17:14:34] Winrate vs random2     :  40.5% | Σ-Reward:  3942.0 | Ø-Reward:  1.971 | Places: [810 (0.41), 576 (0.29), 360 (0.18), 254 (0.13)]
[2025-09-30 17:14:34] Winrate vs single_only :  30.4% | Σ-Reward:  3411.0 | Ø-Reward:  1.706 | Places: [609 (0.30), 531 (0.27), 522 (0.26), 338 (0.17)]
[2025-09-30 17:14:50] Timing @ep 15000: episode 55.6s | train 0.226s | eval 39.6s | plot 15.8s | save 0.003s | cum 0.13h
[2025-09-30 17:17:32] 
[2025-09-30 17:17:32] Benchmark @train_ep   20000 (bench_eps: 2000)
[2025-09-30 17:17:32] Macro Winrate          :  49.8%
[2025-09-30 17:17:32] Macro Ø-Reward         :  2.078
[2025-09-30 17:17:32] Winrate vs max_combo   :  24.6% | Σ-Reward:  2880.0 | Ø-Reward:  1.440 | Places: [492 (0.25), 455 (0.23), 494 (0.25), 559 (0.28)]
[2025-09-30 17:17:32] Winrate vs random2     :  54.8% | Σ-Reward:  4520.0 | Ø-Reward:  2.260 | Places: [1095 (0.55), 499 (0.25), 237 (0.12), 169 (0.08)]
[2025-09-30 17:17:32] Winrate vs single_only :  70.1% | Σ-Reward:  5066.0 | Ø-Reward:  2.533 | Places: [1402 (0.70), 340 (0.17), 180 (0.09), 78 (0.04)]
[2025-09-30 17:17:47] Timing @ep 20000: episode 55.8s | train 0.180s | eval 40.5s | plot 15.1s | save 0.002s | cum 0.18h
[2025-09-30 17:19:29] 
[2025-09-30 17:19:29] Benchmark @train_ep   25000 (bench_eps: 2000)
[2025-09-30 17:19:29] Macro Winrate          :  57.9%
[2025-09-30 17:19:29] Macro Ø-Reward         :  2.266
[2025-09-30 17:19:29] Winrate vs max_combo   :  30.8% | Σ-Reward:  3304.0 | Ø-Reward:  1.652 | Places: [615 (0.31), 482 (0.24), 495 (0.25), 408 (0.20)]
[2025-09-30 17:19:29] Winrate vs random2     :  66.8% | Σ-Reward:  4998.0 | Ø-Reward:  2.499 | Places: [1336 (0.67), 424 (0.21), 142 (0.07), 98 (0.05)]
[2025-09-30 17:19:29] Winrate vs single_only :  76.3% | Σ-Reward:  5294.0 | Ø-Reward:  2.647 | Places: [1526 (0.76), 295 (0.15), 126 (0.06), 53 (0.03)]
[2025-09-30 17:19:45] Timing @ep 25000: episode 39.4s | train 0.126s | eval 22.9s | plot 16.4s | save 0.002s | cum 0.21h
[2025-09-30 17:21:20] 
[2025-09-30 17:21:20] Benchmark @train_ep   30000 (bench_eps: 2000)
[2025-09-30 17:21:20] Macro Winrate          :  63.0%
[2025-09-30 17:21:20] Macro Ø-Reward         :  2.376
[2025-09-30 17:21:20] Winrate vs max_combo   :  36.0% | Σ-Reward:  3596.0 | Ø-Reward:  1.798 | Places: [719 (0.36), 503 (0.25), 433 (0.22), 345 (0.17)]
[2025-09-30 17:21:20] Winrate vs random2     :  73.7% | Σ-Reward:  5216.0 | Ø-Reward:  2.608 | Places: [1474 (0.74), 338 (0.17), 118 (0.06), 70 (0.04)]
[2025-09-30 17:21:20] Winrate vs single_only :  79.5% | Σ-Reward:  5442.0 | Ø-Reward:  2.721 | Places: [1589 (0.79), 287 (0.14), 101 (0.05), 23 (0.01)]
[2025-09-30 17:21:39] Timing @ep 30000: episode 43.1s | train 0.120s | eval 24.8s | plot 18.2s | save 0.003s | cum 0.24h
[2025-09-30 17:23:15] 
[2025-09-30 17:23:15] Benchmark @train_ep   35000 (bench_eps: 2000)
[2025-09-30 17:23:15] Macro Winrate          :  65.2%
[2025-09-30 17:23:15] Macro Ø-Reward         :  2.428
[2025-09-30 17:23:15] Winrate vs max_combo   :  36.5% | Σ-Reward:  3737.0 | Ø-Reward:  1.869 | Places: [729 (0.36), 576 (0.29), 398 (0.20), 297 (0.15)]
[2025-09-30 17:23:15] Winrate vs random2     :  73.3% | Σ-Reward:  5209.0 | Ø-Reward:  2.604 | Places: [1466 (0.73), 344 (0.17), 123 (0.06), 67 (0.03)]
[2025-09-30 17:23:15] Winrate vs single_only :  85.8% | Σ-Reward:  5621.0 | Ø-Reward:  2.811 | Places: [1717 (0.86), 201 (0.10), 68 (0.03), 14 (0.01)]
[2025-09-30 17:23:36] Timing @ep 35000: episode 44.5s | train 0.130s | eval 23.5s | plot 20.9s | save 0.002s | cum 0.27h
[2025-09-30 17:25:14] 
[2025-09-30 17:25:14] Benchmark @train_ep   40000 (bench_eps: 2000)
[2025-09-30 17:25:14] Macro Winrate          :  65.4%
[2025-09-30 17:25:14] Macro Ø-Reward         :  2.472
[2025-09-30 17:25:14] Winrate vs max_combo   :  39.3% | Σ-Reward:  3956.0 | Ø-Reward:  1.978 | Places: [786 (0.39), 615 (0.31), 368 (0.18), 231 (0.12)]
[2025-09-30 17:25:14] Winrate vs random2     :  76.5% | Σ-Reward:  5366.0 | Ø-Reward:  2.683 | Places: [1531 (0.77), 336 (0.17), 101 (0.05), 32 (0.02)]
[2025-09-30 17:25:14] Winrate vs single_only :  80.3% | Σ-Reward:  5508.0 | Ø-Reward:  2.754 | Places: [1606 (0.80), 311 (0.16), 68 (0.03), 15 (0.01)]
[2025-09-30 17:25:36] Timing @ep 40000: episode 46.2s | train 0.108s | eval 23.9s | plot 22.2s | save 0.002s | cum 0.31h
[2025-09-30 17:27:10] 
[2025-09-30 17:27:10] Benchmark @train_ep   45000 (bench_eps: 2000)
[2025-09-30 17:27:10] Macro Winrate          :  64.6%
[2025-09-30 17:27:10] Macro Ø-Reward         :  2.459
[2025-09-30 17:27:10] Winrate vs max_combo   :  39.5% | Σ-Reward:  3993.0 | Ø-Reward:  1.996 | Places: [790 (0.40), 634 (0.32), 355 (0.18), 221 (0.11)]
[2025-09-30 17:27:10] Winrate vs random2     :  76.5% | Σ-Reward:  5356.0 | Ø-Reward:  2.678 | Places: [1529 (0.76), 339 (0.17), 91 (0.05), 41 (0.02)]
[2025-09-30 17:27:10] Winrate vs single_only :  77.8% | Σ-Reward:  5403.0 | Ø-Reward:  2.701 | Places: [1557 (0.78), 311 (0.16), 110 (0.06), 22 (0.01)]
[2025-09-30 17:27:34] Timing @ep 45000: episode 46.6s | train 0.131s | eval 21.9s | plot 24.6s | save 0.002s | cum 0.34h
[2025-09-30 17:29:07] 
[2025-09-30 17:29:07] Benchmark @train_ep   50000 (bench_eps: 2000)
[2025-09-30 17:29:07] Macro Winrate          :  65.7%
[2025-09-30 17:29:07] Macro Ø-Reward         :  2.470
[2025-09-30 17:29:07] Winrate vs max_combo   :  42.8% | Σ-Reward:  4116.0 | Ø-Reward:  2.058 | Places: [856 (0.43), 599 (0.30), 350 (0.17), 195 (0.10)]
[2025-09-30 17:29:07] Winrate vs random2     :  76.0% | Σ-Reward:  5325.0 | Ø-Reward:  2.663 | Places: [1521 (0.76), 334 (0.17), 94 (0.05), 51 (0.03)]
[2025-09-30 17:29:07] Winrate vs single_only :  78.3% | Σ-Reward:  5379.0 | Ø-Reward:  2.689 | Places: [1567 (0.78), 277 (0.14), 124 (0.06), 32 (0.02)]
[2025-09-30 17:29:35] Timing @ep 50000: episode 49.7s | train 0.118s | eval 21.6s | plot 28.0s | save 0.002s | cum 0.37h
[2025-09-30 17:31:06] 
[2025-09-30 17:31:06] Benchmark @train_ep   55000 (bench_eps: 2000)
[2025-09-30 17:31:06] Macro Winrate          :  65.7%
[2025-09-30 17:31:06] Macro Ø-Reward         :  2.458
[2025-09-30 17:31:06] Winrate vs max_combo   :  42.0% | Σ-Reward:  4046.0 | Ø-Reward:  2.023 | Places: [840 (0.42), 592 (0.30), 342 (0.17), 226 (0.11)]
[2025-09-30 17:31:06] Winrate vs random2     :  74.8% | Σ-Reward:  5272.0 | Ø-Reward:  2.636 | Places: [1496 (0.75), 341 (0.17), 102 (0.05), 61 (0.03)]
[2025-09-30 17:31:06] Winrate vs single_only :  80.4% | Σ-Reward:  5428.0 | Ø-Reward:  2.714 | Places: [1608 (0.80), 246 (0.12), 112 (0.06), 34 (0.02)]
[2025-09-30 17:31:33] Timing @ep 55000: episode 48.8s | train 0.123s | eval 21.1s | plot 27.6s | save 0.002s | cum 0.41h
[2025-09-30 17:33:05] 
[2025-09-30 17:33:05] Benchmark @train_ep   60000 (bench_eps: 2000)
[2025-09-30 17:33:05] Macro Winrate          :  69.5%
[2025-09-30 17:33:05] Macro Ø-Reward         :  2.533
[2025-09-30 17:33:05] Winrate vs max_combo   :  47.2% | Σ-Reward:  4267.0 | Ø-Reward:  2.134 | Places: [945 (0.47), 556 (0.28), 320 (0.16), 179 (0.09)]
[2025-09-30 17:33:05] Winrate vs random2     :  78.5% | Σ-Reward:  5388.0 | Ø-Reward:  2.694 | Places: [1569 (0.78), 303 (0.15), 75 (0.04), 53 (0.03)]
[2025-09-30 17:33:05] Winrate vs single_only :  82.8% | Σ-Reward:  5544.0 | Ø-Reward:  2.772 | Places: [1656 (0.83), 250 (0.12), 76 (0.04), 18 (0.01)]
[2025-09-30 17:33:30] Timing @ep 60000: episode 47.4s | train 0.124s | eval 22.1s | plot 25.1s | save 0.002s | cum 0.44h
[2025-09-30 17:35:04] 
[2025-09-30 17:35:04] Benchmark @train_ep   65000 (bench_eps: 2000)
[2025-09-30 17:35:04] Macro Winrate          :  70.3%
[2025-09-30 17:35:04] Macro Ø-Reward         :  2.531
[2025-09-30 17:35:04] Winrate vs max_combo   :  49.0% | Σ-Reward:  4303.0 | Ø-Reward:  2.151 | Places: [979 (0.49), 539 (0.27), 288 (0.14), 194 (0.10)]
[2025-09-30 17:35:04] Winrate vs random2     :  79.5% | Σ-Reward:  5372.0 | Ø-Reward:  2.686 | Places: [1589 (0.79), 256 (0.13), 93 (0.05), 62 (0.03)]
[2025-09-30 17:35:04] Winrate vs single_only :  82.5% | Σ-Reward:  5514.0 | Ø-Reward:  2.757 | Places: [1651 (0.83), 237 (0.12), 87 (0.04), 25 (0.01)]
[2025-09-30 17:35:34] Timing @ep 65000: episode 51.6s | train 0.129s | eval 21.4s | plot 30.1s | save 0.002s | cum 0.47h
[2025-09-30 17:37:07] 
[2025-09-30 17:37:07] Benchmark @train_ep   70000 (bench_eps: 2000)
[2025-09-30 17:37:07] Macro Winrate          :  69.7%
[2025-09-30 17:37:07] Macro Ø-Reward         :  2.510
[2025-09-30 17:37:07] Winrate vs max_combo   :  49.1% | Σ-Reward:  4294.0 | Ø-Reward:  2.147 | Places: [983 (0.49), 543 (0.27), 259 (0.13), 215 (0.11)]
[2025-09-30 17:37:07] Winrate vs random2     :  77.7% | Σ-Reward:  5266.0 | Ø-Reward:  2.633 | Places: [1554 (0.78), 246 (0.12), 112 (0.06), 88 (0.04)]
[2025-09-30 17:37:07] Winrate vs single_only :  82.2% | Σ-Reward:  5499.0 | Ø-Reward:  2.749 | Places: [1643 (0.82), 236 (0.12), 98 (0.05), 23 (0.01)]
[2025-09-30 17:37:37] Timing @ep 70000: episode 52.1s | train 0.126s | eval 22.1s | plot 29.9s | save 0.003s | cum 0.51h
[2025-09-30 17:39:13] 
[2025-09-30 17:39:13] Benchmark @train_ep   75000 (bench_eps: 2000)
[2025-09-30 17:39:13] Macro Winrate          :  72.5%
[2025-09-30 17:39:13] Macro Ø-Reward         :  2.578
[2025-09-30 17:39:13] Winrate vs max_combo   :  53.1% | Σ-Reward:  4486.0 | Ø-Reward:  2.243 | Places: [1063 (0.53), 533 (0.27), 231 (0.12), 173 (0.09)]
[2025-09-30 17:39:13] Winrate vs random2     :  81.6% | Σ-Reward:  5449.0 | Ø-Reward:  2.724 | Places: [1632 (0.82), 240 (0.12), 73 (0.04), 55 (0.03)]
[2025-09-30 17:39:13] Winrate vs single_only :  82.8% | Σ-Reward:  5530.0 | Ø-Reward:  2.765 | Places: [1657 (0.83), 241 (0.12), 77 (0.04), 25 (0.01)]
[2025-09-30 17:39:46] Timing @ep 75000: episode 55.3s | train 0.125s | eval 22.0s | plot 33.1s | save 0.002s | cum 0.54h
[2025-09-30 17:41:19] 
[2025-09-30 17:41:19] Benchmark @train_ep   80000 (bench_eps: 2000)
[2025-09-30 17:41:19] Macro Winrate          :  69.3%
[2025-09-30 17:41:19] Macro Ø-Reward         :  2.511
[2025-09-30 17:41:19] Winrate vs max_combo   :  49.1% | Σ-Reward:  4242.0 | Ø-Reward:  2.121 | Places: [982 (0.49), 519 (0.26), 258 (0.13), 241 (0.12)]
[2025-09-30 17:41:19] Winrate vs random2     :  79.2% | Σ-Reward:  5380.0 | Ø-Reward:  2.690 | Places: [1583 (0.79), 268 (0.13), 95 (0.05), 54 (0.03)]
[2025-09-30 17:41:19] Winrate vs single_only :  79.8% | Σ-Reward:  5445.0 | Ø-Reward:  2.723 | Places: [1595 (0.80), 281 (0.14), 98 (0.05), 26 (0.01)]
[2025-09-30 17:41:50] Timing @ep 80000: episode 53.9s | train 0.129s | eval 22.4s | plot 31.5s | save 0.002s | cum 0.58h
[2025-09-30 17:43:21] 
[2025-09-30 17:43:21] Benchmark @train_ep   85000 (bench_eps: 2000)
[2025-09-30 17:43:21] Macro Winrate          :  70.9%
[2025-09-30 17:43:21] Macro Ø-Reward         :  2.558
[2025-09-30 17:43:21] Winrate vs max_combo   :  52.5% | Σ-Reward:  4423.0 | Ø-Reward:  2.212 | Places: [1050 (0.53), 506 (0.25), 261 (0.13), 183 (0.09)]
[2025-09-30 17:43:21] Winrate vs random2     :  80.2% | Σ-Reward:  5430.0 | Ø-Reward:  2.715 | Places: [1605 (0.80), 270 (0.14), 75 (0.04), 50 (0.03)]
[2025-09-30 17:43:21] Winrate vs single_only :  80.0% | Σ-Reward:  5495.0 | Ø-Reward:  2.748 | Places: [1600 (0.80), 312 (0.16), 71 (0.04), 17 (0.01)]
[2025-09-30 17:43:56] Timing @ep 85000: episode 57.7s | train 0.118s | eval 22.1s | plot 35.4s | save 0.002s | cum 0.61h
[2025-09-30 17:45:29] 
[2025-09-30 17:45:29] Benchmark @train_ep   90000 (bench_eps: 2000)
[2025-09-30 17:45:29] Macro Winrate          :  72.4%
[2025-09-30 17:45:29] Macro Ø-Reward         :  2.567
[2025-09-30 17:45:29] Winrate vs max_combo   :  55.5% | Σ-Reward:  4480.0 | Ø-Reward:  2.240 | Places: [1110 (0.56), 442 (0.22), 266 (0.13), 182 (0.09)]
[2025-09-30 17:45:29] Winrate vs random2     :  81.0% | Σ-Reward:  5430.0 | Ø-Reward:  2.715 | Places: [1621 (0.81), 243 (0.12), 81 (0.04), 55 (0.03)]
[2025-09-30 17:45:29] Winrate vs single_only :  80.6% | Σ-Reward:  5491.0 | Ø-Reward:  2.745 | Places: [1612 (0.81), 289 (0.14), 77 (0.04), 22 (0.01)]
[2025-09-30 17:46:04] Timing @ep 90000: episode 56.7s | train 0.138s | eval 21.2s | plot 35.3s | save 0.002s | cum 0.65h
[2025-09-30 17:47:34] 
[2025-09-30 17:47:34] Benchmark @train_ep   95000 (bench_eps: 2000)
[2025-09-30 17:47:34] Macro Winrate          :  70.2%
[2025-09-30 17:47:34] Macro Ø-Reward         :  2.547
[2025-09-30 17:47:34] Winrate vs max_combo   :  52.0% | Σ-Reward:  4460.0 | Ø-Reward:  2.230 | Places: [1041 (0.52), 539 (0.27), 259 (0.13), 161 (0.08)]
[2025-09-30 17:47:34] Winrate vs random2     :  76.9% | Σ-Reward:  5343.0 | Ø-Reward:  2.671 | Places: [1538 (0.77), 306 (0.15), 117 (0.06), 39 (0.02)]
[2025-09-30 17:47:34] Winrate vs single_only :  81.8% | Σ-Reward:  5480.0 | Ø-Reward:  2.740 | Places: [1636 (0.82), 234 (0.12), 104 (0.05), 26 (0.01)]
[2025-09-30 17:48:09] Timing @ep 95000: episode 56.8s | train 0.118s | eval 20.9s | plot 35.7s | save 0.002s | cum 0.68h
[2025-09-30 17:49:40] 
[2025-09-30 17:49:40] Benchmark @train_ep  100000 (bench_eps: 2000)
[2025-09-30 17:49:40] Macro Winrate          :  73.8%
[2025-09-30 17:49:40] Macro Ø-Reward         :  2.615
[2025-09-30 17:49:40] Winrate vs max_combo   :  58.0% | Σ-Reward:  4691.0 | Ø-Reward:  2.345 | Places: [1160 (0.58), 488 (0.24), 235 (0.12), 117 (0.06)]
[2025-09-30 17:49:40] Winrate vs random2     :  81.4% | Σ-Reward:  5485.0 | Ø-Reward:  2.743 | Places: [1628 (0.81), 264 (0.13), 73 (0.04), 35 (0.02)]
[2025-09-30 17:49:40] Winrate vs single_only :  81.9% | Σ-Reward:  5515.0 | Ø-Reward:  2.757 | Places: [1638 (0.82), 260 (0.13), 81 (0.04), 21 (0.01)]
[2025-09-30 17:50:17] Timing @ep 100000: episode 59.0s | train 0.125s | eval 22.0s | plot 36.9s | save 0.003s | cum 0.72h
[2025-09-30 17:50:17] 
[2025-09-30 17:50:17] Gesamtzeit: 0.72h (~ 38.71 eps/s)
[2025-09-30 17:50:17] k4a2, Shared Policy Selfplay (DQN, Bundle-Updates, 1 Prozess). Training abgeschlossen.
[2025-09-30 17:50:17] Path: /home/wasterix/OpenSpiel/open_spiel/President/models/k4a2/model_89
